{"currency":"TRY","http.req.id":"37ee47a0-a7a3-49ef-a32d-e8403bf72982","http.req.method":"GET","http.req.path":"/product/9SIQT8TOJO","id":"9SIQT8TOJO","message":"serving product page","session":"ec0b6821-5225-4ee8-8ec0-1e3bbbdffabb","severity":"debug","timestamp":"2026-03-06T06:06:23.275554891Z"}
{"http.req.id":"37ee47a0-a7a3-49ef-a32d-e8403bf72982","http.req.method":"GET","http.req.path":"/product/9SIQT8TOJO","http.resp.bytes":8047,"http.resp.status":200,"http.resp.took_ms":12,"message":"request complete","session":"ec0b6821-5225-4ee8-8ec0-1e3bbbdffabb","severity":"debug","timestamp":"2026-03-06T06:06:23.288234098Z"}
{"http.req.id":"6f0acecb-bf77-48d7-a1ff-da9fb5066351","http.req.method":"GET","http.req.path":"/product/LS4PSXUNUM","message":"request started","session":"f9734e3a-0615-43dc-908b-1b8be30715f4","severity":"debug","timestamp":"2026-03-06T06:06:23.840951957Z"}
{"currency":"TRY","http.req.id":"6f0acecb-bf77-48d7-a1ff-da9fb5066351","http.req.method":"GET","http.req.path":"/product/LS4PSXUNUM","id":"LS4PSXUNUM","message":"serving product page","session":"f9734e3a-0615-43dc-908b-1b8be30715f4","severity":"debug","timestamp":"2026-03-06T06:06:23.84102429Z"}
{"http.req.id":"6f0acecb-bf77-48d7-a1ff-da9fb5066351","http.req.method":"GET","http.req.path":"/product/LS4PSXUNUM","http.resp.bytes":7926,"http.resp.status":200,"http.resp.took_ms":14,"message":"request complete","session":"f9734e3a-0615-43dc-908b-1b8be30715f4","severity":"debug","timestamp":"2026-03-06T06:06:23.855647917Z"}
{"http.req.id":"c845f86d-2238-448f-a572-78bdbeb8cbfa","http.req.method":"GET","http.req.path":"/product/1YMWWN1N4O","message":"request started","session":"eed418e8-7ab1-4992-b9a1-40aeb0d3dc43","severity":"debug","timestamp":"2026-03-06T06:06:24.383725094Z"}
{"currency":"JPY","http.req.id":"c845f86d-2238-448f-a572-78bdbeb8cbfa","http.req.method":"GET","http.req.path":"/product/1YMWWN1N4O","id":"1YMWWN1N4O","message":"serving product page","session":"eed418e8-7ab1-4992-b9a1-40aeb0d3dc43","severity":"debug","timestamp":"2026-03-06T06:06:24.383895038Z"}
{"http.req.id":"c845f86d-2238-448f-a572-78bdbeb8cbfa","http.req.method":"GET","http.req.path":"/product/1YMWWN1N4O","http.resp.bytes":7972,"http.resp.status":200,"http.resp.took_ms":18,"message":"request complete","session":"eed418e8-7ab1-4992-b9a1-40aeb0d3dc43","severity":"debug","timestamp":"2026-03-06T06:06:24.402690901Z"}
{"http.req.id":"3c36298b-7cb3-4447-bf0b-29f259466489","http.req.method":"GET","http.req.path":"/product/0PUK6V6EV0","message":"request started","session":"fa2d8e54-c567-4c66-b702-8bb183ef4a46","severity":"debug","timestamp":"2026-03-06T06:06:25.010591467Z"}
{"currency":"USD","http.req.id":"3c36298b-7cb3-4447-bf0b-29f259466489","http.req.method":"GET","http.req.path":"/product/0PUK6V6EV0","id":"0PUK6V6EV0","message":"serving product page","session":"fa2d8e54-c567-4c66-b702-8bb183ef4a46","severity":"debug","timestamp":"2026-03-06T06:06:25.011043427Z"}
{"http.req.id":"3c36298b-7cb3-4447-bf0b-29f259466489","http.req.method":"GET","http.req.path":"/product/0PUK6V6EV0","http.resp.bytes":7956,"http.resp.status":200,"http.resp.took_ms":16,"message":"request complete","session":"fa2d8e54-c567-4c66-b702-8bb183ef4a46","severity":"debug","timestamp":"2026-03-06T06:06:25.026857902Z"}
{"http.req.id":"26a51431-5cae-495e-88f7-d9b2969c4a94","http.req.method":"GET","http.req.path":"/cart","message":"request started","session":"6e21104e-b0bf-4a85-b5c2-ac5af92fa69e","severity":"debug","timestamp":"2026-03-06T06:06:25.48526313Z"}
{"http.req.id":"26a51431-5cae-495e-88f7-d9b2969c4a94","http.req.method":"GET","http.req.path":"/cart","message":"view user cart","session":"6e21104e-b0bf-4a85-b5c2-ac5af92fa69e","severity":"debug","timestamp":"2026-03-06T06:06:25.485398143Z"}
{"http.req.id":"26a51431-5cae-495e-88f7-d9b2969c4a94","http.req.method":"GET","http.req.path":"/cart","http.resp.bytes":19310,"http.resp.status":200,"http.resp.took_ms":28,"message":"request complete","session":"6e21104e-b0bf-4a85-b5c2-ac5af92fa69e","severity":"debug","timestamp":"2026-03-06T06:06:25.513928071Z"}
{"http.req.id":"168f0f78-264b-4c5d-b4ef-5ebcaa7622b6","http.req.method":"GET","http.req.path":"/cart","message":"request started","session":"0994b18b-93e7-4775-a2c5-e29dc0e6d5bb","severity":"debug","timestamp":"2026-03-06T06:06:25.570703795Z"}
{"http.req.id":"168f0f78-264b-4c5d-b4ef-5ebcaa7622b6","http.req.method":"GET","http.req.path":"/cart","message":"view user cart","session":"0994b18b-93e7-4775-a2c5-e29dc0e6d5bb","severity":"debug","timestamp":"2026-03-06T06:06:25.570805842Z"}
{"http.req.id":"168f0f78-264b-4c5d-b4ef-5ebcaa7622b6","http.req.method":"GET","http.req.path":"/cart","http.resp.bytes":19314,"http.resp.status":200,"http.resp.took_ms":18,"message":"request complete","session":"0994b18b-93e7-4775-a2c5-e29dc0e6d5bb","severity":"debug","timestamp":"2026-03-06T06:06:25.588968171Z"}
{"http.req.id":"54b0acad-c7f1-4976-a9b8-e4984c8229df","http.req.method":"GET","http.req.path":"/cart","message":"request started","session":"b1a1fb98-93d6-41f8-9605-e0c8a82d1d3c","severity":"debug","timestamp":"2026-03-06T06:06:25.710158932Z"}
{"http.req.id":"54b0acad-c7f1-4976-a9b8-e4984c8229df","http.req.method":"GET","http.req.path":"/cart","message":"view user cart","session":"b1a1fb98-93d6-41f8-9605-e0c8a82d1d3c","severity":"debug","timestamp":"2026-03-06T06:06:25.71028915Z"}
{"http.req.id":"54b0acad-c7f1-4976-a9b8-e4984c8229df","http.req.method":"GET","http.req.path":"/cart","http.resp.bytes":17876,"http.resp.status":200,"http.resp.took_ms":21,"message":"request complete","session":"b1a1fb98-93d6-41f8-9605-e0c8a82d1d3c","severity":"debug","timestamp":"2026-03-06T06:06:25.731225873Z"}
{"http.req.id":"a750ab8e-6866-4dd6-8e8e-001c254d2318","http.req.method":"POST","http.req.path":"/setCurrency","message":"request started","session":"d7d3227d-0824-4f40-a472-c039f0192426","severity":"debug","timestamp":"2026-03-06T06:06:28.3320386Z"}
{"curr.new":"EUR","curr.old":"JPY","http.req.id":"a750ab8e-6866-4dd6-8e8e-001c254d2318","http.req.method":"POST","http.req.path":"/setCurrency","message":"setting currency","session":"d7d3227d-0824-4f40-a472-c039f0192426","severity":"debug","timestamp":"2026-03-06T06:06:28.332149283Z"}
{"http.req.id":"a750ab8e-6866-4dd6-8e8e-001c254d2318","http.req.method":"POST","http.req.path":"/setCurrency","http.resp.bytes":0,"http.resp.status":302,"http.resp.took_ms":0,"message":"request complete","session":"d7d3227d-0824-4f40-a472-c039f0192426","severity":"debug","timestamp":"2026-03-06T06:06:28.332176909Z"}
{"http.req.id":"11035e28-f723-4431-947c-bbfa8e8c9bbb","http.req.method":"GET","http.req.path":"/","message":"request started","session":"d7d3227d-0824-4f40-a472-c039f0192426","severity":"debug","timestamp":"2026-03-06T06:06:28.332955401Z"}
{"currency":"EUR","http.req.id":"11035e28-f723-4431-947c-bbfa8e8c9bbb","http.req.method":"GET","http.req.path":"/","message":"home","session":"d7d3227d-0824-4f40-a472-c039f0192426","severity":"info","timestamp":"2026-03-06T06:06:28.333006904Z"}
env platform is either empty or invalid
{"http.req.id":"0b2ade8b-92b6-4585-988e-b965d71846eb","http.req.method":"GET","http.req.path":"/cart","message":"request started","session":"3e105862-e07a-48bd-9f67-033f05224f8f","severity":"debug","timestamp":"2026-03-06T06:06:28.346478892Z"}
{"http.req.id":"0b2ade8b-92b6-4585-988e-b965d71846eb","http.req.method":"GET","http.req.path":"/cart","message":"view user cart","session":"3e105862-e07a-48bd-9f67-033f05224f8f","severity":"debug","timestamp":"2026-03-06T06:06:28.346593002Z"}
{"http.req.id":"0b2ade8b-92b6-4585-988e-b965d71846eb","http.req.method":"GET","http.req.path":"/cart","http.resp.bytes":20742,"http.resp.status":200,"http.resp.took_ms":16,"message":"request complete","session":"3e105862-e07a-48bd-9f67-033f05224f8f","severity":"debug","timestamp":"2026-03-06T06:06:28.362792243Z"}
{"http.req.id":"11035e28-f723-4431-947c-bbfa8e8c9bbb","http.req.method":"GET","http.req.path":"/","message":"ENV_PLATFORM is: local","session":"d7d3227d-0824-4f40-a472-c039f0192426","severity":"debug","timestamp":"2026-03-06T06:06:28.374672796Z"}
{"http.req.id":"11035e28-f723-4431-947c-bbfa8e8c9bbb","http.req.method":"GET","http.req.path":"/","http.resp.bytes":10608,"http.resp.status":200,"http.resp.took_ms":43,"message":"request complete","session":"d7d3227d-0824-4f40-a472-c039f0192426","severity":"debug","timestamp":"2026-03-06T06:06:28.376677244Z"}
{"http.req.id":"0d8c57d1-bf37-4771-8b5b-70642bb197d5","http.req.method":"POST","http.req.path":"/setCurrency","message":"request started","session":"fa2d8e54-c567-4c66-b702-8bb183ef4a46","severity":"debug","timestamp":"2026-03-06T06:06:29.038559139Z"}
{"curr.new":"USD","curr.old":"USD","http.req.id":"0d8c57d1-bf37-4771-8b5b-70642bb197d5","http.req.method":"POST","http.req.path":"/setCurrency","message":"setting currency","session":"fa2d8e54-c567-4c66-b702-8bb183ef4a46","severity":"debug","timestamp":"2026-03-06T06:06:29.038760165Z"}
{"http.req.id":"0d8c57d1-bf37-4771-8b5b-70642bb197d5","http.req.method":"POST","http.req.path":"/setCurrency","http.resp.bytes":0,"http.resp.status":302,"http.resp.took_ms":0,"message":"request complete","session":"fa2d8e54-c567-4c66-b702-8bb183ef4a46","severity":"debug","timestamp":"2026-03-06T06:06:29.03879073Z"}
{"http.req.id":"da037868-a61b-42ff-829d-141ae5906781","http.req.method":"GET","http.req.path":"/","message":"request started","session":"fa2d8e54-c567-4c66-b702-8bb183ef4a46","severity":"debug","timestamp":"2026-03-06T06:06:29.039668724Z"}
{"currency":"USD","http.req.id":"da037868-a61b-42ff-829d-141ae5906781","http.req.method":"GET","http.req.path":"/","message":"home","session":"fa2d8e54-c567-4c66-b702-8bb183ef4a46","severity":"info","timestamp":"2026-03-06T06:06:29.039805064Z"}
env platform is either empty or invalid
{"http.req.id":"da037868-a61b-42ff-829d-141ae5906781","http.req.method":"GET","http.req.path":"/","message":"ENV_PLATFORM is: local","session":"fa2d8e54-c567-4c66-b702-8bb183ef4a46","severity":"debug","timestamp":"2026-03-06T06:06:29.377014018Z"}
{"http.req.id":"da037868-a61b-42ff-829d-141ae5906781","http.req.method":"GET","http.req.path":"/","http.resp.bytes":10499,"http.resp.status":200,"http.resp.took_ms":339,"message":"request complete","session":"fa2d8e54-c567-4c66-b702-8bb183ef4a46","severity":"debug","timestamp":"2026-03-06T06:06:29.379400166Z"}
{"http.req.id":"682f5cd5-4260-484f-b4b8-2c2ff3b31adb","http.req.method":"GET","http.req.path":"/_healthz","message":"request started","session":"x-liveness-probe","severity":"debug","timestamp":"2026-03-06T06:06:30.245391817Z"}
{"http.req.id":"682f5cd5-4260-484f-b4b8-2c2ff3b31adb","http.req.method":"GET","http.req.path":"/_healthz","http.resp.bytes":2,"http.resp.status":200,"http.resp.took_ms":0,"message":"request complete","session":"x-liveness-probe","severity":"debug","timestamp":"2026-03-06T06:06:30.245463351Z"}
{"http.req.id":"7d3c9af3-8a2d-43f4-a7c6-f5fffc8baed8","http.req.method":"GET","http.req.path":"/product/66VCHSJNUP","message":"request started","session":"89995d91-ad5c-4838-8317-c04497a5d805","severity":"debug","timestamp":"2026-03-06T06:06:31.645673312Z"}
{"currency":"TRY","http.req.id":"7d3c9af3-8a2d-43f4-a7c6-f5fffc8baed8","http.req.method":"GET","http.req.path":"/product/66VCHSJNUP","id":"66VCHSJNUP","message":"serving product page","session":"89995d91-ad5c-4838-8317-c04497a5d805","severity":"debug","timestamp":"2026-03-06T06:06:31.645771128Z"}
{"http.req.id":"7d3c9af3-8a2d-43f4-a7c6-f5fffc8baed8","http.req.method":"GET","http.req.path":"/product/66VCHSJNUP","http.resp.bytes":8009,"http.resp.status":200,"http.resp.took_ms":14,"message":"request complete","session":"89995d91-ad5c-4838-8317-c04497a5d805","severity":"debug","timestamp":"2026-03-06T06:06:31.659707873Z"}
{"http.req.id":"40ed2509-1bc7-447c-9d9f-3f0b9c25d95f","http.req.method":"GET","http.req.path":"/product/OLJCESPC7Z","message":"request started","session":"f9734e3a-0615-43dc-908b-1b8be30715f4","severity":"debug","timestamp":"2026-03-06T06:06:31.852072823Z"}
{"currency":"TRY","http.req.id":"40ed2509-1bc7-447c-9d9f-3f0b9c25d95f","http.req.method":"GET","http.req.path":"/product/OLJCESPC7Z","id":"OLJCESPC7Z","message":"serving product page","session":"f9734e3a-0615-43dc-908b-1b8be30715f4","severity":"debug","timestamp":"2026-03-06T06:06:31.852141123Z"}
{"http.req.id":"40ed2509-1bc7-447c-9d9f-3f0b9c25d95f","http.req.method":"GET","http.req.path":"/product/OLJCESPC7Z","http.resp.bytes":7962,"http.resp.status":200,"http.resp.took_ms":11,"message":"request complete","session":"f9734e3a-0615-43dc-908b-1b8be30715f4","severity":"debug","timestamp":"2026-03-06T06:06:31.863204524Z"}
{"http.req.id":"a29eba9e-2ef2-4900-8c18-be5083c2d970","http.req.method":"GET","http.req.path":"/cart","message":"request started","session":"0994b18b-93e7-4775-a2c5-e29dc0e6d5bb","severity":"debug","timestamp":"2026-03-06T06:06:31.941034366Z"}
{"http.req.id":"a29eba9e-2ef2-4900-8c18-be5083c2d970","http.req.method":"GET","http.req.path":"/cart","message":"view user cart","session":"0994b18b-93e7-4775-a2c5-e29dc0e6d5bb","severity":"debug","timestamp":"2026-03-06T06:06:31.94115968Z"}
{"http.req.id":"a29eba9e-2ef2-4900-8c18-be5083c2d970","http.req.method":"GET","http.req.path":"/cart","http.resp.bytes":19330,"http.resp.status":200,"http.resp.took_ms":18,"message":"request complete","session":"0994b18b-93e7-4775-a2c5-e29dc0e6d5bb","severity":"debug","timestamp":"2026-03-06T06:06:31.959297685Z"}
{"http.req.id":"f96ffcbe-cdbe-4649-a55f-2ffb8f21d8d7","http.req.method":"GET","http.req.path":"/","message":"request started","session":"3e105862-e07a-48bd-9f67-033f05224f8f","severity":"debug","timestamp":"2026-03-06T06:06:32.514373466Z"}
{"currency":"GBP","http.req.id":"f96ffcbe-cdbe-4649-a55f-2ffb8f21d8d7","http.req.method":"GET","http.req.path":"/","message":"home","session":"3e105862-e07a-48bd-9f67-033f05224f8f","severity":"info","timestamp":"2026-03-06T06:06:32.514632169Z"}
{"http.req.id":"d6c5e29d-a986-4088-a54a-3dc62ed61fa2","http.req.method":"GET","http.req.path":"/product/9SIQT8TOJO","message":"request started","session":"d7d3227d-0824-4f40-a472-c039f0192426","severity":"debug","timestamp":"2026-03-06T06:06:32.53407056Z"}
{"currency":"EUR","http.req.id":"d6c5e29d-a986-4088-a54a-3dc62ed61fa2","http.req.method":"GET","http.req.path":"/product/9SIQT8TOJO","id":"9SIQT8TOJO","message":"serving product page","session":"d7d3227d-0824-4f40-a472-c039f0192426","severity":"debug","timestamp":"2026-03-06T06:06:32.534234676Z"}
env platform is either empty or invalid
{"http.req.id":"f96ffcbe-cdbe-4649-a55f-2ffb8f21d8d7","http.req.method":"GET","http.req.path":"/","message":"ENV_PLATFORM is: local","session":"3e105862-e07a-48bd-9f67-033f05224f8f","severity":"debug","timestamp":"2026-03-06T06:06:32.615805047Z"}
{"http.req.id":"d6c5e29d-a986-4088-a54a-3dc62ed61fa2","http.req.method":"GET","http.req.path":"/product/9SIQT8TOJO","http.resp.bytes":8092,"http.resp.status":200,"http.resp.took_ms":84,"message":"request complete","session":"d7d3227d-0824-4f40-a472-c039f0192426","severity":"debug","timestamp":"2026-03-06T06:06:32.618316585Z"}
{"http.req.id":"f96ffcbe-cdbe-4649-a55f-2ffb8f21d8d7","http.req.method":"GET","http.req.path":"/","http.resp.bytes":10598,"http.resp.status":200,"http.resp.took_ms":104,"message":"request complete","session":"3e105862-e07a-48bd-9f67-033f05224f8f","severity":"debug","timestamp":"2026-03-06T06:06:32.618554331Z"}
{"http.req.id":"8f70bdd1-8a2f-4433-8435-6fe5663be19e","http.req.method":"GET","http.req.path":"/product/L9ECAV7KIM","message":"request started","session":"ec0b6821-5225-4ee8-8ec0-1e3bbbdffabb","severity":"debug","timestamp":"2026-03-06T06:06:32.828053Z"}
{"currency":"TRY","http.req.id":"8f70bdd1-8a2f-4433-8435-6fe5663be19e","http.req.method":"GET","http.req.path":"/product/L9ECAV7KIM","id":"L9ECAV7KIM","message":"serving product page","session":"ec0b6821-5225-4ee8-8ec0-1e3bbbdffabb","severity":"debug","timestamp":"2026-03-06T06:06:32.828112477Z"}
{"http.req.id":"8f70bdd1-8a2f-4433-8435-6fe5663be19e","http.req.method":"GET","http.req.path":"/product/L9ECAV7KIM","http.resp.bytes":8065,"http.resp.status":200,"http.resp.took_ms":11,"message":"request complete","session":"ec0b6821-5225-4ee8-8ec0-1e3bbbdffabb","severity":"debug","timestamp":"2026-03-06T06:06:32.839359097Z"}
{"http.req.id":"e22ecb5a-d92e-4eab-add3-bb5f66ba6352","http.req.method":"GET","http.req.path":"/_healthz","message":"request started","session":"x-readiness-probe","severity":"debug","timestamp":"2026-03-06T06:06:32.976767558Z"}
{"http.req.id":"e22ecb5a-d92e-4eab-add3-bb5f66ba6352","http.req.method":"GET","http.req.path":"/_healthz","http.resp.bytes":2,"http.resp.status":200,"http.resp.took_ms":0,"message":"request complete","session":"x-readiness-probe","severity":"debug","timestamp":"2026-03-06T06:06:32.976959858Z"}
{"http.req.id":"be828d6f-b84c-47f7-9a83-1b106873be11","http.req.method":"GET","http.req.path":"/product/LS4PSXUNUM","message":"request started","session":"fa2d8e54-c567-4c66-b702-8bb183ef4a46","severity":"debug","timestamp":"2026-03-06T06:06:33.060900348Z"}
{"currency":"USD","http.req.id":"be828d6f-b84c-47f7-9a83-1b106873be11","http.req.method":"GET","http.req.path":"/product/LS4PSXUNUM","id":"LS4PSXUNUM","message":"serving product page","session":"fa2d8e54-c567-4c66-b702-8bb183ef4a46","severity":"debug","timestamp":"2026-03-06T06:06:33.060980003Z"}
{"http.req.id":"be828d6f-b84c-47f7-9a83-1b106873be11","http.req.method":"GET","http.req.path":"/product/LS4PSXUNUM","http.resp.bytes":7941,"http.resp.status":200,"http.resp.took_ms":12,"message":"request complete","session":"fa2d8e54-c567-4c66-b702-8bb183ef4a46","severity":"debug","timestamp":"2026-03-06T06:06:33.072898074Z"}
{"http.req.id":"aa63c3a7-2320-41a0-887f-62c75a25293a","http.req.method":"POST","http.req.path":"/setCurrency","message":"request started","session":"d7d3227d-0824-4f40-a472-c039f0192426","severity":"debug","timestamp":"2026-03-06T06:06:33.659633368Z"}
{"curr.new":"JPY","curr.old":"EUR","http.req.id":"aa63c3a7-2320-41a0-887f-62c75a25293a","http.req.method":"POST","http.req.path":"/setCurrency","message":"setting currency","session":"d7d3227d-0824-4f40-a472-c039f0192426","severity":"debug","timestamp":"2026-03-06T06:06:33.659792707Z"}
{"http.req.id":"aa63c3a7-2320-41a0-887f-62c75a25293a","http.req.method":"POST","http.req.path":"/setCurrency","http.resp.bytes":0,"http.resp.status":302,"http.resp.took_ms":0,"message":"request complete","session":"d7d3227d-0824-4f40-a472-c039f0192426","severity":"debug","timestamp":"2026-03-06T06:06:33.659827701Z"}
{"http.req.id":"d9768f15-a738-488f-8491-ec5a1de756f3","http.req.method":"GET","http.req.path":"/","message":"request started","session":"d7d3227d-0824-4f40-a472-c039f0192426","severity":"debug","timestamp":"2026-03-06T06:06:33.660738741Z"}
{"currency":"JPY","http.req.id":"d9768f15-a738-488f-8491-ec5a1de756f3","http.req.method":"GET","http.req.path":"/","message":"home","session":"d7d3227d-0824-4f40-a472-c039f0192426","severity":"info","timestamp":"2026-03-06T06:06:33.660811734Z"}
env platform is either empty or invalid
{"http.req.id":"d9768f15-a738-488f-8491-ec5a1de756f3","http.req.method":"GET","http.req.path":"/","message":"ENV_PLATFORM is: local","session":"d7d3227d-0824-4f40-a472-c039f0192426","severity":"debug","timestamp":"2026-03-06T06:06:33.693605462Z"}
{"http.req.id":"d9768f15-a738-488f-8491-ec5a1de756f3","http.req.method":"GET","http.req.path":"/","http.resp.bytes":10619,"http.resp.status":200,"http.resp.took_ms":34,"message":"request complete","session":"d7d3227d-0824-4f40-a472-c039f0192426","severity":"debug","timestamp":"2026-03-06T06:06:33.69554454Z"}
{"http.req.id":"5b86c3ca-ca2a-421a-bec6-306f8ed750d5","http.req.method":"GET","http.req.path":"/product/OLJCESPC7Z","message":"request started","session":"eed418e8-7ab1-4992-b9a1-40aeb0d3dc43","severity":"debug","timestamp":"2026-03-06T06:06:34.221039624Z"}
{"currency":"JPY","http.req.id":"5b86c3ca-ca2a-421a-bec6-306f8ed750d5","http.req.method":"GET","http.req.path":"/product/OLJCESPC7Z","id":"OLJCESPC7Z","message":"serving product page","session":"eed418e8-7ab1-4992-b9a1-40aeb0d3dc43","severity":"debug","timestamp":"2026-03-06T06:06:34.22113831Z"}
{"http.req.id":"5b86c3ca-ca2a-421a-bec6-306f8ed750d5","http.req.method":"GET","http.req.path":"/product/OLJCESPC7Z","http.resp.bytes":8001,"http.resp.status":200,"http.resp.took_ms":14,"message":"request complete","session":"eed418e8-7ab1-4992-b9a1-40aeb0d3dc43","severity":"debug","timestamp":"2026-03-06T06:06:34.23581986Z"}
{"http.req.id":"6f8d3ead-7834-4817-b711-efff11d843e3","http.req.method":"GET","http.req.path":"/product/0PUK6V6EV0","message":"request started","session":"b1a1fb98-93d6-41f8-9605-e0c8a82d1d3c","severity":"debug","timestamp":"2026-03-06T06:06:35.096086751Z"}
{"currency":"USD","http.req.id":"6f8d3ead-7834-4817-b711-efff11d843e3","http.req.method":"GET","http.req.path":"/product/0PUK6V6EV0","id":"0PUK6V6EV0","message":"serving product page","session":"b1a1fb98-93d6-41f8-9605-e0c8a82d1d3c","severity":"debug","timestamp":"2026-03-06T06:06:35.096164896Z"}
{"http.req.id":"6f8d3ead-7834-4817-b711-efff11d843e3","http.req.method":"GET","http.req.path":"/product/0PUK6V6EV0","http.resp.bytes":8032,"http.resp.status":200,"http.resp.took_ms":11,"message":"request complete","session":"b1a1fb98-93d6-41f8-9605-e0c8a82d1d3c","severity":"debug","timestamp":"2026-03-06T06:06:35.107162806Z"}
{"http.req.id":"c05717d5-272b-47bc-a652-bdcbc9243e70","http.req.method":"GET","http.req.path":"/","message":"request started","session":"6e21104e-b0bf-4a85-b5c2-ac5af92fa69e","severity":"debug","timestamp":"2026-03-06T06:06:35.134706352Z"}
{"currency":"EUR","http.req.id":"c05717d5-272b-47bc-a652-bdcbc9243e70","http.req.method":"GET","http.req.path":"/","message":"home","session":"6e21104e-b0bf-4a85-b5c2-ac5af92fa69e","severity":"info","timestamp":"2026-03-06T06:06:35.134836007Z"}
env platform is either empty or invalid
{"http.req.id":"c05717d5-272b-47bc-a652-bdcbc9243e70","http.req.method":"GET","http.req.path":"/","message":"ENV_PLATFORM is: local","session":"6e21104e-b0bf-4a85-b5c2-ac5af92fa69e","severity":"debug","timestamp":"2026-03-06T06:06:35.338974567Z"}
{"http.req.id":"c05717d5-272b-47bc-a652-bdcbc9243e70","http.req.method":"GET","http.req.path":"/","http.resp.bytes":10608,"http.resp.status":200,"http.resp.took_ms":206,"message":"request complete","session":"6e21104e-b0bf-4a85-b5c2-ac5af92fa69e","severity":"debug","timestamp":"2026-03-06T06:06:35.341253738Z"}
{"http.req.id":"2ab84c6f-291e-4d6e-ace4-bc6dc9d9ea32","http.req.method":"GET","http.req.path":"/product/1YMWWN1N4O","message":"request started","session":"f9734e3a-0615-43dc-908b-1b8be30715f4","severity":"debug","timestamp":"2026-03-06T06:06:35.827558055Z"}
{"currency":"TRY","http.req.id":"2ab84c6f-291e-4d6e-ace4-bc6dc9d9ea32","http.req.method":"GET","http.req.path":"/product/1YMWWN1N4O","id":"1YMWWN1N4O","message":"serving product page","session":"f9734e3a-0615-43dc-908b-1b8be30715f4","severity":"debug","timestamp":"2026-03-06T06:06:35.827623582Z"}
{"http.req.id":"2ab84c6f-291e-4d6e-ace4-bc6dc9d9ea32","http.req.method":"GET","http.req.path":"/product/1YMWWN1N4O","http.resp.bytes":7974,"http.resp.status":200,"http.resp.took_ms":12,"message":"request complete","session":"f9734e3a-0615-43dc-908b-1b8be30715f4","severity":"debug","timestamp":"2026-03-06T06:06:35.839844937Z"}
{"http.req.id":"bf7abc5f-42e3-412d-9736-56ee1dca95f8","http.req.method":"POST","http.req.path":"/cart","message":"request started","session":"f9734e3a-0615-43dc-908b-1b8be30715f4","severity":"debug","timestamp":"2026-03-06T06:06:35.840462787Z"}
{"http.req.id":"bf7abc5f-42e3-412d-9736-56ee1dca95f8","http.req.method":"POST","http.req.path":"/cart","message":"adding to cart","product":"1YMWWN1N4O","quantity":10,"session":"f9734e3a-0615-43dc-908b-1b8be30715f4","severity":"debug","timestamp":"2026-03-06T06:06:35.840561107Z"}
{"http.req.id":"bf7abc5f-42e3-412d-9736-56ee1dca95f8","http.req.method":"POST","http.req.path":"/cart","http.resp.bytes":0,"http.resp.status":302,"http.resp.took_ms":1,"message":"request complete","session":"f9734e3a-0615-43dc-908b-1b8be30715f4","severity":"debug","timestamp":"2026-03-06T06:06:35.842412735Z"}
{"http.req.id":"404d71e1-4661-4fd9-abfe-52f0f6c9f8e4","http.req.method":"GET","http.req.path":"/cart","message":"request started","session":"f9734e3a-0615-43dc-908b-1b8be30715f4","severity":"debug","timestamp":"2026-03-06T06:06:35.843067085Z"}
{"http.req.id":"404d71e1-4661-4fd9-abfe-52f0f6c9f8e4","http.req.method":"GET","http.req.path":"/cart","message":"view user cart","session":"f9734e3a-0615-43dc-908b-1b8be30715f4","severity":"debug","timestamp":"2026-03-06T06:06:35.843108268Z"}
{"http.req.id":"404d71e1-4661-4fd9-abfe-52f0f6c9f8e4","http.req.method":"GET","http.req.path":"/cart","http.resp.bytes":16445,"http.resp.status":200,"http.resp.took_ms":11,"message":"request complete","session":"f9734e3a-0615-43dc-908b-1b8be30715f4","severity":"debug","timestamp":"2026-03-06T06:06:35.854177792Z"}
{"http.req.id":"c0f54c26-aafa-4301-8340-13cca8a3c6ba","http.req.method":"GET","http.req.path":"/cart","message":"request started","session":"ec0b6821-5225-4ee8-8ec0-1e3bbbdffabb","severity":"debug","timestamp":"2026-03-06T06:06:36.98091782Z"}
{"http.req.id":"c0f54c26-aafa-4301-8340-13cca8a3c6ba","http.req.method":"GET","http.req.path":"/cart","message":"view user cart","session":"ec0b6821-5225-4ee8-8ec0-1e3bbbdffabb","severity":"debug","timestamp":"2026-03-06T06:06:36.980993583Z"}
{"http.req.id":"c0f54c26-aafa-4301-8340-13cca8a3c6ba","http.req.method":"GET","http.req.path":"/cart","http.resp.bytes":19333,"http.resp.status":200,"http.resp.took_ms":20,"message":"request complete","session":"ec0b6821-5225-4ee8-8ec0-1e3bbbdffabb","severity":"debug","timestamp":"2026-03-06T06:06:37.001063042Z"}
{"http.req.id":"e998d2dd-50ed-4374-9850-2fee6f388e3b","http.req.method":"GET","http.req.path":"/cart","message":"request started","session":"fa2d8e54-c567-4c66-b702-8bb183ef4a46","severity":"debug","timestamp":"2026-03-06T06:06:37.07862107Z"}
{"http.req.id":"e998d2dd-50ed-4374-9850-2fee6f388e3b","http.req.method":"GET","http.req.path":"/cart","message":"view user cart","session":"fa2d8e54-c567-4c66-b702-8bb183ef4a46","severity":"debug","timestamp":"2026-03-06T06:06:37.07871162Z"}
{"http.req.id":"e998d2dd-50ed-4374-9850-2fee6f388e3b","http.req.method":"GET","http.req.path":"/cart","http.resp.bytes":6863,"http.resp.status":200,"http.resp.took_ms":10,"message":"request complete","session":"fa2d8e54-c567-4c66-b702-8bb183ef4a46","severity":"debug","timestamp":"2026-03-06T06:06:37.089415109Z"}
