{"http.req.id":"44a15fef-b63a-48ff-a531-0d66bc3583f6","http.req.method":"GET","http.req.path":"/product/L9ECAV7KIM","http.resp.bytes":8053,"http.resp.status":200,"http.resp.took_ms":20,"message":"request complete","session":"df4ce93a-5d92-40a8-93c2-540bf11bbb4d","severity":"debug","timestamp":"2026-03-25T11:59:24.63147251Z"}
{"http.req.id":"58b4bec3-99dc-481c-98a7-1820385b90c5","http.req.method":"GET","http.req.path":"/cart","message":"request started","session":"fcb2831f-0627-4791-ac1d-23821dc5b140","severity":"debug","timestamp":"2026-03-25T11:59:25.613491661Z"}
{"http.req.id":"58b4bec3-99dc-481c-98a7-1820385b90c5","http.req.method":"GET","http.req.path":"/cart","message":"view user cart","session":"fcb2831f-0627-4791-ac1d-23821dc5b140","severity":"debug","timestamp":"2026-03-25T11:59:25.613549795Z"}
{"http.req.id":"58b4bec3-99dc-481c-98a7-1820385b90c5","http.req.method":"GET","http.req.path":"/cart","http.resp.bytes":16432,"http.resp.status":200,"http.resp.took_ms":24,"message":"request complete","session":"fcb2831f-0627-4791-ac1d-23821dc5b140","severity":"debug","timestamp":"2026-03-25T11:59:25.637759859Z"}
{"http.req.id":"10c4b4ee-38d2-45c0-a841-6210163a8eb4","http.req.method":"GET","http.req.path":"/_healthz","message":"request started","session":"x-liveness-probe","severity":"debug","timestamp":"2026-03-25T11:59:26.288626653Z"}
{"http.req.id":"10c4b4ee-38d2-45c0-a841-6210163a8eb4","http.req.method":"GET","http.req.path":"/_healthz","http.resp.bytes":2,"http.resp.status":200,"http.resp.took_ms":0,"message":"request complete","session":"x-liveness-probe","severity":"debug","timestamp":"2026-03-25T11:59:26.288779271Z"}
{"http.req.id":"e8b061e5-9cb2-43d2-95a9-0cf516c1762b","http.req.method":"GET","http.req.path":"/product/0PUK6V6EV0","message":"request started","session":"694745d8-a179-4c65-83d6-9ed873a7b94b","severity":"debug","timestamp":"2026-03-25T11:59:26.329610282Z"}
{"currency":"EUR","http.req.id":"e8b061e5-9cb2-43d2-95a9-0cf516c1762b","http.req.method":"GET","http.req.path":"/product/0PUK6V6EV0","id":"0PUK6V6EV0","message":"serving product page","session":"694745d8-a179-4c65-83d6-9ed873a7b94b","severity":"debug","timestamp":"2026-03-25T11:59:26.329705442Z"}
{"http.req.id":"e8b061e5-9cb2-43d2-95a9-0cf516c1762b","http.req.method":"GET","http.req.path":"/product/0PUK6V6EV0","http.resp.bytes":7976,"http.resp.status":200,"http.resp.took_ms":20,"message":"request complete","session":"694745d8-a179-4c65-83d6-9ed873a7b94b","severity":"debug","timestamp":"2026-03-25T11:59:26.34987348Z"}
{"http.req.id":"06600570-a58b-4866-946c-94494c6fe547","http.req.method":"GET","http.req.path":"/product/LS4PSXUNUM","message":"request started","session":"a38c2610-1665-4c93-8051-4c451f5de325","severity":"debug","timestamp":"2026-03-25T11:59:26.633974474Z"}
{"currency":"EUR","http.req.id":"06600570-a58b-4866-946c-94494c6fe547","http.req.method":"GET","http.req.path":"/product/LS4PSXUNUM","id":"LS4PSXUNUM","message":"serving product page","session":"a38c2610-1665-4c93-8051-4c451f5de325","severity":"debug","timestamp":"2026-03-25T11:59:26.634057067Z"}
{"http.req.id":"06600570-a58b-4866-946c-94494c6fe547","http.req.method":"GET","http.req.path":"/product/LS4PSXUNUM","http.resp.bytes":7943,"http.resp.status":200,"http.resp.took_ms":17,"message":"request complete","session":"a38c2610-1665-4c93-8051-4c451f5de325","severity":"debug","timestamp":"2026-03-25T11:59:26.651941821Z"}
{"http.req.id":"70613964-1cda-49bf-b888-65910f504d58","http.req.method":"GET","http.req.path":"/cart","message":"request started","session":"fcb2831f-0627-4791-ac1d-23821dc5b140","severity":"debug","timestamp":"2026-03-25T11:59:26.678424885Z"}
{"http.req.id":"70613964-1cda-49bf-b888-65910f504d58","http.req.method":"GET","http.req.path":"/cart","message":"view user cart","session":"fcb2831f-0627-4791-ac1d-23821dc5b140","severity":"debug","timestamp":"2026-03-25T11:59:26.678518557Z"}
{"http.req.id":"70613964-1cda-49bf-b888-65910f504d58","http.req.method":"GET","http.req.path":"/cart","http.resp.bytes":16472,"http.resp.status":200,"http.resp.took_ms":20,"message":"request complete","session":"fcb2831f-0627-4791-ac1d-23821dc5b140","severity":"debug","timestamp":"2026-03-25T11:59:28.151580578Z"}
{"http.req.id":"ef2691df-16b2-4fdd-a341-08826775347c","http.req.method":"POST","http.req.path":"/setCurrency","message":"request started","session":"514e00c6-206e-4c6e-873f-852b796455de","severity":"debug","timestamp":"2026-03-25T11:59:28.554432121Z"}
{"curr.new":"USD","curr.old":"USD","http.req.id":"ef2691df-16b2-4fdd-a341-08826775347c","http.req.method":"POST","http.req.path":"/setCurrency","message":"setting currency","session":"514e00c6-206e-4c6e-873f-852b796455de","severity":"debug","timestamp":"2026-03-25T11:59:28.554622919Z"}
{"http.req.id":"ef2691df-16b2-4fdd-a341-08826775347c","http.req.method":"POST","http.req.path":"/setCurrency","http.resp.bytes":0,"http.resp.status":302,"http.resp.took_ms":0,"message":"request complete","session":"514e00c6-206e-4c6e-873f-852b796455de","severity":"debug","timestamp":"2026-03-25T11:59:28.554660455Z"}
{"http.req.id":"1350c567-1279-4600-ab91-3b11bd2f3f5d","http.req.method":"GET","http.req.path":"/","message":"request started","session":"514e00c6-206e-4c6e-873f-852b796455de","severity":"debug","timestamp":"2026-03-25T11:59:28.555927206Z"}
{"currency":"USD","http.req.id":"1350c567-1279-4600-ab91-3b11bd2f3f5d","http.req.method":"GET","http.req.path":"/","message":"home","session":"514e00c6-206e-4c6e-873f-852b796455de","severity":"info","timestamp":"2026-03-25T11:59:28.556018768Z"}
env platform is either empty or invalid
{"http.req.id":"1350c567-1279-4600-ab91-3b11bd2f3f5d","http.req.method":"GET","http.req.path":"/","message":"ENV_PLATFORM is: local","session":"514e00c6-206e-4c6e-873f-852b796455de","severity":"debug","timestamp":"2026-03-25T11:59:28.576698508Z"}
{"http.req.id":"1350c567-1279-4600-ab91-3b11bd2f3f5d","http.req.method":"GET","http.req.path":"/","http.resp.bytes":10499,"http.resp.status":200,"http.resp.took_ms":24,"message":"request complete","session":"514e00c6-206e-4c6e-873f-852b796455de","severity":"debug","timestamp":"2026-03-25T11:59:28.580107691Z"}
{"http.req.id":"4bf106a7-4353-4f9b-a958-836f6081e2d6","http.req.method":"GET","http.req.path":"/product/1YMWWN1N4O","message":"request started","session":"513dd945-739c-4fe3-8e54-6e6927fbb733","severity":"debug","timestamp":"2026-03-25T11:59:29.216917158Z"}
{"currency":"CAD","http.req.id":"4bf106a7-4353-4f9b-a958-836f6081e2d6","http.req.method":"GET","http.req.path":"/product/1YMWWN1N4O","id":"1YMWWN1N4O","message":"serving product page","session":"513dd945-739c-4fe3-8e54-6e6927fbb733","severity":"debug","timestamp":"2026-03-25T11:59:29.217007582Z"}
{"http.req.id":"4bf106a7-4353-4f9b-a958-836f6081e2d6","http.req.method":"GET","http.req.path":"/product/1YMWWN1N4O","http.resp.bytes":8069,"http.resp.status":200,"http.resp.took_ms":23,"message":"request complete","session":"513dd945-739c-4fe3-8e54-6e6927fbb733","severity":"debug","timestamp":"2026-03-25T11:59:29.240314512Z"}
{"http.req.id":"4f2a0413-f024-45be-a10e-3ecd656bd3c4","http.req.method":"POST","http.req.path":"/cart","message":"request started","session":"513dd945-739c-4fe3-8e54-6e6927fbb733","severity":"debug","timestamp":"2026-03-25T11:59:29.241668636Z"}
{"http.req.id":"4f2a0413-f024-45be-a10e-3ecd656bd3c4","http.req.method":"POST","http.req.path":"/cart","message":"adding to cart","product":"1YMWWN1N4O","quantity":5,"session":"513dd945-739c-4fe3-8e54-6e6927fbb733","severity":"debug","timestamp":"2026-03-25T11:59:29.241856095Z"}
{"http.req.id":"4f2a0413-f024-45be-a10e-3ecd656bd3c4","http.req.method":"POST","http.req.path":"/cart","http.resp.bytes":0,"http.resp.status":302,"http.resp.took_ms":5,"message":"request complete","session":"513dd945-739c-4fe3-8e54-6e6927fbb733","severity":"debug","timestamp":"2026-03-25T11:59:29.246681614Z"}
{"http.req.id":"5f6b3c60-e879-49cb-b1f7-6d85a7810593","http.req.method":"GET","http.req.path":"/cart","message":"request started","session":"513dd945-739c-4fe3-8e54-6e6927fbb733","severity":"debug","timestamp":"2026-03-25T11:59:29.248240283Z"}
{"http.req.id":"5f6b3c60-e879-49cb-b1f7-6d85a7810593","http.req.method":"GET","http.req.path":"/cart","message":"view user cart","session":"513dd945-739c-4fe3-8e54-6e6927fbb733","severity":"debug","timestamp":"2026-03-25T11:59:29.248476899Z"}
{"http.req.id":"5f6b3c60-e879-49cb-b1f7-6d85a7810593","http.req.method":"GET","http.req.path":"/cart","http.resp.bytes":17843,"http.resp.status":200,"http.resp.took_ms":86,"message":"request complete","session":"513dd945-739c-4fe3-8e54-6e6927fbb733","severity":"debug","timestamp":"2026-03-25T11:59:29.334960494Z"}
{"http.req.id":"6aae190c-0beb-418a-a151-89ed2e2619ea","http.req.method":"POST","http.req.path":"/cart/checkout","message":"request started","session":"513dd945-739c-4fe3-8e54-6e6927fbb733","severity":"debug","timestamp":"2026-03-25T11:59:29.338462543Z"}
{"http.req.id":"6aae190c-0beb-418a-a151-89ed2e2619ea","http.req.method":"POST","http.req.path":"/cart/checkout","message":"placing order","session":"513dd945-739c-4fe3-8e54-6e6927fbb733","severity":"debug","timestamp":"2026-03-25T11:59:29.338566037Z"}
{"http.req.id":"6aae190c-0beb-418a-a151-89ed2e2619ea","http.req.method":"POST","http.req.path":"/cart/checkout","message":"order placed","order":"13fb6e71-2842-11f1-a4a0-927ce8a683d8","session":"513dd945-739c-4fe3-8e54-6e6927fbb733","severity":"info","timestamp":"2026-03-25T11:59:29.358021467Z"}
{"http.req.id":"6aae190c-0beb-418a-a151-89ed2e2619ea","http.req.method":"POST","http.req.path":"/cart/checkout","http.resp.bytes":6801,"http.resp.status":200,"http.resp.took_ms":33,"message":"request complete","session":"513dd945-739c-4fe3-8e54-6e6927fbb733","severity":"debug","timestamp":"2026-03-25T11:59:29.371890018Z"}
{"http.req.id":"d9934409-a003-4d75-8346-f9214bc424f8","http.req.method":"GET","http.req.path":"/product/0PUK6V6EV0","message":"request started","session":"2d3bf3d7-22b5-49c9-8227-12126292f393","severity":"debug","timestamp":"2026-03-25T11:59:30.222317671Z"}
{"currency":"GBP","http.req.id":"d9934409-a003-4d75-8346-f9214bc424f8","http.req.method":"GET","http.req.path":"/product/0PUK6V6EV0","id":"0PUK6V6EV0","message":"serving product page","session":"2d3bf3d7-22b5-49c9-8227-12126292f393","severity":"debug","timestamp":"2026-03-25T11:59:30.222405379Z"}
{"http.req.id":"d9934409-a003-4d75-8346-f9214bc424f8","http.req.method":"GET","http.req.path":"/product/0PUK6V6EV0","http.resp.bytes":8067,"http.resp.status":200,"http.resp.took_ms":17,"message":"request complete","session":"2d3bf3d7-22b5-49c9-8227-12126292f393","severity":"debug","timestamp":"2026-03-25T11:59:30.239965979Z"}
{"http.req.id":"1f190377-17bc-4ac4-bcca-02ad4fdd0e9c","http.req.method":"GET","http.req.path":"/","message":"request started","session":"514e00c6-206e-4c6e-873f-852b796455de","severity":"debug","timestamp":"2026-03-25T11:59:30.788113514Z"}
{"currency":"USD","http.req.id":"1f190377-17bc-4ac4-bcca-02ad4fdd0e9c","http.req.method":"GET","http.req.path":"/","message":"home","session":"514e00c6-206e-4c6e-873f-852b796455de","severity":"info","timestamp":"2026-03-25T11:59:30.788207026Z"}
env platform is either empty or invalid
{"http.req.id":"1f190377-17bc-4ac4-bcca-02ad4fdd0e9c","http.req.method":"GET","http.req.path":"/","message":"ENV_PLATFORM is: local","session":"514e00c6-206e-4c6e-873f-852b796455de","severity":"debug","timestamp":"2026-03-25T11:59:30.812395594Z"}
{"http.req.id":"1f190377-17bc-4ac4-bcca-02ad4fdd0e9c","http.req.method":"GET","http.req.path":"/","http.resp.bytes":10499,"http.resp.status":200,"http.resp.took_ms":27,"message":"request complete","session":"514e00c6-206e-4c6e-873f-852b796455de","severity":"debug","timestamp":"2026-03-25T11:59:30.815756531Z"}
{"http.req.id":"081bf131-586f-4307-9b80-80f4eb51549c","http.req.method":"GET","http.req.path":"/_healthz","message":"request started","session":"x-readiness-probe","severity":"debug","timestamp":"2026-03-25T11:59:31.947650225Z"}
{"http.req.id":"081bf131-586f-4307-9b80-80f4eb51549c","http.req.method":"GET","http.req.path":"/_healthz","http.resp.bytes":2,"http.resp.status":200,"http.resp.took_ms":0,"message":"request complete","session":"x-readiness-probe","severity":"debug","timestamp":"2026-03-25T11:59:31.947780481Z"}
{"http.req.id":"d965199e-6b83-4089-8d61-db7a1915d073","http.req.method":"GET","http.req.path":"/product/0PUK6V6EV0","message":"request started","session":"694745d8-a179-4c65-83d6-9ed873a7b94b","severity":"debug","timestamp":"2026-03-25T11:59:31.94890188Z"}
{"currency":"EUR","http.req.id":"d965199e-6b83-4089-8d61-db7a1915d073","http.req.method":"GET","http.req.path":"/product/0PUK6V6EV0","id":"0PUK6V6EV0","message":"serving product page","session":"694745d8-a179-4c65-83d6-9ed873a7b94b","severity":"debug","timestamp":"2026-03-25T11:59:31.949012156Z"}
{"http.req.id":"d965199e-6b83-4089-8d61-db7a1915d073","http.req.method":"GET","http.req.path":"/product/0PUK6V6EV0","http.resp.bytes":7954,"http.resp.status":200,"http.resp.took_ms":18,"message":"request complete","session":"694745d8-a179-4c65-83d6-9ed873a7b94b","severity":"debug","timestamp":"2026-03-25T11:59:31.967762539Z"}
{"http.req.id":"11e96488-9374-40fe-b6f4-d3cf24d37689","http.req.method":"POST","http.req.path":"/cart","message":"request started","session":"694745d8-a179-4c65-83d6-9ed873a7b94b","severity":"debug","timestamp":"2026-03-25T11:59:31.969325089Z"}
{"http.req.id":"11e96488-9374-40fe-b6f4-d3cf24d37689","http.req.method":"POST","http.req.path":"/cart","message":"adding to cart","product":"0PUK6V6EV0","quantity":5,"session":"694745d8-a179-4c65-83d6-9ed873a7b94b","severity":"debug","timestamp":"2026-03-25T11:59:31.969521811Z"}
{"http.req.id":"11e96488-9374-40fe-b6f4-d3cf24d37689","http.req.method":"POST","http.req.path":"/cart","http.resp.bytes":0,"http.resp.status":302,"http.resp.took_ms":4,"message":"request complete","session":"694745d8-a179-4c65-83d6-9ed873a7b94b","severity":"debug","timestamp":"2026-03-25T11:59:31.97337335Z"}
{"http.req.id":"f661f7c2-e0fa-4841-ab91-6b290c28877a","http.req.method":"GET","http.req.path":"/cart","message":"request started","session":"694745d8-a179-4c65-83d6-9ed873a7b94b","severity":"debug","timestamp":"2026-03-25T11:59:31.974843816Z"}
{"http.req.id":"f661f7c2-e0fa-4841-ab91-6b290c28877a","http.req.method":"GET","http.req.path":"/cart","message":"view user cart","session":"694745d8-a179-4c65-83d6-9ed873a7b94b","severity":"debug","timestamp":"2026-03-25T11:59:31.974934397Z"}
{"http.req.id":"f661f7c2-e0fa-4841-ab91-6b290c28877a","http.req.method":"GET","http.req.path":"/cart","http.resp.bytes":16437,"http.resp.status":200,"http.resp.took_ms":65,"message":"request complete","session":"694745d8-a179-4c65-83d6-9ed873a7b94b","severity":"debug","timestamp":"2026-03-25T11:59:32.040446934Z"}
{"http.req.id":"d2698a61-dbcc-4699-af93-ca87b32f0911","http.req.method":"POST","http.req.path":"/cart/checkout","message":"request started","session":"694745d8-a179-4c65-83d6-9ed873a7b94b","severity":"debug","timestamp":"2026-03-25T11:59:32.045065552Z"}
{"http.req.id":"d2698a61-dbcc-4699-af93-ca87b32f0911","http.req.method":"POST","http.req.path":"/cart/checkout","message":"placing order","session":"694745d8-a179-4c65-83d6-9ed873a7b94b","severity":"debug","timestamp":"2026-03-25T11:59:32.04517107Z"}
{"http.req.id":"d2698a61-dbcc-4699-af93-ca87b32f0911","http.req.method":"POST","http.req.path":"/cart/checkout","message":"order placed","order":"1598715f-2842-11f1-a4a0-927ce8a683d8","session":"694745d8-a179-4c65-83d6-9ed873a7b94b","severity":"info","timestamp":"2026-03-25T11:59:32.063811485Z"}
{"http.req.id":"d2698a61-dbcc-4699-af93-ca87b32f0911","http.req.method":"POST","http.req.path":"/cart/checkout","http.resp.bytes":6800,"http.resp.status":200,"http.resp.took_ms":30,"message":"request complete","session":"694745d8-a179-4c65-83d6-9ed873a7b94b","severity":"debug","timestamp":"2026-03-25T11:59:32.075402218Z"}
{"http.req.id":"4c04eead-423c-4507-a277-427fd1c88e29","http.req.method":"GET","http.req.path":"/product/0PUK6V6EV0","message":"request started","session":"ecb080bf-5333-403f-9547-c8725d499228","severity":"debug","timestamp":"2026-03-25T11:59:32.607755282Z"}
{"currency":"JPY","http.req.id":"4c04eead-423c-4507-a277-427fd1c88e29","http.req.method":"GET","http.req.path":"/product/0PUK6V6EV0","id":"0PUK6V6EV0","message":"serving product page","session":"ecb080bf-5333-403f-9547-c8725d499228","severity":"debug","timestamp":"2026-03-25T11:59:32.6079289Z"}
{"http.req.id":"4c04eead-423c-4507-a277-427fd1c88e29","http.req.method":"GET","http.req.path":"/product/0PUK6V6EV0","http.resp.bytes":8057,"http.resp.status":200,"http.resp.took_ms":38,"message":"request complete","session":"ecb080bf-5333-403f-9547-c8725d499228","severity":"debug","timestamp":"2026-03-25T11:59:32.646502659Z"}
{"http.req.id":"c8cdae14-d2bb-4c39-991d-e086052e0c2a","http.req.method":"GET","http.req.path":"/product/L9ECAV7KIM","message":"request started","session":"513dd945-739c-4fe3-8e54-6e6927fbb733","severity":"debug","timestamp":"2026-03-25T11:59:32.667740667Z"}
{"currency":"CAD","http.req.id":"c8cdae14-d2bb-4c39-991d-e086052e0c2a","http.req.method":"GET","http.req.path":"/product/L9ECAV7KIM","id":"L9ECAV7KIM","message":"serving product page","session":"513dd945-739c-4fe3-8e54-6e6927fbb733","severity":"debug","timestamp":"2026-03-25T11:59:32.667925562Z"}
{"http.req.id":"c8cdae14-d2bb-4c39-991d-e086052e0c2a","http.req.method":"GET","http.req.path":"/product/L9ECAV7KIM","http.resp.bytes":7957,"http.resp.status":200,"http.resp.took_ms":82,"message":"request complete","session":"513dd945-739c-4fe3-8e54-6e6927fbb733","severity":"debug","timestamp":"2026-03-25T11:59:32.750498409Z"}
{"http.req.id":"9ec892f7-b6f9-45c1-b4a4-3a975e460757","http.req.method":"GET","http.req.path":"/product/6E92ZMYYFZ","message":"request started","session":"827eab86-1aba-4a15-8740-5fee5900d10f","severity":"debug","timestamp":"2026-03-25T11:59:32.907402962Z"}
{"currency":"TRY","http.req.id":"9ec892f7-b6f9-45c1-b4a4-3a975e460757","http.req.method":"GET","http.req.path":"/product/6E92ZMYYFZ","id":"6E92ZMYYFZ","message":"serving product page","session":"827eab86-1aba-4a15-8740-5fee5900d10f","severity":"debug","timestamp":"2026-03-25T11:59:32.907495325Z"}
{"http.req.id":"9ec892f7-b6f9-45c1-b4a4-3a975e460757","http.req.method":"GET","http.req.path":"/product/6E92ZMYYFZ","http.resp.bytes":7958,"http.resp.status":200,"http.resp.took_ms":17,"message":"request complete","session":"827eab86-1aba-4a15-8740-5fee5900d10f","severity":"debug","timestamp":"2026-03-25T11:59:32.924472384Z"}
{"http.req.id":"3dc12932-628e-4b10-a226-d5dd58e75546","http.req.method":"POST","http.req.path":"/cart","message":"request started","session":"827eab86-1aba-4a15-8740-5fee5900d10f","severity":"debug","timestamp":"2026-03-25T11:59:32.925855175Z"}
{"http.req.id":"3dc12932-628e-4b10-a226-d5dd58e75546","http.req.method":"POST","http.req.path":"/cart","message":"adding to cart","product":"6E92ZMYYFZ","quantity":3,"session":"827eab86-1aba-4a15-8740-5fee5900d10f","severity":"debug","timestamp":"2026-03-25T11:59:32.926036881Z"}
{"http.req.id":"3dc12932-628e-4b10-a226-d5dd58e75546","http.req.method":"POST","http.req.path":"/cart","http.resp.bytes":0,"http.resp.status":302,"http.resp.took_ms":3,"message":"request complete","session":"827eab86-1aba-4a15-8740-5fee5900d10f","severity":"debug","timestamp":"2026-03-25T11:59:32.929825785Z"}
{"http.req.id":"4dfe90d0-0e5f-4b6f-9b3a-d4818f316576","http.req.method":"GET","http.req.path":"/cart","message":"request started","session":"827eab86-1aba-4a15-8740-5fee5900d10f","severity":"debug","timestamp":"2026-03-25T11:59:32.931123348Z"}
{"http.req.id":"4dfe90d0-0e5f-4b6f-9b3a-d4818f316576","http.req.method":"GET","http.req.path":"/cart","message":"view user cart","session":"827eab86-1aba-4a15-8740-5fee5900d10f","severity":"debug","timestamp":"2026-03-25T11:59:32.931217466Z"}
{"http.req.id":"4dfe90d0-0e5f-4b6f-9b3a-d4818f316576","http.req.method":"GET","http.req.path":"/cart","http.resp.bytes":16464,"http.resp.status":200,"http.resp.took_ms":24,"message":"request complete","session":"827eab86-1aba-4a15-8740-5fee5900d10f","severity":"debug","timestamp":"2026-03-25T11:59:32.955212555Z"}
{"http.req.id":"c2a29a70-c0d4-4a6c-b424-05307e6f30e6","http.req.method":"POST","http.req.path":"/setCurrency","message":"request started","session":"514e00c6-206e-4c6e-873f-852b796455de","severity":"debug","timestamp":"2026-03-25T11:59:33.158067375Z"}
{"curr.new":"TRY","curr.old":"USD","http.req.id":"c2a29a70-c0d4-4a6c-b424-05307e6f30e6","http.req.method":"POST","http.req.path":"/setCurrency","message":"setting currency","session":"514e00c6-206e-4c6e-873f-852b796455de","severity":"debug","timestamp":"2026-03-25T11:59:33.158302275Z"}
{"http.req.id":"c2a29a70-c0d4-4a6c-b424-05307e6f30e6","http.req.method":"POST","http.req.path":"/setCurrency","http.resp.bytes":0,"http.resp.status":302,"http.resp.took_ms":0,"message":"request complete","session":"514e00c6-206e-4c6e-873f-852b796455de","severity":"debug","timestamp":"2026-03-25T11:59:33.158343818Z"}
{"http.req.id":"f3ec5073-298e-49a2-81bd-e6058a0870b8","http.req.method":"GET","http.req.path":"/","message":"request started","session":"514e00c6-206e-4c6e-873f-852b796455de","severity":"debug","timestamp":"2026-03-25T11:59:33.159782567Z"}
{"currency":"TRY","http.req.id":"f3ec5073-298e-49a2-81bd-e6058a0870b8","http.req.method":"GET","http.req.path":"/","message":"home","session":"514e00c6-206e-4c6e-873f-852b796455de","severity":"info","timestamp":"2026-03-25T11:59:33.159869231Z"}
env platform is either empty or invalid
{"http.req.id":"f3ec5073-298e-49a2-81bd-e6058a0870b8","http.req.method":"GET","http.req.path":"/","message":"ENV_PLATFORM is: local","session":"514e00c6-206e-4c6e-873f-852b796455de","severity":"debug","timestamp":"2026-03-25T11:59:33.212130531Z"}
{"http.req.id":"f3ec5073-298e-49a2-81bd-e6058a0870b8","http.req.method":"GET","http.req.path":"/","http.resp.bytes":10527,"http.resp.status":200,"http.resp.took_ms":55,"message":"request complete","session":"514e00c6-206e-4c6e-873f-852b796455de","severity":"debug","timestamp":"2026-03-25T11:59:33.214861386Z"}
{"http.req.id":"1b019327-a118-469b-8bc8-63dcb3d4adff","http.req.method":"GET","http.req.path":"/product/L9ECAV7KIM","message":"request started","session":"32217267-98ca-4d66-9fc8-3f088b8def0f","severity":"debug","timestamp":"2026-03-25T11:59:33.231971716Z"}
{"currency":"GBP","http.req.id":"1b019327-a118-469b-8bc8-63dcb3d4adff","http.req.method":"GET","http.req.path":"/product/L9ECAV7KIM","id":"L9ECAV7KIM","message":"serving product page","session":"32217267-98ca-4d66-9fc8-3f088b8def0f","severity":"debug","timestamp":"2026-03-25T11:59:33.232093015Z"}
{"http.req.id":"1b019327-a118-469b-8bc8-63dcb3d4adff","http.req.method":"GET","http.req.path":"/product/L9ECAV7KIM","http.resp.bytes":7954,"http.resp.status":200,"http.resp.took_ms":16,"message":"request complete","session":"32217267-98ca-4d66-9fc8-3f088b8def0f","severity":"debug","timestamp":"2026-03-25T11:59:33.248347569Z"}
{"http.req.id":"5f9f3185-ebc2-4c3d-91d2-65fab4fbf233","http.req.method":"GET","http.req.path":"/product/OLJCESPC7Z","message":"request started","session":"a38c2610-1665-4c93-8051-4c451f5de325","severity":"debug","timestamp":"2026-03-25T11:59:33.448042969Z"}
{"currency":"EUR","http.req.id":"5f9f3185-ebc2-4c3d-91d2-65fab4fbf233","http.req.method":"GET","http.req.path":"/product/OLJCESPC7Z","id":"OLJCESPC7Z","message":"serving product page","session":"a38c2610-1665-4c93-8051-4c451f5de325","severity":"debug","timestamp":"2026-03-25T11:59:33.448146771Z"}
{"http.req.id":"5f9f3185-ebc2-4c3d-91d2-65fab4fbf233","http.req.method":"GET","http.req.path":"/product/OLJCESPC7Z","http.resp.bytes":7999,"http.resp.status":200,"http.resp.took_ms":26,"message":"request complete","session":"a38c2610-1665-4c93-8051-4c451f5de325","severity":"debug","timestamp":"2026-03-25T11:59:33.475007223Z"}
{"http.req.id":"a1e2d59b-8a1a-40c5-b049-489e3bbb7449","http.req.method":"GET","http.req.path":"/product/L9ECAV7KIM","message":"request started","session":"df4ce93a-5d92-40a8-93c2-540bf11bbb4d","severity":"debug","timestamp":"2026-03-25T11:59:33.888797804Z"}
{"currency":"USD","http.req.id":"a1e2d59b-8a1a-40c5-b049-489e3bbb7449","http.req.method":"GET","http.req.path":"/product/L9ECAV7KIM","id":"L9ECAV7KIM","message":"serving product page","session":"df4ce93a-5d92-40a8-93c2-540bf11bbb4d","severity":"debug","timestamp":"2026-03-25T11:59:33.888884062Z"}
{"http.req.id":"a1e2d59b-8a1a-40c5-b049-489e3bbb7449","http.req.method":"GET","http.req.path":"/product/L9ECAV7KIM","http.resp.bytes":8045,"http.resp.status":200,"http.resp.took_ms":17,"message":"request complete","session":"df4ce93a-5d92-40a8-93c2-540bf11bbb4d","severity":"debug","timestamp":"2026-03-25T11:59:33.906053858Z"}
{"http.req.id":"6ba12a83-ca09-4c3e-828d-134bf5b2065a","http.req.method":"GET","http.req.path":"/product/L9ECAV7KIM","message":"request started","session":"514e00c6-206e-4c6e-873f-852b796455de","severity":"debug","timestamp":"2026-03-25T11:59:34.944685081Z"}
{"currency":"TRY","http.req.id":"6ba12a83-ca09-4c3e-828d-134bf5b2065a","http.req.method":"GET","http.req.path":"/product/L9ECAV7KIM","id":"L9ECAV7KIM","message":"serving product page","session":"514e00c6-206e-4c6e-873f-852b796455de","severity":"debug","timestamp":"2026-03-25T11:59:34.944795911Z"}
{"http.req.id":"6ba12a83-ca09-4c3e-828d-134bf5b2065a","http.req.method":"GET","http.req.path":"/product/L9ECAV7KIM","http.resp.bytes":7989,"http.resp.status":200,"http.resp.took_ms":16,"message":"request complete","session":"514e00c6-206e-4c6e-873f-852b796455de","severity":"debug","timestamp":"2026-03-25T11:59:34.961146352Z"}
{"http.req.id":"92ef558f-721d-4de0-95f5-fdb6efb9d00a","http.req.method":"GET","http.req.path":"/product/2ZYFJ3GM2N","message":"request started","session":"513dd945-739c-4fe3-8e54-6e6927fbb733","severity":"debug","timestamp":"2026-03-25T11:59:35.099435912Z"}
{"currency":"CAD","http.req.id":"92ef558f-721d-4de0-95f5-fdb6efb9d00a","http.req.method":"GET","http.req.path":"/product/2ZYFJ3GM2N","id":"2ZYFJ3GM2N","message":"serving product page","session":"513dd945-739c-4fe3-8e54-6e6927fbb733","severity":"debug","timestamp":"2026-03-25T11:59:35.099518851Z"}
{"http.req.id":"92ef558f-721d-4de0-95f5-fdb6efb9d00a","http.req.method":"GET","http.req.path":"/product/2ZYFJ3GM2N","http.resp.bytes":7972,"http.resp.status":200,"http.resp.took_ms":31,"message":"request complete","session":"513dd945-739c-4fe3-8e54-6e6927fbb733","severity":"debug","timestamp":"2026-03-25T11:59:35.130732462Z"}
{"http.req.id":"086da591-3f0c-4ecb-b982-d5f32bb46555","http.req.method":"GET","http.req.path":"/cart","message":"request started","session":"df4ce93a-5d92-40a8-93c2-540bf11bbb4d","severity":"debug","timestamp":"2026-03-25T11:59:35.382434601Z"}
{"http.req.id":"086da591-3f0c-4ecb-b982-d5f32bb46555","http.req.method":"GET","http.req.path":"/cart","message":"view user cart","session":"df4ce93a-5d92-40a8-93c2-540bf11bbb4d","severity":"debug","timestamp":"2026-03-25T11:59:35.382526237Z"}
{"http.req.id":"086da591-3f0c-4ecb-b982-d5f32bb46555","http.req.method":"GET","http.req.path":"/cart","http.resp.bytes":16454,"http.resp.status":200,"http.resp.took_ms":15,"message":"request complete","session":"df4ce93a-5d92-40a8-93c2-540bf11bbb4d","severity":"debug","timestamp":"2026-03-25T11:59:35.397716986Z"}
