{"http.req.id":"75fc4898-809b-49ed-8074-84ec5bd3481d","http.req.method":"GET","http.req.path":"/product/66VCHSJNUP","http.resp.bytes":7938,"http.resp.status":200,"http.resp.took_ms":18,"message":"request complete","session":"2d3bf3d7-22b5-49c9-8227-12126292f393","severity":"debug","timestamp":"2026-03-25T12:07:43.084193082Z"}
{"http.req.id":"727adcd1-c0d0-494f-acf6-9e97dd8550e2","http.req.method":"GET","http.req.path":"/product/66VCHSJNUP","message":"request started","session":"513dd945-739c-4fe3-8e54-6e6927fbb733","severity":"debug","timestamp":"2026-03-25T12:07:43.30182489Z"}
{"currency":"TRY","http.req.id":"727adcd1-c0d0-494f-acf6-9e97dd8550e2","http.req.method":"GET","http.req.path":"/product/66VCHSJNUP","id":"66VCHSJNUP","message":"serving product page","session":"513dd945-739c-4fe3-8e54-6e6927fbb733","severity":"debug","timestamp":"2026-03-25T12:07:43.301951102Z"}
{"http.req.id":"727adcd1-c0d0-494f-acf6-9e97dd8550e2","http.req.method":"GET","http.req.path":"/product/66VCHSJNUP","http.resp.bytes":7923,"http.resp.status":200,"http.resp.took_ms":14,"message":"request complete","session":"513dd945-739c-4fe3-8e54-6e6927fbb733","severity":"debug","timestamp":"2026-03-25T12:07:43.315868487Z"}
{"http.req.id":"678d02d4-5251-4f4a-a216-bf08f9327327","http.req.method":"GET","http.req.path":"/product/0PUK6V6EV0","message":"request started","session":"32217267-98ca-4d66-9fc8-3f088b8def0f","severity":"debug","timestamp":"2026-03-25T12:07:43.39820674Z"}
{"currency":"JPY","http.req.id":"678d02d4-5251-4f4a-a216-bf08f9327327","http.req.method":"GET","http.req.path":"/product/0PUK6V6EV0","id":"0PUK6V6EV0","message":"serving product page","session":"32217267-98ca-4d66-9fc8-3f088b8def0f","severity":"debug","timestamp":"2026-03-25T12:07:43.398293405Z"}
{"http.req.id":"678d02d4-5251-4f4a-a216-bf08f9327327","http.req.method":"GET","http.req.path":"/product/0PUK6V6EV0","http.resp.bytes":7960,"http.resp.status":200,"http.resp.took_ms":14,"message":"request complete","session":"32217267-98ca-4d66-9fc8-3f088b8def0f","severity":"debug","timestamp":"2026-03-25T12:07:43.41254768Z"}
{"http.req.id":"9e5954ab-8ce9-42b1-a502-122b2012da90","http.req.method":"GET","http.req.path":"/product/2ZYFJ3GM2N","message":"request started","session":"ecb080bf-5333-403f-9547-c8725d499228","severity":"debug","timestamp":"2026-03-25T12:07:43.97805715Z"}
{"currency":"TRY","http.req.id":"9e5954ab-8ce9-42b1-a502-122b2012da90","http.req.method":"GET","http.req.path":"/product/2ZYFJ3GM2N","id":"2ZYFJ3GM2N","message":"serving product page","session":"ecb080bf-5333-403f-9547-c8725d499228","severity":"debug","timestamp":"2026-03-25T12:07:43.978145331Z"}
{"http.req.id":"9e5954ab-8ce9-42b1-a502-122b2012da90","http.req.method":"GET","http.req.path":"/product/2ZYFJ3GM2N","http.resp.bytes":8035,"http.resp.status":200,"http.resp.took_ms":15,"message":"request complete","session":"ecb080bf-5333-403f-9547-c8725d499228","severity":"debug","timestamp":"2026-03-25T12:07:43.993763784Z"}
{"http.req.id":"db775076-3fd0-46cd-850b-0bf5a25e058a","http.req.method":"POST","http.req.path":"/cart","message":"request started","session":"ecb080bf-5333-403f-9547-c8725d499228","severity":"debug","timestamp":"2026-03-25T12:07:43.994607924Z"}
{"http.req.id":"db775076-3fd0-46cd-850b-0bf5a25e058a","http.req.method":"POST","http.req.path":"/cart","message":"adding to cart","product":"2ZYFJ3GM2N","quantity":2,"session":"ecb080bf-5333-403f-9547-c8725d499228","severity":"debug","timestamp":"2026-03-25T12:07:43.994740405Z"}
{"http.req.id":"db775076-3fd0-46cd-850b-0bf5a25e058a","http.req.method":"POST","http.req.path":"/cart","http.resp.bytes":0,"http.resp.status":302,"http.resp.took_ms":3,"message":"request complete","session":"ecb080bf-5333-403f-9547-c8725d499228","severity":"debug","timestamp":"2026-03-25T12:07:43.997651145Z"}
{"http.req.id":"82e1792f-e9dc-4c32-b7be-0863387d9347","http.req.method":"GET","http.req.path":"/cart","message":"request started","session":"ecb080bf-5333-403f-9547-c8725d499228","severity":"debug","timestamp":"2026-03-25T12:07:43.998648203Z"}
{"http.req.id":"82e1792f-e9dc-4c32-b7be-0863387d9347","http.req.method":"GET","http.req.path":"/cart","message":"view user cart","session":"ecb080bf-5333-403f-9547-c8725d499228","severity":"debug","timestamp":"2026-03-25T12:07:43.998711128Z"}
{"http.req.id":"82e1792f-e9dc-4c32-b7be-0863387d9347","http.req.method":"GET","http.req.path":"/cart","http.resp.bytes":17890,"http.resp.status":200,"http.resp.took_ms":16,"message":"request complete","session":"ecb080bf-5333-403f-9547-c8725d499228","severity":"debug","timestamp":"2026-03-25T12:07:44.014846928Z"}
{"http.req.id":"52955d5a-7725-4a34-9dcd-9e457b289859","http.req.method":"POST","http.req.path":"/cart/checkout","message":"request started","session":"ecb080bf-5333-403f-9547-c8725d499228","severity":"debug","timestamp":"2026-03-25T12:07:44.016502705Z"}
{"http.req.id":"52955d5a-7725-4a34-9dcd-9e457b289859","http.req.method":"POST","http.req.path":"/cart/checkout","message":"placing order","session":"ecb080bf-5333-403f-9547-c8725d499228","severity":"debug","timestamp":"2026-03-25T12:07:44.01656204Z"}
{"http.req.id":"52955d5a-7725-4a34-9dcd-9e457b289859","http.req.method":"POST","http.req.path":"/cart/checkout","message":"order placed","order":"3ad5458c-2843-11f1-a4a0-927ce8a683d8","session":"ecb080bf-5333-403f-9547-c8725d499228","severity":"info","timestamp":"2026-03-25T12:07:44.160763618Z"}
{"http.req.id":"52955d5a-7725-4a34-9dcd-9e457b289859","http.req.method":"POST","http.req.path":"/cart/checkout","http.resp.bytes":6834,"http.resp.status":200,"http.resp.took_ms":154,"message":"request complete","session":"ecb080bf-5333-403f-9547-c8725d499228","severity":"debug","timestamp":"2026-03-25T12:07:44.171357044Z"}
{"http.req.id":"cb5a202a-577a-4ef9-b6c1-458a3a04f62a","http.req.method":"GET","http.req.path":"/cart","message":"request started","session":"694745d8-a179-4c65-83d6-9ed873a7b94b","severity":"debug","timestamp":"2026-03-25T12:07:45.584407047Z"}
{"http.req.id":"cb5a202a-577a-4ef9-b6c1-458a3a04f62a","http.req.method":"GET","http.req.path":"/cart","message":"view user cart","session":"694745d8-a179-4c65-83d6-9ed873a7b94b","severity":"debug","timestamp":"2026-03-25T12:07:45.584466082Z"}
{"http.req.id":"cb5a202a-577a-4ef9-b6c1-458a3a04f62a","http.req.method":"GET","http.req.path":"/cart","http.resp.bytes":16465,"http.resp.status":200,"http.resp.took_ms":16,"message":"request complete","session":"694745d8-a179-4c65-83d6-9ed873a7b94b","severity":"debug","timestamp":"2026-03-25T12:07:45.601094007Z"}
{"http.req.id":"868c1a1c-3a2b-45d9-b62e-45126dd53eaa","http.req.method":"GET","http.req.path":"/product/66VCHSJNUP","message":"request started","session":"513dd945-739c-4fe3-8e54-6e6927fbb733","severity":"debug","timestamp":"2026-03-25T12:07:45.780267118Z"}
{"currency":"TRY","http.req.id":"868c1a1c-3a2b-45d9-b62e-45126dd53eaa","http.req.method":"GET","http.req.path":"/product/66VCHSJNUP","id":"66VCHSJNUP","message":"serving product page","session":"513dd945-739c-4fe3-8e54-6e6927fbb733","severity":"debug","timestamp":"2026-03-25T12:07:45.780349746Z"}
{"http.req.id":"4e0c26e8-b5f7-4019-b94c-9d6863ce5911","http.req.method":"GET","http.req.path":"/product/1YMWWN1N4O","message":"request started","session":"fcb2831f-0627-4791-ac1d-23821dc5b140","severity":"debug","timestamp":"2026-03-25T12:07:45.792226367Z"}
{"currency":"EUR","http.req.id":"4e0c26e8-b5f7-4019-b94c-9d6863ce5911","http.req.method":"GET","http.req.path":"/product/1YMWWN1N4O","id":"1YMWWN1N4O","message":"serving product page","session":"fcb2831f-0627-4791-ac1d-23821dc5b140","severity":"debug","timestamp":"2026-03-25T12:07:45.792293782Z"}
{"http.req.id":"868c1a1c-3a2b-45d9-b62e-45126dd53eaa","http.req.method":"GET","http.req.path":"/product/66VCHSJNUP","http.resp.bytes":7971,"http.resp.status":200,"http.resp.took_ms":12,"message":"request complete","session":"513dd945-739c-4fe3-8e54-6e6927fbb733","severity":"debug","timestamp":"2026-03-25T12:07:45.79253217Z"}
{"http.req.id":"4e0c26e8-b5f7-4019-b94c-9d6863ce5911","http.req.method":"GET","http.req.path":"/product/1YMWWN1N4O","http.resp.bytes":8080,"http.resp.status":200,"http.resp.took_ms":12,"message":"request complete","session":"fcb2831f-0627-4791-ac1d-23821dc5b140","severity":"debug","timestamp":"2026-03-25T12:07:45.805173618Z"}
{"http.req.id":"52e9ffc9-f543-4c62-b8f5-90d5986d0b68","http.req.method":"POST","http.req.path":"/cart","message":"request started","session":"fcb2831f-0627-4791-ac1d-23821dc5b140","severity":"debug","timestamp":"2026-03-25T12:07:45.805977727Z"}
{"http.req.id":"52e9ffc9-f543-4c62-b8f5-90d5986d0b68","http.req.method":"POST","http.req.path":"/cart","message":"adding to cart","product":"1YMWWN1N4O","quantity":8,"session":"fcb2831f-0627-4791-ac1d-23821dc5b140","severity":"debug","timestamp":"2026-03-25T12:07:45.806105779Z"}
{"http.req.id":"52e9ffc9-f543-4c62-b8f5-90d5986d0b68","http.req.method":"POST","http.req.path":"/cart","http.resp.bytes":0,"http.resp.status":302,"http.resp.took_ms":2,"message":"request complete","session":"fcb2831f-0627-4791-ac1d-23821dc5b140","severity":"debug","timestamp":"2026-03-25T12:07:45.808577704Z"}
{"http.req.id":"9eb08a30-e331-418f-bb91-ef8f400b1f26","http.req.method":"GET","http.req.path":"/cart","message":"request started","session":"fcb2831f-0627-4791-ac1d-23821dc5b140","severity":"debug","timestamp":"2026-03-25T12:07:45.809510327Z"}
{"http.req.id":"9eb08a30-e331-418f-bb91-ef8f400b1f26","http.req.method":"GET","http.req.path":"/cart","message":"view user cart","session":"fcb2831f-0627-4791-ac1d-23821dc5b140","severity":"debug","timestamp":"2026-03-25T12:07:45.809569875Z"}
{"http.req.id":"9eb08a30-e331-418f-bb91-ef8f400b1f26","http.req.method":"GET","http.req.path":"/cart","http.resp.bytes":17881,"http.resp.status":200,"http.resp.took_ms":51,"message":"request complete","session":"fcb2831f-0627-4791-ac1d-23821dc5b140","severity":"debug","timestamp":"2026-03-25T12:07:45.860879449Z"}
{"http.req.id":"d1d2bb88-f988-4a03-9f37-ffbe84c0ace5","http.req.method":"GET","http.req.path":"/product/66VCHSJNUP","message":"request started","session":"ecb080bf-5333-403f-9547-c8725d499228","severity":"debug","timestamp":"2026-03-25T12:07:46.806842782Z"}
{"currency":"TRY","http.req.id":"d1d2bb88-f988-4a03-9f37-ffbe84c0ace5","http.req.method":"GET","http.req.path":"/product/66VCHSJNUP","id":"66VCHSJNUP","message":"serving product page","session":"ecb080bf-5333-403f-9547-c8725d499228","severity":"debug","timestamp":"2026-03-25T12:07:46.807001414Z"}
{"http.req.id":"d1d2bb88-f988-4a03-9f37-ffbe84c0ace5","http.req.method":"GET","http.req.path":"/product/66VCHSJNUP","http.resp.bytes":7941,"http.resp.status":200,"http.resp.took_ms":13,"message":"request complete","session":"ecb080bf-5333-403f-9547-c8725d499228","severity":"debug","timestamp":"2026-03-25T12:07:46.82078486Z"}
{"http.req.id":"2568d5d7-f0bc-491c-a8f5-5748ff8e84fe","http.req.method":"POST","http.req.path":"/setCurrency","message":"request started","session":"827eab86-1aba-4a15-8740-5fee5900d10f","severity":"debug","timestamp":"2026-03-25T12:07:47.374042301Z"}
{"curr.new":"TRY","curr.old":"USD","http.req.id":"2568d5d7-f0bc-491c-a8f5-5748ff8e84fe","http.req.method":"POST","http.req.path":"/setCurrency","message":"setting currency","session":"827eab86-1aba-4a15-8740-5fee5900d10f","severity":"debug","timestamp":"2026-03-25T12:07:47.374409441Z"}
{"http.req.id":"2568d5d7-f0bc-491c-a8f5-5748ff8e84fe","http.req.method":"POST","http.req.path":"/setCurrency","http.resp.bytes":0,"http.resp.status":302,"http.resp.took_ms":0,"message":"request complete","session":"827eab86-1aba-4a15-8740-5fee5900d10f","severity":"debug","timestamp":"2026-03-25T12:07:47.374471381Z"}
{"http.req.id":"91959960-05ff-4713-98e9-ff271fb707ee","http.req.method":"GET","http.req.path":"/","message":"request started","session":"827eab86-1aba-4a15-8740-5fee5900d10f","severity":"debug","timestamp":"2026-03-25T12:07:47.376619244Z"}
{"currency":"TRY","http.req.id":"91959960-05ff-4713-98e9-ff271fb707ee","http.req.method":"GET","http.req.path":"/","message":"home","session":"827eab86-1aba-4a15-8740-5fee5900d10f","severity":"info","timestamp":"2026-03-25T12:07:47.376737133Z"}
env platform is either empty or invalid
{"http.req.id":"91959960-05ff-4713-98e9-ff271fb707ee","http.req.method":"GET","http.req.path":"/","message":"ENV_PLATFORM is: local","session":"827eab86-1aba-4a15-8740-5fee5900d10f","severity":"debug","timestamp":"2026-03-25T12:07:47.458152779Z"}
{"http.req.id":"91959960-05ff-4713-98e9-ff271fb707ee","http.req.method":"GET","http.req.path":"/","http.resp.bytes":10527,"http.resp.status":200,"http.resp.took_ms":85,"message":"request complete","session":"827eab86-1aba-4a15-8740-5fee5900d10f","severity":"debug","timestamp":"2026-03-25T12:07:47.462414272Z"}
{"http.req.id":"cf281a59-d248-4fa6-a961-21fadf72d785","http.req.method":"GET","http.req.path":"/product/2ZYFJ3GM2N","message":"request started","session":"df4ce93a-5d92-40a8-93c2-540bf11bbb4d","severity":"debug","timestamp":"2026-03-25T12:07:47.843154044Z"}
{"currency":"TRY","http.req.id":"cf281a59-d248-4fa6-a961-21fadf72d785","http.req.method":"GET","http.req.path":"/product/2ZYFJ3GM2N","id":"2ZYFJ3GM2N","message":"serving product page","session":"df4ce93a-5d92-40a8-93c2-540bf11bbb4d","severity":"debug","timestamp":"2026-03-25T12:07:47.843268865Z"}
{"http.req.id":"cf281a59-d248-4fa6-a961-21fadf72d785","http.req.method":"GET","http.req.path":"/product/2ZYFJ3GM2N","http.resp.bytes":7987,"http.resp.status":200,"http.resp.took_ms":16,"message":"request complete","session":"df4ce93a-5d92-40a8-93c2-540bf11bbb4d","severity":"debug","timestamp":"2026-03-25T12:07:47.859684335Z"}
{"http.req.id":"2c1f8b64-b713-4073-9de6-8500db25e248","http.req.method":"GET","http.req.path":"/_healthz","message":"request started","session":"x-liveness-probe","severity":"debug","timestamp":"2026-03-25T12:07:48.857365493Z"}
{"http.req.id":"2c1f8b64-b713-4073-9de6-8500db25e248","http.req.method":"GET","http.req.path":"/_healthz","http.resp.bytes":2,"http.resp.status":200,"http.resp.took_ms":0,"message":"request complete","session":"x-liveness-probe","severity":"debug","timestamp":"2026-03-25T12:07:48.857445848Z"}
{"http.req.id":"3a87ba15-c173-4191-a2fa-95c029bfcad9","http.req.method":"GET","http.req.path":"/product/6E92ZMYYFZ","message":"request started","session":"514e00c6-206e-4c6e-873f-852b796455de","severity":"debug","timestamp":"2026-03-25T12:07:49.53255054Z"}
{"currency":"GBP","http.req.id":"3a87ba15-c173-4191-a2fa-95c029bfcad9","http.req.method":"GET","http.req.path":"/product/6E92ZMYYFZ","id":"6E92ZMYYFZ","message":"serving product page","session":"514e00c6-206e-4c6e-873f-852b796455de","severity":"debug","timestamp":"2026-03-25T12:07:49.53270484Z"}
{"http.req.id":"3a87ba15-c173-4191-a2fa-95c029bfcad9","http.req.method":"GET","http.req.path":"/product/6E92ZMYYFZ","http.resp.bytes":8030,"http.resp.status":200,"http.resp.took_ms":16,"message":"request complete","session":"514e00c6-206e-4c6e-873f-852b796455de","severity":"debug","timestamp":"2026-03-25T12:07:49.54924649Z"}
{"http.req.id":"4ab5c97e-78ea-4e07-b22d-54b815356fe3","http.req.method":"GET","http.req.path":"/product/66VCHSJNUP","message":"request started","session":"32217267-98ca-4d66-9fc8-3f088b8def0f","severity":"debug","timestamp":"2026-03-25T12:07:50.446253727Z"}
{"currency":"JPY","http.req.id":"4ab5c97e-78ea-4e07-b22d-54b815356fe3","http.req.method":"GET","http.req.path":"/product/66VCHSJNUP","id":"66VCHSJNUP","message":"serving product page","session":"32217267-98ca-4d66-9fc8-3f088b8def0f","severity":"debug","timestamp":"2026-03-25T12:07:50.446376611Z"}
{"http.req.id":"4ab5c97e-78ea-4e07-b22d-54b815356fe3","http.req.method":"GET","http.req.path":"/product/66VCHSJNUP","http.resp.bytes":7956,"http.resp.status":200,"http.resp.took_ms":14,"message":"request complete","session":"32217267-98ca-4d66-9fc8-3f088b8def0f","severity":"debug","timestamp":"2026-03-25T12:07:50.460843764Z"}
{"http.req.id":"ac3d62b8-bc44-4cec-8712-18c36387d6e2","http.req.method":"GET","http.req.path":"/product/OLJCESPC7Z","message":"request started","session":"513dd945-739c-4fe3-8e54-6e6927fbb733","severity":"debug","timestamp":"2026-03-25T12:07:50.538491069Z"}
{"currency":"TRY","http.req.id":"ac3d62b8-bc44-4cec-8712-18c36387d6e2","http.req.method":"GET","http.req.path":"/product/OLJCESPC7Z","id":"OLJCESPC7Z","message":"serving product page","session":"513dd945-739c-4fe3-8e54-6e6927fbb733","severity":"debug","timestamp":"2026-03-25T12:07:50.53863521Z"}
{"http.req.id":"ac3d62b8-bc44-4cec-8712-18c36387d6e2","http.req.method":"GET","http.req.path":"/product/OLJCESPC7Z","http.resp.bytes":7946,"http.resp.status":200,"http.resp.took_ms":32,"message":"request complete","session":"513dd945-739c-4fe3-8e54-6e6927fbb733","severity":"debug","timestamp":"2026-03-25T12:07:50.570812155Z"}
{"http.req.id":"cb1a318e-8a7b-4a16-ad5c-cadedeedc7fe","http.req.method":"GET","http.req.path":"/product/OLJCESPC7Z","message":"request started","session":"a38c2610-1665-4c93-8051-4c451f5de325","severity":"debug","timestamp":"2026-03-25T12:07:51.58572836Z"}
{"currency":"GBP","http.req.id":"cb1a318e-8a7b-4a16-ad5c-cadedeedc7fe","http.req.method":"GET","http.req.path":"/product/OLJCESPC7Z","id":"OLJCESPC7Z","message":"serving product page","session":"a38c2610-1665-4c93-8051-4c451f5de325","severity":"debug","timestamp":"2026-03-25T12:07:51.587050275Z"}
{"http.req.id":"cb1a318e-8a7b-4a16-ad5c-cadedeedc7fe","http.req.method":"GET","http.req.path":"/product/OLJCESPC7Z","http.resp.bytes":8069,"http.resp.status":200,"http.resp.took_ms":77,"message":"request complete","session":"a38c2610-1665-4c93-8051-4c451f5de325","severity":"debug","timestamp":"2026-03-25T12:07:51.663284795Z"}
{"http.req.id":"59ba9354-7b8d-41be-bc33-d9af0a111698","http.req.method":"GET","http.req.path":"/_healthz","message":"request started","session":"x-readiness-probe","severity":"debug","timestamp":"2026-03-25T12:07:52.110948163Z"}
{"http.req.id":"59ba9354-7b8d-41be-bc33-d9af0a111698","http.req.method":"GET","http.req.path":"/_healthz","http.resp.bytes":2,"http.resp.status":200,"http.resp.took_ms":0,"message":"request complete","session":"x-readiness-probe","severity":"debug","timestamp":"2026-03-25T12:07:52.111040973Z"}
{"http.req.id":"3e7916b5-213e-4fa4-9849-3a69b946f812","http.req.method":"GET","http.req.path":"/cart","message":"request started","session":"2d3bf3d7-22b5-49c9-8227-12126292f393","severity":"debug","timestamp":"2026-03-25T12:07:52.631307098Z"}
{"http.req.id":"3e7916b5-213e-4fa4-9849-3a69b946f812","http.req.method":"GET","http.req.path":"/cart","message":"view user cart","session":"2d3bf3d7-22b5-49c9-8227-12126292f393","severity":"debug","timestamp":"2026-03-25T12:07:52.631381837Z"}
{"http.req.id":"3e7916b5-213e-4fa4-9849-3a69b946f812","http.req.method":"GET","http.req.path":"/cart","http.resp.bytes":6898,"http.resp.status":200,"http.resp.took_ms":13,"message":"request complete","session":"2d3bf3d7-22b5-49c9-8227-12126292f393","severity":"debug","timestamp":"2026-03-25T12:07:52.644977216Z"}
{"http.req.id":"bf714d8f-180b-4ac1-a539-c10d557262ac","http.req.method":"GET","http.req.path":"/product/9SIQT8TOJO","message":"request started","session":"32217267-98ca-4d66-9fc8-3f088b8def0f","severity":"debug","timestamp":"2026-03-25T12:07:53.847269254Z"}
{"currency":"JPY","http.req.id":"bf714d8f-180b-4ac1-a539-c10d557262ac","http.req.method":"GET","http.req.path":"/product/9SIQT8TOJO","id":"9SIQT8TOJO","message":"serving product page","session":"32217267-98ca-4d66-9fc8-3f088b8def0f","severity":"debug","timestamp":"2026-03-25T12:07:53.847365342Z"}
{"http.req.id":"bf714d8f-180b-4ac1-a539-c10d557262ac","http.req.method":"GET","http.req.path":"/product/9SIQT8TOJO","http.resp.bytes":7978,"http.resp.status":200,"http.resp.took_ms":18,"message":"request complete","session":"32217267-98ca-4d66-9fc8-3f088b8def0f","severity":"debug","timestamp":"2026-03-25T12:07:53.866210457Z"}
{"http.req.id":"f5baff9a-aa89-45ba-809f-b692374c87df","http.req.method":"GET","http.req.path":"/product/LS4PSXUNUM","message":"request started","session":"513dd945-739c-4fe3-8e54-6e6927fbb733","severity":"debug","timestamp":"2026-03-25T12:07:54.390618133Z"}
{"currency":"TRY","http.req.id":"f5baff9a-aa89-45ba-809f-b692374c87df","http.req.method":"GET","http.req.path":"/product/LS4PSXUNUM","id":"LS4PSXUNUM","message":"serving product page","session":"513dd945-739c-4fe3-8e54-6e6927fbb733","severity":"debug","timestamp":"2026-03-25T12:07:54.390697717Z"}
{"http.req.id":"f5baff9a-aa89-45ba-809f-b692374c87df","http.req.method":"GET","http.req.path":"/product/LS4PSXUNUM","http.resp.bytes":7944,"http.resp.status":200,"http.resp.took_ms":16,"message":"request complete","session":"513dd945-739c-4fe3-8e54-6e6927fbb733","severity":"debug","timestamp":"2026-03-25T12:07:54.40736005Z"}
{"http.req.id":"eefc84e4-ad23-49e8-8416-1cacabb08b31","http.req.method":"POST","http.req.path":"/setCurrency","message":"request started","session":"ecb080bf-5333-403f-9547-c8725d499228","severity":"debug","timestamp":"2026-03-25T12:07:54.50070044Z"}
{"curr.new":"JPY","curr.old":"TRY","http.req.id":"eefc84e4-ad23-49e8-8416-1cacabb08b31","http.req.method":"POST","http.req.path":"/setCurrency","message":"setting currency","session":"ecb080bf-5333-403f-9547-c8725d499228","severity":"debug","timestamp":"2026-03-25T12:07:54.500866272Z"}
{"http.req.id":"eefc84e4-ad23-49e8-8416-1cacabb08b31","http.req.method":"POST","http.req.path":"/setCurrency","http.resp.bytes":0,"http.resp.status":302,"http.resp.took_ms":0,"message":"request complete","session":"ecb080bf-5333-403f-9547-c8725d499228","severity":"debug","timestamp":"2026-03-25T12:07:54.500905466Z"}
{"http.req.id":"f6e75f5c-9660-422b-aa5f-835125b0eacb","http.req.method":"GET","http.req.path":"/","message":"request started","session":"ecb080bf-5333-403f-9547-c8725d499228","severity":"debug","timestamp":"2026-03-25T12:07:54.502169364Z"}
{"currency":"JPY","http.req.id":"f6e75f5c-9660-422b-aa5f-835125b0eacb","http.req.method":"GET","http.req.path":"/","message":"home","session":"ecb080bf-5333-403f-9547-c8725d499228","severity":"info","timestamp":"2026-03-25T12:07:54.502271127Z"}
env platform is either empty or invalid
{"http.req.id":"f6e75f5c-9660-422b-aa5f-835125b0eacb","http.req.method":"GET","http.req.path":"/","message":"ENV_PLATFORM is: local","session":"ecb080bf-5333-403f-9547-c8725d499228","severity":"debug","timestamp":"2026-03-25T12:07:54.526487766Z"}
{"http.req.id":"f6e75f5c-9660-422b-aa5f-835125b0eacb","http.req.method":"GET","http.req.path":"/","http.resp.bytes":10529,"http.resp.status":200,"http.resp.took_ms":27,"message":"request complete","session":"ecb080bf-5333-403f-9547-c8725d499228","severity":"debug","timestamp":"2026-03-25T12:07:54.52947402Z"}
{"http.req.id":"05b1177b-8ad5-442d-8e63-af18a6b45f5b","http.req.method":"GET","http.req.path":"/cart","message":"request started","session":"827eab86-1aba-4a15-8740-5fee5900d10f","severity":"debug","timestamp":"2026-03-25T12:07:54.755507405Z"}
{"http.req.id":"05b1177b-8ad5-442d-8e63-af18a6b45f5b","http.req.method":"GET","http.req.path":"/cart","message":"view user cart","session":"827eab86-1aba-4a15-8740-5fee5900d10f","severity":"debug","timestamp":"2026-03-25T12:07:54.755566103Z"}
{"http.req.id":"05b1177b-8ad5-442d-8e63-af18a6b45f5b","http.req.method":"GET","http.req.path":"/cart","http.resp.bytes":6847,"http.resp.status":200,"http.resp.took_ms":20,"message":"request complete","session":"827eab86-1aba-4a15-8740-5fee5900d10f","severity":"debug","timestamp":"2026-03-25T12:07:54.776340075Z"}
{"http.req.id":"1ecadb1d-0233-4ba7-a7fd-911b3f652624","http.req.method":"GET","http.req.path":"/cart","message":"request started","session":"694745d8-a179-4c65-83d6-9ed873a7b94b","severity":"debug","timestamp":"2026-03-25T12:07:55.148253356Z"}
{"http.req.id":"1ecadb1d-0233-4ba7-a7fd-911b3f652624","http.req.method":"GET","http.req.path":"/cart","message":"view user cart","session":"694745d8-a179-4c65-83d6-9ed873a7b94b","severity":"debug","timestamp":"2026-03-25T12:07:55.148345858Z"}
{"http.req.id":"1ecadb1d-0233-4ba7-a7fd-911b3f652624","http.req.method":"GET","http.req.path":"/cart","http.resp.bytes":16427,"http.resp.status":200,"http.resp.took_ms":16,"message":"request complete","session":"694745d8-a179-4c65-83d6-9ed873a7b94b","severity":"debug","timestamp":"2026-03-25T12:07:55.164908978Z"}
{"http.req.id":"dc0b6395-6cf4-4b5f-96e1-82f32a20c83c","http.req.method":"GET","http.req.path":"/product/9SIQT8TOJO","message":"request started","session":"fcb2831f-0627-4791-ac1d-23821dc5b140","severity":"debug","timestamp":"2026-03-25T12:07:55.70793521Z"}
{"currency":"EUR","http.req.id":"dc0b6395-6cf4-4b5f-96e1-82f32a20c83c","http.req.method":"GET","http.req.path":"/product/9SIQT8TOJO","id":"9SIQT8TOJO","message":"serving product page","session":"fcb2831f-0627-4791-ac1d-23821dc5b140","severity":"debug","timestamp":"2026-03-25T12:07:55.708040564Z"}
{"http.req.id":"dc0b6395-6cf4-4b5f-96e1-82f32a20c83c","http.req.method":"GET","http.req.path":"/product/9SIQT8TOJO","http.resp.bytes":8058,"http.resp.status":200,"http.resp.took_ms":20,"message":"request complete","session":"fcb2831f-0627-4791-ac1d-23821dc5b140","severity":"debug","timestamp":"2026-03-25T12:07:55.728720661Z"}
{"http.req.id":"f270c800-75d9-47ea-8c47-b6b7b28043ae","http.req.method":"GET","http.req.path":"/product/2ZYFJ3GM2N","message":"request started","session":"a38c2610-1665-4c93-8051-4c451f5de325","severity":"debug","timestamp":"2026-03-25T12:07:57.011249486Z"}
{"currency":"GBP","http.req.id":"f270c800-75d9-47ea-8c47-b6b7b28043ae","http.req.method":"GET","http.req.path":"/product/2ZYFJ3GM2N","id":"2ZYFJ3GM2N","message":"serving product page","session":"a38c2610-1665-4c93-8051-4c451f5de325","severity":"debug","timestamp":"2026-03-25T12:07:57.011346708Z"}
{"http.req.id":"f270c800-75d9-47ea-8c47-b6b7b28043ae","http.req.method":"GET","http.req.path":"/product/2ZYFJ3GM2N","http.resp.bytes":8070,"http.resp.status":200,"http.resp.took_ms":46,"message":"request complete","session":"a38c2610-1665-4c93-8051-4c451f5de325","severity":"debug","timestamp":"2026-03-25T12:07:57.057870354Z"}
{"http.req.id":"89632e52-0a85-4710-b68a-a7901b3b5015","http.req.method":"POST","http.req.path":"/cart","message":"request started","session":"a38c2610-1665-4c93-8051-4c451f5de325","severity":"debug","timestamp":"2026-03-25T12:07:57.059298136Z"}
{"http.req.id":"89632e52-0a85-4710-b68a-a7901b3b5015","http.req.method":"POST","http.req.path":"/cart","message":"adding to cart","product":"2ZYFJ3GM2N","quantity":6,"session":"a38c2610-1665-4c93-8051-4c451f5de325","severity":"debug","timestamp":"2026-03-25T12:07:57.059501955Z"}
{"http.req.id":"89632e52-0a85-4710-b68a-a7901b3b5015","http.req.method":"POST","http.req.path":"/cart","http.resp.bytes":0,"http.resp.status":302,"http.resp.took_ms":17,"message":"request complete","session":"a38c2610-1665-4c93-8051-4c451f5de325","severity":"debug","timestamp":"2026-03-25T12:07:57.076744425Z"}
{"http.req.id":"24e998de-fa31-4f89-af88-406090bdc421","http.req.method":"GET","http.req.path":"/cart","message":"request started","session":"a38c2610-1665-4c93-8051-4c451f5de325","severity":"debug","timestamp":"2026-03-25T12:07:57.07804407Z"}
{"http.req.id":"24e998de-fa31-4f89-af88-406090bdc421","http.req.method":"GET","http.req.path":"/cart","message":"view user cart","session":"a38c2610-1665-4c93-8051-4c451f5de325","severity":"debug","timestamp":"2026-03-25T12:07:57.078105283Z"}
{"http.req.id":"24e998de-fa31-4f89-af88-406090bdc421","http.req.method":"GET","http.req.path":"/cart","http.resp.bytes":19303,"http.resp.status":200,"http.resp.took_ms":100,"message":"request complete","session":"a38c2610-1665-4c93-8051-4c451f5de325","severity":"debug","timestamp":"2026-03-25T12:07:57.178100102Z"}
