{"http.req.id":"7a0b9d3f-5fb9-447f-a46e-9ceafd0736d7","http.req.method":"GET","http.req.path":"/","message":"ENV_PLATFORM is: local","session":"ec0b6821-5225-4ee8-8ec0-1e3bbbdffabb","severity":"debug","timestamp":"2026-03-06T06:02:47.414970482Z"}
{"http.req.id":"7a0b9d3f-5fb9-447f-a46e-9ceafd0736d7","http.req.method":"GET","http.req.path":"/","http.resp.bytes":10499,"http.resp.status":200,"http.resp.took_ms":57,"message":"request complete","session":"ec0b6821-5225-4ee8-8ec0-1e3bbbdffabb","severity":"debug","timestamp":"2026-03-06T06:02:47.41796552Z"}
{"http.req.id":"be579baf-d904-43da-a246-6e1705f9fd36","http.req.method":"GET","http.req.path":"/product/66VCHSJNUP","message":"request started","session":"d7d3227d-0824-4f40-a472-c039f0192426","severity":"debug","timestamp":"2026-03-06T06:02:47.595967015Z"}
{"currency":"JPY","http.req.id":"be579baf-d904-43da-a246-6e1705f9fd36","http.req.method":"GET","http.req.path":"/product/66VCHSJNUP","id":"66VCHSJNUP","message":"serving product page","session":"d7d3227d-0824-4f40-a472-c039f0192426","severity":"debug","timestamp":"2026-03-06T06:02:47.596094415Z"}
{"http.req.id":"be579baf-d904-43da-a246-6e1705f9fd36","http.req.method":"GET","http.req.path":"/product/66VCHSJNUP","http.resp.bytes":8021,"http.resp.status":200,"http.resp.took_ms":23,"message":"request complete","session":"d7d3227d-0824-4f40-a472-c039f0192426","severity":"debug","timestamp":"2026-03-06T06:02:47.619131926Z"}
{"http.req.id":"178c26c8-5780-42d6-8149-52d502815eef","http.req.method":"GET","http.req.path":"/_healthz","message":"request started","session":"x-liveness-probe","severity":"debug","timestamp":"2026-03-06T06:02:48.433548772Z"}
{"http.req.id":"178c26c8-5780-42d6-8149-52d502815eef","http.req.method":"GET","http.req.path":"/_healthz","http.resp.bytes":2,"http.resp.status":200,"http.resp.took_ms":0,"message":"request complete","session":"x-liveness-probe","severity":"debug","timestamp":"2026-03-06T06:02:48.433644402Z"}
{"http.req.id":"9e144e20-fb94-44ff-aaad-cda10dd99fda","http.req.method":"GET","http.req.path":"/cart","message":"request started","session":"6e21104e-b0bf-4a85-b5c2-ac5af92fa69e","severity":"debug","timestamp":"2026-03-06T06:02:48.695945691Z"}
{"http.req.id":"9e144e20-fb94-44ff-aaad-cda10dd99fda","http.req.method":"GET","http.req.path":"/cart","message":"view user cart","session":"6e21104e-b0bf-4a85-b5c2-ac5af92fa69e","severity":"debug","timestamp":"2026-03-06T06:02:48.696022106Z"}
{"http.req.id":"9e144e20-fb94-44ff-aaad-cda10dd99fda","http.req.method":"GET","http.req.path":"/cart","http.resp.bytes":16439,"http.resp.status":200,"http.resp.took_ms":12,"message":"request complete","session":"6e21104e-b0bf-4a85-b5c2-ac5af92fa69e","severity":"debug","timestamp":"2026-03-06T06:02:48.708432563Z"}
{"http.req.id":"1c36a184-6d8f-41f0-9383-84832d25c86b","http.req.method":"GET","http.req.path":"/cart","message":"request started","session":"89995d91-ad5c-4838-8317-c04497a5d805","severity":"debug","timestamp":"2026-03-06T06:02:48.969153181Z"}
{"http.req.id":"1c36a184-6d8f-41f0-9383-84832d25c86b","http.req.method":"GET","http.req.path":"/cart","message":"view user cart","session":"89995d91-ad5c-4838-8317-c04497a5d805","severity":"debug","timestamp":"2026-03-06T06:02:48.969300564Z"}
{"http.req.id":"1c36a184-6d8f-41f0-9383-84832d25c86b","http.req.method":"GET","http.req.path":"/cart","http.resp.bytes":17898,"http.resp.status":200,"http.resp.took_ms":20,"message":"request complete","session":"89995d91-ad5c-4838-8317-c04497a5d805","severity":"debug","timestamp":"2026-03-06T06:02:48.989567932Z"}
{"http.req.id":"173170e4-0fc5-4ea4-a2ca-7d2221b8499a","http.req.method":"GET","http.req.path":"/cart","message":"request started","session":"f9734e3a-0615-43dc-908b-1b8be30715f4","severity":"debug","timestamp":"2026-03-06T06:02:49.316043395Z"}
{"http.req.id":"173170e4-0fc5-4ea4-a2ca-7d2221b8499a","http.req.method":"GET","http.req.path":"/cart","message":"view user cart","session":"f9734e3a-0615-43dc-908b-1b8be30715f4","severity":"debug","timestamp":"2026-03-06T06:02:49.316145566Z"}
{"http.req.id":"173170e4-0fc5-4ea4-a2ca-7d2221b8499a","http.req.method":"GET","http.req.path":"/cart","http.resp.bytes":6839,"http.resp.status":200,"http.resp.took_ms":21,"message":"request complete","session":"f9734e3a-0615-43dc-908b-1b8be30715f4","severity":"debug","timestamp":"2026-03-06T06:02:49.33727749Z"}
{"http.req.id":"df1b5cc3-a4ca-4d5e-8c2c-8833686e15f9","http.req.method":"POST","http.req.path":"/setCurrency","message":"request started","session":"b1a1fb98-93d6-41f8-9605-e0c8a82d1d3c","severity":"debug","timestamp":"2026-03-06T06:02:49.905623417Z"}
{"curr.new":"USD","curr.old":"JPY","http.req.id":"df1b5cc3-a4ca-4d5e-8c2c-8833686e15f9","http.req.method":"POST","http.req.path":"/setCurrency","message":"setting currency","session":"b1a1fb98-93d6-41f8-9605-e0c8a82d1d3c","severity":"debug","timestamp":"2026-03-06T06:02:49.905758293Z"}
{"http.req.id":"df1b5cc3-a4ca-4d5e-8c2c-8833686e15f9","http.req.method":"POST","http.req.path":"/setCurrency","http.resp.bytes":0,"http.resp.status":302,"http.resp.took_ms":0,"message":"request complete","session":"b1a1fb98-93d6-41f8-9605-e0c8a82d1d3c","severity":"debug","timestamp":"2026-03-06T06:02:49.90579282Z"}
{"http.req.id":"08cc5f40-6f0d-462a-8dfb-e2cf598b6ade","http.req.method":"GET","http.req.path":"/","message":"request started","session":"b1a1fb98-93d6-41f8-9605-e0c8a82d1d3c","severity":"debug","timestamp":"2026-03-06T06:02:49.907464136Z"}
{"currency":"USD","http.req.id":"08cc5f40-6f0d-462a-8dfb-e2cf598b6ade","http.req.method":"GET","http.req.path":"/","message":"home","session":"b1a1fb98-93d6-41f8-9605-e0c8a82d1d3c","severity":"info","timestamp":"2026-03-06T06:02:49.907544729Z"}
env platform is either empty or invalid
{"http.req.id":"08cc5f40-6f0d-462a-8dfb-e2cf598b6ade","http.req.method":"GET","http.req.path":"/","message":"ENV_PLATFORM is: local","session":"b1a1fb98-93d6-41f8-9605-e0c8a82d1d3c","severity":"debug","timestamp":"2026-03-06T06:02:49.938750766Z"}
{"http.req.id":"08cc5f40-6f0d-462a-8dfb-e2cf598b6ade","http.req.method":"GET","http.req.path":"/","http.resp.bytes":10588,"http.resp.status":200,"http.resp.took_ms":33,"message":"request complete","session":"b1a1fb98-93d6-41f8-9605-e0c8a82d1d3c","severity":"debug","timestamp":"2026-03-06T06:02:49.941168641Z"}
{"http.req.id":"f514faf8-a897-4320-89cc-1631d1554706","http.req.method":"GET","http.req.path":"/_healthz","message":"request started","session":"x-readiness-probe","severity":"debug","timestamp":"2026-03-06T06:02:51.163586684Z"}
{"http.req.id":"f514faf8-a897-4320-89cc-1631d1554706","http.req.method":"GET","http.req.path":"/_healthz","http.resp.bytes":2,"http.resp.status":200,"http.resp.took_ms":0,"message":"request complete","session":"x-readiness-probe","severity":"debug","timestamp":"2026-03-06T06:02:51.163728288Z"}
{"http.req.id":"08ea5727-913f-4fe4-a91d-99859e89f094","http.req.method":"GET","http.req.path":"/product/L9ECAV7KIM","message":"request started","session":"89995d91-ad5c-4838-8317-c04497a5d805","severity":"debug","timestamp":"2026-03-06T06:02:51.371395037Z"}
{"currency":"CAD","http.req.id":"08ea5727-913f-4fe4-a91d-99859e89f094","http.req.method":"GET","http.req.path":"/product/L9ECAV7KIM","id":"L9ECAV7KIM","message":"serving product page","session":"89995d91-ad5c-4838-8317-c04497a5d805","severity":"debug","timestamp":"2026-03-06T06:02:51.371512599Z"}
{"http.req.id":"08ea5727-913f-4fe4-a91d-99859e89f094","http.req.method":"GET","http.req.path":"/product/L9ECAV7KIM","http.resp.bytes":8031,"http.resp.status":200,"http.resp.took_ms":22,"message":"request complete","session":"89995d91-ad5c-4838-8317-c04497a5d805","severity":"debug","timestamp":"2026-03-06T06:02:51.394126521Z"}
{"http.req.id":"3c2bd3de-982b-4440-9540-091488d6f6d1","http.req.method":"POST","http.req.path":"/setCurrency","message":"request started","session":"0994b18b-93e7-4775-a2c5-e29dc0e6d5bb","severity":"debug","timestamp":"2026-03-06T06:02:52.144837033Z"}
{"curr.new":"GBP","curr.old":"GBP","http.req.id":"3c2bd3de-982b-4440-9540-091488d6f6d1","http.req.method":"POST","http.req.path":"/setCurrency","message":"setting currency","session":"0994b18b-93e7-4775-a2c5-e29dc0e6d5bb","severity":"debug","timestamp":"2026-03-06T06:02:52.144966972Z"}
{"http.req.id":"3c2bd3de-982b-4440-9540-091488d6f6d1","http.req.method":"POST","http.req.path":"/setCurrency","http.resp.bytes":0,"http.resp.status":302,"http.resp.took_ms":0,"message":"request complete","session":"0994b18b-93e7-4775-a2c5-e29dc0e6d5bb","severity":"debug","timestamp":"2026-03-06T06:02:52.145002975Z"}
{"http.req.id":"caf5d786-4063-4ed0-99a2-ab3bf51c14d0","http.req.method":"GET","http.req.path":"/","message":"request started","session":"0994b18b-93e7-4775-a2c5-e29dc0e6d5bb","severity":"debug","timestamp":"2026-03-06T06:02:52.145909662Z"}
{"currency":"GBP","http.req.id":"caf5d786-4063-4ed0-99a2-ab3bf51c14d0","http.req.method":"GET","http.req.path":"/","message":"home","session":"0994b18b-93e7-4775-a2c5-e29dc0e6d5bb","severity":"info","timestamp":"2026-03-06T06:02:52.145952409Z"}
env platform is either empty or invalid
{"http.req.id":"caf5d786-4063-4ed0-99a2-ab3bf51c14d0","http.req.method":"GET","http.req.path":"/","message":"ENV_PLATFORM is: local","session":"0994b18b-93e7-4775-a2c5-e29dc0e6d5bb","severity":"debug","timestamp":"2026-03-06T06:02:52.167441651Z"}
{"http.req.id":"caf5d786-4063-4ed0-99a2-ab3bf51c14d0","http.req.method":"GET","http.req.path":"/","http.resp.bytes":10508,"http.resp.status":200,"http.resp.took_ms":23,"message":"request complete","session":"0994b18b-93e7-4775-a2c5-e29dc0e6d5bb","severity":"debug","timestamp":"2026-03-06T06:02:52.169655152Z"}
{"http.req.id":"cf424f51-ccc6-4403-aac4-32acea949162","http.req.method":"GET","http.req.path":"/product/1YMWWN1N4O","message":"request started","session":"eed418e8-7ab1-4992-b9a1-40aeb0d3dc43","severity":"debug","timestamp":"2026-03-06T06:02:52.774498614Z"}
{"currency":"GBP","http.req.id":"cf424f51-ccc6-4403-aac4-32acea949162","http.req.method":"GET","http.req.path":"/product/1YMWWN1N4O","id":"1YMWWN1N4O","message":"serving product page","session":"eed418e8-7ab1-4992-b9a1-40aeb0d3dc43","severity":"debug","timestamp":"2026-03-06T06:02:52.774647394Z"}
{"http.req.id":"cf424f51-ccc6-4403-aac4-32acea949162","http.req.method":"GET","http.req.path":"/product/1YMWWN1N4O","http.resp.bytes":7961,"http.resp.status":200,"http.resp.took_ms":14,"message":"request complete","session":"eed418e8-7ab1-4992-b9a1-40aeb0d3dc43","severity":"debug","timestamp":"2026-03-06T06:02:52.788828971Z"}
{"http.req.id":"73be647d-6ed6-4795-b3a9-312bbcd21d88","http.req.method":"GET","http.req.path":"/product/1YMWWN1N4O","message":"request started","session":"fa2d8e54-c567-4c66-b702-8bb183ef4a46","severity":"debug","timestamp":"2026-03-06T06:02:52.983420045Z"}
{"currency":"GBP","http.req.id":"73be647d-6ed6-4795-b3a9-312bbcd21d88","http.req.method":"GET","http.req.path":"/product/1YMWWN1N4O","id":"1YMWWN1N4O","message":"serving product page","session":"fa2d8e54-c567-4c66-b702-8bb183ef4a46","severity":"debug","timestamp":"2026-03-06T06:02:52.983549641Z"}
{"http.req.id":"73be647d-6ed6-4795-b3a9-312bbcd21d88","http.req.method":"GET","http.req.path":"/product/1YMWWN1N4O","http.resp.bytes":7999,"http.resp.status":200,"http.resp.took_ms":12,"message":"request complete","session":"fa2d8e54-c567-4c66-b702-8bb183ef4a46","severity":"debug","timestamp":"2026-03-06T06:02:52.995619511Z"}
{"http.req.id":"f7634c83-c98a-4144-92c0-516870ae17f6","http.req.method":"POST","http.req.path":"/cart","message":"request started","session":"fa2d8e54-c567-4c66-b702-8bb183ef4a46","severity":"debug","timestamp":"2026-03-06T06:02:52.996289972Z"}
{"http.req.id":"f7634c83-c98a-4144-92c0-516870ae17f6","http.req.method":"POST","http.req.path":"/cart","message":"adding to cart","product":"1YMWWN1N4O","quantity":6,"session":"fa2d8e54-c567-4c66-b702-8bb183ef4a46","severity":"debug","timestamp":"2026-03-06T06:02:52.996397684Z"}
{"http.req.id":"f7634c83-c98a-4144-92c0-516870ae17f6","http.req.method":"POST","http.req.path":"/cart","http.resp.bytes":0,"http.resp.status":302,"http.resp.took_ms":2,"message":"request complete","session":"fa2d8e54-c567-4c66-b702-8bb183ef4a46","severity":"debug","timestamp":"2026-03-06T06:02:52.998450818Z"}
{"http.req.id":"13a191c0-a39b-4f31-a44b-fb7286fa2a2d","http.req.method":"GET","http.req.path":"/cart","message":"request started","session":"fa2d8e54-c567-4c66-b702-8bb183ef4a46","severity":"debug","timestamp":"2026-03-06T06:02:52.999061169Z"}
{"http.req.id":"13a191c0-a39b-4f31-a44b-fb7286fa2a2d","http.req.method":"GET","http.req.path":"/cart","message":"view user cart","session":"fa2d8e54-c567-4c66-b702-8bb183ef4a46","severity":"debug","timestamp":"2026-03-06T06:02:52.999100524Z"}
{"http.req.id":"13a191c0-a39b-4f31-a44b-fb7286fa2a2d","http.req.method":"GET","http.req.path":"/cart","http.resp.bytes":16425,"http.resp.status":200,"http.resp.took_ms":9,"message":"request complete","session":"fa2d8e54-c567-4c66-b702-8bb183ef4a46","severity":"debug","timestamp":"2026-03-06T06:02:53.008250938Z"}
{"http.req.id":"9709a62e-7936-4ac2-9b8e-21b6c8df1094","http.req.method":"GET","http.req.path":"/product/OLJCESPC7Z","message":"request started","session":"3e105862-e07a-48bd-9f67-033f05224f8f","severity":"debug","timestamp":"2026-03-06T06:02:53.404644008Z"}
{"currency":"TRY","http.req.id":"9709a62e-7936-4ac2-9b8e-21b6c8df1094","http.req.method":"GET","http.req.path":"/product/OLJCESPC7Z","id":"OLJCESPC7Z","message":"serving product page","session":"3e105862-e07a-48bd-9f67-033f05224f8f","severity":"debug","timestamp":"2026-03-06T06:02:53.404708084Z"}
{"http.req.id":"9709a62e-7936-4ac2-9b8e-21b6c8df1094","http.req.method":"GET","http.req.path":"/product/OLJCESPC7Z","http.resp.bytes":7988,"http.resp.status":200,"http.resp.took_ms":12,"message":"request complete","session":"3e105862-e07a-48bd-9f67-033f05224f8f","severity":"debug","timestamp":"2026-03-06T06:02:53.417012629Z"}
{"http.req.id":"394db5b3-fd57-49bf-9b9c-88958b38575f","http.req.method":"POST","http.req.path":"/cart","message":"request started","session":"3e105862-e07a-48bd-9f67-033f05224f8f","severity":"debug","timestamp":"2026-03-06T06:02:53.417685601Z"}
{"http.req.id":"394db5b3-fd57-49bf-9b9c-88958b38575f","http.req.method":"POST","http.req.path":"/cart","message":"adding to cart","product":"OLJCESPC7Z","quantity":2,"session":"3e105862-e07a-48bd-9f67-033f05224f8f","severity":"debug","timestamp":"2026-03-06T06:02:53.417790964Z"}
{"http.req.id":"394db5b3-fd57-49bf-9b9c-88958b38575f","http.req.method":"POST","http.req.path":"/cart","http.resp.bytes":0,"http.resp.status":302,"http.resp.took_ms":1,"message":"request complete","session":"3e105862-e07a-48bd-9f67-033f05224f8f","severity":"debug","timestamp":"2026-03-06T06:02:53.419440112Z"}
{"http.req.id":"5b7427fc-4999-4659-8622-81362e4b6510","http.req.method":"GET","http.req.path":"/cart","message":"request started","session":"3e105862-e07a-48bd-9f67-033f05224f8f","severity":"debug","timestamp":"2026-03-06T06:02:53.42004281Z"}
{"http.req.id":"5b7427fc-4999-4659-8622-81362e4b6510","http.req.method":"GET","http.req.path":"/cart","message":"view user cart","session":"3e105862-e07a-48bd-9f67-033f05224f8f","severity":"debug","timestamp":"2026-03-06T06:02:53.420076879Z"}
{"http.req.id":"5b7427fc-4999-4659-8622-81362e4b6510","http.req.method":"GET","http.req.path":"/cart","http.resp.bytes":16470,"http.resp.status":200,"http.resp.took_ms":10,"message":"request complete","session":"3e105862-e07a-48bd-9f67-033f05224f8f","severity":"debug","timestamp":"2026-03-06T06:02:53.430435914Z"}
{"http.req.id":"97214b09-9fe4-47d3-a46c-ebbf41f5a541","http.req.method":"POST","http.req.path":"/cart/checkout","message":"request started","session":"3e105862-e07a-48bd-9f67-033f05224f8f","severity":"debug","timestamp":"2026-03-06T06:02:53.431760043Z"}
{"http.req.id":"97214b09-9fe4-47d3-a46c-ebbf41f5a541","http.req.method":"POST","http.req.path":"/cart/checkout","message":"placing order","session":"3e105862-e07a-48bd-9f67-033f05224f8f","severity":"debug","timestamp":"2026-03-06T06:02:53.431811673Z"}
{"http.req.id":"97214b09-9fe4-47d3-a46c-ebbf41f5a541","http.req.method":"POST","http.req.path":"/cart/checkout","message":"order placed","order":"1d2dd834-1922-11f1-af47-fabc357e427c","session":"3e105862-e07a-48bd-9f67-033f05224f8f","severity":"info","timestamp":"2026-03-06T06:02:53.440513506Z"}
{"http.req.id":"97214b09-9fe4-47d3-a46c-ebbf41f5a541","http.req.method":"POST","http.req.path":"/cart/checkout","http.resp.bytes":6807,"http.resp.status":200,"http.resp.took_ms":13,"message":"request complete","session":"3e105862-e07a-48bd-9f67-033f05224f8f","severity":"debug","timestamp":"2026-03-06T06:02:53.445619119Z"}
{"http.req.id":"787e5b06-6976-44d0-b105-369c4e738579","http.req.method":"GET","http.req.path":"/product/OLJCESPC7Z","message":"request started","session":"ec0b6821-5225-4ee8-8ec0-1e3bbbdffabb","severity":"debug","timestamp":"2026-03-06T06:02:53.510933354Z"}
{"currency":"USD","http.req.id":"787e5b06-6976-44d0-b105-369c4e738579","http.req.method":"GET","http.req.path":"/product/OLJCESPC7Z","id":"OLJCESPC7Z","message":"serving product page","session":"ec0b6821-5225-4ee8-8ec0-1e3bbbdffabb","severity":"debug","timestamp":"2026-03-06T06:02:53.511010438Z"}
{"http.req.id":"787e5b06-6976-44d0-b105-369c4e738579","http.req.method":"GET","http.req.path":"/product/OLJCESPC7Z","http.resp.bytes":7969,"http.resp.status":200,"http.resp.took_ms":10,"message":"request complete","session":"ec0b6821-5225-4ee8-8ec0-1e3bbbdffabb","severity":"debug","timestamp":"2026-03-06T06:02:53.521580467Z"}
{"http.req.id":"9b828bf0-5f48-40f0-88c9-86da9d223c07","http.req.method":"GET","http.req.path":"/","message":"request started","session":"6e21104e-b0bf-4a85-b5c2-ac5af92fa69e","severity":"debug","timestamp":"2026-03-06T06:02:53.587080086Z"}
{"currency":"EUR","http.req.id":"9b828bf0-5f48-40f0-88c9-86da9d223c07","http.req.method":"GET","http.req.path":"/","message":"home","session":"6e21104e-b0bf-4a85-b5c2-ac5af92fa69e","severity":"info","timestamp":"2026-03-06T06:02:53.587168224Z"}
env platform is either empty or invalid
{"http.req.id":"9b828bf0-5f48-40f0-88c9-86da9d223c07","http.req.method":"GET","http.req.path":"/","message":"ENV_PLATFORM is: local","session":"6e21104e-b0bf-4a85-b5c2-ac5af92fa69e","severity":"debug","timestamp":"2026-03-06T06:02:53.603508558Z"}
{"http.req.id":"9b828bf0-5f48-40f0-88c9-86da9d223c07","http.req.method":"GET","http.req.path":"/","http.resp.bytes":10607,"http.resp.status":200,"http.resp.took_ms":19,"message":"request complete","session":"6e21104e-b0bf-4a85-b5c2-ac5af92fa69e","severity":"debug","timestamp":"2026-03-06T06:02:53.606147074Z"}
{"http.req.id":"f3f489dc-2fa5-4f4f-aaa6-118299e9d3ca","http.req.method":"GET","http.req.path":"/product/9SIQT8TOJO","message":"request started","session":"f9734e3a-0615-43dc-908b-1b8be30715f4","severity":"debug","timestamp":"2026-03-06T06:02:53.967916514Z"}
{"currency":"TRY","http.req.id":"f3f489dc-2fa5-4f4f-aaa6-118299e9d3ca","http.req.method":"GET","http.req.path":"/product/9SIQT8TOJO","id":"9SIQT8TOJO","message":"serving product page","session":"f9734e3a-0615-43dc-908b-1b8be30715f4","severity":"debug","timestamp":"2026-03-06T06:02:53.967975021Z"}
{"http.req.id":"f3f489dc-2fa5-4f4f-aaa6-118299e9d3ca","http.req.method":"GET","http.req.path":"/product/9SIQT8TOJO","http.resp.bytes":7987,"http.resp.status":200,"http.resp.took_ms":9,"message":"request complete","session":"f9734e3a-0615-43dc-908b-1b8be30715f4","severity":"debug","timestamp":"2026-03-06T06:02:53.976975393Z"}
{"http.req.id":"1e1e2fc0-ec5f-4ee4-914f-0cdb59e8df91","http.req.method":"POST","http.req.path":"/cart","message":"request started","session":"f9734e3a-0615-43dc-908b-1b8be30715f4","severity":"debug","timestamp":"2026-03-06T06:02:53.977738927Z"}
{"http.req.id":"1e1e2fc0-ec5f-4ee4-914f-0cdb59e8df91","http.req.method":"POST","http.req.path":"/cart","message":"adding to cart","product":"9SIQT8TOJO","quantity":10,"session":"f9734e3a-0615-43dc-908b-1b8be30715f4","severity":"debug","timestamp":"2026-03-06T06:02:53.977841486Z"}
{"http.req.id":"1e1e2fc0-ec5f-4ee4-914f-0cdb59e8df91","http.req.method":"POST","http.req.path":"/cart","http.resp.bytes":0,"http.resp.status":302,"http.resp.took_ms":1,"message":"request complete","session":"f9734e3a-0615-43dc-908b-1b8be30715f4","severity":"debug","timestamp":"2026-03-06T06:02:53.9795452Z"}
{"http.req.id":"eb26ada8-9c1e-4977-b9ef-c4cfb67a2c9c","http.req.method":"GET","http.req.path":"/cart","message":"request started","session":"f9734e3a-0615-43dc-908b-1b8be30715f4","severity":"debug","timestamp":"2026-03-06T06:02:53.98016962Z"}
{"http.req.id":"eb26ada8-9c1e-4977-b9ef-c4cfb67a2c9c","http.req.method":"GET","http.req.path":"/cart","message":"view user cart","session":"f9734e3a-0615-43dc-908b-1b8be30715f4","severity":"debug","timestamp":"2026-03-06T06:02:53.980208982Z"}
{"http.req.id":"eb26ada8-9c1e-4977-b9ef-c4cfb67a2c9c","http.req.method":"GET","http.req.path":"/cart","http.resp.bytes":16447,"http.resp.status":200,"http.resp.took_ms":8,"message":"request complete","session":"f9734e3a-0615-43dc-908b-1b8be30715f4","severity":"debug","timestamp":"2026-03-06T06:02:53.988998682Z"}
{"http.req.id":"16eeb59f-0287-48bd-b1f3-ef7a9cd0c2b2","http.req.method":"GET","http.req.path":"/product/OLJCESPC7Z","message":"request started","session":"d7d3227d-0824-4f40-a472-c039f0192426","severity":"debug","timestamp":"2026-03-06T06:02:54.02292535Z"}
{"currency":"JPY","http.req.id":"16eeb59f-0287-48bd-b1f3-ef7a9cd0c2b2","http.req.method":"GET","http.req.path":"/product/OLJCESPC7Z","id":"OLJCESPC7Z","message":"serving product page","session":"d7d3227d-0824-4f40-a472-c039f0192426","severity":"debug","timestamp":"2026-03-06T06:02:54.022966139Z"}
{"http.req.id":"16eeb59f-0287-48bd-b1f3-ef7a9cd0c2b2","http.req.method":"GET","http.req.path":"/product/OLJCESPC7Z","http.resp.bytes":8056,"http.resp.status":200,"http.resp.took_ms":9,"message":"request complete","session":"d7d3227d-0824-4f40-a472-c039f0192426","severity":"debug","timestamp":"2026-03-06T06:02:54.032238748Z"}
{"http.req.id":"90652a8c-9c3a-44a5-a677-2dee7d0c51fd","http.req.method":"GET","http.req.path":"/product/LS4PSXUNUM","message":"request started","session":"d7d3227d-0824-4f40-a472-c039f0192426","severity":"debug","timestamp":"2026-03-06T06:02:55.077664138Z"}
{"currency":"JPY","http.req.id":"90652a8c-9c3a-44a5-a677-2dee7d0c51fd","http.req.method":"GET","http.req.path":"/product/LS4PSXUNUM","id":"LS4PSXUNUM","message":"serving product page","session":"d7d3227d-0824-4f40-a472-c039f0192426","severity":"debug","timestamp":"2026-03-06T06:02:55.077767513Z"}
{"http.req.id":"90652a8c-9c3a-44a5-a677-2dee7d0c51fd","http.req.method":"GET","http.req.path":"/product/LS4PSXUNUM","http.resp.bytes":8052,"http.resp.status":200,"http.resp.took_ms":10,"message":"request complete","session":"d7d3227d-0824-4f40-a472-c039f0192426","severity":"debug","timestamp":"2026-03-06T06:02:55.088645931Z"}
{"http.req.id":"914ee94a-2b7c-4d8e-bb61-0443fad529c3","http.req.method":"GET","http.req.path":"/product/LS4PSXUNUM","message":"request started","session":"eed418e8-7ab1-4992-b9a1-40aeb0d3dc43","severity":"debug","timestamp":"2026-03-06T06:02:55.286220862Z"}
{"currency":"GBP","http.req.id":"914ee94a-2b7c-4d8e-bb61-0443fad529c3","http.req.method":"GET","http.req.path":"/product/LS4PSXUNUM","id":"LS4PSXUNUM","message":"serving product page","session":"eed418e8-7ab1-4992-b9a1-40aeb0d3dc43","severity":"debug","timestamp":"2026-03-06T06:02:55.286344075Z"}
{"http.req.id":"914ee94a-2b7c-4d8e-bb61-0443fad529c3","http.req.method":"GET","http.req.path":"/product/LS4PSXUNUM","http.resp.bytes":7957,"http.resp.status":200,"http.resp.took_ms":11,"message":"request complete","session":"eed418e8-7ab1-4992-b9a1-40aeb0d3dc43","severity":"debug","timestamp":"2026-03-06T06:02:55.297636461Z"}
{"http.req.id":"103e7e94-3e74-4dbb-aa3e-d0d5a3990def","http.req.method":"GET","http.req.path":"/product/L9ECAV7KIM","message":"request started","session":"f9734e3a-0615-43dc-908b-1b8be30715f4","severity":"debug","timestamp":"2026-03-06T06:02:56.344661172Z"}
{"currency":"TRY","http.req.id":"103e7e94-3e74-4dbb-aa3e-d0d5a3990def","http.req.method":"GET","http.req.path":"/product/L9ECAV7KIM","id":"L9ECAV7KIM","message":"serving product page","session":"f9734e3a-0615-43dc-908b-1b8be30715f4","severity":"debug","timestamp":"2026-03-06T06:02:56.344731594Z"}
{"http.req.id":"103e7e94-3e74-4dbb-aa3e-d0d5a3990def","http.req.method":"GET","http.req.path":"/product/L9ECAV7KIM","http.resp.bytes":8023,"http.resp.status":200,"http.resp.took_ms":12,"message":"request complete","session":"f9734e3a-0615-43dc-908b-1b8be30715f4","severity":"debug","timestamp":"2026-03-06T06:02:56.356911064Z"}
{"http.req.id":"8f9fc02d-ecf9-4ff8-a631-3697eb2d8f67","http.req.method":"POST","http.req.path":"/cart","message":"request started","session":"f9734e3a-0615-43dc-908b-1b8be30715f4","severity":"debug","timestamp":"2026-03-06T06:02:56.35764279Z"}
{"http.req.id":"8f9fc02d-ecf9-4ff8-a631-3697eb2d8f67","http.req.method":"POST","http.req.path":"/cart","message":"adding to cart","product":"L9ECAV7KIM","quantity":8,"session":"f9734e3a-0615-43dc-908b-1b8be30715f4","severity":"debug","timestamp":"2026-03-06T06:02:56.357743144Z"}
{"http.req.id":"8f9fc02d-ecf9-4ff8-a631-3697eb2d8f67","http.req.method":"POST","http.req.path":"/cart","http.resp.bytes":0,"http.resp.status":302,"http.resp.took_ms":2,"message":"request complete","session":"f9734e3a-0615-43dc-908b-1b8be30715f4","severity":"debug","timestamp":"2026-03-06T06:02:56.359829115Z"}
{"http.req.id":"bbdc7702-b076-42d7-9f6b-12d802353ccf","http.req.method":"GET","http.req.path":"/cart","message":"request started","session":"f9734e3a-0615-43dc-908b-1b8be30715f4","severity":"debug","timestamp":"2026-03-06T06:02:56.360662288Z"}
{"http.req.id":"bbdc7702-b076-42d7-9f6b-12d802353ccf","http.req.method":"GET","http.req.path":"/cart","message":"view user cart","session":"f9734e3a-0615-43dc-908b-1b8be30715f4","severity":"debug","timestamp":"2026-03-06T06:02:56.360721363Z"}
{"http.req.id":"bbdc7702-b076-42d7-9f6b-12d802353ccf","http.req.method":"GET","http.req.path":"/cart","http.resp.bytes":17897,"http.resp.status":200,"http.resp.took_ms":14,"message":"request complete","session":"f9734e3a-0615-43dc-908b-1b8be30715f4","severity":"debug","timestamp":"2026-03-06T06:02:56.375573902Z"}
{"http.req.id":"0c8ef624-3bde-4470-b633-dd9f5cfd266a","http.req.method":"GET","http.req.path":"/cart","message":"request started","session":"3e105862-e07a-48bd-9f67-033f05224f8f","severity":"debug","timestamp":"2026-03-06T06:02:56.511611348Z"}
{"http.req.id":"0c8ef624-3bde-4470-b633-dd9f5cfd266a","http.req.method":"GET","http.req.path":"/cart","message":"view user cart","session":"3e105862-e07a-48bd-9f67-033f05224f8f","severity":"debug","timestamp":"2026-03-06T06:02:56.511661347Z"}
{"http.req.id":"0c8ef624-3bde-4470-b633-dd9f5cfd266a","http.req.method":"GET","http.req.path":"/cart","http.resp.bytes":6901,"http.resp.status":200,"http.resp.took_ms":14,"message":"request complete","session":"3e105862-e07a-48bd-9f67-033f05224f8f","severity":"debug","timestamp":"2026-03-06T06:02:56.526217519Z"}
