{"http.req.id":"a0754fd1-efaa-4be8-8ae4-9994d0296eed","http.req.method":"POST","http.req.path":"/cart","http.resp.bytes":0,"http.resp.status":302,"http.resp.took_ms":4,"message":"request complete","session":"513dd945-739c-4fe3-8e54-6e6927fbb733","severity":"debug","timestamp":"2026-03-25T11:54:34.278624371Z"}
{"http.req.id":"16aaf022-7fe7-45af-8cc6-2fb387fdce24","http.req.method":"GET","http.req.path":"/cart","message":"request started","session":"513dd945-739c-4fe3-8e54-6e6927fbb733","severity":"debug","timestamp":"2026-03-25T11:54:34.279891718Z"}
{"http.req.id":"16aaf022-7fe7-45af-8cc6-2fb387fdce24","http.req.method":"GET","http.req.path":"/cart","message":"view user cart","session":"513dd945-739c-4fe3-8e54-6e6927fbb733","severity":"debug","timestamp":"2026-03-25T11:54:34.279986989Z"}
{"http.req.id":"16aaf022-7fe7-45af-8cc6-2fb387fdce24","http.req.method":"GET","http.req.path":"/cart","http.resp.bytes":17797,"http.resp.status":200,"http.resp.took_ms":202,"message":"request complete","session":"513dd945-739c-4fe3-8e54-6e6927fbb733","severity":"debug","timestamp":"2026-03-25T11:54:34.482010768Z"}
{"http.req.id":"cc0f8145-003c-4bca-b203-d8638305d566","http.req.method":"GET","http.req.path":"/product/1YMWWN1N4O","message":"request started","session":"ecb080bf-5333-403f-9547-c8725d499228","severity":"debug","timestamp":"2026-03-25T11:54:34.769094975Z"}
{"currency":"JPY","http.req.id":"cc0f8145-003c-4bca-b203-d8638305d566","http.req.method":"GET","http.req.path":"/product/1YMWWN1N4O","id":"1YMWWN1N4O","message":"serving product page","session":"ecb080bf-5333-403f-9547-c8725d499228","severity":"debug","timestamp":"2026-03-25T11:54:34.769136762Z"}
{"http.req.id":"cc0f8145-003c-4bca-b203-d8638305d566","http.req.method":"GET","http.req.path":"/product/1YMWWN1N4O","http.resp.bytes":7946,"http.resp.status":200,"http.resp.took_ms":103,"message":"request complete","session":"ecb080bf-5333-403f-9547-c8725d499228","severity":"debug","timestamp":"2026-03-25T11:54:34.872297868Z"}
{"http.req.id":"93039c1e-8aac-479b-aa32-38bc5c61e545","http.req.method":"GET","http.req.path":"/cart","message":"request started","session":"694745d8-a179-4c65-83d6-9ed873a7b94b","severity":"debug","timestamp":"2026-03-25T11:54:34.901489669Z"}
{"http.req.id":"93039c1e-8aac-479b-aa32-38bc5c61e545","http.req.method":"GET","http.req.path":"/cart","message":"view user cart","session":"694745d8-a179-4c65-83d6-9ed873a7b94b","severity":"debug","timestamp":"2026-03-25T11:54:34.901564869Z"}
{"http.req.id":"67c7caa6-d3f0-4cad-9ee3-2903a42728cc","http.req.method":"GET","http.req.path":"/product/L9ECAV7KIM","message":"request started","session":"32217267-98ca-4d66-9fc8-3f088b8def0f","severity":"debug","timestamp":"2026-03-25T11:54:34.902222965Z"}
{"currency":"EUR","http.req.id":"67c7caa6-d3f0-4cad-9ee3-2903a42728cc","http.req.method":"GET","http.req.path":"/product/L9ECAV7KIM","id":"L9ECAV7KIM","message":"serving product page","session":"32217267-98ca-4d66-9fc8-3f088b8def0f","severity":"debug","timestamp":"2026-03-25T11:54:34.902325508Z"}
{"http.req.id":"67c7caa6-d3f0-4cad-9ee3-2903a42728cc","http.req.method":"GET","http.req.path":"/product/L9ECAV7KIM","http.resp.bytes":8000,"http.resp.status":200,"http.resp.took_ms":177,"message":"request complete","session":"32217267-98ca-4d66-9fc8-3f088b8def0f","severity":"debug","timestamp":"2026-03-25T11:54:35.079269103Z"}
{"http.req.id":"efcf6d83-29f3-4a92-bcaf-19970b125ebd","http.req.method":"POST","http.req.path":"/cart","message":"request started","session":"32217267-98ca-4d66-9fc8-3f088b8def0f","severity":"debug","timestamp":"2026-03-25T11:54:35.081714028Z"}
{"http.req.id":"efcf6d83-29f3-4a92-bcaf-19970b125ebd","http.req.method":"POST","http.req.path":"/cart","message":"adding to cart","product":"L9ECAV7KIM","quantity":6,"session":"32217267-98ca-4d66-9fc8-3f088b8def0f","severity":"debug","timestamp":"2026-03-25T11:54:35.081922655Z"}
{"http.req.id":"93039c1e-8aac-479b-aa32-38bc5c61e545","http.req.method":"GET","http.req.path":"/cart","http.resp.bytes":16394,"http.resp.status":200,"http.resp.took_ms":184,"message":"request complete","session":"694745d8-a179-4c65-83d6-9ed873a7b94b","severity":"debug","timestamp":"2026-03-25T11:54:35.086143936Z"}
{"http.req.id":"efcf6d83-29f3-4a92-bcaf-19970b125ebd","http.req.method":"POST","http.req.path":"/cart","http.resp.bytes":0,"http.resp.status":302,"http.resp.took_ms":4,"message":"request complete","session":"32217267-98ca-4d66-9fc8-3f088b8def0f","severity":"debug","timestamp":"2026-03-25T11:54:35.086583844Z"}
{"http.req.id":"3a673d13-3ae2-4fcd-a124-3864cc92fd75","http.req.method":"GET","http.req.path":"/cart","message":"request started","session":"32217267-98ca-4d66-9fc8-3f088b8def0f","severity":"debug","timestamp":"2026-03-25T11:54:35.089193124Z"}
{"http.req.id":"3a673d13-3ae2-4fcd-a124-3864cc92fd75","http.req.method":"GET","http.req.path":"/cart","message":"view user cart","session":"32217267-98ca-4d66-9fc8-3f088b8def0f","severity":"debug","timestamp":"2026-03-25T11:54:35.089299656Z"}
{"http.req.id":"3a673d13-3ae2-4fcd-a124-3864cc92fd75","http.req.method":"GET","http.req.path":"/cart","http.resp.bytes":22119,"http.resp.status":200,"http.resp.took_ms":208,"message":"request complete","session":"32217267-98ca-4d66-9fc8-3f088b8def0f","severity":"debug","timestamp":"2026-03-25T11:54:35.297854954Z"}
{"http.req.id":"7ae5f441-eec1-42fe-a132-49970903a2b8","http.req.method":"GET","http.req.path":"/_healthz","message":"request started","session":"x-liveness-probe","severity":"debug","timestamp":"2026-03-25T11:54:36.175548583Z"}
{"http.req.id":"7ae5f441-eec1-42fe-a132-49970903a2b8","http.req.method":"GET","http.req.path":"/_healthz","http.resp.bytes":2,"http.resp.status":200,"http.resp.took_ms":0,"message":"request complete","session":"x-liveness-probe","severity":"debug","timestamp":"2026-03-25T11:54:36.17612856Z"}
{"http.req.id":"a041fa61-bf3d-41b1-9ec8-afb8cb4c6665","http.req.method":"GET","http.req.path":"/cart","message":"request started","session":"a38c2610-1665-4c93-8051-4c451f5de325","severity":"debug","timestamp":"2026-03-25T11:54:38.269355103Z"}
{"http.req.id":"a041fa61-bf3d-41b1-9ec8-afb8cb4c6665","http.req.method":"GET","http.req.path":"/cart","message":"view user cart","session":"a38c2610-1665-4c93-8051-4c451f5de325","severity":"debug","timestamp":"2026-03-25T11:54:38.269471461Z"}
{"http.req.id":"63b27a89-1e37-4434-a083-9d7cd776d4b6","http.req.method":"GET","http.req.path":"/product/0PUK6V6EV0","message":"request started","session":"df4ce93a-5d92-40a8-93c2-540bf11bbb4d","severity":"debug","timestamp":"2026-03-25T11:54:38.514426208Z"}
{"currency":"USD","http.req.id":"63b27a89-1e37-4434-a083-9d7cd776d4b6","http.req.method":"GET","http.req.path":"/product/0PUK6V6EV0","id":"0PUK6V6EV0","message":"serving product page","session":"df4ce93a-5d92-40a8-93c2-540bf11bbb4d","severity":"debug","timestamp":"2026-03-25T11:54:38.514544364Z"}
{"http.req.id":"66b9157e-c848-47e5-9c8f-0de26df355e3","http.req.method":"GET","http.req.path":"/product/L9ECAV7KIM","message":"request started","session":"694745d8-a179-4c65-83d6-9ed873a7b94b","severity":"debug","timestamp":"2026-03-25T11:54:38.607374382Z"}
{"currency":"TRY","http.req.id":"66b9157e-c848-47e5-9c8f-0de26df355e3","http.req.method":"GET","http.req.path":"/product/L9ECAV7KIM","id":"L9ECAV7KIM","message":"serving product page","session":"694745d8-a179-4c65-83d6-9ed873a7b94b","severity":"debug","timestamp":"2026-03-25T11:54:38.607514679Z"}
{"http.req.id":"a041fa61-bf3d-41b1-9ec8-afb8cb4c6665","http.req.method":"GET","http.req.path":"/cart","http.resp.bytes":16403,"http.resp.status":200,"http.resp.took_ms":517,"message":"request complete","session":"a38c2610-1665-4c93-8051-4c451f5de325","severity":"debug","timestamp":"2026-03-25T11:54:38.7865789Z"}
{"http.req.id":"63b27a89-1e37-4434-a083-9d7cd776d4b6","http.req.method":"GET","http.req.path":"/product/0PUK6V6EV0","http.resp.bytes":7870,"http.resp.status":200,"http.resp.took_ms":366,"message":"request complete","session":"df4ce93a-5d92-40a8-93c2-540bf11bbb4d","severity":"debug","timestamp":"2026-03-25T11:54:38.881374677Z"}
{"http.req.id":"66b9157e-c848-47e5-9c8f-0de26df355e3","http.req.method":"GET","http.req.path":"/product/L9ECAV7KIM","http.resp.bytes":7978,"http.resp.status":200,"http.resp.took_ms":575,"message":"request complete","session":"694745d8-a179-4c65-83d6-9ed873a7b94b","severity":"debug","timestamp":"2026-03-25T11:54:39.183240136Z"}
{"http.req.id":"20fa9d5e-64d1-45e6-914d-16c922096235","http.req.method":"GET","http.req.path":"/product/LS4PSXUNUM","message":"request started","session":"827eab86-1aba-4a15-8740-5fee5900d10f","severity":"debug","timestamp":"2026-03-25T11:54:39.668421129Z"}
{"currency":"JPY","http.req.id":"20fa9d5e-64d1-45e6-914d-16c922096235","http.req.method":"GET","http.req.path":"/product/LS4PSXUNUM","id":"LS4PSXUNUM","message":"serving product page","session":"827eab86-1aba-4a15-8740-5fee5900d10f","severity":"debug","timestamp":"2026-03-25T11:54:39.668513902Z"}
{"http.req.id":"20fa9d5e-64d1-45e6-914d-16c922096235","http.req.method":"GET","http.req.path":"/product/LS4PSXUNUM","http.resp.bytes":7994,"http.resp.status":200,"http.resp.took_ms":17,"message":"request complete","session":"827eab86-1aba-4a15-8740-5fee5900d10f","severity":"debug","timestamp":"2026-03-25T11:54:39.68570347Z"}
{"http.req.id":"31afd96a-53ad-4f50-b129-c23b3b960e2e","http.req.method":"GET","http.req.path":"/_healthz","message":"request started","session":"x-readiness-probe","severity":"debug","timestamp":"2026-03-25T11:54:40.382470016Z"}
{"http.req.id":"31afd96a-53ad-4f50-b129-c23b3b960e2e","http.req.method":"GET","http.req.path":"/_healthz","http.resp.bytes":2,"http.resp.status":200,"http.resp.took_ms":0,"message":"request complete","session":"x-readiness-probe","severity":"debug","timestamp":"2026-03-25T11:54:40.382572654Z"}
{"http.req.id":"c94de1f6-f1dd-40cd-9d35-9a54aeba0fa1","http.req.method":"GET","http.req.path":"/cart","message":"request started","session":"2d3bf3d7-22b5-49c9-8227-12126292f393","severity":"debug","timestamp":"2026-03-25T11:54:40.816981999Z"}
{"http.req.id":"c94de1f6-f1dd-40cd-9d35-9a54aeba0fa1","http.req.method":"GET","http.req.path":"/cart","message":"view user cart","session":"2d3bf3d7-22b5-49c9-8227-12126292f393","severity":"debug","timestamp":"2026-03-25T11:54:40.817095598Z"}
{"http.req.id":"c94de1f6-f1dd-40cd-9d35-9a54aeba0fa1","http.req.method":"GET","http.req.path":"/cart","http.resp.bytes":16371,"http.resp.status":200,"http.resp.took_ms":267,"message":"request complete","session":"2d3bf3d7-22b5-49c9-8227-12126292f393","severity":"debug","timestamp":"2026-03-25T11:54:41.084526708Z"}
{"http.req.id":"857d509d-c62a-4a15-9c89-85e9b0a892c8","http.req.method":"POST","http.req.path":"/setCurrency","message":"request started","session":"513dd945-739c-4fe3-8e54-6e6927fbb733","severity":"debug","timestamp":"2026-03-25T11:54:41.623233157Z"}
{"curr.new":"CAD","curr.old":"JPY","http.req.id":"857d509d-c62a-4a15-9c89-85e9b0a892c8","http.req.method":"POST","http.req.path":"/setCurrency","message":"setting currency","session":"513dd945-739c-4fe3-8e54-6e6927fbb733","severity":"debug","timestamp":"2026-03-25T11:54:41.623519234Z"}
{"http.req.id":"857d509d-c62a-4a15-9c89-85e9b0a892c8","http.req.method":"POST","http.req.path":"/setCurrency","http.resp.bytes":0,"http.resp.status":302,"http.resp.took_ms":0,"message":"request complete","session":"513dd945-739c-4fe3-8e54-6e6927fbb733","severity":"debug","timestamp":"2026-03-25T11:54:41.623569889Z"}
{"http.req.id":"63d696e6-00a1-4618-9f02-28cb6d2d78ff","http.req.method":"GET","http.req.path":"/","message":"request started","session":"513dd945-739c-4fe3-8e54-6e6927fbb733","severity":"debug","timestamp":"2026-03-25T11:54:41.624995127Z"}
{"currency":"CAD","http.req.id":"63d696e6-00a1-4618-9f02-28cb6d2d78ff","http.req.method":"GET","http.req.path":"/","message":"home","session":"513dd945-739c-4fe3-8e54-6e6927fbb733","severity":"info","timestamp":"2026-03-25T11:54:41.625127909Z"}
env platform is either empty or invalid
{"http.req.id":"63d696e6-00a1-4618-9f02-28cb6d2d78ff","http.req.method":"GET","http.req.path":"/","message":"ENV_PLATFORM is: local","session":"513dd945-739c-4fe3-8e54-6e6927fbb733","severity":"debug","timestamp":"2026-03-25T11:54:41.654111502Z"}
{"http.req.id":"63d696e6-00a1-4618-9f02-28cb6d2d78ff","http.req.method":"GET","http.req.path":"/","http.resp.bytes":10475,"http.resp.status":200,"http.resp.took_ms":31,"message":"request complete","session":"513dd945-739c-4fe3-8e54-6e6927fbb733","severity":"debug","timestamp":"2026-03-25T11:54:41.656853786Z"}
{"http.req.id":"b29ca1e6-a58a-480e-bdb4-015e34f32a83","http.req.method":"GET","http.req.path":"/product/6E92ZMYYFZ","message":"request started","session":"fcb2831f-0627-4791-ac1d-23821dc5b140","severity":"debug","timestamp":"2026-03-25T11:54:41.793715928Z"}
{"currency":"TRY","http.req.id":"b29ca1e6-a58a-480e-bdb4-015e34f32a83","http.req.method":"GET","http.req.path":"/product/6E92ZMYYFZ","id":"6E92ZMYYFZ","message":"serving product page","session":"fcb2831f-0627-4791-ac1d-23821dc5b140","severity":"debug","timestamp":"2026-03-25T11:54:41.793812797Z"}
{"http.req.id":"03408c57-92b4-45f6-850b-d4035d9acaa6","http.req.method":"GET","http.req.path":"/cart","message":"request started","session":"a38c2610-1665-4c93-8051-4c451f5de325","severity":"debug","timestamp":"2026-03-25T11:54:41.952354235Z"}
{"http.req.id":"03408c57-92b4-45f6-850b-d4035d9acaa6","http.req.method":"GET","http.req.path":"/cart","message":"view user cart","session":"a38c2610-1665-4c93-8051-4c451f5de325","severity":"debug","timestamp":"2026-03-25T11:54:41.952475957Z"}
{"http.req.id":"b29ca1e6-a58a-480e-bdb4-015e34f32a83","http.req.method":"GET","http.req.path":"/product/6E92ZMYYFZ","http.resp.bytes":7988,"http.resp.status":200,"http.resp.took_ms":285,"message":"request complete","session":"fcb2831f-0627-4791-ac1d-23821dc5b140","severity":"debug","timestamp":"2026-03-25T11:54:42.079521143Z"}
{"http.req.id":"03408c57-92b4-45f6-850b-d4035d9acaa6","http.req.method":"GET","http.req.path":"/cart","http.resp.bytes":16357,"http.resp.status":200,"http.resp.took_ms":331,"message":"request complete","session":"a38c2610-1665-4c93-8051-4c451f5de325","severity":"debug","timestamp":"2026-03-25T11:54:42.283807807Z"}
{"http.req.id":"d83f04b7-9fa7-4561-af82-a42ac6c4733b","http.req.method":"GET","http.req.path":"/product/OLJCESPC7Z","message":"request started","session":"514e00c6-206e-4c6e-873f-852b796455de","severity":"debug","timestamp":"2026-03-25T11:54:42.442149043Z"}
{"currency":"GBP","http.req.id":"d83f04b7-9fa7-4561-af82-a42ac6c4733b","http.req.method":"GET","http.req.path":"/product/OLJCESPC7Z","id":"OLJCESPC7Z","message":"serving product page","session":"514e00c6-206e-4c6e-873f-852b796455de","severity":"debug","timestamp":"2026-03-25T11:54:42.44235881Z"}
{"http.req.id":"d83f04b7-9fa7-4561-af82-a42ac6c4733b","http.req.method":"GET","http.req.path":"/product/OLJCESPC7Z","http.resp.bytes":7955,"http.resp.status":200,"http.resp.took_ms":43,"message":"request complete","session":"514e00c6-206e-4c6e-873f-852b796455de","severity":"debug","timestamp":"2026-03-25T11:54:42.485298956Z"}
{"http.req.id":"56eeb8a5-76fe-4fbf-bce9-6eb350463c02","http.req.method":"POST","http.req.path":"/setCurrency","message":"request started","session":"ecb080bf-5333-403f-9547-c8725d499228","severity":"debug","timestamp":"2026-03-25T11:54:42.64318989Z"}
{"curr.new":"JPY","curr.old":"JPY","http.req.id":"56eeb8a5-76fe-4fbf-bce9-6eb350463c02","http.req.method":"POST","http.req.path":"/setCurrency","message":"setting currency","session":"ecb080bf-5333-403f-9547-c8725d499228","severity":"debug","timestamp":"2026-03-25T11:54:42.643547255Z"}
{"http.req.id":"56eeb8a5-76fe-4fbf-bce9-6eb350463c02","http.req.method":"POST","http.req.path":"/setCurrency","http.resp.bytes":0,"http.resp.status":302,"http.resp.took_ms":0,"message":"request complete","session":"ecb080bf-5333-403f-9547-c8725d499228","severity":"debug","timestamp":"2026-03-25T11:54:42.643760613Z"}
{"http.req.id":"1177afe9-4af6-49ff-8f79-450bc61a26c6","http.req.method":"GET","http.req.path":"/","message":"request started","session":"ecb080bf-5333-403f-9547-c8725d499228","severity":"debug","timestamp":"2026-03-25T11:54:42.645997087Z"}
{"currency":"JPY","http.req.id":"1177afe9-4af6-49ff-8f79-450bc61a26c6","http.req.method":"GET","http.req.path":"/","message":"home","session":"ecb080bf-5333-403f-9547-c8725d499228","severity":"info","timestamp":"2026-03-25T11:54:42.646137597Z"}
{"http.req.id":"1bddef38-4134-4f33-bf6c-7a8d01308083","http.req.method":"GET","http.req.path":"/cart","message":"request started","session":"df4ce93a-5d92-40a8-93c2-540bf11bbb4d","severity":"debug","timestamp":"2026-03-25T11:54:42.65697733Z"}
{"http.req.id":"1bddef38-4134-4f33-bf6c-7a8d01308083","http.req.method":"GET","http.req.path":"/cart","message":"view user cart","session":"df4ce93a-5d92-40a8-93c2-540bf11bbb4d","severity":"debug","timestamp":"2026-03-25T11:54:42.657130587Z"}
env platform is either empty or invalid
{"http.req.id":"1177afe9-4af6-49ff-8f79-450bc61a26c6","http.req.method":"GET","http.req.path":"/","message":"ENV_PLATFORM is: local","session":"ecb080bf-5333-403f-9547-c8725d499228","severity":"debug","timestamp":"2026-03-25T11:54:42.686891608Z"}
{"http.req.id":"1177afe9-4af6-49ff-8f79-450bc61a26c6","http.req.method":"GET","http.req.path":"/","http.resp.bytes":10413,"http.resp.status":200,"http.resp.took_ms":44,"message":"request complete","session":"ecb080bf-5333-403f-9547-c8725d499228","severity":"debug","timestamp":"2026-03-25T11:54:42.690918639Z"}
{"http.req.id":"1bddef38-4134-4f33-bf6c-7a8d01308083","http.req.method":"GET","http.req.path":"/cart","http.resp.bytes":6839,"http.resp.status":200,"http.resp.took_ms":127,"message":"request complete","session":"df4ce93a-5d92-40a8-93c2-540bf11bbb4d","severity":"debug","timestamp":"2026-03-25T11:54:42.784589673Z"}
{"http.req.id":"42ffc3ce-40bf-42be-8b98-e11fc706ebc7","http.req.method":"POST","http.req.path":"/setCurrency","message":"request started","session":"827eab86-1aba-4a15-8740-5fee5900d10f","severity":"debug","timestamp":"2026-03-25T11:54:43.649043605Z"}
{"curr.new":"GBP","curr.old":"JPY","http.req.id":"42ffc3ce-40bf-42be-8b98-e11fc706ebc7","http.req.method":"POST","http.req.path":"/setCurrency","message":"setting currency","session":"827eab86-1aba-4a15-8740-5fee5900d10f","severity":"debug","timestamp":"2026-03-25T11:54:43.64922762Z"}
{"http.req.id":"42ffc3ce-40bf-42be-8b98-e11fc706ebc7","http.req.method":"POST","http.req.path":"/setCurrency","http.resp.bytes":0,"http.resp.status":302,"http.resp.took_ms":0,"message":"request complete","session":"827eab86-1aba-4a15-8740-5fee5900d10f","severity":"debug","timestamp":"2026-03-25T11:54:43.649270656Z"}
{"http.req.id":"f6694ff6-aab6-46e6-a53c-0082b740d5c4","http.req.method":"GET","http.req.path":"/","message":"request started","session":"827eab86-1aba-4a15-8740-5fee5900d10f","severity":"debug","timestamp":"2026-03-25T11:54:43.650855656Z"}
{"currency":"GBP","http.req.id":"f6694ff6-aab6-46e6-a53c-0082b740d5c4","http.req.method":"GET","http.req.path":"/","message":"home","session":"827eab86-1aba-4a15-8740-5fee5900d10f","severity":"info","timestamp":"2026-03-25T11:54:43.650940392Z"}
env platform is either empty or invalid
{"http.req.id":"f6694ff6-aab6-46e6-a53c-0082b740d5c4","http.req.method":"GET","http.req.path":"/","message":"ENV_PLATFORM is: local","session":"827eab86-1aba-4a15-8740-5fee5900d10f","severity":"debug","timestamp":"2026-03-25T11:54:43.86991322Z"}
{"http.req.id":"f6694ff6-aab6-46e6-a53c-0082b740d5c4","http.req.method":"GET","http.req.path":"/","http.resp.bytes":10481,"http.resp.status":200,"http.resp.took_ms":236,"message":"request complete","session":"827eab86-1aba-4a15-8740-5fee5900d10f","severity":"debug","timestamp":"2026-03-25T11:54:43.887046136Z"}
{"http.req.id":"18e9e618-c5ed-4c21-b649-19c60fcaa5fa","http.req.method":"GET","http.req.path":"/product/2ZYFJ3GM2N","message":"request started","session":"514e00c6-206e-4c6e-873f-852b796455de","severity":"debug","timestamp":"2026-03-25T11:54:44.297641109Z"}
{"currency":"GBP","http.req.id":"18e9e618-c5ed-4c21-b649-19c60fcaa5fa","http.req.method":"GET","http.req.path":"/product/2ZYFJ3GM2N","id":"2ZYFJ3GM2N","message":"serving product page","session":"514e00c6-206e-4c6e-873f-852b796455de","severity":"debug","timestamp":"2026-03-25T11:54:44.297775494Z"}
{"http.req.id":"18e9e618-c5ed-4c21-b649-19c60fcaa5fa","http.req.method":"GET","http.req.path":"/product/2ZYFJ3GM2N","http.resp.bytes":7914,"http.resp.status":200,"http.resp.took_ms":179,"message":"request complete","session":"514e00c6-206e-4c6e-873f-852b796455de","severity":"debug","timestamp":"2026-03-25T11:54:44.476940483Z"}
{"http.req.id":"b2035177-4375-4abd-bf47-d309049f0dcf","http.req.method":"POST","http.req.path":"/cart","message":"request started","session":"514e00c6-206e-4c6e-873f-852b796455de","severity":"debug","timestamp":"2026-03-25T11:54:44.480669144Z"}
{"http.req.id":"b2035177-4375-4abd-bf47-d309049f0dcf","http.req.method":"POST","http.req.path":"/cart","message":"adding to cart","product":"2ZYFJ3GM2N","quantity":4,"session":"514e00c6-206e-4c6e-873f-852b796455de","severity":"debug","timestamp":"2026-03-25T11:54:44.480910167Z"}
{"http.req.id":"b2035177-4375-4abd-bf47-d309049f0dcf","http.req.method":"POST","http.req.path":"/cart","http.resp.bytes":0,"http.resp.status":302,"http.resp.took_ms":5,"message":"request complete","session":"514e00c6-206e-4c6e-873f-852b796455de","severity":"debug","timestamp":"2026-03-25T11:54:44.486204787Z"}
{"http.req.id":"334ce908-d6a4-47d6-a030-6a48a80292d6","http.req.method":"GET","http.req.path":"/cart","message":"request started","session":"514e00c6-206e-4c6e-873f-852b796455de","severity":"debug","timestamp":"2026-03-25T11:54:44.489054289Z"}
{"http.req.id":"334ce908-d6a4-47d6-a030-6a48a80292d6","http.req.method":"GET","http.req.path":"/cart","message":"view user cart","session":"514e00c6-206e-4c6e-873f-852b796455de","severity":"debug","timestamp":"2026-03-25T11:54:44.489802497Z"}
{"http.req.id":"334ce908-d6a4-47d6-a030-6a48a80292d6","http.req.method":"GET","http.req.path":"/cart","http.resp.bytes":16405,"http.resp.status":200,"http.resp.took_ms":101,"message":"request complete","session":"514e00c6-206e-4c6e-873f-852b796455de","severity":"debug","timestamp":"2026-03-25T11:54:44.590653535Z"}
{"http.req.id":"8fb295af-cb53-46a9-8a33-f4183497cb70","http.req.method":"GET","http.req.path":"/product/9SIQT8TOJO","message":"request started","session":"694745d8-a179-4c65-83d6-9ed873a7b94b","severity":"debug","timestamp":"2026-03-25T11:54:44.917390508Z"}
{"currency":"TRY","http.req.id":"8fb295af-cb53-46a9-8a33-f4183497cb70","http.req.method":"GET","http.req.path":"/product/9SIQT8TOJO","id":"9SIQT8TOJO","message":"serving product page","session":"694745d8-a179-4c65-83d6-9ed873a7b94b","severity":"debug","timestamp":"2026-03-25T11:54:44.917470519Z"}
{"http.req.id":"8fb295af-cb53-46a9-8a33-f4183497cb70","http.req.method":"GET","http.req.path":"/product/9SIQT8TOJO","http.resp.bytes":8032,"http.resp.status":200,"http.resp.took_ms":55,"message":"request complete","session":"694745d8-a179-4c65-83d6-9ed873a7b94b","severity":"debug","timestamp":"2026-03-25T11:54:44.972832472Z"}
{"http.req.id":"3be8e09b-aefd-4bba-adb7-64e3735fd527","http.req.method":"GET","http.req.path":"/product/66VCHSJNUP","message":"request started","session":"32217267-98ca-4d66-9fc8-3f088b8def0f","severity":"debug","timestamp":"2026-03-25T11:54:45.163650872Z"}
{"currency":"EUR","http.req.id":"3be8e09b-aefd-4bba-adb7-64e3735fd527","http.req.method":"GET","http.req.path":"/product/66VCHSJNUP","id":"66VCHSJNUP","message":"serving product page","session":"32217267-98ca-4d66-9fc8-3f088b8def0f","severity":"debug","timestamp":"2026-03-25T11:54:45.163727694Z"}
{"http.req.id":"3be8e09b-aefd-4bba-adb7-64e3735fd527","http.req.method":"GET","http.req.path":"/product/66VCHSJNUP","http.resp.bytes":7980,"http.resp.status":200,"http.resp.took_ms":19,"message":"request complete","session":"32217267-98ca-4d66-9fc8-3f088b8def0f","severity":"debug","timestamp":"2026-03-25T11:54:45.182686223Z"}
{"http.req.id":"a41edc94-915d-4706-8a3f-f09a56f1a294","http.req.method":"GET","http.req.path":"/product/OLJCESPC7Z","message":"request started","session":"2d3bf3d7-22b5-49c9-8227-12126292f393","severity":"debug","timestamp":"2026-03-25T11:54:45.748484772Z"}
{"currency":"CAD","http.req.id":"a41edc94-915d-4706-8a3f-f09a56f1a294","http.req.method":"GET","http.req.path":"/product/OLJCESPC7Z","id":"OLJCESPC7Z","message":"serving product page","session":"2d3bf3d7-22b5-49c9-8227-12126292f393","severity":"debug","timestamp":"2026-03-25T11:54:45.748572484Z"}
{"http.req.id":"a41edc94-915d-4706-8a3f-f09a56f1a294","http.req.method":"GET","http.req.path":"/product/OLJCESPC7Z","http.resp.bytes":8001,"http.resp.status":200,"http.resp.took_ms":27,"message":"request complete","session":"2d3bf3d7-22b5-49c9-8227-12126292f393","severity":"debug","timestamp":"2026-03-25T11:54:45.775998249Z"}
{"http.req.id":"8f8caef8-6352-4a0d-af0f-309c1f086325","http.req.method":"GET","http.req.path":"/_healthz","message":"request started","session":"x-liveness-probe","severity":"debug","timestamp":"2026-03-25T11:54:46.175572917Z"}
{"http.req.id":"8f8caef8-6352-4a0d-af0f-309c1f086325","http.req.method":"GET","http.req.path":"/_healthz","http.resp.bytes":2,"http.resp.status":200,"http.resp.took_ms":0,"message":"request complete","session":"x-liveness-probe","severity":"debug","timestamp":"2026-03-25T11:54:46.175669337Z"}
{"http.req.id":"54674c8a-c281-4926-b695-4339f2a48b9d","http.req.method":"GET","http.req.path":"/cart","message":"request started","session":"513dd945-739c-4fe3-8e54-6e6927fbb733","severity":"debug","timestamp":"2026-03-25T11:54:46.678921959Z"}
{"http.req.id":"54674c8a-c281-4926-b695-4339f2a48b9d","http.req.method":"GET","http.req.path":"/cart","message":"view user cart","session":"513dd945-739c-4fe3-8e54-6e6927fbb733","severity":"debug","timestamp":"2026-03-25T11:54:46.679000715Z"}
{"http.req.id":"54674c8a-c281-4926-b695-4339f2a48b9d","http.req.method":"GET","http.req.path":"/cart","http.resp.bytes":17805,"http.resp.status":200,"http.resp.took_ms":103,"message":"request complete","session":"513dd945-739c-4fe3-8e54-6e6927fbb733","severity":"debug","timestamp":"2026-03-25T11:54:46.782563021Z"}
{"http.req.id":"2b88ea0c-4bb9-4a66-b94e-4319d0d6707c","http.req.method":"GET","http.req.path":"/product/9SIQT8TOJO","message":"request started","session":"df4ce93a-5d92-40a8-93c2-540bf11bbb4d","severity":"debug","timestamp":"2026-03-25T11:54:47.582512632Z"}
{"currency":"USD","http.req.id":"2b88ea0c-4bb9-4a66-b94e-4319d0d6707c","http.req.method":"GET","http.req.path":"/product/9SIQT8TOJO","id":"9SIQT8TOJO","message":"serving product page","session":"df4ce93a-5d92-40a8-93c2-540bf11bbb4d","severity":"debug","timestamp":"2026-03-25T11:54:47.582604376Z"}
{"http.req.id":"2b88ea0c-4bb9-4a66-b94e-4319d0d6707c","http.req.method":"GET","http.req.path":"/product/9SIQT8TOJO","http.resp.bytes":7960,"http.resp.status":200,"http.resp.took_ms":90,"message":"request complete","session":"df4ce93a-5d92-40a8-93c2-540bf11bbb4d","severity":"debug","timestamp":"2026-03-25T11:54:47.673333729Z"}
