{"http.req.id":"b02da029-f361-44fc-8cc2-371c758648ae","http.req.method":"GET","http.req.path":"/_healthz","http.resp.bytes":2,"http.resp.status":200,"http.resp.took_ms":0,"message":"request complete","session":"x-readiness-probe","severity":"debug","timestamp":"2026-03-25T12:12:11.070322244Z"}
{"http.req.id":"112c7a90-9597-4ed7-a0aa-98f933db5acf","http.req.method":"GET","http.req.path":"/product/66VCHSJNUP","message":"request started","session":"df4ce93a-5d92-40a8-93c2-540bf11bbb4d","severity":"debug","timestamp":"2026-03-25T12:12:11.858311664Z"}
{"currency":"EUR","http.req.id":"112c7a90-9597-4ed7-a0aa-98f933db5acf","http.req.method":"GET","http.req.path":"/product/66VCHSJNUP","id":"66VCHSJNUP","message":"serving product page","session":"df4ce93a-5d92-40a8-93c2-540bf11bbb4d","severity":"debug","timestamp":"2026-03-25T12:12:11.858407135Z"}
{"http.req.id":"d303445b-2223-45e6-9f0b-28e05127304b","http.req.method":"GET","http.req.path":"/product/6E92ZMYYFZ","message":"request started","session":"a38c2610-1665-4c93-8051-4c451f5de325","severity":"debug","timestamp":"2026-03-25T12:12:11.8696523Z"}
{"currency":"CAD","http.req.id":"d303445b-2223-45e6-9f0b-28e05127304b","http.req.method":"GET","http.req.path":"/product/6E92ZMYYFZ","id":"6E92ZMYYFZ","message":"serving product page","session":"a38c2610-1665-4c93-8051-4c451f5de325","severity":"debug","timestamp":"2026-03-25T12:12:11.86987601Z"}
{"http.req.id":"112c7a90-9597-4ed7-a0aa-98f933db5acf","http.req.method":"GET","http.req.path":"/product/66VCHSJNUP","http.resp.bytes":8009,"http.resp.status":200,"http.resp.took_ms":206,"message":"request complete","session":"df4ce93a-5d92-40a8-93c2-540bf11bbb4d","severity":"debug","timestamp":"2026-03-25T12:12:12.064719523Z"}
{"http.req.id":"d303445b-2223-45e6-9f0b-28e05127304b","http.req.method":"GET","http.req.path":"/product/6E92ZMYYFZ","http.resp.bytes":7992,"http.resp.status":200,"http.resp.took_ms":392,"message":"request complete","session":"a38c2610-1665-4c93-8051-4c451f5de325","severity":"debug","timestamp":"2026-03-25T12:12:12.261883667Z"}
{"http.req.id":"cf4035cd-fa86-4bdb-ba06-82a8007aecaa","http.req.method":"POST","http.req.path":"/cart","message":"request started","session":"a38c2610-1665-4c93-8051-4c451f5de325","severity":"debug","timestamp":"2026-03-25T12:12:12.263292107Z"}
{"http.req.id":"cf4035cd-fa86-4bdb-ba06-82a8007aecaa","http.req.method":"POST","http.req.path":"/cart","message":"adding to cart","product":"6E92ZMYYFZ","quantity":6,"session":"a38c2610-1665-4c93-8051-4c451f5de325","severity":"debug","timestamp":"2026-03-25T12:12:12.263431072Z"}
{"http.req.id":"cf4035cd-fa86-4bdb-ba06-82a8007aecaa","http.req.method":"POST","http.req.path":"/cart","http.resp.bytes":0,"http.resp.status":302,"http.resp.took_ms":3,"message":"request complete","session":"a38c2610-1665-4c93-8051-4c451f5de325","severity":"debug","timestamp":"2026-03-25T12:12:12.266969802Z"}
{"http.req.id":"6881f4cd-aa96-4238-a94c-597171122cb2","http.req.method":"GET","http.req.path":"/cart","message":"request started","session":"a38c2610-1665-4c93-8051-4c451f5de325","severity":"debug","timestamp":"2026-03-25T12:12:12.268251541Z"}
{"http.req.id":"6881f4cd-aa96-4238-a94c-597171122cb2","http.req.method":"GET","http.req.path":"/cart","message":"view user cart","session":"a38c2610-1665-4c93-8051-4c451f5de325","severity":"debug","timestamp":"2026-03-25T12:12:12.268289196Z"}
{"http.req.id":"9190e5b4-d2e8-4c55-ac82-aa3787ad7c62","http.req.method":"GET","http.req.path":"/product/OLJCESPC7Z","message":"request started","session":"827eab86-1aba-4a15-8740-5fee5900d10f","severity":"debug","timestamp":"2026-03-25T12:12:12.361154621Z"}
{"currency":"CAD","http.req.id":"9190e5b4-d2e8-4c55-ac82-aa3787ad7c62","http.req.method":"GET","http.req.path":"/product/OLJCESPC7Z","id":"OLJCESPC7Z","message":"serving product page","session":"827eab86-1aba-4a15-8740-5fee5900d10f","severity":"debug","timestamp":"2026-03-25T12:12:12.361262479Z"}
{"http.req.id":"6881f4cd-aa96-4238-a94c-597171122cb2","http.req.method":"GET","http.req.path":"/cart","http.resp.bytes":19217,"http.resp.status":200,"http.resp.took_ms":216,"message":"request complete","session":"a38c2610-1665-4c93-8051-4c451f5de325","severity":"debug","timestamp":"2026-03-25T12:12:12.484511595Z"}
{"http.req.id":"9190e5b4-d2e8-4c55-ac82-aa3787ad7c62","http.req.method":"GET","http.req.path":"/product/OLJCESPC7Z","http.resp.bytes":8032,"http.resp.status":200,"http.resp.took_ms":205,"message":"request complete","session":"827eab86-1aba-4a15-8740-5fee5900d10f","severity":"debug","timestamp":"2026-03-25T12:12:12.566500291Z"}
{"http.req.id":"0d070728-98a5-45aa-bef2-c94adb89e785","http.req.method":"GET","http.req.path":"/product/9SIQT8TOJO","message":"request started","session":"694745d8-a179-4c65-83d6-9ed873a7b94b","severity":"debug","timestamp":"2026-03-25T12:12:12.949246902Z"}
{"currency":"TRY","http.req.id":"0d070728-98a5-45aa-bef2-c94adb89e785","http.req.method":"GET","http.req.path":"/product/9SIQT8TOJO","id":"9SIQT8TOJO","message":"serving product page","session":"694745d8-a179-4c65-83d6-9ed873a7b94b","severity":"debug","timestamp":"2026-03-25T12:12:12.949421279Z"}
{"http.req.id":"0d070728-98a5-45aa-bef2-c94adb89e785","http.req.method":"GET","http.req.path":"/product/9SIQT8TOJO","http.resp.bytes":7989,"http.resp.status":200,"http.resp.took_ms":118,"message":"request complete","session":"694745d8-a179-4c65-83d6-9ed873a7b94b","severity":"debug","timestamp":"2026-03-25T12:12:13.067416774Z"}
{"http.req.id":"35341cf4-2d99-4b55-b5a2-9d4fca0971b6","http.req.method":"GET","http.req.path":"/product/OLJCESPC7Z","message":"request started","session":"513dd945-739c-4fe3-8e54-6e6927fbb733","severity":"debug","timestamp":"2026-03-25T12:12:13.603414933Z"}
{"currency":"USD","http.req.id":"35341cf4-2d99-4b55-b5a2-9d4fca0971b6","http.req.method":"GET","http.req.path":"/product/OLJCESPC7Z","id":"OLJCESPC7Z","message":"serving product page","session":"513dd945-739c-4fe3-8e54-6e6927fbb733","severity":"debug","timestamp":"2026-03-25T12:12:13.603543215Z"}
{"http.req.id":"35341cf4-2d99-4b55-b5a2-9d4fca0971b6","http.req.method":"GET","http.req.path":"/product/OLJCESPC7Z","http.resp.bytes":7947,"http.resp.status":200,"http.resp.took_ms":159,"message":"request complete","session":"513dd945-739c-4fe3-8e54-6e6927fbb733","severity":"debug","timestamp":"2026-03-25T12:12:13.762960771Z"}
{"http.req.id":"7ca8f95d-0ac0-4277-ae8d-5f124f40ba9c","http.req.method":"GET","http.req.path":"/product/L9ECAV7KIM","message":"request started","session":"2d3bf3d7-22b5-49c9-8227-12126292f393","severity":"debug","timestamp":"2026-03-25T12:12:13.956286988Z"}
{"currency":"JPY","http.req.id":"7ca8f95d-0ac0-4277-ae8d-5f124f40ba9c","http.req.method":"GET","http.req.path":"/product/L9ECAV7KIM","id":"L9ECAV7KIM","message":"serving product page","session":"2d3bf3d7-22b5-49c9-8227-12126292f393","severity":"debug","timestamp":"2026-03-25T12:12:13.956441162Z"}
{"http.req.id":"7ca8f95d-0ac0-4277-ae8d-5f124f40ba9c","http.req.method":"GET","http.req.path":"/product/L9ECAV7KIM","http.resp.bytes":7895,"http.resp.status":200,"http.resp.took_ms":108,"message":"request complete","session":"2d3bf3d7-22b5-49c9-8227-12126292f393","severity":"debug","timestamp":"2026-03-25T12:12:14.064553538Z"}
{"http.req.id":"dc29105f-2b1b-4815-902d-07814a3a0b36","http.req.method":"GET","http.req.path":"/product/2ZYFJ3GM2N","message":"request started","session":"ecb080bf-5333-403f-9547-c8725d499228","severity":"debug","timestamp":"2026-03-25T12:12:14.262144522Z"}
{"currency":"CAD","http.req.id":"dc29105f-2b1b-4815-902d-07814a3a0b36","http.req.method":"GET","http.req.path":"/product/2ZYFJ3GM2N","id":"2ZYFJ3GM2N","message":"serving product page","session":"ecb080bf-5333-403f-9547-c8725d499228","severity":"debug","timestamp":"2026-03-25T12:12:14.262233512Z"}
{"http.req.id":"dc29105f-2b1b-4815-902d-07814a3a0b36","http.req.method":"GET","http.req.path":"/product/2ZYFJ3GM2N","http.resp.bytes":8032,"http.resp.status":200,"http.resp.took_ms":599,"message":"request complete","session":"ecb080bf-5333-403f-9547-c8725d499228","severity":"debug","timestamp":"2026-03-25T12:12:14.862053058Z"}
{"http.req.id":"712fb6eb-a69a-4bbd-8f4a-e674ddcbb199","http.req.method":"GET","http.req.path":"/product/1YMWWN1N4O","message":"request started","session":"df4ce93a-5d92-40a8-93c2-540bf11bbb4d","severity":"debug","timestamp":"2026-03-25T12:12:14.942796141Z"}
{"currency":"EUR","http.req.id":"712fb6eb-a69a-4bbd-8f4a-e674ddcbb199","http.req.method":"GET","http.req.path":"/product/1YMWWN1N4O","id":"1YMWWN1N4O","message":"serving product page","session":"df4ce93a-5d92-40a8-93c2-540bf11bbb4d","severity":"debug","timestamp":"2026-03-25T12:12:14.94294605Z"}
{"http.req.id":"26465882-252f-43ae-9eea-52b1718c090a","http.req.method":"GET","http.req.path":"/product/1YMWWN1N4O","message":"request started","session":"fcb2831f-0627-4791-ac1d-23821dc5b140","severity":"debug","timestamp":"2026-03-25T12:12:14.978047139Z"}
{"currency":"CAD","http.req.id":"26465882-252f-43ae-9eea-52b1718c090a","http.req.method":"GET","http.req.path":"/product/1YMWWN1N4O","id":"1YMWWN1N4O","message":"serving product page","session":"fcb2831f-0627-4791-ac1d-23821dc5b140","severity":"debug","timestamp":"2026-03-25T12:12:14.978162166Z"}
{"http.req.id":"712fb6eb-a69a-4bbd-8f4a-e674ddcbb199","http.req.method":"GET","http.req.path":"/product/1YMWWN1N4O","http.resp.bytes":8002,"http.resp.status":200,"http.resp.took_ms":218,"message":"request complete","session":"df4ce93a-5d92-40a8-93c2-540bf11bbb4d","severity":"debug","timestamp":"2026-03-25T12:12:15.161460205Z"}
{"http.req.id":"26465882-252f-43ae-9eea-52b1718c090a","http.req.method":"GET","http.req.path":"/product/1YMWWN1N4O","http.resp.bytes":8044,"http.resp.status":200,"http.resp.took_ms":195,"message":"request complete","session":"fcb2831f-0627-4791-ac1d-23821dc5b140","severity":"debug","timestamp":"2026-03-25T12:12:15.173439787Z"}
{"http.req.id":"e5c774db-311c-4730-932b-4c8cecc8243f","http.req.method":"POST","http.req.path":"/cart","message":"request started","session":"fcb2831f-0627-4791-ac1d-23821dc5b140","severity":"debug","timestamp":"2026-03-25T12:12:15.174557553Z"}
{"http.req.id":"e5c774db-311c-4730-932b-4c8cecc8243f","http.req.method":"POST","http.req.path":"/cart","message":"adding to cart","product":"1YMWWN1N4O","quantity":6,"session":"fcb2831f-0627-4791-ac1d-23821dc5b140","severity":"debug","timestamp":"2026-03-25T12:12:15.174734238Z"}
{"http.req.id":"e5c774db-311c-4730-932b-4c8cecc8243f","http.req.method":"POST","http.req.path":"/cart","http.resp.bytes":0,"http.resp.status":302,"http.resp.took_ms":3,"message":"request complete","session":"fcb2831f-0627-4791-ac1d-23821dc5b140","severity":"debug","timestamp":"2026-03-25T12:12:15.178261995Z"}
{"http.req.id":"db4ac501-f478-4a02-8a12-5774cb9ec5a9","http.req.method":"GET","http.req.path":"/cart","message":"request started","session":"fcb2831f-0627-4791-ac1d-23821dc5b140","severity":"debug","timestamp":"2026-03-25T12:12:15.179817973Z"}
{"http.req.id":"db4ac501-f478-4a02-8a12-5774cb9ec5a9","http.req.method":"GET","http.req.path":"/cart","message":"view user cart","session":"fcb2831f-0627-4791-ac1d-23821dc5b140","severity":"debug","timestamp":"2026-03-25T12:12:15.179904401Z"}
{"http.req.id":"3d58b81e-c9f2-4b0c-b8a9-206da3f7db58","http.req.method":"POST","http.req.path":"/setCurrency","message":"request started","session":"694745d8-a179-4c65-83d6-9ed873a7b94b","severity":"debug","timestamp":"2026-03-25T12:12:15.321995849Z"}
{"curr.new":"GBP","curr.old":"TRY","http.req.id":"3d58b81e-c9f2-4b0c-b8a9-206da3f7db58","http.req.method":"POST","http.req.path":"/setCurrency","message":"setting currency","session":"694745d8-a179-4c65-83d6-9ed873a7b94b","severity":"debug","timestamp":"2026-03-25T12:12:15.322191879Z"}
{"http.req.id":"3d58b81e-c9f2-4b0c-b8a9-206da3f7db58","http.req.method":"POST","http.req.path":"/setCurrency","http.resp.bytes":0,"http.resp.status":302,"http.resp.took_ms":0,"message":"request complete","session":"694745d8-a179-4c65-83d6-9ed873a7b94b","severity":"debug","timestamp":"2026-03-25T12:12:15.32224073Z"}
{"http.req.id":"ef75283e-601f-4e3f-87b0-8253656dde24","http.req.method":"GET","http.req.path":"/","message":"request started","session":"694745d8-a179-4c65-83d6-9ed873a7b94b","severity":"debug","timestamp":"2026-03-25T12:12:15.323641117Z"}
{"currency":"GBP","http.req.id":"ef75283e-601f-4e3f-87b0-8253656dde24","http.req.method":"GET","http.req.path":"/","message":"home","session":"694745d8-a179-4c65-83d6-9ed873a7b94b","severity":"info","timestamp":"2026-03-25T12:12:15.323732202Z"}
env platform is either empty or invalid
{"http.req.id":"ef75283e-601f-4e3f-87b0-8253656dde24","http.req.method":"GET","http.req.path":"/","message":"ENV_PLATFORM is: local","session":"694745d8-a179-4c65-83d6-9ed873a7b94b","severity":"debug","timestamp":"2026-03-25T12:12:15.353133544Z"}
{"http.req.id":"ef75283e-601f-4e3f-87b0-8253656dde24","http.req.method":"GET","http.req.path":"/","http.resp.bytes":10482,"http.resp.status":200,"http.resp.took_ms":32,"message":"request complete","session":"694745d8-a179-4c65-83d6-9ed873a7b94b","severity":"debug","timestamp":"2026-03-25T12:12:15.355747959Z"}
{"http.req.id":"db4ac501-f478-4a02-8a12-5774cb9ec5a9","http.req.method":"GET","http.req.path":"/cart","http.resp.bytes":23159,"http.resp.status":200,"http.resp.took_ms":305,"message":"request complete","session":"fcb2831f-0627-4791-ac1d-23821dc5b140","severity":"debug","timestamp":"2026-03-25T12:12:15.484913933Z"}
{"http.req.id":"47e24eeb-5300-4223-b426-f234ee785a32","http.req.method":"GET","http.req.path":"/product/66VCHSJNUP","message":"request started","session":"827eab86-1aba-4a15-8740-5fee5900d10f","severity":"debug","timestamp":"2026-03-25T12:12:16.35443372Z"}
{"currency":"CAD","http.req.id":"47e24eeb-5300-4223-b426-f234ee785a32","http.req.method":"GET","http.req.path":"/product/66VCHSJNUP","id":"66VCHSJNUP","message":"serving product page","session":"827eab86-1aba-4a15-8740-5fee5900d10f","severity":"debug","timestamp":"2026-03-25T12:12:16.354688652Z"}
{"http.req.id":"47e24eeb-5300-4223-b426-f234ee785a32","http.req.method":"GET","http.req.path":"/product/66VCHSJNUP","http.resp.bytes":7975,"http.resp.status":200,"http.resp.took_ms":310,"message":"request complete","session":"827eab86-1aba-4a15-8740-5fee5900d10f","severity":"debug","timestamp":"2026-03-25T12:12:16.665096397Z"}
{"http.req.id":"b983c84b-b37a-4369-a464-821a78f38030","http.req.method":"GET","http.req.path":"/product/L9ECAV7KIM","message":"request started","session":"a38c2610-1665-4c93-8051-4c451f5de325","severity":"debug","timestamp":"2026-03-25T12:12:17.210814402Z"}
{"currency":"CAD","http.req.id":"b983c84b-b37a-4369-a464-821a78f38030","http.req.method":"GET","http.req.path":"/product/L9ECAV7KIM","id":"L9ECAV7KIM","message":"serving product page","session":"a38c2610-1665-4c93-8051-4c451f5de325","severity":"debug","timestamp":"2026-03-25T12:12:17.210936943Z"}
{"http.req.id":"b983c84b-b37a-4369-a464-821a78f38030","http.req.method":"GET","http.req.path":"/product/L9ECAV7KIM","http.resp.bytes":7943,"http.resp.status":200,"http.resp.took_ms":355,"message":"request complete","session":"a38c2610-1665-4c93-8051-4c451f5de325","severity":"debug","timestamp":"2026-03-25T12:12:17.56609466Z"}
{"http.req.id":"28aeb494-c1e5-4756-9dc5-6a192f98a3c7","http.req.method":"GET","http.req.path":"/_healthz","message":"request started","session":"x-liveness-probe","severity":"debug","timestamp":"2026-03-25T12:12:17.665801433Z"}
{"http.req.id":"28aeb494-c1e5-4756-9dc5-6a192f98a3c7","http.req.method":"GET","http.req.path":"/_healthz","http.resp.bytes":2,"http.resp.status":200,"http.resp.took_ms":0,"message":"request complete","session":"x-liveness-probe","severity":"debug","timestamp":"2026-03-25T12:12:17.665993917Z"}
{"http.req.id":"42982dec-a091-444b-812a-c48a14c7c775","http.req.method":"POST","http.req.path":"/setCurrency","message":"request started","session":"df4ce93a-5d92-40a8-93c2-540bf11bbb4d","severity":"debug","timestamp":"2026-03-25T12:12:17.822227878Z"}
{"curr.new":"USD","curr.old":"EUR","http.req.id":"42982dec-a091-444b-812a-c48a14c7c775","http.req.method":"POST","http.req.path":"/setCurrency","message":"setting currency","session":"df4ce93a-5d92-40a8-93c2-540bf11bbb4d","severity":"debug","timestamp":"2026-03-25T12:12:17.822483515Z"}
{"http.req.id":"42982dec-a091-444b-812a-c48a14c7c775","http.req.method":"POST","http.req.path":"/setCurrency","http.resp.bytes":0,"http.resp.status":302,"http.resp.took_ms":0,"message":"request complete","session":"df4ce93a-5d92-40a8-93c2-540bf11bbb4d","severity":"debug","timestamp":"2026-03-25T12:12:17.822594705Z"}
{"http.req.id":"1c40c8a9-76ec-4bc6-b33d-ee1b37f75590","http.req.method":"GET","http.req.path":"/","message":"request started","session":"df4ce93a-5d92-40a8-93c2-540bf11bbb4d","severity":"debug","timestamp":"2026-03-25T12:12:17.824241566Z"}
{"currency":"USD","http.req.id":"1c40c8a9-76ec-4bc6-b33d-ee1b37f75590","http.req.method":"GET","http.req.path":"/","message":"home","session":"df4ce93a-5d92-40a8-93c2-540bf11bbb4d","severity":"info","timestamp":"2026-03-25T12:12:17.82439249Z"}
env platform is either empty or invalid
{"http.req.id":"1c40c8a9-76ec-4bc6-b33d-ee1b37f75590","http.req.method":"GET","http.req.path":"/","message":"ENV_PLATFORM is: local","session":"df4ce93a-5d92-40a8-93c2-540bf11bbb4d","severity":"debug","timestamp":"2026-03-25T12:12:17.853098403Z"}
{"http.req.id":"1c40c8a9-76ec-4bc6-b33d-ee1b37f75590","http.req.method":"GET","http.req.path":"/","http.resp.bytes":10472,"http.resp.status":200,"http.resp.took_ms":35,"message":"request complete","session":"df4ce93a-5d92-40a8-93c2-540bf11bbb4d","severity":"debug","timestamp":"2026-03-25T12:12:17.859458271Z"}
{"http.req.id":"a92564bb-ce41-4f29-a5fe-35094dd68800","http.req.method":"GET","http.req.path":"/cart","message":"request started","session":"32217267-98ca-4d66-9fc8-3f088b8def0f","severity":"debug","timestamp":"2026-03-25T12:12:18.149998358Z"}
{"http.req.id":"a92564bb-ce41-4f29-a5fe-35094dd68800","http.req.method":"GET","http.req.path":"/cart","message":"view user cart","session":"32217267-98ca-4d66-9fc8-3f088b8def0f","severity":"debug","timestamp":"2026-03-25T12:12:18.150111758Z"}
{"http.req.id":"a92564bb-ce41-4f29-a5fe-35094dd68800","http.req.method":"GET","http.req.path":"/cart","http.resp.bytes":16355,"http.resp.status":200,"http.resp.took_ms":205,"message":"request complete","session":"32217267-98ca-4d66-9fc8-3f088b8def0f","severity":"debug","timestamp":"2026-03-25T12:12:18.355634163Z"}
{"http.req.id":"07c8fc99-b2b8-4f36-93ac-1e2d3e09e0ec","http.req.method":"POST","http.req.path":"/setCurrency","message":"request started","session":"2d3bf3d7-22b5-49c9-8227-12126292f393","severity":"debug","timestamp":"2026-03-25T12:12:18.770103981Z"}
{"curr.new":"CAD","curr.old":"JPY","http.req.id":"07c8fc99-b2b8-4f36-93ac-1e2d3e09e0ec","http.req.method":"POST","http.req.path":"/setCurrency","message":"setting currency","session":"2d3bf3d7-22b5-49c9-8227-12126292f393","severity":"debug","timestamp":"2026-03-25T12:12:18.770304017Z"}
{"http.req.id":"07c8fc99-b2b8-4f36-93ac-1e2d3e09e0ec","http.req.method":"POST","http.req.path":"/setCurrency","http.resp.bytes":0,"http.resp.status":302,"http.resp.took_ms":0,"message":"request complete","session":"2d3bf3d7-22b5-49c9-8227-12126292f393","severity":"debug","timestamp":"2026-03-25T12:12:18.77046202Z"}
{"http.req.id":"fbdd1240-ef3d-4c97-b75b-3acaed46e367","http.req.method":"GET","http.req.path":"/","message":"request started","session":"2d3bf3d7-22b5-49c9-8227-12126292f393","severity":"debug","timestamp":"2026-03-25T12:12:18.773998517Z"}
{"currency":"CAD","http.req.id":"fbdd1240-ef3d-4c97-b75b-3acaed46e367","http.req.method":"GET","http.req.path":"/","message":"home","session":"2d3bf3d7-22b5-49c9-8227-12126292f393","severity":"info","timestamp":"2026-03-25T12:12:18.774100512Z"}
env platform is either empty or invalid
{"http.req.id":"fbdd1240-ef3d-4c97-b75b-3acaed46e367","http.req.method":"GET","http.req.path":"/","message":"ENV_PLATFORM is: local","session":"2d3bf3d7-22b5-49c9-8227-12126292f393","severity":"debug","timestamp":"2026-03-25T12:12:18.825934452Z"}
{"http.req.id":"fbdd1240-ef3d-4c97-b75b-3acaed46e367","http.req.method":"GET","http.req.path":"/","http.resp.bytes":10385,"http.resp.status":200,"http.resp.took_ms":55,"message":"request complete","session":"2d3bf3d7-22b5-49c9-8227-12126292f393","severity":"debug","timestamp":"2026-03-25T12:12:18.829351854Z"}
{"http.req.id":"a0c735db-c354-44e6-84ea-8ccc82e7c31f","http.req.method":"GET","http.req.path":"/product/6E92ZMYYFZ","message":"request started","session":"694745d8-a179-4c65-83d6-9ed873a7b94b","severity":"debug","timestamp":"2026-03-25T12:12:18.996054762Z"}
{"currency":"GBP","http.req.id":"a0c735db-c354-44e6-84ea-8ccc82e7c31f","http.req.method":"GET","http.req.path":"/product/6E92ZMYYFZ","id":"6E92ZMYYFZ","message":"serving product page","session":"694745d8-a179-4c65-83d6-9ed873a7b94b","severity":"debug","timestamp":"2026-03-25T12:12:18.996163573Z"}
{"http.req.id":"a0c735db-c354-44e6-84ea-8ccc82e7c31f","http.req.method":"GET","http.req.path":"/product/6E92ZMYYFZ","http.resp.bytes":7969,"http.resp.status":200,"http.resp.took_ms":68,"message":"request complete","session":"694745d8-a179-4c65-83d6-9ed873a7b94b","severity":"debug","timestamp":"2026-03-25T12:12:19.064662099Z"}
{"http.req.id":"93654de4-601c-4da4-8938-9f033d2733eb","http.req.method":"GET","http.req.path":"/cart","message":"request started","session":"fcb2831f-0627-4791-ac1d-23821dc5b140","severity":"debug","timestamp":"2026-03-25T12:12:19.288284742Z"}
{"http.req.id":"93654de4-601c-4da4-8938-9f033d2733eb","http.req.method":"GET","http.req.path":"/cart","message":"view user cart","session":"fcb2831f-0627-4791-ac1d-23821dc5b140","severity":"debug","timestamp":"2026-03-25T12:12:19.288341154Z"}
{"http.req.id":"4996f8ca-84ff-4035-8429-a84715a544f3","http.req.method":"GET","http.req.path":"/product/L9ECAV7KIM","message":"request started","session":"514e00c6-206e-4c6e-873f-852b796455de","severity":"debug","timestamp":"2026-03-25T12:12:19.35618813Z"}
{"currency":"JPY","http.req.id":"4996f8ca-84ff-4035-8429-a84715a544f3","http.req.method":"GET","http.req.path":"/product/L9ECAV7KIM","id":"L9ECAV7KIM","message":"serving product page","session":"514e00c6-206e-4c6e-873f-852b796455de","severity":"debug","timestamp":"2026-03-25T12:12:19.356244668Z"}
{"http.req.id":"24856793-645c-4568-99af-034864ff8e99","http.req.method":"GET","http.req.path":"/product/66VCHSJNUP","message":"request started","session":"513dd945-739c-4fe3-8e54-6e6927fbb733","severity":"debug","timestamp":"2026-03-25T12:12:19.458005035Z"}
{"currency":"USD","http.req.id":"24856793-645c-4568-99af-034864ff8e99","http.req.method":"GET","http.req.path":"/product/66VCHSJNUP","id":"66VCHSJNUP","message":"serving product page","session":"513dd945-739c-4fe3-8e54-6e6927fbb733","severity":"debug","timestamp":"2026-03-25T12:12:19.458141332Z"}
{"http.req.id":"4996f8ca-84ff-4035-8429-a84715a544f3","http.req.method":"GET","http.req.path":"/product/L9ECAV7KIM","http.resp.bytes":7996,"http.resp.status":200,"http.resp.took_ms":207,"message":"request complete","session":"514e00c6-206e-4c6e-873f-852b796455de","severity":"debug","timestamp":"2026-03-25T12:12:19.570532543Z"}
{"http.req.id":"93654de4-601c-4da4-8938-9f033d2733eb","http.req.method":"GET","http.req.path":"/cart","http.resp.bytes":23159,"http.resp.status":200,"http.resp.took_ms":372,"message":"request complete","session":"fcb2831f-0627-4791-ac1d-23821dc5b140","severity":"debug","timestamp":"2026-03-25T12:12:19.660577818Z"}
{"http.req.id":"24856793-645c-4568-99af-034864ff8e99","http.req.method":"GET","http.req.path":"/product/66VCHSJNUP","http.resp.bytes":7880,"http.resp.status":200,"http.resp.took_ms":310,"message":"request complete","session":"513dd945-739c-4fe3-8e54-6e6927fbb733","severity":"debug","timestamp":"2026-03-25T12:12:19.768355039Z"}
{"http.req.id":"bca7c021-9964-4015-b7e5-8e00660dede0","http.req.method":"GET","http.req.path":"/product/9SIQT8TOJO","message":"request started","session":"a38c2610-1665-4c93-8051-4c451f5de325","severity":"debug","timestamp":"2026-03-25T12:12:19.915790867Z"}
{"currency":"CAD","http.req.id":"bca7c021-9964-4015-b7e5-8e00660dede0","http.req.method":"GET","http.req.path":"/product/9SIQT8TOJO","id":"9SIQT8TOJO","message":"serving product page","session":"a38c2610-1665-4c93-8051-4c451f5de325","severity":"debug","timestamp":"2026-03-25T12:12:19.915893874Z"}
{"http.req.id":"bca7c021-9964-4015-b7e5-8e00660dede0","http.req.method":"GET","http.req.path":"/product/9SIQT8TOJO","http.resp.bytes":8018,"http.resp.status":200,"http.resp.took_ms":50,"message":"request complete","session":"a38c2610-1665-4c93-8051-4c451f5de325","severity":"debug","timestamp":"2026-03-25T12:12:19.966022563Z"}
{"http.req.id":"aeb23d64-c0b4-4393-8de5-4108a35f16cd","http.req.method":"GET","http.req.path":"/_healthz","message":"request started","session":"x-readiness-probe","severity":"debug","timestamp":"2026-03-25T12:12:21.072131993Z"}
{"http.req.id":"aeb23d64-c0b4-4393-8de5-4108a35f16cd","http.req.method":"GET","http.req.path":"/_healthz","http.resp.bytes":2,"http.resp.status":200,"http.resp.took_ms":0,"message":"request complete","session":"x-readiness-probe","severity":"debug","timestamp":"2026-03-25T12:12:21.072257469Z"}
{"http.req.id":"171561d4-a292-4daa-8b7a-966972bcc7a0","http.req.method":"GET","http.req.path":"/","message":"request started","session":"32217267-98ca-4d66-9fc8-3f088b8def0f","severity":"debug","timestamp":"2026-03-25T12:12:21.267839209Z"}
{"currency":"GBP","http.req.id":"171561d4-a292-4daa-8b7a-966972bcc7a0","http.req.method":"GET","http.req.path":"/","message":"home","session":"32217267-98ca-4d66-9fc8-3f088b8def0f","severity":"info","timestamp":"2026-03-25T12:12:21.267925172Z"}
env platform is either empty or invalid
{"http.req.id":"171561d4-a292-4daa-8b7a-966972bcc7a0","http.req.method":"GET","http.req.path":"/","message":"ENV_PLATFORM is: local","session":"32217267-98ca-4d66-9fc8-3f088b8def0f","severity":"debug","timestamp":"2026-03-25T12:12:21.289576764Z"}
{"http.req.id":"171561d4-a292-4daa-8b7a-966972bcc7a0","http.req.method":"GET","http.req.path":"/","http.resp.bytes":10481,"http.resp.status":200,"http.resp.took_ms":25,"message":"request complete","session":"32217267-98ca-4d66-9fc8-3f088b8def0f","severity":"debug","timestamp":"2026-03-25T12:12:21.293572945Z"}
{"http.req.id":"12cac244-de0d-4c83-9f5a-3e120ebe0733","http.req.method":"GET","http.req.path":"/product/L9ECAV7KIM","message":"request started","session":"ecb080bf-5333-403f-9547-c8725d499228","severity":"debug","timestamp":"2026-03-25T12:12:21.760728677Z"}
{"currency":"CAD","http.req.id":"12cac244-de0d-4c83-9f5a-3e120ebe0733","http.req.method":"GET","http.req.path":"/product/L9ECAV7KIM","id":"L9ECAV7KIM","message":"serving product page","session":"ecb080bf-5333-403f-9547-c8725d499228","severity":"debug","timestamp":"2026-03-25T12:12:21.760822077Z"}
{"http.req.id":"12cac244-de0d-4c83-9f5a-3e120ebe0733","http.req.method":"GET","http.req.path":"/product/L9ECAV7KIM","http.resp.bytes":8001,"http.resp.status":200,"http.resp.took_ms":106,"message":"request complete","session":"ecb080bf-5333-403f-9547-c8725d499228","severity":"debug","timestamp":"2026-03-25T12:12:21.867154831Z"}
