{"http.req.id":"a9c2eec8-2553-4188-a16d-5746dd35018c","http.req.method":"GET","http.req.path":"/","message":"request started","session":"0994b18b-93e7-4775-a2c5-e29dc0e6d5bb","severity":"debug","timestamp":"2026-03-06T06:05:56.342708626Z"}
{"currency":"TRY","http.req.id":"a9c2eec8-2553-4188-a16d-5746dd35018c","http.req.method":"GET","http.req.path":"/","message":"home","session":"0994b18b-93e7-4775-a2c5-e29dc0e6d5bb","severity":"info","timestamp":"2026-03-06T06:05:56.342771925Z"}
env platform is either empty or invalid
{"http.req.id":"a9c2eec8-2553-4188-a16d-5746dd35018c","http.req.method":"GET","http.req.path":"/","message":"ENV_PLATFORM is: local","session":"0994b18b-93e7-4775-a2c5-e29dc0e6d5bb","severity":"debug","timestamp":"2026-03-06T06:05:56.358911543Z"}
{"http.req.id":"a9c2eec8-2553-4188-a16d-5746dd35018c","http.req.method":"GET","http.req.path":"/","http.resp.bytes":10616,"http.resp.status":200,"http.resp.took_ms":19,"message":"request complete","session":"0994b18b-93e7-4775-a2c5-e29dc0e6d5bb","severity":"debug","timestamp":"2026-03-06T06:05:56.36211331Z"}
{"http.req.id":"9caf5176-6f59-4222-938e-5f92a8f8112a","http.req.method":"GET","http.req.path":"/cart","message":"request started","session":"f9734e3a-0615-43dc-908b-1b8be30715f4","severity":"debug","timestamp":"2026-03-06T06:05:56.507829217Z"}
{"http.req.id":"9caf5176-6f59-4222-938e-5f92a8f8112a","http.req.method":"GET","http.req.path":"/cart","message":"view user cart","session":"f9734e3a-0615-43dc-908b-1b8be30715f4","severity":"debug","timestamp":"2026-03-06T06:05:56.5079188Z"}
{"http.req.id":"9caf5176-6f59-4222-938e-5f92a8f8112a","http.req.method":"GET","http.req.path":"/cart","http.resp.bytes":6915,"http.resp.status":200,"http.resp.took_ms":13,"message":"request complete","session":"f9734e3a-0615-43dc-908b-1b8be30715f4","severity":"debug","timestamp":"2026-03-06T06:05:56.521271959Z"}
{"http.req.id":"fe3e6342-0dc9-4f6e-9e97-014da7f17124","http.req.method":"GET","http.req.path":"/product/1YMWWN1N4O","message":"request started","session":"6e21104e-b0bf-4a85-b5c2-ac5af92fa69e","severity":"debug","timestamp":"2026-03-06T06:05:57.290294141Z"}
{"currency":"EUR","http.req.id":"fe3e6342-0dc9-4f6e-9e97-014da7f17124","http.req.method":"GET","http.req.path":"/product/1YMWWN1N4O","id":"1YMWWN1N4O","message":"serving product page","session":"6e21104e-b0bf-4a85-b5c2-ac5af92fa69e","severity":"debug","timestamp":"2026-03-06T06:05:57.290418625Z"}
{"http.req.id":"fe3e6342-0dc9-4f6e-9e97-014da7f17124","http.req.method":"GET","http.req.path":"/product/1YMWWN1N4O","http.resp.bytes":8103,"http.resp.status":200,"http.resp.took_ms":15,"message":"request complete","session":"6e21104e-b0bf-4a85-b5c2-ac5af92fa69e","severity":"debug","timestamp":"2026-03-06T06:05:57.306106237Z"}
{"http.req.id":"45bd1427-493c-42a4-873a-3d4442a29741","http.req.method":"GET","http.req.path":"/product/6E92ZMYYFZ","message":"request started","session":"d7d3227d-0824-4f40-a472-c039f0192426","severity":"debug","timestamp":"2026-03-06T06:05:58.562675995Z"}
{"currency":"JPY","http.req.id":"45bd1427-493c-42a4-873a-3d4442a29741","http.req.method":"GET","http.req.path":"/product/6E92ZMYYFZ","id":"6E92ZMYYFZ","message":"serving product page","session":"d7d3227d-0824-4f40-a472-c039f0192426","severity":"debug","timestamp":"2026-03-06T06:05:58.562724539Z"}
{"http.req.id":"45bd1427-493c-42a4-873a-3d4442a29741","http.req.method":"GET","http.req.path":"/product/6E92ZMYYFZ","http.resp.bytes":8036,"http.resp.status":200,"http.resp.took_ms":12,"message":"request complete","session":"d7d3227d-0824-4f40-a472-c039f0192426","severity":"debug","timestamp":"2026-03-06T06:05:58.575067233Z"}
{"http.req.id":"99d4ed81-79bd-443d-a8c2-a04977965743","http.req.method":"GET","http.req.path":"/_healthz","message":"request started","session":"x-liveness-probe","severity":"debug","timestamp":"2026-03-06T06:06:00.246861092Z"}
{"http.req.id":"99d4ed81-79bd-443d-a8c2-a04977965743","http.req.method":"GET","http.req.path":"/_healthz","http.resp.bytes":2,"http.resp.status":200,"http.resp.took_ms":0,"message":"request complete","session":"x-liveness-probe","severity":"debug","timestamp":"2026-03-06T06:06:00.246952172Z"}
{"http.req.id":"5230513f-6832-461f-b668-038b97496bb8","http.req.method":"GET","http.req.path":"/product/2ZYFJ3GM2N","message":"request started","session":"89995d91-ad5c-4838-8317-c04497a5d805","severity":"debug","timestamp":"2026-03-06T06:06:00.410381657Z"}
{"currency":"GBP","http.req.id":"5230513f-6832-461f-b668-038b97496bb8","http.req.method":"GET","http.req.path":"/product/2ZYFJ3GM2N","id":"2ZYFJ3GM2N","message":"serving product page","session":"89995d91-ad5c-4838-8317-c04497a5d805","severity":"debug","timestamp":"2026-03-06T06:06:00.410495673Z"}
{"http.req.id":"5230513f-6832-461f-b668-038b97496bb8","http.req.method":"GET","http.req.path":"/product/2ZYFJ3GM2N","http.resp.bytes":7960,"http.resp.status":200,"http.resp.took_ms":19,"message":"request complete","session":"89995d91-ad5c-4838-8317-c04497a5d805","severity":"debug","timestamp":"2026-03-06T06:06:00.430251741Z"}
{"http.req.id":"a147cd77-a324-4a05-8ae3-708a5491ba0a","http.req.method":"POST","http.req.path":"/cart","message":"request started","session":"89995d91-ad5c-4838-8317-c04497a5d805","severity":"debug","timestamp":"2026-03-06T06:06:00.43110889Z"}
{"http.req.id":"a147cd77-a324-4a05-8ae3-708a5491ba0a","http.req.method":"POST","http.req.path":"/cart","message":"adding to cart","product":"2ZYFJ3GM2N","quantity":10,"session":"89995d91-ad5c-4838-8317-c04497a5d805","severity":"debug","timestamp":"2026-03-06T06:06:00.431224334Z"}
{"http.req.id":"a147cd77-a324-4a05-8ae3-708a5491ba0a","http.req.method":"POST","http.req.path":"/cart","http.resp.bytes":0,"http.resp.status":302,"http.resp.took_ms":2,"message":"request complete","session":"89995d91-ad5c-4838-8317-c04497a5d805","severity":"debug","timestamp":"2026-03-06T06:06:00.433872235Z"}
{"http.req.id":"5c3414b8-53c2-44af-b941-9709d25753d5","http.req.method":"GET","http.req.path":"/cart","message":"request started","session":"89995d91-ad5c-4838-8317-c04497a5d805","severity":"debug","timestamp":"2026-03-06T06:06:00.434701436Z"}
{"http.req.id":"5c3414b8-53c2-44af-b941-9709d25753d5","http.req.method":"GET","http.req.path":"/cart","message":"view user cart","session":"89995d91-ad5c-4838-8317-c04497a5d805","severity":"debug","timestamp":"2026-03-06T06:06:00.434769323Z"}
{"http.req.id":"5c3414b8-53c2-44af-b941-9709d25753d5","http.req.method":"GET","http.req.path":"/cart","http.resp.bytes":16480,"http.resp.status":200,"http.resp.took_ms":16,"message":"request complete","session":"89995d91-ad5c-4838-8317-c04497a5d805","severity":"debug","timestamp":"2026-03-06T06:06:00.451406843Z"}
{"http.req.id":"a195eb06-03e3-40ae-825a-6985339c1375","http.req.method":"GET","http.req.path":"/cart","message":"request started","session":"b1a1fb98-93d6-41f8-9605-e0c8a82d1d3c","severity":"debug","timestamp":"2026-03-06T06:06:01.093692398Z"}
{"http.req.id":"a195eb06-03e3-40ae-825a-6985339c1375","http.req.method":"GET","http.req.path":"/cart","message":"view user cart","session":"b1a1fb98-93d6-41f8-9605-e0c8a82d1d3c","severity":"debug","timestamp":"2026-03-06T06:06:01.093768069Z"}
{"http.req.id":"a195eb06-03e3-40ae-825a-6985339c1375","http.req.method":"GET","http.req.path":"/cart","http.resp.bytes":17892,"http.resp.status":200,"http.resp.took_ms":33,"message":"request complete","session":"b1a1fb98-93d6-41f8-9605-e0c8a82d1d3c","severity":"debug","timestamp":"2026-03-06T06:06:01.126800042Z"}
{"http.req.id":"79bcc4c7-f33e-4258-85f8-70832bdc30aa","http.req.method":"GET","http.req.path":"/product/2ZYFJ3GM2N","message":"request started","session":"3e105862-e07a-48bd-9f67-033f05224f8f","severity":"debug","timestamp":"2026-03-06T06:06:01.901491936Z"}
{"currency":"GBP","http.req.id":"79bcc4c7-f33e-4258-85f8-70832bdc30aa","http.req.method":"GET","http.req.path":"/product/2ZYFJ3GM2N","id":"2ZYFJ3GM2N","message":"serving product page","session":"3e105862-e07a-48bd-9f67-033f05224f8f","severity":"debug","timestamp":"2026-03-06T06:06:01.901575456Z"}
{"http.req.id":"79bcc4c7-f33e-4258-85f8-70832bdc30aa","http.req.method":"GET","http.req.path":"/product/2ZYFJ3GM2N","http.resp.bytes":8070,"http.resp.status":200,"http.resp.took_ms":16,"message":"request complete","session":"3e105862-e07a-48bd-9f67-033f05224f8f","severity":"debug","timestamp":"2026-03-06T06:06:01.918194654Z"}
{"http.req.id":"39573850-bf58-45bf-954c-cdc24263682e","http.req.method":"GET","http.req.path":"/product/6E92ZMYYFZ","message":"request started","session":"fa2d8e54-c567-4c66-b702-8bb183ef4a46","severity":"debug","timestamp":"2026-03-06T06:06:02.626959986Z"}
{"currency":"USD","http.req.id":"39573850-bf58-45bf-954c-cdc24263682e","http.req.method":"GET","http.req.path":"/product/6E92ZMYYFZ","id":"6E92ZMYYFZ","message":"serving product page","session":"fa2d8e54-c567-4c66-b702-8bb183ef4a46","severity":"debug","timestamp":"2026-03-06T06:06:02.627048375Z"}
{"http.req.id":"39573850-bf58-45bf-954c-cdc24263682e","http.req.method":"GET","http.req.path":"/product/6E92ZMYYFZ","http.resp.bytes":7903,"http.resp.status":200,"http.resp.took_ms":16,"message":"request complete","session":"fa2d8e54-c567-4c66-b702-8bb183ef4a46","severity":"debug","timestamp":"2026-03-06T06:06:02.643321016Z"}
{"http.req.id":"c50fa8a7-af55-4e35-aa1c-5cbdc30dfd08","http.req.method":"POST","http.req.path":"/cart","message":"request started","session":"fa2d8e54-c567-4c66-b702-8bb183ef4a46","severity":"debug","timestamp":"2026-03-06T06:06:02.644356972Z"}
{"http.req.id":"c50fa8a7-af55-4e35-aa1c-5cbdc30dfd08","http.req.method":"POST","http.req.path":"/cart","message":"adding to cart","product":"6E92ZMYYFZ","quantity":4,"session":"fa2d8e54-c567-4c66-b702-8bb183ef4a46","severity":"debug","timestamp":"2026-03-06T06:06:02.64485885Z"}
{"http.req.id":"c50fa8a7-af55-4e35-aa1c-5cbdc30dfd08","http.req.method":"POST","http.req.path":"/cart","http.resp.bytes":0,"http.resp.status":302,"http.resp.took_ms":4,"message":"request complete","session":"fa2d8e54-c567-4c66-b702-8bb183ef4a46","severity":"debug","timestamp":"2026-03-06T06:06:02.649047896Z"}
{"http.req.id":"5a857c2f-396c-4d0b-a9bd-a94dae4df67e","http.req.method":"GET","http.req.path":"/cart","message":"request started","session":"fa2d8e54-c567-4c66-b702-8bb183ef4a46","severity":"debug","timestamp":"2026-03-06T06:06:02.650006163Z"}
{"http.req.id":"5a857c2f-396c-4d0b-a9bd-a94dae4df67e","http.req.method":"GET","http.req.path":"/cart","message":"view user cart","session":"fa2d8e54-c567-4c66-b702-8bb183ef4a46","severity":"debug","timestamp":"2026-03-06T06:06:02.650066949Z"}
{"http.req.id":"5a857c2f-396c-4d0b-a9bd-a94dae4df67e","http.req.method":"GET","http.req.path":"/cart","http.resp.bytes":16459,"http.resp.status":200,"http.resp.took_ms":16,"message":"request complete","session":"fa2d8e54-c567-4c66-b702-8bb183ef4a46","severity":"debug","timestamp":"2026-03-06T06:06:02.666574778Z"}
{"http.req.id":"ca9379fa-a31e-4b6a-8e6b-01f2babce1bb","http.req.method":"POST","http.req.path":"/cart/checkout","message":"request started","session":"fa2d8e54-c567-4c66-b702-8bb183ef4a46","severity":"debug","timestamp":"2026-03-06T06:06:02.709391012Z"}
{"http.req.id":"ca9379fa-a31e-4b6a-8e6b-01f2babce1bb","http.req.method":"POST","http.req.path":"/cart/checkout","message":"placing order","session":"fa2d8e54-c567-4c66-b702-8bb183ef4a46","severity":"debug","timestamp":"2026-03-06T06:06:02.709484347Z"}
{"http.req.id":"ca9379fa-a31e-4b6a-8e6b-01f2babce1bb","http.req.method":"POST","http.req.path":"/cart/checkout","message":"order placed","order":"8dff5b22-1922-11f1-af47-fabc357e427c","session":"fa2d8e54-c567-4c66-b702-8bb183ef4a46","severity":"info","timestamp":"2026-03-06T06:06:02.72238343Z"}
{"http.req.id":"ca9379fa-a31e-4b6a-8e6b-01f2babce1bb","http.req.method":"POST","http.req.path":"/cart/checkout","http.resp.bytes":6808,"http.resp.status":200,"http.resp.took_ms":21,"message":"request complete","session":"fa2d8e54-c567-4c66-b702-8bb183ef4a46","severity":"debug","timestamp":"2026-03-06T06:06:02.7304829Z"}
{"http.req.id":"66305fa8-c849-47bb-b754-fbc967bd271b","http.req.method":"GET","http.req.path":"/_healthz","message":"request started","session":"x-readiness-probe","severity":"debug","timestamp":"2026-03-06T06:06:02.976326886Z"}
{"http.req.id":"66305fa8-c849-47bb-b754-fbc967bd271b","http.req.method":"GET","http.req.path":"/_healthz","http.resp.bytes":2,"http.resp.status":200,"http.resp.took_ms":0,"message":"request complete","session":"x-readiness-probe","severity":"debug","timestamp":"2026-03-06T06:06:02.976469837Z"}
{"http.req.id":"e16c0f0d-ccf8-41fa-ae3b-6b218f4c8925","http.req.method":"GET","http.req.path":"/product/OLJCESPC7Z","message":"request started","session":"ec0b6821-5225-4ee8-8ec0-1e3bbbdffabb","severity":"debug","timestamp":"2026-03-06T06:06:03.120789234Z"}
{"currency":"TRY","http.req.id":"e16c0f0d-ccf8-41fa-ae3b-6b218f4c8925","http.req.method":"GET","http.req.path":"/product/OLJCESPC7Z","id":"OLJCESPC7Z","message":"serving product page","session":"ec0b6821-5225-4ee8-8ec0-1e3bbbdffabb","severity":"debug","timestamp":"2026-03-06T06:06:03.120945083Z"}
{"http.req.id":"e16c0f0d-ccf8-41fa-ae3b-6b218f4c8925","http.req.method":"GET","http.req.path":"/product/OLJCESPC7Z","http.resp.bytes":8092,"http.resp.status":200,"http.resp.took_ms":28,"message":"request complete","session":"ec0b6821-5225-4ee8-8ec0-1e3bbbdffabb","severity":"debug","timestamp":"2026-03-06T06:06:03.149382963Z"}
{"http.req.id":"b0071b71-ef25-44ec-8d50-ad1f944ca398","http.req.method":"POST","http.req.path":"/setCurrency","message":"request started","session":"89995d91-ad5c-4838-8317-c04497a5d805","severity":"debug","timestamp":"2026-03-06T06:06:03.226520278Z"}
{"curr.new":"EUR","curr.old":"GBP","http.req.id":"b0071b71-ef25-44ec-8d50-ad1f944ca398","http.req.method":"POST","http.req.path":"/setCurrency","message":"setting currency","session":"89995d91-ad5c-4838-8317-c04497a5d805","severity":"debug","timestamp":"2026-03-06T06:06:03.226778993Z"}
{"http.req.id":"b0071b71-ef25-44ec-8d50-ad1f944ca398","http.req.method":"POST","http.req.path":"/setCurrency","http.resp.bytes":0,"http.resp.status":302,"http.resp.took_ms":0,"message":"request complete","session":"89995d91-ad5c-4838-8317-c04497a5d805","severity":"debug","timestamp":"2026-03-06T06:06:03.226830112Z"}
{"http.req.id":"dffdcef5-bf72-4b00-916e-dccc0b0db4b3","http.req.method":"GET","http.req.path":"/","message":"request started","session":"89995d91-ad5c-4838-8317-c04497a5d805","severity":"debug","timestamp":"2026-03-06T06:06:03.22908994Z"}
{"currency":"EUR","http.req.id":"dffdcef5-bf72-4b00-916e-dccc0b0db4b3","http.req.method":"GET","http.req.path":"/","message":"home","session":"89995d91-ad5c-4838-8317-c04497a5d805","severity":"info","timestamp":"2026-03-06T06:06:03.229361025Z"}
env platform is either empty or invalid
{"http.req.id":"5eaa837d-e009-4a7e-b0e3-959c04084a2c","http.req.method":"GET","http.req.path":"/product/L9ECAV7KIM","message":"request started","session":"3e105862-e07a-48bd-9f67-033f05224f8f","severity":"debug","timestamp":"2026-03-06T06:06:03.589298809Z"}
{"currency":"GBP","http.req.id":"5eaa837d-e009-4a7e-b0e3-959c04084a2c","http.req.method":"GET","http.req.path":"/product/L9ECAV7KIM","id":"L9ECAV7KIM","message":"serving product page","session":"3e105862-e07a-48bd-9f67-033f05224f8f","severity":"debug","timestamp":"2026-03-06T06:06:03.58961646Z"}
{"http.req.id":"5eaa837d-e009-4a7e-b0e3-959c04084a2c","http.req.method":"GET","http.req.path":"/product/L9ECAV7KIM","http.resp.bytes":8026,"http.resp.status":200,"http.resp.took_ms":23,"message":"request complete","session":"3e105862-e07a-48bd-9f67-033f05224f8f","severity":"debug","timestamp":"2026-03-06T06:06:03.61236216Z"}
{"http.req.id":"bfcf0dd4-8456-42df-9a91-f9dd75912a67","http.req.method":"POST","http.req.path":"/cart","message":"request started","session":"3e105862-e07a-48bd-9f67-033f05224f8f","severity":"debug","timestamp":"2026-03-06T06:06:03.613929075Z"}
{"http.req.id":"bfcf0dd4-8456-42df-9a91-f9dd75912a67","http.req.method":"POST","http.req.path":"/cart","message":"adding to cart","product":"L9ECAV7KIM","quantity":3,"session":"3e105862-e07a-48bd-9f67-033f05224f8f","severity":"debug","timestamp":"2026-03-06T06:06:03.614086655Z"}
{"http.req.id":"bfcf0dd4-8456-42df-9a91-f9dd75912a67","http.req.method":"POST","http.req.path":"/cart","http.resp.bytes":0,"http.resp.status":302,"http.resp.took_ms":3,"message":"request complete","session":"3e105862-e07a-48bd-9f67-033f05224f8f","severity":"debug","timestamp":"2026-03-06T06:06:03.617502059Z"}
{"http.req.id":"06f2dff3-5cab-4bef-8d1f-8aa128d806ae","http.req.method":"GET","http.req.path":"/cart","message":"request started","session":"3e105862-e07a-48bd-9f67-033f05224f8f","severity":"debug","timestamp":"2026-03-06T06:06:03.618675191Z"}
{"http.req.id":"06f2dff3-5cab-4bef-8d1f-8aa128d806ae","http.req.method":"GET","http.req.path":"/cart","message":"view user cart","session":"3e105862-e07a-48bd-9f67-033f05224f8f","severity":"debug","timestamp":"2026-03-06T06:06:03.61880538Z"}
{"http.req.id":"b82e4d6d-14b0-4196-99db-d91bc9c975b4","http.req.method":"GET","http.req.path":"/product/LS4PSXUNUM","message":"request started","session":"f9734e3a-0615-43dc-908b-1b8be30715f4","severity":"debug","timestamp":"2026-03-06T06:06:03.677097781Z"}
{"currency":"TRY","http.req.id":"b82e4d6d-14b0-4196-99db-d91bc9c975b4","http.req.method":"GET","http.req.path":"/product/LS4PSXUNUM","id":"LS4PSXUNUM","message":"serving product page","session":"f9734e3a-0615-43dc-908b-1b8be30715f4","severity":"debug","timestamp":"2026-03-06T06:06:03.677167492Z"}
{"http.req.id":"06f2dff3-5cab-4bef-8d1f-8aa128d806ae","http.req.method":"GET","http.req.path":"/cart","http.resp.bytes":19286,"http.resp.status":200,"http.resp.took_ms":90,"message":"request complete","session":"3e105862-e07a-48bd-9f67-033f05224f8f","severity":"debug","timestamp":"2026-03-06T06:06:03.709580795Z"}
{"http.req.id":"dffdcef5-bf72-4b00-916e-dccc0b0db4b3","http.req.method":"GET","http.req.path":"/","message":"ENV_PLATFORM is: local","session":"89995d91-ad5c-4838-8317-c04497a5d805","severity":"debug","timestamp":"2026-03-06T06:06:03.716696304Z"}
{"http.req.id":"b82e4d6d-14b0-4196-99db-d91bc9c975b4","http.req.method":"GET","http.req.path":"/product/LS4PSXUNUM","http.resp.bytes":7954,"http.resp.status":200,"http.resp.took_ms":42,"message":"request complete","session":"f9734e3a-0615-43dc-908b-1b8be30715f4","severity":"debug","timestamp":"2026-03-06T06:06:03.719335902Z"}
{"http.req.id":"dffdcef5-bf72-4b00-916e-dccc0b0db4b3","http.req.method":"GET","http.req.path":"/","http.resp.bytes":10608,"http.resp.status":200,"http.resp.took_ms":490,"message":"request complete","session":"89995d91-ad5c-4838-8317-c04497a5d805","severity":"debug","timestamp":"2026-03-06T06:06:03.719558154Z"}
{"http.req.id":"0ad8d656-4579-4c3d-a05e-66caba79f1e8","http.req.method":"GET","http.req.path":"/","message":"request started","session":"d7d3227d-0824-4f40-a472-c039f0192426","severity":"debug","timestamp":"2026-03-06T06:06:03.781125487Z"}
{"currency":"JPY","http.req.id":"0ad8d656-4579-4c3d-a05e-66caba79f1e8","http.req.method":"GET","http.req.path":"/","message":"home","session":"d7d3227d-0824-4f40-a472-c039f0192426","severity":"info","timestamp":"2026-03-06T06:06:03.781237116Z"}
env platform is either empty or invalid
{"http.req.id":"0ad8d656-4579-4c3d-a05e-66caba79f1e8","http.req.method":"GET","http.req.path":"/","message":"ENV_PLATFORM is: local","session":"d7d3227d-0824-4f40-a472-c039f0192426","severity":"debug","timestamp":"2026-03-06T06:06:03.809879015Z"}
{"http.req.id":"0ad8d656-4579-4c3d-a05e-66caba79f1e8","http.req.method":"GET","http.req.path":"/","http.resp.bytes":10619,"http.resp.status":200,"http.resp.took_ms":34,"message":"request complete","session":"d7d3227d-0824-4f40-a472-c039f0192426","severity":"debug","timestamp":"2026-03-06T06:06:03.815687583Z"}
{"http.req.id":"32bf4cac-efff-4ed0-8d43-c4c5680dcf0d","http.req.method":"GET","http.req.path":"/cart","message":"request started","session":"eed418e8-7ab1-4992-b9a1-40aeb0d3dc43","severity":"debug","timestamp":"2026-03-06T06:06:04.328615235Z"}
{"http.req.id":"32bf4cac-efff-4ed0-8d43-c4c5680dcf0d","http.req.method":"GET","http.req.path":"/cart","message":"view user cart","session":"eed418e8-7ab1-4992-b9a1-40aeb0d3dc43","severity":"debug","timestamp":"2026-03-06T06:06:04.32874099Z"}
{"http.req.id":"32bf4cac-efff-4ed0-8d43-c4c5680dcf0d","http.req.method":"GET","http.req.path":"/cart","http.resp.bytes":16425,"http.resp.status":200,"http.resp.took_ms":15,"message":"request complete","session":"eed418e8-7ab1-4992-b9a1-40aeb0d3dc43","severity":"debug","timestamp":"2026-03-06T06:06:04.343824641Z"}
{"http.req.id":"fe31d30f-4393-48b8-b690-2d9adb9d7d0f","http.req.method":"GET","http.req.path":"/product/LS4PSXUNUM","message":"request started","session":"0994b18b-93e7-4775-a2c5-e29dc0e6d5bb","severity":"debug","timestamp":"2026-03-06T06:06:05.477765958Z"}
{"currency":"TRY","http.req.id":"fe31d30f-4393-48b8-b690-2d9adb9d7d0f","http.req.method":"GET","http.req.path":"/product/LS4PSXUNUM","id":"LS4PSXUNUM","message":"serving product page","session":"0994b18b-93e7-4775-a2c5-e29dc0e6d5bb","severity":"debug","timestamp":"2026-03-06T06:06:05.477858017Z"}
{"http.req.id":"fe31d30f-4393-48b8-b690-2d9adb9d7d0f","http.req.method":"GET","http.req.path":"/product/LS4PSXUNUM","http.resp.bytes":8023,"http.resp.status":200,"http.resp.took_ms":16,"message":"request complete","session":"0994b18b-93e7-4775-a2c5-e29dc0e6d5bb","severity":"debug","timestamp":"2026-03-06T06:06:05.493891857Z"}
{"http.req.id":"88bc2814-a532-4251-a986-9f81a49ecbcf","http.req.method":"GET","http.req.path":"/product/66VCHSJNUP","message":"request started","session":"89995d91-ad5c-4838-8317-c04497a5d805","severity":"debug","timestamp":"2026-03-06T06:06:05.720498275Z"}
{"currency":"EUR","http.req.id":"88bc2814-a532-4251-a986-9f81a49ecbcf","http.req.method":"GET","http.req.path":"/product/66VCHSJNUP","id":"66VCHSJNUP","message":"serving product page","session":"89995d91-ad5c-4838-8317-c04497a5d805","severity":"debug","timestamp":"2026-03-06T06:06:05.72063729Z"}
{"http.req.id":"88bc2814-a532-4251-a986-9f81a49ecbcf","http.req.method":"GET","http.req.path":"/product/66VCHSJNUP","http.resp.bytes":8040,"http.resp.status":200,"http.resp.took_ms":15,"message":"request complete","session":"89995d91-ad5c-4838-8317-c04497a5d805","severity":"debug","timestamp":"2026-03-06T06:06:05.73592393Z"}
{"http.req.id":"145a7580-283a-4201-89db-5d68c7a0549c","http.req.method":"GET","http.req.path":"/product/L9ECAV7KIM","message":"request started","session":"3e105862-e07a-48bd-9f67-033f05224f8f","severity":"debug","timestamp":"2026-03-06T06:06:06.487708986Z"}
{"currency":"GBP","http.req.id":"145a7580-283a-4201-89db-5d68c7a0549c","http.req.method":"GET","http.req.path":"/product/L9ECAV7KIM","id":"L9ECAV7KIM","message":"serving product page","session":"3e105862-e07a-48bd-9f67-033f05224f8f","severity":"debug","timestamp":"2026-03-06T06:06:06.487775227Z"}
{"http.req.id":"145a7580-283a-4201-89db-5d68c7a0549c","http.req.method":"GET","http.req.path":"/product/L9ECAV7KIM","http.resp.bytes":8052,"http.resp.status":200,"http.resp.took_ms":14,"message":"request complete","session":"3e105862-e07a-48bd-9f67-033f05224f8f","severity":"debug","timestamp":"2026-03-06T06:06:06.502598266Z"}
{"http.req.id":"6de6e5ba-2928-422d-b567-2b6f50683195","http.req.method":"GET","http.req.path":"/product/2ZYFJ3GM2N","message":"request started","session":"89995d91-ad5c-4838-8317-c04497a5d805","severity":"debug","timestamp":"2026-03-06T06:06:06.84289787Z"}
{"currency":"EUR","http.req.id":"6de6e5ba-2928-422d-b567-2b6f50683195","http.req.method":"GET","http.req.path":"/product/2ZYFJ3GM2N","id":"2ZYFJ3GM2N","message":"serving product page","session":"89995d91-ad5c-4838-8317-c04497a5d805","severity":"debug","timestamp":"2026-03-06T06:06:06.843009335Z"}
{"http.req.id":"19dfd342-bce7-4322-aa33-22a8cbb6ec0a","http.req.method":"GET","http.req.path":"/product/L9ECAV7KIM","message":"request started","session":"b1a1fb98-93d6-41f8-9605-e0c8a82d1d3c","severity":"debug","timestamp":"2026-03-06T06:06:06.859630784Z"}
{"currency":"USD","http.req.id":"19dfd342-bce7-4322-aa33-22a8cbb6ec0a","http.req.method":"GET","http.req.path":"/product/L9ECAV7KIM","id":"L9ECAV7KIM","message":"serving product page","session":"b1a1fb98-93d6-41f8-9605-e0c8a82d1d3c","severity":"debug","timestamp":"2026-03-06T06:06:06.859700282Z"}
{"http.req.id":"6de6e5ba-2928-422d-b567-2b6f50683195","http.req.method":"GET","http.req.path":"/product/2ZYFJ3GM2N","http.resp.bytes":8050,"http.resp.status":200,"http.resp.took_ms":20,"message":"request complete","session":"89995d91-ad5c-4838-8317-c04497a5d805","severity":"debug","timestamp":"2026-03-06T06:06:06.862921155Z"}
{"http.req.id":"19dfd342-bce7-4322-aa33-22a8cbb6ec0a","http.req.method":"GET","http.req.path":"/product/L9ECAV7KIM","http.resp.bytes":8032,"http.resp.status":200,"http.resp.took_ms":13,"message":"request complete","session":"b1a1fb98-93d6-41f8-9605-e0c8a82d1d3c","severity":"debug","timestamp":"2026-03-06T06:06:06.873555843Z"}
{"http.req.id":"a7612ea7-b36d-437f-a4be-824e1cc035e1","http.req.method":"GET","http.req.path":"/product/L9ECAV7KIM","message":"request started","session":"6e21104e-b0bf-4a85-b5c2-ac5af92fa69e","severity":"debug","timestamp":"2026-03-06T06:06:07.305915829Z"}
{"currency":"EUR","http.req.id":"a7612ea7-b36d-437f-a4be-824e1cc035e1","http.req.method":"GET","http.req.path":"/product/L9ECAV7KIM","id":"L9ECAV7KIM","message":"serving product page","session":"6e21104e-b0bf-4a85-b5c2-ac5af92fa69e","severity":"debug","timestamp":"2026-03-06T06:06:07.306043163Z"}
{"http.req.id":"a7612ea7-b36d-437f-a4be-824e1cc035e1","http.req.method":"GET","http.req.path":"/product/L9ECAV7KIM","http.resp.bytes":8030,"http.resp.status":200,"http.resp.took_ms":23,"message":"request complete","session":"6e21104e-b0bf-4a85-b5c2-ac5af92fa69e","severity":"debug","timestamp":"2026-03-06T06:06:07.32934611Z"}
{"http.req.id":"14f9cf84-b353-4fab-8618-0d19081f066d","http.req.method":"GET","http.req.path":"/","message":"request started","session":"ec0b6821-5225-4ee8-8ec0-1e3bbbdffabb","severity":"debug","timestamp":"2026-03-06T06:06:08.18328449Z"}
{"currency":"TRY","http.req.id":"14f9cf84-b353-4fab-8618-0d19081f066d","http.req.method":"GET","http.req.path":"/","message":"home","session":"ec0b6821-5225-4ee8-8ec0-1e3bbbdffabb","severity":"info","timestamp":"2026-03-06T06:06:08.183353014Z"}
env platform is either empty or invalid
{"http.req.id":"14f9cf84-b353-4fab-8618-0d19081f066d","http.req.method":"GET","http.req.path":"/","message":"ENV_PLATFORM is: local","session":"ec0b6821-5225-4ee8-8ec0-1e3bbbdffabb","severity":"debug","timestamp":"2026-03-06T06:06:08.205134313Z"}
{"http.req.id":"14f9cf84-b353-4fab-8618-0d19081f066d","http.req.method":"GET","http.req.path":"/","http.resp.bytes":10617,"http.resp.status":200,"http.resp.took_ms":24,"message":"request complete","session":"ec0b6821-5225-4ee8-8ec0-1e3bbbdffabb","severity":"debug","timestamp":"2026-03-06T06:06:08.207765139Z"}
