{"curr.new":"CAD","curr.old":"TRY","http.req.id":"e6b5acea-4350-4c7a-bf9a-567266ffdef9","http.req.method":"POST","http.req.path":"/setCurrency","message":"setting currency","session":"513dd945-739c-4fe3-8e54-6e6927fbb733","severity":"debug","timestamp":"2026-03-25T12:16:10.816871206Z"}
{"http.req.id":"e6b5acea-4350-4c7a-bf9a-567266ffdef9","http.req.method":"POST","http.req.path":"/setCurrency","http.resp.bytes":0,"http.resp.status":302,"http.resp.took_ms":0,"message":"request complete","session":"513dd945-739c-4fe3-8e54-6e6927fbb733","severity":"debug","timestamp":"2026-03-25T12:16:10.816912387Z"}
{"http.req.id":"782e2d0e-b8f5-463c-a52b-440fe2ee4789","http.req.method":"GET","http.req.path":"/","message":"request started","session":"513dd945-739c-4fe3-8e54-6e6927fbb733","severity":"debug","timestamp":"2026-03-25T12:16:10.818051454Z"}
{"currency":"CAD","http.req.id":"782e2d0e-b8f5-463c-a52b-440fe2ee4789","http.req.method":"GET","http.req.path":"/","message":"home","session":"513dd945-739c-4fe3-8e54-6e6927fbb733","severity":"info","timestamp":"2026-03-25T12:16:10.818100077Z"}
env platform is either empty or invalid
{"http.req.id":"782e2d0e-b8f5-463c-a52b-440fe2ee4789","http.req.method":"GET","http.req.path":"/","message":"ENV_PLATFORM is: local","session":"513dd945-739c-4fe3-8e54-6e6927fbb733","severity":"debug","timestamp":"2026-03-25T12:16:10.851088058Z"}
{"http.req.id":"782e2d0e-b8f5-463c-a52b-440fe2ee4789","http.req.method":"GET","http.req.path":"/","http.resp.bytes":10590,"http.resp.status":200,"http.resp.took_ms":36,"message":"request complete","session":"513dd945-739c-4fe3-8e54-6e6927fbb733","severity":"debug","timestamp":"2026-03-25T12:16:10.854476978Z"}
{"http.req.id":"4d56b1a1-5e1c-4ac3-89d6-652b7a42f39e","http.req.method":"GET","http.req.path":"/","message":"request started","session":"514e00c6-206e-4c6e-873f-852b796455de","severity":"debug","timestamp":"2026-03-25T12:16:11.091945813Z"}
{"currency":"GBP","http.req.id":"4d56b1a1-5e1c-4ac3-89d6-652b7a42f39e","http.req.method":"GET","http.req.path":"/","message":"home","session":"514e00c6-206e-4c6e-873f-852b796455de","severity":"info","timestamp":"2026-03-25T12:16:11.092026205Z"}
env platform is either empty or invalid
{"http.req.id":"4d56b1a1-5e1c-4ac3-89d6-652b7a42f39e","http.req.method":"GET","http.req.path":"/","message":"ENV_PLATFORM is: local","session":"514e00c6-206e-4c6e-873f-852b796455de","severity":"debug","timestamp":"2026-03-25T12:16:11.11198025Z"}
{"http.req.id":"4d56b1a1-5e1c-4ac3-89d6-652b7a42f39e","http.req.method":"GET","http.req.path":"/","http.resp.bytes":10598,"http.resp.status":200,"http.resp.took_ms":23,"message":"request complete","session":"514e00c6-206e-4c6e-873f-852b796455de","severity":"debug","timestamp":"2026-03-25T12:16:11.115718674Z"}
{"http.req.id":"69d58543-3486-4dbe-9765-4d59c50eb245","http.req.method":"GET","http.req.path":"/product/9SIQT8TOJO","message":"request started","session":"ecb080bf-5333-403f-9547-c8725d499228","severity":"debug","timestamp":"2026-03-25T12:16:12.051358731Z"}
{"currency":"GBP","http.req.id":"69d58543-3486-4dbe-9765-4d59c50eb245","http.req.method":"GET","http.req.path":"/product/9SIQT8TOJO","id":"9SIQT8TOJO","message":"serving product page","session":"ecb080bf-5333-403f-9547-c8725d499228","severity":"debug","timestamp":"2026-03-25T12:16:12.051456485Z"}
{"http.req.id":"69d58543-3486-4dbe-9765-4d59c50eb245","http.req.method":"GET","http.req.path":"/product/9SIQT8TOJO","http.resp.bytes":7994,"http.resp.status":200,"http.resp.took_ms":18,"message":"request complete","session":"ecb080bf-5333-403f-9547-c8725d499228","severity":"debug","timestamp":"2026-03-25T12:16:12.069636146Z"}
{"http.req.id":"c2c4d6d6-012c-455b-9284-7608d1056aa1","http.req.method":"GET","http.req.path":"/product/1YMWWN1N4O","message":"request started","session":"2d3bf3d7-22b5-49c9-8227-12126292f393","severity":"debug","timestamp":"2026-03-25T12:16:12.599819824Z"}
{"currency":"EUR","http.req.id":"c2c4d6d6-012c-455b-9284-7608d1056aa1","http.req.method":"GET","http.req.path":"/product/1YMWWN1N4O","id":"1YMWWN1N4O","message":"serving product page","session":"2d3bf3d7-22b5-49c9-8227-12126292f393","severity":"debug","timestamp":"2026-03-25T12:16:12.599919314Z"}
{"http.req.id":"c2c4d6d6-012c-455b-9284-7608d1056aa1","http.req.method":"GET","http.req.path":"/product/1YMWWN1N4O","http.resp.bytes":8073,"http.resp.status":200,"http.resp.took_ms":21,"message":"request complete","session":"2d3bf3d7-22b5-49c9-8227-12126292f393","severity":"debug","timestamp":"2026-03-25T12:16:12.621431678Z"}
{"http.req.id":"208427d8-6ad9-4c12-9c8c-865d0ca43441","http.req.method":"GET","http.req.path":"/_healthz","message":"request started","session":"x-readiness-probe","severity":"debug","timestamp":"2026-03-25T12:16:12.847015015Z"}
{"http.req.id":"208427d8-6ad9-4c12-9c8c-865d0ca43441","http.req.method":"GET","http.req.path":"/_healthz","http.resp.bytes":2,"http.resp.status":200,"http.resp.took_ms":0,"message":"request complete","session":"x-readiness-probe","severity":"debug","timestamp":"2026-03-25T12:16:12.847152407Z"}
{"http.req.id":"456085a7-3cea-422a-8c54-1fa6d5fe77d4","http.req.method":"GET","http.req.path":"/product/0PUK6V6EV0","message":"request started","session":"df4ce93a-5d92-40a8-93c2-540bf11bbb4d","severity":"debug","timestamp":"2026-03-25T12:16:13.034917626Z"}
{"currency":"CAD","http.req.id":"456085a7-3cea-422a-8c54-1fa6d5fe77d4","http.req.method":"GET","http.req.path":"/product/0PUK6V6EV0","id":"0PUK6V6EV0","message":"serving product page","session":"df4ce93a-5d92-40a8-93c2-540bf11bbb4d","severity":"debug","timestamp":"2026-03-25T12:16:13.035030917Z"}
{"http.req.id":"456085a7-3cea-422a-8c54-1fa6d5fe77d4","http.req.method":"GET","http.req.path":"/product/0PUK6V6EV0","http.resp.bytes":7950,"http.resp.status":200,"http.resp.took_ms":23,"message":"request complete","session":"df4ce93a-5d92-40a8-93c2-540bf11bbb4d","severity":"debug","timestamp":"2026-03-25T12:16:13.058892167Z"}
{"http.req.id":"f1f41c28-e2c2-467c-853c-7c6151443691","http.req.method":"POST","http.req.path":"/cart","message":"request started","session":"df4ce93a-5d92-40a8-93c2-540bf11bbb4d","severity":"debug","timestamp":"2026-03-25T12:16:13.060406485Z"}
{"http.req.id":"f1f41c28-e2c2-467c-853c-7c6151443691","http.req.method":"POST","http.req.path":"/cart","message":"adding to cart","product":"0PUK6V6EV0","quantity":2,"session":"df4ce93a-5d92-40a8-93c2-540bf11bbb4d","severity":"debug","timestamp":"2026-03-25T12:16:13.060574561Z"}
{"http.req.id":"f1f41c28-e2c2-467c-853c-7c6151443691","http.req.method":"POST","http.req.path":"/cart","http.resp.bytes":0,"http.resp.status":302,"http.resp.took_ms":3,"message":"request complete","session":"df4ce93a-5d92-40a8-93c2-540bf11bbb4d","severity":"debug","timestamp":"2026-03-25T12:16:13.064394512Z"}
{"http.req.id":"07d0ab7d-a373-4e5b-a124-bd09b6354d63","http.req.method":"GET","http.req.path":"/cart","message":"request started","session":"df4ce93a-5d92-40a8-93c2-540bf11bbb4d","severity":"debug","timestamp":"2026-03-25T12:16:13.066011903Z"}
{"http.req.id":"07d0ab7d-a373-4e5b-a124-bd09b6354d63","http.req.method":"GET","http.req.path":"/cart","message":"view user cart","session":"df4ce93a-5d92-40a8-93c2-540bf11bbb4d","severity":"debug","timestamp":"2026-03-25T12:16:13.06611604Z"}
{"http.req.id":"07d0ab7d-a373-4e5b-a124-bd09b6354d63","http.req.method":"GET","http.req.path":"/cart","http.resp.bytes":16456,"http.resp.status":200,"http.resp.took_ms":91,"message":"request complete","session":"df4ce93a-5d92-40a8-93c2-540bf11bbb4d","severity":"debug","timestamp":"2026-03-25T12:16:13.15723162Z"}
{"http.req.id":"d1aa2091-98df-4e48-9776-9cea5e7e09db","http.req.method":"POST","http.req.path":"/cart/checkout","message":"request started","session":"df4ce93a-5d92-40a8-93c2-540bf11bbb4d","severity":"debug","timestamp":"2026-03-25T12:16:13.16260241Z"}
{"http.req.id":"d1aa2091-98df-4e48-9776-9cea5e7e09db","http.req.method":"POST","http.req.path":"/cart/checkout","message":"placing order","session":"df4ce93a-5d92-40a8-93c2-540bf11bbb4d","severity":"debug","timestamp":"2026-03-25T12:16:13.162709773Z"}
{"http.req.id":"d1aa2091-98df-4e48-9776-9cea5e7e09db","http.req.method":"POST","http.req.path":"/cart/checkout","message":"order placed","order":"6a4edb9c-2844-11f1-a4a0-927ce8a683d8","session":"df4ce93a-5d92-40a8-93c2-540bf11bbb4d","severity":"info","timestamp":"2026-03-25T12:16:13.249046699Z"}
{"http.req.id":"d1aa2091-98df-4e48-9776-9cea5e7e09db","http.req.method":"POST","http.req.path":"/cart/checkout","http.resp.bytes":6832,"http.resp.status":200,"http.resp.took_ms":114,"message":"request complete","session":"df4ce93a-5d92-40a8-93c2-540bf11bbb4d","severity":"debug","timestamp":"2026-03-25T12:16:13.277332847Z"}
{"http.req.id":"b889b62b-fc55-4fe7-9a1d-ac6fb3c8ba85","http.req.method":"GET","http.req.path":"/product/1YMWWN1N4O","message":"request started","session":"827eab86-1aba-4a15-8740-5fee5900d10f","severity":"debug","timestamp":"2026-03-25T12:16:14.063422066Z"}
{"currency":"GBP","http.req.id":"b889b62b-fc55-4fe7-9a1d-ac6fb3c8ba85","http.req.method":"GET","http.req.path":"/product/1YMWWN1N4O","id":"1YMWWN1N4O","message":"serving product page","session":"827eab86-1aba-4a15-8740-5fee5900d10f","severity":"debug","timestamp":"2026-03-25T12:16:14.063529284Z"}
{"http.req.id":"b889b62b-fc55-4fe7-9a1d-ac6fb3c8ba85","http.req.method":"GET","http.req.path":"/product/1YMWWN1N4O","http.resp.bytes":8049,"http.resp.status":200,"http.resp.took_ms":18,"message":"request complete","session":"827eab86-1aba-4a15-8740-5fee5900d10f","severity":"debug","timestamp":"2026-03-25T12:16:14.081922726Z"}
{"http.req.id":"a5a4572f-c342-45b5-a40b-0daf6a7fbf43","http.req.method":"GET","http.req.path":"/product/2ZYFJ3GM2N","message":"request started","session":"32217267-98ca-4d66-9fc8-3f088b8def0f","severity":"debug","timestamp":"2026-03-25T12:16:15.117083324Z"}
{"currency":"EUR","http.req.id":"a5a4572f-c342-45b5-a40b-0daf6a7fbf43","http.req.method":"GET","http.req.path":"/product/2ZYFJ3GM2N","id":"2ZYFJ3GM2N","message":"serving product page","session":"32217267-98ca-4d66-9fc8-3f088b8def0f","severity":"debug","timestamp":"2026-03-25T12:16:15.117210152Z"}
{"http.req.id":"a5a4572f-c342-45b5-a40b-0daf6a7fbf43","http.req.method":"GET","http.req.path":"/product/2ZYFJ3GM2N","http.resp.bytes":7996,"http.resp.status":200,"http.resp.took_ms":116,"message":"request complete","session":"32217267-98ca-4d66-9fc8-3f088b8def0f","severity":"debug","timestamp":"2026-03-25T12:16:15.233667857Z"}
{"http.req.id":"5f8857f4-a885-429a-b87a-0a886d10fc2c","http.req.method":"GET","http.req.path":"/product/L9ECAV7KIM","message":"request started","session":"fcb2831f-0627-4791-ac1d-23821dc5b140","severity":"debug","timestamp":"2026-03-25T12:16:16.160997581Z"}
{"currency":"CAD","http.req.id":"5f8857f4-a885-429a-b87a-0a886d10fc2c","http.req.method":"GET","http.req.path":"/product/L9ECAV7KIM","id":"L9ECAV7KIM","message":"serving product page","session":"fcb2831f-0627-4791-ac1d-23821dc5b140","severity":"debug","timestamp":"2026-03-25T12:16:16.161166754Z"}
{"http.req.id":"5f8857f4-a885-429a-b87a-0a886d10fc2c","http.req.method":"GET","http.req.path":"/product/L9ECAV7KIM","http.resp.bytes":8019,"http.resp.status":200,"http.resp.took_ms":38,"message":"request complete","session":"fcb2831f-0627-4791-ac1d-23821dc5b140","severity":"debug","timestamp":"2026-03-25T12:16:16.199185157Z"}
{"http.req.id":"e4437a5f-e6a6-4f55-a23f-74e126de3c7e","http.req.method":"GET","http.req.path":"/product/9SIQT8TOJO","message":"request started","session":"694745d8-a179-4c65-83d6-9ed873a7b94b","severity":"debug","timestamp":"2026-03-25T12:16:16.734047586Z"}
{"currency":"CAD","http.req.id":"e4437a5f-e6a6-4f55-a23f-74e126de3c7e","http.req.method":"GET","http.req.path":"/product/9SIQT8TOJO","id":"9SIQT8TOJO","message":"serving product page","session":"694745d8-a179-4c65-83d6-9ed873a7b94b","severity":"debug","timestamp":"2026-03-25T12:16:16.734139041Z"}
{"error":"could not retrieve cart: rpc error: code = FailedPrecondition desc = Can't access cart storage. StackExchange.Redis.RedisConnectionException: SocketFailure (ReadSocketError/ConnectionReset, last-recv: 210) on redis-cart:6379/Interactive, Idle/Faulted, last: HMGET, origin: ReadFromPipe, outstanding: 1, last-read: 0s ago, last-write: 0s ago, unanswered-write: 0s ago, keep-alive: 60s, state: ConnectedEstablished, mgr: 8 of 10 available, in: 0, in-pipe: 0, out-pipe: 0, last-heartbeat: 0s ago, last-mbeat: 0s ago, global: 0s ago, v: 2.7.27.49176\n ---\u003e Pipelines.Sockets.Unofficial.ConnectionResetException: Connection reset by peer\n ---\u003e System.Net.Sockets.SocketException (104): Connection reset by peer\n   at Pipelines.Sockets.Unofficial.Internal.Throw.Socket(Int32 errorCode) in /_/src/Pipelines.Sockets.Unofficial/Internal/Throw.cs:line 59\n   at Pipelines.Sockets.Unofficial.SocketConnection.DoReceiveAsync() in /_/src/Pipelines.Sockets.Unofficial/SocketConnection.Receive.cs:line 64\n   --- End of inner exception stack trace ---\n   at System.IO.Pipelines.Pipe.GetReadAsyncResult()\n   at StackExchange.Redis.PhysicalConnection.ReadFromPipe()\n   --- End of inner exception stack trace ---\n   at Microsoft.Extensions.Caching.StackExchangeRedis.RedisCache.GetAndRefreshAsync(String key, Boolean getData, CancellationToken token)\n   at Microsoft.Extensions.Caching.StackExchangeRedis.RedisCache.GetAsync(String key, CancellationToken token)\n   at cartservice.cartstore.RedisCartStore.GetCartAsync(String userId) in /app/cartstore/RedisCartStore.cs:line 90","http.req.id":"e4437a5f-e6a6-4f55-a23f-74e126de3c7e","http.req.method":"GET","http.req.path":"/product/9SIQT8TOJO","message":"request error","session":"694745d8-a179-4c65-83d6-9ed873a7b94b","severity":"error","timestamp":"2026-03-25T12:16:16.937702355Z"}
{"http.req.id":"e4437a5f-e6a6-4f55-a23f-74e126de3c7e","http.req.method":"GET","http.req.path":"/product/9SIQT8TOJO","http.resp.bytes":6479,"http.resp.status":500,"http.resp.took_ms":210,"message":"request complete","session":"694745d8-a179-4c65-83d6-9ed873a7b94b","severity":"debug","timestamp":"2026-03-25T12:16:16.944084499Z"}
{"http.req.id":"fad30445-f626-4958-a134-c69e3ede6a82","http.req.method":"GET","http.req.path":"/product/1YMWWN1N4O","message":"request started","session":"32217267-98ca-4d66-9fc8-3f088b8def0f","severity":"debug","timestamp":"2026-03-25T12:16:17.033485503Z"}
{"currency":"EUR","http.req.id":"fad30445-f626-4958-a134-c69e3ede6a82","http.req.method":"GET","http.req.path":"/product/1YMWWN1N4O","id":"1YMWWN1N4O","message":"serving product page","session":"32217267-98ca-4d66-9fc8-3f088b8def0f","severity":"debug","timestamp":"2026-03-25T12:16:17.033563389Z"}
{"http.req.id":"e1fa4e9c-988a-4183-90ad-2913d9113291","http.req.method":"GET","http.req.path":"/product/0PUK6V6EV0","message":"request started","session":"a38c2610-1665-4c93-8051-4c451f5de325","severity":"debug","timestamp":"2026-03-25T12:16:17.640613853Z"}
{"currency":"USD","http.req.id":"e1fa4e9c-988a-4183-90ad-2913d9113291","http.req.method":"GET","http.req.path":"/product/0PUK6V6EV0","id":"0PUK6V6EV0","message":"serving product page","session":"a38c2610-1665-4c93-8051-4c451f5de325","severity":"debug","timestamp":"2026-03-25T12:16:17.640683867Z"}
{"http.req.id":"b787f8df-ba71-4ac7-a0b8-0cc8acf2993e","http.req.method":"GET","http.req.path":"/product/66VCHSJNUP","message":"request started","session":"2d3bf3d7-22b5-49c9-8227-12126292f393","severity":"debug","timestamp":"2026-03-25T12:16:18.857620598Z"}
{"currency":"EUR","http.req.id":"b787f8df-ba71-4ac7-a0b8-0cc8acf2993e","http.req.method":"GET","http.req.path":"/product/66VCHSJNUP","id":"66VCHSJNUP","message":"serving product page","session":"2d3bf3d7-22b5-49c9-8227-12126292f393","severity":"debug","timestamp":"2026-03-25T12:16:18.85772118Z"}
{"http.req.id":"9ea98797-83e3-4cfa-b553-48ef633c6ad1","http.req.method":"GET","http.req.path":"/product/6E92ZMYYFZ","message":"request started","session":"fcb2831f-0627-4791-ac1d-23821dc5b140","severity":"debug","timestamp":"2026-03-25T12:16:18.895703034Z"}
{"currency":"CAD","http.req.id":"9ea98797-83e3-4cfa-b553-48ef633c6ad1","http.req.method":"GET","http.req.path":"/product/6E92ZMYYFZ","id":"6E92ZMYYFZ","message":"serving product page","session":"fcb2831f-0627-4791-ac1d-23821dc5b140","severity":"debug","timestamp":"2026-03-25T12:16:18.895820118Z"}
{"http.req.id":"63958c11-9140-42f7-855e-1d4bbc57fe0c","http.req.method":"GET","http.req.path":"/product/1YMWWN1N4O","message":"request started","session":"ecb080bf-5333-403f-9547-c8725d499228","severity":"debug","timestamp":"2026-03-25T12:16:19.13204484Z"}
{"currency":"GBP","http.req.id":"63958c11-9140-42f7-855e-1d4bbc57fe0c","http.req.method":"GET","http.req.path":"/product/1YMWWN1N4O","id":"1YMWWN1N4O","message":"serving product page","session":"ecb080bf-5333-403f-9547-c8725d499228","severity":"debug","timestamp":"2026-03-25T12:16:19.132145999Z"}
{"http.req.id":"1cf3bf67-377d-438d-9a9d-4a40a37541ee","http.req.method":"GET","http.req.path":"/product/2ZYFJ3GM2N","message":"request started","session":"694745d8-a179-4c65-83d6-9ed873a7b94b","severity":"debug","timestamp":"2026-03-25T12:16:19.263222926Z"}
{"currency":"CAD","http.req.id":"1cf3bf67-377d-438d-9a9d-4a40a37541ee","http.req.method":"GET","http.req.path":"/product/2ZYFJ3GM2N","id":"2ZYFJ3GM2N","message":"serving product page","session":"694745d8-a179-4c65-83d6-9ed873a7b94b","severity":"debug","timestamp":"2026-03-25T12:16:19.263330564Z"}
{"http.req.id":"87fdba81-8973-44eb-a2c2-198a9a5e268c","http.req.method":"GET","http.req.path":"/_healthz","message":"request started","session":"x-liveness-probe","severity":"debug","timestamp":"2026-03-25T12:16:19.444492167Z"}
{"http.req.id":"87fdba81-8973-44eb-a2c2-198a9a5e268c","http.req.method":"GET","http.req.path":"/_healthz","http.resp.bytes":2,"http.resp.status":200,"http.resp.took_ms":0,"message":"request complete","session":"x-liveness-probe","severity":"debug","timestamp":"2026-03-25T12:16:19.444621667Z"}
{"http.req.id":"fa43bd96-ae7c-45b2-bd64-f20794436cdd","http.req.method":"GET","http.req.path":"/cart","message":"request started","session":"df4ce93a-5d92-40a8-93c2-540bf11bbb4d","severity":"debug","timestamp":"2026-03-25T12:16:19.607764368Z"}
{"http.req.id":"fa43bd96-ae7c-45b2-bd64-f20794436cdd","http.req.method":"GET","http.req.path":"/cart","message":"view user cart","session":"df4ce93a-5d92-40a8-93c2-540bf11bbb4d","severity":"debug","timestamp":"2026-03-25T12:16:19.60795226Z"}
{"http.req.id":"88b72e70-92dc-4089-b299-2f3ca115cc87","http.req.method":"GET","http.req.path":"/","message":"request started","session":"514e00c6-206e-4c6e-873f-852b796455de","severity":"debug","timestamp":"2026-03-25T12:16:19.712020871Z"}
{"currency":"GBP","http.req.id":"88b72e70-92dc-4089-b299-2f3ca115cc87","http.req.method":"GET","http.req.path":"/","message":"home","session":"514e00c6-206e-4c6e-873f-852b796455de","severity":"info","timestamp":"2026-03-25T12:16:19.712135288Z"}
{"http.req.id":"90affedd-5d29-49ff-8531-65824116c60e","http.req.method":"GET","http.req.path":"/","message":"request started","session":"827eab86-1aba-4a15-8740-5fee5900d10f","severity":"debug","timestamp":"2026-03-25T12:16:20.055082052Z"}
{"currency":"GBP","http.req.id":"90affedd-5d29-49ff-8531-65824116c60e","http.req.method":"GET","http.req.path":"/","message":"home","session":"827eab86-1aba-4a15-8740-5fee5900d10f","severity":"info","timestamp":"2026-03-25T12:16:20.055203231Z"}
{"http.req.id":"3bd25b54-11cc-48f1-a66e-a089297198a0","http.req.method":"POST","http.req.path":"/setCurrency","message":"request started","session":"513dd945-739c-4fe3-8e54-6e6927fbb733","severity":"debug","timestamp":"2026-03-25T12:16:20.323279584Z"}
{"curr.new":"USD","curr.old":"CAD","http.req.id":"3bd25b54-11cc-48f1-a66e-a089297198a0","http.req.method":"POST","http.req.path":"/setCurrency","message":"setting currency","session":"513dd945-739c-4fe3-8e54-6e6927fbb733","severity":"debug","timestamp":"2026-03-25T12:16:20.32352615Z"}
{"http.req.id":"3bd25b54-11cc-48f1-a66e-a089297198a0","http.req.method":"POST","http.req.path":"/setCurrency","http.resp.bytes":0,"http.resp.status":302,"http.resp.took_ms":0,"message":"request complete","session":"513dd945-739c-4fe3-8e54-6e6927fbb733","severity":"debug","timestamp":"2026-03-25T12:16:20.323574837Z"}
{"http.req.id":"869f48c0-0baa-4e9f-9443-065b765c04b1","http.req.method":"GET","http.req.path":"/","message":"request started","session":"513dd945-739c-4fe3-8e54-6e6927fbb733","severity":"debug","timestamp":"2026-03-25T12:16:20.32536271Z"}
{"currency":"USD","http.req.id":"869f48c0-0baa-4e9f-9443-065b765c04b1","http.req.method":"GET","http.req.path":"/","message":"home","session":"513dd945-739c-4fe3-8e54-6e6927fbb733","severity":"info","timestamp":"2026-03-25T12:16:20.325493214Z"}
{"http.req.id":"fa43bd96-ae7c-45b2-bd64-f20794436cdd","http.req.method":"GET","http.req.path":"/cart","http.resp.bytes":6869,"http.resp.status":200,"http.resp.took_ms":2177,"message":"request complete","session":"df4ce93a-5d92-40a8-93c2-540bf11bbb4d","severity":"debug","timestamp":"2026-03-25T12:16:21.785724802Z"}
env platform is either empty or invalid
{"http.req.id":"b787f8df-ba71-4ac7-a0b8-0cc8acf2993e","http.req.method":"GET","http.req.path":"/product/66VCHSJNUP","http.resp.bytes":7962,"http.resp.status":200,"http.resp.took_ms":2994,"message":"request complete","session":"2d3bf3d7-22b5-49c9-8227-12126292f393","severity":"debug","timestamp":"2026-03-25T12:16:21.852049079Z"}
{"http.req.id":"90affedd-5d29-49ff-8531-65824116c60e","http.req.method":"GET","http.req.path":"/","message":"ENV_PLATFORM is: local","session":"827eab86-1aba-4a15-8740-5fee5900d10f","severity":"debug","timestamp":"2026-03-25T12:16:21.934307438Z"}
env platform is either empty or invalid
{"http.req.id":"e1fa4e9c-988a-4183-90ad-2913d9113291","http.req.method":"GET","http.req.path":"/product/0PUK6V6EV0","http.resp.bytes":7954,"http.resp.status":200,"http.resp.took_ms":4294,"message":"request complete","session":"a38c2610-1665-4c93-8051-4c451f5de325","severity":"debug","timestamp":"2026-03-25T12:16:21.935091103Z"}
{"http.req.id":"869f48c0-0baa-4e9f-9443-065b765c04b1","http.req.method":"GET","http.req.path":"/","message":"ENV_PLATFORM is: local","session":"513dd945-739c-4fe3-8e54-6e6927fbb733","severity":"debug","timestamp":"2026-03-25T12:16:21.93668158Z"}
env platform is either empty or invalid
{"http.req.id":"88b72e70-92dc-4089-b299-2f3ca115cc87","http.req.method":"GET","http.req.path":"/","message":"ENV_PLATFORM is: local","session":"514e00c6-206e-4c6e-873f-852b796455de","severity":"debug","timestamp":"2026-03-25T12:16:21.937556259Z"}
{"http.req.id":"88b72e70-92dc-4089-b299-2f3ca115cc87","http.req.method":"GET","http.req.path":"/","http.resp.bytes":10508,"http.resp.status":200,"http.resp.took_ms":2233,"message":"request complete","session":"514e00c6-206e-4c6e-873f-852b796455de","severity":"debug","timestamp":"2026-03-25T12:16:21.945427399Z"}
{"http.req.id":"90affedd-5d29-49ff-8531-65824116c60e","http.req.method":"GET","http.req.path":"/","http.resp.bytes":10508,"http.resp.status":200,"http.resp.took_ms":1891,"message":"request complete","session":"827eab86-1aba-4a15-8740-5fee5900d10f","severity":"debug","timestamp":"2026-03-25T12:16:21.946442111Z"}
{"http.req.id":"1cf3bf67-377d-438d-9a9d-4a40a37541ee","http.req.method":"GET","http.req.path":"/product/2ZYFJ3GM2N","http.resp.bytes":7966,"http.resp.status":200,"http.resp.took_ms":2684,"message":"request complete","session":"694745d8-a179-4c65-83d6-9ed873a7b94b","severity":"debug","timestamp":"2026-03-25T12:16:21.947996094Z"}
{"http.req.id":"869f48c0-0baa-4e9f-9443-065b765c04b1","http.req.method":"GET","http.req.path":"/","http.resp.bytes":10499,"http.resp.status":200,"http.resp.took_ms":1623,"message":"request complete","session":"513dd945-739c-4fe3-8e54-6e6927fbb733","severity":"debug","timestamp":"2026-03-25T12:16:21.948357468Z"}
{"http.req.id":"fad30445-f626-4958-a134-c69e3ede6a82","http.req.method":"GET","http.req.path":"/product/1YMWWN1N4O","http.resp.bytes":7953,"http.resp.status":200,"http.resp.took_ms":4999,"message":"request complete","session":"32217267-98ca-4d66-9fc8-3f088b8def0f","severity":"debug","timestamp":"2026-03-25T12:16:22.03249479Z"}
{"http.req.id":"63958c11-9140-42f7-855e-1d4bbc57fe0c","http.req.method":"GET","http.req.path":"/product/1YMWWN1N4O","http.resp.bytes":7965,"http.resp.status":200,"http.resp.took_ms":2903,"message":"request complete","session":"ecb080bf-5333-403f-9547-c8725d499228","severity":"debug","timestamp":"2026-03-25T12:16:22.035346187Z"}
{"http.req.id":"9ea98797-83e3-4cfa-b553-48ef633c6ad1","http.req.method":"GET","http.req.path":"/product/6E92ZMYYFZ","http.resp.bytes":7970,"http.resp.status":200,"http.resp.took_ms":3141,"message":"request complete","session":"fcb2831f-0627-4791-ac1d-23821dc5b140","severity":"debug","timestamp":"2026-03-25T12:16:22.037595041Z"}
{"http.req.id":"71d0b352-0a96-4a7c-afab-0387bd59daa5","http.req.method":"GET","http.req.path":"/_healthz","message":"request started","session":"x-readiness-probe","severity":"debug","timestamp":"2026-03-25T12:16:22.847488908Z"}
{"http.req.id":"71d0b352-0a96-4a7c-afab-0387bd59daa5","http.req.method":"GET","http.req.path":"/_healthz","http.resp.bytes":2,"http.resp.status":200,"http.resp.took_ms":0,"message":"request complete","session":"x-readiness-probe","severity":"debug","timestamp":"2026-03-25T12:16:22.847596501Z"}
{"http.req.id":"a19ee4bd-16ec-45a5-8efa-68bfcf2439d4","http.req.method":"GET","http.req.path":"/product/L9ECAV7KIM","message":"request started","session":"df4ce93a-5d92-40a8-93c2-540bf11bbb4d","severity":"debug","timestamp":"2026-03-25T12:16:23.236459074Z"}
{"currency":"CAD","http.req.id":"a19ee4bd-16ec-45a5-8efa-68bfcf2439d4","http.req.method":"GET","http.req.path":"/product/L9ECAV7KIM","id":"L9ECAV7KIM","message":"serving product page","session":"df4ce93a-5d92-40a8-93c2-540bf11bbb4d","severity":"debug","timestamp":"2026-03-25T12:16:23.236571532Z"}
{"http.req.id":"a19ee4bd-16ec-45a5-8efa-68bfcf2439d4","http.req.method":"GET","http.req.path":"/product/L9ECAV7KIM","http.resp.bytes":7963,"http.resp.status":200,"http.resp.took_ms":913,"message":"request complete","session":"df4ce93a-5d92-40a8-93c2-540bf11bbb4d","severity":"debug","timestamp":"2026-03-25T12:16:24.150386162Z"}
{"http.req.id":"2f1318a0-52c3-425a-b4d4-35db32f88ee8","http.req.method":"POST","http.req.path":"/setCurrency","message":"request started","session":"514e00c6-206e-4c6e-873f-852b796455de","severity":"debug","timestamp":"2026-03-25T12:16:24.379939822Z"}
{"curr.new":"CAD","curr.old":"GBP","http.req.id":"2f1318a0-52c3-425a-b4d4-35db32f88ee8","http.req.method":"POST","http.req.path":"/setCurrency","message":"setting currency","session":"514e00c6-206e-4c6e-873f-852b796455de","severity":"debug","timestamp":"2026-03-25T12:16:24.380174872Z"}
{"http.req.id":"2f1318a0-52c3-425a-b4d4-35db32f88ee8","http.req.method":"POST","http.req.path":"/setCurrency","http.resp.bytes":0,"http.resp.status":302,"http.resp.took_ms":0,"message":"request complete","session":"514e00c6-206e-4c6e-873f-852b796455de","severity":"debug","timestamp":"2026-03-25T12:16:24.380216681Z"}
{"http.req.id":"15b5d9f9-c980-4e9b-80f3-7ca00299695c","http.req.method":"GET","http.req.path":"/","message":"request started","session":"514e00c6-206e-4c6e-873f-852b796455de","severity":"debug","timestamp":"2026-03-25T12:16:24.381572984Z"}
{"currency":"CAD","http.req.id":"15b5d9f9-c980-4e9b-80f3-7ca00299695c","http.req.method":"GET","http.req.path":"/","message":"home","session":"514e00c6-206e-4c6e-873f-852b796455de","severity":"info","timestamp":"2026-03-25T12:16:24.381638765Z"}
env platform is either empty or invalid
{"http.req.id":"15b5d9f9-c980-4e9b-80f3-7ca00299695c","http.req.method":"GET","http.req.path":"/","message":"ENV_PLATFORM is: local","session":"514e00c6-206e-4c6e-873f-852b796455de","severity":"debug","timestamp":"2026-03-25T12:16:24.43598133Z"}
{"http.req.id":"15b5d9f9-c980-4e9b-80f3-7ca00299695c","http.req.method":"GET","http.req.path":"/","http.resp.bytes":10501,"http.resp.status":200,"http.resp.took_ms":57,"message":"request complete","session":"514e00c6-206e-4c6e-873f-852b796455de","severity":"debug","timestamp":"2026-03-25T12:16:24.439066751Z"}
