{"http.req.id":"fa827b8b-5337-48ea-938e-311f6b5cbdda","http.req.method":"GET","http.req.path":"/cart","message":"view user cart","session":"694745d8-a179-4c65-83d6-9ed873a7b94b","severity":"debug","timestamp":"2026-03-25T11:59:13.49864797Z"}
{"http.req.id":"fa827b8b-5337-48ea-938e-311f6b5cbdda","http.req.method":"GET","http.req.path":"/cart","http.resp.bytes":16453,"http.resp.status":200,"http.resp.took_ms":85,"message":"request complete","session":"694745d8-a179-4c65-83d6-9ed873a7b94b","severity":"debug","timestamp":"2026-03-25T11:59:13.584468868Z"}
{"http.req.id":"04dd7e7b-d4b1-4eab-a742-d848513af456","http.req.method":"POST","http.req.path":"/cart/checkout","message":"request started","session":"694745d8-a179-4c65-83d6-9ed873a7b94b","severity":"debug","timestamp":"2026-03-25T11:59:13.588377657Z"}
{"http.req.id":"04dd7e7b-d4b1-4eab-a742-d848513af456","http.req.method":"POST","http.req.path":"/cart/checkout","message":"placing order","session":"694745d8-a179-4c65-83d6-9ed873a7b94b","severity":"debug","timestamp":"2026-03-25T11:59:13.588463268Z"}
{"http.req.id":"04dd7e7b-d4b1-4eab-a742-d848513af456","http.req.method":"POST","http.req.path":"/cart/checkout","message":"order placed","order":"0a981f6b-2842-11f1-a4a0-927ce8a683d8","session":"694745d8-a179-4c65-83d6-9ed873a7b94b","severity":"info","timestamp":"2026-03-25T11:59:13.609967057Z"}
{"http.req.id":"04dd7e7b-d4b1-4eab-a742-d848513af456","http.req.method":"POST","http.req.path":"/cart/checkout","http.resp.bytes":6810,"http.resp.status":200,"http.resp.took_ms":34,"message":"request complete","session":"694745d8-a179-4c65-83d6-9ed873a7b94b","severity":"debug","timestamp":"2026-03-25T11:59:13.62295988Z"}
{"http.req.id":"c5c811fc-ea66-4e15-b496-a9f83b322c2d","http.req.method":"GET","http.req.path":"/product/6E92ZMYYFZ","message":"request started","session":"827eab86-1aba-4a15-8740-5fee5900d10f","severity":"debug","timestamp":"2026-03-25T11:59:13.623298245Z"}
{"currency":"TRY","http.req.id":"c5c811fc-ea66-4e15-b496-a9f83b322c2d","http.req.method":"GET","http.req.path":"/product/6E92ZMYYFZ","id":"6E92ZMYYFZ","message":"serving product page","session":"827eab86-1aba-4a15-8740-5fee5900d10f","severity":"debug","timestamp":"2026-03-25T11:59:13.623381163Z"}
{"http.req.id":"c5c811fc-ea66-4e15-b496-a9f83b322c2d","http.req.method":"GET","http.req.path":"/product/6E92ZMYYFZ","http.resp.bytes":8033,"http.resp.status":200,"http.resp.took_ms":58,"message":"request complete","session":"827eab86-1aba-4a15-8740-5fee5900d10f","severity":"debug","timestamp":"2026-03-25T11:59:13.681331634Z"}
{"http.req.id":"29ffa667-3a66-4f3f-aade-ffa1453aefbe","http.req.method":"GET","http.req.path":"/product/6E92ZMYYFZ","message":"request started","session":"32217267-98ca-4d66-9fc8-3f088b8def0f","severity":"debug","timestamp":"2026-03-25T11:59:14.632725166Z"}
{"currency":"GBP","http.req.id":"29ffa667-3a66-4f3f-aade-ffa1453aefbe","http.req.method":"GET","http.req.path":"/product/6E92ZMYYFZ","id":"6E92ZMYYFZ","message":"serving product page","session":"32217267-98ca-4d66-9fc8-3f088b8def0f","severity":"debug","timestamp":"2026-03-25T11:59:14.632831077Z"}
{"http.req.id":"29ffa667-3a66-4f3f-aade-ffa1453aefbe","http.req.method":"GET","http.req.path":"/product/6E92ZMYYFZ","http.resp.bytes":7957,"http.resp.status":200,"http.resp.took_ms":16,"message":"request complete","session":"32217267-98ca-4d66-9fc8-3f088b8def0f","severity":"debug","timestamp":"2026-03-25T11:59:14.649686979Z"}
{"http.req.id":"780401dc-df85-4c3d-b1f2-3380994e9b8c","http.req.method":"GET","http.req.path":"/cart","message":"request started","session":"2d3bf3d7-22b5-49c9-8227-12126292f393","severity":"debug","timestamp":"2026-03-25T11:59:15.105325844Z"}
{"http.req.id":"780401dc-df85-4c3d-b1f2-3380994e9b8c","http.req.method":"GET","http.req.path":"/cart","message":"view user cart","session":"2d3bf3d7-22b5-49c9-8227-12126292f393","severity":"debug","timestamp":"2026-03-25T11:59:15.105423767Z"}
{"http.req.id":"780401dc-df85-4c3d-b1f2-3380994e9b8c","http.req.method":"GET","http.req.path":"/cart","http.resp.bytes":17869,"http.resp.status":200,"http.resp.took_ms":21,"message":"request complete","session":"2d3bf3d7-22b5-49c9-8227-12126292f393","severity":"debug","timestamp":"2026-03-25T11:59:15.126337808Z"}
{"http.req.id":"25124ff2-efb2-4331-bf09-765318062e95","http.req.method":"GET","http.req.path":"/product/L9ECAV7KIM","message":"request started","session":"ecb080bf-5333-403f-9547-c8725d499228","severity":"debug","timestamp":"2026-03-25T11:59:15.696785708Z"}
{"currency":"JPY","http.req.id":"25124ff2-efb2-4331-bf09-765318062e95","http.req.method":"GET","http.req.path":"/product/L9ECAV7KIM","id":"L9ECAV7KIM","message":"serving product page","session":"ecb080bf-5333-403f-9547-c8725d499228","severity":"debug","timestamp":"2026-03-25T11:59:15.696926474Z"}
{"http.req.id":"25124ff2-efb2-4331-bf09-765318062e95","http.req.method":"GET","http.req.path":"/product/L9ECAV7KIM","http.resp.bytes":7931,"http.resp.status":200,"http.resp.took_ms":14,"message":"request complete","session":"ecb080bf-5333-403f-9547-c8725d499228","severity":"debug","timestamp":"2026-03-25T11:59:15.711542822Z"}
{"http.req.id":"3891db73-0f0e-4724-b036-15031835b979","http.req.method":"POST","http.req.path":"/setCurrency","message":"request started","session":"fcb2831f-0627-4791-ac1d-23821dc5b140","severity":"debug","timestamp":"2026-03-25T11:59:16.229444679Z"}
{"curr.new":"TRY","curr.old":"JPY","http.req.id":"3891db73-0f0e-4724-b036-15031835b979","http.req.method":"POST","http.req.path":"/setCurrency","message":"setting currency","session":"fcb2831f-0627-4791-ac1d-23821dc5b140","severity":"debug","timestamp":"2026-03-25T11:59:16.229619159Z"}
{"http.req.id":"3891db73-0f0e-4724-b036-15031835b979","http.req.method":"POST","http.req.path":"/setCurrency","http.resp.bytes":0,"http.resp.status":302,"http.resp.took_ms":0,"message":"request complete","session":"fcb2831f-0627-4791-ac1d-23821dc5b140","severity":"debug","timestamp":"2026-03-25T11:59:16.229654569Z"}
{"http.req.id":"fd40b967-56f0-46f6-ac8d-f028e486f9c8","http.req.method":"GET","http.req.path":"/","message":"request started","session":"fcb2831f-0627-4791-ac1d-23821dc5b140","severity":"debug","timestamp":"2026-03-25T11:59:16.230811299Z"}
{"currency":"TRY","http.req.id":"fd40b967-56f0-46f6-ac8d-f028e486f9c8","http.req.method":"GET","http.req.path":"/","message":"home","session":"fcb2831f-0627-4791-ac1d-23821dc5b140","severity":"info","timestamp":"2026-03-25T11:59:16.230892021Z"}
env platform is either empty or invalid
{"http.req.id":"fd40b967-56f0-46f6-ac8d-f028e486f9c8","http.req.method":"GET","http.req.path":"/","message":"ENV_PLATFORM is: local","session":"fcb2831f-0627-4791-ac1d-23821dc5b140","severity":"debug","timestamp":"2026-03-25T11:59:16.282201457Z"}
{"http.req.id":"fd40b967-56f0-46f6-ac8d-f028e486f9c8","http.req.method":"GET","http.req.path":"/","http.resp.bytes":10616,"http.resp.status":200,"http.resp.took_ms":54,"message":"request complete","session":"fcb2831f-0627-4791-ac1d-23821dc5b140","severity":"debug","timestamp":"2026-03-25T11:59:16.285663266Z"}
{"http.req.id":"4016b79e-49e8-4175-a6d9-91cf6a14bb6d","http.req.method":"GET","http.req.path":"/_healthz","message":"request started","session":"x-liveness-probe","severity":"debug","timestamp":"2026-03-25T11:59:16.288595493Z"}
{"http.req.id":"4016b79e-49e8-4175-a6d9-91cf6a14bb6d","http.req.method":"GET","http.req.path":"/_healthz","http.resp.bytes":2,"http.resp.status":200,"http.resp.took_ms":0,"message":"request complete","session":"x-liveness-probe","severity":"debug","timestamp":"2026-03-25T11:59:16.288735331Z"}
{"http.req.id":"2f219496-8d9a-4fb1-ad1f-01074a793d73","http.req.method":"GET","http.req.path":"/product/1YMWWN1N4O","message":"request started","session":"a38c2610-1665-4c93-8051-4c451f5de325","severity":"debug","timestamp":"2026-03-25T11:59:17.331739398Z"}
{"currency":"EUR","http.req.id":"2f219496-8d9a-4fb1-ad1f-01074a793d73","http.req.method":"GET","http.req.path":"/product/1YMWWN1N4O","id":"1YMWWN1N4O","message":"serving product page","session":"a38c2610-1665-4c93-8051-4c451f5de325","severity":"debug","timestamp":"2026-03-25T11:59:17.331850754Z"}
{"http.req.id":"2f219496-8d9a-4fb1-ad1f-01074a793d73","http.req.method":"GET","http.req.path":"/product/1YMWWN1N4O","http.resp.bytes":7987,"http.resp.status":200,"http.resp.took_ms":18,"message":"request complete","session":"a38c2610-1665-4c93-8051-4c451f5de325","severity":"debug","timestamp":"2026-03-25T11:59:17.350530133Z"}
{"http.req.id":"2c3a041f-856d-46e1-81ca-2984deaa6af0","http.req.method":"GET","http.req.path":"/product/66VCHSJNUP","message":"request started","session":"827eab86-1aba-4a15-8740-5fee5900d10f","severity":"debug","timestamp":"2026-03-25T11:59:18.186027786Z"}
{"currency":"TRY","http.req.id":"2c3a041f-856d-46e1-81ca-2984deaa6af0","http.req.method":"GET","http.req.path":"/product/66VCHSJNUP","id":"66VCHSJNUP","message":"serving product page","session":"827eab86-1aba-4a15-8740-5fee5900d10f","severity":"debug","timestamp":"2026-03-25T11:59:18.186109729Z"}
{"http.req.id":"2c3a041f-856d-46e1-81ca-2984deaa6af0","http.req.method":"GET","http.req.path":"/product/66VCHSJNUP","http.resp.bytes":8030,"http.resp.status":200,"http.resp.took_ms":15,"message":"request complete","session":"827eab86-1aba-4a15-8740-5fee5900d10f","severity":"debug","timestamp":"2026-03-25T11:59:18.201516761Z"}
{"http.req.id":"b046ebaa-3a93-4500-9367-d14bd3530eb4","http.req.method":"GET","http.req.path":"/product/LS4PSXUNUM","message":"request started","session":"513dd945-739c-4fe3-8e54-6e6927fbb733","severity":"debug","timestamp":"2026-03-25T11:59:18.439665196Z"}
{"currency":"CAD","http.req.id":"b046ebaa-3a93-4500-9367-d14bd3530eb4","http.req.method":"GET","http.req.path":"/product/LS4PSXUNUM","id":"LS4PSXUNUM","message":"serving product page","session":"513dd945-739c-4fe3-8e54-6e6927fbb733","severity":"debug","timestamp":"2026-03-25T11:59:18.43975871Z"}
{"http.req.id":"b046ebaa-3a93-4500-9367-d14bd3530eb4","http.req.method":"GET","http.req.path":"/product/LS4PSXUNUM","http.resp.bytes":7919,"http.resp.status":200,"http.resp.took_ms":19,"message":"request complete","session":"513dd945-739c-4fe3-8e54-6e6927fbb733","severity":"debug","timestamp":"2026-03-25T11:59:18.458853563Z"}
{"http.req.id":"31ebf4e8-f7c4-4c09-92a1-be6cbb9a73e5","http.req.method":"GET","http.req.path":"/product/2ZYFJ3GM2N","message":"request started","session":"df4ce93a-5d92-40a8-93c2-540bf11bbb4d","severity":"debug","timestamp":"2026-03-25T11:59:18.968249796Z"}
{"currency":"USD","http.req.id":"31ebf4e8-f7c4-4c09-92a1-be6cbb9a73e5","http.req.method":"GET","http.req.path":"/product/2ZYFJ3GM2N","id":"2ZYFJ3GM2N","message":"serving product page","session":"df4ce93a-5d92-40a8-93c2-540bf11bbb4d","severity":"debug","timestamp":"2026-03-25T11:59:18.968299632Z"}
{"http.req.id":"31ebf4e8-f7c4-4c09-92a1-be6cbb9a73e5","http.req.method":"GET","http.req.path":"/product/2ZYFJ3GM2N","http.resp.bytes":8061,"http.resp.status":200,"http.resp.took_ms":14,"message":"request complete","session":"df4ce93a-5d92-40a8-93c2-540bf11bbb4d","severity":"debug","timestamp":"2026-03-25T11:59:18.982961387Z"}
{"http.req.id":"2fc2e077-566e-4c24-9697-9952f5dffeb2","http.req.method":"GET","http.req.path":"/product/0PUK6V6EV0","message":"request started","session":"827eab86-1aba-4a15-8740-5fee5900d10f","severity":"debug","timestamp":"2026-03-25T11:59:19.384544916Z"}
{"currency":"TRY","http.req.id":"2fc2e077-566e-4c24-9697-9952f5dffeb2","http.req.method":"GET","http.req.path":"/product/0PUK6V6EV0","id":"0PUK6V6EV0","message":"serving product page","session":"827eab86-1aba-4a15-8740-5fee5900d10f","severity":"debug","timestamp":"2026-03-25T11:59:19.384628707Z"}
{"http.req.id":"2fc2e077-566e-4c24-9697-9952f5dffeb2","http.req.method":"GET","http.req.path":"/product/0PUK6V6EV0","http.resp.bytes":8082,"http.resp.status":200,"http.resp.took_ms":15,"message":"request complete","session":"827eab86-1aba-4a15-8740-5fee5900d10f","severity":"debug","timestamp":"2026-03-25T11:59:19.399762668Z"}
{"http.req.id":"261366b2-678c-47f9-8f53-1f2736b3e702","http.req.method":"POST","http.req.path":"/cart","message":"request started","session":"827eab86-1aba-4a15-8740-5fee5900d10f","severity":"debug","timestamp":"2026-03-25T11:59:19.400979549Z"}
{"http.req.id":"261366b2-678c-47f9-8f53-1f2736b3e702","http.req.method":"POST","http.req.path":"/cart","message":"adding to cart","product":"0PUK6V6EV0","quantity":5,"session":"827eab86-1aba-4a15-8740-5fee5900d10f","severity":"debug","timestamp":"2026-03-25T11:59:19.401115214Z"}
{"http.req.id":"261366b2-678c-47f9-8f53-1f2736b3e702","http.req.method":"POST","http.req.path":"/cart","http.resp.bytes":0,"http.resp.status":302,"http.resp.took_ms":3,"message":"request complete","session":"827eab86-1aba-4a15-8740-5fee5900d10f","severity":"debug","timestamp":"2026-03-25T11:59:19.404227812Z"}
{"http.req.id":"459f3b5a-b267-4b39-abb2-1e3211f4b885","http.req.method":"GET","http.req.path":"/cart","message":"request started","session":"827eab86-1aba-4a15-8740-5fee5900d10f","severity":"debug","timestamp":"2026-03-25T11:59:19.405375384Z"}
{"http.req.id":"459f3b5a-b267-4b39-abb2-1e3211f4b885","http.req.method":"GET","http.req.path":"/cart","message":"view user cart","session":"827eab86-1aba-4a15-8740-5fee5900d10f","severity":"debug","timestamp":"2026-03-25T11:59:19.405468899Z"}
{"http.req.id":"459f3b5a-b267-4b39-abb2-1e3211f4b885","http.req.method":"GET","http.req.path":"/cart","http.resp.bytes":17917,"http.resp.status":200,"http.resp.took_ms":74,"message":"request complete","session":"827eab86-1aba-4a15-8740-5fee5900d10f","severity":"debug","timestamp":"2026-03-25T11:59:19.479413968Z"}
{"http.req.id":"60adf262-56c4-4d9d-bc74-1d43ab0fbb7c","http.req.method":"POST","http.req.path":"/cart/checkout","message":"request started","session":"827eab86-1aba-4a15-8740-5fee5900d10f","severity":"debug","timestamp":"2026-03-25T11:59:19.483108829Z"}
{"http.req.id":"60adf262-56c4-4d9d-bc74-1d43ab0fbb7c","http.req.method":"POST","http.req.path":"/cart/checkout","message":"placing order","session":"827eab86-1aba-4a15-8740-5fee5900d10f","severity":"debug","timestamp":"2026-03-25T11:59:19.483220324Z"}
{"http.req.id":"60adf262-56c4-4d9d-bc74-1d43ab0fbb7c","http.req.method":"POST","http.req.path":"/cart/checkout","message":"order placed","order":"0e1ba13d-2842-11f1-a4a0-927ce8a683d8","session":"827eab86-1aba-4a15-8740-5fee5900d10f","severity":"info","timestamp":"2026-03-25T11:59:19.504470679Z"}
{"http.req.id":"60adf262-56c4-4d9d-bc74-1d43ab0fbb7c","http.req.method":"POST","http.req.path":"/cart/checkout","http.resp.bytes":6788,"http.resp.status":200,"http.resp.took_ms":31,"message":"request complete","session":"827eab86-1aba-4a15-8740-5fee5900d10f","severity":"debug","timestamp":"2026-03-25T11:59:19.514670078Z"}
{"http.req.id":"6dd59658-a15e-4b2e-b0fd-5b832e5f09ce","http.req.method":"GET","http.req.path":"/","message":"request started","session":"ecb080bf-5333-403f-9547-c8725d499228","severity":"debug","timestamp":"2026-03-25T11:59:19.520082256Z"}
{"currency":"JPY","http.req.id":"6dd59658-a15e-4b2e-b0fd-5b832e5f09ce","http.req.method":"GET","http.req.path":"/","message":"home","session":"ecb080bf-5333-403f-9547-c8725d499228","severity":"info","timestamp":"2026-03-25T11:59:19.520156157Z"}
env platform is either empty or invalid
{"http.req.id":"6dd59658-a15e-4b2e-b0fd-5b832e5f09ce","http.req.method":"GET","http.req.path":"/","message":"ENV_PLATFORM is: local","session":"ecb080bf-5333-403f-9547-c8725d499228","severity":"debug","timestamp":"2026-03-25T11:59:19.678261273Z"}
{"http.req.id":"6dd59658-a15e-4b2e-b0fd-5b832e5f09ce","http.req.method":"GET","http.req.path":"/","http.resp.bytes":10529,"http.resp.status":200,"http.resp.took_ms":162,"message":"request complete","session":"ecb080bf-5333-403f-9547-c8725d499228","severity":"debug","timestamp":"2026-03-25T11:59:19.682271024Z"}
{"http.req.id":"bf76e9ab-b9e1-475c-8403-4215a1a2d7a6","http.req.method":"GET","http.req.path":"/_healthz","message":"request started","session":"x-readiness-probe","severity":"debug","timestamp":"2026-03-25T11:59:20.494882799Z"}
{"http.req.id":"bf76e9ab-b9e1-475c-8403-4215a1a2d7a6","http.req.method":"GET","http.req.path":"/_healthz","http.resp.bytes":2,"http.resp.status":200,"http.resp.took_ms":0,"message":"request complete","session":"x-readiness-probe","severity":"debug","timestamp":"2026-03-25T11:59:20.494996993Z"}
{"http.req.id":"61f49248-541b-4148-ab7d-1240bd039570","http.req.method":"GET","http.req.path":"/product/OLJCESPC7Z","message":"request started","session":"df4ce93a-5d92-40a8-93c2-540bf11bbb4d","severity":"debug","timestamp":"2026-03-25T11:59:20.863985088Z"}
{"currency":"USD","http.req.id":"61f49248-541b-4148-ab7d-1240bd039570","http.req.method":"GET","http.req.path":"/product/OLJCESPC7Z","id":"OLJCESPC7Z","message":"serving product page","session":"df4ce93a-5d92-40a8-93c2-540bf11bbb4d","severity":"debug","timestamp":"2026-03-25T11:59:20.864097035Z"}
{"http.req.id":"61f49248-541b-4148-ab7d-1240bd039570","http.req.method":"GET","http.req.path":"/product/OLJCESPC7Z","http.resp.bytes":8070,"http.resp.status":200,"http.resp.took_ms":27,"message":"request complete","session":"df4ce93a-5d92-40a8-93c2-540bf11bbb4d","severity":"debug","timestamp":"2026-03-25T11:59:20.891096056Z"}
{"http.req.id":"aaf92c02-4389-40a5-b382-a2de3e1b1a74","http.req.method":"GET","http.req.path":"/cart","message":"request started","session":"2d3bf3d7-22b5-49c9-8227-12126292f393","severity":"debug","timestamp":"2026-03-25T11:59:21.077554499Z"}
{"http.req.id":"aaf92c02-4389-40a5-b382-a2de3e1b1a74","http.req.method":"GET","http.req.path":"/cart","message":"view user cart","session":"2d3bf3d7-22b5-49c9-8227-12126292f393","severity":"debug","timestamp":"2026-03-25T11:59:21.077686757Z"}
{"http.req.id":"aaf92c02-4389-40a5-b382-a2de3e1b1a74","http.req.method":"GET","http.req.path":"/cart","http.resp.bytes":17851,"http.resp.status":200,"http.resp.took_ms":114,"message":"request complete","session":"2d3bf3d7-22b5-49c9-8227-12126292f393","severity":"debug","timestamp":"2026-03-25T11:59:21.192329291Z"}
{"http.req.id":"672f2262-2578-4101-9367-4d61ef23e308","http.req.method":"GET","http.req.path":"/product/6E92ZMYYFZ","message":"request started","session":"514e00c6-206e-4c6e-873f-852b796455de","severity":"debug","timestamp":"2026-03-25T11:59:21.493919787Z"}
{"currency":"USD","http.req.id":"672f2262-2578-4101-9367-4d61ef23e308","http.req.method":"GET","http.req.path":"/product/6E92ZMYYFZ","id":"6E92ZMYYFZ","message":"serving product page","session":"514e00c6-206e-4c6e-873f-852b796455de","severity":"debug","timestamp":"2026-03-25T11:59:21.494026442Z"}
{"http.req.id":"672f2262-2578-4101-9367-4d61ef23e308","http.req.method":"GET","http.req.path":"/product/6E92ZMYYFZ","http.resp.bytes":7911,"http.resp.status":200,"http.resp.took_ms":17,"message":"request complete","session":"514e00c6-206e-4c6e-873f-852b796455de","severity":"debug","timestamp":"2026-03-25T11:59:21.511338789Z"}
{"http.req.id":"50cd41da-a392-45fb-b062-dcea6ea70e42","http.req.method":"GET","http.req.path":"/","message":"request started","session":"694745d8-a179-4c65-83d6-9ed873a7b94b","severity":"debug","timestamp":"2026-03-25T11:59:21.79640633Z"}
{"currency":"EUR","http.req.id":"50cd41da-a392-45fb-b062-dcea6ea70e42","http.req.method":"GET","http.req.path":"/","message":"home","session":"694745d8-a179-4c65-83d6-9ed873a7b94b","severity":"info","timestamp":"2026-03-25T11:59:21.79648729Z"}
{"http.req.id":"40b1ebbf-78f1-49e9-8507-b488d61a870e","http.req.method":"GET","http.req.path":"/product/66VCHSJNUP","message":"request started","session":"827eab86-1aba-4a15-8740-5fee5900d10f","severity":"debug","timestamp":"2026-03-25T11:59:21.811558683Z"}
{"currency":"TRY","http.req.id":"40b1ebbf-78f1-49e9-8507-b488d61a870e","http.req.method":"GET","http.req.path":"/product/66VCHSJNUP","id":"66VCHSJNUP","message":"serving product page","session":"827eab86-1aba-4a15-8740-5fee5900d10f","severity":"debug","timestamp":"2026-03-25T11:59:21.811693832Z"}
{"http.req.id":"40b1ebbf-78f1-49e9-8507-b488d61a870e","http.req.method":"GET","http.req.path":"/product/66VCHSJNUP","http.resp.bytes":7945,"http.resp.status":200,"http.resp.took_ms":64,"message":"request complete","session":"827eab86-1aba-4a15-8740-5fee5900d10f","severity":"debug","timestamp":"2026-03-25T11:59:21.875865574Z"}
env platform is either empty or invalid
{"http.req.id":"50cd41da-a392-45fb-b062-dcea6ea70e42","http.req.method":"GET","http.req.path":"/","message":"ENV_PLATFORM is: local","session":"694745d8-a179-4c65-83d6-9ed873a7b94b","severity":"debug","timestamp":"2026-03-25T11:59:21.882091513Z"}
{"http.req.id":"50cd41da-a392-45fb-b062-dcea6ea70e42","http.req.method":"GET","http.req.path":"/","http.resp.bytes":10518,"http.resp.status":200,"http.resp.took_ms":89,"message":"request complete","session":"694745d8-a179-4c65-83d6-9ed873a7b94b","severity":"debug","timestamp":"2026-03-25T11:59:21.886033777Z"}
{"http.req.id":"e299aaae-d7ef-474a-abd6-e72b9db384ec","http.req.method":"GET","http.req.path":"/product/0PUK6V6EV0","message":"request started","session":"513dd945-739c-4fe3-8e54-6e6927fbb733","severity":"debug","timestamp":"2026-03-25T11:59:22.524907857Z"}
{"currency":"CAD","http.req.id":"e299aaae-d7ef-474a-abd6-e72b9db384ec","http.req.method":"GET","http.req.path":"/product/0PUK6V6EV0","id":"0PUK6V6EV0","message":"serving product page","session":"513dd945-739c-4fe3-8e54-6e6927fbb733","severity":"debug","timestamp":"2026-03-25T11:59:22.525020363Z"}
{"http.req.id":"e299aaae-d7ef-474a-abd6-e72b9db384ec","http.req.method":"GET","http.req.path":"/product/0PUK6V6EV0","http.resp.bytes":7946,"http.resp.status":200,"http.resp.took_ms":28,"message":"request complete","session":"513dd945-739c-4fe3-8e54-6e6927fbb733","severity":"debug","timestamp":"2026-03-25T11:59:22.552987978Z"}
{"http.req.id":"ad51bfc4-3487-4851-b409-9f20f53559ea","http.req.method":"POST","http.req.path":"/cart","message":"request started","session":"513dd945-739c-4fe3-8e54-6e6927fbb733","severity":"debug","timestamp":"2026-03-25T11:59:22.554292798Z"}
{"http.req.id":"ad51bfc4-3487-4851-b409-9f20f53559ea","http.req.method":"POST","http.req.path":"/cart","message":"adding to cart","product":"0PUK6V6EV0","quantity":1,"session":"513dd945-739c-4fe3-8e54-6e6927fbb733","severity":"debug","timestamp":"2026-03-25T11:59:22.554467543Z"}
{"http.req.id":"ad51bfc4-3487-4851-b409-9f20f53559ea","http.req.method":"POST","http.req.path":"/cart","http.resp.bytes":0,"http.resp.status":302,"http.resp.took_ms":4,"message":"request complete","session":"513dd945-739c-4fe3-8e54-6e6927fbb733","severity":"debug","timestamp":"2026-03-25T11:59:22.558912638Z"}
{"http.req.id":"40d68236-51a3-497e-a109-3e3caca6bc9e","http.req.method":"GET","http.req.path":"/cart","message":"request started","session":"513dd945-739c-4fe3-8e54-6e6927fbb733","severity":"debug","timestamp":"2026-03-25T11:59:22.560113606Z"}
{"http.req.id":"40d68236-51a3-497e-a109-3e3caca6bc9e","http.req.method":"GET","http.req.path":"/cart","message":"view user cart","session":"513dd945-739c-4fe3-8e54-6e6927fbb733","severity":"debug","timestamp":"2026-03-25T11:59:22.560196302Z"}
{"http.req.id":"40d68236-51a3-497e-a109-3e3caca6bc9e","http.req.method":"GET","http.req.path":"/cart","http.resp.bytes":16424,"http.resp.status":200,"http.resp.took_ms":19,"message":"request complete","session":"513dd945-739c-4fe3-8e54-6e6927fbb733","severity":"debug","timestamp":"2026-03-25T11:59:22.579225927Z"}
{"http.req.id":"a0dcdd34-bab7-4330-807a-a1a3ae4731f1","http.req.method":"GET","http.req.path":"/product/0PUK6V6EV0","message":"request started","session":"ecb080bf-5333-403f-9547-c8725d499228","severity":"debug","timestamp":"2026-03-25T11:59:24.284486817Z"}
{"currency":"JPY","http.req.id":"a0dcdd34-bab7-4330-807a-a1a3ae4731f1","http.req.method":"GET","http.req.path":"/product/0PUK6V6EV0","id":"0PUK6V6EV0","message":"serving product page","session":"ecb080bf-5333-403f-9547-c8725d499228","severity":"debug","timestamp":"2026-03-25T11:59:24.284586423Z"}
{"http.req.id":"cdd91c58-3089-4093-949f-c1fea1c4d386","http.req.method":"GET","http.req.path":"/product/2ZYFJ3GM2N","message":"request started","session":"32217267-98ca-4d66-9fc8-3f088b8def0f","severity":"debug","timestamp":"2026-03-25T11:59:24.286768019Z"}
{"currency":"GBP","http.req.id":"cdd91c58-3089-4093-949f-c1fea1c4d386","http.req.method":"GET","http.req.path":"/product/2ZYFJ3GM2N","id":"2ZYFJ3GM2N","message":"serving product page","session":"32217267-98ca-4d66-9fc8-3f088b8def0f","severity":"debug","timestamp":"2026-03-25T11:59:24.286836786Z"}
{"http.req.id":"a0dcdd34-bab7-4330-807a-a1a3ae4731f1","http.req.method":"GET","http.req.path":"/product/0PUK6V6EV0","http.resp.bytes":7954,"http.resp.status":200,"http.resp.took_ms":23,"message":"request complete","session":"ecb080bf-5333-403f-9547-c8725d499228","severity":"debug","timestamp":"2026-03-25T11:59:24.307592091Z"}
{"http.req.id":"724b5903-4ce4-49a1-b97b-44ad5971f0ec","http.req.method":"POST","http.req.path":"/cart","message":"request started","session":"ecb080bf-5333-403f-9547-c8725d499228","severity":"debug","timestamp":"2026-03-25T11:59:24.308737001Z"}
{"http.req.id":"724b5903-4ce4-49a1-b97b-44ad5971f0ec","http.req.method":"POST","http.req.path":"/cart","message":"adding to cart","product":"0PUK6V6EV0","quantity":2,"session":"ecb080bf-5333-403f-9547-c8725d499228","severity":"debug","timestamp":"2026-03-25T11:59:24.308899779Z"}
{"http.req.id":"cdd91c58-3089-4093-949f-c1fea1c4d386","http.req.method":"GET","http.req.path":"/product/2ZYFJ3GM2N","http.resp.bytes":8000,"http.resp.status":200,"http.resp.took_ms":23,"message":"request complete","session":"32217267-98ca-4d66-9fc8-3f088b8def0f","severity":"debug","timestamp":"2026-03-25T11:59:24.310805519Z"}
{"http.req.id":"724b5903-4ce4-49a1-b97b-44ad5971f0ec","http.req.method":"POST","http.req.path":"/cart","http.resp.bytes":0,"http.resp.status":302,"http.resp.took_ms":3,"message":"request complete","session":"ecb080bf-5333-403f-9547-c8725d499228","severity":"debug","timestamp":"2026-03-25T11:59:24.312301806Z"}
{"http.req.id":"209cc4a9-74b6-480f-8581-51845a355f04","http.req.method":"GET","http.req.path":"/cart","message":"request started","session":"ecb080bf-5333-403f-9547-c8725d499228","severity":"debug","timestamp":"2026-03-25T11:59:24.313274047Z"}
{"http.req.id":"209cc4a9-74b6-480f-8581-51845a355f04","http.req.method":"GET","http.req.path":"/cart","message":"view user cart","session":"ecb080bf-5333-403f-9547-c8725d499228","severity":"debug","timestamp":"2026-03-25T11:59:24.313373634Z"}
{"http.req.id":"209cc4a9-74b6-480f-8581-51845a355f04","http.req.method":"GET","http.req.path":"/cart","http.resp.bytes":16434,"http.resp.status":200,"http.resp.took_ms":79,"message":"request complete","session":"ecb080bf-5333-403f-9547-c8725d499228","severity":"debug","timestamp":"2026-03-25T11:59:24.392970835Z"}
{"http.req.id":"44a15fef-b63a-48ff-a531-0d66bc3583f6","http.req.method":"GET","http.req.path":"/product/L9ECAV7KIM","message":"request started","session":"df4ce93a-5d92-40a8-93c2-540bf11bbb4d","severity":"debug","timestamp":"2026-03-25T11:59:24.611399393Z"}
{"currency":"USD","http.req.id":"44a15fef-b63a-48ff-a531-0d66bc3583f6","http.req.method":"GET","http.req.path":"/product/L9ECAV7KIM","id":"L9ECAV7KIM","message":"serving product page","session":"df4ce93a-5d92-40a8-93c2-540bf11bbb4d","severity":"debug","timestamp":"2026-03-25T11:59:24.611460069Z"}
