{"message":"order confirmation email sent to \"probinson@example.org\"","severity":"info","timestamp":"2026-03-25T12:01:11.413762641Z"}
{"message":"[PlaceOrder] user_id=\"ecb080bf-5333-403f-9547-c8725d499228\" user_currency=\"GBP\"","severity":"info","timestamp":"2026-03-25T12:01:11.885441551Z"}
{"message":"payment went through (transaction_id: de1547ef-486e-4322-8a0b-89ad85f755af)","severity":"info","timestamp":"2026-03-25T12:01:11.900444367Z"}
{"message":"order confirmation email sent to \"phillipchristian@example.net\"","severity":"info","timestamp":"2026-03-25T12:01:11.905895055Z"}
{"message":"[PlaceOrder] user_id=\"514e00c6-206e-4c6e-873f-852b796455de\" user_currency=\"TRY\"","severity":"info","timestamp":"2026-03-25T12:01:48.234264406Z"}
{"message":"payment went through (transaction_id: 25ec4e5c-18b6-4c46-9e52-eacff84116d4)","severity":"info","timestamp":"2026-03-25T12:01:48.241550001Z"}
{"message":"order confirmation email sent to \"longchristina@example.org\"","severity":"info","timestamp":"2026-03-25T12:01:48.245605247Z"}
{"message":"[PlaceOrder] user_id=\"df4ce93a-5d92-40a8-93c2-540bf11bbb4d\" user_currency=\"TRY\"","severity":"info","timestamp":"2026-03-25T12:02:29.973696105Z"}
{"message":"payment went through (transaction_id: 91371bb0-3140-42fd-a1c6-b095860b3bb8)","severity":"info","timestamp":"2026-03-25T12:02:29.983790434Z"}
{"message":"order confirmation email sent to \"yrandall@example.com\"","severity":"info","timestamp":"2026-03-25T12:02:29.987296552Z"}
{"message":"[PlaceOrder] user_id=\"694745d8-a179-4c65-83d6-9ed873a7b94b\" user_currency=\"JPY\"","severity":"info","timestamp":"2026-03-25T12:02:52.759281295Z"}
{"message":"payment went through (transaction_id: cc3c814d-8d11-48d9-a4c9-5e595f9c041b)","severity":"info","timestamp":"2026-03-25T12:02:52.781779132Z"}
{"message":"order confirmation email sent to \"sandovaljason@example.org\"","severity":"info","timestamp":"2026-03-25T12:02:52.78718615Z"}
{"message":"[PlaceOrder] user_id=\"32217267-98ca-4d66-9fc8-3f088b8def0f\" user_currency=\"GBP\"","severity":"info","timestamp":"2026-03-25T12:02:54.587172324Z"}
{"message":"payment went through (transaction_id: 5740549d-3eaa-4474-b401-d4ba363b97ef)","severity":"info","timestamp":"2026-03-25T12:02:54.756766416Z"}
{"message":"order confirmation email sent to \"irojas@example.com\"","severity":"info","timestamp":"2026-03-25T12:02:54.763484347Z"}
{"message":"[PlaceOrder] user_id=\"514e00c6-206e-4c6e-873f-852b796455de\" user_currency=\"USD\"","severity":"info","timestamp":"2026-03-25T12:02:55.477513817Z"}
{"message":"payment went through (transaction_id: d53ec56e-042b-4fa4-8319-420f4c8df102)","severity":"info","timestamp":"2026-03-25T12:02:55.490815198Z"}
{"message":"order confirmation email sent to \"chelseaosborne@example.net\"","severity":"info","timestamp":"2026-03-25T12:02:55.4968378Z"}
{"message":"[PlaceOrder] user_id=\"32217267-98ca-4d66-9fc8-3f088b8def0f\" user_currency=\"GBP\"","severity":"info","timestamp":"2026-03-25T12:02:58.471355118Z"}
{"message":"payment went through (transaction_id: 18cc98cd-868a-438f-ac66-c6466c687541)","severity":"info","timestamp":"2026-03-25T12:02:58.479613297Z"}
{"message":"order confirmation email sent to \"kcarter@example.com\"","severity":"info","timestamp":"2026-03-25T12:02:58.485425438Z"}
{"message":"[PlaceOrder] user_id=\"df4ce93a-5d92-40a8-93c2-540bf11bbb4d\" user_currency=\"TRY\"","severity":"info","timestamp":"2026-03-25T12:03:05.779688234Z"}
{"message":"payment went through (transaction_id: 18040929-7483-478d-a1ee-80cbc4d73742)","severity":"info","timestamp":"2026-03-25T12:03:05.794534505Z"}
{"message":"order confirmation email sent to \"sean93@example.com\"","severity":"info","timestamp":"2026-03-25T12:03:05.799601999Z"}
{"message":"[PlaceOrder] user_id=\"df4ce93a-5d92-40a8-93c2-540bf11bbb4d\" user_currency=\"TRY\"","severity":"info","timestamp":"2026-03-25T12:03:22.578888943Z"}
{"message":"payment went through (transaction_id: 83aac3c5-3117-46ea-8ef7-b1b46ab7679c)","severity":"info","timestamp":"2026-03-25T12:03:22.591207944Z"}
{"message":"order confirmation email sent to \"davidhill@example.com\"","severity":"info","timestamp":"2026-03-25T12:03:22.596039146Z"}
{"message":"[PlaceOrder] user_id=\"694745d8-a179-4c65-83d6-9ed873a7b94b\" user_currency=\"JPY\"","severity":"info","timestamp":"2026-03-25T12:04:09.38418933Z"}
{"message":"payment went through (transaction_id: e8d687a4-6715-4b75-a7bb-d65a9ae47425)","severity":"info","timestamp":"2026-03-25T12:04:09.393128017Z"}
{"message":"order confirmation email sent to \"petersonderek@example.net\"","severity":"info","timestamp":"2026-03-25T12:04:09.414360498Z"}
{"message":"[PlaceOrder] user_id=\"2d3bf3d7-22b5-49c9-8227-12126292f393\" user_currency=\"GBP\"","severity":"info","timestamp":"2026-03-25T12:04:11.059579016Z"}
{"message":"payment went through (transaction_id: 1b178272-f3cf-48f0-97f5-9d21d9316ecf)","severity":"info","timestamp":"2026-03-25T12:04:11.089172692Z"}
{"message":"order confirmation email sent to \"jennifermurphy@example.net\"","severity":"info","timestamp":"2026-03-25T12:04:11.093101425Z"}
{"message":"[PlaceOrder] user_id=\"514e00c6-206e-4c6e-873f-852b796455de\" user_currency=\"USD\"","severity":"info","timestamp":"2026-03-25T12:04:25.359614032Z"}
{"message":"payment went through (transaction_id: 0c794725-11e5-4b49-ba15-b5897abab6c9)","severity":"info","timestamp":"2026-03-25T12:04:25.384972254Z"}
{"message":"order confirmation email sent to \"ggraves@example.org\"","severity":"info","timestamp":"2026-03-25T12:04:25.39427959Z"}
{"message":"[PlaceOrder] user_id=\"df4ce93a-5d92-40a8-93c2-540bf11bbb4d\" user_currency=\"TRY\"","severity":"info","timestamp":"2026-03-25T12:04:33.100852904Z"}
{"message":"payment went through (transaction_id: 751bb548-33b3-4b40-bdd5-67e9a15a122a)","severity":"info","timestamp":"2026-03-25T12:04:33.114740399Z"}
{"message":"order confirmation email sent to \"arroyokatie@example.com\"","severity":"info","timestamp":"2026-03-25T12:04:33.121173324Z"}
{"message":"[PlaceOrder] user_id=\"32217267-98ca-4d66-9fc8-3f088b8def0f\" user_currency=\"CAD\"","severity":"info","timestamp":"2026-03-25T12:04:47.398653628Z"}
{"message":"payment went through (transaction_id: 47715a4e-50d6-435a-8742-1b53a1894087)","severity":"info","timestamp":"2026-03-25T12:04:47.490200615Z"}
{"message":"order confirmation email sent to \"zperkins@example.net\"","severity":"info","timestamp":"2026-03-25T12:04:47.500177681Z"}
{"message":"[PlaceOrder] user_id=\"fcb2831f-0627-4791-ac1d-23821dc5b140\" user_currency=\"USD\"","severity":"info","timestamp":"2026-03-25T12:04:49.39287121Z"}
{"message":"payment went through (transaction_id: 983b3214-b050-42b1-a588-a296160f9beb)","severity":"info","timestamp":"2026-03-25T12:04:49.495972024Z"}
{"message":"order confirmation email sent to \"lhardy@example.com\"","severity":"info","timestamp":"2026-03-25T12:04:49.520846579Z"}
{"message":"[PlaceOrder] user_id=\"ecb080bf-5333-403f-9547-c8725d499228\" user_currency=\"EUR\"","severity":"info","timestamp":"2026-03-25T12:04:51.092852453Z"}
{"message":"payment went through (transaction_id: 2f408ef0-40a5-4ae7-a01c-7422bd472976)","severity":"info","timestamp":"2026-03-25T12:04:51.199477111Z"}
{"message":"order confirmation email sent to \"adriansexton@example.net\"","severity":"info","timestamp":"2026-03-25T12:04:51.216644556Z"}
{"message":"[PlaceOrder] user_id=\"df4ce93a-5d92-40a8-93c2-540bf11bbb4d\" user_currency=\"USD\"","severity":"info","timestamp":"2026-03-25T12:05:03.294248999Z"}
{"message":"payment went through (transaction_id: 4c6a84c6-6acb-4435-8c40-4cbc3d000fa0)","severity":"info","timestamp":"2026-03-25T12:05:03.321282755Z"}
{"message":"order confirmation email sent to \"kyletran@example.org\"","severity":"info","timestamp":"2026-03-25T12:05:03.329779161Z"}
{"message":"[PlaceOrder] user_id=\"514e00c6-206e-4c6e-873f-852b796455de\" user_currency=\"EUR\"","severity":"info","timestamp":"2026-03-25T12:05:23.576014556Z"}
{"message":"payment went through (transaction_id: 722d5662-12a3-4f7e-96dd-d4d9fc629868)","severity":"info","timestamp":"2026-03-25T12:05:23.682704101Z"}
{"message":"order confirmation email sent to \"christopherdeleon@example.net\"","severity":"info","timestamp":"2026-03-25T12:05:23.689095335Z"}
{"message":"[PlaceOrder] user_id=\"2d3bf3d7-22b5-49c9-8227-12126292f393\" user_currency=\"TRY\"","severity":"info","timestamp":"2026-03-25T12:05:26.66886427Z"}
{"message":"payment went through (transaction_id: 47046a29-90a5-445f-9c00-82e1faca182b)","severity":"info","timestamp":"2026-03-25T12:05:26.677201748Z"}
{"message":"order confirmation email sent to \"ugarcia@example.com\"","severity":"info","timestamp":"2026-03-25T12:05:26.681823814Z"}
{"message":"[PlaceOrder] user_id=\"ecb080bf-5333-403f-9547-c8725d499228\" user_currency=\"EUR\"","severity":"info","timestamp":"2026-03-25T12:05:32.278044161Z"}
{"message":"payment went through (transaction_id: da9be7c8-f6b8-43ba-8bd1-a2339318733b)","severity":"info","timestamp":"2026-03-25T12:05:32.287308397Z"}
{"message":"order confirmation email sent to \"rachael90@example.org\"","severity":"info","timestamp":"2026-03-25T12:05:32.291953473Z"}
{"message":"[PlaceOrder] user_id=\"827eab86-1aba-4a15-8740-5fee5900d10f\" user_currency=\"USD\"","severity":"info","timestamp":"2026-03-25T12:05:49.304383601Z"}
{"message":"payment went through (transaction_id: 2b2f6b78-073e-41ef-86e2-70e74ffc37fb)","severity":"info","timestamp":"2026-03-25T12:05:49.331794645Z"}
{"message":"order confirmation email sent to \"ucruz@example.net\"","severity":"info","timestamp":"2026-03-25T12:05:49.387136171Z"}
{"message":"[PlaceOrder] user_id=\"827eab86-1aba-4a15-8740-5fee5900d10f\" user_currency=\"USD\"","severity":"info","timestamp":"2026-03-25T12:06:01.399498406Z"}
{"message":"payment went through (transaction_id: be7b0dd2-e2b3-4cc2-b17f-3f9518e9b146)","severity":"info","timestamp":"2026-03-25T12:06:01.492392333Z"}
{"message":"order confirmation email sent to \"zpearson@example.net\"","severity":"info","timestamp":"2026-03-25T12:06:01.497843334Z"}
{"message":"[PlaceOrder] user_id=\"32217267-98ca-4d66-9fc8-3f088b8def0f\" user_currency=\"JPY\"","severity":"info","timestamp":"2026-03-25T12:06:22.749368137Z"}
{"message":"payment went through (transaction_id: c3cc87b2-80ae-47d6-9556-d19bccb440e4)","severity":"info","timestamp":"2026-03-25T12:06:22.763567765Z"}
{"message":"order confirmation email sent to \"fjohnson@example.net\"","severity":"info","timestamp":"2026-03-25T12:06:22.767386427Z"}
{"message":"[PlaceOrder] user_id=\"a38c2610-1665-4c93-8051-4c451f5de325\" user_currency=\"JPY\"","severity":"info","timestamp":"2026-03-25T12:07:03.850754671Z"}
{"message":"[PlaceOrder] user_id=\"694745d8-a179-4c65-83d6-9ed873a7b94b\" user_currency=\"TRY\"","severity":"info","timestamp":"2026-03-25T12:07:03.875468866Z"}
{"message":"payment went through (transaction_id: c8938ed5-f446-4fd5-a3c6-29d977e54c90)","severity":"info","timestamp":"2026-03-25T12:07:03.876756318Z"}
{"message":"order confirmation email sent to \"daniellewatts@example.org\"","severity":"info","timestamp":"2026-03-25T12:07:03.957437172Z"}
{"message":"payment went through (transaction_id: 4794a0aa-e892-4eaf-a67a-c01045467ced)","severity":"info","timestamp":"2026-03-25T12:07:04.062881028Z"}
{"message":"order confirmation email sent to \"bsmith@example.net\"","severity":"info","timestamp":"2026-03-25T12:07:04.071200502Z"}
{"message":"[PlaceOrder] user_id=\"2d3bf3d7-22b5-49c9-8227-12126292f393\" user_currency=\"EUR\"","severity":"info","timestamp":"2026-03-25T12:07:14.775930646Z"}
{"message":"payment went through (transaction_id: d997dfb2-69cd-4427-bbe3-7e1777548c48)","severity":"info","timestamp":"2026-03-25T12:07:14.787655556Z"}
{"message":"order confirmation email sent to \"wardemily@example.net\"","severity":"info","timestamp":"2026-03-25T12:07:14.795012638Z"}
{"message":"[PlaceOrder] user_id=\"827eab86-1aba-4a15-8740-5fee5900d10f\" user_currency=\"USD\"","severity":"info","timestamp":"2026-03-25T12:07:32.555504662Z"}
{"message":"payment went through (transaction_id: e4d03269-f7c6-4913-a8bc-2efee292b439)","severity":"info","timestamp":"2026-03-25T12:07:32.568153487Z"}
{"message":"order confirmation email sent to \"snowsusan@example.com\"","severity":"info","timestamp":"2026-03-25T12:07:32.573683102Z"}
{"message":"[PlaceOrder] user_id=\"ecb080bf-5333-403f-9547-c8725d499228\" user_currency=\"TRY\"","severity":"info","timestamp":"2026-03-25T12:07:44.017081004Z"}
{"message":"payment went through (transaction_id: 551f396c-b536-44f9-bd68-4fb1e863ad40)","severity":"info","timestamp":"2026-03-25T12:07:44.064417671Z"}
{"message":"order confirmation email sent to \"qjones@example.com\"","severity":"info","timestamp":"2026-03-25T12:07:44.158433477Z"}
{"message":"[PlaceOrder] user_id=\"514e00c6-206e-4c6e-873f-852b796455de\" user_currency=\"GBP\"","severity":"info","timestamp":"2026-03-25T12:08:20.107966232Z"}
{"message":"payment went through (transaction_id: d7ea6442-b86e-4921-a177-313c829f8e61)","severity":"info","timestamp":"2026-03-25T12:08:20.13372348Z"}
{"message":"order confirmation email sent to \"mglass@example.net\"","severity":"info","timestamp":"2026-03-25T12:08:20.139114482Z"}
{"message":"[PlaceOrder] user_id=\"df4ce93a-5d92-40a8-93c2-540bf11bbb4d\" user_currency=\"TRY\"","severity":"info","timestamp":"2026-03-25T12:08:27.421225081Z"}
{"message":"payment went through (transaction_id: 561aca31-2a5f-4664-9d1a-fbad067de43d)","severity":"info","timestamp":"2026-03-25T12:08:27.495298279Z"}
{"message":"order confirmation email sent to \"angela26@example.com\"","severity":"info","timestamp":"2026-03-25T12:08:27.505179339Z"}
{"message":"[PlaceOrder] user_id=\"df4ce93a-5d92-40a8-93c2-540bf11bbb4d\" user_currency=\"TRY\"","severity":"info","timestamp":"2026-03-25T12:08:33.399730187Z"}
{"message":"payment went through (transaction_id: 4c5659d3-3434-4bf8-bea8-e596c8fcc4b6)","severity":"info","timestamp":"2026-03-25T12:08:33.409401396Z"}
{"message":"order confirmation email sent to \"robertclark@example.net\"","severity":"info","timestamp":"2026-03-25T12:08:33.414933757Z"}
{"message":"[PlaceOrder] user_id=\"513dd945-739c-4fe3-8e54-6e6927fbb733\" user_currency=\"USD\"","severity":"info","timestamp":"2026-03-25T12:08:53.545765408Z"}
{"message":"payment went through (transaction_id: 8e42b367-66dd-4cc7-a227-d8c0c6dba3ae)","severity":"info","timestamp":"2026-03-25T12:08:53.5561167Z"}
{"message":"order confirmation email sent to \"john28@example.com\"","severity":"info","timestamp":"2026-03-25T12:08:53.560475867Z"}
{"message":"[PlaceOrder] user_id=\"2d3bf3d7-22b5-49c9-8227-12126292f393\" user_currency=\"GBP\"","severity":"info","timestamp":"2026-03-25T12:08:57.129871199Z"}
{"message":"payment went through (transaction_id: bef45c85-4b53-481a-a92e-5f13b3cccdad)","severity":"info","timestamp":"2026-03-25T12:08:57.14139088Z"}
{"message":"order confirmation email sent to \"bakerlisa@example.org\"","severity":"info","timestamp":"2026-03-25T12:08:57.147216387Z"}
