{"http.req.id":"e3fddfd8-babd-4ef7-b498-4cfe4d82ff9c","http.req.method":"GET","http.req.path":"/product/2ZYFJ3GM2N","message":"request started","session":"513dd945-739c-4fe3-8e54-6e6927fbb733","severity":"debug","timestamp":"2026-03-25T11:53:14.937948641Z"}
{"currency":"GBP","http.req.id":"e3fddfd8-babd-4ef7-b498-4cfe4d82ff9c","http.req.method":"GET","http.req.path":"/product/2ZYFJ3GM2N","id":"2ZYFJ3GM2N","message":"serving product page","session":"513dd945-739c-4fe3-8e54-6e6927fbb733","severity":"debug","timestamp":"2026-03-25T11:53:14.93802828Z"}
{"http.req.id":"e3fddfd8-babd-4ef7-b498-4cfe4d82ff9c","http.req.method":"GET","http.req.path":"/product/2ZYFJ3GM2N","http.resp.bytes":8022,"http.resp.status":200,"http.resp.took_ms":15,"message":"request complete","session":"513dd945-739c-4fe3-8e54-6e6927fbb733","severity":"debug","timestamp":"2026-03-25T11:53:14.953272865Z"}
{"http.req.id":"e9280de7-4530-45e7-96d2-26f72297e0b9","http.req.method":"GET","http.req.path":"/product/66VCHSJNUP","message":"request started","session":"fcb2831f-0627-4791-ac1d-23821dc5b140","severity":"debug","timestamp":"2026-03-25T11:53:14.962645349Z"}
{"currency":"TRY","http.req.id":"e9280de7-4530-45e7-96d2-26f72297e0b9","http.req.method":"GET","http.req.path":"/product/66VCHSJNUP","id":"66VCHSJNUP","message":"serving product page","session":"fcb2831f-0627-4791-ac1d-23821dc5b140","severity":"debug","timestamp":"2026-03-25T11:53:14.962721252Z"}
{"http.req.id":"e9280de7-4530-45e7-96d2-26f72297e0b9","http.req.method":"GET","http.req.path":"/product/66VCHSJNUP","http.resp.bytes":7983,"http.resp.status":200,"http.resp.took_ms":87,"message":"request complete","session":"fcb2831f-0627-4791-ac1d-23821dc5b140","severity":"debug","timestamp":"2026-03-25T11:53:15.050166663Z"}
{"http.req.id":"d9f2315d-9b2d-4be2-8681-ed23d1ed28fc","http.req.method":"POST","http.req.path":"/cart","message":"request started","session":"fcb2831f-0627-4791-ac1d-23821dc5b140","severity":"debug","timestamp":"2026-03-25T11:53:15.05154216Z"}
{"http.req.id":"d9f2315d-9b2d-4be2-8681-ed23d1ed28fc","http.req.method":"POST","http.req.path":"/cart","message":"adding to cart","product":"66VCHSJNUP","quantity":9,"session":"fcb2831f-0627-4791-ac1d-23821dc5b140","severity":"debug","timestamp":"2026-03-25T11:53:15.051712243Z"}
{"http.req.id":"d9f2315d-9b2d-4be2-8681-ed23d1ed28fc","http.req.method":"POST","http.req.path":"/cart","http.resp.bytes":0,"http.resp.status":302,"http.resp.took_ms":3,"message":"request complete","session":"fcb2831f-0627-4791-ac1d-23821dc5b140","severity":"debug","timestamp":"2026-03-25T11:53:15.055233704Z"}
{"http.req.id":"06618486-9e72-44f8-ab77-cffbb12c012b","http.req.method":"GET","http.req.path":"/cart","message":"request started","session":"fcb2831f-0627-4791-ac1d-23821dc5b140","severity":"debug","timestamp":"2026-03-25T11:53:15.056415304Z"}
{"http.req.id":"06618486-9e72-44f8-ab77-cffbb12c012b","http.req.method":"GET","http.req.path":"/cart","message":"view user cart","session":"fcb2831f-0627-4791-ac1d-23821dc5b140","severity":"debug","timestamp":"2026-03-25T11:53:15.056493874Z"}
{"http.req.id":"06618486-9e72-44f8-ab77-cffbb12c012b","http.req.method":"GET","http.req.path":"/cart","http.resp.bytes":22121,"http.resp.status":200,"http.resp.took_ms":23,"message":"request complete","session":"fcb2831f-0627-4791-ac1d-23821dc5b140","severity":"debug","timestamp":"2026-03-25T11:53:15.08016742Z"}
{"http.req.id":"79ec0d00-059f-4b18-a940-2d51db5f7a8a","http.req.method":"POST","http.req.path":"/setCurrency","message":"request started","session":"a38c2610-1665-4c93-8051-4c451f5de325","severity":"debug","timestamp":"2026-03-25T11:53:15.504940471Z"}
{"curr.new":"EUR","curr.old":"JPY","http.req.id":"79ec0d00-059f-4b18-a940-2d51db5f7a8a","http.req.method":"POST","http.req.path":"/setCurrency","message":"setting currency","session":"a38c2610-1665-4c93-8051-4c451f5de325","severity":"debug","timestamp":"2026-03-25T11:53:15.505093874Z"}
{"http.req.id":"79ec0d00-059f-4b18-a940-2d51db5f7a8a","http.req.method":"POST","http.req.path":"/setCurrency","http.resp.bytes":0,"http.resp.status":302,"http.resp.took_ms":0,"message":"request complete","session":"a38c2610-1665-4c93-8051-4c451f5de325","severity":"debug","timestamp":"2026-03-25T11:53:15.505129046Z"}
{"http.req.id":"ff76e1df-5358-45c8-be7a-fa9cd7cebef8","http.req.method":"GET","http.req.path":"/","message":"request started","session":"a38c2610-1665-4c93-8051-4c451f5de325","severity":"debug","timestamp":"2026-03-25T11:53:15.506187216Z"}
{"currency":"EUR","http.req.id":"ff76e1df-5358-45c8-be7a-fa9cd7cebef8","http.req.method":"GET","http.req.path":"/","message":"home","session":"a38c2610-1665-4c93-8051-4c451f5de325","severity":"info","timestamp":"2026-03-25T11:53:15.506295787Z"}
env platform is either empty or invalid
{"http.req.id":"ff76e1df-5358-45c8-be7a-fa9cd7cebef8","http.req.method":"GET","http.req.path":"/","message":"ENV_PLATFORM is: local","session":"a38c2610-1665-4c93-8051-4c451f5de325","severity":"debug","timestamp":"2026-03-25T11:53:15.532200537Z"}
{"http.req.id":"ff76e1df-5358-45c8-be7a-fa9cd7cebef8","http.req.method":"GET","http.req.path":"/","http.resp.bytes":10402,"http.resp.status":200,"http.resp.took_ms":29,"message":"request complete","session":"a38c2610-1665-4c93-8051-4c451f5de325","severity":"debug","timestamp":"2026-03-25T11:53:15.535584118Z"}
{"http.req.id":"2605e273-dbd3-4e12-a039-42942b3759be","http.req.method":"GET","http.req.path":"/_healthz","message":"request started","session":"x-readiness-probe","severity":"debug","timestamp":"2026-03-25T11:53:15.56421431Z"}
{"http.req.id":"2605e273-dbd3-4e12-a039-42942b3759be","http.req.method":"GET","http.req.path":"/_healthz","http.resp.bytes":2,"http.resp.status":200,"http.resp.took_ms":0,"message":"request complete","session":"x-readiness-probe","severity":"debug","timestamp":"2026-03-25T11:53:15.564312506Z"}
{"http.req.id":"43f5b8d9-542a-439b-ad74-260c80708124","http.req.method":"GET","http.req.path":"/cart","message":"request started","session":"827eab86-1aba-4a15-8740-5fee5900d10f","severity":"debug","timestamp":"2026-03-25T11:53:15.8951251Z"}
{"http.req.id":"43f5b8d9-542a-439b-ad74-260c80708124","http.req.method":"GET","http.req.path":"/cart","message":"view user cart","session":"827eab86-1aba-4a15-8740-5fee5900d10f","severity":"debug","timestamp":"2026-03-25T11:53:15.895198942Z"}
{"http.req.id":"43f5b8d9-542a-439b-ad74-260c80708124","http.req.method":"GET","http.req.path":"/cart","http.resp.bytes":19257,"http.resp.status":200,"http.resp.took_ms":20,"message":"request complete","session":"827eab86-1aba-4a15-8740-5fee5900d10f","severity":"debug","timestamp":"2026-03-25T11:53:15.91563768Z"}
{"http.req.id":"e6512f30-c630-4b73-9c68-03840b26bd71","http.req.method":"GET","http.req.path":"/product/L9ECAV7KIM","message":"request started","session":"694745d8-a179-4c65-83d6-9ed873a7b94b","severity":"debug","timestamp":"2026-03-25T11:53:19.408671344Z"}
{"currency":"JPY","http.req.id":"e6512f30-c630-4b73-9c68-03840b26bd71","http.req.method":"GET","http.req.path":"/product/L9ECAV7KIM","id":"L9ECAV7KIM","message":"serving product page","session":"694745d8-a179-4c65-83d6-9ed873a7b94b","severity":"debug","timestamp":"2026-03-25T11:53:19.408755927Z"}
{"http.req.id":"e6512f30-c630-4b73-9c68-03840b26bd71","http.req.method":"GET","http.req.path":"/product/L9ECAV7KIM","http.resp.bytes":7969,"http.resp.status":200,"http.resp.took_ms":32,"message":"request complete","session":"694745d8-a179-4c65-83d6-9ed873a7b94b","severity":"debug","timestamp":"2026-03-25T11:53:19.441137068Z"}
{"http.req.id":"dbcedb94-3f8d-4311-a7e3-351197889ed8","http.req.method":"POST","http.req.path":"/cart","message":"request started","session":"694745d8-a179-4c65-83d6-9ed873a7b94b","severity":"debug","timestamp":"2026-03-25T11:53:19.442223042Z"}
{"http.req.id":"dbcedb94-3f8d-4311-a7e3-351197889ed8","http.req.method":"POST","http.req.path":"/cart","message":"adding to cart","product":"L9ECAV7KIM","quantity":8,"session":"694745d8-a179-4c65-83d6-9ed873a7b94b","severity":"debug","timestamp":"2026-03-25T11:53:19.442430847Z"}
{"http.req.id":"dbcedb94-3f8d-4311-a7e3-351197889ed8","http.req.method":"POST","http.req.path":"/cart","http.resp.bytes":0,"http.resp.status":302,"http.resp.took_ms":3,"message":"request complete","session":"694745d8-a179-4c65-83d6-9ed873a7b94b","severity":"debug","timestamp":"2026-03-25T11:53:19.446086083Z"}
{"http.req.id":"bc9aeaf5-d7e3-4897-922d-5322c1014540","http.req.method":"GET","http.req.path":"/cart","message":"request started","session":"694745d8-a179-4c65-83d6-9ed873a7b94b","severity":"debug","timestamp":"2026-03-25T11:53:19.447175675Z"}
{"http.req.id":"bc9aeaf5-d7e3-4897-922d-5322c1014540","http.req.method":"GET","http.req.path":"/cart","message":"view user cart","session":"694745d8-a179-4c65-83d6-9ed873a7b94b","severity":"debug","timestamp":"2026-03-25T11:53:19.447247478Z"}
{"http.req.id":"bc9aeaf5-d7e3-4897-922d-5322c1014540","http.req.method":"GET","http.req.path":"/cart","http.resp.bytes":19271,"http.resp.status":200,"http.resp.took_ms":50,"message":"request complete","session":"694745d8-a179-4c65-83d6-9ed873a7b94b","severity":"debug","timestamp":"2026-03-25T11:53:19.497704102Z"}
{"http.req.id":"f2454947-21d4-4807-aa6e-9d85e0462171","http.req.method":"GET","http.req.path":"/product/1YMWWN1N4O","message":"request started","session":"df4ce93a-5d92-40a8-93c2-540bf11bbb4d","severity":"debug","timestamp":"2026-03-25T11:53:20.560246476Z"}
{"currency":"USD","http.req.id":"f2454947-21d4-4807-aa6e-9d85e0462171","http.req.method":"GET","http.req.path":"/product/1YMWWN1N4O","id":"1YMWWN1N4O","message":"serving product page","session":"df4ce93a-5d92-40a8-93c2-540bf11bbb4d","severity":"debug","timestamp":"2026-03-25T11:53:20.560337703Z"}
{"http.req.id":"f2454947-21d4-4807-aa6e-9d85e0462171","http.req.method":"GET","http.req.path":"/product/1YMWWN1N4O","http.resp.bytes":7977,"http.resp.status":200,"http.resp.took_ms":19,"message":"request complete","session":"df4ce93a-5d92-40a8-93c2-540bf11bbb4d","severity":"debug","timestamp":"2026-03-25T11:53:20.579791517Z"}
{"http.req.id":"3115f079-dd1c-4a8b-bdc4-f7f6714e8703","http.req.method":"POST","http.req.path":"/cart","message":"request started","session":"df4ce93a-5d92-40a8-93c2-540bf11bbb4d","severity":"debug","timestamp":"2026-03-25T11:53:20.581249882Z"}
{"http.req.id":"3115f079-dd1c-4a8b-bdc4-f7f6714e8703","http.req.method":"POST","http.req.path":"/cart","message":"adding to cart","product":"1YMWWN1N4O","quantity":6,"session":"df4ce93a-5d92-40a8-93c2-540bf11bbb4d","severity":"debug","timestamp":"2026-03-25T11:53:20.581383776Z"}
{"http.req.id":"3115f079-dd1c-4a8b-bdc4-f7f6714e8703","http.req.method":"POST","http.req.path":"/cart","http.resp.bytes":0,"http.resp.status":302,"http.resp.took_ms":4,"message":"request complete","session":"df4ce93a-5d92-40a8-93c2-540bf11bbb4d","severity":"debug","timestamp":"2026-03-25T11:53:20.585366577Z"}
{"http.req.id":"66276953-091e-4c60-8a13-2d0c2bfe35d3","http.req.method":"GET","http.req.path":"/cart","message":"request started","session":"df4ce93a-5d92-40a8-93c2-540bf11bbb4d","severity":"debug","timestamp":"2026-03-25T11:53:20.589704498Z"}
{"http.req.id":"66276953-091e-4c60-8a13-2d0c2bfe35d3","http.req.method":"GET","http.req.path":"/cart","message":"view user cart","session":"df4ce93a-5d92-40a8-93c2-540bf11bbb4d","severity":"debug","timestamp":"2026-03-25T11:53:20.590185417Z"}
{"http.req.id":"66276953-091e-4c60-8a13-2d0c2bfe35d3","http.req.method":"GET","http.req.path":"/cart","http.resp.bytes":19251,"http.resp.status":200,"http.resp.took_ms":102,"message":"request complete","session":"df4ce93a-5d92-40a8-93c2-540bf11bbb4d","severity":"debug","timestamp":"2026-03-25T11:53:20.69250978Z"}
{"http.req.id":"de5264ff-1aa0-4360-a385-3f6a7671e931","http.req.method":"POST","http.req.path":"/cart/checkout","message":"request started","session":"df4ce93a-5d92-40a8-93c2-540bf11bbb4d","severity":"debug","timestamp":"2026-03-25T11:53:20.695805496Z"}
{"http.req.id":"de5264ff-1aa0-4360-a385-3f6a7671e931","http.req.method":"POST","http.req.path":"/cart/checkout","message":"placing order","session":"df4ce93a-5d92-40a8-93c2-540bf11bbb4d","severity":"debug","timestamp":"2026-03-25T11:53:20.695901403Z"}
{"http.req.id":"de5264ff-1aa0-4360-a385-3f6a7671e931","http.req.method":"POST","http.req.path":"/cart/checkout","message":"order placed","order":"384101dd-2841-11f1-a4a0-927ce8a683d8","session":"df4ce93a-5d92-40a8-93c2-540bf11bbb4d","severity":"info","timestamp":"2026-03-25T11:53:20.719625764Z"}
{"http.req.id":"de5264ff-1aa0-4360-a385-3f6a7671e931","http.req.method":"POST","http.req.path":"/cart/checkout","http.resp.bytes":6773,"http.resp.status":200,"http.resp.took_ms":34,"message":"request complete","session":"df4ce93a-5d92-40a8-93c2-540bf11bbb4d","severity":"debug","timestamp":"2026-03-25T11:53:20.730057479Z"}
{"http.req.id":"b01d7cd3-57a5-4d0e-8ea8-34a74892e86b","http.req.method":"GET","http.req.path":"/product/9SIQT8TOJO","message":"request started","session":"ecb080bf-5333-403f-9547-c8725d499228","severity":"debug","timestamp":"2026-03-25T11:53:20.834771723Z"}
{"currency":"JPY","http.req.id":"b01d7cd3-57a5-4d0e-8ea8-34a74892e86b","http.req.method":"GET","http.req.path":"/product/9SIQT8TOJO","id":"9SIQT8TOJO","message":"serving product page","session":"ecb080bf-5333-403f-9547-c8725d499228","severity":"debug","timestamp":"2026-03-25T11:53:20.834876025Z"}
{"http.req.id":"b01d7cd3-57a5-4d0e-8ea8-34a74892e86b","http.req.method":"GET","http.req.path":"/product/9SIQT8TOJO","http.resp.bytes":8046,"http.resp.status":200,"http.resp.took_ms":15,"message":"request complete","session":"ecb080bf-5333-403f-9547-c8725d499228","severity":"debug","timestamp":"2026-03-25T11:53:20.850698595Z"}
{"http.req.id":"0fd725b7-7b2a-46db-81cc-4efbca297be8","http.req.method":"GET","http.req.path":"/product/6E92ZMYYFZ","message":"request started","session":"514e00c6-206e-4c6e-873f-852b796455de","severity":"debug","timestamp":"2026-03-25T11:53:21.51864554Z"}
{"currency":"GBP","http.req.id":"0fd725b7-7b2a-46db-81cc-4efbca297be8","http.req.method":"GET","http.req.path":"/product/6E92ZMYYFZ","id":"6E92ZMYYFZ","message":"serving product page","session":"514e00c6-206e-4c6e-873f-852b796455de","severity":"debug","timestamp":"2026-03-25T11:53:21.518736487Z"}
{"http.req.id":"0fd725b7-7b2a-46db-81cc-4efbca297be8","http.req.method":"GET","http.req.path":"/product/6E92ZMYYFZ","http.resp.bytes":7979,"http.resp.status":200,"http.resp.took_ms":18,"message":"request complete","session":"514e00c6-206e-4c6e-873f-852b796455de","severity":"debug","timestamp":"2026-03-25T11:53:21.537626902Z"}
{"http.req.id":"ad911f39-3df4-48db-9841-46a984e24d0e","http.req.method":"GET","http.req.path":"/product/6E92ZMYYFZ","message":"request started","session":"513dd945-739c-4fe3-8e54-6e6927fbb733","severity":"debug","timestamp":"2026-03-25T11:53:22.057518225Z"}
{"currency":"GBP","http.req.id":"ad911f39-3df4-48db-9841-46a984e24d0e","http.req.method":"GET","http.req.path":"/product/6E92ZMYYFZ","id":"6E92ZMYYFZ","message":"serving product page","session":"513dd945-739c-4fe3-8e54-6e6927fbb733","severity":"debug","timestamp":"2026-03-25T11:53:22.057626064Z"}
{"http.req.id":"ad911f39-3df4-48db-9841-46a984e24d0e","http.req.method":"GET","http.req.path":"/product/6E92ZMYYFZ","http.resp.bytes":7959,"http.resp.status":200,"http.resp.took_ms":60,"message":"request complete","session":"513dd945-739c-4fe3-8e54-6e6927fbb733","severity":"debug","timestamp":"2026-03-25T11:53:22.117960147Z"}
{"http.req.id":"64b90b6c-9c63-4a86-bca1-f8b54e75bf80","http.req.method":"POST","http.req.path":"/cart","message":"request started","session":"513dd945-739c-4fe3-8e54-6e6927fbb733","severity":"debug","timestamp":"2026-03-25T11:53:22.119367776Z"}
{"http.req.id":"64b90b6c-9c63-4a86-bca1-f8b54e75bf80","http.req.method":"POST","http.req.path":"/cart","message":"adding to cart","product":"6E92ZMYYFZ","quantity":5,"session":"513dd945-739c-4fe3-8e54-6e6927fbb733","severity":"debug","timestamp":"2026-03-25T11:53:22.119561986Z"}
{"http.req.id":"64b90b6c-9c63-4a86-bca1-f8b54e75bf80","http.req.method":"POST","http.req.path":"/cart","http.resp.bytes":0,"http.resp.status":302,"http.resp.took_ms":4,"message":"request complete","session":"513dd945-739c-4fe3-8e54-6e6927fbb733","severity":"debug","timestamp":"2026-03-25T11:53:22.123738812Z"}
{"http.req.id":"4b716de1-a853-4f37-9ca3-85d4b7f52c4f","http.req.method":"GET","http.req.path":"/cart","message":"request started","session":"513dd945-739c-4fe3-8e54-6e6927fbb733","severity":"debug","timestamp":"2026-03-25T11:53:22.124912585Z"}
{"http.req.id":"4b716de1-a853-4f37-9ca3-85d4b7f52c4f","http.req.method":"GET","http.req.path":"/cart","message":"view user cart","session":"513dd945-739c-4fe3-8e54-6e6927fbb733","severity":"debug","timestamp":"2026-03-25T11:53:22.124989753Z"}
{"http.req.id":"2aa86038-f363-44a4-a876-5db1996312fd","http.req.method":"GET","http.req.path":"/product/6E92ZMYYFZ","message":"request started","session":"2d3bf3d7-22b5-49c9-8227-12126292f393","severity":"debug","timestamp":"2026-03-25T11:53:22.189624979Z"}
{"currency":"CAD","http.req.id":"2aa86038-f363-44a4-a876-5db1996312fd","http.req.method":"GET","http.req.path":"/product/6E92ZMYYFZ","id":"6E92ZMYYFZ","message":"serving product page","session":"2d3bf3d7-22b5-49c9-8227-12126292f393","severity":"debug","timestamp":"2026-03-25T11:53:22.189727048Z"}
{"http.req.id":"4b716de1-a853-4f37-9ca3-85d4b7f52c4f","http.req.method":"GET","http.req.path":"/cart","http.resp.bytes":19267,"http.resp.status":200,"http.resp.took_ms":79,"message":"request complete","session":"513dd945-739c-4fe3-8e54-6e6927fbb733","severity":"debug","timestamp":"2026-03-25T11:53:22.204251027Z"}
{"http.req.id":"849713fd-2410-4671-8039-7441dc85a596","http.req.method":"POST","http.req.path":"/cart/checkout","message":"request started","session":"513dd945-739c-4fe3-8e54-6e6927fbb733","severity":"debug","timestamp":"2026-03-25T11:53:22.207940173Z"}
{"http.req.id":"849713fd-2410-4671-8039-7441dc85a596","http.req.method":"POST","http.req.path":"/cart/checkout","message":"placing order","session":"513dd945-739c-4fe3-8e54-6e6927fbb733","severity":"debug","timestamp":"2026-03-25T11:53:22.208055309Z"}
{"http.req.id":"2aa86038-f363-44a4-a876-5db1996312fd","http.req.method":"GET","http.req.path":"/product/6E92ZMYYFZ","http.resp.bytes":7998,"http.resp.status":200,"http.resp.took_ms":288,"message":"request complete","session":"2d3bf3d7-22b5-49c9-8227-12126292f393","severity":"debug","timestamp":"2026-03-25T11:53:22.477920228Z"}
{"http.req.id":"849713fd-2410-4671-8039-7441dc85a596","http.req.method":"POST","http.req.path":"/cart/checkout","message":"order placed","order":"39511208-2841-11f1-a4a0-927ce8a683d8","session":"513dd945-739c-4fe3-8e54-6e6927fbb733","severity":"info","timestamp":"2026-03-25T11:53:22.509462044Z"}
{"http.req.id":"849713fd-2410-4671-8039-7441dc85a596","http.req.method":"POST","http.req.path":"/cart/checkout","http.resp.bytes":6736,"http.resp.status":200,"http.resp.took_ms":311,"message":"request complete","session":"513dd945-739c-4fe3-8e54-6e6927fbb733","severity":"debug","timestamp":"2026-03-25T11:53:22.519558834Z"}
{"http.req.id":"122fa85c-9f05-4b98-98aa-96846fcb7d52","http.req.method":"GET","http.req.path":"/_healthz","message":"request started","session":"x-liveness-probe","severity":"debug","timestamp":"2026-03-25T11:53:22.989865577Z"}
{"http.req.id":"122fa85c-9f05-4b98-98aa-96846fcb7d52","http.req.method":"GET","http.req.path":"/_healthz","http.resp.bytes":2,"http.resp.status":200,"http.resp.took_ms":0,"message":"request complete","session":"x-liveness-probe","severity":"debug","timestamp":"2026-03-25T11:53:22.989964134Z"}
{"http.req.id":"28226260-cd78-4dde-8dba-37c70ebb8c41","http.req.method":"GET","http.req.path":"/product/L9ECAV7KIM","message":"request started","session":"df4ce93a-5d92-40a8-93c2-540bf11bbb4d","severity":"debug","timestamp":"2026-03-25T11:53:23.118522353Z"}
{"currency":"USD","http.req.id":"28226260-cd78-4dde-8dba-37c70ebb8c41","http.req.method":"GET","http.req.path":"/product/L9ECAV7KIM","id":"L9ECAV7KIM","message":"serving product page","session":"df4ce93a-5d92-40a8-93c2-540bf11bbb4d","severity":"debug","timestamp":"2026-03-25T11:53:23.118611113Z"}
{"http.req.id":"28226260-cd78-4dde-8dba-37c70ebb8c41","http.req.method":"GET","http.req.path":"/product/L9ECAV7KIM","http.resp.bytes":7890,"http.resp.status":200,"http.resp.took_ms":19,"message":"request complete","session":"df4ce93a-5d92-40a8-93c2-540bf11bbb4d","severity":"debug","timestamp":"2026-03-25T11:53:23.137652168Z"}
{"http.req.id":"9cda28ba-da40-48d1-a1ad-a9512c69f2f4","http.req.method":"GET","http.req.path":"/product/66VCHSJNUP","message":"request started","session":"32217267-98ca-4d66-9fc8-3f088b8def0f","severity":"debug","timestamp":"2026-03-25T11:53:23.501496147Z"}
{"currency":"USD","http.req.id":"9cda28ba-da40-48d1-a1ad-a9512c69f2f4","http.req.method":"GET","http.req.path":"/product/66VCHSJNUP","id":"66VCHSJNUP","message":"serving product page","session":"32217267-98ca-4d66-9fc8-3f088b8def0f","severity":"debug","timestamp":"2026-03-25T11:53:23.501590508Z"}
{"http.req.id":"9cda28ba-da40-48d1-a1ad-a9512c69f2f4","http.req.method":"GET","http.req.path":"/product/66VCHSJNUP","http.resp.bytes":7991,"http.resp.status":200,"http.resp.took_ms":20,"message":"request complete","session":"32217267-98ca-4d66-9fc8-3f088b8def0f","severity":"debug","timestamp":"2026-03-25T11:53:23.521608253Z"}
{"http.req.id":"d79d2e91-acc7-43a3-9437-5ab37970367f","http.req.method":"POST","http.req.path":"/cart","message":"request started","session":"32217267-98ca-4d66-9fc8-3f088b8def0f","severity":"debug","timestamp":"2026-03-25T11:53:23.522533235Z"}
{"http.req.id":"d79d2e91-acc7-43a3-9437-5ab37970367f","http.req.method":"POST","http.req.path":"/cart","message":"adding to cart","product":"66VCHSJNUP","quantity":6,"session":"32217267-98ca-4d66-9fc8-3f088b8def0f","severity":"debug","timestamp":"2026-03-25T11:53:23.52268424Z"}
{"http.req.id":"d79d2e91-acc7-43a3-9437-5ab37970367f","http.req.method":"POST","http.req.path":"/cart","http.resp.bytes":0,"http.resp.status":302,"http.resp.took_ms":4,"message":"request complete","session":"32217267-98ca-4d66-9fc8-3f088b8def0f","severity":"debug","timestamp":"2026-03-25T11:53:23.526800577Z"}
{"http.req.id":"5a03d914-97e9-4904-bc18-4fcb81e20be0","http.req.method":"GET","http.req.path":"/cart","message":"request started","session":"32217267-98ca-4d66-9fc8-3f088b8def0f","severity":"debug","timestamp":"2026-03-25T11:53:23.528255666Z"}
{"http.req.id":"5a03d914-97e9-4904-bc18-4fcb81e20be0","http.req.method":"GET","http.req.path":"/cart","message":"view user cart","session":"32217267-98ca-4d66-9fc8-3f088b8def0f","severity":"debug","timestamp":"2026-03-25T11:53:23.528333607Z"}
{"http.req.id":"944ed61b-c5f2-4113-81dc-3d00e1e5174e","http.req.method":"POST","http.req.path":"/setCurrency","message":"request started","session":"513dd945-739c-4fe3-8e54-6e6927fbb733","severity":"debug","timestamp":"2026-03-25T11:53:23.57800934Z"}
{"curr.new":"CAD","curr.old":"GBP","http.req.id":"944ed61b-c5f2-4113-81dc-3d00e1e5174e","http.req.method":"POST","http.req.path":"/setCurrency","message":"setting currency","session":"513dd945-739c-4fe3-8e54-6e6927fbb733","severity":"debug","timestamp":"2026-03-25T11:53:23.578162467Z"}
{"http.req.id":"944ed61b-c5f2-4113-81dc-3d00e1e5174e","http.req.method":"POST","http.req.path":"/setCurrency","http.resp.bytes":0,"http.resp.status":302,"http.resp.took_ms":0,"message":"request complete","session":"513dd945-739c-4fe3-8e54-6e6927fbb733","severity":"debug","timestamp":"2026-03-25T11:53:23.578199665Z"}
{"http.req.id":"5a03d914-97e9-4904-bc18-4fcb81e20be0","http.req.method":"GET","http.req.path":"/cart","http.resp.bytes":17794,"http.resp.status":200,"http.resp.took_ms":50,"message":"request complete","session":"32217267-98ca-4d66-9fc8-3f088b8def0f","severity":"debug","timestamp":"2026-03-25T11:53:23.578887127Z"}
{"http.req.id":"bc1b38ab-47db-4bac-846b-aa815ba9a8e6","http.req.method":"GET","http.req.path":"/","message":"request started","session":"513dd945-739c-4fe3-8e54-6e6927fbb733","severity":"debug","timestamp":"2026-03-25T11:53:23.579703505Z"}
{"currency":"CAD","http.req.id":"bc1b38ab-47db-4bac-846b-aa815ba9a8e6","http.req.method":"GET","http.req.path":"/","message":"home","session":"513dd945-739c-4fe3-8e54-6e6927fbb733","severity":"info","timestamp":"2026-03-25T11:53:23.579795426Z"}
{"http.req.id":"ccccb6d3-41cd-45a6-835a-1530dedf1622","http.req.method":"GET","http.req.path":"/product/OLJCESPC7Z","message":"request started","session":"514e00c6-206e-4c6e-873f-852b796455de","severity":"debug","timestamp":"2026-03-25T11:53:23.672465127Z"}
{"currency":"GBP","http.req.id":"ccccb6d3-41cd-45a6-835a-1530dedf1622","http.req.method":"GET","http.req.path":"/product/OLJCESPC7Z","id":"OLJCESPC7Z","message":"serving product page","session":"514e00c6-206e-4c6e-873f-852b796455de","severity":"debug","timestamp":"2026-03-25T11:53:23.672551133Z"}
env platform is either empty or invalid
{"http.req.id":"ccccb6d3-41cd-45a6-835a-1530dedf1622","http.req.method":"GET","http.req.path":"/product/OLJCESPC7Z","http.resp.bytes":8019,"http.resp.status":200,"http.resp.took_ms":22,"message":"request complete","session":"514e00c6-206e-4c6e-873f-852b796455de","severity":"debug","timestamp":"2026-03-25T11:53:23.69535839Z"}
{"http.req.id":"038e869f-690b-41c7-ae54-4dfcf476a73c","http.req.method":"POST","http.req.path":"/cart","message":"request started","session":"514e00c6-206e-4c6e-873f-852b796455de","severity":"debug","timestamp":"2026-03-25T11:53:23.697581645Z"}
{"http.req.id":"038e869f-690b-41c7-ae54-4dfcf476a73c","http.req.method":"POST","http.req.path":"/cart","message":"adding to cart","product":"OLJCESPC7Z","quantity":9,"session":"514e00c6-206e-4c6e-873f-852b796455de","severity":"debug","timestamp":"2026-03-25T11:53:23.697745375Z"}
{"http.req.id":"038e869f-690b-41c7-ae54-4dfcf476a73c","http.req.method":"POST","http.req.path":"/cart","http.resp.bytes":0,"http.resp.status":302,"http.resp.took_ms":3,"message":"request complete","session":"514e00c6-206e-4c6e-873f-852b796455de","severity":"debug","timestamp":"2026-03-25T11:53:23.701077546Z"}
{"http.req.id":"c1acbabb-5ca4-4b16-a5ad-13c20b065755","http.req.method":"GET","http.req.path":"/cart","message":"request started","session":"514e00c6-206e-4c6e-873f-852b796455de","severity":"debug","timestamp":"2026-03-25T11:53:23.702551575Z"}
{"http.req.id":"c1acbabb-5ca4-4b16-a5ad-13c20b065755","http.req.method":"GET","http.req.path":"/cart","message":"view user cart","session":"514e00c6-206e-4c6e-873f-852b796455de","severity":"debug","timestamp":"2026-03-25T11:53:23.702630127Z"}
{"http.req.id":"bc1b38ab-47db-4bac-846b-aa815ba9a8e6","http.req.method":"GET","http.req.path":"/","message":"ENV_PLATFORM is: local","session":"513dd945-739c-4fe3-8e54-6e6927fbb733","severity":"debug","timestamp":"2026-03-25T11:53:23.710430646Z"}
{"http.req.id":"bc1b38ab-47db-4bac-846b-aa815ba9a8e6","http.req.method":"GET","http.req.path":"/","http.resp.bytes":10385,"http.resp.status":200,"http.resp.took_ms":133,"message":"request complete","session":"513dd945-739c-4fe3-8e54-6e6927fbb733","severity":"debug","timestamp":"2026-03-25T11:53:23.713231805Z"}
{"http.req.id":"c1acbabb-5ca4-4b16-a5ad-13c20b065755","http.req.method":"GET","http.req.path":"/cart","http.resp.bytes":20688,"http.resp.status":200,"http.resp.took_ms":84,"message":"request complete","session":"514e00c6-206e-4c6e-873f-852b796455de","severity":"debug","timestamp":"2026-03-25T11:53:23.787304865Z"}
