{"http.req.id":"5dc3a6ed-fa36-4acf-b079-945631897c67","http.req.method":"GET","http.req.path":"/product/LS4PSXUNUM","http.resp.bytes":7977,"http.resp.status":200,"http.resp.took_ms":17,"message":"request complete","session":"2d3bf3d7-22b5-49c9-8227-12126292f393","severity":"debug","timestamp":"2026-03-25T11:52:48.263295414Z"}
{"http.req.id":"af6bdf7d-9ee7-475d-a8ba-951d7a813e9e","http.req.method":"GET","http.req.path":"/product/1YMWWN1N4O","message":"request started","session":"32217267-98ca-4d66-9fc8-3f088b8def0f","severity":"debug","timestamp":"2026-03-25T11:52:48.503015368Z"}
{"currency":"USD","http.req.id":"af6bdf7d-9ee7-475d-a8ba-951d7a813e9e","http.req.method":"GET","http.req.path":"/product/1YMWWN1N4O","id":"1YMWWN1N4O","message":"serving product page","session":"32217267-98ca-4d66-9fc8-3f088b8def0f","severity":"debug","timestamp":"2026-03-25T11:52:48.503556696Z"}
{"http.req.id":"af6bdf7d-9ee7-475d-a8ba-951d7a813e9e","http.req.method":"GET","http.req.path":"/product/1YMWWN1N4O","http.resp.bytes":8019,"http.resp.status":200,"http.resp.took_ms":17,"message":"request complete","session":"32217267-98ca-4d66-9fc8-3f088b8def0f","severity":"debug","timestamp":"2026-03-25T11:52:48.520946189Z"}
{"http.req.id":"04f62ba8-da11-4de3-a74d-dbe73c9d8e5f","http.req.method":"POST","http.req.path":"/setCurrency","message":"request started","session":"514e00c6-206e-4c6e-873f-852b796455de","severity":"debug","timestamp":"2026-03-25T11:52:50.038143784Z"}
{"curr.new":"GBP","curr.old":"JPY","http.req.id":"04f62ba8-da11-4de3-a74d-dbe73c9d8e5f","http.req.method":"POST","http.req.path":"/setCurrency","message":"setting currency","session":"514e00c6-206e-4c6e-873f-852b796455de","severity":"debug","timestamp":"2026-03-25T11:52:50.038295013Z"}
{"http.req.id":"04f62ba8-da11-4de3-a74d-dbe73c9d8e5f","http.req.method":"POST","http.req.path":"/setCurrency","http.resp.bytes":0,"http.resp.status":302,"http.resp.took_ms":0,"message":"request complete","session":"514e00c6-206e-4c6e-873f-852b796455de","severity":"debug","timestamp":"2026-03-25T11:52:50.038321947Z"}
{"http.req.id":"11228357-0d67-483a-bed7-8a7846cbe511","http.req.method":"GET","http.req.path":"/","message":"request started","session":"514e00c6-206e-4c6e-873f-852b796455de","severity":"debug","timestamp":"2026-03-25T11:52:50.039637737Z"}
{"currency":"GBP","http.req.id":"11228357-0d67-483a-bed7-8a7846cbe511","http.req.method":"GET","http.req.path":"/","message":"home","session":"514e00c6-206e-4c6e-873f-852b796455de","severity":"info","timestamp":"2026-03-25T11:52:50.039770251Z"}
env platform is either empty or invalid
{"http.req.id":"11228357-0d67-483a-bed7-8a7846cbe511","http.req.method":"GET","http.req.path":"/","message":"ENV_PLATFORM is: local","session":"514e00c6-206e-4c6e-873f-852b796455de","severity":"debug","timestamp":"2026-03-25T11:52:50.145084344Z"}
{"http.req.id":"11228357-0d67-483a-bed7-8a7846cbe511","http.req.method":"GET","http.req.path":"/","http.resp.bytes":10482,"http.resp.status":200,"http.resp.took_ms":109,"message":"request complete","session":"514e00c6-206e-4c6e-873f-852b796455de","severity":"debug","timestamp":"2026-03-25T11:52:50.148888737Z"}
{"http.req.id":"1ef2e297-60a0-45c7-924b-a001e74bb7a0","http.req.method":"GET","http.req.path":"/product/0PUK6V6EV0","message":"request started","session":"827eab86-1aba-4a15-8740-5fee5900d10f","severity":"debug","timestamp":"2026-03-25T11:52:50.482914648Z"}
{"currency":"EUR","http.req.id":"1ef2e297-60a0-45c7-924b-a001e74bb7a0","http.req.method":"GET","http.req.path":"/product/0PUK6V6EV0","id":"0PUK6V6EV0","message":"serving product page","session":"827eab86-1aba-4a15-8740-5fee5900d10f","severity":"debug","timestamp":"2026-03-25T11:52:50.483052283Z"}
{"http.req.id":"1ef2e297-60a0-45c7-924b-a001e74bb7a0","http.req.method":"GET","http.req.path":"/product/0PUK6V6EV0","http.resp.bytes":7983,"http.resp.status":200,"http.resp.took_ms":20,"message":"request complete","session":"827eab86-1aba-4a15-8740-5fee5900d10f","severity":"debug","timestamp":"2026-03-25T11:52:50.503662766Z"}
{"http.req.id":"7fb12059-02cb-466d-8f6a-5cd97365553f","http.req.method":"POST","http.req.path":"/cart","message":"request started","session":"827eab86-1aba-4a15-8740-5fee5900d10f","severity":"debug","timestamp":"2026-03-25T11:52:50.505037602Z"}
{"http.req.id":"7fb12059-02cb-466d-8f6a-5cd97365553f","http.req.method":"POST","http.req.path":"/cart","message":"adding to cart","product":"0PUK6V6EV0","quantity":1,"session":"827eab86-1aba-4a15-8740-5fee5900d10f","severity":"debug","timestamp":"2026-03-25T11:52:50.505233312Z"}
{"http.req.id":"7fb12059-02cb-466d-8f6a-5cd97365553f","http.req.method":"POST","http.req.path":"/cart","http.resp.bytes":0,"http.resp.status":302,"http.resp.took_ms":3,"message":"request complete","session":"827eab86-1aba-4a15-8740-5fee5900d10f","severity":"debug","timestamp":"2026-03-25T11:52:50.509024415Z"}
{"http.req.id":"e5176c5a-458e-4739-9cea-92ddda60c488","http.req.method":"GET","http.req.path":"/cart","message":"request started","session":"827eab86-1aba-4a15-8740-5fee5900d10f","severity":"debug","timestamp":"2026-03-25T11:52:50.510191466Z"}
{"http.req.id":"e5176c5a-458e-4739-9cea-92ddda60c488","http.req.method":"GET","http.req.path":"/cart","message":"view user cart","session":"827eab86-1aba-4a15-8740-5fee5900d10f","severity":"debug","timestamp":"2026-03-25T11:52:50.510298686Z"}
{"http.req.id":"e5176c5a-458e-4739-9cea-92ddda60c488","http.req.method":"GET","http.req.path":"/cart","http.resp.bytes":19235,"http.resp.status":200,"http.resp.took_ms":45,"message":"request complete","session":"827eab86-1aba-4a15-8740-5fee5900d10f","severity":"debug","timestamp":"2026-03-25T11:52:50.555965996Z"}
{"http.req.id":"39783623-5460-43c1-a002-a7d3dcfb7804","http.req.method":"POST","http.req.path":"/setCurrency","message":"request started","session":"2d3bf3d7-22b5-49c9-8227-12126292f393","severity":"debug","timestamp":"2026-03-25T11:52:50.919388783Z"}
{"curr.new":"CAD","curr.old":"GBP","http.req.id":"39783623-5460-43c1-a002-a7d3dcfb7804","http.req.method":"POST","http.req.path":"/setCurrency","message":"setting currency","session":"2d3bf3d7-22b5-49c9-8227-12126292f393","severity":"debug","timestamp":"2026-03-25T11:52:50.91963057Z"}
{"http.req.id":"39783623-5460-43c1-a002-a7d3dcfb7804","http.req.method":"POST","http.req.path":"/setCurrency","http.resp.bytes":0,"http.resp.status":302,"http.resp.took_ms":0,"message":"request complete","session":"2d3bf3d7-22b5-49c9-8227-12126292f393","severity":"debug","timestamp":"2026-03-25T11:52:50.919679333Z"}
{"http.req.id":"4bd96a20-08c9-4188-af9c-57cfd72e07de","http.req.method":"GET","http.req.path":"/","message":"request started","session":"2d3bf3d7-22b5-49c9-8227-12126292f393","severity":"debug","timestamp":"2026-03-25T11:52:50.921792754Z"}
{"currency":"CAD","http.req.id":"4bd96a20-08c9-4188-af9c-57cfd72e07de","http.req.method":"GET","http.req.path":"/","message":"home","session":"2d3bf3d7-22b5-49c9-8227-12126292f393","severity":"info","timestamp":"2026-03-25T11:52:50.92190258Z"}
env platform is either empty or invalid
{"http.req.id":"4bd96a20-08c9-4188-af9c-57cfd72e07de","http.req.method":"GET","http.req.path":"/","message":"ENV_PLATFORM is: local","session":"2d3bf3d7-22b5-49c9-8227-12126292f393","severity":"debug","timestamp":"2026-03-25T11:52:50.967804348Z"}
{"http.req.id":"4bd96a20-08c9-4188-af9c-57cfd72e07de","http.req.method":"GET","http.req.path":"/","http.resp.bytes":10475,"http.resp.status":200,"http.resp.took_ms":50,"message":"request complete","session":"2d3bf3d7-22b5-49c9-8227-12126292f393","severity":"debug","timestamp":"2026-03-25T11:52:50.972455581Z"}
{"http.req.id":"33b0a022-f762-4988-9f3e-5cd04e777ac9","http.req.method":"GET","http.req.path":"/product/66VCHSJNUP","message":"request started","session":"a38c2610-1665-4c93-8051-4c451f5de325","severity":"debug","timestamp":"2026-03-25T11:52:51.210137296Z"}
{"currency":"JPY","http.req.id":"33b0a022-f762-4988-9f3e-5cd04e777ac9","http.req.method":"GET","http.req.path":"/product/66VCHSJNUP","id":"66VCHSJNUP","message":"serving product page","session":"a38c2610-1665-4c93-8051-4c451f5de325","severity":"debug","timestamp":"2026-03-25T11:52:51.210234272Z"}
{"http.req.id":"33b0a022-f762-4988-9f3e-5cd04e777ac9","http.req.method":"GET","http.req.path":"/product/66VCHSJNUP","http.resp.bytes":7968,"http.resp.status":200,"http.resp.took_ms":16,"message":"request complete","session":"a38c2610-1665-4c93-8051-4c451f5de325","severity":"debug","timestamp":"2026-03-25T11:52:51.226781854Z"}
{"http.req.id":"f3a8bd09-9168-47b4-b16e-afc4909c2264","http.req.method":"GET","http.req.path":"/_healthz","message":"request started","session":"x-liveness-probe","severity":"debug","timestamp":"2026-03-25T11:52:51.356786406Z"}
{"http.req.id":"f3a8bd09-9168-47b4-b16e-afc4909c2264","http.req.method":"GET","http.req.path":"/_healthz","http.resp.bytes":2,"http.resp.status":200,"http.resp.took_ms":0,"message":"request complete","session":"x-liveness-probe","severity":"debug","timestamp":"2026-03-25T11:52:51.35694564Z"}
{"http.req.id":"fa8db9b6-ae0a-40e4-9306-48e868bf133a","http.req.method":"GET","http.req.path":"/product/66VCHSJNUP","message":"request started","session":"32217267-98ca-4d66-9fc8-3f088b8def0f","severity":"debug","timestamp":"2026-03-25T11:52:51.656762659Z"}
{"currency":"USD","http.req.id":"fa8db9b6-ae0a-40e4-9306-48e868bf133a","http.req.method":"GET","http.req.path":"/product/66VCHSJNUP","id":"66VCHSJNUP","message":"serving product page","session":"32217267-98ca-4d66-9fc8-3f088b8def0f","severity":"debug","timestamp":"2026-03-25T11:52:51.656876163Z"}
{"http.req.id":"fa8db9b6-ae0a-40e4-9306-48e868bf133a","http.req.method":"GET","http.req.path":"/product/66VCHSJNUP","http.resp.bytes":7981,"http.resp.status":200,"http.resp.took_ms":19,"message":"request complete","session":"32217267-98ca-4d66-9fc8-3f088b8def0f","severity":"debug","timestamp":"2026-03-25T11:52:51.676007413Z"}
{"http.req.id":"58a25067-9418-443d-b1b4-93b72eeff817","http.req.method":"GET","http.req.path":"/product/9SIQT8TOJO","message":"request started","session":"694745d8-a179-4c65-83d6-9ed873a7b94b","severity":"debug","timestamp":"2026-03-25T11:52:51.724402141Z"}
{"currency":"JPY","http.req.id":"58a25067-9418-443d-b1b4-93b72eeff817","http.req.method":"GET","http.req.path":"/product/9SIQT8TOJO","id":"9SIQT8TOJO","message":"serving product page","session":"694745d8-a179-4c65-83d6-9ed873a7b94b","severity":"debug","timestamp":"2026-03-25T11:52:51.72453124Z"}
{"http.req.id":"58a25067-9418-443d-b1b4-93b72eeff817","http.req.method":"GET","http.req.path":"/product/9SIQT8TOJO","http.resp.bytes":8041,"http.resp.status":200,"http.resp.took_ms":16,"message":"request complete","session":"694745d8-a179-4c65-83d6-9ed873a7b94b","severity":"debug","timestamp":"2026-03-25T11:52:51.741282913Z"}
{"http.req.id":"817cc53b-3ba8-42c3-a775-3fc34125a89d","http.req.method":"POST","http.req.path":"/cart","message":"request started","session":"694745d8-a179-4c65-83d6-9ed873a7b94b","severity":"debug","timestamp":"2026-03-25T11:52:51.742383438Z"}
{"http.req.id":"817cc53b-3ba8-42c3-a775-3fc34125a89d","http.req.method":"POST","http.req.path":"/cart","message":"adding to cart","product":"9SIQT8TOJO","quantity":2,"session":"694745d8-a179-4c65-83d6-9ed873a7b94b","severity":"debug","timestamp":"2026-03-25T11:52:51.742544663Z"}
{"http.req.id":"817cc53b-3ba8-42c3-a775-3fc34125a89d","http.req.method":"POST","http.req.path":"/cart","http.resp.bytes":0,"http.resp.status":302,"http.resp.took_ms":4,"message":"request complete","session":"694745d8-a179-4c65-83d6-9ed873a7b94b","severity":"debug","timestamp":"2026-03-25T11:52:51.746984932Z"}
{"http.req.id":"5e15cc7b-027f-47d7-8945-0a599d15822b","http.req.method":"GET","http.req.path":"/cart","message":"request started","session":"694745d8-a179-4c65-83d6-9ed873a7b94b","severity":"debug","timestamp":"2026-03-25T11:52:51.748037493Z"}
{"http.req.id":"5e15cc7b-027f-47d7-8945-0a599d15822b","http.req.method":"GET","http.req.path":"/cart","message":"view user cart","session":"694745d8-a179-4c65-83d6-9ed873a7b94b","severity":"debug","timestamp":"2026-03-25T11:52:51.748116509Z"}
{"http.req.id":"5e15cc7b-027f-47d7-8945-0a599d15822b","http.req.method":"GET","http.req.path":"/cart","http.resp.bytes":17848,"http.resp.status":200,"http.resp.took_ms":24,"message":"request complete","session":"694745d8-a179-4c65-83d6-9ed873a7b94b","severity":"debug","timestamp":"2026-03-25T11:52:51.773017705Z"}
{"http.req.id":"63f88c2d-dd6a-423d-8671-db2eb821a41c","http.req.method":"GET","http.req.path":"/product/66VCHSJNUP","message":"request started","session":"514e00c6-206e-4c6e-873f-852b796455de","severity":"debug","timestamp":"2026-03-25T11:52:52.832766195Z"}
{"currency":"GBP","http.req.id":"63f88c2d-dd6a-423d-8671-db2eb821a41c","http.req.method":"GET","http.req.path":"/product/66VCHSJNUP","id":"66VCHSJNUP","message":"serving product page","session":"514e00c6-206e-4c6e-873f-852b796455de","severity":"debug","timestamp":"2026-03-25T11:52:52.832890879Z"}
{"http.req.id":"63f88c2d-dd6a-423d-8671-db2eb821a41c","http.req.method":"GET","http.req.path":"/product/66VCHSJNUP","http.resp.bytes":7950,"http.resp.status":200,"http.resp.took_ms":18,"message":"request complete","session":"514e00c6-206e-4c6e-873f-852b796455de","severity":"debug","timestamp":"2026-03-25T11:52:52.850799135Z"}
{"http.req.id":"a64d597a-60d5-40dd-be37-2c4abb76247c","http.req.method":"GET","http.req.path":"/product/1YMWWN1N4O","message":"request started","session":"694745d8-a179-4c65-83d6-9ed873a7b94b","severity":"debug","timestamp":"2026-03-25T11:52:53.579322728Z"}
{"currency":"JPY","http.req.id":"a64d597a-60d5-40dd-be37-2c4abb76247c","http.req.method":"GET","http.req.path":"/product/1YMWWN1N4O","id":"1YMWWN1N4O","message":"serving product page","session":"694745d8-a179-4c65-83d6-9ed873a7b94b","severity":"debug","timestamp":"2026-03-25T11:52:53.579405954Z"}
{"http.req.id":"a64d597a-60d5-40dd-be37-2c4abb76247c","http.req.method":"GET","http.req.path":"/product/1YMWWN1N4O","http.resp.bytes":8014,"http.resp.status":200,"http.resp.took_ms":18,"message":"request complete","session":"694745d8-a179-4c65-83d6-9ed873a7b94b","severity":"debug","timestamp":"2026-03-25T11:52:53.59741827Z"}
{"http.req.id":"96a997f4-7fb1-476c-a3cc-bcf2627d4df1","http.req.method":"GET","http.req.path":"/cart","message":"request started","session":"827eab86-1aba-4a15-8740-5fee5900d10f","severity":"debug","timestamp":"2026-03-25T11:52:54.40142009Z"}
{"http.req.id":"96a997f4-7fb1-476c-a3cc-bcf2627d4df1","http.req.method":"GET","http.req.path":"/cart","message":"view user cart","session":"827eab86-1aba-4a15-8740-5fee5900d10f","severity":"debug","timestamp":"2026-03-25T11:52:54.401495105Z"}
{"http.req.id":"96a997f4-7fb1-476c-a3cc-bcf2627d4df1","http.req.method":"GET","http.req.path":"/cart","http.resp.bytes":19267,"http.resp.status":200,"http.resp.took_ms":18,"message":"request complete","session":"827eab86-1aba-4a15-8740-5fee5900d10f","severity":"debug","timestamp":"2026-03-25T11:52:54.420188785Z"}
{"http.req.id":"a0cc65df-294b-49d2-9f72-80469d2cd7ae","http.req.method":"GET","http.req.path":"/_healthz","message":"request started","session":"x-readiness-probe","severity":"debug","timestamp":"2026-03-25T11:52:55.564190883Z"}
{"http.req.id":"a0cc65df-294b-49d2-9f72-80469d2cd7ae","http.req.method":"GET","http.req.path":"/_healthz","http.resp.bytes":2,"http.resp.status":200,"http.resp.took_ms":0,"message":"request complete","session":"x-readiness-probe","severity":"debug","timestamp":"2026-03-25T11:52:55.564334358Z"}
{"http.req.id":"c62a8034-1bab-44c6-92d5-c0a79e109ae5","http.req.method":"GET","http.req.path":"/product/OLJCESPC7Z","message":"request started","session":"fcb2831f-0627-4791-ac1d-23821dc5b140","severity":"debug","timestamp":"2026-03-25T11:52:55.907247427Z"}
{"currency":"GBP","http.req.id":"c62a8034-1bab-44c6-92d5-c0a79e109ae5","http.req.method":"GET","http.req.path":"/product/OLJCESPC7Z","id":"OLJCESPC7Z","message":"serving product page","session":"fcb2831f-0627-4791-ac1d-23821dc5b140","severity":"debug","timestamp":"2026-03-25T11:52:55.907351908Z"}
{"http.req.id":"c62a8034-1bab-44c6-92d5-c0a79e109ae5","http.req.method":"GET","http.req.path":"/product/OLJCESPC7Z","http.resp.bytes":8009,"http.resp.status":200,"http.resp.took_ms":58,"message":"request complete","session":"fcb2831f-0627-4791-ac1d-23821dc5b140","severity":"debug","timestamp":"2026-03-25T11:52:55.965967652Z"}
{"http.req.id":"f51b6ac1-9432-49e2-8075-d640fc7a9f23","http.req.method":"POST","http.req.path":"/cart","message":"request started","session":"fcb2831f-0627-4791-ac1d-23821dc5b140","severity":"debug","timestamp":"2026-03-25T11:52:55.968224829Z"}
{"http.req.id":"f51b6ac1-9432-49e2-8075-d640fc7a9f23","http.req.method":"POST","http.req.path":"/cart","message":"adding to cart","product":"OLJCESPC7Z","quantity":1,"session":"fcb2831f-0627-4791-ac1d-23821dc5b140","severity":"debug","timestamp":"2026-03-25T11:52:55.96841415Z"}
{"http.req.id":"f51b6ac1-9432-49e2-8075-d640fc7a9f23","http.req.method":"POST","http.req.path":"/cart","http.resp.bytes":0,"http.resp.status":302,"http.resp.took_ms":4,"message":"request complete","session":"fcb2831f-0627-4791-ac1d-23821dc5b140","severity":"debug","timestamp":"2026-03-25T11:52:55.972287563Z"}
{"http.req.id":"d64fabc7-737d-498a-a21c-7d713f2a7656","http.req.method":"GET","http.req.path":"/cart","message":"request started","session":"fcb2831f-0627-4791-ac1d-23821dc5b140","severity":"debug","timestamp":"2026-03-25T11:52:55.985877156Z"}
{"http.req.id":"d64fabc7-737d-498a-a21c-7d713f2a7656","http.req.method":"GET","http.req.path":"/cart","message":"view user cart","session":"fcb2831f-0627-4791-ac1d-23821dc5b140","severity":"debug","timestamp":"2026-03-25T11:52:55.985928048Z"}
{"http.req.id":"d64fabc7-737d-498a-a21c-7d713f2a7656","http.req.method":"GET","http.req.path":"/cart","http.resp.bytes":20695,"http.resp.status":200,"http.resp.took_ms":163,"message":"request complete","session":"fcb2831f-0627-4791-ac1d-23821dc5b140","severity":"debug","timestamp":"2026-03-25T11:52:56.149005657Z"}
{"http.req.id":"b9af1ce4-5fb4-4407-9915-9db0e31e5167","http.req.method":"GET","http.req.path":"/product/9SIQT8TOJO","message":"request started","session":"df4ce93a-5d92-40a8-93c2-540bf11bbb4d","severity":"debug","timestamp":"2026-03-25T11:52:56.167640404Z"}
{"currency":"USD","http.req.id":"b9af1ce4-5fb4-4407-9915-9db0e31e5167","http.req.method":"GET","http.req.path":"/product/9SIQT8TOJO","id":"9SIQT8TOJO","message":"serving product page","session":"df4ce93a-5d92-40a8-93c2-540bf11bbb4d","severity":"debug","timestamp":"2026-03-25T11:52:56.168921436Z"}
{"http.req.id":"b9af1ce4-5fb4-4407-9915-9db0e31e5167","http.req.method":"GET","http.req.path":"/product/9SIQT8TOJO","http.resp.bytes":8015,"http.resp.status":200,"http.resp.took_ms":83,"message":"request complete","session":"df4ce93a-5d92-40a8-93c2-540bf11bbb4d","severity":"debug","timestamp":"2026-03-25T11:52:56.251586471Z"}
{"http.req.id":"2fc6985a-12f9-4571-b4a4-af97ce6f21b8","http.req.method":"GET","http.req.path":"/product/1YMWWN1N4O","message":"request started","session":"513dd945-739c-4fe3-8e54-6e6927fbb733","severity":"debug","timestamp":"2026-03-25T11:52:56.601677415Z"}
{"currency":"GBP","http.req.id":"2fc6985a-12f9-4571-b4a4-af97ce6f21b8","http.req.method":"GET","http.req.path":"/product/1YMWWN1N4O","id":"1YMWWN1N4O","message":"serving product page","session":"513dd945-739c-4fe3-8e54-6e6927fbb733","severity":"debug","timestamp":"2026-03-25T11:52:56.601777957Z"}
{"http.req.id":"afac3882-0d4f-4bf6-b88a-0d6496ab14d3","http.req.method":"GET","http.req.path":"/product/1YMWWN1N4O","message":"request started","session":"514e00c6-206e-4c6e-873f-852b796455de","severity":"debug","timestamp":"2026-03-25T11:52:56.610089315Z"}
{"currency":"GBP","http.req.id":"afac3882-0d4f-4bf6-b88a-0d6496ab14d3","http.req.method":"GET","http.req.path":"/product/1YMWWN1N4O","id":"1YMWWN1N4O","message":"serving product page","session":"514e00c6-206e-4c6e-873f-852b796455de","severity":"debug","timestamp":"2026-03-25T11:52:56.61019077Z"}
{"http.req.id":"2fc6985a-12f9-4571-b4a4-af97ce6f21b8","http.req.method":"GET","http.req.path":"/product/1YMWWN1N4O","http.resp.bytes":8016,"http.resp.status":200,"http.resp.took_ms":50,"message":"request complete","session":"513dd945-739c-4fe3-8e54-6e6927fbb733","severity":"debug","timestamp":"2026-03-25T11:52:56.652492699Z"}
{"http.req.id":"afac3882-0d4f-4bf6-b88a-0d6496ab14d3","http.req.method":"GET","http.req.path":"/product/1YMWWN1N4O","http.resp.bytes":8007,"http.resp.status":200,"http.resp.took_ms":42,"message":"request complete","session":"514e00c6-206e-4c6e-873f-852b796455de","severity":"debug","timestamp":"2026-03-25T11:52:56.65260365Z"}
{"http.req.id":"86987f2b-ce86-4f27-a24f-028d0be36c00","http.req.method":"POST","http.req.path":"/cart","message":"request started","session":"514e00c6-206e-4c6e-873f-852b796455de","severity":"debug","timestamp":"2026-03-25T11:52:56.654034922Z"}
{"http.req.id":"86987f2b-ce86-4f27-a24f-028d0be36c00","http.req.method":"POST","http.req.path":"/cart","message":"adding to cart","product":"1YMWWN1N4O","quantity":6,"session":"514e00c6-206e-4c6e-873f-852b796455de","severity":"debug","timestamp":"2026-03-25T11:52:56.654190116Z"}
{"http.req.id":"86987f2b-ce86-4f27-a24f-028d0be36c00","http.req.method":"POST","http.req.path":"/cart","http.resp.bytes":0,"http.resp.status":302,"http.resp.took_ms":3,"message":"request complete","session":"514e00c6-206e-4c6e-873f-852b796455de","severity":"debug","timestamp":"2026-03-25T11:52:56.657596221Z"}
{"http.req.id":"13c297df-cd43-4b21-95d2-58cafd3e7c5d","http.req.method":"GET","http.req.path":"/cart","message":"request started","session":"514e00c6-206e-4c6e-873f-852b796455de","severity":"debug","timestamp":"2026-03-25T11:52:56.658829163Z"}
{"http.req.id":"13c297df-cd43-4b21-95d2-58cafd3e7c5d","http.req.method":"GET","http.req.path":"/cart","message":"view user cart","session":"514e00c6-206e-4c6e-873f-852b796455de","severity":"debug","timestamp":"2026-03-25T11:52:56.658897021Z"}
{"http.req.id":"13c297df-cd43-4b21-95d2-58cafd3e7c5d","http.req.method":"GET","http.req.path":"/cart","http.resp.bytes":19262,"http.resp.status":200,"http.resp.took_ms":103,"message":"request complete","session":"514e00c6-206e-4c6e-873f-852b796455de","severity":"debug","timestamp":"2026-03-25T11:52:56.762366255Z"}
{"http.req.id":"05293c70-9644-4715-ab03-d00fba7e4ce3","http.req.method":"GET","http.req.path":"/cart","message":"request started","session":"ecb080bf-5333-403f-9547-c8725d499228","severity":"debug","timestamp":"2026-03-25T11:52:57.023912444Z"}
{"http.req.id":"05293c70-9644-4715-ab03-d00fba7e4ce3","http.req.method":"GET","http.req.path":"/cart","message":"view user cart","session":"ecb080bf-5333-403f-9547-c8725d499228","severity":"debug","timestamp":"2026-03-25T11:52:57.024009295Z"}
{"http.req.id":"05293c70-9644-4715-ab03-d00fba7e4ce3","http.req.method":"GET","http.req.path":"/cart","http.resp.bytes":20695,"http.resp.status":200,"http.resp.took_ms":27,"message":"request complete","session":"ecb080bf-5333-403f-9547-c8725d499228","severity":"debug","timestamp":"2026-03-25T11:52:57.051630043Z"}
{"http.req.id":"a2038c2a-4fa1-47d0-b0d0-598e5bb8bba2","http.req.method":"GET","http.req.path":"/product/OLJCESPC7Z","message":"request started","session":"a38c2610-1665-4c93-8051-4c451f5de325","severity":"debug","timestamp":"2026-03-25T11:52:57.597572635Z"}
{"currency":"JPY","http.req.id":"a2038c2a-4fa1-47d0-b0d0-598e5bb8bba2","http.req.method":"GET","http.req.path":"/product/OLJCESPC7Z","id":"OLJCESPC7Z","message":"serving product page","session":"a38c2610-1665-4c93-8051-4c451f5de325","severity":"debug","timestamp":"2026-03-25T11:52:57.597675257Z"}
{"http.req.id":"a2038c2a-4fa1-47d0-b0d0-598e5bb8bba2","http.req.method":"GET","http.req.path":"/product/OLJCESPC7Z","http.resp.bytes":8037,"http.resp.status":200,"http.resp.took_ms":15,"message":"request complete","session":"a38c2610-1665-4c93-8051-4c451f5de325","severity":"debug","timestamp":"2026-03-25T11:52:57.612610312Z"}
{"http.req.id":"73c62ef2-4a54-4359-b986-153c824b431f","http.req.method":"POST","http.req.path":"/cart","message":"request started","session":"a38c2610-1665-4c93-8051-4c451f5de325","severity":"debug","timestamp":"2026-03-25T11:52:57.613491845Z"}
{"http.req.id":"73c62ef2-4a54-4359-b986-153c824b431f","http.req.method":"POST","http.req.path":"/cart","message":"adding to cart","product":"OLJCESPC7Z","quantity":6,"session":"a38c2610-1665-4c93-8051-4c451f5de325","severity":"debug","timestamp":"2026-03-25T11:52:57.613616512Z"}
{"http.req.id":"73c62ef2-4a54-4359-b986-153c824b431f","http.req.method":"POST","http.req.path":"/cart","http.resp.bytes":0,"http.resp.status":302,"http.resp.took_ms":2,"message":"request complete","session":"a38c2610-1665-4c93-8051-4c451f5de325","severity":"debug","timestamp":"2026-03-25T11:52:57.616486868Z"}
{"http.req.id":"7e5aefdb-178d-47d4-a37e-5f4c2cf64d7c","http.req.method":"GET","http.req.path":"/cart","message":"request started","session":"a38c2610-1665-4c93-8051-4c451f5de325","severity":"debug","timestamp":"2026-03-25T11:52:57.617514174Z"}
{"http.req.id":"7e5aefdb-178d-47d4-a37e-5f4c2cf64d7c","http.req.method":"GET","http.req.path":"/cart","message":"view user cart","session":"a38c2610-1665-4c93-8051-4c451f5de325","severity":"debug","timestamp":"2026-03-25T11:52:57.617575992Z"}
{"http.req.id":"7e5aefdb-178d-47d4-a37e-5f4c2cf64d7c","http.req.method":"GET","http.req.path":"/cart","http.resp.bytes":22129,"http.resp.status":200,"http.resp.took_ms":28,"message":"request complete","session":"a38c2610-1665-4c93-8051-4c451f5de325","severity":"debug","timestamp":"2026-03-25T11:52:57.646006855Z"}
{"http.req.id":"3f35edd9-1ab2-4819-8c7a-6157b4edd9b7","http.req.method":"POST","http.req.path":"/cart/checkout","message":"request started","session":"a38c2610-1665-4c93-8051-4c451f5de325","severity":"debug","timestamp":"2026-03-25T11:52:57.6481458Z"}
{"http.req.id":"3f35edd9-1ab2-4819-8c7a-6157b4edd9b7","http.req.method":"POST","http.req.path":"/cart/checkout","message":"placing order","session":"a38c2610-1665-4c93-8051-4c451f5de325","severity":"debug","timestamp":"2026-03-25T11:52:57.6482277Z"}
{"http.req.id":"3f35edd9-1ab2-4819-8c7a-6157b4edd9b7","http.req.method":"POST","http.req.path":"/cart/checkout","message":"order placed","order":"2a845156-2841-11f1-a4a0-927ce8a683d8","session":"a38c2610-1665-4c93-8051-4c451f5de325","severity":"info","timestamp":"2026-03-25T11:52:57.751255013Z"}
{"http.req.id":"3f35edd9-1ab2-4819-8c7a-6157b4edd9b7","http.req.method":"POST","http.req.path":"/cart/checkout","http.resp.bytes":6749,"http.resp.status":200,"http.resp.took_ms":118,"message":"request complete","session":"a38c2610-1665-4c93-8051-4c451f5de325","severity":"debug","timestamp":"2026-03-25T11:52:57.766641631Z"}
{"http.req.id":"f5920f6b-0b72-47bc-b2d7-ed71ceb46822","http.req.method":"GET","http.req.path":"/cart","message":"request started","session":"2d3bf3d7-22b5-49c9-8227-12126292f393","severity":"debug","timestamp":"2026-03-25T11:52:58.335528553Z"}
{"http.req.id":"f5920f6b-0b72-47bc-b2d7-ed71ceb46822","http.req.method":"GET","http.req.path":"/cart","message":"view user cart","session":"2d3bf3d7-22b5-49c9-8227-12126292f393","severity":"debug","timestamp":"2026-03-25T11:52:58.335604725Z"}
{"http.req.id":"f5920f6b-0b72-47bc-b2d7-ed71ceb46822","http.req.method":"GET","http.req.path":"/cart","http.resp.bytes":19253,"http.resp.status":200,"http.resp.took_ms":18,"message":"request complete","session":"2d3bf3d7-22b5-49c9-8227-12126292f393","severity":"debug","timestamp":"2026-03-25T11:52:58.353640908Z"}
