{"http.req.id":"1a5959b8-26c8-43e0-8f6e-4a855749f3ef","http.req.method":"POST","http.req.path":"/cart","message":"request started","session":"f9734e3a-0615-43dc-908b-1b8be30715f4","severity":"debug","timestamp":"2026-03-06T06:02:33.020022Z"}
{"http.req.id":"1a5959b8-26c8-43e0-8f6e-4a855749f3ef","http.req.method":"POST","http.req.path":"/cart","message":"adding to cart","product":"0PUK6V6EV0","quantity":10,"session":"f9734e3a-0615-43dc-908b-1b8be30715f4","severity":"debug","timestamp":"2026-03-06T06:02:33.020210491Z"}
{"http.req.id":"1a5959b8-26c8-43e0-8f6e-4a855749f3ef","http.req.method":"POST","http.req.path":"/cart","http.resp.bytes":0,"http.resp.status":302,"http.resp.took_ms":4,"message":"request complete","session":"f9734e3a-0615-43dc-908b-1b8be30715f4","severity":"debug","timestamp":"2026-03-06T06:02:33.024295863Z"}
{"http.req.id":"22daee6e-7718-43cc-8c96-2ca63d2e1def","http.req.method":"GET","http.req.path":"/cart","message":"request started","session":"f9734e3a-0615-43dc-908b-1b8be30715f4","severity":"debug","timestamp":"2026-03-06T06:02:33.025830953Z"}
{"http.req.id":"22daee6e-7718-43cc-8c96-2ca63d2e1def","http.req.method":"GET","http.req.path":"/cart","message":"view user cart","session":"f9734e3a-0615-43dc-908b-1b8be30715f4","severity":"debug","timestamp":"2026-03-06T06:02:33.025942586Z"}
{"http.req.id":"22daee6e-7718-43cc-8c96-2ca63d2e1def","http.req.method":"GET","http.req.path":"/cart","http.resp.bytes":20770,"http.resp.status":200,"http.resp.took_ms":97,"message":"request complete","session":"f9734e3a-0615-43dc-908b-1b8be30715f4","severity":"debug","timestamp":"2026-03-06T06:02:33.123825422Z"}
{"http.req.id":"cdd4fe7b-2e3f-4d4e-8dc0-a20058ee9d3f","http.req.method":"POST","http.req.path":"/cart/checkout","message":"request started","session":"f9734e3a-0615-43dc-908b-1b8be30715f4","severity":"debug","timestamp":"2026-03-06T06:02:33.13044295Z"}
{"http.req.id":"cdd4fe7b-2e3f-4d4e-8dc0-a20058ee9d3f","http.req.method":"POST","http.req.path":"/cart/checkout","message":"placing order","session":"f9734e3a-0615-43dc-908b-1b8be30715f4","severity":"debug","timestamp":"2026-03-06T06:02:33.130608803Z"}
{"http.req.id":"cdd4fe7b-2e3f-4d4e-8dc0-a20058ee9d3f","http.req.method":"POST","http.req.path":"/cart/checkout","message":"order placed","order":"111435c2-1922-11f1-af47-fabc357e427c","session":"f9734e3a-0615-43dc-908b-1b8be30715f4","severity":"info","timestamp":"2026-03-06T06:02:33.170660232Z"}
{"http.req.id":"cdd4fe7b-2e3f-4d4e-8dc0-a20058ee9d3f","http.req.method":"POST","http.req.path":"/cart/checkout","http.resp.bytes":6790,"http.resp.status":200,"http.resp.took_ms":86,"message":"request complete","session":"f9734e3a-0615-43dc-908b-1b8be30715f4","severity":"debug","timestamp":"2026-03-06T06:02:33.217315284Z"}
{"http.req.id":"66b4c3e3-6dc7-4dd4-aad8-5f6b98e81f0e","http.req.method":"POST","http.req.path":"/setCurrency","message":"request started","session":"eed418e8-7ab1-4992-b9a1-40aeb0d3dc43","severity":"debug","timestamp":"2026-03-06T06:02:33.813392566Z"}
{"curr.new":"GBP","curr.old":"TRY","http.req.id":"66b4c3e3-6dc7-4dd4-aad8-5f6b98e81f0e","http.req.method":"POST","http.req.path":"/setCurrency","message":"setting currency","session":"eed418e8-7ab1-4992-b9a1-40aeb0d3dc43","severity":"debug","timestamp":"2026-03-06T06:02:33.813886449Z"}
{"http.req.id":"66b4c3e3-6dc7-4dd4-aad8-5f6b98e81f0e","http.req.method":"POST","http.req.path":"/setCurrency","http.resp.bytes":0,"http.resp.status":302,"http.resp.took_ms":0,"message":"request complete","session":"eed418e8-7ab1-4992-b9a1-40aeb0d3dc43","severity":"debug","timestamp":"2026-03-06T06:02:33.814070922Z"}
{"http.req.id":"6f85fdcd-3e53-4838-90a2-f216fcc0e0a3","http.req.method":"GET","http.req.path":"/","message":"request started","session":"eed418e8-7ab1-4992-b9a1-40aeb0d3dc43","severity":"debug","timestamp":"2026-03-06T06:02:33.815807154Z"}
{"currency":"GBP","http.req.id":"6f85fdcd-3e53-4838-90a2-f216fcc0e0a3","http.req.method":"GET","http.req.path":"/","message":"home","session":"eed418e8-7ab1-4992-b9a1-40aeb0d3dc43","severity":"info","timestamp":"2026-03-06T06:02:33.815876628Z"}
env platform is either empty or invalid
{"http.req.id":"6f85fdcd-3e53-4838-90a2-f216fcc0e0a3","http.req.method":"GET","http.req.path":"/","message":"ENV_PLATFORM is: local","session":"eed418e8-7ab1-4992-b9a1-40aeb0d3dc43","severity":"debug","timestamp":"2026-03-06T06:02:33.857093614Z"}
{"http.req.id":"6f85fdcd-3e53-4838-90a2-f216fcc0e0a3","http.req.method":"GET","http.req.path":"/","http.resp.bytes":10508,"http.resp.status":200,"http.resp.took_ms":44,"message":"request complete","session":"eed418e8-7ab1-4992-b9a1-40aeb0d3dc43","severity":"debug","timestamp":"2026-03-06T06:02:33.860375253Z"}
{"http.req.id":"683bb996-973d-4091-b81c-c6c3f29bd7c9","http.req.method":"GET","http.req.path":"/product/OLJCESPC7Z","message":"request started","session":"6e21104e-b0bf-4a85-b5c2-ac5af92fa69e","severity":"debug","timestamp":"2026-03-06T06:02:34.213818339Z"}
{"currency":"JPY","http.req.id":"683bb996-973d-4091-b81c-c6c3f29bd7c9","http.req.method":"GET","http.req.path":"/product/OLJCESPC7Z","id":"OLJCESPC7Z","message":"serving product page","session":"6e21104e-b0bf-4a85-b5c2-ac5af92fa69e","severity":"debug","timestamp":"2026-03-06T06:02:34.213879596Z"}
{"http.req.id":"683bb996-973d-4091-b81c-c6c3f29bd7c9","http.req.method":"GET","http.req.path":"/product/OLJCESPC7Z","http.resp.bytes":8098,"http.resp.status":200,"http.resp.took_ms":31,"message":"request complete","session":"6e21104e-b0bf-4a85-b5c2-ac5af92fa69e","severity":"debug","timestamp":"2026-03-06T06:02:34.245547687Z"}
{"http.req.id":"ec83ce08-6f89-4778-98dd-a18f1fe3e875","http.req.method":"GET","http.req.path":"/product/2ZYFJ3GM2N","message":"request started","session":"0994b18b-93e7-4775-a2c5-e29dc0e6d5bb","severity":"debug","timestamp":"2026-03-06T06:02:36.064706705Z"}
{"currency":"GBP","http.req.id":"ec83ce08-6f89-4778-98dd-a18f1fe3e875","http.req.method":"GET","http.req.path":"/product/2ZYFJ3GM2N","id":"2ZYFJ3GM2N","message":"serving product page","session":"0994b18b-93e7-4775-a2c5-e29dc0e6d5bb","severity":"debug","timestamp":"2026-03-06T06:02:36.064798174Z"}
{"http.req.id":"ec83ce08-6f89-4778-98dd-a18f1fe3e875","http.req.method":"GET","http.req.path":"/product/2ZYFJ3GM2N","http.resp.bytes":7968,"http.resp.status":200,"http.resp.took_ms":19,"message":"request complete","session":"0994b18b-93e7-4775-a2c5-e29dc0e6d5bb","severity":"debug","timestamp":"2026-03-06T06:02:36.084602127Z"}
{"http.req.id":"56623e75-fadc-4741-a9af-cac1a2aa5edf","http.req.method":"POST","http.req.path":"/setCurrency","message":"request started","session":"b1a1fb98-93d6-41f8-9605-e0c8a82d1d3c","severity":"debug","timestamp":"2026-03-06T06:02:36.710499663Z"}
{"curr.new":"JPY","curr.old":"TRY","http.req.id":"56623e75-fadc-4741-a9af-cac1a2aa5edf","http.req.method":"POST","http.req.path":"/setCurrency","message":"setting currency","session":"b1a1fb98-93d6-41f8-9605-e0c8a82d1d3c","severity":"debug","timestamp":"2026-03-06T06:02:36.710636631Z"}
{"http.req.id":"56623e75-fadc-4741-a9af-cac1a2aa5edf","http.req.method":"POST","http.req.path":"/setCurrency","http.resp.bytes":0,"http.resp.status":302,"http.resp.took_ms":0,"message":"request complete","session":"b1a1fb98-93d6-41f8-9605-e0c8a82d1d3c","severity":"debug","timestamp":"2026-03-06T06:02:36.710657268Z"}
{"http.req.id":"d23670d8-0ae0-43f3-acef-f01dd0f6bd40","http.req.method":"GET","http.req.path":"/","message":"request started","session":"b1a1fb98-93d6-41f8-9605-e0c8a82d1d3c","severity":"debug","timestamp":"2026-03-06T06:02:36.711469765Z"}
{"currency":"JPY","http.req.id":"d23670d8-0ae0-43f3-acef-f01dd0f6bd40","http.req.method":"GET","http.req.path":"/","message":"home","session":"b1a1fb98-93d6-41f8-9605-e0c8a82d1d3c","severity":"info","timestamp":"2026-03-06T06:02:36.711516548Z"}
env platform is either empty or invalid
{"http.req.id":"d23670d8-0ae0-43f3-acef-f01dd0f6bd40","http.req.method":"GET","http.req.path":"/","message":"ENV_PLATFORM is: local","session":"b1a1fb98-93d6-41f8-9605-e0c8a82d1d3c","severity":"debug","timestamp":"2026-03-06T06:02:36.739405334Z"}
{"http.req.id":"d23670d8-0ae0-43f3-acef-f01dd0f6bd40","http.req.method":"GET","http.req.path":"/","http.resp.bytes":10618,"http.resp.status":200,"http.resp.took_ms":31,"message":"request complete","session":"b1a1fb98-93d6-41f8-9605-e0c8a82d1d3c","severity":"debug","timestamp":"2026-03-06T06:02:36.742725124Z"}
{"http.req.id":"02a216e0-7481-434f-9309-e521eba0cc6d","http.req.method":"GET","http.req.path":"/product/0PUK6V6EV0","message":"request started","session":"f9734e3a-0615-43dc-908b-1b8be30715f4","severity":"debug","timestamp":"2026-03-06T06:02:36.88788848Z"}
{"currency":"TRY","http.req.id":"02a216e0-7481-434f-9309-e521eba0cc6d","http.req.method":"GET","http.req.path":"/product/0PUK6V6EV0","id":"0PUK6V6EV0","message":"serving product page","session":"f9734e3a-0615-43dc-908b-1b8be30715f4","severity":"debug","timestamp":"2026-03-06T06:02:36.888004187Z"}
{"http.req.id":"02a216e0-7481-434f-9309-e521eba0cc6d","http.req.method":"GET","http.req.path":"/product/0PUK6V6EV0","http.resp.bytes":7947,"http.resp.status":200,"http.resp.took_ms":16,"message":"request complete","session":"f9734e3a-0615-43dc-908b-1b8be30715f4","severity":"debug","timestamp":"2026-03-06T06:02:36.904377389Z"}
{"http.req.id":"ca8da634-86c9-4de4-9668-c35890fe97b6","http.req.method":"POST","http.req.path":"/setCurrency","message":"request started","session":"fa2d8e54-c567-4c66-b702-8bb183ef4a46","severity":"debug","timestamp":"2026-03-06T06:02:37.433865036Z"}
{"curr.new":"GBP","curr.old":"JPY","http.req.id":"ca8da634-86c9-4de4-9668-c35890fe97b6","http.req.method":"POST","http.req.path":"/setCurrency","message":"setting currency","session":"fa2d8e54-c567-4c66-b702-8bb183ef4a46","severity":"debug","timestamp":"2026-03-06T06:02:37.434022726Z"}
{"http.req.id":"ca8da634-86c9-4de4-9668-c35890fe97b6","http.req.method":"POST","http.req.path":"/setCurrency","http.resp.bytes":0,"http.resp.status":302,"http.resp.took_ms":0,"message":"request complete","session":"fa2d8e54-c567-4c66-b702-8bb183ef4a46","severity":"debug","timestamp":"2026-03-06T06:02:37.434058513Z"}
{"http.req.id":"50979ca8-3565-4232-95d0-616dbf8ed2eb","http.req.method":"GET","http.req.path":"/","message":"request started","session":"fa2d8e54-c567-4c66-b702-8bb183ef4a46","severity":"debug","timestamp":"2026-03-06T06:02:37.435177647Z"}
{"currency":"GBP","http.req.id":"50979ca8-3565-4232-95d0-616dbf8ed2eb","http.req.method":"GET","http.req.path":"/","message":"home","session":"fa2d8e54-c567-4c66-b702-8bb183ef4a46","severity":"info","timestamp":"2026-03-06T06:02:37.4352498Z"}
env platform is either empty or invalid
{"http.req.id":"50979ca8-3565-4232-95d0-616dbf8ed2eb","http.req.method":"GET","http.req.path":"/","message":"ENV_PLATFORM is: local","session":"fa2d8e54-c567-4c66-b702-8bb183ef4a46","severity":"debug","timestamp":"2026-03-06T06:02:37.459984723Z"}
{"http.req.id":"50979ca8-3565-4232-95d0-616dbf8ed2eb","http.req.method":"GET","http.req.path":"/","http.resp.bytes":10598,"http.resp.status":200,"http.resp.took_ms":26,"message":"request complete","session":"fa2d8e54-c567-4c66-b702-8bb183ef4a46","severity":"debug","timestamp":"2026-03-06T06:02:37.461817939Z"}
{"http.req.id":"b2dd0ca9-bb34-4338-9546-3c7102f6f2af","http.req.method":"GET","http.req.path":"/product/L9ECAV7KIM","message":"request started","session":"89995d91-ad5c-4838-8317-c04497a5d805","severity":"debug","timestamp":"2026-03-06T06:02:38.426117208Z"}
{"currency":"CAD","http.req.id":"b2dd0ca9-bb34-4338-9546-3c7102f6f2af","http.req.method":"GET","http.req.path":"/product/L9ECAV7KIM","id":"L9ECAV7KIM","message":"serving product page","session":"89995d91-ad5c-4838-8317-c04497a5d805","severity":"debug","timestamp":"2026-03-06T06:02:38.426193907Z"}
{"http.req.id":"148c9ec5-7331-499e-95ad-081a402ffa31","http.req.method":"GET","http.req.path":"/_healthz","message":"request started","session":"x-liveness-probe","severity":"debug","timestamp":"2026-03-06T06:02:38.433926485Z"}
{"http.req.id":"148c9ec5-7331-499e-95ad-081a402ffa31","http.req.method":"GET","http.req.path":"/_healthz","http.resp.bytes":2,"http.resp.status":200,"http.resp.took_ms":0,"message":"request complete","session":"x-liveness-probe","severity":"debug","timestamp":"2026-03-06T06:02:38.4340197Z"}
{"http.req.id":"b2dd0ca9-bb34-4338-9546-3c7102f6f2af","http.req.method":"GET","http.req.path":"/product/L9ECAV7KIM","http.resp.bytes":8039,"http.resp.status":200,"http.resp.took_ms":11,"message":"request complete","session":"89995d91-ad5c-4838-8317-c04497a5d805","severity":"debug","timestamp":"2026-03-06T06:02:38.437809714Z"}
{"http.req.id":"5d3227e3-d70e-4caf-925d-913cb6a2b902","http.req.method":"GET","http.req.path":"/product/0PUK6V6EV0","message":"request started","session":"fa2d8e54-c567-4c66-b702-8bb183ef4a46","severity":"debug","timestamp":"2026-03-06T06:02:39.01559008Z"}
{"currency":"GBP","http.req.id":"5d3227e3-d70e-4caf-925d-913cb6a2b902","http.req.method":"GET","http.req.path":"/product/0PUK6V6EV0","id":"0PUK6V6EV0","message":"serving product page","session":"fa2d8e54-c567-4c66-b702-8bb183ef4a46","severity":"debug","timestamp":"2026-03-06T06:02:39.015667714Z"}
{"http.req.id":"667e2efb-975f-43a0-abe8-da0ff0879f81","http.req.method":"GET","http.req.path":"/cart","message":"request started","session":"d7d3227d-0824-4f40-a472-c039f0192426","severity":"debug","timestamp":"2026-03-06T06:02:39.029139252Z"}
{"http.req.id":"667e2efb-975f-43a0-abe8-da0ff0879f81","http.req.method":"GET","http.req.path":"/cart","message":"view user cart","session":"d7d3227d-0824-4f40-a472-c039f0192426","severity":"debug","timestamp":"2026-03-06T06:02:39.029215637Z"}
{"http.req.id":"5d3227e3-d70e-4caf-925d-913cb6a2b902","http.req.method":"GET","http.req.path":"/product/0PUK6V6EV0","http.resp.bytes":8034,"http.resp.status":200,"http.resp.took_ms":16,"message":"request complete","session":"fa2d8e54-c567-4c66-b702-8bb183ef4a46","severity":"debug","timestamp":"2026-03-06T06:02:39.031723439Z"}
{"http.req.id":"2418b071-8295-4293-a244-8a7ec27bee14","http.req.method":"POST","http.req.path":"/cart","message":"request started","session":"fa2d8e54-c567-4c66-b702-8bb183ef4a46","severity":"debug","timestamp":"2026-03-06T06:02:39.032730215Z"}
{"http.req.id":"2418b071-8295-4293-a244-8a7ec27bee14","http.req.method":"POST","http.req.path":"/cart","message":"adding to cart","product":"0PUK6V6EV0","quantity":6,"session":"fa2d8e54-c567-4c66-b702-8bb183ef4a46","severity":"debug","timestamp":"2026-03-06T06:02:39.03308293Z"}
{"http.req.id":"2418b071-8295-4293-a244-8a7ec27bee14","http.req.method":"POST","http.req.path":"/cart","http.resp.bytes":0,"http.resp.status":302,"http.resp.took_ms":4,"message":"request complete","session":"fa2d8e54-c567-4c66-b702-8bb183ef4a46","severity":"debug","timestamp":"2026-03-06T06:02:39.036869445Z"}
{"http.req.id":"5da25a96-5be7-4de5-a72f-994266f9a011","http.req.method":"GET","http.req.path":"/cart","message":"request started","session":"fa2d8e54-c567-4c66-b702-8bb183ef4a46","severity":"debug","timestamp":"2026-03-06T06:02:39.038059053Z"}
{"http.req.id":"5da25a96-5be7-4de5-a72f-994266f9a011","http.req.method":"GET","http.req.path":"/cart","message":"view user cart","session":"fa2d8e54-c567-4c66-b702-8bb183ef4a46","severity":"debug","timestamp":"2026-03-06T06:02:39.038109674Z"}
{"http.req.id":"667e2efb-975f-43a0-abe8-da0ff0879f81","http.req.method":"GET","http.req.path":"/cart","http.resp.bytes":16444,"http.resp.status":200,"http.resp.took_ms":29,"message":"request complete","session":"d7d3227d-0824-4f40-a472-c039f0192426","severity":"debug","timestamp":"2026-03-06T06:02:39.058677067Z"}
{"http.req.id":"5da25a96-5be7-4de5-a72f-994266f9a011","http.req.method":"GET","http.req.path":"/cart","http.resp.bytes":22173,"http.resp.status":200,"http.resp.took_ms":73,"message":"request complete","session":"fa2d8e54-c567-4c66-b702-8bb183ef4a46","severity":"debug","timestamp":"2026-03-06T06:02:39.111804499Z"}
{"http.req.id":"f6eb2787-055d-4071-9b1e-b716e66bfb6f","http.req.method":"POST","http.req.path":"/cart/checkout","message":"request started","session":"fa2d8e54-c567-4c66-b702-8bb183ef4a46","severity":"debug","timestamp":"2026-03-06T06:02:39.114453191Z"}
{"http.req.id":"f6eb2787-055d-4071-9b1e-b716e66bfb6f","http.req.method":"POST","http.req.path":"/cart/checkout","message":"placing order","session":"fa2d8e54-c567-4c66-b702-8bb183ef4a46","severity":"debug","timestamp":"2026-03-06T06:02:39.114559711Z"}
{"http.req.id":"f6eb2787-055d-4071-9b1e-b716e66bfb6f","http.req.method":"POST","http.req.path":"/cart/checkout","message":"order placed","order":"14a540c8-1922-11f1-af47-fabc357e427c","session":"fa2d8e54-c567-4c66-b702-8bb183ef4a46","severity":"info","timestamp":"2026-03-06T06:02:39.140001283Z"}
{"http.req.id":"f6eb2787-055d-4071-9b1e-b716e66bfb6f","http.req.method":"POST","http.req.path":"/cart/checkout","http.resp.bytes":6781,"http.resp.status":200,"http.resp.took_ms":34,"message":"request complete","session":"fa2d8e54-c567-4c66-b702-8bb183ef4a46","severity":"debug","timestamp":"2026-03-06T06:02:39.148873612Z"}
{"http.req.id":"7a8e0fb9-dfae-4916-986f-58d550da3306","http.req.method":"GET","http.req.path":"/product/1YMWWN1N4O","message":"request started","session":"0994b18b-93e7-4775-a2c5-e29dc0e6d5bb","severity":"debug","timestamp":"2026-03-06T06:02:39.352724084Z"}
{"currency":"GBP","http.req.id":"7a8e0fb9-dfae-4916-986f-58d550da3306","http.req.method":"GET","http.req.path":"/product/1YMWWN1N4O","id":"1YMWWN1N4O","message":"serving product page","session":"0994b18b-93e7-4775-a2c5-e29dc0e6d5bb","severity":"debug","timestamp":"2026-03-06T06:02:39.35282493Z"}
{"http.req.id":"7a8e0fb9-dfae-4916-986f-58d550da3306","http.req.method":"GET","http.req.path":"/product/1YMWWN1N4O","http.resp.bytes":8005,"http.resp.status":200,"http.resp.took_ms":19,"message":"request complete","session":"0994b18b-93e7-4775-a2c5-e29dc0e6d5bb","severity":"debug","timestamp":"2026-03-06T06:02:39.371944743Z"}
{"http.req.id":"355ea05a-a7a6-4144-9e23-5c746bc9286b","http.req.method":"POST","http.req.path":"/setCurrency","message":"request started","session":"6e21104e-b0bf-4a85-b5c2-ac5af92fa69e","severity":"debug","timestamp":"2026-03-06T06:02:40.290359569Z"}
{"curr.new":"EUR","curr.old":"JPY","http.req.id":"355ea05a-a7a6-4144-9e23-5c746bc9286b","http.req.method":"POST","http.req.path":"/setCurrency","message":"setting currency","session":"6e21104e-b0bf-4a85-b5c2-ac5af92fa69e","severity":"debug","timestamp":"2026-03-06T06:02:40.290556348Z"}
{"http.req.id":"355ea05a-a7a6-4144-9e23-5c746bc9286b","http.req.method":"POST","http.req.path":"/setCurrency","http.resp.bytes":0,"http.resp.status":302,"http.resp.took_ms":0,"message":"request complete","session":"6e21104e-b0bf-4a85-b5c2-ac5af92fa69e","severity":"debug","timestamp":"2026-03-06T06:02:40.290599681Z"}
{"http.req.id":"d8cd97c5-4be3-48da-8d9e-e1aebe86c618","http.req.method":"GET","http.req.path":"/","message":"request started","session":"6e21104e-b0bf-4a85-b5c2-ac5af92fa69e","severity":"debug","timestamp":"2026-03-06T06:02:40.29225832Z"}
{"currency":"EUR","http.req.id":"d8cd97c5-4be3-48da-8d9e-e1aebe86c618","http.req.method":"GET","http.req.path":"/","message":"home","session":"6e21104e-b0bf-4a85-b5c2-ac5af92fa69e","severity":"info","timestamp":"2026-03-06T06:02:40.292402698Z"}
{"http.req.id":"8768b421-c28b-4dd6-81b2-23067469c58b","http.req.method":"GET","http.req.path":"/product/1YMWWN1N4O","message":"request started","session":"ec0b6821-5225-4ee8-8ec0-1e3bbbdffabb","severity":"debug","timestamp":"2026-03-06T06:02:40.30945199Z"}
{"currency":"USD","http.req.id":"8768b421-c28b-4dd6-81b2-23067469c58b","http.req.method":"GET","http.req.path":"/product/1YMWWN1N4O","id":"1YMWWN1N4O","message":"serving product page","session":"ec0b6821-5225-4ee8-8ec0-1e3bbbdffabb","severity":"debug","timestamp":"2026-03-06T06:02:40.309566005Z"}
env platform is either empty or invalid
{"http.req.id":"8768b421-c28b-4dd6-81b2-23067469c58b","http.req.method":"GET","http.req.path":"/product/1YMWWN1N4O","http.resp.bytes":8050,"http.resp.status":200,"http.resp.took_ms":100,"message":"request complete","session":"ec0b6821-5225-4ee8-8ec0-1e3bbbdffabb","severity":"debug","timestamp":"2026-03-06T06:02:40.410141611Z"}
{"http.req.id":"d8cd97c5-4be3-48da-8d9e-e1aebe86c618","http.req.method":"GET","http.req.path":"/","message":"ENV_PLATFORM is: local","session":"6e21104e-b0bf-4a85-b5c2-ac5af92fa69e","severity":"debug","timestamp":"2026-03-06T06:02:40.438690274Z"}
{"http.req.id":"d8cd97c5-4be3-48da-8d9e-e1aebe86c618","http.req.method":"GET","http.req.path":"/","http.resp.bytes":10607,"http.resp.status":200,"http.resp.took_ms":149,"message":"request complete","session":"6e21104e-b0bf-4a85-b5c2-ac5af92fa69e","severity":"debug","timestamp":"2026-03-06T06:02:40.44131402Z"}
{"http.req.id":"66d10614-0abc-44ca-9d4e-75e6b7eae41e","http.req.method":"GET","http.req.path":"/product/66VCHSJNUP","message":"request started","session":"fa2d8e54-c567-4c66-b702-8bb183ef4a46","severity":"debug","timestamp":"2026-03-06T06:02:40.635272459Z"}
{"currency":"GBP","http.req.id":"66d10614-0abc-44ca-9d4e-75e6b7eae41e","http.req.method":"GET","http.req.path":"/product/66VCHSJNUP","id":"66VCHSJNUP","message":"serving product page","session":"fa2d8e54-c567-4c66-b702-8bb183ef4a46","severity":"debug","timestamp":"2026-03-06T06:02:40.635438585Z"}
{"http.req.id":"66d10614-0abc-44ca-9d4e-75e6b7eae41e","http.req.method":"GET","http.req.path":"/product/66VCHSJNUP","http.resp.bytes":7948,"http.resp.status":200,"http.resp.took_ms":20,"message":"request complete","session":"fa2d8e54-c567-4c66-b702-8bb183ef4a46","severity":"debug","timestamp":"2026-03-06T06:02:40.656059201Z"}
{"http.req.id":"528bcdf3-5653-4d65-ae74-639a681da636","http.req.method":"GET","http.req.path":"/product/1YMWWN1N4O","message":"request started","session":"3e105862-e07a-48bd-9f67-033f05224f8f","severity":"debug","timestamp":"2026-03-06T06:02:40.993205738Z"}
{"currency":"TRY","http.req.id":"528bcdf3-5653-4d65-ae74-639a681da636","http.req.method":"GET","http.req.path":"/product/1YMWWN1N4O","id":"1YMWWN1N4O","message":"serving product page","session":"3e105862-e07a-48bd-9f67-033f05224f8f","severity":"debug","timestamp":"2026-03-06T06:02:40.993273867Z"}
{"http.req.id":"528bcdf3-5653-4d65-ae74-639a681da636","http.req.method":"GET","http.req.path":"/product/1YMWWN1N4O","http.resp.bytes":8006,"http.resp.status":200,"http.resp.took_ms":16,"message":"request complete","session":"3e105862-e07a-48bd-9f67-033f05224f8f","severity":"debug","timestamp":"2026-03-06T06:02:41.009891396Z"}
{"http.req.id":"f052ad3f-164c-48d4-a5f3-791b42395aa1","http.req.method":"GET","http.req.path":"/product/9SIQT8TOJO","message":"request started","session":"b1a1fb98-93d6-41f8-9605-e0c8a82d1d3c","severity":"debug","timestamp":"2026-03-06T06:02:41.028237548Z"}
{"currency":"JPY","http.req.id":"f052ad3f-164c-48d4-a5f3-791b42395aa1","http.req.method":"GET","http.req.path":"/product/9SIQT8TOJO","id":"9SIQT8TOJO","message":"serving product page","session":"b1a1fb98-93d6-41f8-9605-e0c8a82d1d3c","severity":"debug","timestamp":"2026-03-06T06:02:41.028328755Z"}
{"http.req.id":"f052ad3f-164c-48d4-a5f3-791b42395aa1","http.req.method":"GET","http.req.path":"/product/9SIQT8TOJO","http.resp.bytes":8071,"http.resp.status":200,"http.resp.took_ms":16,"message":"request complete","session":"b1a1fb98-93d6-41f8-9605-e0c8a82d1d3c","severity":"debug","timestamp":"2026-03-06T06:02:41.044564842Z"}
{"http.req.id":"5feeb341-2469-4d35-a4cb-596e06b6d3af","http.req.method":"GET","http.req.path":"/_healthz","message":"request started","session":"x-readiness-probe","severity":"debug","timestamp":"2026-03-06T06:02:41.163073141Z"}
{"http.req.id":"5feeb341-2469-4d35-a4cb-596e06b6d3af","http.req.method":"GET","http.req.path":"/_healthz","http.resp.bytes":2,"http.resp.status":200,"http.resp.took_ms":0,"message":"request complete","session":"x-readiness-probe","severity":"debug","timestamp":"2026-03-06T06:02:41.163234Z"}
{"http.req.id":"6fb54093-e276-410f-87e4-a556313be331","http.req.method":"GET","http.req.path":"/product/9SIQT8TOJO","message":"request started","session":"89995d91-ad5c-4838-8317-c04497a5d805","severity":"debug","timestamp":"2026-03-06T06:02:41.464981507Z"}
{"currency":"CAD","http.req.id":"6fb54093-e276-410f-87e4-a556313be331","http.req.method":"GET","http.req.path":"/product/9SIQT8TOJO","id":"9SIQT8TOJO","message":"serving product page","session":"89995d91-ad5c-4838-8317-c04497a5d805","severity":"debug","timestamp":"2026-03-06T06:02:41.465053753Z"}
{"http.req.id":"6fb54093-e276-410f-87e4-a556313be331","http.req.method":"GET","http.req.path":"/product/9SIQT8TOJO","http.resp.bytes":8050,"http.resp.status":200,"http.resp.took_ms":18,"message":"request complete","session":"89995d91-ad5c-4838-8317-c04497a5d805","severity":"debug","timestamp":"2026-03-06T06:02:41.483565061Z"}
{"http.req.id":"a2904ebe-4c07-4c46-9bb4-c3704f900fc2","http.req.method":"GET","http.req.path":"/","message":"request started","session":"b1a1fb98-93d6-41f8-9605-e0c8a82d1d3c","severity":"debug","timestamp":"2026-03-06T06:02:42.437673145Z"}
{"currency":"JPY","http.req.id":"a2904ebe-4c07-4c46-9bb4-c3704f900fc2","http.req.method":"GET","http.req.path":"/","message":"home","session":"b1a1fb98-93d6-41f8-9605-e0c8a82d1d3c","severity":"info","timestamp":"2026-03-06T06:02:42.437763183Z"}
env platform is either empty or invalid
{"http.req.id":"a2904ebe-4c07-4c46-9bb4-c3704f900fc2","http.req.method":"GET","http.req.path":"/","message":"ENV_PLATFORM is: local","session":"b1a1fb98-93d6-41f8-9605-e0c8a82d1d3c","severity":"debug","timestamp":"2026-03-06T06:02:42.50273236Z"}
{"http.req.id":"a2904ebe-4c07-4c46-9bb4-c3704f900fc2","http.req.method":"GET","http.req.path":"/","http.resp.bytes":10618,"http.resp.status":200,"http.resp.took_ms":68,"message":"request complete","session":"b1a1fb98-93d6-41f8-9605-e0c8a82d1d3c","severity":"debug","timestamp":"2026-03-06T06:02:42.505959106Z"}
{"http.req.id":"076b06fe-9735-4451-b817-9b12475095d9","http.req.method":"GET","http.req.path":"/product/1YMWWN1N4O","message":"request started","session":"f9734e3a-0615-43dc-908b-1b8be30715f4","severity":"debug","timestamp":"2026-03-06T06:02:42.566012557Z"}
{"currency":"TRY","http.req.id":"076b06fe-9735-4451-b817-9b12475095d9","http.req.method":"GET","http.req.path":"/product/1YMWWN1N4O","id":"1YMWWN1N4O","message":"serving product page","session":"f9734e3a-0615-43dc-908b-1b8be30715f4","severity":"debug","timestamp":"2026-03-06T06:02:42.566109458Z"}
{"http.req.id":"076b06fe-9735-4451-b817-9b12475095d9","http.req.method":"GET","http.req.path":"/product/1YMWWN1N4O","http.resp.bytes":7984,"http.resp.status":200,"http.resp.took_ms":13,"message":"request complete","session":"f9734e3a-0615-43dc-908b-1b8be30715f4","severity":"debug","timestamp":"2026-03-06T06:02:42.579391621Z"}
