{"http.req.id":"39f51bc1-a731-4ee8-97f6-e7d2a19a5f2c","http.req.method":"GET","http.req.path":"/cart","message":"view user cart","session":"ecb080bf-5333-403f-9547-c8725d499228","severity":"debug","timestamp":"2026-03-25T12:09:57.131952669Z"}
{"http.req.id":"39f51bc1-a731-4ee8-97f6-e7d2a19a5f2c","http.req.method":"GET","http.req.path":"/cart","http.resp.bytes":19273,"http.resp.status":200,"http.resp.took_ms":29,"message":"request complete","session":"ecb080bf-5333-403f-9547-c8725d499228","severity":"debug","timestamp":"2026-03-25T12:09:57.161225839Z"}
{"http.req.id":"3d089f88-827e-44a9-923c-fac9aa592b13","http.req.method":"GET","http.req.path":"/product/9SIQT8TOJO","message":"request started","session":"a38c2610-1665-4c93-8051-4c451f5de325","severity":"debug","timestamp":"2026-03-25T12:09:58.359338668Z"}
{"currency":"GBP","http.req.id":"3d089f88-827e-44a9-923c-fac9aa592b13","http.req.method":"GET","http.req.path":"/product/9SIQT8TOJO","id":"9SIQT8TOJO","message":"serving product page","session":"a38c2610-1665-4c93-8051-4c451f5de325","severity":"debug","timestamp":"2026-03-25T12:09:58.359474435Z"}
{"http.req.id":"3d089f88-827e-44a9-923c-fac9aa592b13","http.req.method":"GET","http.req.path":"/product/9SIQT8TOJO","http.resp.bytes":8036,"http.resp.status":200,"http.resp.took_ms":22,"message":"request complete","session":"a38c2610-1665-4c93-8051-4c451f5de325","severity":"debug","timestamp":"2026-03-25T12:09:58.382113052Z"}
{"http.req.id":"863da618-71d1-47b4-ac4a-2c41ec69e13c","http.req.method":"POST","http.req.path":"/setCurrency","message":"request started","session":"df4ce93a-5d92-40a8-93c2-540bf11bbb4d","severity":"debug","timestamp":"2026-03-25T12:09:58.710462784Z"}
{"curr.new":"TRY","curr.old":"GBP","http.req.id":"863da618-71d1-47b4-ac4a-2c41ec69e13c","http.req.method":"POST","http.req.path":"/setCurrency","message":"setting currency","session":"df4ce93a-5d92-40a8-93c2-540bf11bbb4d","severity":"debug","timestamp":"2026-03-25T12:09:58.710645484Z"}
{"http.req.id":"863da618-71d1-47b4-ac4a-2c41ec69e13c","http.req.method":"POST","http.req.path":"/setCurrency","http.resp.bytes":0,"http.resp.status":302,"http.resp.took_ms":0,"message":"request complete","session":"df4ce93a-5d92-40a8-93c2-540bf11bbb4d","severity":"debug","timestamp":"2026-03-25T12:09:58.710695839Z"}
{"http.req.id":"c0446cd7-9d2c-4fab-84cd-25ef32176540","http.req.method":"GET","http.req.path":"/","message":"request started","session":"df4ce93a-5d92-40a8-93c2-540bf11bbb4d","severity":"debug","timestamp":"2026-03-25T12:09:58.712492374Z"}
{"currency":"TRY","http.req.id":"c0446cd7-9d2c-4fab-84cd-25ef32176540","http.req.method":"GET","http.req.path":"/","message":"home","session":"df4ce93a-5d92-40a8-93c2-540bf11bbb4d","severity":"info","timestamp":"2026-03-25T12:09:58.712573271Z"}
env platform is either empty or invalid
{"http.req.id":"c0446cd7-9d2c-4fab-84cd-25ef32176540","http.req.method":"GET","http.req.path":"/","message":"ENV_PLATFORM is: local","session":"df4ce93a-5d92-40a8-93c2-540bf11bbb4d","severity":"debug","timestamp":"2026-03-25T12:09:58.755676299Z"}
{"http.req.id":"c0446cd7-9d2c-4fab-84cd-25ef32176540","http.req.method":"GET","http.req.path":"/","http.resp.bytes":10411,"http.resp.status":200,"http.resp.took_ms":46,"message":"request complete","session":"df4ce93a-5d92-40a8-93c2-540bf11bbb4d","severity":"debug","timestamp":"2026-03-25T12:09:58.758904952Z"}
{"http.req.id":"55a2d2c7-4fbe-4f31-a9d8-afc26c2c61c6","http.req.method":"GET","http.req.path":"/cart","message":"request started","session":"694745d8-a179-4c65-83d6-9ed873a7b94b","severity":"debug","timestamp":"2026-03-25T12:09:58.833878094Z"}
{"http.req.id":"55a2d2c7-4fbe-4f31-a9d8-afc26c2c61c6","http.req.method":"GET","http.req.path":"/cart","message":"view user cart","session":"694745d8-a179-4c65-83d6-9ed873a7b94b","severity":"debug","timestamp":"2026-03-25T12:09:58.833982127Z"}
{"http.req.id":"55a2d2c7-4fbe-4f31-a9d8-afc26c2c61c6","http.req.method":"GET","http.req.path":"/cart","http.resp.bytes":16382,"http.resp.status":200,"http.resp.took_ms":30,"message":"request complete","session":"694745d8-a179-4c65-83d6-9ed873a7b94b","severity":"debug","timestamp":"2026-03-25T12:09:58.863906622Z"}
{"http.req.id":"18d91be6-1724-489f-90d2-897e4017ab95","http.req.method":"GET","http.req.path":"/cart","message":"request started","session":"32217267-98ca-4d66-9fc8-3f088b8def0f","severity":"debug","timestamp":"2026-03-25T12:09:58.877462806Z"}
{"http.req.id":"18d91be6-1724-489f-90d2-897e4017ab95","http.req.method":"GET","http.req.path":"/cart","message":"view user cart","session":"32217267-98ca-4d66-9fc8-3f088b8def0f","severity":"debug","timestamp":"2026-03-25T12:09:58.877531665Z"}
{"http.req.id":"18d91be6-1724-489f-90d2-897e4017ab95","http.req.method":"GET","http.req.path":"/cart","http.resp.bytes":19274,"http.resp.status":200,"http.resp.took_ms":95,"message":"request complete","session":"32217267-98ca-4d66-9fc8-3f088b8def0f","severity":"debug","timestamp":"2026-03-25T12:09:58.973105159Z"}
{"http.req.id":"eae122de-56ab-4b7c-8fe3-01415f875011","http.req.method":"GET","http.req.path":"/product/9SIQT8TOJO","message":"request started","session":"2d3bf3d7-22b5-49c9-8227-12126292f393","severity":"debug","timestamp":"2026-03-25T12:09:59.300194914Z"}
{"currency":"TRY","http.req.id":"eae122de-56ab-4b7c-8fe3-01415f875011","http.req.method":"GET","http.req.path":"/product/9SIQT8TOJO","id":"9SIQT8TOJO","message":"serving product page","session":"2d3bf3d7-22b5-49c9-8227-12126292f393","severity":"debug","timestamp":"2026-03-25T12:09:59.300302778Z"}
{"http.req.id":"eae122de-56ab-4b7c-8fe3-01415f875011","http.req.method":"GET","http.req.path":"/product/9SIQT8TOJO","http.resp.bytes":7947,"http.resp.status":200,"http.resp.took_ms":18,"message":"request complete","session":"2d3bf3d7-22b5-49c9-8227-12126292f393","severity":"debug","timestamp":"2026-03-25T12:09:59.319004467Z"}
{"http.req.id":"089155d3-f5fc-4fa1-bab5-3adab24a76b2","http.req.method":"GET","http.req.path":"/","message":"request started","session":"514e00c6-206e-4c6e-873f-852b796455de","severity":"debug","timestamp":"2026-03-25T12:09:59.891002732Z"}
{"currency":"GBP","http.req.id":"089155d3-f5fc-4fa1-bab5-3adab24a76b2","http.req.method":"GET","http.req.path":"/","message":"home","session":"514e00c6-206e-4c6e-873f-852b796455de","severity":"info","timestamp":"2026-03-25T12:09:59.891105925Z"}
env platform is either empty or invalid
{"http.req.id":"089155d3-f5fc-4fa1-bab5-3adab24a76b2","http.req.method":"GET","http.req.path":"/","message":"ENV_PLATFORM is: local","session":"514e00c6-206e-4c6e-873f-852b796455de","severity":"debug","timestamp":"2026-03-25T12:09:59.919051463Z"}
{"http.req.id":"089155d3-f5fc-4fa1-bab5-3adab24a76b2","http.req.method":"GET","http.req.path":"/","http.resp.bytes":10392,"http.resp.status":200,"http.resp.took_ms":31,"message":"request complete","session":"514e00c6-206e-4c6e-873f-852b796455de","severity":"debug","timestamp":"2026-03-25T12:09:59.922351093Z"}
{"http.req.id":"2b8ff236-ca1d-4619-9829-05ae89af85f0","http.req.method":"GET","http.req.path":"/product/2ZYFJ3GM2N","message":"request started","session":"513dd945-739c-4fe3-8e54-6e6927fbb733","severity":"debug","timestamp":"2026-03-25T12:10:00.010147015Z"}
{"currency":"USD","http.req.id":"2b8ff236-ca1d-4619-9829-05ae89af85f0","http.req.method":"GET","http.req.path":"/product/2ZYFJ3GM2N","id":"2ZYFJ3GM2N","message":"serving product page","session":"513dd945-739c-4fe3-8e54-6e6927fbb733","severity":"debug","timestamp":"2026-03-25T12:10:00.01027092Z"}
{"http.req.id":"2b8ff236-ca1d-4619-9829-05ae89af85f0","http.req.method":"GET","http.req.path":"/product/2ZYFJ3GM2N","http.resp.bytes":7902,"http.resp.status":200,"http.resp.took_ms":20,"message":"request complete","session":"513dd945-739c-4fe3-8e54-6e6927fbb733","severity":"debug","timestamp":"2026-03-25T12:10:00.03025279Z"}
{"http.req.id":"684d7097-4d3f-4e9e-b175-a9061d321c2e","http.req.method":"GET","http.req.path":"/cart","message":"request started","session":"fcb2831f-0627-4791-ac1d-23821dc5b140","severity":"debug","timestamp":"2026-03-25T12:10:00.473687651Z"}
{"http.req.id":"684d7097-4d3f-4e9e-b175-a9061d321c2e","http.req.method":"GET","http.req.path":"/cart","message":"view user cart","session":"fcb2831f-0627-4791-ac1d-23821dc5b140","severity":"debug","timestamp":"2026-03-25T12:10:00.47376625Z"}
{"http.req.id":"684d7097-4d3f-4e9e-b175-a9061d321c2e","http.req.method":"GET","http.req.path":"/cart","http.resp.bytes":22117,"http.resp.status":200,"http.resp.took_ms":74,"message":"request complete","session":"fcb2831f-0627-4791-ac1d-23821dc5b140","severity":"debug","timestamp":"2026-03-25T12:10:00.547824583Z"}
{"http.req.id":"5923c230-a5e8-4002-89f2-ded49c8ae7ca","http.req.method":"GET","http.req.path":"/_healthz","message":"request started","session":"x-liveness-probe","severity":"debug","timestamp":"2026-03-25T12:10:00.75862422Z"}
{"http.req.id":"5923c230-a5e8-4002-89f2-ded49c8ae7ca","http.req.method":"GET","http.req.path":"/_healthz","http.resp.bytes":2,"http.resp.status":200,"http.resp.took_ms":0,"message":"request complete","session":"x-liveness-probe","severity":"debug","timestamp":"2026-03-25T12:10:00.758773049Z"}
{"http.req.id":"df50660e-195a-4ef0-bbd9-3cb1b2e4b888","http.req.method":"GET","http.req.path":"/product/0PUK6V6EV0","message":"request started","session":"ecb080bf-5333-403f-9547-c8725d499228","severity":"debug","timestamp":"2026-03-25T12:10:02.582189551Z"}
{"currency":"EUR","http.req.id":"df50660e-195a-4ef0-bbd9-3cb1b2e4b888","http.req.method":"GET","http.req.path":"/product/0PUK6V6EV0","id":"0PUK6V6EV0","message":"serving product page","session":"ecb080bf-5333-403f-9547-c8725d499228","severity":"debug","timestamp":"2026-03-25T12:10:02.582260587Z"}
{"http.req.id":"df50660e-195a-4ef0-bbd9-3cb1b2e4b888","http.req.method":"GET","http.req.path":"/product/0PUK6V6EV0","http.resp.bytes":7986,"http.resp.status":200,"http.resp.took_ms":19,"message":"request complete","session":"ecb080bf-5333-403f-9547-c8725d499228","severity":"debug","timestamp":"2026-03-25T12:10:02.601976558Z"}
{"http.req.id":"cf608b87-9d31-4c13-a848-09a96b4cd95f","http.req.method":"GET","http.req.path":"/product/2ZYFJ3GM2N","message":"request started","session":"694745d8-a179-4c65-83d6-9ed873a7b94b","severity":"debug","timestamp":"2026-03-25T12:10:02.770121261Z"}
{"currency":"CAD","http.req.id":"cf608b87-9d31-4c13-a848-09a96b4cd95f","http.req.method":"GET","http.req.path":"/product/2ZYFJ3GM2N","id":"2ZYFJ3GM2N","message":"serving product page","session":"694745d8-a179-4c65-83d6-9ed873a7b94b","severity":"debug","timestamp":"2026-03-25T12:10:02.770265815Z"}
{"http.req.id":"cf608b87-9d31-4c13-a848-09a96b4cd95f","http.req.method":"GET","http.req.path":"/product/2ZYFJ3GM2N","http.resp.bytes":8019,"http.resp.status":200,"http.resp.took_ms":17,"message":"request complete","session":"694745d8-a179-4c65-83d6-9ed873a7b94b","severity":"debug","timestamp":"2026-03-25T12:10:02.787909026Z"}
{"http.req.id":"82e55b26-9a54-4321-9564-18ea58812fa8","http.req.method":"GET","http.req.path":"/product/1YMWWN1N4O","message":"request started","session":"2d3bf3d7-22b5-49c9-8227-12126292f393","severity":"debug","timestamp":"2026-03-25T12:10:03.339031989Z"}
{"currency":"TRY","http.req.id":"82e55b26-9a54-4321-9564-18ea58812fa8","http.req.method":"GET","http.req.path":"/product/1YMWWN1N4O","id":"1YMWWN1N4O","message":"serving product page","session":"2d3bf3d7-22b5-49c9-8227-12126292f393","severity":"debug","timestamp":"2026-03-25T12:10:03.339168536Z"}
{"http.req.id":"82e55b26-9a54-4321-9564-18ea58812fa8","http.req.method":"GET","http.req.path":"/product/1YMWWN1N4O","http.resp.bytes":7942,"http.resp.status":200,"http.resp.took_ms":16,"message":"request complete","session":"2d3bf3d7-22b5-49c9-8227-12126292f393","severity":"debug","timestamp":"2026-03-25T12:10:03.35535675Z"}
{"http.req.id":"4d7bbf89-ccfe-4a5b-811f-a3ae1ebb6f09","http.req.method":"GET","http.req.path":"/cart","message":"request started","session":"513dd945-739c-4fe3-8e54-6e6927fbb733","severity":"debug","timestamp":"2026-03-25T12:10:03.902831225Z"}
{"http.req.id":"4d7bbf89-ccfe-4a5b-811f-a3ae1ebb6f09","http.req.method":"GET","http.req.path":"/cart","message":"view user cart","session":"513dd945-739c-4fe3-8e54-6e6927fbb733","severity":"debug","timestamp":"2026-03-25T12:10:03.902929959Z"}
{"http.req.id":"4d7bbf89-ccfe-4a5b-811f-a3ae1ebb6f09","http.req.method":"GET","http.req.path":"/cart","http.resp.bytes":6841,"http.resp.status":200,"http.resp.took_ms":14,"message":"request complete","session":"513dd945-739c-4fe3-8e54-6e6927fbb733","severity":"debug","timestamp":"2026-03-25T12:10:03.91744932Z"}
{"http.req.id":"abc1f26f-de6b-404d-b33b-e6ee249f4179","http.req.method":"GET","http.req.path":"/_healthz","message":"request started","session":"x-readiness-probe","severity":"debug","timestamp":"2026-03-25T12:10:04.162081369Z"}
{"http.req.id":"abc1f26f-de6b-404d-b33b-e6ee249f4179","http.req.method":"GET","http.req.path":"/_healthz","http.resp.bytes":2,"http.resp.status":200,"http.resp.took_ms":0,"message":"request complete","session":"x-readiness-probe","severity":"debug","timestamp":"2026-03-25T12:10:04.162185208Z"}
{"http.req.id":"856dd166-246d-4ccd-a6ad-15e47ccbbd7b","http.req.method":"GET","http.req.path":"/product/LS4PSXUNUM","message":"request started","session":"827eab86-1aba-4a15-8740-5fee5900d10f","severity":"debug","timestamp":"2026-03-25T12:10:04.173048021Z"}
{"currency":"JPY","http.req.id":"856dd166-246d-4ccd-a6ad-15e47ccbbd7b","http.req.method":"GET","http.req.path":"/product/LS4PSXUNUM","id":"LS4PSXUNUM","message":"serving product page","session":"827eab86-1aba-4a15-8740-5fee5900d10f","severity":"debug","timestamp":"2026-03-25T12:10:04.173136287Z"}
{"http.req.id":"856dd166-246d-4ccd-a6ad-15e47ccbbd7b","http.req.method":"GET","http.req.path":"/product/LS4PSXUNUM","http.resp.bytes":7962,"http.resp.status":200,"http.resp.took_ms":73,"message":"request complete","session":"827eab86-1aba-4a15-8740-5fee5900d10f","severity":"debug","timestamp":"2026-03-25T12:10:04.246827505Z"}
{"http.req.id":"c0e383e1-79f7-4fa7-afd4-8f50a30702f6","http.req.method":"GET","http.req.path":"/product/1YMWWN1N4O","message":"request started","session":"df4ce93a-5d92-40a8-93c2-540bf11bbb4d","severity":"debug","timestamp":"2026-03-25T12:10:04.893605295Z"}
{"currency":"TRY","http.req.id":"c0e383e1-79f7-4fa7-afd4-8f50a30702f6","http.req.method":"GET","http.req.path":"/product/1YMWWN1N4O","id":"1YMWWN1N4O","message":"serving product page","session":"df4ce93a-5d92-40a8-93c2-540bf11bbb4d","severity":"debug","timestamp":"2026-03-25T12:10:04.893736463Z"}
{"http.req.id":"c0e383e1-79f7-4fa7-afd4-8f50a30702f6","http.req.method":"GET","http.req.path":"/product/1YMWWN1N4O","http.resp.bytes":7940,"http.resp.status":200,"http.resp.took_ms":20,"message":"request complete","session":"df4ce93a-5d92-40a8-93c2-540bf11bbb4d","severity":"debug","timestamp":"2026-03-25T12:10:04.914240349Z"}
{"http.req.id":"564bd2a1-6766-4123-b31c-dea89aa3dd9c","http.req.method":"GET","http.req.path":"/product/2ZYFJ3GM2N","message":"request started","session":"2d3bf3d7-22b5-49c9-8227-12126292f393","severity":"debug","timestamp":"2026-03-25T12:10:05.047077153Z"}
{"currency":"TRY","http.req.id":"564bd2a1-6766-4123-b31c-dea89aa3dd9c","http.req.method":"GET","http.req.path":"/product/2ZYFJ3GM2N","id":"2ZYFJ3GM2N","message":"serving product page","session":"2d3bf3d7-22b5-49c9-8227-12126292f393","severity":"debug","timestamp":"2026-03-25T12:10:05.047198808Z"}
{"http.req.id":"0d285a22-65d5-4929-96ad-515048aa92c4","http.req.method":"GET","http.req.path":"/product/OLJCESPC7Z","message":"request started","session":"513dd945-739c-4fe3-8e54-6e6927fbb733","severity":"debug","timestamp":"2026-03-25T12:10:05.047096547Z"}
{"currency":"USD","http.req.id":"0d285a22-65d5-4929-96ad-515048aa92c4","http.req.method":"GET","http.req.path":"/product/OLJCESPC7Z","id":"OLJCESPC7Z","message":"serving product page","session":"513dd945-739c-4fe3-8e54-6e6927fbb733","severity":"debug","timestamp":"2026-03-25T12:10:05.048018032Z"}
{"http.req.id":"564bd2a1-6766-4123-b31c-dea89aa3dd9c","http.req.method":"GET","http.req.path":"/product/2ZYFJ3GM2N","http.resp.bytes":7947,"http.resp.status":200,"http.resp.took_ms":22,"message":"request complete","session":"2d3bf3d7-22b5-49c9-8227-12126292f393","severity":"debug","timestamp":"2026-03-25T12:10:05.069454579Z"}
{"http.req.id":"0d285a22-65d5-4929-96ad-515048aa92c4","http.req.method":"GET","http.req.path":"/product/OLJCESPC7Z","http.resp.bytes":7957,"http.resp.status":200,"http.resp.took_ms":26,"message":"request complete","session":"513dd945-739c-4fe3-8e54-6e6927fbb733","severity":"debug","timestamp":"2026-03-25T12:10:05.073490442Z"}
{"http.req.id":"8d40ce5c-5675-4aa3-9b78-e2637d1bd34f","http.req.method":"GET","http.req.path":"/product/0PUK6V6EV0","message":"request started","session":"fcb2831f-0627-4791-ac1d-23821dc5b140","severity":"debug","timestamp":"2026-03-25T12:10:05.170116125Z"}
{"currency":"EUR","http.req.id":"8d40ce5c-5675-4aa3-9b78-e2637d1bd34f","http.req.method":"GET","http.req.path":"/product/0PUK6V6EV0","id":"0PUK6V6EV0","message":"serving product page","session":"fcb2831f-0627-4791-ac1d-23821dc5b140","severity":"debug","timestamp":"2026-03-25T12:10:05.170210689Z"}
{"http.req.id":"8d40ce5c-5675-4aa3-9b78-e2637d1bd34f","http.req.method":"GET","http.req.path":"/product/0PUK6V6EV0","http.resp.bytes":7976,"http.resp.status":200,"http.resp.took_ms":17,"message":"request complete","session":"fcb2831f-0627-4791-ac1d-23821dc5b140","severity":"debug","timestamp":"2026-03-25T12:10:05.18796844Z"}
{"http.req.id":"d11922ee-2991-468b-a03d-e477b8e7b7ee","http.req.method":"GET","http.req.path":"/product/OLJCESPC7Z","message":"request started","session":"514e00c6-206e-4c6e-873f-852b796455de","severity":"debug","timestamp":"2026-03-25T12:10:05.578834057Z"}
{"currency":"GBP","http.req.id":"d11922ee-2991-468b-a03d-e477b8e7b7ee","http.req.method":"GET","http.req.path":"/product/OLJCESPC7Z","id":"OLJCESPC7Z","message":"serving product page","session":"514e00c6-206e-4c6e-873f-852b796455de","severity":"debug","timestamp":"2026-03-25T12:10:05.578911798Z"}
{"http.req.id":"d11922ee-2991-468b-a03d-e477b8e7b7ee","http.req.method":"GET","http.req.path":"/product/OLJCESPC7Z","http.resp.bytes":7919,"http.resp.status":200,"http.resp.took_ms":70,"message":"request complete","session":"514e00c6-206e-4c6e-873f-852b796455de","severity":"debug","timestamp":"2026-03-25T12:10:05.649299408Z"}
{"http.req.id":"d3cd2367-62c9-4065-8cd8-8461e26c7ebf","http.req.method":"GET","http.req.path":"/product/66VCHSJNUP","message":"request started","session":"2d3bf3d7-22b5-49c9-8227-12126292f393","severity":"debug","timestamp":"2026-03-25T12:10:06.158366276Z"}
{"currency":"TRY","http.req.id":"d3cd2367-62c9-4065-8cd8-8461e26c7ebf","http.req.method":"GET","http.req.path":"/product/66VCHSJNUP","id":"66VCHSJNUP","message":"serving product page","session":"2d3bf3d7-22b5-49c9-8227-12126292f393","severity":"debug","timestamp":"2026-03-25T12:10:06.158490894Z"}
{"http.req.id":"d3cd2367-62c9-4065-8cd8-8461e26c7ebf","http.req.method":"GET","http.req.path":"/product/66VCHSJNUP","http.resp.bytes":7885,"http.resp.status":200,"http.resp.took_ms":54,"message":"request complete","session":"2d3bf3d7-22b5-49c9-8227-12126292f393","severity":"debug","timestamp":"2026-03-25T12:10:06.21284435Z"}
{"http.req.id":"1383447b-1765-4eaf-b15f-ed9cfe0bf306","http.req.method":"POST","http.req.path":"/cart","message":"request started","session":"2d3bf3d7-22b5-49c9-8227-12126292f393","severity":"debug","timestamp":"2026-03-25T12:10:06.214197855Z"}
{"http.req.id":"1383447b-1765-4eaf-b15f-ed9cfe0bf306","http.req.method":"POST","http.req.path":"/cart","message":"adding to cart","product":"66VCHSJNUP","quantity":5,"session":"2d3bf3d7-22b5-49c9-8227-12126292f393","severity":"debug","timestamp":"2026-03-25T12:10:06.214392454Z"}
{"http.req.id":"1383447b-1765-4eaf-b15f-ed9cfe0bf306","http.req.method":"POST","http.req.path":"/cart","http.resp.bytes":0,"http.resp.status":302,"http.resp.took_ms":39,"message":"request complete","session":"2d3bf3d7-22b5-49c9-8227-12126292f393","severity":"debug","timestamp":"2026-03-25T12:10:06.253606335Z"}
{"http.req.id":"9111d88e-ea87-4b8d-83bb-c77116b7178d","http.req.method":"GET","http.req.path":"/cart","message":"request started","session":"2d3bf3d7-22b5-49c9-8227-12126292f393","severity":"debug","timestamp":"2026-03-25T12:10:06.255137961Z"}
{"http.req.id":"9111d88e-ea87-4b8d-83bb-c77116b7178d","http.req.method":"GET","http.req.path":"/cart","message":"view user cart","session":"2d3bf3d7-22b5-49c9-8227-12126292f393","severity":"debug","timestamp":"2026-03-25T12:10:06.255224449Z"}
{"http.req.id":"9111d88e-ea87-4b8d-83bb-c77116b7178d","http.req.method":"GET","http.req.path":"/cart","http.resp.bytes":16398,"http.resp.status":200,"http.resp.took_ms":41,"message":"request complete","session":"2d3bf3d7-22b5-49c9-8227-12126292f393","severity":"debug","timestamp":"2026-03-25T12:10:06.296637757Z"}
{"http.req.id":"8050f987-008d-40fb-b066-8b5e468a79d1","http.req.method":"POST","http.req.path":"/cart/checkout","message":"request started","session":"2d3bf3d7-22b5-49c9-8227-12126292f393","severity":"debug","timestamp":"2026-03-25T12:10:06.299985227Z"}
{"http.req.id":"8050f987-008d-40fb-b066-8b5e468a79d1","http.req.method":"POST","http.req.path":"/cart/checkout","message":"placing order","session":"2d3bf3d7-22b5-49c9-8227-12126292f393","severity":"debug","timestamp":"2026-03-25T12:10:06.300089456Z"}
{"http.req.id":"8050f987-008d-40fb-b066-8b5e468a79d1","http.req.method":"POST","http.req.path":"/cart/checkout","message":"order placed","order":"8fa40e23-2843-11f1-a4a0-927ce8a683d8","session":"2d3bf3d7-22b5-49c9-8227-12126292f393","severity":"info","timestamp":"2026-03-25T12:10:06.358075264Z"}
{"http.req.id":"8050f987-008d-40fb-b066-8b5e468a79d1","http.req.method":"POST","http.req.path":"/cart/checkout","http.resp.bytes":6711,"http.resp.status":200,"http.resp.took_ms":71,"message":"request complete","session":"2d3bf3d7-22b5-49c9-8227-12126292f393","severity":"debug","timestamp":"2026-03-25T12:10:06.371499723Z"}
{"http.req.id":"80e4521d-a21d-4241-b288-e6b9847cfb66","http.req.method":"GET","http.req.path":"/product/66VCHSJNUP","message":"request started","session":"32217267-98ca-4d66-9fc8-3f088b8def0f","severity":"debug","timestamp":"2026-03-25T12:10:06.876271302Z"}
{"currency":"EUR","http.req.id":"80e4521d-a21d-4241-b288-e6b9847cfb66","http.req.method":"GET","http.req.path":"/product/66VCHSJNUP","id":"66VCHSJNUP","message":"serving product page","session":"32217267-98ca-4d66-9fc8-3f088b8def0f","severity":"debug","timestamp":"2026-03-25T12:10:06.876432023Z"}
{"http.req.id":"80e4521d-a21d-4241-b288-e6b9847cfb66","http.req.method":"GET","http.req.path":"/product/66VCHSJNUP","http.resp.bytes":7960,"http.resp.status":200,"http.resp.took_ms":19,"message":"request complete","session":"32217267-98ca-4d66-9fc8-3f088b8def0f","severity":"debug","timestamp":"2026-03-25T12:10:06.895852447Z"}
{"http.req.id":"04f9633a-5f9e-4375-b0bd-5d28946582c8","http.req.method":"POST","http.req.path":"/setCurrency","message":"request started","session":"2d3bf3d7-22b5-49c9-8227-12126292f393","severity":"debug","timestamp":"2026-03-25T12:10:07.42107235Z"}
{"curr.new":"JPY","curr.old":"TRY","http.req.id":"04f9633a-5f9e-4375-b0bd-5d28946582c8","http.req.method":"POST","http.req.path":"/setCurrency","message":"setting currency","session":"2d3bf3d7-22b5-49c9-8227-12126292f393","severity":"debug","timestamp":"2026-03-25T12:10:07.421295346Z"}
{"http.req.id":"04f9633a-5f9e-4375-b0bd-5d28946582c8","http.req.method":"POST","http.req.path":"/setCurrency","http.resp.bytes":0,"http.resp.status":302,"http.resp.took_ms":0,"message":"request complete","session":"2d3bf3d7-22b5-49c9-8227-12126292f393","severity":"debug","timestamp":"2026-03-25T12:10:07.421474478Z"}
{"http.req.id":"f9557500-94e8-458f-b1f2-70121823a459","http.req.method":"GET","http.req.path":"/","message":"request started","session":"2d3bf3d7-22b5-49c9-8227-12126292f393","severity":"debug","timestamp":"2026-03-25T12:10:07.422815062Z"}
{"currency":"JPY","http.req.id":"f9557500-94e8-458f-b1f2-70121823a459","http.req.method":"GET","http.req.path":"/","message":"home","session":"2d3bf3d7-22b5-49c9-8227-12126292f393","severity":"info","timestamp":"2026-03-25T12:10:07.42289322Z"}
env platform is either empty or invalid
{"http.req.id":"f9557500-94e8-458f-b1f2-70121823a459","http.req.method":"GET","http.req.path":"/","message":"ENV_PLATFORM is: local","session":"2d3bf3d7-22b5-49c9-8227-12126292f393","severity":"debug","timestamp":"2026-03-25T12:10:07.484270737Z"}
{"http.req.id":"f9557500-94e8-458f-b1f2-70121823a459","http.req.method":"GET","http.req.path":"/","http.resp.bytes":10413,"http.resp.status":200,"http.resp.took_ms":64,"message":"request complete","session":"2d3bf3d7-22b5-49c9-8227-12126292f393","severity":"debug","timestamp":"2026-03-25T12:10:07.487564813Z"}
{"http.req.id":"085bc1ad-28a4-4194-b8ef-95303f6304c3","http.req.method":"GET","http.req.path":"/cart","message":"request started","session":"a38c2610-1665-4c93-8051-4c451f5de325","severity":"debug","timestamp":"2026-03-25T12:10:07.967677127Z"}
{"http.req.id":"085bc1ad-28a4-4194-b8ef-95303f6304c3","http.req.method":"GET","http.req.path":"/cart","message":"view user cart","session":"a38c2610-1665-4c93-8051-4c451f5de325","severity":"debug","timestamp":"2026-03-25T12:10:07.967773741Z"}
{"http.req.id":"575b511d-648f-49be-bca4-aab5d1e59058","http.req.method":"GET","http.req.path":"/product/0PUK6V6EV0","message":"request started","session":"df4ce93a-5d92-40a8-93c2-540bf11bbb4d","severity":"debug","timestamp":"2026-03-25T12:10:08.047179988Z"}
{"currency":"TRY","http.req.id":"575b511d-648f-49be-bca4-aab5d1e59058","http.req.method":"GET","http.req.path":"/product/0PUK6V6EV0","id":"0PUK6V6EV0","message":"serving product page","session":"df4ce93a-5d92-40a8-93c2-540bf11bbb4d","severity":"debug","timestamp":"2026-03-25T12:10:08.04728846Z"}
{"http.req.id":"085bc1ad-28a4-4194-b8ef-95303f6304c3","http.req.method":"GET","http.req.path":"/cart","http.resp.bytes":19251,"http.resp.status":200,"http.resp.took_ms":85,"message":"request complete","session":"a38c2610-1665-4c93-8051-4c451f5de325","severity":"debug","timestamp":"2026-03-25T12:10:08.052767581Z"}
{"http.req.id":"575b511d-648f-49be-bca4-aab5d1e59058","http.req.method":"GET","http.req.path":"/product/0PUK6V6EV0","http.resp.bytes":7877,"http.resp.status":200,"http.resp.took_ms":21,"message":"request complete","session":"df4ce93a-5d92-40a8-93c2-540bf11bbb4d","severity":"debug","timestamp":"2026-03-25T12:10:08.068717511Z"}
{"http.req.id":"096c6cec-cf52-42b9-b68a-3b1f019f1c00","http.req.method":"GET","http.req.path":"/product/9SIQT8TOJO","message":"request started","session":"694745d8-a179-4c65-83d6-9ed873a7b94b","severity":"debug","timestamp":"2026-03-25T12:10:08.495433636Z"}
{"currency":"CAD","http.req.id":"096c6cec-cf52-42b9-b68a-3b1f019f1c00","http.req.method":"GET","http.req.path":"/product/9SIQT8TOJO","id":"9SIQT8TOJO","message":"serving product page","session":"694745d8-a179-4c65-83d6-9ed873a7b94b","severity":"debug","timestamp":"2026-03-25T12:10:08.498390907Z"}
{"http.req.id":"096c6cec-cf52-42b9-b68a-3b1f019f1c00","http.req.method":"GET","http.req.path":"/product/9SIQT8TOJO","http.resp.bytes":8017,"http.resp.status":200,"http.resp.took_ms":64,"message":"request complete","session":"694745d8-a179-4c65-83d6-9ed873a7b94b","severity":"debug","timestamp":"2026-03-25T12:10:08.559831238Z"}
