{"http.req.id":"4e81446d-68a8-4e2f-9f7b-c0d6e982e4ec","http.req.method":"POST","http.req.path":"/cart/checkout","message":"order placed","order":"b5d8a66c-2841-11f1-a4a0-927ce8a683d8","session":"827eab86-1aba-4a15-8740-5fee5900d10f","severity":"info","timestamp":"2026-03-25T11:56:51.428596409Z"}
{"http.req.id":"4e81446d-68a8-4e2f-9f7b-c0d6e982e4ec","http.req.method":"POST","http.req.path":"/cart/checkout","http.resp.bytes":6722,"http.resp.status":200,"http.resp.took_ms":36,"message":"request complete","session":"827eab86-1aba-4a15-8740-5fee5900d10f","severity":"debug","timestamp":"2026-03-25T11:56:51.44059551Z"}
{"http.req.id":"85a09c2d-8a9f-487a-b7b4-cfe98752c5ce","http.req.method":"GET","http.req.path":"/cart","message":"request started","session":"513dd945-739c-4fe3-8e54-6e6927fbb733","severity":"debug","timestamp":"2026-03-25T11:56:52.04347688Z"}
{"http.req.id":"85a09c2d-8a9f-487a-b7b4-cfe98752c5ce","http.req.method":"GET","http.req.path":"/cart","message":"view user cart","session":"513dd945-739c-4fe3-8e54-6e6927fbb733","severity":"debug","timestamp":"2026-03-25T11:56:52.043575651Z"}
{"http.req.id":"85a09c2d-8a9f-487a-b7b4-cfe98752c5ce","http.req.method":"GET","http.req.path":"/cart","http.resp.bytes":6861,"http.resp.status":200,"http.resp.took_ms":15,"message":"request complete","session":"513dd945-739c-4fe3-8e54-6e6927fbb733","severity":"debug","timestamp":"2026-03-25T11:56:52.059059997Z"}
{"http.req.id":"ca60dfa2-780d-4b7b-9804-2e0274d113e4","http.req.method":"GET","http.req.path":"/product/OLJCESPC7Z","message":"request started","session":"32217267-98ca-4d66-9fc8-3f088b8def0f","severity":"debug","timestamp":"2026-03-25T11:56:53.465357884Z"}
{"currency":"USD","http.req.id":"ca60dfa2-780d-4b7b-9804-2e0274d113e4","http.req.method":"GET","http.req.path":"/product/OLJCESPC7Z","id":"OLJCESPC7Z","message":"serving product page","session":"32217267-98ca-4d66-9fc8-3f088b8def0f","severity":"debug","timestamp":"2026-03-25T11:56:53.465452567Z"}
{"http.req.id":"ca60dfa2-780d-4b7b-9804-2e0274d113e4","http.req.method":"GET","http.req.path":"/product/OLJCESPC7Z","http.resp.bytes":7998,"http.resp.status":200,"http.resp.took_ms":20,"message":"request complete","session":"32217267-98ca-4d66-9fc8-3f088b8def0f","severity":"debug","timestamp":"2026-03-25T11:56:53.48579933Z"}
{"http.req.id":"1748dc9e-d5bb-45dd-87eb-1c89d9bc92c7","http.req.method":"GET","http.req.path":"/product/2ZYFJ3GM2N","message":"request started","session":"df4ce93a-5d92-40a8-93c2-540bf11bbb4d","severity":"debug","timestamp":"2026-03-25T11:56:53.698352269Z"}
{"currency":"USD","http.req.id":"1748dc9e-d5bb-45dd-87eb-1c89d9bc92c7","http.req.method":"GET","http.req.path":"/product/2ZYFJ3GM2N","id":"2ZYFJ3GM2N","message":"serving product page","session":"df4ce93a-5d92-40a8-93c2-540bf11bbb4d","severity":"debug","timestamp":"2026-03-25T11:56:53.698455476Z"}
{"http.req.id":"1748dc9e-d5bb-45dd-87eb-1c89d9bc92c7","http.req.method":"GET","http.req.path":"/product/2ZYFJ3GM2N","http.resp.bytes":7984,"http.resp.status":200,"http.resp.took_ms":17,"message":"request complete","session":"df4ce93a-5d92-40a8-93c2-540bf11bbb4d","severity":"debug","timestamp":"2026-03-25T11:56:53.715804049Z"}
{"http.req.id":"19ad64f9-53ae-4332-87e3-a8fc382a1d59","http.req.method":"GET","http.req.path":"/product/66VCHSJNUP","message":"request started","session":"a38c2610-1665-4c93-8051-4c451f5de325","severity":"debug","timestamp":"2026-03-25T11:56:54.126564537Z"}
{"currency":"JPY","http.req.id":"19ad64f9-53ae-4332-87e3-a8fc382a1d59","http.req.method":"GET","http.req.path":"/product/66VCHSJNUP","id":"66VCHSJNUP","message":"serving product page","session":"a38c2610-1665-4c93-8051-4c451f5de325","severity":"debug","timestamp":"2026-03-25T11:56:54.126623629Z"}
{"http.req.id":"19ad64f9-53ae-4332-87e3-a8fc382a1d59","http.req.method":"GET","http.req.path":"/product/66VCHSJNUP","http.resp.bytes":7959,"http.resp.status":200,"http.resp.took_ms":17,"message":"request complete","session":"a38c2610-1665-4c93-8051-4c451f5de325","severity":"debug","timestamp":"2026-03-25T11:56:54.144201463Z"}
{"http.req.id":"c4f52323-0892-433e-ba46-ba255c16e7c4","http.req.method":"GET","http.req.path":"/cart","message":"request started","session":"694745d8-a179-4c65-83d6-9ed873a7b94b","severity":"debug","timestamp":"2026-03-25T11:56:54.80872546Z"}
{"http.req.id":"c4f52323-0892-433e-ba46-ba255c16e7c4","http.req.method":"GET","http.req.path":"/cart","message":"view user cart","session":"694745d8-a179-4c65-83d6-9ed873a7b94b","severity":"debug","timestamp":"2026-03-25T11:56:54.808967858Z"}
{"http.req.id":"c4f52323-0892-433e-ba46-ba255c16e7c4","http.req.method":"GET","http.req.path":"/cart","http.resp.bytes":16396,"http.resp.status":200,"http.resp.took_ms":30,"message":"request complete","session":"694745d8-a179-4c65-83d6-9ed873a7b94b","severity":"debug","timestamp":"2026-03-25T11:56:54.83941277Z"}
{"http.req.id":"73dc1d6d-ab9b-410a-b75e-aed7baa28b71","http.req.method":"GET","http.req.path":"/product/OLJCESPC7Z","message":"request started","session":"513dd945-739c-4fe3-8e54-6e6927fbb733","severity":"debug","timestamp":"2026-03-25T11:56:54.864572069Z"}
{"currency":"TRY","http.req.id":"73dc1d6d-ab9b-410a-b75e-aed7baa28b71","http.req.method":"GET","http.req.path":"/product/OLJCESPC7Z","id":"OLJCESPC7Z","message":"serving product page","session":"513dd945-739c-4fe3-8e54-6e6927fbb733","severity":"debug","timestamp":"2026-03-25T11:56:54.86474403Z"}
{"http.req.id":"73dc1d6d-ab9b-410a-b75e-aed7baa28b71","http.req.method":"GET","http.req.path":"/product/OLJCESPC7Z","http.resp.bytes":7904,"http.resp.status":200,"http.resp.took_ms":63,"message":"request complete","session":"513dd945-739c-4fe3-8e54-6e6927fbb733","severity":"debug","timestamp":"2026-03-25T11:56:54.927663824Z"}
{"http.req.id":"2fa6bed2-da05-4efd-95c6-d5428b34868a","http.req.method":"GET","http.req.path":"/_healthz","message":"request started","session":"x-readiness-probe","severity":"debug","timestamp":"2026-03-25T11:56:55.419328893Z"}
{"http.req.id":"2fa6bed2-da05-4efd-95c6-d5428b34868a","http.req.method":"GET","http.req.path":"/_healthz","http.resp.bytes":2,"http.resp.status":200,"http.resp.took_ms":0,"message":"request complete","session":"x-readiness-probe","severity":"debug","timestamp":"2026-03-25T11:56:55.419469325Z"}
{"http.req.id":"ad75d2fe-0636-4163-a81e-a51e03b94c31","http.req.method":"GET","http.req.path":"/product/L9ECAV7KIM","message":"request started","session":"ecb080bf-5333-403f-9547-c8725d499228","severity":"debug","timestamp":"2026-03-25T11:56:55.730936252Z"}
{"currency":"EUR","http.req.id":"ad75d2fe-0636-4163-a81e-a51e03b94c31","http.req.method":"GET","http.req.path":"/product/L9ECAV7KIM","id":"L9ECAV7KIM","message":"serving product page","session":"ecb080bf-5333-403f-9547-c8725d499228","severity":"debug","timestamp":"2026-03-25T11:56:55.731061505Z"}
{"http.req.id":"ad75d2fe-0636-4163-a81e-a51e03b94c31","http.req.method":"GET","http.req.path":"/product/L9ECAV7KIM","http.resp.bytes":7870,"http.resp.status":200,"http.resp.took_ms":22,"message":"request complete","session":"ecb080bf-5333-403f-9547-c8725d499228","severity":"debug","timestamp":"2026-03-25T11:56:55.753039305Z"}
{"http.req.id":"b73ed408-b65b-4ef4-947f-4d77cab48a90","http.req.method":"GET","http.req.path":"/product/0PUK6V6EV0","message":"request started","session":"32217267-98ca-4d66-9fc8-3f088b8def0f","severity":"debug","timestamp":"2026-03-25T11:56:55.863467828Z"}
{"currency":"USD","http.req.id":"b73ed408-b65b-4ef4-947f-4d77cab48a90","http.req.method":"GET","http.req.path":"/product/0PUK6V6EV0","id":"0PUK6V6EV0","message":"serving product page","session":"32217267-98ca-4d66-9fc8-3f088b8def0f","severity":"debug","timestamp":"2026-03-25T11:56:55.863637198Z"}
{"http.req.id":"b73ed408-b65b-4ef4-947f-4d77cab48a90","http.req.method":"GET","http.req.path":"/product/0PUK6V6EV0","http.resp.bytes":7991,"http.resp.status":200,"http.resp.took_ms":22,"message":"request complete","session":"32217267-98ca-4d66-9fc8-3f088b8def0f","severity":"debug","timestamp":"2026-03-25T11:56:55.885875393Z"}
{"http.req.id":"ec0ca59c-adb5-418f-8080-7c473a5d28b9","http.req.method":"GET","http.req.path":"/product/L9ECAV7KIM","message":"request started","session":"514e00c6-206e-4c6e-873f-852b796455de","severity":"debug","timestamp":"2026-03-25T11:56:56.541890944Z"}
{"currency":"EUR","http.req.id":"ec0ca59c-adb5-418f-8080-7c473a5d28b9","http.req.method":"GET","http.req.path":"/product/L9ECAV7KIM","id":"L9ECAV7KIM","message":"serving product page","session":"514e00c6-206e-4c6e-873f-852b796455de","severity":"debug","timestamp":"2026-03-25T11:56:56.542068261Z"}
{"http.req.id":"ec0ca59c-adb5-418f-8080-7c473a5d28b9","http.req.method":"GET","http.req.path":"/product/L9ECAV7KIM","http.resp.bytes":8001,"http.resp.status":200,"http.resp.took_ms":34,"message":"request complete","session":"514e00c6-206e-4c6e-873f-852b796455de","severity":"debug","timestamp":"2026-03-25T11:56:56.57654899Z"}
{"http.req.id":"24dce77f-58c3-414e-b6e5-94afc24a171a","http.req.method":"GET","http.req.path":"/product/9SIQT8TOJO","message":"request started","session":"827eab86-1aba-4a15-8740-5fee5900d10f","severity":"debug","timestamp":"2026-03-25T11:56:56.800601594Z"}
{"currency":"GBP","http.req.id":"24dce77f-58c3-414e-b6e5-94afc24a171a","http.req.method":"GET","http.req.path":"/product/9SIQT8TOJO","id":"9SIQT8TOJO","message":"serving product page","session":"827eab86-1aba-4a15-8740-5fee5900d10f","severity":"debug","timestamp":"2026-03-25T11:56:56.800714859Z"}
{"http.req.id":"24dce77f-58c3-414e-b6e5-94afc24a171a","http.req.method":"GET","http.req.path":"/product/9SIQT8TOJO","http.resp.bytes":7902,"http.resp.status":200,"http.resp.took_ms":35,"message":"request complete","session":"827eab86-1aba-4a15-8740-5fee5900d10f","severity":"debug","timestamp":"2026-03-25T11:56:56.835982449Z"}
{"http.req.id":"d00e3d31-75bf-435a-ae6d-a990de1ff5e9","http.req.method":"GET","http.req.path":"/product/2ZYFJ3GM2N","message":"request started","session":"2d3bf3d7-22b5-49c9-8227-12126292f393","severity":"debug","timestamp":"2026-03-25T11:56:57.032760468Z"}
{"currency":"GBP","http.req.id":"d00e3d31-75bf-435a-ae6d-a990de1ff5e9","http.req.method":"GET","http.req.path":"/product/2ZYFJ3GM2N","id":"2ZYFJ3GM2N","message":"serving product page","session":"2d3bf3d7-22b5-49c9-8227-12126292f393","severity":"debug","timestamp":"2026-03-25T11:56:57.032925723Z"}
{"http.req.id":"d00e3d31-75bf-435a-ae6d-a990de1ff5e9","http.req.method":"GET","http.req.path":"/product/2ZYFJ3GM2N","http.resp.bytes":8044,"http.resp.status":200,"http.resp.took_ms":31,"message":"request complete","session":"2d3bf3d7-22b5-49c9-8227-12126292f393","severity":"debug","timestamp":"2026-03-25T11:56:57.063837433Z"}
{"http.req.id":"d70b61b4-fd68-4542-a749-9eac03a04477","http.req.method":"GET","http.req.path":"/","message":"request started","session":"694745d8-a179-4c65-83d6-9ed873a7b94b","severity":"debug","timestamp":"2026-03-25T11:56:57.174480558Z"}
{"currency":"TRY","http.req.id":"d70b61b4-fd68-4542-a749-9eac03a04477","http.req.method":"GET","http.req.path":"/","message":"home","session":"694745d8-a179-4c65-83d6-9ed873a7b94b","severity":"info","timestamp":"2026-03-25T11:56:57.17457188Z"}
env platform is either empty or invalid
{"http.req.id":"d70b61b4-fd68-4542-a749-9eac03a04477","http.req.method":"GET","http.req.path":"/","message":"ENV_PLATFORM is: local","session":"694745d8-a179-4c65-83d6-9ed873a7b94b","severity":"debug","timestamp":"2026-03-25T11:56:57.216733472Z"}
{"http.req.id":"d70b61b4-fd68-4542-a749-9eac03a04477","http.req.method":"GET","http.req.path":"/","http.resp.bytes":10500,"http.resp.status":200,"http.resp.took_ms":45,"message":"request complete","session":"694745d8-a179-4c65-83d6-9ed873a7b94b","severity":"debug","timestamp":"2026-03-25T11:56:57.219736521Z"}
{"http.req.id":"cc60ba57-a883-4167-9ac5-8dbe68af5981","http.req.method":"GET","http.req.path":"/product/L9ECAV7KIM","message":"request started","session":"ecb080bf-5333-403f-9547-c8725d499228","severity":"debug","timestamp":"2026-03-25T11:56:57.333794805Z"}
{"currency":"EUR","http.req.id":"cc60ba57-a883-4167-9ac5-8dbe68af5981","http.req.method":"GET","http.req.path":"/product/L9ECAV7KIM","id":"L9ECAV7KIM","message":"serving product page","session":"ecb080bf-5333-403f-9547-c8725d499228","severity":"debug","timestamp":"2026-03-25T11:56:57.333929519Z"}
{"http.req.id":"cc60ba57-a883-4167-9ac5-8dbe68af5981","http.req.method":"GET","http.req.path":"/product/L9ECAV7KIM","http.resp.bytes":7896,"http.resp.status":200,"http.resp.took_ms":39,"message":"request complete","session":"ecb080bf-5333-403f-9547-c8725d499228","severity":"debug","timestamp":"2026-03-25T11:56:57.373014551Z"}
{"http.req.id":"be111742-bda4-4169-9e10-340a39eedbfb","http.req.method":"GET","http.req.path":"/cart","message":"request started","session":"32217267-98ca-4d66-9fc8-3f088b8def0f","severity":"debug","timestamp":"2026-03-25T11:56:58.573563357Z"}
{"http.req.id":"be111742-bda4-4169-9e10-340a39eedbfb","http.req.method":"GET","http.req.path":"/cart","message":"view user cart","session":"32217267-98ca-4d66-9fc8-3f088b8def0f","severity":"debug","timestamp":"2026-03-25T11:56:58.57371056Z"}
{"http.req.id":"be111742-bda4-4169-9e10-340a39eedbfb","http.req.method":"GET","http.req.path":"/cart","http.resp.bytes":16363,"http.resp.status":200,"http.resp.took_ms":37,"message":"request complete","session":"32217267-98ca-4d66-9fc8-3f088b8def0f","severity":"debug","timestamp":"2026-03-25T11:56:58.610780198Z"}
{"http.req.id":"9d6b7856-6f35-48f4-87cc-3d9014f838f8","http.req.method":"GET","http.req.path":"/product/66VCHSJNUP","message":"request started","session":"2d3bf3d7-22b5-49c9-8227-12126292f393","severity":"debug","timestamp":"2026-03-25T11:56:58.997544023Z"}
{"currency":"GBP","http.req.id":"9d6b7856-6f35-48f4-87cc-3d9014f838f8","http.req.method":"GET","http.req.path":"/product/66VCHSJNUP","id":"66VCHSJNUP","message":"serving product page","session":"2d3bf3d7-22b5-49c9-8227-12126292f393","severity":"debug","timestamp":"2026-03-25T11:56:58.997658104Z"}
{"http.req.id":"9d6b7856-6f35-48f4-87cc-3d9014f838f8","http.req.method":"GET","http.req.path":"/product/66VCHSJNUP","http.resp.bytes":7984,"http.resp.status":200,"http.resp.took_ms":20,"message":"request complete","session":"2d3bf3d7-22b5-49c9-8227-12126292f393","severity":"debug","timestamp":"2026-03-25T11:56:59.018052974Z"}
{"http.req.id":"6d06f3c9-8fd7-46cd-b95e-457e4cc7d9f3","http.req.method":"GET","http.req.path":"/product/2ZYFJ3GM2N","message":"request started","session":"fcb2831f-0627-4791-ac1d-23821dc5b140","severity":"debug","timestamp":"2026-03-25T11:57:00.420737298Z"}
{"currency":"JPY","http.req.id":"6d06f3c9-8fd7-46cd-b95e-457e4cc7d9f3","http.req.method":"GET","http.req.path":"/product/2ZYFJ3GM2N","id":"2ZYFJ3GM2N","message":"serving product page","session":"fcb2831f-0627-4791-ac1d-23821dc5b140","severity":"debug","timestamp":"2026-03-25T11:57:00.420850994Z"}
{"http.req.id":"6d06f3c9-8fd7-46cd-b95e-457e4cc7d9f3","http.req.method":"GET","http.req.path":"/product/2ZYFJ3GM2N","http.resp.bytes":7956,"http.resp.status":200,"http.resp.took_ms":78,"message":"request complete","session":"fcb2831f-0627-4791-ac1d-23821dc5b140","severity":"debug","timestamp":"2026-03-25T11:57:00.49960009Z"}
{"http.req.id":"0897eb8d-63df-4e9d-8723-052fb379b22e","http.req.method":"GET","http.req.path":"/cart","message":"request started","session":"df4ce93a-5d92-40a8-93c2-540bf11bbb4d","severity":"debug","timestamp":"2026-03-25T11:57:00.764430191Z"}
{"http.req.id":"0897eb8d-63df-4e9d-8723-052fb379b22e","http.req.method":"GET","http.req.path":"/cart","message":"view user cart","session":"df4ce93a-5d92-40a8-93c2-540bf11bbb4d","severity":"debug","timestamp":"2026-03-25T11:57:00.764613905Z"}
{"http.req.id":"0897eb8d-63df-4e9d-8723-052fb379b22e","http.req.method":"GET","http.req.path":"/cart","http.resp.bytes":17822,"http.resp.status":200,"http.resp.took_ms":38,"message":"request complete","session":"df4ce93a-5d92-40a8-93c2-540bf11bbb4d","severity":"debug","timestamp":"2026-03-25T11:57:00.802645475Z"}
{"http.req.id":"d07eab36-20c4-491b-ba91-f87ff7792d58","http.req.method":"GET","http.req.path":"/","message":"request started","session":"2d3bf3d7-22b5-49c9-8227-12126292f393","severity":"debug","timestamp":"2026-03-25T11:57:01.00638572Z"}
{"currency":"GBP","http.req.id":"d07eab36-20c4-491b-ba91-f87ff7792d58","http.req.method":"GET","http.req.path":"/","message":"home","session":"2d3bf3d7-22b5-49c9-8227-12126292f393","severity":"info","timestamp":"2026-03-25T11:57:01.009032005Z"}
env platform is either empty or invalid
{"http.req.id":"d07eab36-20c4-491b-ba91-f87ff7792d58","http.req.method":"GET","http.req.path":"/","message":"ENV_PLATFORM is: local","session":"2d3bf3d7-22b5-49c9-8227-12126292f393","severity":"debug","timestamp":"2026-03-25T11:57:01.111600549Z"}
{"http.req.id":"d07eab36-20c4-491b-ba91-f87ff7792d58","http.req.method":"GET","http.req.path":"/","http.resp.bytes":10482,"http.resp.status":200,"http.resp.took_ms":108,"message":"request complete","session":"2d3bf3d7-22b5-49c9-8227-12126292f393","severity":"debug","timestamp":"2026-03-25T11:57:01.114866797Z"}
{"http.req.id":"b6e2ff8e-6504-4981-b3c0-370c6898f5e7","http.req.method":"GET","http.req.path":"/product/1YMWWN1N4O","message":"request started","session":"694745d8-a179-4c65-83d6-9ed873a7b94b","severity":"debug","timestamp":"2026-03-25T11:57:01.170790373Z"}
{"currency":"TRY","http.req.id":"b6e2ff8e-6504-4981-b3c0-370c6898f5e7","http.req.method":"GET","http.req.path":"/product/1YMWWN1N4O","id":"1YMWWN1N4O","message":"serving product page","session":"694745d8-a179-4c65-83d6-9ed873a7b94b","severity":"debug","timestamp":"2026-03-25T11:57:01.17091372Z"}
{"http.req.id":"b6e2ff8e-6504-4981-b3c0-370c6898f5e7","http.req.method":"GET","http.req.path":"/product/1YMWWN1N4O","http.resp.bytes":8037,"http.resp.status":200,"http.resp.took_ms":22,"message":"request complete","session":"694745d8-a179-4c65-83d6-9ed873a7b94b","severity":"debug","timestamp":"2026-03-25T11:57:01.192973061Z"}
{"http.req.id":"a4da9110-420e-4d3d-a550-29abc70d9284","http.req.method":"GET","http.req.path":"/_healthz","message":"request started","session":"x-liveness-probe","severity":"debug","timestamp":"2026-03-25T11:57:01.211870772Z"}
{"http.req.id":"a4da9110-420e-4d3d-a550-29abc70d9284","http.req.method":"GET","http.req.path":"/_healthz","http.resp.bytes":2,"http.resp.status":200,"http.resp.took_ms":0,"message":"request complete","session":"x-liveness-probe","severity":"debug","timestamp":"2026-03-25T11:57:01.211999524Z"}
{"http.req.id":"791d6f9e-dfd0-423f-bf94-711603f9f08b","http.req.method":"GET","http.req.path":"/product/9SIQT8TOJO","message":"request started","session":"513dd945-739c-4fe3-8e54-6e6927fbb733","severity":"debug","timestamp":"2026-03-25T11:57:01.788994155Z"}
{"currency":"TRY","http.req.id":"791d6f9e-dfd0-423f-bf94-711603f9f08b","http.req.method":"GET","http.req.path":"/product/9SIQT8TOJO","id":"9SIQT8TOJO","message":"serving product page","session":"513dd945-739c-4fe3-8e54-6e6927fbb733","severity":"debug","timestamp":"2026-03-25T11:57:01.789086213Z"}
{"http.req.id":"791d6f9e-dfd0-423f-bf94-711603f9f08b","http.req.method":"GET","http.req.path":"/product/9SIQT8TOJO","http.resp.bytes":7921,"http.resp.status":200,"http.resp.took_ms":15,"message":"request complete","session":"513dd945-739c-4fe3-8e54-6e6927fbb733","severity":"debug","timestamp":"2026-03-25T11:57:01.804405113Z"}
{"http.req.id":"4e418809-32b5-4490-8030-fa3afbd761db","http.req.method":"GET","http.req.path":"/product/6E92ZMYYFZ","message":"request started","session":"514e00c6-206e-4c6e-873f-852b796455de","severity":"debug","timestamp":"2026-03-25T11:57:02.452919646Z"}
{"currency":"EUR","http.req.id":"4e418809-32b5-4490-8030-fa3afbd761db","http.req.method":"GET","http.req.path":"/product/6E92ZMYYFZ","id":"6E92ZMYYFZ","message":"serving product page","session":"514e00c6-206e-4c6e-873f-852b796455de","severity":"debug","timestamp":"2026-03-25T11:57:02.453029792Z"}
{"http.req.id":"4e418809-32b5-4490-8030-fa3afbd761db","http.req.method":"GET","http.req.path":"/product/6E92ZMYYFZ","http.resp.bytes":7960,"http.resp.status":200,"http.resp.took_ms":16,"message":"request complete","session":"514e00c6-206e-4c6e-873f-852b796455de","severity":"debug","timestamp":"2026-03-25T11:57:02.4693325Z"}
{"http.req.id":"3d81bf1a-06f1-453c-b2ee-74141e4468a0","http.req.method":"GET","http.req.path":"/product/2ZYFJ3GM2N","message":"request started","session":"a38c2610-1665-4c93-8051-4c451f5de325","severity":"debug","timestamp":"2026-03-25T11:57:02.958531388Z"}
{"currency":"JPY","http.req.id":"3d81bf1a-06f1-453c-b2ee-74141e4468a0","http.req.method":"GET","http.req.path":"/product/2ZYFJ3GM2N","id":"2ZYFJ3GM2N","message":"serving product page","session":"a38c2610-1665-4c93-8051-4c451f5de325","severity":"debug","timestamp":"2026-03-25T11:57:02.958641509Z"}
{"http.req.id":"3d81bf1a-06f1-453c-b2ee-74141e4468a0","http.req.method":"GET","http.req.path":"/product/2ZYFJ3GM2N","http.resp.bytes":8017,"http.resp.status":200,"http.resp.took_ms":44,"message":"request complete","session":"a38c2610-1665-4c93-8051-4c451f5de325","severity":"debug","timestamp":"2026-03-25T11:57:03.002757473Z"}
{"http.req.id":"684dfb09-c1c1-48b4-9969-d9d64a427d3f","http.req.method":"POST","http.req.path":"/cart","message":"request started","session":"a38c2610-1665-4c93-8051-4c451f5de325","severity":"debug","timestamp":"2026-03-25T11:57:03.004368256Z"}
{"http.req.id":"684dfb09-c1c1-48b4-9969-d9d64a427d3f","http.req.method":"POST","http.req.path":"/cart","message":"adding to cart","product":"2ZYFJ3GM2N","quantity":4,"session":"a38c2610-1665-4c93-8051-4c451f5de325","severity":"debug","timestamp":"2026-03-25T11:57:03.004585895Z"}
{"http.req.id":"684dfb09-c1c1-48b4-9969-d9d64a427d3f","http.req.method":"POST","http.req.path":"/cart","http.resp.bytes":0,"http.resp.status":302,"http.resp.took_ms":4,"message":"request complete","session":"a38c2610-1665-4c93-8051-4c451f5de325","severity":"debug","timestamp":"2026-03-25T11:57:03.008741031Z"}
{"http.req.id":"a6602932-9653-4da4-99b2-750b84ab413d","http.req.method":"GET","http.req.path":"/cart","message":"request started","session":"a38c2610-1665-4c93-8051-4c451f5de325","severity":"debug","timestamp":"2026-03-25T11:57:03.010470141Z"}
{"http.req.id":"a6602932-9653-4da4-99b2-750b84ab413d","http.req.method":"GET","http.req.path":"/cart","message":"view user cart","session":"a38c2610-1665-4c93-8051-4c451f5de325","severity":"debug","timestamp":"2026-03-25T11:57:03.010595475Z"}
{"http.req.id":"a6602932-9653-4da4-99b2-750b84ab413d","http.req.method":"GET","http.req.path":"/cart","http.resp.bytes":16414,"http.resp.status":200,"http.resp.took_ms":93,"message":"request complete","session":"a38c2610-1665-4c93-8051-4c451f5de325","severity":"debug","timestamp":"2026-03-25T11:57:03.104427545Z"}
{"http.req.id":"82aeadab-8943-4ee0-9162-e7b3f6d7c549","http.req.method":"POST","http.req.path":"/cart/checkout","message":"request started","session":"a38c2610-1665-4c93-8051-4c451f5de325","severity":"debug","timestamp":"2026-03-25T11:57:03.106957719Z"}
{"http.req.id":"82aeadab-8943-4ee0-9162-e7b3f6d7c549","http.req.method":"POST","http.req.path":"/cart/checkout","message":"placing order","session":"a38c2610-1665-4c93-8051-4c451f5de325","severity":"debug","timestamp":"2026-03-25T11:57:03.107026323Z"}
{"http.req.id":"82aeadab-8943-4ee0-9162-e7b3f6d7c549","http.req.method":"POST","http.req.path":"/cart/checkout","message":"order placed","order":"bcd25593-2841-11f1-a4a0-927ce8a683d8","session":"a38c2610-1665-4c93-8051-4c451f5de325","severity":"info","timestamp":"2026-03-25T11:57:03.120981017Z"}
{"http.req.id":"82aeadab-8943-4ee0-9162-e7b3f6d7c549","http.req.method":"POST","http.req.path":"/cart/checkout","http.resp.bytes":6768,"http.resp.status":200,"http.resp.took_ms":24,"message":"request complete","session":"a38c2610-1665-4c93-8051-4c451f5de325","severity":"debug","timestamp":"2026-03-25T11:57:03.1311444Z"}
{"http.req.id":"151a09ff-616a-4513-aefe-cb175dc3d284","http.req.method":"GET","http.req.path":"/cart","message":"request started","session":"ecb080bf-5333-403f-9547-c8725d499228","severity":"debug","timestamp":"2026-03-25T11:57:04.358430997Z"}
{"http.req.id":"151a09ff-616a-4513-aefe-cb175dc3d284","http.req.method":"GET","http.req.path":"/cart","message":"view user cart","session":"ecb080bf-5333-403f-9547-c8725d499228","severity":"debug","timestamp":"2026-03-25T11:57:04.358729602Z"}
{"http.req.id":"151a09ff-616a-4513-aefe-cb175dc3d284","http.req.method":"GET","http.req.path":"/cart","http.resp.bytes":6843,"http.resp.status":200,"http.resp.took_ms":36,"message":"request complete","session":"ecb080bf-5333-403f-9547-c8725d499228","severity":"debug","timestamp":"2026-03-25T11:57:04.39517569Z"}
{"http.req.id":"7d4a361c-4a94-4f90-93db-7df7d660ef89","http.req.method":"GET","http.req.path":"/product/2ZYFJ3GM2N","message":"request started","session":"2d3bf3d7-22b5-49c9-8227-12126292f393","severity":"debug","timestamp":"2026-03-25T11:57:04.666553865Z"}
{"currency":"GBP","http.req.id":"7d4a361c-4a94-4f90-93db-7df7d660ef89","http.req.method":"GET","http.req.path":"/product/2ZYFJ3GM2N","id":"2ZYFJ3GM2N","message":"serving product page","session":"2d3bf3d7-22b5-49c9-8227-12126292f393","severity":"debug","timestamp":"2026-03-25T11:57:04.666657068Z"}
{"http.req.id":"7d4a361c-4a94-4f90-93db-7df7d660ef89","http.req.method":"GET","http.req.path":"/product/2ZYFJ3GM2N","http.resp.bytes":7986,"http.resp.status":200,"http.resp.took_ms":23,"message":"request complete","session":"2d3bf3d7-22b5-49c9-8227-12126292f393","severity":"debug","timestamp":"2026-03-25T11:57:04.6904557Z"}
{"http.req.id":"6ee45f4a-caee-47dc-b6e7-895e4738554e","http.req.method":"GET","http.req.path":"/cart","message":"request started","session":"827eab86-1aba-4a15-8740-5fee5900d10f","severity":"debug","timestamp":"2026-03-25T11:57:04.86980075Z"}
{"http.req.id":"6ee45f4a-caee-47dc-b6e7-895e4738554e","http.req.method":"GET","http.req.path":"/cart","message":"view user cart","session":"827eab86-1aba-4a15-8740-5fee5900d10f","severity":"debug","timestamp":"2026-03-25T11:57:04.869864787Z"}
{"http.req.id":"6ee45f4a-caee-47dc-b6e7-895e4738554e","http.req.method":"GET","http.req.path":"/cart","http.resp.bytes":6830,"http.resp.status":200,"http.resp.took_ms":15,"message":"request complete","session":"827eab86-1aba-4a15-8740-5fee5900d10f","severity":"debug","timestamp":"2026-03-25T11:57:04.885000906Z"}
{"http.req.id":"4a11d2c0-ffba-4105-9909-506130ca9d26","http.req.method":"GET","http.req.path":"/_healthz","message":"request started","session":"x-readiness-probe","severity":"debug","timestamp":"2026-03-25T11:57:05.417903238Z"}
{"http.req.id":"4a11d2c0-ffba-4105-9909-506130ca9d26","http.req.method":"GET","http.req.path":"/_healthz","http.resp.bytes":2,"http.resp.status":200,"http.resp.took_ms":0,"message":"request complete","session":"x-readiness-probe","severity":"debug","timestamp":"2026-03-25T11:57:05.418122583Z"}
{"http.req.id":"a0c14f1b-66d4-44d6-b8ca-7f9eff603519","http.req.method":"GET","http.req.path":"/product/1YMWWN1N4O","message":"request started","session":"df4ce93a-5d92-40a8-93c2-540bf11bbb4d","severity":"debug","timestamp":"2026-03-25T11:57:05.552924236Z"}
{"currency":"USD","http.req.id":"a0c14f1b-66d4-44d6-b8ca-7f9eff603519","http.req.method":"GET","http.req.path":"/product/1YMWWN1N4O","id":"1YMWWN1N4O","message":"serving product page","session":"df4ce93a-5d92-40a8-93c2-540bf11bbb4d","severity":"debug","timestamp":"2026-03-25T11:57:05.553028241Z"}
{"http.req.id":"a0c14f1b-66d4-44d6-b8ca-7f9eff603519","http.req.method":"GET","http.req.path":"/product/1YMWWN1N4O","http.resp.bytes":8018,"http.resp.status":200,"http.resp.took_ms":18,"message":"request complete","session":"df4ce93a-5d92-40a8-93c2-540bf11bbb4d","severity":"debug","timestamp":"2026-03-25T11:57:05.571572622Z"}
