{"http.req.id":"a15e1cd2-2c80-444b-a971-9dd4d6982f35","http.req.method":"GET","http.req.path":"/product/9SIQT8TOJO","message":"request started","session":"b1a1fb98-93d6-41f8-9605-e0c8a82d1d3c","severity":"debug","timestamp":"2026-03-06T06:04:30.349000156Z"}
{"currency":"JPY","http.req.id":"a15e1cd2-2c80-444b-a971-9dd4d6982f35","http.req.method":"GET","http.req.path":"/product/9SIQT8TOJO","id":"9SIQT8TOJO","message":"serving product page","session":"b1a1fb98-93d6-41f8-9605-e0c8a82d1d3c","severity":"debug","timestamp":"2026-03-06T06:04:30.349068582Z"}
{"http.req.id":"a15e1cd2-2c80-444b-a971-9dd4d6982f35","http.req.method":"GET","http.req.path":"/product/9SIQT8TOJO","http.resp.bytes":7968,"http.resp.status":200,"http.resp.took_ms":67,"message":"request complete","session":"b1a1fb98-93d6-41f8-9605-e0c8a82d1d3c","severity":"debug","timestamp":"2026-03-06T06:04:30.416032883Z"}
{"http.req.id":"4d467286-c00c-449b-8e88-0ff33761920c","http.req.method":"GET","http.req.path":"/product/1YMWWN1N4O","message":"request started","session":"89995d91-ad5c-4838-8317-c04497a5d805","severity":"debug","timestamp":"2026-03-06T06:04:31.15493548Z"}
{"currency":"USD","http.req.id":"4d467286-c00c-449b-8e88-0ff33761920c","http.req.method":"GET","http.req.path":"/product/1YMWWN1N4O","id":"1YMWWN1N4O","message":"serving product page","session":"89995d91-ad5c-4838-8317-c04497a5d805","severity":"debug","timestamp":"2026-03-06T06:04:31.155033829Z"}
{"http.req.id":"4d467286-c00c-449b-8e88-0ff33761920c","http.req.method":"GET","http.req.path":"/product/1YMWWN1N4O","http.resp.bytes":8062,"http.resp.status":200,"http.resp.took_ms":64,"message":"request complete","session":"89995d91-ad5c-4838-8317-c04497a5d805","severity":"debug","timestamp":"2026-03-06T06:04:31.219348374Z"}
{"http.req.id":"cb29a4cb-be71-48f7-992d-b7dbc3275ca9","http.req.method":"GET","http.req.path":"/product/2ZYFJ3GM2N","message":"request started","session":"ec0b6821-5225-4ee8-8ec0-1e3bbbdffabb","severity":"debug","timestamp":"2026-03-06T06:04:31.229548152Z"}
{"currency":"USD","http.req.id":"cb29a4cb-be71-48f7-992d-b7dbc3275ca9","http.req.method":"GET","http.req.path":"/product/2ZYFJ3GM2N","id":"2ZYFJ3GM2N","message":"serving product page","session":"ec0b6821-5225-4ee8-8ec0-1e3bbbdffabb","severity":"debug","timestamp":"2026-03-06T06:04:31.229623389Z"}
{"http.req.id":"cb29a4cb-be71-48f7-992d-b7dbc3275ca9","http.req.method":"GET","http.req.path":"/product/2ZYFJ3GM2N","http.resp.bytes":8062,"http.resp.status":200,"http.resp.took_ms":188,"message":"request complete","session":"ec0b6821-5225-4ee8-8ec0-1e3bbbdffabb","severity":"debug","timestamp":"2026-03-06T06:04:31.417644183Z"}
{"http.req.id":"30b2ce65-f6af-4e4e-a5c0-08d72cb49fc5","http.req.method":"POST","http.req.path":"/cart","message":"request started","session":"ec0b6821-5225-4ee8-8ec0-1e3bbbdffabb","severity":"debug","timestamp":"2026-03-06T06:04:31.418808198Z"}
{"http.req.id":"30b2ce65-f6af-4e4e-a5c0-08d72cb49fc5","http.req.method":"POST","http.req.path":"/cart","message":"adding to cart","product":"2ZYFJ3GM2N","quantity":4,"session":"ec0b6821-5225-4ee8-8ec0-1e3bbbdffabb","severity":"debug","timestamp":"2026-03-06T06:04:31.418897172Z"}
{"http.req.id":"30b2ce65-f6af-4e4e-a5c0-08d72cb49fc5","http.req.method":"POST","http.req.path":"/cart","http.resp.bytes":0,"http.resp.status":302,"http.resp.took_ms":2,"message":"request complete","session":"ec0b6821-5225-4ee8-8ec0-1e3bbbdffabb","severity":"debug","timestamp":"2026-03-06T06:04:31.421454284Z"}
{"http.req.id":"df993032-a45f-4568-b04a-d97d9d9f6ad5","http.req.method":"GET","http.req.path":"/cart","message":"request started","session":"ec0b6821-5225-4ee8-8ec0-1e3bbbdffabb","severity":"debug","timestamp":"2026-03-06T06:04:31.422766591Z"}
{"http.req.id":"df993032-a45f-4568-b04a-d97d9d9f6ad5","http.req.method":"GET","http.req.path":"/cart","message":"view user cart","session":"ec0b6821-5225-4ee8-8ec0-1e3bbbdffabb","severity":"debug","timestamp":"2026-03-06T06:04:31.422857042Z"}
{"http.req.id":"df993032-a45f-4568-b04a-d97d9d9f6ad5","http.req.method":"GET","http.req.path":"/cart","http.resp.bytes":19313,"http.resp.status":200,"http.resp.took_ms":99,"message":"request complete","session":"ec0b6821-5225-4ee8-8ec0-1e3bbbdffabb","severity":"debug","timestamp":"2026-03-06T06:04:31.521805842Z"}
{"http.req.id":"077ad599-fa3a-455a-985e-d7b3ef6811f6","http.req.method":"GET","http.req.path":"/cart","message":"request started","session":"d7d3227d-0824-4f40-a472-c039f0192426","severity":"debug","timestamp":"2026-03-06T06:04:31.740268166Z"}
{"http.req.id":"077ad599-fa3a-455a-985e-d7b3ef6811f6","http.req.method":"GET","http.req.path":"/cart","message":"view user cart","session":"d7d3227d-0824-4f40-a472-c039f0192426","severity":"debug","timestamp":"2026-03-06T06:04:31.740337152Z"}
{"http.req.id":"077ad599-fa3a-455a-985e-d7b3ef6811f6","http.req.method":"GET","http.req.path":"/cart","http.resp.bytes":17914,"http.resp.status":200,"http.resp.took_ms":180,"message":"request complete","session":"d7d3227d-0824-4f40-a472-c039f0192426","severity":"debug","timestamp":"2026-03-06T06:04:31.921257637Z"}
{"http.req.id":"196f8497-6ee4-43e2-9b14-fc2181ab756d","http.req.method":"GET","http.req.path":"/product/2ZYFJ3GM2N","message":"request started","session":"eed418e8-7ab1-4992-b9a1-40aeb0d3dc43","severity":"debug","timestamp":"2026-03-06T06:04:32.803367353Z"}
{"currency":"USD","http.req.id":"196f8497-6ee4-43e2-9b14-fc2181ab756d","http.req.method":"GET","http.req.path":"/product/2ZYFJ3GM2N","id":"2ZYFJ3GM2N","message":"serving product page","session":"eed418e8-7ab1-4992-b9a1-40aeb0d3dc43","severity":"debug","timestamp":"2026-03-06T06:04:32.803424168Z"}
{"http.req.id":"196f8497-6ee4-43e2-9b14-fc2181ab756d","http.req.method":"GET","http.req.path":"/product/2ZYFJ3GM2N","http.resp.bytes":8078,"http.resp.status":200,"http.resp.took_ms":14,"message":"request complete","session":"eed418e8-7ab1-4992-b9a1-40aeb0d3dc43","severity":"debug","timestamp":"2026-03-06T06:04:32.817519875Z"}
{"http.req.id":"a27759f0-900b-40fe-88a9-e0f2374522a8","http.req.method":"POST","http.req.path":"/cart","message":"request started","session":"eed418e8-7ab1-4992-b9a1-40aeb0d3dc43","severity":"debug","timestamp":"2026-03-06T06:04:32.818673024Z"}
{"http.req.id":"a27759f0-900b-40fe-88a9-e0f2374522a8","http.req.method":"POST","http.req.path":"/cart","message":"adding to cart","product":"2ZYFJ3GM2N","quantity":8,"session":"eed418e8-7ab1-4992-b9a1-40aeb0d3dc43","severity":"debug","timestamp":"2026-03-06T06:04:32.818801195Z"}
{"http.req.id":"a27759f0-900b-40fe-88a9-e0f2374522a8","http.req.method":"POST","http.req.path":"/cart","http.resp.bytes":0,"http.resp.status":302,"http.resp.took_ms":4,"message":"request complete","session":"eed418e8-7ab1-4992-b9a1-40aeb0d3dc43","severity":"debug","timestamp":"2026-03-06T06:04:32.823011894Z"}
{"http.req.id":"23d11b60-c999-497d-adb5-50e7137fd424","http.req.method":"GET","http.req.path":"/cart","message":"request started","session":"eed418e8-7ab1-4992-b9a1-40aeb0d3dc43","severity":"debug","timestamp":"2026-03-06T06:04:32.824052327Z"}
{"http.req.id":"23d11b60-c999-497d-adb5-50e7137fd424","http.req.method":"GET","http.req.path":"/cart","message":"view user cart","session":"eed418e8-7ab1-4992-b9a1-40aeb0d3dc43","severity":"debug","timestamp":"2026-03-06T06:04:32.824131358Z"}
{"http.req.id":"23d11b60-c999-497d-adb5-50e7137fd424","http.req.method":"GET","http.req.path":"/cart","http.resp.bytes":17855,"http.resp.status":200,"http.resp.took_ms":97,"message":"request complete","session":"eed418e8-7ab1-4992-b9a1-40aeb0d3dc43","severity":"debug","timestamp":"2026-03-06T06:04:32.921922872Z"}
{"http.req.id":"4e2ef4ae-5931-4725-868e-0008d9fdff28","http.req.method":"GET","http.req.path":"/_healthz","message":"request started","session":"x-readiness-probe","severity":"debug","timestamp":"2026-03-06T06:04:32.976420715Z"}
{"http.req.id":"4e2ef4ae-5931-4725-868e-0008d9fdff28","http.req.method":"GET","http.req.path":"/_healthz","http.resp.bytes":2,"http.resp.status":200,"http.resp.took_ms":0,"message":"request complete","session":"x-readiness-probe","severity":"debug","timestamp":"2026-03-06T06:04:32.976564112Z"}
{"http.req.id":"35393e87-15e0-420b-a703-a1c245a454d2","http.req.method":"GET","http.req.path":"/product/0PUK6V6EV0","message":"request started","session":"fa2d8e54-c567-4c66-b702-8bb183ef4a46","severity":"debug","timestamp":"2026-03-06T06:04:33.770627674Z"}
{"currency":"GBP","http.req.id":"35393e87-15e0-420b-a703-a1c245a454d2","http.req.method":"GET","http.req.path":"/product/0PUK6V6EV0","id":"0PUK6V6EV0","message":"serving product page","session":"fa2d8e54-c567-4c66-b702-8bb183ef4a46","severity":"debug","timestamp":"2026-03-06T06:04:33.770771089Z"}
{"http.req.id":"35393e87-15e0-420b-a703-a1c245a454d2","http.req.method":"GET","http.req.path":"/product/0PUK6V6EV0","http.resp.bytes":8012,"http.resp.status":200,"http.resp.took_ms":50,"message":"request complete","session":"fa2d8e54-c567-4c66-b702-8bb183ef4a46","severity":"debug","timestamp":"2026-03-06T06:04:33.821455107Z"}
{"http.req.id":"beead73e-1d2e-4bd6-9b83-200b5c55c764","http.req.method":"GET","http.req.path":"/product/L9ECAV7KIM","message":"request started","session":"ec0b6821-5225-4ee8-8ec0-1e3bbbdffabb","severity":"debug","timestamp":"2026-03-06T06:04:33.978798882Z"}
{"currency":"USD","http.req.id":"beead73e-1d2e-4bd6-9b83-200b5c55c764","http.req.method":"GET","http.req.path":"/product/L9ECAV7KIM","id":"L9ECAV7KIM","message":"serving product page","session":"ec0b6821-5225-4ee8-8ec0-1e3bbbdffabb","severity":"debug","timestamp":"2026-03-06T06:04:33.978954331Z"}
{"http.req.id":"beead73e-1d2e-4bd6-9b83-200b5c55c764","http.req.method":"GET","http.req.path":"/product/L9ECAV7KIM","http.resp.bytes":8040,"http.resp.status":200,"http.resp.took_ms":47,"message":"request complete","session":"ec0b6821-5225-4ee8-8ec0-1e3bbbdffabb","severity":"debug","timestamp":"2026-03-06T06:04:34.02588518Z"}
{"http.req.id":"4a6c41b3-5355-4521-beab-2db3019b6d06","http.req.method":"POST","http.req.path":"/cart","message":"request started","session":"ec0b6821-5225-4ee8-8ec0-1e3bbbdffabb","severity":"debug","timestamp":"2026-03-06T06:04:34.027601782Z"}
{"http.req.id":"4a6c41b3-5355-4521-beab-2db3019b6d06","http.req.method":"POST","http.req.path":"/cart","message":"adding to cart","product":"L9ECAV7KIM","quantity":10,"session":"ec0b6821-5225-4ee8-8ec0-1e3bbbdffabb","severity":"debug","timestamp":"2026-03-06T06:04:34.027844634Z"}
{"http.req.id":"4a6c41b3-5355-4521-beab-2db3019b6d06","http.req.method":"POST","http.req.path":"/cart","http.resp.bytes":0,"http.resp.status":302,"http.resp.took_ms":6,"message":"request complete","session":"ec0b6821-5225-4ee8-8ec0-1e3bbbdffabb","severity":"debug","timestamp":"2026-03-06T06:04:34.033896463Z"}
{"http.req.id":"7b36086a-8bb2-4836-a3a9-78a154bc5382","http.req.method":"GET","http.req.path":"/cart","message":"request started","session":"ec0b6821-5225-4ee8-8ec0-1e3bbbdffabb","severity":"debug","timestamp":"2026-03-06T06:04:34.035746273Z"}
{"http.req.id":"7b36086a-8bb2-4836-a3a9-78a154bc5382","http.req.method":"GET","http.req.path":"/cart","message":"view user cart","session":"ec0b6821-5225-4ee8-8ec0-1e3bbbdffabb","severity":"debug","timestamp":"2026-03-06T06:04:34.035868856Z"}
{"http.req.id":"7b36086a-8bb2-4836-a3a9-78a154bc5382","http.req.method":"GET","http.req.path":"/cart","http.resp.bytes":20741,"http.resp.status":200,"http.resp.took_ms":104,"message":"request complete","session":"ec0b6821-5225-4ee8-8ec0-1e3bbbdffabb","severity":"debug","timestamp":"2026-03-06T06:04:34.140256683Z"}
{"http.req.id":"8e933798-70a1-4927-b8e6-041dcddeed10","http.req.method":"GET","http.req.path":"/product/0PUK6V6EV0","message":"request started","session":"89995d91-ad5c-4838-8317-c04497a5d805","severity":"debug","timestamp":"2026-03-06T06:04:35.015430873Z"}
{"currency":"USD","http.req.id":"8e933798-70a1-4927-b8e6-041dcddeed10","http.req.method":"GET","http.req.path":"/product/0PUK6V6EV0","id":"0PUK6V6EV0","message":"serving product page","session":"89995d91-ad5c-4838-8317-c04497a5d805","severity":"debug","timestamp":"2026-03-06T06:04:35.015579562Z"}
{"http.req.id":"8e933798-70a1-4927-b8e6-041dcddeed10","http.req.method":"GET","http.req.path":"/product/0PUK6V6EV0","http.resp.bytes":8018,"http.resp.status":200,"http.resp.took_ms":201,"message":"request complete","session":"89995d91-ad5c-4838-8317-c04497a5d805","severity":"debug","timestamp":"2026-03-06T06:04:35.216664889Z"}
{"http.req.id":"df42162c-f44b-4e62-aa13-93c1d6992cf2","http.req.method":"GET","http.req.path":"/product/66VCHSJNUP","message":"request started","session":"ec0b6821-5225-4ee8-8ec0-1e3bbbdffabb","severity":"debug","timestamp":"2026-03-06T06:04:35.266050017Z"}
{"currency":"USD","http.req.id":"df42162c-f44b-4e62-aa13-93c1d6992cf2","http.req.method":"GET","http.req.path":"/product/66VCHSJNUP","id":"66VCHSJNUP","message":"serving product page","session":"ec0b6821-5225-4ee8-8ec0-1e3bbbdffabb","severity":"debug","timestamp":"2026-03-06T06:04:35.266134267Z"}
{"http.req.id":"df42162c-f44b-4e62-aa13-93c1d6992cf2","http.req.method":"GET","http.req.path":"/product/66VCHSJNUP","http.resp.bytes":8022,"http.resp.status":200,"http.resp.took_ms":155,"message":"request complete","session":"ec0b6821-5225-4ee8-8ec0-1e3bbbdffabb","severity":"debug","timestamp":"2026-03-06T06:04:35.42186929Z"}
{"http.req.id":"2d2cdc39-fbd0-4f5b-b7dd-b630edcc0acf","http.req.method":"GET","http.req.path":"/cart","message":"request started","session":"3e105862-e07a-48bd-9f67-033f05224f8f","severity":"debug","timestamp":"2026-03-06T06:04:35.784695636Z"}
{"http.req.id":"2d2cdc39-fbd0-4f5b-b7dd-b630edcc0acf","http.req.method":"GET","http.req.path":"/cart","message":"view user cart","session":"3e105862-e07a-48bd-9f67-033f05224f8f","severity":"debug","timestamp":"2026-03-06T06:04:35.784755865Z"}
{"http.req.id":"2d2cdc39-fbd0-4f5b-b7dd-b630edcc0acf","http.req.method":"GET","http.req.path":"/cart","http.resp.bytes":16460,"http.resp.status":200,"http.resp.took_ms":33,"message":"request complete","session":"3e105862-e07a-48bd-9f67-033f05224f8f","severity":"debug","timestamp":"2026-03-06T06:04:35.81868479Z"}
{"http.req.id":"546d86cf-22de-4da0-aba1-fbca11db0bd5","http.req.method":"POST","http.req.path":"/setCurrency","message":"request started","session":"0994b18b-93e7-4775-a2c5-e29dc0e6d5bb","severity":"debug","timestamp":"2026-03-06T06:04:35.986942264Z"}
{"curr.new":"EUR","curr.old":"GBP","http.req.id":"546d86cf-22de-4da0-aba1-fbca11db0bd5","http.req.method":"POST","http.req.path":"/setCurrency","message":"setting currency","session":"0994b18b-93e7-4775-a2c5-e29dc0e6d5bb","severity":"debug","timestamp":"2026-03-06T06:04:35.987042334Z"}
{"http.req.id":"546d86cf-22de-4da0-aba1-fbca11db0bd5","http.req.method":"POST","http.req.path":"/setCurrency","http.resp.bytes":0,"http.resp.status":302,"http.resp.took_ms":0,"message":"request complete","session":"0994b18b-93e7-4775-a2c5-e29dc0e6d5bb","severity":"debug","timestamp":"2026-03-06T06:04:35.987062109Z"}
{"http.req.id":"bfc87e1d-f162-4db1-883e-f3a620996865","http.req.method":"GET","http.req.path":"/","message":"request started","session":"0994b18b-93e7-4775-a2c5-e29dc0e6d5bb","severity":"debug","timestamp":"2026-03-06T06:04:35.988101044Z"}
{"currency":"EUR","http.req.id":"bfc87e1d-f162-4db1-883e-f3a620996865","http.req.method":"GET","http.req.path":"/","message":"home","session":"0994b18b-93e7-4775-a2c5-e29dc0e6d5bb","severity":"info","timestamp":"2026-03-06T06:04:35.988165668Z"}
env platform is either empty or invalid
{"http.req.id":"9f845f0b-9a7e-45ca-966f-53f42190d8aa","http.req.method":"GET","http.req.path":"/product/6E92ZMYYFZ","message":"request started","session":"89995d91-ad5c-4838-8317-c04497a5d805","severity":"debug","timestamp":"2026-03-06T06:04:36.667773467Z"}
{"currency":"USD","http.req.id":"9f845f0b-9a7e-45ca-966f-53f42190d8aa","http.req.method":"GET","http.req.path":"/product/6E92ZMYYFZ","id":"6E92ZMYYFZ","message":"serving product page","session":"89995d91-ad5c-4838-8317-c04497a5d805","severity":"debug","timestamp":"2026-03-06T06:04:36.667872385Z"}
{"http.req.id":"9f845f0b-9a7e-45ca-966f-53f42190d8aa","http.req.method":"GET","http.req.path":"/product/6E92ZMYYFZ","http.resp.bytes":8043,"http.resp.status":200,"http.resp.took_ms":14,"message":"request complete","session":"89995d91-ad5c-4838-8317-c04497a5d805","severity":"debug","timestamp":"2026-03-06T06:04:36.682016523Z"}
{"http.req.id":"70ae3d0e-0f49-4058-8a0a-eb8bc858cf0b","http.req.method":"GET","http.req.path":"/product/0PUK6V6EV0","message":"request started","session":"ec0b6821-5225-4ee8-8ec0-1e3bbbdffabb","severity":"debug","timestamp":"2026-03-06T06:04:37.587828687Z"}
{"currency":"USD","http.req.id":"70ae3d0e-0f49-4058-8a0a-eb8bc858cf0b","http.req.method":"GET","http.req.path":"/product/0PUK6V6EV0","id":"0PUK6V6EV0","message":"serving product page","session":"ec0b6821-5225-4ee8-8ec0-1e3bbbdffabb","severity":"debug","timestamp":"2026-03-06T06:04:37.587881466Z"}
{"http.req.id":"70ae3d0e-0f49-4058-8a0a-eb8bc858cf0b","http.req.method":"GET","http.req.path":"/product/0PUK6V6EV0","http.resp.bytes":8052,"http.resp.status":200,"http.resp.took_ms":29,"message":"request complete","session":"ec0b6821-5225-4ee8-8ec0-1e3bbbdffabb","severity":"debug","timestamp":"2026-03-06T06:04:37.617197898Z"}
{"http.req.id":"8f864cbe-5e77-4aad-978d-17c9289e13f7","http.req.method":"GET","http.req.path":"/product/6E92ZMYYFZ","message":"request started","session":"b1a1fb98-93d6-41f8-9605-e0c8a82d1d3c","severity":"debug","timestamp":"2026-03-06T06:04:37.748415366Z"}
{"currency":"JPY","http.req.id":"8f864cbe-5e77-4aad-978d-17c9289e13f7","http.req.method":"GET","http.req.path":"/product/6E92ZMYYFZ","id":"6E92ZMYYFZ","message":"serving product page","session":"b1a1fb98-93d6-41f8-9605-e0c8a82d1d3c","severity":"debug","timestamp":"2026-03-06T06:04:37.748481423Z"}
{"http.req.id":"28d42b7a-dc46-4cfa-962d-4b572d65b41b","http.req.method":"GET","http.req.path":"/product/6E92ZMYYFZ","message":"request started","session":"f9734e3a-0615-43dc-908b-1b8be30715f4","severity":"debug","timestamp":"2026-03-06T06:04:37.795157414Z"}
{"currency":"TRY","http.req.id":"28d42b7a-dc46-4cfa-962d-4b572d65b41b","http.req.method":"GET","http.req.path":"/product/6E92ZMYYFZ","id":"6E92ZMYYFZ","message":"serving product page","session":"f9734e3a-0615-43dc-908b-1b8be30715f4","severity":"debug","timestamp":"2026-03-06T06:04:37.79524278Z"}
{"http.req.id":"28d42b7a-dc46-4cfa-962d-4b572d65b41b","http.req.method":"GET","http.req.path":"/product/6E92ZMYYFZ","http.resp.bytes":7946,"http.resp.status":200,"http.resp.took_ms":319,"message":"request complete","session":"f9734e3a-0615-43dc-908b-1b8be30715f4","severity":"debug","timestamp":"2026-03-06T06:04:38.115068645Z"}
{"http.req.id":"8f864cbe-5e77-4aad-978d-17c9289e13f7","http.req.method":"GET","http.req.path":"/product/6E92ZMYYFZ","http.resp.bytes":7918,"http.resp.status":200,"http.resp.took_ms":367,"message":"request complete","session":"b1a1fb98-93d6-41f8-9605-e0c8a82d1d3c","severity":"debug","timestamp":"2026-03-06T06:04:38.115677484Z"}
{"http.req.id":"0f830a1b-ad13-4888-b5fc-8a5b69cca998","http.req.method":"GET","http.req.path":"/product/OLJCESPC7Z","message":"request started","session":"fa2d8e54-c567-4c66-b702-8bb183ef4a46","severity":"debug","timestamp":"2026-03-06T06:04:38.142608659Z"}
{"currency":"GBP","http.req.id":"0f830a1b-ad13-4888-b5fc-8a5b69cca998","http.req.method":"GET","http.req.path":"/product/OLJCESPC7Z","id":"OLJCESPC7Z","message":"serving product page","session":"fa2d8e54-c567-4c66-b702-8bb183ef4a46","severity":"debug","timestamp":"2026-03-06T06:04:38.142664561Z"}
{"http.req.id":"0f830a1b-ad13-4888-b5fc-8a5b69cca998","http.req.method":"GET","http.req.path":"/product/OLJCESPC7Z","http.resp.bytes":8065,"http.resp.status":200,"http.resp.took_ms":13,"message":"request complete","session":"fa2d8e54-c567-4c66-b702-8bb183ef4a46","severity":"debug","timestamp":"2026-03-06T06:04:38.155949205Z"}
{"http.req.id":"45e2cdc1-379e-414a-8d9d-8125b5f2095c","http.req.method":"GET","http.req.path":"/","message":"ENV_PLATFORM is: local","session":"6e21104e-b0bf-4a85-b5c2-ac5af92fa69e","severity":"debug","timestamp":"2026-03-06T06:04:38.24439654Z"}
{"http.req.id":"45e2cdc1-379e-414a-8d9d-8125b5f2095c","http.req.method":"GET","http.req.path":"/","http.resp.bytes":10619,"http.resp.status":200,"http.resp.took_ms":9021,"message":"request complete","session":"6e21104e-b0bf-4a85-b5c2-ac5af92fa69e","severity":"debug","timestamp":"2026-03-06T06:04:38.246828068Z"}
{"http.req.id":"6fccb466-65f6-42be-bac7-6a45420d96e9","http.req.method":"GET","http.req.path":"/cart","message":"request started","session":"eed418e8-7ab1-4992-b9a1-40aeb0d3dc43","severity":"debug","timestamp":"2026-03-06T06:04:39.420093083Z"}
{"http.req.id":"6fccb466-65f6-42be-bac7-6a45420d96e9","http.req.method":"GET","http.req.path":"/cart","message":"view user cart","session":"eed418e8-7ab1-4992-b9a1-40aeb0d3dc43","severity":"debug","timestamp":"2026-03-06T06:04:39.420149476Z"}
{"http.req.id":"6fccb466-65f6-42be-bac7-6a45420d96e9","http.req.method":"GET","http.req.path":"/cart","http.resp.bytes":17875,"http.resp.status":200,"http.resp.took_ms":13,"message":"request complete","session":"eed418e8-7ab1-4992-b9a1-40aeb0d3dc43","severity":"debug","timestamp":"2026-03-06T06:04:39.433988793Z"}
{"http.req.id":"bfc87e1d-f162-4db1-883e-f3a620996865","http.req.method":"GET","http.req.path":"/","message":"ENV_PLATFORM is: local","session":"0994b18b-93e7-4775-a2c5-e29dc0e6d5bb","severity":"debug","timestamp":"2026-03-06T06:04:40.006260001Z"}
{"http.req.id":"bfc87e1d-f162-4db1-883e-f3a620996865","http.req.method":"GET","http.req.path":"/","http.resp.bytes":10607,"http.resp.status":200,"http.resp.took_ms":4021,"message":"request complete","session":"0994b18b-93e7-4775-a2c5-e29dc0e6d5bb","severity":"debug","timestamp":"2026-03-06T06:04:40.009890652Z"}
{"http.req.id":"07dceb3a-d133-40ae-9cf8-82cf0b583073","http.req.method":"GET","http.req.path":"/product/0PUK6V6EV0","message":"request started","session":"ec0b6821-5225-4ee8-8ec0-1e3bbbdffabb","severity":"debug","timestamp":"2026-03-06T06:04:40.244370598Z"}
{"currency":"USD","http.req.id":"07dceb3a-d133-40ae-9cf8-82cf0b583073","http.req.method":"GET","http.req.path":"/product/0PUK6V6EV0","id":"0PUK6V6EV0","message":"serving product page","session":"ec0b6821-5225-4ee8-8ec0-1e3bbbdffabb","severity":"debug","timestamp":"2026-03-06T06:04:40.244500152Z"}
{"http.req.id":"3dad897b-f625-4c03-9728-aba5c88feeb5","http.req.method":"GET","http.req.path":"/_healthz","message":"request started","session":"x-liveness-probe","severity":"debug","timestamp":"2026-03-06T06:04:40.246145043Z"}
{"http.req.id":"3dad897b-f625-4c03-9728-aba5c88feeb5","http.req.method":"GET","http.req.path":"/_healthz","http.resp.bytes":2,"http.resp.status":200,"http.resp.took_ms":0,"message":"request complete","session":"x-liveness-probe","severity":"debug","timestamp":"2026-03-06T06:04:40.246233288Z"}
{"http.req.id":"07dceb3a-d133-40ae-9cf8-82cf0b583073","http.req.method":"GET","http.req.path":"/product/0PUK6V6EV0","http.resp.bytes":8040,"http.resp.status":200,"http.resp.took_ms":13,"message":"request complete","session":"ec0b6821-5225-4ee8-8ec0-1e3bbbdffabb","severity":"debug","timestamp":"2026-03-06T06:04:40.258282995Z"}
{"http.req.id":"e98dc24e-d099-4d4c-aa0a-9c63921528d4","http.req.method":"GET","http.req.path":"/product/0PUK6V6EV0","message":"request started","session":"d7d3227d-0824-4f40-a472-c039f0192426","severity":"debug","timestamp":"2026-03-06T06:04:40.347837243Z"}
{"currency":"EUR","http.req.id":"e98dc24e-d099-4d4c-aa0a-9c63921528d4","http.req.method":"GET","http.req.path":"/product/0PUK6V6EV0","id":"0PUK6V6EV0","message":"serving product page","session":"d7d3227d-0824-4f40-a472-c039f0192426","severity":"debug","timestamp":"2026-03-06T06:04:40.347900601Z"}
{"http.req.id":"e98dc24e-d099-4d4c-aa0a-9c63921528d4","http.req.method":"GET","http.req.path":"/product/0PUK6V6EV0","http.resp.bytes":8078,"http.resp.status":200,"http.resp.took_ms":70,"message":"request complete","session":"d7d3227d-0824-4f40-a472-c039f0192426","severity":"debug","timestamp":"2026-03-06T06:04:40.418711775Z"}
{"http.req.id":"edbcd3c7-6666-44b9-92c8-82b27e1dade8","http.req.method":"GET","http.req.path":"/product/0PUK6V6EV0","message":"request started","session":"3e105862-e07a-48bd-9f67-033f05224f8f","severity":"debug","timestamp":"2026-03-06T06:04:40.792838588Z"}
{"currency":"JPY","http.req.id":"edbcd3c7-6666-44b9-92c8-82b27e1dade8","http.req.method":"GET","http.req.path":"/product/0PUK6V6EV0","id":"0PUK6V6EV0","message":"serving product page","session":"3e105862-e07a-48bd-9f67-033f05224f8f","severity":"debug","timestamp":"2026-03-06T06:04:40.792973234Z"}
{"http.req.id":"edbcd3c7-6666-44b9-92c8-82b27e1dade8","http.req.method":"GET","http.req.path":"/product/0PUK6V6EV0","http.resp.bytes":8085,"http.resp.status":200,"http.resp.took_ms":28,"message":"request complete","session":"3e105862-e07a-48bd-9f67-033f05224f8f","severity":"debug","timestamp":"2026-03-06T06:04:40.821737945Z"}
{"http.req.id":"22f3cfd7-2db3-4269-9170-a409d8351a0d","http.req.method":"GET","http.req.path":"/_healthz","message":"request started","session":"x-readiness-probe","severity":"debug","timestamp":"2026-03-06T06:04:42.976030069Z"}
{"http.req.id":"22f3cfd7-2db3-4269-9170-a409d8351a0d","http.req.method":"GET","http.req.path":"/_healthz","http.resp.bytes":2,"http.resp.status":200,"http.resp.took_ms":0,"message":"request complete","session":"x-readiness-probe","severity":"debug","timestamp":"2026-03-06T06:04:42.976125847Z"}
{"http.req.id":"20392c38-8733-4620-9a2a-79b97f80134c","http.req.method":"GET","http.req.path":"/product/0PUK6V6EV0","message":"request started","session":"b1a1fb98-93d6-41f8-9605-e0c8a82d1d3c","severity":"debug","timestamp":"2026-03-06T06:04:43.692967085Z"}
{"currency":"JPY","http.req.id":"20392c38-8733-4620-9a2a-79b97f80134c","http.req.method":"GET","http.req.path":"/product/0PUK6V6EV0","id":"0PUK6V6EV0","message":"serving product page","session":"b1a1fb98-93d6-41f8-9605-e0c8a82d1d3c","severity":"debug","timestamp":"2026-03-06T06:04:43.693087434Z"}
{"http.req.id":"20392c38-8733-4620-9a2a-79b97f80134c","http.req.method":"GET","http.req.path":"/product/0PUK6V6EV0","http.resp.bytes":7966,"http.resp.status":200,"http.resp.took_ms":128,"message":"request complete","session":"b1a1fb98-93d6-41f8-9605-e0c8a82d1d3c","severity":"debug","timestamp":"2026-03-06T06:04:43.821671209Z"}
{"http.req.id":"9691fe65-0e06-41fc-a011-44875110ad5f","http.req.method":"GET","http.req.path":"/cart","message":"request started","session":"6e21104e-b0bf-4a85-b5c2-ac5af92fa69e","severity":"debug","timestamp":"2026-03-06T06:04:43.82733295Z"}
{"http.req.id":"9691fe65-0e06-41fc-a011-44875110ad5f","http.req.method":"GET","http.req.path":"/cart","message":"view user cart","session":"6e21104e-b0bf-4a85-b5c2-ac5af92fa69e","severity":"debug","timestamp":"2026-03-06T06:04:43.827432389Z"}
{"http.req.id":"9691fe65-0e06-41fc-a011-44875110ad5f","http.req.method":"GET","http.req.path":"/cart","http.resp.bytes":17887,"http.resp.status":200,"http.resp.took_ms":106,"message":"request complete","session":"6e21104e-b0bf-4a85-b5c2-ac5af92fa69e","severity":"debug","timestamp":"2026-03-06T06:04:43.933870225Z"}
{"http.req.id":"a9a326af-03e3-48f2-8af5-b7504033fee6","http.req.method":"GET","http.req.path":"/product/9SIQT8TOJO","message":"request started","session":"3e105862-e07a-48bd-9f67-033f05224f8f","severity":"debug","timestamp":"2026-03-06T06:04:45.262405482Z"}
{"currency":"JPY","http.req.id":"a9a326af-03e3-48f2-8af5-b7504033fee6","http.req.method":"GET","http.req.path":"/product/9SIQT8TOJO","id":"9SIQT8TOJO","message":"serving product page","session":"3e105862-e07a-48bd-9f67-033f05224f8f","severity":"debug","timestamp":"2026-03-06T06:04:45.262469752Z"}
{"http.req.id":"a9a326af-03e3-48f2-8af5-b7504033fee6","http.req.method":"GET","http.req.path":"/product/9SIQT8TOJO","http.resp.bytes":8085,"http.resp.status":200,"http.resp.took_ms":52,"message":"request complete","session":"3e105862-e07a-48bd-9f67-033f05224f8f","severity":"debug","timestamp":"2026-03-06T06:04:45.315220075Z"}
