{"currency":"TRY","http.req.id":"f3f489dc-2fa5-4f4f-aaa6-118299e9d3ca","http.req.method":"GET","http.req.path":"/product/9SIQT8TOJO","id":"9SIQT8TOJO","message":"serving product page","session":"f9734e3a-0615-43dc-908b-1b8be30715f4","severity":"debug","timestamp":"2026-03-06T06:02:53.967975021Z"}
{"http.req.id":"f3f489dc-2fa5-4f4f-aaa6-118299e9d3ca","http.req.method":"GET","http.req.path":"/product/9SIQT8TOJO","http.resp.bytes":7987,"http.resp.status":200,"http.resp.took_ms":9,"message":"request complete","session":"f9734e3a-0615-43dc-908b-1b8be30715f4","severity":"debug","timestamp":"2026-03-06T06:02:53.976975393Z"}
{"http.req.id":"1e1e2fc0-ec5f-4ee4-914f-0cdb59e8df91","http.req.method":"POST","http.req.path":"/cart","message":"request started","session":"f9734e3a-0615-43dc-908b-1b8be30715f4","severity":"debug","timestamp":"2026-03-06T06:02:53.977738927Z"}
{"http.req.id":"1e1e2fc0-ec5f-4ee4-914f-0cdb59e8df91","http.req.method":"POST","http.req.path":"/cart","message":"adding to cart","product":"9SIQT8TOJO","quantity":10,"session":"f9734e3a-0615-43dc-908b-1b8be30715f4","severity":"debug","timestamp":"2026-03-06T06:02:53.977841486Z"}
{"http.req.id":"1e1e2fc0-ec5f-4ee4-914f-0cdb59e8df91","http.req.method":"POST","http.req.path":"/cart","http.resp.bytes":0,"http.resp.status":302,"http.resp.took_ms":1,"message":"request complete","session":"f9734e3a-0615-43dc-908b-1b8be30715f4","severity":"debug","timestamp":"2026-03-06T06:02:53.9795452Z"}
{"http.req.id":"eb26ada8-9c1e-4977-b9ef-c4cfb67a2c9c","http.req.method":"GET","http.req.path":"/cart","message":"request started","session":"f9734e3a-0615-43dc-908b-1b8be30715f4","severity":"debug","timestamp":"2026-03-06T06:02:53.98016962Z"}
{"http.req.id":"eb26ada8-9c1e-4977-b9ef-c4cfb67a2c9c","http.req.method":"GET","http.req.path":"/cart","message":"view user cart","session":"f9734e3a-0615-43dc-908b-1b8be30715f4","severity":"debug","timestamp":"2026-03-06T06:02:53.980208982Z"}
{"http.req.id":"eb26ada8-9c1e-4977-b9ef-c4cfb67a2c9c","http.req.method":"GET","http.req.path":"/cart","http.resp.bytes":16447,"http.resp.status":200,"http.resp.took_ms":8,"message":"request complete","session":"f9734e3a-0615-43dc-908b-1b8be30715f4","severity":"debug","timestamp":"2026-03-06T06:02:53.988998682Z"}
{"http.req.id":"16eeb59f-0287-48bd-b1f3-ef7a9cd0c2b2","http.req.method":"GET","http.req.path":"/product/OLJCESPC7Z","message":"request started","session":"d7d3227d-0824-4f40-a472-c039f0192426","severity":"debug","timestamp":"2026-03-06T06:02:54.02292535Z"}
{"currency":"JPY","http.req.id":"16eeb59f-0287-48bd-b1f3-ef7a9cd0c2b2","http.req.method":"GET","http.req.path":"/product/OLJCESPC7Z","id":"OLJCESPC7Z","message":"serving product page","session":"d7d3227d-0824-4f40-a472-c039f0192426","severity":"debug","timestamp":"2026-03-06T06:02:54.022966139Z"}
{"http.req.id":"16eeb59f-0287-48bd-b1f3-ef7a9cd0c2b2","http.req.method":"GET","http.req.path":"/product/OLJCESPC7Z","http.resp.bytes":8056,"http.resp.status":200,"http.resp.took_ms":9,"message":"request complete","session":"d7d3227d-0824-4f40-a472-c039f0192426","severity":"debug","timestamp":"2026-03-06T06:02:54.032238748Z"}
{"http.req.id":"90652a8c-9c3a-44a5-a677-2dee7d0c51fd","http.req.method":"GET","http.req.path":"/product/LS4PSXUNUM","message":"request started","session":"d7d3227d-0824-4f40-a472-c039f0192426","severity":"debug","timestamp":"2026-03-06T06:02:55.077664138Z"}
{"currency":"JPY","http.req.id":"90652a8c-9c3a-44a5-a677-2dee7d0c51fd","http.req.method":"GET","http.req.path":"/product/LS4PSXUNUM","id":"LS4PSXUNUM","message":"serving product page","session":"d7d3227d-0824-4f40-a472-c039f0192426","severity":"debug","timestamp":"2026-03-06T06:02:55.077767513Z"}
{"http.req.id":"90652a8c-9c3a-44a5-a677-2dee7d0c51fd","http.req.method":"GET","http.req.path":"/product/LS4PSXUNUM","http.resp.bytes":8052,"http.resp.status":200,"http.resp.took_ms":10,"message":"request complete","session":"d7d3227d-0824-4f40-a472-c039f0192426","severity":"debug","timestamp":"2026-03-06T06:02:55.088645931Z"}
{"http.req.id":"914ee94a-2b7c-4d8e-bb61-0443fad529c3","http.req.method":"GET","http.req.path":"/product/LS4PSXUNUM","message":"request started","session":"eed418e8-7ab1-4992-b9a1-40aeb0d3dc43","severity":"debug","timestamp":"2026-03-06T06:02:55.286220862Z"}
{"currency":"GBP","http.req.id":"914ee94a-2b7c-4d8e-bb61-0443fad529c3","http.req.method":"GET","http.req.path":"/product/LS4PSXUNUM","id":"LS4PSXUNUM","message":"serving product page","session":"eed418e8-7ab1-4992-b9a1-40aeb0d3dc43","severity":"debug","timestamp":"2026-03-06T06:02:55.286344075Z"}
{"http.req.id":"914ee94a-2b7c-4d8e-bb61-0443fad529c3","http.req.method":"GET","http.req.path":"/product/LS4PSXUNUM","http.resp.bytes":7957,"http.resp.status":200,"http.resp.took_ms":11,"message":"request complete","session":"eed418e8-7ab1-4992-b9a1-40aeb0d3dc43","severity":"debug","timestamp":"2026-03-06T06:02:55.297636461Z"}
{"http.req.id":"103e7e94-3e74-4dbb-aa3e-d0d5a3990def","http.req.method":"GET","http.req.path":"/product/L9ECAV7KIM","message":"request started","session":"f9734e3a-0615-43dc-908b-1b8be30715f4","severity":"debug","timestamp":"2026-03-06T06:02:56.344661172Z"}
{"currency":"TRY","http.req.id":"103e7e94-3e74-4dbb-aa3e-d0d5a3990def","http.req.method":"GET","http.req.path":"/product/L9ECAV7KIM","id":"L9ECAV7KIM","message":"serving product page","session":"f9734e3a-0615-43dc-908b-1b8be30715f4","severity":"debug","timestamp":"2026-03-06T06:02:56.344731594Z"}
{"http.req.id":"103e7e94-3e74-4dbb-aa3e-d0d5a3990def","http.req.method":"GET","http.req.path":"/product/L9ECAV7KIM","http.resp.bytes":8023,"http.resp.status":200,"http.resp.took_ms":12,"message":"request complete","session":"f9734e3a-0615-43dc-908b-1b8be30715f4","severity":"debug","timestamp":"2026-03-06T06:02:56.356911064Z"}
{"http.req.id":"8f9fc02d-ecf9-4ff8-a631-3697eb2d8f67","http.req.method":"POST","http.req.path":"/cart","message":"request started","session":"f9734e3a-0615-43dc-908b-1b8be30715f4","severity":"debug","timestamp":"2026-03-06T06:02:56.35764279Z"}
{"http.req.id":"8f9fc02d-ecf9-4ff8-a631-3697eb2d8f67","http.req.method":"POST","http.req.path":"/cart","message":"adding to cart","product":"L9ECAV7KIM","quantity":8,"session":"f9734e3a-0615-43dc-908b-1b8be30715f4","severity":"debug","timestamp":"2026-03-06T06:02:56.357743144Z"}
{"http.req.id":"8f9fc02d-ecf9-4ff8-a631-3697eb2d8f67","http.req.method":"POST","http.req.path":"/cart","http.resp.bytes":0,"http.resp.status":302,"http.resp.took_ms":2,"message":"request complete","session":"f9734e3a-0615-43dc-908b-1b8be30715f4","severity":"debug","timestamp":"2026-03-06T06:02:56.359829115Z"}
{"http.req.id":"bbdc7702-b076-42d7-9f6b-12d802353ccf","http.req.method":"GET","http.req.path":"/cart","message":"request started","session":"f9734e3a-0615-43dc-908b-1b8be30715f4","severity":"debug","timestamp":"2026-03-06T06:02:56.360662288Z"}
{"http.req.id":"bbdc7702-b076-42d7-9f6b-12d802353ccf","http.req.method":"GET","http.req.path":"/cart","message":"view user cart","session":"f9734e3a-0615-43dc-908b-1b8be30715f4","severity":"debug","timestamp":"2026-03-06T06:02:56.360721363Z"}
{"http.req.id":"bbdc7702-b076-42d7-9f6b-12d802353ccf","http.req.method":"GET","http.req.path":"/cart","http.resp.bytes":17897,"http.resp.status":200,"http.resp.took_ms":14,"message":"request complete","session":"f9734e3a-0615-43dc-908b-1b8be30715f4","severity":"debug","timestamp":"2026-03-06T06:02:56.375573902Z"}
{"http.req.id":"0c8ef624-3bde-4470-b633-dd9f5cfd266a","http.req.method":"GET","http.req.path":"/cart","message":"request started","session":"3e105862-e07a-48bd-9f67-033f05224f8f","severity":"debug","timestamp":"2026-03-06T06:02:56.511611348Z"}
{"http.req.id":"0c8ef624-3bde-4470-b633-dd9f5cfd266a","http.req.method":"GET","http.req.path":"/cart","message":"view user cart","session":"3e105862-e07a-48bd-9f67-033f05224f8f","severity":"debug","timestamp":"2026-03-06T06:02:56.511661347Z"}
{"http.req.id":"0c8ef624-3bde-4470-b633-dd9f5cfd266a","http.req.method":"GET","http.req.path":"/cart","http.resp.bytes":6901,"http.resp.status":200,"http.resp.took_ms":14,"message":"request complete","session":"3e105862-e07a-48bd-9f67-033f05224f8f","severity":"debug","timestamp":"2026-03-06T06:02:56.526217519Z"}
{"http.req.id":"ae0fe7bf-007b-4fe8-9320-530a850cb4f4","http.req.method":"GET","http.req.path":"/cart","message":"request started","session":"b1a1fb98-93d6-41f8-9605-e0c8a82d1d3c","severity":"debug","timestamp":"2026-03-06T06:02:58.128352412Z"}
{"http.req.id":"ae0fe7bf-007b-4fe8-9320-530a850cb4f4","http.req.method":"GET","http.req.path":"/cart","message":"view user cart","session":"b1a1fb98-93d6-41f8-9605-e0c8a82d1d3c","severity":"debug","timestamp":"2026-03-06T06:02:58.128409451Z"}
{"http.req.id":"ae0fe7bf-007b-4fe8-9320-530a850cb4f4","http.req.method":"GET","http.req.path":"/cart","http.resp.bytes":16423,"http.resp.status":200,"http.resp.took_ms":25,"message":"request complete","session":"b1a1fb98-93d6-41f8-9605-e0c8a82d1d3c","severity":"debug","timestamp":"2026-03-06T06:02:58.153469109Z"}
{"http.req.id":"c04079fe-ffa4-4bdb-a1eb-9c74657d5026","http.req.method":"GET","http.req.path":"/product/LS4PSXUNUM","message":"request started","session":"89995d91-ad5c-4838-8317-c04497a5d805","severity":"debug","timestamp":"2026-03-06T06:02:58.294209382Z"}
{"currency":"CAD","http.req.id":"c04079fe-ffa4-4bdb-a1eb-9c74657d5026","http.req.method":"GET","http.req.path":"/product/LS4PSXUNUM","id":"LS4PSXUNUM","message":"serving product page","session":"89995d91-ad5c-4838-8317-c04497a5d805","severity":"debug","timestamp":"2026-03-06T06:02:58.294329871Z"}
{"http.req.id":"c04079fe-ffa4-4bdb-a1eb-9c74657d5026","http.req.method":"GET","http.req.path":"/product/LS4PSXUNUM","http.resp.bytes":8023,"http.resp.status":200,"http.resp.took_ms":22,"message":"request complete","session":"89995d91-ad5c-4838-8317-c04497a5d805","severity":"debug","timestamp":"2026-03-06T06:02:58.316417847Z"}
{"http.req.id":"91d49039-478a-48ab-95c2-d005c5b9485c","http.req.method":"GET","http.req.path":"/_healthz","message":"request started","session":"x-liveness-probe","severity":"debug","timestamp":"2026-03-06T06:02:58.434167794Z"}
{"http.req.id":"91d49039-478a-48ab-95c2-d005c5b9485c","http.req.method":"GET","http.req.path":"/_healthz","http.resp.bytes":2,"http.resp.status":200,"http.resp.took_ms":0,"message":"request complete","session":"x-liveness-probe","severity":"debug","timestamp":"2026-03-06T06:02:58.434280817Z"}
{"http.req.id":"decbda78-ee8f-4589-bb06-1bf2b09ae10a","http.req.method":"GET","http.req.path":"/product/L9ECAV7KIM","message":"request started","session":"d7d3227d-0824-4f40-a472-c039f0192426","severity":"debug","timestamp":"2026-03-06T06:02:58.627134674Z"}
{"currency":"JPY","http.req.id":"decbda78-ee8f-4589-bb06-1bf2b09ae10a","http.req.method":"GET","http.req.path":"/product/L9ECAV7KIM","id":"L9ECAV7KIM","message":"serving product page","session":"d7d3227d-0824-4f40-a472-c039f0192426","severity":"debug","timestamp":"2026-03-06T06:02:58.627193969Z"}
{"http.req.id":"decbda78-ee8f-4589-bb06-1bf2b09ae10a","http.req.method":"GET","http.req.path":"/product/L9ECAV7KIM","http.resp.bytes":8080,"http.resp.status":200,"http.resp.took_ms":11,"message":"request complete","session":"d7d3227d-0824-4f40-a472-c039f0192426","severity":"debug","timestamp":"2026-03-06T06:02:58.63835641Z"}
{"http.req.id":"414427d6-ca55-473f-b91b-29f68e6ba397","http.req.method":"GET","http.req.path":"/product/1YMWWN1N4O","message":"request started","session":"89995d91-ad5c-4838-8317-c04497a5d805","severity":"debug","timestamp":"2026-03-06T06:02:59.643319218Z"}
{"currency":"CAD","http.req.id":"414427d6-ca55-473f-b91b-29f68e6ba397","http.req.method":"GET","http.req.path":"/product/1YMWWN1N4O","id":"1YMWWN1N4O","message":"serving product page","session":"89995d91-ad5c-4838-8317-c04497a5d805","severity":"debug","timestamp":"2026-03-06T06:02:59.643425479Z"}
{"http.req.id":"414427d6-ca55-473f-b91b-29f68e6ba397","http.req.method":"GET","http.req.path":"/product/1YMWWN1N4O","http.resp.bytes":8080,"http.resp.status":200,"http.resp.took_ms":11,"message":"request complete","session":"89995d91-ad5c-4838-8317-c04497a5d805","severity":"debug","timestamp":"2026-03-06T06:02:59.654323361Z"}
{"http.req.id":"c0002ad2-fe81-4e66-b4f8-9168953e989e","http.req.method":"POST","http.req.path":"/cart","message":"request started","session":"89995d91-ad5c-4838-8317-c04497a5d805","severity":"debug","timestamp":"2026-03-06T06:02:59.654989118Z"}
{"http.req.id":"c0002ad2-fe81-4e66-b4f8-9168953e989e","http.req.method":"POST","http.req.path":"/cart","message":"adding to cart","product":"1YMWWN1N4O","quantity":6,"session":"89995d91-ad5c-4838-8317-c04497a5d805","severity":"debug","timestamp":"2026-03-06T06:02:59.655085036Z"}
{"http.req.id":"c0002ad2-fe81-4e66-b4f8-9168953e989e","http.req.method":"POST","http.req.path":"/cart","http.resp.bytes":0,"http.resp.status":302,"http.resp.took_ms":2,"message":"request complete","session":"89995d91-ad5c-4838-8317-c04497a5d805","severity":"debug","timestamp":"2026-03-06T06:02:59.65728022Z"}
{"http.req.id":"fe9aefd6-5a9b-4de8-9fa2-5bc550618b07","http.req.method":"GET","http.req.path":"/cart","message":"request started","session":"89995d91-ad5c-4838-8317-c04497a5d805","severity":"debug","timestamp":"2026-03-06T06:02:59.658174472Z"}
{"http.req.id":"fe9aefd6-5a9b-4de8-9fa2-5bc550618b07","http.req.method":"GET","http.req.path":"/cart","message":"view user cart","session":"89995d91-ad5c-4838-8317-c04497a5d805","severity":"debug","timestamp":"2026-03-06T06:02:59.658235781Z"}
{"http.req.id":"fe9aefd6-5a9b-4de8-9fa2-5bc550618b07","http.req.method":"GET","http.req.path":"/cart","http.resp.bytes":19305,"http.resp.status":200,"http.resp.took_ms":16,"message":"request complete","session":"89995d91-ad5c-4838-8317-c04497a5d805","severity":"debug","timestamp":"2026-03-06T06:02:59.674226507Z"}
{"http.req.id":"0017c10d-940e-43f8-abb7-3bacc281ee14","http.req.method":"GET","http.req.path":"/product/9SIQT8TOJO","message":"request started","session":"eed418e8-7ab1-4992-b9a1-40aeb0d3dc43","severity":"debug","timestamp":"2026-03-06T06:03:00.767747912Z"}
{"currency":"GBP","http.req.id":"0017c10d-940e-43f8-abb7-3bacc281ee14","http.req.method":"GET","http.req.path":"/product/9SIQT8TOJO","id":"9SIQT8TOJO","message":"serving product page","session":"eed418e8-7ab1-4992-b9a1-40aeb0d3dc43","severity":"debug","timestamp":"2026-03-06T06:03:00.7678278Z"}
{"http.req.id":"0017c10d-940e-43f8-abb7-3bacc281ee14","http.req.method":"GET","http.req.path":"/product/9SIQT8TOJO","http.resp.bytes":7970,"http.resp.status":200,"http.resp.took_ms":17,"message":"request complete","session":"eed418e8-7ab1-4992-b9a1-40aeb0d3dc43","severity":"debug","timestamp":"2026-03-06T06:03:00.785503846Z"}
{"http.req.id":"54ad9237-0dfc-492e-893f-9c3a3f347096","http.req.method":"POST","http.req.path":"/cart","message":"request started","session":"eed418e8-7ab1-4992-b9a1-40aeb0d3dc43","severity":"debug","timestamp":"2026-03-06T06:03:00.786321662Z"}
{"http.req.id":"54ad9237-0dfc-492e-893f-9c3a3f347096","http.req.method":"POST","http.req.path":"/cart","message":"adding to cart","product":"9SIQT8TOJO","quantity":3,"session":"eed418e8-7ab1-4992-b9a1-40aeb0d3dc43","severity":"debug","timestamp":"2026-03-06T06:03:00.786413968Z"}
{"http.req.id":"54ad9237-0dfc-492e-893f-9c3a3f347096","http.req.method":"POST","http.req.path":"/cart","http.resp.bytes":0,"http.resp.status":302,"http.resp.took_ms":2,"message":"request complete","session":"eed418e8-7ab1-4992-b9a1-40aeb0d3dc43","severity":"debug","timestamp":"2026-03-06T06:03:00.789108758Z"}
{"http.req.id":"7fd27200-948e-4266-b117-a5eee696e814","http.req.method":"GET","http.req.path":"/cart","message":"request started","session":"eed418e8-7ab1-4992-b9a1-40aeb0d3dc43","severity":"debug","timestamp":"2026-03-06T06:03:00.790365784Z"}
{"http.req.id":"7fd27200-948e-4266-b117-a5eee696e814","http.req.method":"GET","http.req.path":"/cart","message":"view user cart","session":"eed418e8-7ab1-4992-b9a1-40aeb0d3dc43","severity":"debug","timestamp":"2026-03-06T06:03:00.790456746Z"}
{"http.req.id":"7fd27200-948e-4266-b117-a5eee696e814","http.req.method":"GET","http.req.path":"/cart","http.resp.bytes":16469,"http.resp.status":200,"http.resp.took_ms":13,"message":"request complete","session":"eed418e8-7ab1-4992-b9a1-40aeb0d3dc43","severity":"debug","timestamp":"2026-03-06T06:03:00.803925183Z"}
{"http.req.id":"cb144fdf-d17a-4d1e-8563-a014578b411d","http.req.method":"POST","http.req.path":"/setCurrency","message":"request started","session":"b1a1fb98-93d6-41f8-9605-e0c8a82d1d3c","severity":"debug","timestamp":"2026-03-06T06:03:00.885734031Z"}
{"curr.new":"JPY","curr.old":"USD","http.req.id":"cb144fdf-d17a-4d1e-8563-a014578b411d","http.req.method":"POST","http.req.path":"/setCurrency","message":"setting currency","session":"b1a1fb98-93d6-41f8-9605-e0c8a82d1d3c","severity":"debug","timestamp":"2026-03-06T06:03:00.886026486Z"}
{"http.req.id":"cb144fdf-d17a-4d1e-8563-a014578b411d","http.req.method":"POST","http.req.path":"/setCurrency","http.resp.bytes":0,"http.resp.status":302,"http.resp.took_ms":0,"message":"request complete","session":"b1a1fb98-93d6-41f8-9605-e0c8a82d1d3c","severity":"debug","timestamp":"2026-03-06T06:03:00.886121505Z"}
{"http.req.id":"02d2b3b8-6c30-418a-bddd-583584ff21b4","http.req.method":"GET","http.req.path":"/","message":"request started","session":"b1a1fb98-93d6-41f8-9605-e0c8a82d1d3c","severity":"debug","timestamp":"2026-03-06T06:03:00.888601425Z"}
{"currency":"JPY","http.req.id":"02d2b3b8-6c30-418a-bddd-583584ff21b4","http.req.method":"GET","http.req.path":"/","message":"home","session":"b1a1fb98-93d6-41f8-9605-e0c8a82d1d3c","severity":"info","timestamp":"2026-03-06T06:03:00.888766995Z"}
env platform is either empty or invalid
{"http.req.id":"02d2b3b8-6c30-418a-bddd-583584ff21b4","http.req.method":"GET","http.req.path":"/","message":"ENV_PLATFORM is: local","session":"b1a1fb98-93d6-41f8-9605-e0c8a82d1d3c","severity":"debug","timestamp":"2026-03-06T06:03:00.911808362Z"}
{"http.req.id":"02d2b3b8-6c30-418a-bddd-583584ff21b4","http.req.method":"GET","http.req.path":"/","http.resp.bytes":10618,"http.resp.status":200,"http.resp.took_ms":25,"message":"request complete","session":"b1a1fb98-93d6-41f8-9605-e0c8a82d1d3c","severity":"debug","timestamp":"2026-03-06T06:03:00.913860845Z"}
{"http.req.id":"5d6f169a-f49e-4b4f-ab23-fc403e054c29","http.req.method":"GET","http.req.path":"/_healthz","message":"request started","session":"x-readiness-probe","severity":"debug","timestamp":"2026-03-06T06:03:01.163096379Z"}
{"http.req.id":"5d6f169a-f49e-4b4f-ab23-fc403e054c29","http.req.method":"GET","http.req.path":"/_healthz","http.resp.bytes":2,"http.resp.status":200,"http.resp.took_ms":0,"message":"request complete","session":"x-readiness-probe","severity":"debug","timestamp":"2026-03-06T06:03:01.163233292Z"}
{"http.req.id":"eaf2bafb-730d-41d9-949b-228623a5a258","http.req.method":"GET","http.req.path":"/product/66VCHSJNUP","message":"request started","session":"0994b18b-93e7-4775-a2c5-e29dc0e6d5bb","severity":"debug","timestamp":"2026-03-06T06:03:01.194139519Z"}
{"currency":"GBP","http.req.id":"eaf2bafb-730d-41d9-949b-228623a5a258","http.req.method":"GET","http.req.path":"/product/66VCHSJNUP","id":"66VCHSJNUP","message":"serving product page","session":"0994b18b-93e7-4775-a2c5-e29dc0e6d5bb","severity":"debug","timestamp":"2026-03-06T06:03:01.194280204Z"}
{"http.req.id":"eaf2bafb-730d-41d9-949b-228623a5a258","http.req.method":"GET","http.req.path":"/product/66VCHSJNUP","http.resp.bytes":7914,"http.resp.status":200,"http.resp.took_ms":25,"message":"request complete","session":"0994b18b-93e7-4775-a2c5-e29dc0e6d5bb","severity":"debug","timestamp":"2026-03-06T06:03:01.219354981Z"}
{"http.req.id":"cb33201d-a327-43a6-af5f-8db7731b8f3a","http.req.method":"GET","http.req.path":"/cart","message":"request started","session":"6e21104e-b0bf-4a85-b5c2-ac5af92fa69e","severity":"debug","timestamp":"2026-03-06T06:03:01.74908557Z"}
{"http.req.id":"cb33201d-a327-43a6-af5f-8db7731b8f3a","http.req.method":"GET","http.req.path":"/cart","message":"view user cart","session":"6e21104e-b0bf-4a85-b5c2-ac5af92fa69e","severity":"debug","timestamp":"2026-03-06T06:03:01.749142534Z"}
{"http.req.id":"cb33201d-a327-43a6-af5f-8db7731b8f3a","http.req.method":"GET","http.req.path":"/cart","http.resp.bytes":16475,"http.resp.status":200,"http.resp.took_ms":11,"message":"request complete","session":"6e21104e-b0bf-4a85-b5c2-ac5af92fa69e","severity":"debug","timestamp":"2026-03-06T06:03:01.760792837Z"}
{"http.req.id":"9b6b2d59-43fe-42e4-9350-3df210bb5942","http.req.method":"GET","http.req.path":"/","message":"request started","session":"f9734e3a-0615-43dc-908b-1b8be30715f4","severity":"debug","timestamp":"2026-03-06T06:03:02.102791616Z"}
{"currency":"TRY","http.req.id":"9b6b2d59-43fe-42e4-9350-3df210bb5942","http.req.method":"GET","http.req.path":"/","message":"home","session":"f9734e3a-0615-43dc-908b-1b8be30715f4","severity":"info","timestamp":"2026-03-06T06:03:02.102865906Z"}
env platform is either empty or invalid
{"http.req.id":"9b6b2d59-43fe-42e4-9350-3df210bb5942","http.req.method":"GET","http.req.path":"/","message":"ENV_PLATFORM is: local","session":"f9734e3a-0615-43dc-908b-1b8be30715f4","severity":"debug","timestamp":"2026-03-06T06:03:02.120044426Z"}
{"http.req.id":"9b6b2d59-43fe-42e4-9350-3df210bb5942","http.req.method":"GET","http.req.path":"/","http.resp.bytes":10617,"http.resp.status":200,"http.resp.took_ms":19,"message":"request complete","session":"f9734e3a-0615-43dc-908b-1b8be30715f4","severity":"debug","timestamp":"2026-03-06T06:03:02.122613366Z"}
{"http.req.id":"82e70a13-9ffb-4cb1-90a2-8e4a7bf39019","http.req.method":"GET","http.req.path":"/cart","message":"request started","session":"fa2d8e54-c567-4c66-b702-8bb183ef4a46","severity":"debug","timestamp":"2026-03-06T06:03:02.596839603Z"}
{"http.req.id":"82e70a13-9ffb-4cb1-90a2-8e4a7bf39019","http.req.method":"GET","http.req.path":"/cart","message":"view user cart","session":"fa2d8e54-c567-4c66-b702-8bb183ef4a46","severity":"debug","timestamp":"2026-03-06T06:03:02.597063076Z"}
{"http.req.id":"82e70a13-9ffb-4cb1-90a2-8e4a7bf39019","http.req.method":"GET","http.req.path":"/cart","http.resp.bytes":16443,"http.resp.status":200,"http.resp.took_ms":25,"message":"request complete","session":"fa2d8e54-c567-4c66-b702-8bb183ef4a46","severity":"debug","timestamp":"2026-03-06T06:03:02.62207434Z"}
{"http.req.id":"5a4cdae1-14ed-48b3-9282-a4d402c90134","http.req.method":"GET","http.req.path":"/product/LS4PSXUNUM","message":"request started","session":"6e21104e-b0bf-4a85-b5c2-ac5af92fa69e","severity":"debug","timestamp":"2026-03-06T06:03:03.001225589Z"}
{"currency":"EUR","http.req.id":"5a4cdae1-14ed-48b3-9282-a4d402c90134","http.req.method":"GET","http.req.path":"/product/LS4PSXUNUM","id":"LS4PSXUNUM","message":"serving product page","session":"6e21104e-b0bf-4a85-b5c2-ac5af92fa69e","severity":"debug","timestamp":"2026-03-06T06:03:03.00140779Z"}
{"http.req.id":"5a4cdae1-14ed-48b3-9282-a4d402c90134","http.req.method":"GET","http.req.path":"/product/LS4PSXUNUM","http.resp.bytes":8028,"http.resp.status":200,"http.resp.took_ms":22,"message":"request complete","session":"6e21104e-b0bf-4a85-b5c2-ac5af92fa69e","severity":"debug","timestamp":"2026-03-06T06:03:03.024164892Z"}
{"http.req.id":"b1c188ea-f846-4cce-964f-08eeab39fb41","http.req.method":"GET","http.req.path":"/product/1YMWWN1N4O","message":"request started","session":"ec0b6821-5225-4ee8-8ec0-1e3bbbdffabb","severity":"debug","timestamp":"2026-03-06T06:03:03.207121306Z"}
{"currency":"USD","http.req.id":"b1c188ea-f846-4cce-964f-08eeab39fb41","http.req.method":"GET","http.req.path":"/product/1YMWWN1N4O","id":"1YMWWN1N4O","message":"serving product page","session":"ec0b6821-5225-4ee8-8ec0-1e3bbbdffabb","severity":"debug","timestamp":"2026-03-06T06:03:03.207235817Z"}
{"http.req.id":"b1c188ea-f846-4cce-964f-08eeab39fb41","http.req.method":"GET","http.req.path":"/product/1YMWWN1N4O","http.resp.bytes":7964,"http.resp.status":200,"http.resp.took_ms":16,"message":"request complete","session":"ec0b6821-5225-4ee8-8ec0-1e3bbbdffabb","severity":"debug","timestamp":"2026-03-06T06:03:03.223276754Z"}
{"http.req.id":"fa2bc3f3-0f59-4dd0-ab39-7c7c43aa6a78","http.req.method":"GET","http.req.path":"/product/LS4PSXUNUM","message":"request started","session":"89995d91-ad5c-4838-8317-c04497a5d805","severity":"debug","timestamp":"2026-03-06T06:03:03.541358051Z"}
{"currency":"CAD","http.req.id":"fa2bc3f3-0f59-4dd0-ab39-7c7c43aa6a78","http.req.method":"GET","http.req.path":"/product/LS4PSXUNUM","id":"LS4PSXUNUM","message":"serving product page","session":"89995d91-ad5c-4838-8317-c04497a5d805","severity":"debug","timestamp":"2026-03-06T06:03:03.541425216Z"}
{"http.req.id":"fa2bc3f3-0f59-4dd0-ab39-7c7c43aa6a78","http.req.method":"GET","http.req.path":"/product/LS4PSXUNUM","http.resp.bytes":8023,"http.resp.status":200,"http.resp.took_ms":11,"message":"request complete","session":"89995d91-ad5c-4838-8317-c04497a5d805","severity":"debug","timestamp":"2026-03-06T06:03:03.552826194Z"}
{"http.req.id":"4b627dbf-bdf8-42fe-944f-ad61aa76e2e8","http.req.method":"GET","http.req.path":"/product/66VCHSJNUP","message":"request started","session":"b1a1fb98-93d6-41f8-9605-e0c8a82d1d3c","severity":"debug","timestamp":"2026-03-06T06:03:03.82920271Z"}
{"currency":"JPY","http.req.id":"4b627dbf-bdf8-42fe-944f-ad61aa76e2e8","http.req.method":"GET","http.req.path":"/product/66VCHSJNUP","id":"66VCHSJNUP","message":"serving product page","session":"b1a1fb98-93d6-41f8-9605-e0c8a82d1d3c","severity":"debug","timestamp":"2026-03-06T06:03:03.829261963Z"}
{"http.req.id":"4b627dbf-bdf8-42fe-944f-ad61aa76e2e8","http.req.method":"GET","http.req.path":"/product/66VCHSJNUP","http.resp.bytes":8011,"http.resp.status":200,"http.resp.took_ms":12,"message":"request complete","session":"b1a1fb98-93d6-41f8-9605-e0c8a82d1d3c","severity":"debug","timestamp":"2026-03-06T06:03:03.84165743Z"}
{"http.req.id":"3f2f2e0d-208f-4923-abd8-f4448c4d3434","http.req.method":"GET","http.req.path":"/product/1YMWWN1N4O","message":"request started","session":"f9734e3a-0615-43dc-908b-1b8be30715f4","severity":"debug","timestamp":"2026-03-06T06:03:03.874712358Z"}
{"currency":"TRY","http.req.id":"3f2f2e0d-208f-4923-abd8-f4448c4d3434","http.req.method":"GET","http.req.path":"/product/1YMWWN1N4O","id":"1YMWWN1N4O","message":"serving product page","session":"f9734e3a-0615-43dc-908b-1b8be30715f4","severity":"debug","timestamp":"2026-03-06T06:03:03.874786925Z"}
{"http.req.id":"3f2f2e0d-208f-4923-abd8-f4448c4d3434","http.req.method":"GET","http.req.path":"/product/1YMWWN1N4O","http.resp.bytes":8042,"http.resp.status":200,"http.resp.took_ms":11,"message":"request complete","session":"f9734e3a-0615-43dc-908b-1b8be30715f4","severity":"debug","timestamp":"2026-03-06T06:03:03.885869019Z"}
{"http.req.id":"bded4051-2359-4518-b556-7f12f411535f","http.req.method":"GET","http.req.path":"/product/0PUK6V6EV0","message":"request started","session":"6e21104e-b0bf-4a85-b5c2-ac5af92fa69e","severity":"debug","timestamp":"2026-03-06T06:03:04.835200855Z"}
{"currency":"EUR","http.req.id":"bded4051-2359-4518-b556-7f12f411535f","http.req.method":"GET","http.req.path":"/product/0PUK6V6EV0","id":"0PUK6V6EV0","message":"serving product page","session":"6e21104e-b0bf-4a85-b5c2-ac5af92fa69e","severity":"debug","timestamp":"2026-03-06T06:03:04.83529089Z"}
{"http.req.id":"bded4051-2359-4518-b556-7f12f411535f","http.req.method":"GET","http.req.path":"/product/0PUK6V6EV0","http.resp.bytes":8067,"http.resp.status":200,"http.resp.took_ms":19,"message":"request complete","session":"6e21104e-b0bf-4a85-b5c2-ac5af92fa69e","severity":"debug","timestamp":"2026-03-06T06:03:04.854514024Z"}
