{"http.req.id":"8fb0255d-1e21-470f-afb8-ca03b78237b3","http.req.method":"POST","http.req.path":"/setCurrency","http.resp.bytes":0,"http.resp.status":302,"http.resp.took_ms":0,"message":"request complete","session":"514e00c6-206e-4c6e-873f-852b796455de","severity":"debug","timestamp":"2026-03-25T11:55:17.503478111Z"}
{"http.req.id":"2d67fea6-0eb6-47b1-93ee-5d7796a71e59","http.req.method":"GET","http.req.path":"/","message":"request started","session":"514e00c6-206e-4c6e-873f-852b796455de","severity":"debug","timestamp":"2026-03-25T11:55:17.50471947Z"}
{"currency":"TRY","http.req.id":"2d67fea6-0eb6-47b1-93ee-5d7796a71e59","http.req.method":"GET","http.req.path":"/","message":"home","session":"514e00c6-206e-4c6e-873f-852b796455de","severity":"info","timestamp":"2026-03-25T11:55:17.504794929Z"}
{"http.req.id":"4a42faee-ea2d-434e-a3c4-964c4d880509","http.req.method":"GET","http.req.path":"/product/OLJCESPC7Z","http.resp.bytes":8001,"http.resp.status":200,"http.resp.took_ms":152,"message":"request complete","session":"513dd945-739c-4fe3-8e54-6e6927fbb733","severity":"debug","timestamp":"2026-03-25T11:55:17.575618056Z"}
env platform is either empty or invalid
{"http.req.id":"1e5d414d-d9d8-4d32-a314-22c6f352c8ef","http.req.method":"POST","http.req.path":"/cart","message":"request started","session":"513dd945-739c-4fe3-8e54-6e6927fbb733","severity":"debug","timestamp":"2026-03-25T11:55:17.576934954Z"}
{"http.req.id":"1e5d414d-d9d8-4d32-a314-22c6f352c8ef","http.req.method":"POST","http.req.path":"/cart","message":"adding to cart","product":"OLJCESPC7Z","quantity":9,"session":"513dd945-739c-4fe3-8e54-6e6927fbb733","severity":"debug","timestamp":"2026-03-25T11:55:17.577019776Z"}
{"http.req.id":"2d67fea6-0eb6-47b1-93ee-5d7796a71e59","http.req.method":"GET","http.req.path":"/","message":"ENV_PLATFORM is: local","session":"514e00c6-206e-4c6e-873f-852b796455de","severity":"debug","timestamp":"2026-03-25T11:55:17.578755697Z"}
{"http.req.id":"2d67fea6-0eb6-47b1-93ee-5d7796a71e59","http.req.method":"GET","http.req.path":"/","http.resp.bytes":10500,"http.resp.status":200,"http.resp.took_ms":78,"message":"request complete","session":"514e00c6-206e-4c6e-873f-852b796455de","severity":"debug","timestamp":"2026-03-25T11:55:17.582783877Z"}
{"http.req.id":"1e5d414d-d9d8-4d32-a314-22c6f352c8ef","http.req.method":"POST","http.req.path":"/cart","http.resp.bytes":0,"http.resp.status":302,"http.resp.took_ms":6,"message":"request complete","session":"513dd945-739c-4fe3-8e54-6e6927fbb733","severity":"debug","timestamp":"2026-03-25T11:55:17.583441927Z"}
{"http.req.id":"32a25d0a-8f63-4f4b-8db5-d2bd1d1675d6","http.req.method":"GET","http.req.path":"/cart","message":"request started","session":"513dd945-739c-4fe3-8e54-6e6927fbb733","severity":"debug","timestamp":"2026-03-25T11:55:17.585162085Z"}
{"http.req.id":"32a25d0a-8f63-4f4b-8db5-d2bd1d1675d6","http.req.method":"GET","http.req.path":"/cart","message":"view user cart","session":"513dd945-739c-4fe3-8e54-6e6927fbb733","severity":"debug","timestamp":"2026-03-25T11:55:17.585314227Z"}
{"http.req.id":"7a15cf0f-a455-4d9b-976d-99f3e22dd6af","http.req.method":"GET","http.req.path":"/_healthz","message":"request started","session":"x-liveness-probe","severity":"debug","timestamp":"2026-03-25T11:55:17.776418252Z"}
{"http.req.id":"7a15cf0f-a455-4d9b-976d-99f3e22dd6af","http.req.method":"GET","http.req.path":"/_healthz","http.resp.bytes":2,"http.resp.status":200,"http.resp.took_ms":0,"message":"request complete","session":"x-liveness-probe","severity":"debug","timestamp":"2026-03-25T11:55:17.776516499Z"}
{"http.req.id":"32a25d0a-8f63-4f4b-8db5-d2bd1d1675d6","http.req.method":"GET","http.req.path":"/cart","http.resp.bytes":20680,"http.resp.status":200,"http.resp.took_ms":299,"message":"request complete","session":"513dd945-739c-4fe3-8e54-6e6927fbb733","severity":"debug","timestamp":"2026-03-25T11:55:17.88441751Z"}
{"http.req.id":"c55c62fd-1870-4c8a-88a1-5b42754dbc9f","http.req.method":"POST","http.req.path":"/setCurrency","message":"request started","session":"fcb2831f-0627-4791-ac1d-23821dc5b140","severity":"debug","timestamp":"2026-03-25T11:55:18.32321343Z"}
{"curr.new":"USD","curr.old":"TRY","http.req.id":"c55c62fd-1870-4c8a-88a1-5b42754dbc9f","http.req.method":"POST","http.req.path":"/setCurrency","message":"setting currency","session":"fcb2831f-0627-4791-ac1d-23821dc5b140","severity":"debug","timestamp":"2026-03-25T11:55:18.323383893Z"}
{"http.req.id":"c55c62fd-1870-4c8a-88a1-5b42754dbc9f","http.req.method":"POST","http.req.path":"/setCurrency","http.resp.bytes":0,"http.resp.status":302,"http.resp.took_ms":0,"message":"request complete","session":"fcb2831f-0627-4791-ac1d-23821dc5b140","severity":"debug","timestamp":"2026-03-25T11:55:18.323421323Z"}
{"http.req.id":"c1674d60-20d2-431e-8d4e-9f6e0955ddca","http.req.method":"GET","http.req.path":"/","message":"request started","session":"fcb2831f-0627-4791-ac1d-23821dc5b140","severity":"debug","timestamp":"2026-03-25T11:55:18.32460622Z"}
{"currency":"USD","http.req.id":"c1674d60-20d2-431e-8d4e-9f6e0955ddca","http.req.method":"GET","http.req.path":"/","message":"home","session":"fcb2831f-0627-4791-ac1d-23821dc5b140","severity":"info","timestamp":"2026-03-25T11:55:18.324675794Z"}
env platform is either empty or invalid
{"http.req.id":"c1674d60-20d2-431e-8d4e-9f6e0955ddca","http.req.method":"GET","http.req.path":"/","message":"ENV_PLATFORM is: local","session":"fcb2831f-0627-4791-ac1d-23821dc5b140","severity":"debug","timestamp":"2026-03-25T11:55:18.348099619Z"}
{"http.req.id":"c1674d60-20d2-431e-8d4e-9f6e0955ddca","http.req.method":"GET","http.req.path":"/","http.resp.bytes":10473,"http.resp.status":200,"http.resp.took_ms":26,"message":"request complete","session":"fcb2831f-0627-4791-ac1d-23821dc5b140","severity":"debug","timestamp":"2026-03-25T11:55:18.351002027Z"}
{"http.req.id":"d121e08c-1d9e-448e-98cd-6734c0ed76bd","http.req.method":"GET","http.req.path":"/cart","message":"request started","session":"2d3bf3d7-22b5-49c9-8227-12126292f393","severity":"debug","timestamp":"2026-03-25T11:55:19.06633576Z"}
{"http.req.id":"d121e08c-1d9e-448e-98cd-6734c0ed76bd","http.req.method":"GET","http.req.path":"/cart","message":"view user cart","session":"2d3bf3d7-22b5-49c9-8227-12126292f393","severity":"debug","timestamp":"2026-03-25T11:55:19.066415058Z"}
{"http.req.id":"d121e08c-1d9e-448e-98cd-6734c0ed76bd","http.req.method":"GET","http.req.path":"/cart","http.resp.bytes":16419,"http.resp.status":200,"http.resp.took_ms":19,"message":"request complete","session":"2d3bf3d7-22b5-49c9-8227-12126292f393","severity":"debug","timestamp":"2026-03-25T11:55:19.085883002Z"}
{"http.req.id":"b4447daa-0523-45f1-b769-f5ca82374594","http.req.method":"GET","http.req.path":"/product/LS4PSXUNUM","message":"request started","session":"514e00c6-206e-4c6e-873f-852b796455de","severity":"debug","timestamp":"2026-03-25T11:55:20.929644865Z"}
{"currency":"TRY","http.req.id":"b4447daa-0523-45f1-b769-f5ca82374594","http.req.method":"GET","http.req.path":"/product/LS4PSXUNUM","id":"LS4PSXUNUM","message":"serving product page","session":"514e00c6-206e-4c6e-873f-852b796455de","severity":"debug","timestamp":"2026-03-25T11:55:20.929754176Z"}
{"http.req.id":"b4447daa-0523-45f1-b769-f5ca82374594","http.req.method":"GET","http.req.path":"/product/LS4PSXUNUM","http.resp.bytes":7963,"http.resp.status":200,"http.resp.took_ms":342,"message":"request complete","session":"514e00c6-206e-4c6e-873f-852b796455de","severity":"debug","timestamp":"2026-03-25T11:55:21.272076996Z"}
{"http.req.id":"bcc91391-0a2d-4bb3-b970-995bd7fb5a3a","http.req.method":"POST","http.req.path":"/setCurrency","message":"request started","session":"32217267-98ca-4d66-9fc8-3f088b8def0f","severity":"debug","timestamp":"2026-03-25T11:55:21.531648477Z"}
{"curr.new":"JPY","curr.old":"JPY","http.req.id":"bcc91391-0a2d-4bb3-b970-995bd7fb5a3a","http.req.method":"POST","http.req.path":"/setCurrency","message":"setting currency","session":"32217267-98ca-4d66-9fc8-3f088b8def0f","severity":"debug","timestamp":"2026-03-25T11:55:21.531838263Z"}
{"http.req.id":"bcc91391-0a2d-4bb3-b970-995bd7fb5a3a","http.req.method":"POST","http.req.path":"/setCurrency","http.resp.bytes":0,"http.resp.status":302,"http.resp.took_ms":0,"message":"request complete","session":"32217267-98ca-4d66-9fc8-3f088b8def0f","severity":"debug","timestamp":"2026-03-25T11:55:21.531872926Z"}
{"http.req.id":"4caf1107-56ca-4be2-be99-c195a3291692","http.req.method":"GET","http.req.path":"/","message":"request started","session":"32217267-98ca-4d66-9fc8-3f088b8def0f","severity":"debug","timestamp":"2026-03-25T11:55:21.533371354Z"}
{"currency":"JPY","http.req.id":"4caf1107-56ca-4be2-be99-c195a3291692","http.req.method":"GET","http.req.path":"/","message":"home","session":"32217267-98ca-4d66-9fc8-3f088b8def0f","severity":"info","timestamp":"2026-03-25T11:55:21.533463522Z"}
env platform is either empty or invalid
{"http.req.id":"4caf1107-56ca-4be2-be99-c195a3291692","http.req.method":"GET","http.req.path":"/","message":"ENV_PLATFORM is: local","session":"32217267-98ca-4d66-9fc8-3f088b8def0f","severity":"debug","timestamp":"2026-03-25T11:55:21.566556013Z"}
{"http.req.id":"4caf1107-56ca-4be2-be99-c195a3291692","http.req.method":"GET","http.req.path":"/","http.resp.bytes":10503,"http.resp.status":200,"http.resp.took_ms":35,"message":"request complete","session":"32217267-98ca-4d66-9fc8-3f088b8def0f","severity":"debug","timestamp":"2026-03-25T11:55:21.569130829Z"}
{"http.req.id":"0e0584df-5d48-4d59-bf4c-5b1c02c15817","http.req.method":"GET","http.req.path":"/product/LS4PSXUNUM","message":"request started","session":"694745d8-a179-4c65-83d6-9ed873a7b94b","severity":"debug","timestamp":"2026-03-25T11:55:21.739967432Z"}
{"currency":"EUR","http.req.id":"0e0584df-5d48-4d59-bf4c-5b1c02c15817","http.req.method":"GET","http.req.path":"/product/LS4PSXUNUM","id":"LS4PSXUNUM","message":"serving product page","session":"694745d8-a179-4c65-83d6-9ed873a7b94b","severity":"debug","timestamp":"2026-03-25T11:55:21.740062667Z"}
{"http.req.id":"0e0584df-5d48-4d59-bf4c-5b1c02c15817","http.req.method":"GET","http.req.path":"/product/LS4PSXUNUM","http.resp.bytes":7983,"http.resp.status":200,"http.resp.took_ms":32,"message":"request complete","session":"694745d8-a179-4c65-83d6-9ed873a7b94b","severity":"debug","timestamp":"2026-03-25T11:55:21.772411949Z"}
{"http.req.id":"90efed70-87cb-4b6a-ad2c-00d524315469","http.req.method":"POST","http.req.path":"/cart","message":"request started","session":"694745d8-a179-4c65-83d6-9ed873a7b94b","severity":"debug","timestamp":"2026-03-25T11:55:21.786209884Z"}
{"http.req.id":"90efed70-87cb-4b6a-ad2c-00d524315469","http.req.method":"POST","http.req.path":"/cart","message":"adding to cart","product":"LS4PSXUNUM","quantity":3,"session":"694745d8-a179-4c65-83d6-9ed873a7b94b","severity":"debug","timestamp":"2026-03-25T11:55:21.786343183Z"}
{"http.req.id":"7633b41b-dc70-48bd-b164-71ebdc499b94","http.req.method":"GET","http.req.path":"/product/2ZYFJ3GM2N","message":"request started","session":"ecb080bf-5333-403f-9547-c8725d499228","severity":"debug","timestamp":"2026-03-25T11:55:21.788810948Z"}
{"currency":"JPY","http.req.id":"7633b41b-dc70-48bd-b164-71ebdc499b94","http.req.method":"GET","http.req.path":"/product/2ZYFJ3GM2N","id":"2ZYFJ3GM2N","message":"serving product page","session":"ecb080bf-5333-403f-9547-c8725d499228","severity":"debug","timestamp":"2026-03-25T11:55:21.790603431Z"}
{"http.req.id":"90efed70-87cb-4b6a-ad2c-00d524315469","http.req.method":"POST","http.req.path":"/cart","http.resp.bytes":0,"http.resp.status":302,"http.resp.took_ms":5,"message":"request complete","session":"694745d8-a179-4c65-83d6-9ed873a7b94b","severity":"debug","timestamp":"2026-03-25T11:55:21.792072343Z"}
{"http.req.id":"02858dde-f13d-4b5f-9eb6-4d757076046c","http.req.method":"GET","http.req.path":"/cart","message":"request started","session":"694745d8-a179-4c65-83d6-9ed873a7b94b","severity":"debug","timestamp":"2026-03-25T11:55:21.793363274Z"}
{"http.req.id":"02858dde-f13d-4b5f-9eb6-4d757076046c","http.req.method":"GET","http.req.path":"/cart","message":"view user cart","session":"694745d8-a179-4c65-83d6-9ed873a7b94b","severity":"debug","timestamp":"2026-03-25T11:55:21.793437894Z"}
{"http.req.id":"62ab17e8-215f-4a26-b290-6976189ce97b","http.req.method":"GET","http.req.path":"/_healthz","message":"request started","session":"x-readiness-probe","severity":"debug","timestamp":"2026-03-25T11:55:21.983435859Z"}
{"http.req.id":"62ab17e8-215f-4a26-b290-6976189ce97b","http.req.method":"GET","http.req.path":"/_healthz","http.resp.bytes":2,"http.resp.status":200,"http.resp.took_ms":0,"message":"request complete","session":"x-readiness-probe","severity":"debug","timestamp":"2026-03-25T11:55:21.983578338Z"}
{"http.req.id":"02858dde-f13d-4b5f-9eb6-4d757076046c","http.req.method":"GET","http.req.path":"/cart","http.resp.bytes":19264,"http.resp.status":200,"http.resp.took_ms":305,"message":"request complete","session":"694745d8-a179-4c65-83d6-9ed873a7b94b","severity":"debug","timestamp":"2026-03-25T11:55:22.098601286Z"}
{"http.req.id":"39987e9f-0bb0-4ae8-bab1-aad38f926869","http.req.method":"POST","http.req.path":"/cart/checkout","message":"request started","session":"694745d8-a179-4c65-83d6-9ed873a7b94b","severity":"debug","timestamp":"2026-03-25T11:55:22.101815816Z"}
{"http.req.id":"39987e9f-0bb0-4ae8-bab1-aad38f926869","http.req.method":"POST","http.req.path":"/cart/checkout","message":"placing order","session":"694745d8-a179-4c65-83d6-9ed873a7b94b","severity":"debug","timestamp":"2026-03-25T11:55:22.101965746Z"}
{"http.req.id":"39987e9f-0bb0-4ae8-bab1-aad38f926869","http.req.method":"POST","http.req.path":"/cart/checkout","message":"order placed","order":"809e2367-2841-11f1-a4a0-927ce8a683d8","session":"694745d8-a179-4c65-83d6-9ed873a7b94b","severity":"info","timestamp":"2026-03-25T11:55:22.127054602Z"}
{"http.req.id":"7633b41b-dc70-48bd-b164-71ebdc499b94","http.req.method":"GET","http.req.path":"/product/2ZYFJ3GM2N","http.resp.bytes":7974,"http.resp.status":200,"http.resp.took_ms":485,"message":"request complete","session":"ecb080bf-5333-403f-9547-c8725d499228","severity":"debug","timestamp":"2026-03-25T11:55:22.274558889Z"}
{"http.req.id":"39987e9f-0bb0-4ae8-bab1-aad38f926869","http.req.method":"POST","http.req.path":"/cart/checkout","http.resp.bytes":6737,"http.resp.status":200,"http.resp.took_ms":369,"message":"request complete","session":"694745d8-a179-4c65-83d6-9ed873a7b94b","severity":"debug","timestamp":"2026-03-25T11:55:22.470958565Z"}
{"http.req.id":"0192ed74-cdba-4fb6-b3b0-476b58d47610","http.req.method":"GET","http.req.path":"/product/6E92ZMYYFZ","message":"request started","session":"a38c2610-1665-4c93-8051-4c451f5de325","severity":"debug","timestamp":"2026-03-25T11:55:22.838159973Z"}
{"currency":"CAD","http.req.id":"0192ed74-cdba-4fb6-b3b0-476b58d47610","http.req.method":"GET","http.req.path":"/product/6E92ZMYYFZ","id":"6E92ZMYYFZ","message":"serving product page","session":"a38c2610-1665-4c93-8051-4c451f5de325","severity":"debug","timestamp":"2026-03-25T11:55:22.838269618Z"}
{"http.req.id":"0192ed74-cdba-4fb6-b3b0-476b58d47610","http.req.method":"GET","http.req.path":"/product/6E92ZMYYFZ","http.resp.bytes":7940,"http.resp.status":200,"http.resp.took_ms":138,"message":"request complete","session":"a38c2610-1665-4c93-8051-4c451f5de325","severity":"debug","timestamp":"2026-03-25T11:55:22.976299555Z"}
{"http.req.id":"4e332387-0ac3-4f74-881b-f3f114613d83","http.req.method":"POST","http.req.path":"/cart","message":"request started","session":"a38c2610-1665-4c93-8051-4c451f5de325","severity":"debug","timestamp":"2026-03-25T11:55:22.977665784Z"}
{"http.req.id":"4e332387-0ac3-4f74-881b-f3f114613d83","http.req.method":"POST","http.req.path":"/cart","message":"adding to cart","product":"6E92ZMYYFZ","quantity":7,"session":"a38c2610-1665-4c93-8051-4c451f5de325","severity":"debug","timestamp":"2026-03-25T11:55:22.977901424Z"}
{"http.req.id":"4e332387-0ac3-4f74-881b-f3f114613d83","http.req.method":"POST","http.req.path":"/cart","http.resp.bytes":0,"http.resp.status":302,"http.resp.took_ms":6,"message":"request complete","session":"a38c2610-1665-4c93-8051-4c451f5de325","severity":"debug","timestamp":"2026-03-25T11:55:22.984485088Z"}
{"http.req.id":"387fabee-cffd-4d60-b5f3-69d11e5f550e","http.req.method":"GET","http.req.path":"/cart","message":"request started","session":"a38c2610-1665-4c93-8051-4c451f5de325","severity":"debug","timestamp":"2026-03-25T11:55:22.987562416Z"}
{"http.req.id":"387fabee-cffd-4d60-b5f3-69d11e5f550e","http.req.method":"GET","http.req.path":"/cart","message":"view user cart","session":"a38c2610-1665-4c93-8051-4c451f5de325","severity":"debug","timestamp":"2026-03-25T11:55:22.987669118Z"}
{"http.req.id":"387fabee-cffd-4d60-b5f3-69d11e5f550e","http.req.method":"GET","http.req.path":"/cart","http.resp.bytes":16375,"http.resp.status":200,"http.resp.took_ms":200,"message":"request complete","session":"a38c2610-1665-4c93-8051-4c451f5de325","severity":"debug","timestamp":"2026-03-25T11:55:23.187898853Z"}
{"http.req.id":"294754c9-5ce2-43ca-b1c4-4a90f1b6bbb0","http.req.method":"GET","http.req.path":"/product/6E92ZMYYFZ","message":"request started","session":"827eab86-1aba-4a15-8740-5fee5900d10f","severity":"debug","timestamp":"2026-03-25T11:55:23.387324569Z"}
{"currency":"GBP","http.req.id":"294754c9-5ce2-43ca-b1c4-4a90f1b6bbb0","http.req.method":"GET","http.req.path":"/product/6E92ZMYYFZ","id":"6E92ZMYYFZ","message":"serving product page","session":"827eab86-1aba-4a15-8740-5fee5900d10f","severity":"debug","timestamp":"2026-03-25T11:55:23.387441231Z"}
{"http.req.id":"294754c9-5ce2-43ca-b1c4-4a90f1b6bbb0","http.req.method":"GET","http.req.path":"/product/6E92ZMYYFZ","http.resp.bytes":7982,"http.resp.status":200,"http.resp.took_ms":285,"message":"request complete","session":"827eab86-1aba-4a15-8740-5fee5900d10f","severity":"debug","timestamp":"2026-03-25T11:55:23.67254157Z"}
{"http.req.id":"dc073e3b-0f51-4780-b134-a28f16dc0e84","http.req.method":"POST","http.req.path":"/cart","message":"request started","session":"827eab86-1aba-4a15-8740-5fee5900d10f","severity":"debug","timestamp":"2026-03-25T11:55:23.674474401Z"}
{"http.req.id":"dc073e3b-0f51-4780-b134-a28f16dc0e84","http.req.method":"POST","http.req.path":"/cart","message":"adding to cart","product":"6E92ZMYYFZ","quantity":4,"session":"827eab86-1aba-4a15-8740-5fee5900d10f","severity":"debug","timestamp":"2026-03-25T11:55:23.674650225Z"}
{"http.req.id":"dc073e3b-0f51-4780-b134-a28f16dc0e84","http.req.method":"POST","http.req.path":"/cart","http.resp.bytes":0,"http.resp.status":302,"http.resp.took_ms":5,"message":"request complete","session":"827eab86-1aba-4a15-8740-5fee5900d10f","severity":"debug","timestamp":"2026-03-25T11:55:23.679765487Z"}
{"http.req.id":"bc4e20cc-daf9-46f3-bd31-096e2ce2cba9","http.req.method":"GET","http.req.path":"/cart","message":"request started","session":"827eab86-1aba-4a15-8740-5fee5900d10f","severity":"debug","timestamp":"2026-03-25T11:55:23.684749595Z"}
{"http.req.id":"bc4e20cc-daf9-46f3-bd31-096e2ce2cba9","http.req.method":"GET","http.req.path":"/cart","message":"view user cart","session":"827eab86-1aba-4a15-8740-5fee5900d10f","severity":"debug","timestamp":"2026-03-25T11:55:23.684861106Z"}
{"http.req.id":"6cc365fa-ae5b-432e-907c-e9ff81500a56","http.req.method":"GET","http.req.path":"/product/L9ECAV7KIM","message":"request started","session":"fcb2831f-0627-4791-ac1d-23821dc5b140","severity":"debug","timestamp":"2026-03-25T11:55:23.997245952Z"}
{"currency":"USD","http.req.id":"6cc365fa-ae5b-432e-907c-e9ff81500a56","http.req.method":"GET","http.req.path":"/product/L9ECAV7KIM","id":"L9ECAV7KIM","message":"serving product page","session":"fcb2831f-0627-4791-ac1d-23821dc5b140","severity":"debug","timestamp":"2026-03-25T11:55:23.997360676Z"}
{"http.req.id":"bc4e20cc-daf9-46f3-bd31-096e2ce2cba9","http.req.method":"GET","http.req.path":"/cart","http.resp.bytes":22107,"http.resp.status":200,"http.resp.took_ms":506,"message":"request complete","session":"827eab86-1aba-4a15-8740-5fee5900d10f","severity":"debug","timestamp":"2026-03-25T11:55:24.191567374Z"}
{"http.req.id":"6cc365fa-ae5b-432e-907c-e9ff81500a56","http.req.method":"GET","http.req.path":"/product/L9ECAV7KIM","http.resp.bytes":7988,"http.resp.status":200,"http.resp.took_ms":276,"message":"request complete","session":"fcb2831f-0627-4791-ac1d-23821dc5b140","severity":"debug","timestamp":"2026-03-25T11:55:24.273256315Z"}
{"http.req.id":"83a0d54b-5acf-4fe6-830a-99732da49e60","http.req.method":"GET","http.req.path":"/","message":"request started","session":"df4ce93a-5d92-40a8-93c2-540bf11bbb4d","severity":"debug","timestamp":"2026-03-25T11:55:24.347278748Z"}
{"currency":"USD","http.req.id":"83a0d54b-5acf-4fe6-830a-99732da49e60","http.req.method":"GET","http.req.path":"/","message":"home","session":"df4ce93a-5d92-40a8-93c2-540bf11bbb4d","severity":"info","timestamp":"2026-03-25T11:55:24.347378337Z"}
env platform is either empty or invalid
{"http.req.id":"83a0d54b-5acf-4fe6-830a-99732da49e60","http.req.method":"GET","http.req.path":"/","message":"ENV_PLATFORM is: local","session":"df4ce93a-5d92-40a8-93c2-540bf11bbb4d","severity":"debug","timestamp":"2026-03-25T11:55:24.475064631Z"}
{"http.req.id":"83a0d54b-5acf-4fe6-830a-99732da49e60","http.req.method":"GET","http.req.path":"/","http.resp.bytes":10383,"http.resp.status":200,"http.resp.took_ms":132,"message":"request complete","session":"df4ce93a-5d92-40a8-93c2-540bf11bbb4d","severity":"debug","timestamp":"2026-03-25T11:55:24.479907104Z"}
{"http.req.id":"144e7a6e-589a-47f6-b4d4-c63c79d9cd0a","http.req.method":"POST","http.req.path":"/setCurrency","message":"request started","session":"694745d8-a179-4c65-83d6-9ed873a7b94b","severity":"debug","timestamp":"2026-03-25T11:55:24.697896728Z"}
{"curr.new":"EUR","curr.old":"EUR","http.req.id":"144e7a6e-589a-47f6-b4d4-c63c79d9cd0a","http.req.method":"POST","http.req.path":"/setCurrency","message":"setting currency","session":"694745d8-a179-4c65-83d6-9ed873a7b94b","severity":"debug","timestamp":"2026-03-25T11:55:24.698031668Z"}
{"http.req.id":"144e7a6e-589a-47f6-b4d4-c63c79d9cd0a","http.req.method":"POST","http.req.path":"/setCurrency","http.resp.bytes":0,"http.resp.status":302,"http.resp.took_ms":0,"message":"request complete","session":"694745d8-a179-4c65-83d6-9ed873a7b94b","severity":"debug","timestamp":"2026-03-25T11:55:24.698056244Z"}
{"http.req.id":"72974c75-a551-4cad-a873-f590cfd55435","http.req.method":"GET","http.req.path":"/","message":"request started","session":"694745d8-a179-4c65-83d6-9ed873a7b94b","severity":"debug","timestamp":"2026-03-25T11:55:24.699947802Z"}
{"currency":"EUR","http.req.id":"72974c75-a551-4cad-a873-f590cfd55435","http.req.method":"GET","http.req.path":"/","message":"home","session":"694745d8-a179-4c65-83d6-9ed873a7b94b","severity":"info","timestamp":"2026-03-25T11:55:24.700044895Z"}
env platform is either empty or invalid
{"http.req.id":"72974c75-a551-4cad-a873-f590cfd55435","http.req.method":"GET","http.req.path":"/","message":"ENV_PLATFORM is: local","session":"694745d8-a179-4c65-83d6-9ed873a7b94b","severity":"debug","timestamp":"2026-03-25T11:55:24.766258862Z"}
{"http.req.id":"72974c75-a551-4cad-a873-f590cfd55435","http.req.method":"GET","http.req.path":"/","http.resp.bytes":10402,"http.resp.status":200,"http.resp.took_ms":69,"message":"request complete","session":"694745d8-a179-4c65-83d6-9ed873a7b94b","severity":"debug","timestamp":"2026-03-25T11:55:24.769234724Z"}
{"http.req.id":"d4fc97e1-b20c-4224-855a-a9d6f28f46ae","http.req.method":"GET","http.req.path":"/product/9SIQT8TOJO","message":"request started","session":"a38c2610-1665-4c93-8051-4c451f5de325","severity":"debug","timestamp":"2026-03-25T11:55:26.393397488Z"}
{"currency":"CAD","http.req.id":"d4fc97e1-b20c-4224-855a-a9d6f28f46ae","http.req.method":"GET","http.req.path":"/product/9SIQT8TOJO","id":"9SIQT8TOJO","message":"serving product page","session":"a38c2610-1665-4c93-8051-4c451f5de325","severity":"debug","timestamp":"2026-03-25T11:55:26.393495076Z"}
{"http.req.id":"d4fc97e1-b20c-4224-855a-a9d6f28f46ae","http.req.method":"GET","http.req.path":"/product/9SIQT8TOJO","http.resp.bytes":8008,"http.resp.status":200,"http.resp.took_ms":81,"message":"request complete","session":"a38c2610-1665-4c93-8051-4c451f5de325","severity":"debug","timestamp":"2026-03-25T11:55:26.474522711Z"}
{"http.req.id":"4a0b8288-6868-42c1-819e-322c9b866ef5","http.req.method":"GET","http.req.path":"/product/L9ECAV7KIM","message":"request started","session":"ecb080bf-5333-403f-9547-c8725d499228","severity":"debug","timestamp":"2026-03-25T11:55:26.790576694Z"}
{"currency":"JPY","http.req.id":"4a0b8288-6868-42c1-819e-322c9b866ef5","http.req.method":"GET","http.req.path":"/product/L9ECAV7KIM","id":"L9ECAV7KIM","message":"serving product page","session":"ecb080bf-5333-403f-9547-c8725d499228","severity":"debug","timestamp":"2026-03-25T11:55:26.790687504Z"}
{"http.req.id":"9643e537-f9c1-451b-86df-7ce7a591e8fd","http.req.method":"GET","http.req.path":"/product/0PUK6V6EV0","message":"request started","session":"32217267-98ca-4d66-9fc8-3f088b8def0f","severity":"debug","timestamp":"2026-03-25T11:55:26.967868669Z"}
{"currency":"JPY","http.req.id":"9643e537-f9c1-451b-86df-7ce7a591e8fd","http.req.method":"GET","http.req.path":"/product/0PUK6V6EV0","id":"0PUK6V6EV0","message":"serving product page","session":"32217267-98ca-4d66-9fc8-3f088b8def0f","severity":"debug","timestamp":"2026-03-25T11:55:26.967931828Z"}
{"http.req.id":"4a0b8288-6868-42c1-819e-322c9b866ef5","http.req.method":"GET","http.req.path":"/product/L9ECAV7KIM","http.resp.bytes":7957,"http.resp.status":200,"http.resp.took_ms":184,"message":"request complete","session":"ecb080bf-5333-403f-9547-c8725d499228","severity":"debug","timestamp":"2026-03-25T11:55:26.975016672Z"}
{"http.req.id":"9643e537-f9c1-451b-86df-7ce7a591e8fd","http.req.method":"GET","http.req.path":"/product/0PUK6V6EV0","http.resp.bytes":8010,"http.resp.status":200,"http.resp.took_ms":106,"message":"request complete","session":"32217267-98ca-4d66-9fc8-3f088b8def0f","severity":"debug","timestamp":"2026-03-25T11:55:27.074072218Z"}
{"http.req.id":"342cbea9-3145-483b-b24c-7dd26d53b4f1","http.req.method":"GET","http.req.path":"/cart","message":"request started","session":"513dd945-739c-4fe3-8e54-6e6927fbb733","severity":"debug","timestamp":"2026-03-25T11:55:27.275544144Z"}
{"http.req.id":"342cbea9-3145-483b-b24c-7dd26d53b4f1","http.req.method":"GET","http.req.path":"/cart","message":"view user cart","session":"513dd945-739c-4fe3-8e54-6e6927fbb733","severity":"debug","timestamp":"2026-03-25T11:55:27.275659762Z"}
