{"curr.new":"TRY","curr.old":"JPY","http.req.id":"3347fc01-914d-40e4-a237-6585bba410a5","http.req.method":"POST","http.req.path":"/setCurrency","message":"setting currency","session":"514e00c6-206e-4c6e-873f-852b796455de","severity":"debug","timestamp":"2026-03-25T12:12:24.104427108Z"}
{"http.req.id":"3347fc01-914d-40e4-a237-6585bba410a5","http.req.method":"POST","http.req.path":"/setCurrency","http.resp.bytes":0,"http.resp.status":302,"http.resp.took_ms":1,"message":"request complete","session":"514e00c6-206e-4c6e-873f-852b796455de","severity":"debug","timestamp":"2026-03-25T12:12:24.104539081Z"}
{"http.req.id":"2c03fe2b-9fb4-4460-9206-f43e449f8a56","http.req.method":"GET","http.req.path":"/","message":"request started","session":"514e00c6-206e-4c6e-873f-852b796455de","severity":"debug","timestamp":"2026-03-25T12:12:24.106129089Z"}
{"currency":"TRY","http.req.id":"2c03fe2b-9fb4-4460-9206-f43e449f8a56","http.req.method":"GET","http.req.path":"/","message":"home","session":"514e00c6-206e-4c6e-873f-852b796455de","severity":"info","timestamp":"2026-03-25T12:12:24.106196685Z"}
env platform is either empty or invalid
{"http.req.id":"2c03fe2b-9fb4-4460-9206-f43e449f8a56","http.req.method":"GET","http.req.path":"/","message":"ENV_PLATFORM is: local","session":"514e00c6-206e-4c6e-873f-852b796455de","severity":"debug","timestamp":"2026-03-25T12:12:24.158431342Z"}
{"http.req.id":"2c03fe2b-9fb4-4460-9206-f43e449f8a56","http.req.method":"GET","http.req.path":"/","http.resp.bytes":10500,"http.resp.status":200,"http.resp.took_ms":56,"message":"request complete","session":"514e00c6-206e-4c6e-873f-852b796455de","severity":"debug","timestamp":"2026-03-25T12:12:24.162708157Z"}
{"http.req.id":"989790ab-99f8-407d-8bee-4fa89c64b26d","http.req.method":"POST","http.req.path":"/setCurrency","message":"request started","session":"827eab86-1aba-4a15-8740-5fee5900d10f","severity":"debug","timestamp":"2026-03-25T12:12:24.89129303Z"}
{"curr.new":"CAD","curr.old":"CAD","http.req.id":"989790ab-99f8-407d-8bee-4fa89c64b26d","http.req.method":"POST","http.req.path":"/setCurrency","message":"setting currency","session":"827eab86-1aba-4a15-8740-5fee5900d10f","severity":"debug","timestamp":"2026-03-25T12:12:24.891495599Z"}
{"http.req.id":"989790ab-99f8-407d-8bee-4fa89c64b26d","http.req.method":"POST","http.req.path":"/setCurrency","http.resp.bytes":0,"http.resp.status":302,"http.resp.took_ms":0,"message":"request complete","session":"827eab86-1aba-4a15-8740-5fee5900d10f","severity":"debug","timestamp":"2026-03-25T12:12:24.891587914Z"}
{"http.req.id":"5c6c1d41-be20-4535-97d9-2acf1500544b","http.req.method":"GET","http.req.path":"/","message":"request started","session":"827eab86-1aba-4a15-8740-5fee5900d10f","severity":"debug","timestamp":"2026-03-25T12:12:24.892936573Z"}
{"currency":"CAD","http.req.id":"5c6c1d41-be20-4535-97d9-2acf1500544b","http.req.method":"GET","http.req.path":"/","message":"home","session":"827eab86-1aba-4a15-8740-5fee5900d10f","severity":"info","timestamp":"2026-03-25T12:12:24.89306357Z"}
env platform is either empty or invalid
{"http.req.id":"5c6c1d41-be20-4535-97d9-2acf1500544b","http.req.method":"GET","http.req.path":"/","message":"ENV_PLATFORM is: local","session":"827eab86-1aba-4a15-8740-5fee5900d10f","severity":"debug","timestamp":"2026-03-25T12:12:24.920253276Z"}
{"http.req.id":"5c6c1d41-be20-4535-97d9-2acf1500544b","http.req.method":"GET","http.req.path":"/","http.resp.bytes":10474,"http.resp.status":200,"http.resp.took_ms":30,"message":"request complete","session":"827eab86-1aba-4a15-8740-5fee5900d10f","severity":"debug","timestamp":"2026-03-25T12:12:24.923196602Z"}
{"http.req.id":"d7dcf09b-f552-44e9-88f4-0b53acbd5a1b","http.req.method":"GET","http.req.path":"/product/66VCHSJNUP","message":"request started","session":"a38c2610-1665-4c93-8051-4c451f5de325","severity":"debug","timestamp":"2026-03-25T12:12:25.150621438Z"}
{"currency":"CAD","http.req.id":"d7dcf09b-f552-44e9-88f4-0b53acbd5a1b","http.req.method":"GET","http.req.path":"/product/66VCHSJNUP","id":"66VCHSJNUP","message":"serving product page","session":"a38c2610-1665-4c93-8051-4c451f5de325","severity":"debug","timestamp":"2026-03-25T12:12:25.150798086Z"}
{"http.req.id":"d7dcf09b-f552-44e9-88f4-0b53acbd5a1b","http.req.method":"GET","http.req.path":"/product/66VCHSJNUP","http.resp.bytes":7956,"http.resp.status":200,"http.resp.took_ms":120,"message":"request complete","session":"a38c2610-1665-4c93-8051-4c451f5de325","severity":"debug","timestamp":"2026-03-25T12:12:25.271148084Z"}
{"http.req.id":"97cb3bca-b66a-4c09-9fa9-ac2d3d06c0a9","http.req.method":"POST","http.req.path":"/setCurrency","message":"request started","session":"2d3bf3d7-22b5-49c9-8227-12126292f393","severity":"debug","timestamp":"2026-03-25T12:12:25.658832526Z"}
{"curr.new":"TRY","curr.old":"CAD","http.req.id":"97cb3bca-b66a-4c09-9fa9-ac2d3d06c0a9","http.req.method":"POST","http.req.path":"/setCurrency","message":"setting currency","session":"2d3bf3d7-22b5-49c9-8227-12126292f393","severity":"debug","timestamp":"2026-03-25T12:12:25.659197066Z"}
{"http.req.id":"97cb3bca-b66a-4c09-9fa9-ac2d3d06c0a9","http.req.method":"POST","http.req.path":"/setCurrency","http.resp.bytes":0,"http.resp.status":302,"http.resp.took_ms":0,"message":"request complete","session":"2d3bf3d7-22b5-49c9-8227-12126292f393","severity":"debug","timestamp":"2026-03-25T12:12:25.659267197Z"}
{"http.req.id":"6df751d5-dbf3-458c-8882-71bd00738b10","http.req.method":"GET","http.req.path":"/","message":"request started","session":"2d3bf3d7-22b5-49c9-8227-12126292f393","severity":"debug","timestamp":"2026-03-25T12:12:25.661518987Z"}
{"currency":"TRY","http.req.id":"6df751d5-dbf3-458c-8882-71bd00738b10","http.req.method":"GET","http.req.path":"/","message":"home","session":"2d3bf3d7-22b5-49c9-8227-12126292f393","severity":"info","timestamp":"2026-03-25T12:12:25.661586012Z"}
env platform is either empty or invalid
{"http.req.id":"6df751d5-dbf3-458c-8882-71bd00738b10","http.req.method":"GET","http.req.path":"/","message":"ENV_PLATFORM is: local","session":"2d3bf3d7-22b5-49c9-8227-12126292f393","severity":"debug","timestamp":"2026-03-25T12:12:25.688520777Z"}
{"http.req.id":"6df751d5-dbf3-458c-8882-71bd00738b10","http.req.method":"GET","http.req.path":"/","http.resp.bytes":10411,"http.resp.status":200,"http.resp.took_ms":29,"message":"request complete","session":"2d3bf3d7-22b5-49c9-8227-12126292f393","severity":"debug","timestamp":"2026-03-25T12:12:25.69113977Z"}
{"http.req.id":"64ae1669-ada9-4523-baa4-5b92ed495631","http.req.method":"GET","http.req.path":"/product/9SIQT8TOJO","message":"request started","session":"694745d8-a179-4c65-83d6-9ed873a7b94b","severity":"debug","timestamp":"2026-03-25T12:12:27.158180806Z"}
{"currency":"GBP","http.req.id":"64ae1669-ada9-4523-baa4-5b92ed495631","http.req.method":"GET","http.req.path":"/product/9SIQT8TOJO","id":"9SIQT8TOJO","message":"serving product page","session":"694745d8-a179-4c65-83d6-9ed873a7b94b","severity":"debug","timestamp":"2026-03-25T12:12:27.158229441Z"}
{"http.req.id":"64ae1669-ada9-4523-baa4-5b92ed495631","http.req.method":"GET","http.req.path":"/product/9SIQT8TOJO","http.resp.bytes":8020,"http.resp.status":200,"http.resp.took_ms":224,"message":"request complete","session":"694745d8-a179-4c65-83d6-9ed873a7b94b","severity":"debug","timestamp":"2026-03-25T12:12:27.382584857Z"}
{"http.req.id":"3ab47ada-109e-4ecf-a42a-3b778f7aa09d","http.req.method":"GET","http.req.path":"/_healthz","message":"request started","session":"x-liveness-probe","severity":"debug","timestamp":"2026-03-25T12:12:27.667773113Z"}
{"http.req.id":"3ab47ada-109e-4ecf-a42a-3b778f7aa09d","http.req.method":"GET","http.req.path":"/_healthz","http.resp.bytes":2,"http.resp.status":200,"http.resp.took_ms":0,"message":"request complete","session":"x-liveness-probe","severity":"debug","timestamp":"2026-03-25T12:12:27.667918414Z"}
{"http.req.id":"f3f882f4-4a34-4747-b4fa-4c535ca55860","http.req.method":"GET","http.req.path":"/product/66VCHSJNUP","message":"request started","session":"fcb2831f-0627-4791-ac1d-23821dc5b140","severity":"debug","timestamp":"2026-03-25T12:12:28.719570167Z"}
{"currency":"CAD","http.req.id":"f3f882f4-4a34-4747-b4fa-4c535ca55860","http.req.method":"GET","http.req.path":"/product/66VCHSJNUP","id":"66VCHSJNUP","message":"serving product page","session":"fcb2831f-0627-4791-ac1d-23821dc5b140","severity":"debug","timestamp":"2026-03-25T12:12:28.7196613Z"}
{"http.req.id":"f3f882f4-4a34-4747-b4fa-4c535ca55860","http.req.method":"GET","http.req.path":"/product/66VCHSJNUP","http.resp.bytes":7952,"http.resp.status":200,"http.resp.took_ms":48,"message":"request complete","session":"fcb2831f-0627-4791-ac1d-23821dc5b140","severity":"debug","timestamp":"2026-03-25T12:12:28.768036208Z"}
{"http.req.id":"3a2d5222-bb23-4ac6-9ef5-e2ec2d4ae8e1","http.req.method":"GET","http.req.path":"/cart","message":"request started","session":"df4ce93a-5d92-40a8-93c2-540bf11bbb4d","severity":"debug","timestamp":"2026-03-25T12:12:29.041810349Z"}
{"http.req.id":"3a2d5222-bb23-4ac6-9ef5-e2ec2d4ae8e1","http.req.method":"GET","http.req.path":"/cart","message":"view user cart","session":"df4ce93a-5d92-40a8-93c2-540bf11bbb4d","severity":"debug","timestamp":"2026-03-25T12:12:29.041882248Z"}
{"http.req.id":"3a2d5222-bb23-4ac6-9ef5-e2ec2d4ae8e1","http.req.method":"GET","http.req.path":"/cart","http.resp.bytes":16393,"http.resp.status":200,"http.resp.took_ms":125,"message":"request complete","session":"df4ce93a-5d92-40a8-93c2-540bf11bbb4d","severity":"debug","timestamp":"2026-03-25T12:12:29.167507833Z"}
{"http.req.id":"b084f1f9-d1b4-4b1e-a78d-554dcc90405a","http.req.method":"GET","http.req.path":"/product/L9ECAV7KIM","message":"request started","session":"32217267-98ca-4d66-9fc8-3f088b8def0f","severity":"debug","timestamp":"2026-03-25T12:12:29.680329865Z"}
{"currency":"GBP","http.req.id":"b084f1f9-d1b4-4b1e-a78d-554dcc90405a","http.req.method":"GET","http.req.path":"/product/L9ECAV7KIM","id":"L9ECAV7KIM","message":"serving product page","session":"32217267-98ca-4d66-9fc8-3f088b8def0f","severity":"debug","timestamp":"2026-03-25T12:12:29.680412569Z"}
{"http.req.id":"b084f1f9-d1b4-4b1e-a78d-554dcc90405a","http.req.method":"GET","http.req.path":"/product/L9ECAV7KIM","http.resp.bytes":7981,"http.resp.status":200,"http.resp.took_ms":89,"message":"request complete","session":"32217267-98ca-4d66-9fc8-3f088b8def0f","severity":"debug","timestamp":"2026-03-25T12:12:29.769423429Z"}
{"http.req.id":"4dd5032d-e985-44b0-867e-1c7dc4601791","http.req.method":"GET","http.req.path":"/product/2ZYFJ3GM2N","message":"request started","session":"694745d8-a179-4c65-83d6-9ed873a7b94b","severity":"debug","timestamp":"2026-03-25T12:12:30.081123342Z"}
{"currency":"GBP","http.req.id":"4dd5032d-e985-44b0-867e-1c7dc4601791","http.req.method":"GET","http.req.path":"/product/2ZYFJ3GM2N","id":"2ZYFJ3GM2N","message":"serving product page","session":"694745d8-a179-4c65-83d6-9ed873a7b94b","severity":"debug","timestamp":"2026-03-25T12:12:30.081248891Z"}
{"http.req.id":"4dd5032d-e985-44b0-867e-1c7dc4601791","http.req.method":"GET","http.req.path":"/product/2ZYFJ3GM2N","http.resp.bytes":8006,"http.resp.status":200,"http.resp.took_ms":282,"message":"request complete","session":"694745d8-a179-4c65-83d6-9ed873a7b94b","severity":"debug","timestamp":"2026-03-25T12:12:30.363161934Z"}
{"http.req.id":"a666de47-c87b-4a72-abb5-4f1f3d7e3f4f","http.req.method":"POST","http.req.path":"/cart","message":"request started","session":"694745d8-a179-4c65-83d6-9ed873a7b94b","severity":"debug","timestamp":"2026-03-25T12:12:30.364545459Z"}
{"http.req.id":"a666de47-c87b-4a72-abb5-4f1f3d7e3f4f","http.req.method":"POST","http.req.path":"/cart","message":"adding to cart","product":"2ZYFJ3GM2N","quantity":8,"session":"694745d8-a179-4c65-83d6-9ed873a7b94b","severity":"debug","timestamp":"2026-03-25T12:12:30.364732576Z"}
{"http.req.id":"a666de47-c87b-4a72-abb5-4f1f3d7e3f4f","http.req.method":"POST","http.req.path":"/cart","http.resp.bytes":0,"http.resp.status":302,"http.resp.took_ms":3,"message":"request complete","session":"694745d8-a179-4c65-83d6-9ed873a7b94b","severity":"debug","timestamp":"2026-03-25T12:12:30.368021008Z"}
{"http.req.id":"1923f828-569c-4048-ac12-288fd1ece900","http.req.method":"GET","http.req.path":"/cart","message":"request started","session":"694745d8-a179-4c65-83d6-9ed873a7b94b","severity":"debug","timestamp":"2026-03-25T12:12:30.370161949Z"}
{"http.req.id":"1923f828-569c-4048-ac12-288fd1ece900","http.req.method":"GET","http.req.path":"/cart","message":"view user cart","session":"694745d8-a179-4c65-83d6-9ed873a7b94b","severity":"debug","timestamp":"2026-03-25T12:12:30.370234273Z"}
{"http.req.id":"1923f828-569c-4048-ac12-288fd1ece900","http.req.method":"GET","http.req.path":"/cart","http.resp.bytes":19235,"http.resp.status":200,"http.resp.took_ms":411,"message":"request complete","session":"694745d8-a179-4c65-83d6-9ed873a7b94b","severity":"debug","timestamp":"2026-03-25T12:12:30.781926857Z"}
{"http.req.id":"4eb23168-161e-4971-af1f-e0fcf34a0930","http.req.method":"GET","http.req.path":"/_healthz","message":"request started","session":"x-readiness-probe","severity":"debug","timestamp":"2026-03-25T12:12:31.070791596Z"}
{"http.req.id":"4eb23168-161e-4971-af1f-e0fcf34a0930","http.req.method":"GET","http.req.path":"/_healthz","http.resp.bytes":2,"http.resp.status":200,"http.resp.took_ms":0,"message":"request complete","session":"x-readiness-probe","severity":"debug","timestamp":"2026-03-25T12:12:31.071639997Z"}
{"http.req.id":"a3857592-66fd-4962-b874-ea6a1bb2d525","http.req.method":"GET","http.req.path":"/product/0PUK6V6EV0","message":"request started","session":"513dd945-739c-4fe3-8e54-6e6927fbb733","severity":"debug","timestamp":"2026-03-25T12:12:31.65498574Z"}
{"currency":"USD","http.req.id":"a3857592-66fd-4962-b874-ea6a1bb2d525","http.req.method":"GET","http.req.path":"/product/0PUK6V6EV0","id":"0PUK6V6EV0","message":"serving product page","session":"513dd945-739c-4fe3-8e54-6e6927fbb733","severity":"debug","timestamp":"2026-03-25T12:12:31.655102056Z"}
{"http.req.id":"a3857592-66fd-4962-b874-ea6a1bb2d525","http.req.method":"GET","http.req.path":"/product/0PUK6V6EV0","http.resp.bytes":7898,"http.resp.status":200,"http.resp.took_ms":113,"message":"request complete","session":"513dd945-739c-4fe3-8e54-6e6927fbb733","severity":"debug","timestamp":"2026-03-25T12:12:31.768197502Z"}
{"http.req.id":"6e70e351-edff-4986-8689-dff92a85a395","http.req.method":"GET","http.req.path":"/product/0PUK6V6EV0","message":"request started","session":"ecb080bf-5333-403f-9547-c8725d499228","severity":"debug","timestamp":"2026-03-25T12:12:31.855657789Z"}
{"currency":"CAD","http.req.id":"6e70e351-edff-4986-8689-dff92a85a395","http.req.method":"GET","http.req.path":"/product/0PUK6V6EV0","id":"0PUK6V6EV0","message":"serving product page","session":"ecb080bf-5333-403f-9547-c8725d499228","severity":"debug","timestamp":"2026-03-25T12:12:31.855751264Z"}
{"message":"Failed to fetch the name of the cluster in which the pod is runningGet \"http://169.254.169.254/computeMetadata/v1/instance/attributes/cluster-name\": dial tcp 169.254.169.254:80: i/o timeout","severity":"error","timestamp":"2026-03-25T12:12:31.880829311Z"}
{"http.req.id":"6e70e351-edff-4986-8689-dff92a85a395","http.req.method":"GET","http.req.path":"/product/0PUK6V6EV0","http.resp.bytes":8022,"http.resp.status":200,"http.resp.took_ms":200,"message":"request complete","session":"ecb080bf-5333-403f-9547-c8725d499228","severity":"debug","timestamp":"2026-03-25T12:12:32.056224564Z"}
{"http.req.id":"139bc864-e2a4-4db4-a167-87355722283e","http.req.method":"POST","http.req.path":"/setCurrency","message":"request started","session":"a38c2610-1665-4c93-8051-4c451f5de325","severity":"debug","timestamp":"2026-03-25T12:12:32.305518521Z"}
{"curr.new":"GBP","curr.old":"CAD","http.req.id":"139bc864-e2a4-4db4-a167-87355722283e","http.req.method":"POST","http.req.path":"/setCurrency","message":"setting currency","session":"a38c2610-1665-4c93-8051-4c451f5de325","severity":"debug","timestamp":"2026-03-25T12:12:32.30573791Z"}
{"http.req.id":"139bc864-e2a4-4db4-a167-87355722283e","http.req.method":"POST","http.req.path":"/setCurrency","http.resp.bytes":0,"http.resp.status":302,"http.resp.took_ms":0,"message":"request complete","session":"a38c2610-1665-4c93-8051-4c451f5de325","severity":"debug","timestamp":"2026-03-25T12:12:32.305830901Z"}
{"http.req.id":"15b1be77-aa30-49d2-9210-48b9783b8da4","http.req.method":"GET","http.req.path":"/","message":"request started","session":"a38c2610-1665-4c93-8051-4c451f5de325","severity":"debug","timestamp":"2026-03-25T12:12:32.307087894Z"}
{"currency":"GBP","http.req.id":"15b1be77-aa30-49d2-9210-48b9783b8da4","http.req.method":"GET","http.req.path":"/","message":"home","session":"a38c2610-1665-4c93-8051-4c451f5de325","severity":"info","timestamp":"2026-03-25T12:12:32.307267959Z"}
env platform is either empty or invalid
{"http.req.id":"15b1be77-aa30-49d2-9210-48b9783b8da4","http.req.method":"GET","http.req.path":"/","message":"ENV_PLATFORM is: local","session":"a38c2610-1665-4c93-8051-4c451f5de325","severity":"debug","timestamp":"2026-03-25T12:12:32.356567582Z"}
{"http.req.id":"15b1be77-aa30-49d2-9210-48b9783b8da4","http.req.method":"GET","http.req.path":"/","http.resp.bytes":10482,"http.resp.status":200,"http.resp.took_ms":52,"message":"request complete","session":"a38c2610-1665-4c93-8051-4c451f5de325","severity":"debug","timestamp":"2026-03-25T12:12:32.359494186Z"}
{"http.req.id":"c314c8a4-00b7-4d4f-9907-1b10ee464601","http.req.method":"GET","http.req.path":"/cart","message":"request started","session":"827eab86-1aba-4a15-8740-5fee5900d10f","severity":"debug","timestamp":"2026-03-25T12:12:32.742733695Z"}
{"http.req.id":"c314c8a4-00b7-4d4f-9907-1b10ee464601","http.req.method":"GET","http.req.path":"/cart","message":"view user cart","session":"827eab86-1aba-4a15-8740-5fee5900d10f","severity":"debug","timestamp":"2026-03-25T12:12:32.742972321Z"}
{"http.req.id":"c314c8a4-00b7-4d4f-9907-1b10ee464601","http.req.method":"GET","http.req.path":"/cart","http.resp.bytes":16431,"http.resp.status":200,"http.resp.took_ms":49,"message":"request complete","session":"827eab86-1aba-4a15-8740-5fee5900d10f","severity":"debug","timestamp":"2026-03-25T12:12:32.792472702Z"}
{"http.req.id":"e7360a03-f7fe-48d3-8bf8-7890a26336c2","http.req.method":"GET","http.req.path":"/product/1YMWWN1N4O","message":"request started","session":"514e00c6-206e-4c6e-873f-852b796455de","severity":"debug","timestamp":"2026-03-25T12:12:33.04662409Z"}
{"currency":"TRY","http.req.id":"e7360a03-f7fe-48d3-8bf8-7890a26336c2","http.req.method":"GET","http.req.path":"/product/1YMWWN1N4O","id":"1YMWWN1N4O","message":"serving product page","session":"514e00c6-206e-4c6e-873f-852b796455de","severity":"debug","timestamp":"2026-03-25T12:12:33.046708572Z"}
{"http.req.id":"e7360a03-f7fe-48d3-8bf8-7890a26336c2","http.req.method":"GET","http.req.path":"/product/1YMWWN1N4O","http.resp.bytes":7995,"http.resp.status":200,"http.resp.took_ms":21,"message":"request complete","session":"514e00c6-206e-4c6e-873f-852b796455de","severity":"debug","timestamp":"2026-03-25T12:12:33.067777839Z"}
{"http.req.id":"9c9af005-4df4-425b-ad92-c7db0d9d4fd4","http.req.method":"GET","http.req.path":"/product/L9ECAV7KIM","message":"request started","session":"2d3bf3d7-22b5-49c9-8227-12126292f393","severity":"debug","timestamp":"2026-03-25T12:12:33.1087142Z"}
{"currency":"TRY","http.req.id":"9c9af005-4df4-425b-ad92-c7db0d9d4fd4","http.req.method":"GET","http.req.path":"/product/L9ECAV7KIM","id":"L9ECAV7KIM","message":"serving product page","session":"2d3bf3d7-22b5-49c9-8227-12126292f393","severity":"debug","timestamp":"2026-03-25T12:12:33.108816417Z"}
{"http.req.id":"9c9af005-4df4-425b-ad92-c7db0d9d4fd4","http.req.method":"GET","http.req.path":"/product/L9ECAV7KIM","http.resp.bytes":7881,"http.resp.status":200,"http.resp.took_ms":20,"message":"request complete","session":"2d3bf3d7-22b5-49c9-8227-12126292f393","severity":"debug","timestamp":"2026-03-25T12:12:33.129034876Z"}
{"http.req.id":"265d6464-d603-4a19-9837-512ae3718b48","http.req.method":"GET","http.req.path":"/product/9SIQT8TOJO","message":"request started","session":"a38c2610-1665-4c93-8051-4c451f5de325","severity":"debug","timestamp":"2026-03-25T12:12:33.777908582Z"}
{"currency":"GBP","http.req.id":"265d6464-d603-4a19-9837-512ae3718b48","http.req.method":"GET","http.req.path":"/product/9SIQT8TOJO","id":"9SIQT8TOJO","message":"serving product page","session":"a38c2610-1665-4c93-8051-4c451f5de325","severity":"debug","timestamp":"2026-03-25T12:12:33.778027908Z"}
{"http.req.id":"265d6464-d603-4a19-9837-512ae3718b48","http.req.method":"GET","http.req.path":"/product/9SIQT8TOJO","http.resp.bytes":7996,"http.resp.status":200,"http.resp.took_ms":21,"message":"request complete","session":"a38c2610-1665-4c93-8051-4c451f5de325","severity":"debug","timestamp":"2026-03-25T12:12:33.799534914Z"}
{"http.req.id":"92005282-043e-4d38-b34c-df469fa21bac","http.req.method":"GET","http.req.path":"/product/9SIQT8TOJO","message":"request started","session":"df4ce93a-5d92-40a8-93c2-540bf11bbb4d","severity":"debug","timestamp":"2026-03-25T12:12:34.666541101Z"}
{"currency":"USD","http.req.id":"92005282-043e-4d38-b34c-df469fa21bac","http.req.method":"GET","http.req.path":"/product/9SIQT8TOJO","id":"9SIQT8TOJO","message":"serving product page","session":"df4ce93a-5d92-40a8-93c2-540bf11bbb4d","severity":"debug","timestamp":"2026-03-25T12:12:34.666640509Z"}
{"http.req.id":"92005282-043e-4d38-b34c-df469fa21bac","http.req.method":"GET","http.req.path":"/product/9SIQT8TOJO","http.resp.bytes":8027,"http.resp.status":200,"http.resp.took_ms":18,"message":"request complete","session":"df4ce93a-5d92-40a8-93c2-540bf11bbb4d","severity":"debug","timestamp":"2026-03-25T12:12:34.685013886Z"}
{"http.req.id":"1dfd393f-a341-4ce5-b5a2-269899e1c615","http.req.method":"GET","http.req.path":"/product/L9ECAV7KIM","message":"request started","session":"514e00c6-206e-4c6e-873f-852b796455de","severity":"debug","timestamp":"2026-03-25T12:12:35.079855632Z"}
{"currency":"TRY","http.req.id":"1dfd393f-a341-4ce5-b5a2-269899e1c615","http.req.method":"GET","http.req.path":"/product/L9ECAV7KIM","id":"L9ECAV7KIM","message":"serving product page","session":"514e00c6-206e-4c6e-873f-852b796455de","severity":"debug","timestamp":"2026-03-25T12:12:35.079916648Z"}
{"http.req.id":"1dfd393f-a341-4ce5-b5a2-269899e1c615","http.req.method":"GET","http.req.path":"/product/L9ECAV7KIM","http.resp.bytes":7970,"http.resp.status":200,"http.resp.took_ms":16,"message":"request complete","session":"514e00c6-206e-4c6e-873f-852b796455de","severity":"debug","timestamp":"2026-03-25T12:12:35.096669718Z"}
{"http.req.id":"6f5060b5-dcd6-4569-8c63-99d237b66c7d","http.req.method":"POST","http.req.path":"/setCurrency","message":"request started","session":"ecb080bf-5333-403f-9547-c8725d499228","severity":"debug","timestamp":"2026-03-25T12:12:35.819791403Z"}
{"curr.new":"USD","curr.old":"CAD","http.req.id":"6f5060b5-dcd6-4569-8c63-99d237b66c7d","http.req.method":"POST","http.req.path":"/setCurrency","message":"setting currency","session":"ecb080bf-5333-403f-9547-c8725d499228","severity":"debug","timestamp":"2026-03-25T12:12:35.819922877Z"}
{"http.req.id":"6f5060b5-dcd6-4569-8c63-99d237b66c7d","http.req.method":"POST","http.req.path":"/setCurrency","http.resp.bytes":0,"http.resp.status":302,"http.resp.took_ms":0,"message":"request complete","session":"ecb080bf-5333-403f-9547-c8725d499228","severity":"debug","timestamp":"2026-03-25T12:12:35.819956237Z"}
{"http.req.id":"0cfb223b-b14b-465d-a312-a22046ea8998","http.req.method":"GET","http.req.path":"/","message":"request started","session":"ecb080bf-5333-403f-9547-c8725d499228","severity":"debug","timestamp":"2026-03-25T12:12:35.820844235Z"}
{"currency":"USD","http.req.id":"0cfb223b-b14b-465d-a312-a22046ea8998","http.req.method":"GET","http.req.path":"/","message":"home","session":"ecb080bf-5333-403f-9547-c8725d499228","severity":"info","timestamp":"2026-03-25T12:12:35.820912913Z"}
env platform is either empty or invalid
{"http.req.id":"0cfb223b-b14b-465d-a312-a22046ea8998","http.req.method":"GET","http.req.path":"/","message":"ENV_PLATFORM is: local","session":"ecb080bf-5333-403f-9547-c8725d499228","severity":"debug","timestamp":"2026-03-25T12:12:35.843175269Z"}
{"http.req.id":"0cfb223b-b14b-465d-a312-a22046ea8998","http.req.method":"GET","http.req.path":"/","http.resp.bytes":10473,"http.resp.status":200,"http.resp.took_ms":25,"message":"request complete","session":"ecb080bf-5333-403f-9547-c8725d499228","severity":"debug","timestamp":"2026-03-25T12:12:35.846137987Z"}
{"http.req.id":"a67421c1-f2ae-45b9-a868-9ddbd94c4577","http.req.method":"GET","http.req.path":"/product/6E92ZMYYFZ","message":"request started","session":"32217267-98ca-4d66-9fc8-3f088b8def0f","severity":"debug","timestamp":"2026-03-25T12:12:35.969974657Z"}
{"currency":"GBP","http.req.id":"a67421c1-f2ae-45b9-a868-9ddbd94c4577","http.req.method":"GET","http.req.path":"/product/6E92ZMYYFZ","id":"6E92ZMYYFZ","message":"serving product page","session":"32217267-98ca-4d66-9fc8-3f088b8def0f","severity":"debug","timestamp":"2026-03-25T12:12:35.970066848Z"}
{"http.req.id":"a67421c1-f2ae-45b9-a868-9ddbd94c4577","http.req.method":"GET","http.req.path":"/product/6E92ZMYYFZ","http.resp.bytes":7964,"http.resp.status":200,"http.resp.took_ms":19,"message":"request complete","session":"32217267-98ca-4d66-9fc8-3f088b8def0f","severity":"debug","timestamp":"2026-03-25T12:12:35.989236301Z"}
{"http.req.id":"e3a4145b-f3f5-448c-a368-abaf047fab5a","http.req.method":"POST","http.req.path":"/cart","message":"request started","session":"32217267-98ca-4d66-9fc8-3f088b8def0f","severity":"debug","timestamp":"2026-03-25T12:12:35.990437293Z"}
{"http.req.id":"e3a4145b-f3f5-448c-a368-abaf047fab5a","http.req.method":"POST","http.req.path":"/cart","message":"adding to cart","product":"6E92ZMYYFZ","quantity":5,"session":"32217267-98ca-4d66-9fc8-3f088b8def0f","severity":"debug","timestamp":"2026-03-25T12:12:35.991188058Z"}
{"http.req.id":"e3a4145b-f3f5-448c-a368-abaf047fab5a","http.req.method":"POST","http.req.path":"/cart","http.resp.bytes":0,"http.resp.status":302,"http.resp.took_ms":4,"message":"request complete","session":"32217267-98ca-4d66-9fc8-3f088b8def0f","severity":"debug","timestamp":"2026-03-25T12:12:35.995155894Z"}
{"http.req.id":"93586ac5-ff69-418b-94be-d479712c3ef4","http.req.method":"GET","http.req.path":"/cart","message":"request started","session":"32217267-98ca-4d66-9fc8-3f088b8def0f","severity":"debug","timestamp":"2026-03-25T12:12:35.996372657Z"}
{"http.req.id":"93586ac5-ff69-418b-94be-d479712c3ef4","http.req.method":"GET","http.req.path":"/cart","message":"view user cart","session":"32217267-98ca-4d66-9fc8-3f088b8def0f","severity":"debug","timestamp":"2026-03-25T12:12:35.996450444Z"}
