{"http.req.id":"24d88f00-5d86-4121-9eb2-12f91afa3216","http.req.method":"GET","http.req.path":"/_healthz","http.resp.bytes":2,"http.resp.status":200,"http.resp.took_ms":0,"message":"request complete","session":"x-liveness-probe","severity":"debug","timestamp":"2026-03-25T12:11:24.216529971Z"}
{"http.req.id":"e52ffef2-4e59-486a-af6b-256e36c8ffca","http.req.method":"GET","http.req.path":"/product/0PUK6V6EV0","message":"request started","session":"fcb2831f-0627-4791-ac1d-23821dc5b140","severity":"debug","timestamp":"2026-03-25T12:11:24.421778529Z"}
{"currency":"EUR","http.req.id":"e52ffef2-4e59-486a-af6b-256e36c8ffca","http.req.method":"GET","http.req.path":"/product/0PUK6V6EV0","id":"0PUK6V6EV0","message":"serving product page","session":"fcb2831f-0627-4791-ac1d-23821dc5b140","severity":"debug","timestamp":"2026-03-25T12:11:24.421905428Z"}
{"http.req.id":"e52ffef2-4e59-486a-af6b-256e36c8ffca","http.req.method":"GET","http.req.path":"/product/0PUK6V6EV0","http.resp.bytes":7970,"http.resp.status":200,"http.resp.took_ms":19,"message":"request complete","session":"fcb2831f-0627-4791-ac1d-23821dc5b140","severity":"debug","timestamp":"2026-03-25T12:11:24.44126739Z"}
{"http.req.id":"64118b6f-c441-48c3-ad16-24e9f33aa9fd","http.req.method":"GET","http.req.path":"/product/9SIQT8TOJO","message":"request started","session":"df4ce93a-5d92-40a8-93c2-540bf11bbb4d","severity":"debug","timestamp":"2026-03-25T12:11:25.252242829Z"}
{"currency":"CAD","http.req.id":"64118b6f-c441-48c3-ad16-24e9f33aa9fd","http.req.method":"GET","http.req.path":"/product/9SIQT8TOJO","id":"9SIQT8TOJO","message":"serving product page","session":"df4ce93a-5d92-40a8-93c2-540bf11bbb4d","severity":"debug","timestamp":"2026-03-25T12:11:25.252300127Z"}
{"http.req.id":"64118b6f-c441-48c3-ad16-24e9f33aa9fd","http.req.method":"GET","http.req.path":"/product/9SIQT8TOJO","http.resp.bytes":7997,"http.resp.status":200,"http.resp.took_ms":15,"message":"request complete","session":"df4ce93a-5d92-40a8-93c2-540bf11bbb4d","severity":"debug","timestamp":"2026-03-25T12:11:25.268030615Z"}
{"http.req.id":"5f6c2b00-a7aa-49c0-9a09-fbf87cad2b0a","http.req.method":"GET","http.req.path":"/product/66VCHSJNUP","message":"request started","session":"514e00c6-206e-4c6e-873f-852b796455de","severity":"debug","timestamp":"2026-03-25T12:11:25.724973886Z"}
{"currency":"TRY","http.req.id":"5f6c2b00-a7aa-49c0-9a09-fbf87cad2b0a","http.req.method":"GET","http.req.path":"/product/66VCHSJNUP","id":"66VCHSJNUP","message":"serving product page","session":"514e00c6-206e-4c6e-873f-852b796455de","severity":"debug","timestamp":"2026-03-25T12:11:25.725065414Z"}
{"http.req.id":"5f6c2b00-a7aa-49c0-9a09-fbf87cad2b0a","http.req.method":"GET","http.req.path":"/product/66VCHSJNUP","http.resp.bytes":7976,"http.resp.status":200,"http.resp.took_ms":14,"message":"request complete","session":"514e00c6-206e-4c6e-873f-852b796455de","severity":"debug","timestamp":"2026-03-25T12:11:25.739896238Z"}
{"http.req.id":"45275970-257f-41d5-ba72-c7203a1a419c","http.req.method":"GET","http.req.path":"/product/2ZYFJ3GM2N","message":"request started","session":"32217267-98ca-4d66-9fc8-3f088b8def0f","severity":"debug","timestamp":"2026-03-25T12:11:25.879053437Z"}
{"currency":"GBP","http.req.id":"45275970-257f-41d5-ba72-c7203a1a419c","http.req.method":"GET","http.req.path":"/product/2ZYFJ3GM2N","id":"2ZYFJ3GM2N","message":"serving product page","session":"32217267-98ca-4d66-9fc8-3f088b8def0f","severity":"debug","timestamp":"2026-03-25T12:11:25.879185543Z"}
{"http.req.id":"45275970-257f-41d5-ba72-c7203a1a419c","http.req.method":"GET","http.req.path":"/product/2ZYFJ3GM2N","http.resp.bytes":7998,"http.resp.status":200,"http.resp.took_ms":20,"message":"request complete","session":"32217267-98ca-4d66-9fc8-3f088b8def0f","severity":"debug","timestamp":"2026-03-25T12:11:25.899532648Z"}
{"http.req.id":"c5fbd0cf-a72f-49a9-903b-a24381fc49f8","http.req.method":"GET","http.req.path":"/product/9SIQT8TOJO","message":"request started","session":"2d3bf3d7-22b5-49c9-8227-12126292f393","severity":"debug","timestamp":"2026-03-25T12:11:26.650149213Z"}
{"currency":"JPY","http.req.id":"c5fbd0cf-a72f-49a9-903b-a24381fc49f8","http.req.method":"GET","http.req.path":"/product/9SIQT8TOJO","id":"9SIQT8TOJO","message":"serving product page","session":"2d3bf3d7-22b5-49c9-8227-12126292f393","severity":"debug","timestamp":"2026-03-25T12:11:26.650276902Z"}
{"http.req.id":"c5fbd0cf-a72f-49a9-903b-a24381fc49f8","http.req.method":"GET","http.req.path":"/product/9SIQT8TOJO","http.resp.bytes":7914,"http.resp.status":200,"http.resp.took_ms":17,"message":"request complete","session":"2d3bf3d7-22b5-49c9-8227-12126292f393","severity":"debug","timestamp":"2026-03-25T12:11:26.667672373Z"}
{"http.req.id":"40fece01-c32b-4d49-bb29-d223b86597fa","http.req.method":"GET","http.req.path":"/cart","message":"request started","session":"827eab86-1aba-4a15-8740-5fee5900d10f","severity":"debug","timestamp":"2026-03-25T12:11:27.58872508Z"}
{"http.req.id":"40fece01-c32b-4d49-bb29-d223b86597fa","http.req.method":"GET","http.req.path":"/cart","message":"view user cart","session":"827eab86-1aba-4a15-8740-5fee5900d10f","severity":"debug","timestamp":"2026-03-25T12:11:27.588801186Z"}
{"http.req.id":"057f0aaa-a1a0-49f3-bd05-1b7fc83eb1cb","http.req.method":"GET","http.req.path":"/cart","message":"request started","session":"ecb080bf-5333-403f-9547-c8725d499228","severity":"debug","timestamp":"2026-03-25T12:11:27.626437979Z"}
{"http.req.id":"057f0aaa-a1a0-49f3-bd05-1b7fc83eb1cb","http.req.method":"GET","http.req.path":"/cart","message":"view user cart","session":"ecb080bf-5333-403f-9547-c8725d499228","severity":"debug","timestamp":"2026-03-25T12:11:27.630883467Z"}
{"http.req.id":"70726a53-d7a3-4f0b-8a59-24f8d5a4dd2b","http.req.method":"GET","http.req.path":"/_healthz","message":"request started","session":"x-readiness-probe","severity":"debug","timestamp":"2026-03-25T12:11:27.627271331Z"}
{"http.req.id":"70726a53-d7a3-4f0b-8a59-24f8d5a4dd2b","http.req.method":"GET","http.req.path":"/_healthz","http.resp.bytes":2,"http.resp.status":200,"http.resp.took_ms":78,"message":"request complete","session":"x-readiness-probe","severity":"debug","timestamp":"2026-03-25T12:11:27.706075154Z"}
{"http.req.id":"97de885e-5503-41d5-9a43-cef8ab630b40","http.req.method":"GET","http.req.path":"/product/OLJCESPC7Z","message":"request started","session":"a38c2610-1665-4c93-8051-4c451f5de325","severity":"debug","timestamp":"2026-03-25T12:11:27.80581404Z"}
{"currency":"GBP","http.req.id":"97de885e-5503-41d5-9a43-cef8ab630b40","http.req.method":"GET","http.req.path":"/product/OLJCESPC7Z","id":"OLJCESPC7Z","message":"serving product page","session":"a38c2610-1665-4c93-8051-4c451f5de325","severity":"debug","timestamp":"2026-03-25T12:11:27.805893586Z"}
{"http.req.id":"40fece01-c32b-4d49-bb29-d223b86597fa","http.req.method":"GET","http.req.path":"/cart","http.resp.bytes":16417,"http.resp.status":200,"http.resp.took_ms":217,"message":"request complete","session":"827eab86-1aba-4a15-8740-5fee5900d10f","severity":"debug","timestamp":"2026-03-25T12:11:27.806505439Z"}
{"http.req.id":"97de885e-5503-41d5-9a43-cef8ab630b40","http.req.method":"GET","http.req.path":"/product/OLJCESPC7Z","http.resp.bytes":8053,"http.resp.status":200,"http.resp.took_ms":19,"message":"request complete","session":"a38c2610-1665-4c93-8051-4c451f5de325","severity":"debug","timestamp":"2026-03-25T12:11:27.825801054Z"}
{"http.req.id":"057f0aaa-a1a0-49f3-bd05-1b7fc83eb1cb","http.req.method":"GET","http.req.path":"/cart","http.resp.bytes":20679,"http.resp.status":200,"http.resp.took_ms":281,"message":"request complete","session":"ecb080bf-5333-403f-9547-c8725d499228","severity":"debug","timestamp":"2026-03-25T12:11:27.907520407Z"}
{"http.req.id":"f6de01db-be6d-4505-8c4e-8cd218939516","http.req.method":"GET","http.req.path":"/product/1YMWWN1N4O","message":"request started","session":"df4ce93a-5d92-40a8-93c2-540bf11bbb4d","severity":"debug","timestamp":"2026-03-25T12:11:28.805907114Z"}
{"currency":"CAD","http.req.id":"f6de01db-be6d-4505-8c4e-8cd218939516","http.req.method":"GET","http.req.path":"/product/1YMWWN1N4O","id":"1YMWWN1N4O","message":"serving product page","session":"df4ce93a-5d92-40a8-93c2-540bf11bbb4d","severity":"debug","timestamp":"2026-03-25T12:11:28.806051916Z"}
{"http.req.id":"f6de01db-be6d-4505-8c4e-8cd218939516","http.req.method":"GET","http.req.path":"/product/1YMWWN1N4O","http.resp.bytes":8031,"http.resp.status":200,"http.resp.took_ms":20,"message":"request complete","session":"df4ce93a-5d92-40a8-93c2-540bf11bbb4d","severity":"debug","timestamp":"2026-03-25T12:11:28.82652547Z"}
{"http.req.id":"85548455-d331-44a5-b7c7-8b854b27b9a3","http.req.method":"GET","http.req.path":"/product/1YMWWN1N4O","message":"request started","session":"827eab86-1aba-4a15-8740-5fee5900d10f","severity":"debug","timestamp":"2026-03-25T12:11:28.981535557Z"}
{"currency":"CAD","http.req.id":"85548455-d331-44a5-b7c7-8b854b27b9a3","http.req.method":"GET","http.req.path":"/product/1YMWWN1N4O","id":"1YMWWN1N4O","message":"serving product page","session":"827eab86-1aba-4a15-8740-5fee5900d10f","severity":"debug","timestamp":"2026-03-25T12:11:28.981683951Z"}
{"http.req.id":"787ab45f-c74b-4fa5-bd42-ae72c02580b3","http.req.method":"GET","http.req.path":"/product/6E92ZMYYFZ","message":"request started","session":"514e00c6-206e-4c6e-873f-852b796455de","severity":"debug","timestamp":"2026-03-25T12:11:28.994489153Z"}
{"currency":"TRY","http.req.id":"787ab45f-c74b-4fa5-bd42-ae72c02580b3","http.req.method":"GET","http.req.path":"/product/6E92ZMYYFZ","id":"6E92ZMYYFZ","message":"serving product page","session":"514e00c6-206e-4c6e-873f-852b796455de","severity":"debug","timestamp":"2026-03-25T12:11:28.994574575Z"}
{"http.req.id":"85548455-d331-44a5-b7c7-8b854b27b9a3","http.req.method":"GET","http.req.path":"/product/1YMWWN1N4O","http.resp.bytes":8003,"http.resp.status":200,"http.resp.took_ms":17,"message":"request complete","session":"827eab86-1aba-4a15-8740-5fee5900d10f","severity":"debug","timestamp":"2026-03-25T12:11:28.999209356Z"}
{"http.req.id":"787ab45f-c74b-4fa5-bd42-ae72c02580b3","http.req.method":"GET","http.req.path":"/product/6E92ZMYYFZ","http.resp.bytes":7937,"http.resp.status":200,"http.resp.took_ms":13,"message":"request complete","session":"514e00c6-206e-4c6e-873f-852b796455de","severity":"debug","timestamp":"2026-03-25T12:11:29.007878711Z"}
{"http.req.id":"9a9af479-6114-451c-9b2a-a697888c1581","http.req.method":"GET","http.req.path":"/product/L9ECAV7KIM","message":"request started","session":"2d3bf3d7-22b5-49c9-8227-12126292f393","severity":"debug","timestamp":"2026-03-25T12:11:29.465094389Z"}
{"currency":"JPY","http.req.id":"9a9af479-6114-451c-9b2a-a697888c1581","http.req.method":"GET","http.req.path":"/product/L9ECAV7KIM","id":"L9ECAV7KIM","message":"serving product page","session":"2d3bf3d7-22b5-49c9-8227-12126292f393","severity":"debug","timestamp":"2026-03-25T12:11:29.465185889Z"}
{"http.req.id":"9a9af479-6114-451c-9b2a-a697888c1581","http.req.method":"GET","http.req.path":"/product/L9ECAV7KIM","http.resp.bytes":7923,"http.resp.status":200,"http.resp.took_ms":27,"message":"request complete","session":"2d3bf3d7-22b5-49c9-8227-12126292f393","severity":"debug","timestamp":"2026-03-25T12:11:29.492216401Z"}
{"http.req.id":"a4412c72-8cc4-4c7f-be69-2034772f2a8d","http.req.method":"GET","http.req.path":"/cart","message":"request started","session":"694745d8-a179-4c65-83d6-9ed873a7b94b","severity":"debug","timestamp":"2026-03-25T12:11:29.953714712Z"}
{"http.req.id":"a4412c72-8cc4-4c7f-be69-2034772f2a8d","http.req.method":"GET","http.req.path":"/cart","message":"view user cart","session":"694745d8-a179-4c65-83d6-9ed873a7b94b","severity":"debug","timestamp":"2026-03-25T12:11:29.953824205Z"}
{"http.req.id":"a4412c72-8cc4-4c7f-be69-2034772f2a8d","http.req.method":"GET","http.req.path":"/cart","http.resp.bytes":16390,"http.resp.status":200,"http.resp.took_ms":88,"message":"request complete","session":"694745d8-a179-4c65-83d6-9ed873a7b94b","severity":"debug","timestamp":"2026-03-25T12:11:30.041944655Z"}
{"http.req.id":"7ffaa5ee-4add-49af-b237-05acc3c0888b","http.req.method":"GET","http.req.path":"/cart","message":"request started","session":"df4ce93a-5d92-40a8-93c2-540bf11bbb4d","severity":"debug","timestamp":"2026-03-25T12:11:30.600324178Z"}
{"http.req.id":"7ffaa5ee-4add-49af-b237-05acc3c0888b","http.req.method":"GET","http.req.path":"/cart","message":"view user cart","session":"df4ce93a-5d92-40a8-93c2-540bf11bbb4d","severity":"debug","timestamp":"2026-03-25T12:11:30.600473837Z"}
{"http.req.id":"7ffaa5ee-4add-49af-b237-05acc3c0888b","http.req.method":"GET","http.req.path":"/cart","http.resp.bytes":16394,"http.resp.status":200,"http.resp.took_ms":28,"message":"request complete","session":"df4ce93a-5d92-40a8-93c2-540bf11bbb4d","severity":"debug","timestamp":"2026-03-25T12:11:30.629150354Z"}
{"http.req.id":"7af0b91a-8141-4040-b81d-b2844e05e168","http.req.method":"GET","http.req.path":"/cart","message":"request started","session":"ecb080bf-5333-403f-9547-c8725d499228","severity":"debug","timestamp":"2026-03-25T12:11:31.62081785Z"}
{"http.req.id":"7af0b91a-8141-4040-b81d-b2844e05e168","http.req.method":"GET","http.req.path":"/cart","message":"view user cart","session":"ecb080bf-5333-403f-9547-c8725d499228","severity":"debug","timestamp":"2026-03-25T12:11:31.622253464Z"}
{"http.req.id":"b500a3d0-e220-4286-8c56-016ad1dadf48","http.req.method":"GET","http.req.path":"/cart","message":"request started","session":"fcb2831f-0627-4791-ac1d-23821dc5b140","severity":"debug","timestamp":"2026-03-25T12:11:31.716830869Z"}
{"http.req.id":"b500a3d0-e220-4286-8c56-016ad1dadf48","http.req.method":"GET","http.req.path":"/cart","message":"view user cart","session":"fcb2831f-0627-4791-ac1d-23821dc5b140","severity":"debug","timestamp":"2026-03-25T12:11:31.817571394Z"}
{"http.req.id":"6e6a218a-9466-4f3d-bf71-81261616b73d","http.req.method":"GET","http.req.path":"/","message":"request started","session":"513dd945-739c-4fe3-8e54-6e6927fbb733","severity":"debug","timestamp":"2026-03-25T12:11:32.231237814Z"}
{"currency":"USD","http.req.id":"6e6a218a-9466-4f3d-bf71-81261616b73d","http.req.method":"GET","http.req.path":"/","message":"home","session":"513dd945-739c-4fe3-8e54-6e6927fbb733","severity":"info","timestamp":"2026-03-25T12:11:32.231408282Z"}
{"http.req.id":"7af0b91a-8141-4040-b81d-b2844e05e168","http.req.method":"GET","http.req.path":"/cart","http.resp.bytes":20687,"http.resp.status":200,"http.resp.took_ms":612,"message":"request complete","session":"ecb080bf-5333-403f-9547-c8725d499228","severity":"debug","timestamp":"2026-03-25T12:11:32.233152381Z"}
{"http.req.id":"b500a3d0-e220-4286-8c56-016ad1dadf48","http.req.method":"GET","http.req.path":"/cart","http.resp.bytes":22117,"http.resp.status":200,"http.resp.took_ms":690,"message":"request complete","session":"fcb2831f-0627-4791-ac1d-23821dc5b140","severity":"debug","timestamp":"2026-03-25T12:11:32.407249695Z"}
env platform is either empty or invalid
{"http.req.id":"6e6a218a-9466-4f3d-bf71-81261616b73d","http.req.method":"GET","http.req.path":"/","message":"ENV_PLATFORM is: local","session":"513dd945-739c-4fe3-8e54-6e6927fbb733","severity":"debug","timestamp":"2026-03-25T12:11:32.60641331Z"}
{"http.req.id":"6e6a218a-9466-4f3d-bf71-81261616b73d","http.req.method":"GET","http.req.path":"/","http.resp.bytes":10383,"http.resp.status":200,"http.resp.took_ms":398,"message":"request complete","session":"513dd945-739c-4fe3-8e54-6e6927fbb733","severity":"debug","timestamp":"2026-03-25T12:11:32.629236263Z"}
{"http.req.id":"f4e9473c-3343-4532-88df-26091764edd2","http.req.method":"GET","http.req.path":"/product/L9ECAV7KIM","message":"request started","session":"694745d8-a179-4c65-83d6-9ed873a7b94b","severity":"debug","timestamp":"2026-03-25T12:11:33.051553592Z"}
{"currency":"JPY","http.req.id":"f4e9473c-3343-4532-88df-26091764edd2","http.req.method":"GET","http.req.path":"/product/L9ECAV7KIM","id":"L9ECAV7KIM","message":"serving product page","session":"694745d8-a179-4c65-83d6-9ed873a7b94b","severity":"debug","timestamp":"2026-03-25T12:11:33.051650348Z"}
{"http.req.id":"f4e9473c-3343-4532-88df-26091764edd2","http.req.method":"GET","http.req.path":"/product/L9ECAV7KIM","http.resp.bytes":7962,"http.resp.status":200,"http.resp.took_ms":163,"message":"request complete","session":"694745d8-a179-4c65-83d6-9ed873a7b94b","severity":"debug","timestamp":"2026-03-25T12:11:33.214722448Z"}
{"http.req.id":"f174be78-2c10-4027-95bf-4ecb3383641f","http.req.method":"GET","http.req.path":"/","message":"request started","session":"a38c2610-1665-4c93-8051-4c451f5de325","severity":"debug","timestamp":"2026-03-25T12:11:35.698219727Z"}
{"currency":"GBP","http.req.id":"f174be78-2c10-4027-95bf-4ecb3383641f","http.req.method":"GET","http.req.path":"/","message":"home","session":"a38c2610-1665-4c93-8051-4c451f5de325","severity":"info","timestamp":"2026-03-25T12:11:35.698317307Z"}
env platform is either empty or invalid
{"http.req.id":"f174be78-2c10-4027-95bf-4ecb3383641f","http.req.method":"GET","http.req.path":"/","message":"ENV_PLATFORM is: local","session":"a38c2610-1665-4c93-8051-4c451f5de325","severity":"debug","timestamp":"2026-03-25T12:11:35.848792856Z"}
{"http.req.id":"f174be78-2c10-4027-95bf-4ecb3383641f","http.req.method":"GET","http.req.path":"/","http.resp.bytes":10482,"http.resp.status":200,"http.resp.took_ms":153,"message":"request complete","session":"a38c2610-1665-4c93-8051-4c451f5de325","severity":"debug","timestamp":"2026-03-25T12:11:35.852210818Z"}
{"http.req.id":"ef834c53-becb-4433-952b-360316896a50","http.req.method":"GET","http.req.path":"/_healthz","message":"request started","session":"x-liveness-probe","severity":"debug","timestamp":"2026-03-25T12:11:35.859129373Z"}
{"http.req.id":"ef834c53-becb-4433-952b-360316896a50","http.req.method":"GET","http.req.path":"/_healthz","http.resp.bytes":2,"http.resp.status":200,"http.resp.took_ms":0,"message":"request complete","session":"x-liveness-probe","severity":"debug","timestamp":"2026-03-25T12:11:35.859320709Z"}
{"http.req.id":"929055c9-f09f-4652-8c19-a0b5a95b0bd6","http.req.method":"GET","http.req.path":"/product/0PUK6V6EV0","message":"request started","session":"ecb080bf-5333-403f-9547-c8725d499228","severity":"debug","timestamp":"2026-03-25T12:11:36.148540659Z"}
{"currency":"GBP","http.req.id":"929055c9-f09f-4652-8c19-a0b5a95b0bd6","http.req.method":"GET","http.req.path":"/product/0PUK6V6EV0","id":"0PUK6V6EV0","message":"serving product page","session":"ecb080bf-5333-403f-9547-c8725d499228","severity":"debug","timestamp":"2026-03-25T12:11:36.148608787Z"}
{"http.req.id":"929055c9-f09f-4652-8c19-a0b5a95b0bd6","http.req.method":"GET","http.req.path":"/product/0PUK6V6EV0","http.resp.bytes":8022,"http.resp.status":200,"http.resp.took_ms":220,"message":"request complete","session":"ecb080bf-5333-403f-9547-c8725d499228","severity":"debug","timestamp":"2026-03-25T12:11:36.368559655Z"}
{"http.req.id":"de15b118-7618-4305-88d3-2d0c423dbe86","http.req.method":"GET","http.req.path":"/cart","message":"request started","session":"513dd945-739c-4fe3-8e54-6e6927fbb733","severity":"debug","timestamp":"2026-03-25T12:11:36.484744786Z"}
{"http.req.id":"de15b118-7618-4305-88d3-2d0c423dbe86","http.req.method":"GET","http.req.path":"/cart","message":"view user cart","session":"513dd945-739c-4fe3-8e54-6e6927fbb733","severity":"debug","timestamp":"2026-03-25T12:11:36.484844512Z"}
{"http.req.id":"de15b118-7618-4305-88d3-2d0c423dbe86","http.req.method":"GET","http.req.path":"/cart","http.resp.bytes":6805,"http.resp.status":200,"http.resp.took_ms":370,"message":"request complete","session":"513dd945-739c-4fe3-8e54-6e6927fbb733","severity":"debug","timestamp":"2026-03-25T12:11:36.855409589Z"}
{"http.req.id":"ebddcad2-0ef0-41e7-b803-7c205a8bbb7f","http.req.method":"GET","http.req.path":"/product/2ZYFJ3GM2N","message":"request started","session":"827eab86-1aba-4a15-8740-5fee5900d10f","severity":"debug","timestamp":"2026-03-25T12:11:37.079937532Z"}
{"currency":"CAD","http.req.id":"ebddcad2-0ef0-41e7-b803-7c205a8bbb7f","http.req.method":"GET","http.req.path":"/product/2ZYFJ3GM2N","id":"2ZYFJ3GM2N","message":"serving product page","session":"827eab86-1aba-4a15-8740-5fee5900d10f","severity":"debug","timestamp":"2026-03-25T12:11:37.080042517Z"}
{"http.req.id":"ebddcad2-0ef0-41e7-b803-7c205a8bbb7f","http.req.method":"GET","http.req.path":"/product/2ZYFJ3GM2N","http.resp.bytes":8031,"http.resp.status":200,"http.resp.took_ms":387,"message":"request complete","session":"827eab86-1aba-4a15-8740-5fee5900d10f","severity":"debug","timestamp":"2026-03-25T12:11:37.467216508Z"}
{"http.req.id":"96b59197-d509-4b83-b480-44360b6f8a0c","http.req.method":"GET","http.req.path":"/cart","message":"request started","session":"32217267-98ca-4d66-9fc8-3f088b8def0f","severity":"debug","timestamp":"2026-03-25T12:11:37.532951845Z"}
{"http.req.id":"96b59197-d509-4b83-b480-44360b6f8a0c","http.req.method":"GET","http.req.path":"/cart","message":"view user cart","session":"32217267-98ca-4d66-9fc8-3f088b8def0f","severity":"debug","timestamp":"2026-03-25T12:11:37.533041373Z"}
{"http.req.id":"96b59197-d509-4b83-b480-44360b6f8a0c","http.req.method":"GET","http.req.path":"/cart","http.resp.bytes":20690,"http.resp.status":200,"http.resp.took_ms":345,"message":"request complete","session":"32217267-98ca-4d66-9fc8-3f088b8def0f","severity":"debug","timestamp":"2026-03-25T12:11:37.878291216Z"}
{"http.req.id":"6036e79a-89c5-4e07-bae9-45b42c9798aa","http.req.method":"GET","http.req.path":"/cart","message":"request started","session":"2d3bf3d7-22b5-49c9-8227-12126292f393","severity":"debug","timestamp":"2026-03-25T12:11:37.948979742Z"}
{"http.req.id":"6036e79a-89c5-4e07-bae9-45b42c9798aa","http.req.method":"GET","http.req.path":"/cart","message":"view user cart","session":"2d3bf3d7-22b5-49c9-8227-12126292f393","severity":"debug","timestamp":"2026-03-25T12:11:37.949082539Z"}
{"http.req.id":"6036e79a-89c5-4e07-bae9-45b42c9798aa","http.req.method":"GET","http.req.path":"/cart","http.resp.bytes":6848,"http.resp.status":200,"http.resp.took_ms":211,"message":"request complete","session":"2d3bf3d7-22b5-49c9-8227-12126292f393","severity":"debug","timestamp":"2026-03-25T12:11:38.160818114Z"}
{"http.req.id":"8d9b82d3-dc1a-4abb-8a06-701110481965","http.req.method":"GET","http.req.path":"/product/2ZYFJ3GM2N","message":"request started","session":"514e00c6-206e-4c6e-873f-852b796455de","severity":"debug","timestamp":"2026-03-25T12:11:38.919250827Z"}
{"currency":"TRY","http.req.id":"8d9b82d3-dc1a-4abb-8a06-701110481965","http.req.method":"GET","http.req.path":"/product/2ZYFJ3GM2N","id":"2ZYFJ3GM2N","message":"serving product page","session":"514e00c6-206e-4c6e-873f-852b796455de","severity":"debug","timestamp":"2026-03-25T12:11:38.919361902Z"}
{"http.req.id":"8d9b82d3-dc1a-4abb-8a06-701110481965","http.req.method":"GET","http.req.path":"/product/2ZYFJ3GM2N","http.resp.bytes":8030,"http.resp.status":200,"http.resp.took_ms":135,"message":"request complete","session":"514e00c6-206e-4c6e-873f-852b796455de","severity":"debug","timestamp":"2026-03-25T12:11:39.05514865Z"}
{"http.req.id":"180a1f1c-1e49-4adf-96c7-361e20749009","http.req.method":"GET","http.req.path":"/_healthz","message":"request started","session":"x-readiness-probe","severity":"debug","timestamp":"2026-03-25T12:11:39.259957661Z"}
{"http.req.id":"180a1f1c-1e49-4adf-96c7-361e20749009","http.req.method":"GET","http.req.path":"/_healthz","http.resp.bytes":2,"http.resp.status":200,"http.resp.took_ms":0,"message":"request complete","session":"x-readiness-probe","severity":"debug","timestamp":"2026-03-25T12:11:39.260085796Z"}
{"http.req.id":"0bdaac90-2cc1-4799-8c82-e4b1d5cfc6a5","http.req.method":"POST","http.req.path":"/setCurrency","message":"request started","session":"ecb080bf-5333-403f-9547-c8725d499228","severity":"debug","timestamp":"2026-03-25T12:11:39.342937856Z"}
{"curr.new":"CAD","curr.old":"GBP","http.req.id":"0bdaac90-2cc1-4799-8c82-e4b1d5cfc6a5","http.req.method":"POST","http.req.path":"/setCurrency","message":"setting currency","session":"ecb080bf-5333-403f-9547-c8725d499228","severity":"debug","timestamp":"2026-03-25T12:11:39.343206613Z"}
{"http.req.id":"0bdaac90-2cc1-4799-8c82-e4b1d5cfc6a5","http.req.method":"POST","http.req.path":"/setCurrency","http.resp.bytes":0,"http.resp.status":302,"http.resp.took_ms":0,"message":"request complete","session":"ecb080bf-5333-403f-9547-c8725d499228","severity":"debug","timestamp":"2026-03-25T12:11:39.343266697Z"}
{"http.req.id":"f7e88276-32ad-45cb-8e59-d58be8c34fe1","http.req.method":"GET","http.req.path":"/","message":"request started","session":"ecb080bf-5333-403f-9547-c8725d499228","severity":"debug","timestamp":"2026-03-25T12:11:39.345856704Z"}
{"currency":"CAD","http.req.id":"f7e88276-32ad-45cb-8e59-d58be8c34fe1","http.req.method":"GET","http.req.path":"/","message":"home","session":"ecb080bf-5333-403f-9547-c8725d499228","severity":"info","timestamp":"2026-03-25T12:11:39.345949324Z"}
env platform is either empty or invalid
{"http.req.id":"f7e88276-32ad-45cb-8e59-d58be8c34fe1","http.req.method":"GET","http.req.path":"/","message":"ENV_PLATFORM is: local","session":"ecb080bf-5333-403f-9547-c8725d499228","severity":"debug","timestamp":"2026-03-25T12:11:39.563131797Z"}
{"http.req.id":"f7e88276-32ad-45cb-8e59-d58be8c34fe1","http.req.method":"GET","http.req.path":"/","http.resp.bytes":10475,"http.resp.status":200,"http.resp.took_ms":221,"message":"request complete","session":"ecb080bf-5333-403f-9547-c8725d499228","severity":"debug","timestamp":"2026-03-25T12:11:39.56757848Z"}
{"http.req.id":"152a3054-992c-4047-b265-685b0bfa6494","http.req.method":"GET","http.req.path":"/product/9SIQT8TOJO","message":"request started","session":"fcb2831f-0627-4791-ac1d-23821dc5b140","severity":"debug","timestamp":"2026-03-25T12:11:39.763051849Z"}
{"currency":"EUR","http.req.id":"152a3054-992c-4047-b265-685b0bfa6494","http.req.method":"GET","http.req.path":"/product/9SIQT8TOJO","id":"9SIQT8TOJO","message":"serving product page","session":"fcb2831f-0627-4791-ac1d-23821dc5b140","severity":"debug","timestamp":"2026-03-25T12:11:39.763179393Z"}
{"http.req.id":"eeb4d5f9-15f3-4465-b1a2-a376f9a327e6","http.req.method":"GET","http.req.path":"/product/LS4PSXUNUM","message":"request started","session":"827eab86-1aba-4a15-8740-5fee5900d10f","severity":"debug","timestamp":"2026-03-25T12:11:39.769215054Z"}
{"currency":"CAD","http.req.id":"eeb4d5f9-15f3-4465-b1a2-a376f9a327e6","http.req.method":"GET","http.req.path":"/product/LS4PSXUNUM","id":"LS4PSXUNUM","message":"serving product page","session":"827eab86-1aba-4a15-8740-5fee5900d10f","severity":"debug","timestamp":"2026-03-25T12:11:39.769342733Z"}
{"http.req.id":"152a3054-992c-4047-b265-685b0bfa6494","http.req.method":"GET","http.req.path":"/product/9SIQT8TOJO","http.resp.bytes":7984,"http.resp.status":200,"http.resp.took_ms":199,"message":"request complete","session":"fcb2831f-0627-4791-ac1d-23821dc5b140","severity":"debug","timestamp":"2026-03-25T12:11:39.962080002Z"}
{"http.req.id":"eeb4d5f9-15f3-4465-b1a2-a376f9a327e6","http.req.method":"GET","http.req.path":"/product/LS4PSXUNUM","http.resp.bytes":7964,"http.resp.status":200,"http.resp.took_ms":389,"message":"request complete","session":"827eab86-1aba-4a15-8740-5fee5900d10f","severity":"debug","timestamp":"2026-03-25T12:11:40.15884866Z"}
