env platform is either empty or invalid
{"http.req.id":"d197f3f9-fe16-4818-91de-30961572ce48","http.req.method":"GET","http.req.path":"/","message":"ENV_PLATFORM is: local","session":"b1a1fb98-93d6-41f8-9605-e0c8a82d1d3c","severity":"debug","timestamp":"2026-03-06T06:02:25.846989488Z"}
{"http.req.id":"d197f3f9-fe16-4818-91de-30961572ce48","http.req.method":"GET","http.req.path":"/","http.resp.bytes":10616,"http.resp.status":200,"http.resp.took_ms":32,"message":"request complete","session":"b1a1fb98-93d6-41f8-9605-e0c8a82d1d3c","severity":"debug","timestamp":"2026-03-06T06:02:25.850546259Z"}
{"http.req.id":"34ea2512-71b2-4af2-bbcd-2aeec6256342","http.req.method":"GET","http.req.path":"/product/66VCHSJNUP","message":"request started","session":"fa2d8e54-c567-4c66-b702-8bb183ef4a46","severity":"debug","timestamp":"2026-03-06T06:02:26.220198211Z"}
{"currency":"JPY","http.req.id":"34ea2512-71b2-4af2-bbcd-2aeec6256342","http.req.method":"GET","http.req.path":"/product/66VCHSJNUP","id":"66VCHSJNUP","message":"serving product page","session":"fa2d8e54-c567-4c66-b702-8bb183ef4a46","severity":"debug","timestamp":"2026-03-06T06:02:26.220257947Z"}
{"http.req.id":"34ea2512-71b2-4af2-bbcd-2aeec6256342","http.req.method":"GET","http.req.path":"/product/66VCHSJNUP","http.resp.bytes":8040,"http.resp.status":200,"http.resp.took_ms":13,"message":"request complete","session":"fa2d8e54-c567-4c66-b702-8bb183ef4a46","severity":"debug","timestamp":"2026-03-06T06:02:26.233473287Z"}
{"http.req.id":"be953005-9218-4a0b-a808-155fd7389774","http.req.method":"POST","http.req.path":"/setCurrency","message":"request started","session":"0994b18b-93e7-4775-a2c5-e29dc0e6d5bb","severity":"debug","timestamp":"2026-03-06T06:02:26.250274919Z"}
{"curr.new":"GBP","curr.old":"JPY","http.req.id":"be953005-9218-4a0b-a808-155fd7389774","http.req.method":"POST","http.req.path":"/setCurrency","message":"setting currency","session":"0994b18b-93e7-4775-a2c5-e29dc0e6d5bb","severity":"debug","timestamp":"2026-03-06T06:02:26.250430155Z"}
{"http.req.id":"be953005-9218-4a0b-a808-155fd7389774","http.req.method":"POST","http.req.path":"/setCurrency","http.resp.bytes":0,"http.resp.status":302,"http.resp.took_ms":0,"message":"request complete","session":"0994b18b-93e7-4775-a2c5-e29dc0e6d5bb","severity":"debug","timestamp":"2026-03-06T06:02:26.250469743Z"}
{"http.req.id":"69216e49-03a8-481b-938f-aed9032626fb","http.req.method":"GET","http.req.path":"/","message":"request started","session":"0994b18b-93e7-4775-a2c5-e29dc0e6d5bb","severity":"debug","timestamp":"2026-03-06T06:02:26.251807415Z"}
{"currency":"GBP","http.req.id":"69216e49-03a8-481b-938f-aed9032626fb","http.req.method":"GET","http.req.path":"/","message":"home","session":"0994b18b-93e7-4775-a2c5-e29dc0e6d5bb","severity":"info","timestamp":"2026-03-06T06:02:26.251939845Z"}
env platform is either empty or invalid
{"http.req.id":"69216e49-03a8-481b-938f-aed9032626fb","http.req.method":"GET","http.req.path":"/","message":"ENV_PLATFORM is: local","session":"0994b18b-93e7-4775-a2c5-e29dc0e6d5bb","severity":"debug","timestamp":"2026-03-06T06:02:26.312403517Z"}
{"http.req.id":"69216e49-03a8-481b-938f-aed9032626fb","http.req.method":"GET","http.req.path":"/","http.resp.bytes":10508,"http.resp.status":200,"http.resp.took_ms":65,"message":"request complete","session":"0994b18b-93e7-4775-a2c5-e29dc0e6d5bb","severity":"debug","timestamp":"2026-03-06T06:02:26.317058474Z"}
{"http.req.id":"ec77a56f-a518-43a3-b609-1a77a9bb2d62","http.req.method":"GET","http.req.path":"/product/6E92ZMYYFZ","message":"request started","session":"89995d91-ad5c-4838-8317-c04497a5d805","severity":"debug","timestamp":"2026-03-06T06:02:26.538991187Z"}
{"currency":"CAD","http.req.id":"ec77a56f-a518-43a3-b609-1a77a9bb2d62","http.req.method":"GET","http.req.path":"/product/6E92ZMYYFZ","id":"6E92ZMYYFZ","message":"serving product page","session":"89995d91-ad5c-4838-8317-c04497a5d805","severity":"debug","timestamp":"2026-03-06T06:02:26.539051255Z"}
{"http.req.id":"ec77a56f-a518-43a3-b609-1a77a9bb2d62","http.req.method":"GET","http.req.path":"/product/6E92ZMYYFZ","http.resp.bytes":7954,"http.resp.status":200,"http.resp.took_ms":13,"message":"request complete","session":"89995d91-ad5c-4838-8317-c04497a5d805","severity":"debug","timestamp":"2026-03-06T06:02:26.552369163Z"}
{"http.req.id":"b05ccc6e-5efd-4125-bb37-bfe251b8a7dc","http.req.method":"POST","http.req.path":"/cart","message":"request started","session":"89995d91-ad5c-4838-8317-c04497a5d805","severity":"debug","timestamp":"2026-03-06T06:02:26.553058593Z"}
{"http.req.id":"b05ccc6e-5efd-4125-bb37-bfe251b8a7dc","http.req.method":"POST","http.req.path":"/cart","message":"adding to cart","product":"6E92ZMYYFZ","quantity":8,"session":"89995d91-ad5c-4838-8317-c04497a5d805","severity":"debug","timestamp":"2026-03-06T06:02:26.553164314Z"}
{"http.req.id":"b05ccc6e-5efd-4125-bb37-bfe251b8a7dc","http.req.method":"POST","http.req.path":"/cart","http.resp.bytes":0,"http.resp.status":302,"http.resp.took_ms":2,"message":"request complete","session":"89995d91-ad5c-4838-8317-c04497a5d805","severity":"debug","timestamp":"2026-03-06T06:02:26.555501536Z"}
{"http.req.id":"7a5cdd1e-69ad-4c3c-b889-2a2b441bf15a","http.req.method":"GET","http.req.path":"/cart","message":"request started","session":"89995d91-ad5c-4838-8317-c04497a5d805","severity":"debug","timestamp":"2026-03-06T06:02:26.556307853Z"}
{"http.req.id":"7a5cdd1e-69ad-4c3c-b889-2a2b441bf15a","http.req.method":"GET","http.req.path":"/cart","message":"view user cart","session":"89995d91-ad5c-4838-8317-c04497a5d805","severity":"debug","timestamp":"2026-03-06T06:02:26.556361806Z"}
{"http.req.id":"7a5cdd1e-69ad-4c3c-b889-2a2b441bf15a","http.req.method":"GET","http.req.path":"/cart","http.resp.bytes":16437,"http.resp.status":200,"http.resp.took_ms":15,"message":"request complete","session":"89995d91-ad5c-4838-8317-c04497a5d805","severity":"debug","timestamp":"2026-03-06T06:02:26.571741222Z"}
{"http.req.id":"208b7433-24d6-4d34-a449-f627389161a6","http.req.method":"POST","http.req.path":"/setCurrency","message":"request started","session":"3e105862-e07a-48bd-9f67-033f05224f8f","severity":"debug","timestamp":"2026-03-06T06:02:26.681680662Z"}
{"curr.new":"TRY","curr.old":"EUR","http.req.id":"208b7433-24d6-4d34-a449-f627389161a6","http.req.method":"POST","http.req.path":"/setCurrency","message":"setting currency","session":"3e105862-e07a-48bd-9f67-033f05224f8f","severity":"debug","timestamp":"2026-03-06T06:02:26.681817268Z"}
{"http.req.id":"208b7433-24d6-4d34-a449-f627389161a6","http.req.method":"POST","http.req.path":"/setCurrency","http.resp.bytes":0,"http.resp.status":302,"http.resp.took_ms":0,"message":"request complete","session":"3e105862-e07a-48bd-9f67-033f05224f8f","severity":"debug","timestamp":"2026-03-06T06:02:26.681840156Z"}
{"http.req.id":"b65f0dd3-7c75-4bca-9eaf-138109fec083","http.req.method":"GET","http.req.path":"/","message":"request started","session":"3e105862-e07a-48bd-9f67-033f05224f8f","severity":"debug","timestamp":"2026-03-06T06:02:26.682789721Z"}
{"currency":"TRY","http.req.id":"b65f0dd3-7c75-4bca-9eaf-138109fec083","http.req.method":"GET","http.req.path":"/","message":"home","session":"3e105862-e07a-48bd-9f67-033f05224f8f","severity":"info","timestamp":"2026-03-06T06:02:26.682867073Z"}
env platform is either empty or invalid
{"http.req.id":"b65f0dd3-7c75-4bca-9eaf-138109fec083","http.req.method":"GET","http.req.path":"/","message":"ENV_PLATFORM is: local","session":"3e105862-e07a-48bd-9f67-033f05224f8f","severity":"debug","timestamp":"2026-03-06T06:02:26.704011931Z"}
{"http.req.id":"b65f0dd3-7c75-4bca-9eaf-138109fec083","http.req.method":"GET","http.req.path":"/","http.resp.bytes":10527,"http.resp.status":200,"http.resp.took_ms":23,"message":"request complete","session":"3e105862-e07a-48bd-9f67-033f05224f8f","severity":"debug","timestamp":"2026-03-06T06:02:26.706086057Z"}
{"http.req.id":"915e2b79-b663-40d1-a711-f2c1053b7615","http.req.method":"GET","http.req.path":"/product/L9ECAV7KIM","message":"request started","session":"f9734e3a-0615-43dc-908b-1b8be30715f4","severity":"debug","timestamp":"2026-03-06T06:02:27.093714807Z"}
{"currency":"TRY","http.req.id":"915e2b79-b663-40d1-a711-f2c1053b7615","http.req.method":"GET","http.req.path":"/product/L9ECAV7KIM","id":"L9ECAV7KIM","message":"serving product page","session":"f9734e3a-0615-43dc-908b-1b8be30715f4","severity":"debug","timestamp":"2026-03-06T06:02:27.09376931Z"}
{"http.req.id":"915e2b79-b663-40d1-a711-f2c1053b7615","http.req.method":"GET","http.req.path":"/product/L9ECAV7KIM","http.resp.bytes":8019,"http.resp.status":200,"http.resp.took_ms":12,"message":"request complete","session":"f9734e3a-0615-43dc-908b-1b8be30715f4","severity":"debug","timestamp":"2026-03-06T06:02:27.105861141Z"}
{"http.req.id":"c83936fa-2dd1-46bb-a762-952bf943a1b8","http.req.method":"GET","http.req.path":"/_healthz","message":"request started","session":"x-liveness-probe","severity":"debug","timestamp":"2026-03-06T06:02:27.248999699Z"}
{"http.req.id":"c83936fa-2dd1-46bb-a762-952bf943a1b8","http.req.method":"GET","http.req.path":"/_healthz","http.resp.bytes":2,"http.resp.status":200,"http.resp.took_ms":0,"message":"request complete","session":"x-liveness-probe","severity":"debug","timestamp":"2026-03-06T06:02:27.249066361Z"}
{"http.req.id":"ee275acb-7c89-424c-9618-e5b88bca699c","http.req.method":"GET","http.req.path":"/cart","message":"request started","session":"ec0b6821-5225-4ee8-8ec0-1e3bbbdffabb","severity":"debug","timestamp":"2026-03-06T06:02:27.463676943Z"}
{"http.req.id":"ee275acb-7c89-424c-9618-e5b88bca699c","http.req.method":"GET","http.req.path":"/cart","message":"view user cart","session":"ec0b6821-5225-4ee8-8ec0-1e3bbbdffabb","severity":"debug","timestamp":"2026-03-06T06:02:27.463778167Z"}
{"http.req.id":"ee275acb-7c89-424c-9618-e5b88bca699c","http.req.method":"GET","http.req.path":"/cart","http.resp.bytes":17901,"http.resp.status":200,"http.resp.took_ms":22,"message":"request complete","session":"ec0b6821-5225-4ee8-8ec0-1e3bbbdffabb","severity":"debug","timestamp":"2026-03-06T06:02:27.486102108Z"}
{"http.req.id":"e18ee765-6777-4819-ab61-acf3121ae9db","http.req.method":"GET","http.req.path":"/product/66VCHSJNUP","message":"request started","session":"ec0b6821-5225-4ee8-8ec0-1e3bbbdffabb","severity":"debug","timestamp":"2026-03-06T06:02:29.038197203Z"}
{"currency":"USD","http.req.id":"e18ee765-6777-4819-ab61-acf3121ae9db","http.req.method":"GET","http.req.path":"/product/66VCHSJNUP","id":"66VCHSJNUP","message":"serving product page","session":"ec0b6821-5225-4ee8-8ec0-1e3bbbdffabb","severity":"debug","timestamp":"2026-03-06T06:02:29.038304013Z"}
{"http.req.id":"e18ee765-6777-4819-ab61-acf3121ae9db","http.req.method":"GET","http.req.path":"/product/66VCHSJNUP","http.resp.bytes":8010,"http.resp.status":200,"http.resp.took_ms":17,"message":"request complete","session":"ec0b6821-5225-4ee8-8ec0-1e3bbbdffabb","severity":"debug","timestamp":"2026-03-06T06:02:29.056177206Z"}
{"http.req.id":"fa474093-c627-4ea5-b996-96ee261a31b4","http.req.method":"GET","http.req.path":"/cart","message":"request started","session":"3e105862-e07a-48bd-9f67-033f05224f8f","severity":"debug","timestamp":"2026-03-06T06:02:29.582402176Z"}
{"http.req.id":"fa474093-c627-4ea5-b996-96ee261a31b4","http.req.method":"GET","http.req.path":"/cart","message":"view user cart","session":"3e105862-e07a-48bd-9f67-033f05224f8f","severity":"debug","timestamp":"2026-03-06T06:02:29.58251133Z"}
{"http.req.id":"fa474093-c627-4ea5-b996-96ee261a31b4","http.req.method":"GET","http.req.path":"/cart","http.resp.bytes":6883,"http.resp.status":200,"http.resp.took_ms":20,"message":"request complete","session":"3e105862-e07a-48bd-9f67-033f05224f8f","severity":"debug","timestamp":"2026-03-06T06:02:29.602902478Z"}
{"http.req.id":"3d2d3df8-2a7a-4ccb-a431-14f6d54a3f59","http.req.method":"GET","http.req.path":"/_healthz","message":"request started","session":"x-readiness-probe","severity":"debug","timestamp":"2026-03-06T06:02:29.978128781Z"}
{"http.req.id":"3d2d3df8-2a7a-4ccb-a431-14f6d54a3f59","http.req.method":"GET","http.req.path":"/_healthz","http.resp.bytes":2,"http.resp.status":200,"http.resp.took_ms":0,"message":"request complete","session":"x-readiness-probe","severity":"debug","timestamp":"2026-03-06T06:02:29.978261283Z"}
{"http.req.id":"6c7bb6e9-f702-437c-bd5b-c869b8ba19b8","http.req.method":"GET","http.req.path":"/product/0PUK6V6EV0","message":"request started","session":"89995d91-ad5c-4838-8317-c04497a5d805","severity":"debug","timestamp":"2026-03-06T06:02:30.116386233Z"}
{"currency":"CAD","http.req.id":"6c7bb6e9-f702-437c-bd5b-c869b8ba19b8","http.req.method":"GET","http.req.path":"/product/0PUK6V6EV0","id":"0PUK6V6EV0","message":"serving product page","session":"89995d91-ad5c-4838-8317-c04497a5d805","severity":"debug","timestamp":"2026-03-06T06:02:30.116487302Z"}
{"http.req.id":"6c7bb6e9-f702-437c-bd5b-c869b8ba19b8","http.req.method":"GET","http.req.path":"/product/0PUK6V6EV0","http.resp.bytes":8077,"http.resp.status":200,"http.resp.took_ms":28,"message":"request complete","session":"89995d91-ad5c-4838-8317-c04497a5d805","severity":"debug","timestamp":"2026-03-06T06:02:30.145203944Z"}
{"http.req.id":"b20ad7a2-8b2e-4cbd-984c-8540a58de8ab","http.req.method":"GET","http.req.path":"/product/LS4PSXUNUM","message":"request started","session":"d7d3227d-0824-4f40-a472-c039f0192426","severity":"debug","timestamp":"2026-03-06T06:02:30.768954657Z"}
{"currency":"JPY","http.req.id":"b20ad7a2-8b2e-4cbd-984c-8540a58de8ab","http.req.method":"GET","http.req.path":"/product/LS4PSXUNUM","id":"LS4PSXUNUM","message":"serving product page","session":"d7d3227d-0824-4f40-a472-c039f0192426","severity":"debug","timestamp":"2026-03-06T06:02:30.769064393Z"}
{"http.req.id":"b20ad7a2-8b2e-4cbd-984c-8540a58de8ab","http.req.method":"GET","http.req.path":"/product/LS4PSXUNUM","http.resp.bytes":8028,"http.resp.status":200,"http.resp.took_ms":20,"message":"request complete","session":"d7d3227d-0824-4f40-a472-c039f0192426","severity":"debug","timestamp":"2026-03-06T06:02:30.789371783Z"}
{"http.req.id":"f8d70e7c-321e-45ff-b594-1791052dea79","http.req.method":"GET","http.req.path":"/product/L9ECAV7KIM","message":"request started","session":"3e105862-e07a-48bd-9f67-033f05224f8f","severity":"debug","timestamp":"2026-03-06T06:02:31.504698583Z"}
{"currency":"TRY","http.req.id":"f8d70e7c-321e-45ff-b594-1791052dea79","http.req.method":"GET","http.req.path":"/product/L9ECAV7KIM","id":"L9ECAV7KIM","message":"serving product page","session":"3e105862-e07a-48bd-9f67-033f05224f8f","severity":"debug","timestamp":"2026-03-06T06:02:31.504825515Z"}
{"http.req.id":"f8d70e7c-321e-45ff-b594-1791052dea79","http.req.method":"GET","http.req.path":"/product/L9ECAV7KIM","http.resp.bytes":7973,"http.resp.status":200,"http.resp.took_ms":16,"message":"request complete","session":"3e105862-e07a-48bd-9f67-033f05224f8f","severity":"debug","timestamp":"2026-03-06T06:02:31.521569703Z"}
{"http.req.id":"58ad6aef-252f-4204-a594-29fcb5febdca","http.req.method":"GET","http.req.path":"/","message":"request started","session":"0994b18b-93e7-4775-a2c5-e29dc0e6d5bb","severity":"debug","timestamp":"2026-03-06T06:02:31.67113426Z"}
{"currency":"GBP","http.req.id":"58ad6aef-252f-4204-a594-29fcb5febdca","http.req.method":"GET","http.req.path":"/","message":"home","session":"0994b18b-93e7-4775-a2c5-e29dc0e6d5bb","severity":"info","timestamp":"2026-03-06T06:02:31.671174614Z"}
env platform is either empty or invalid
{"http.req.id":"58ad6aef-252f-4204-a594-29fcb5febdca","http.req.method":"GET","http.req.path":"/","message":"ENV_PLATFORM is: local","session":"0994b18b-93e7-4775-a2c5-e29dc0e6d5bb","severity":"debug","timestamp":"2026-03-06T06:02:31.700362068Z"}
{"http.req.id":"58ad6aef-252f-4204-a594-29fcb5febdca","http.req.method":"GET","http.req.path":"/","http.resp.bytes":10508,"http.resp.status":200,"http.resp.took_ms":32,"message":"request complete","session":"0994b18b-93e7-4775-a2c5-e29dc0e6d5bb","severity":"debug","timestamp":"2026-03-06T06:02:31.703189318Z"}
{"http.req.id":"bb87bc8e-9fec-4582-a621-f7dcb533fe28","http.req.method":"GET","http.req.path":"/product/9SIQT8TOJO","message":"request started","session":"89995d91-ad5c-4838-8317-c04497a5d805","severity":"debug","timestamp":"2026-03-06T06:02:31.980974865Z"}
{"currency":"CAD","http.req.id":"bb87bc8e-9fec-4582-a621-f7dcb533fe28","http.req.method":"GET","http.req.path":"/product/9SIQT8TOJO","id":"9SIQT8TOJO","message":"serving product page","session":"89995d91-ad5c-4838-8317-c04497a5d805","severity":"debug","timestamp":"2026-03-06T06:02:31.981093047Z"}
{"http.req.id":"bb87bc8e-9fec-4582-a621-f7dcb533fe28","http.req.method":"GET","http.req.path":"/product/9SIQT8TOJO","http.resp.bytes":8093,"http.resp.status":200,"http.resp.took_ms":19,"message":"request complete","session":"89995d91-ad5c-4838-8317-c04497a5d805","severity":"debug","timestamp":"2026-03-06T06:02:32.000608059Z"}
{"http.req.id":"436cda08-3ccc-4a13-9874-991c867880d8","http.req.method":"POST","http.req.path":"/cart","message":"request started","session":"89995d91-ad5c-4838-8317-c04497a5d805","severity":"debug","timestamp":"2026-03-06T06:02:32.001591713Z"}
{"http.req.id":"436cda08-3ccc-4a13-9874-991c867880d8","http.req.method":"POST","http.req.path":"/cart","message":"adding to cart","product":"9SIQT8TOJO","quantity":9,"session":"89995d91-ad5c-4838-8317-c04497a5d805","severity":"debug","timestamp":"2026-03-06T06:02:32.001786546Z"}
{"http.req.id":"436cda08-3ccc-4a13-9874-991c867880d8","http.req.method":"POST","http.req.path":"/cart","http.resp.bytes":0,"http.resp.status":302,"http.resp.took_ms":2,"message":"request complete","session":"89995d91-ad5c-4838-8317-c04497a5d805","severity":"debug","timestamp":"2026-03-06T06:02:32.004502921Z"}
{"http.req.id":"31cf28b7-8f3f-4bc6-8cfc-33e2d626a79f","http.req.method":"GET","http.req.path":"/cart","message":"request started","session":"89995d91-ad5c-4838-8317-c04497a5d805","severity":"debug","timestamp":"2026-03-06T06:02:32.005493479Z"}
{"http.req.id":"31cf28b7-8f3f-4bc6-8cfc-33e2d626a79f","http.req.method":"GET","http.req.path":"/cart","message":"view user cart","session":"89995d91-ad5c-4838-8317-c04497a5d805","severity":"debug","timestamp":"2026-03-06T06:02:32.005560936Z"}
{"http.req.id":"31cf28b7-8f3f-4bc6-8cfc-33e2d626a79f","http.req.method":"GET","http.req.path":"/cart","http.resp.bytes":17882,"http.resp.status":200,"http.resp.took_ms":17,"message":"request complete","session":"89995d91-ad5c-4838-8317-c04497a5d805","severity":"debug","timestamp":"2026-03-06T06:02:32.022547215Z"}
{"http.req.id":"65cfe294-34b2-478b-b6b7-a0e21a7d8a32","http.req.method":"GET","http.req.path":"/product/L9ECAV7KIM","message":"request started","session":"fa2d8e54-c567-4c66-b702-8bb183ef4a46","severity":"debug","timestamp":"2026-03-06T06:02:32.435655082Z"}
{"currency":"JPY","http.req.id":"65cfe294-34b2-478b-b6b7-a0e21a7d8a32","http.req.method":"GET","http.req.path":"/product/L9ECAV7KIM","id":"L9ECAV7KIM","message":"serving product page","session":"fa2d8e54-c567-4c66-b702-8bb183ef4a46","severity":"debug","timestamp":"2026-03-06T06:02:32.435801248Z"}
{"http.req.id":"65cfe294-34b2-478b-b6b7-a0e21a7d8a32","http.req.method":"GET","http.req.path":"/product/L9ECAV7KIM","http.resp.bytes":8069,"http.resp.status":200,"http.resp.took_ms":20,"message":"request complete","session":"fa2d8e54-c567-4c66-b702-8bb183ef4a46","severity":"debug","timestamp":"2026-03-06T06:02:32.456379241Z"}
{"http.req.id":"8cfd3ee4-1cde-422c-bcda-d6da310f9773","http.req.method":"GET","http.req.path":"/product/LS4PSXUNUM","message":"request started","session":"ec0b6821-5225-4ee8-8ec0-1e3bbbdffabb","severity":"debug","timestamp":"2026-03-06T06:02:32.937103725Z"}
{"currency":"USD","http.req.id":"8cfd3ee4-1cde-422c-bcda-d6da310f9773","http.req.method":"GET","http.req.path":"/product/LS4PSXUNUM","id":"LS4PSXUNUM","message":"serving product page","session":"ec0b6821-5225-4ee8-8ec0-1e3bbbdffabb","severity":"debug","timestamp":"2026-03-06T06:02:32.93721097Z"}
{"http.req.id":"8cfd3ee4-1cde-422c-bcda-d6da310f9773","http.req.method":"GET","http.req.path":"/product/LS4PSXUNUM","http.resp.bytes":8039,"http.resp.status":200,"http.resp.took_ms":21,"message":"request complete","session":"ec0b6821-5225-4ee8-8ec0-1e3bbbdffabb","severity":"debug","timestamp":"2026-03-06T06:02:32.958104104Z"}
{"http.req.id":"e0d85a6d-ccfe-4575-8bb3-1afd54ae63c9","http.req.method":"GET","http.req.path":"/product/0PUK6V6EV0","message":"request started","session":"f9734e3a-0615-43dc-908b-1b8be30715f4","severity":"debug","timestamp":"2026-03-06T06:02:32.993283113Z"}
{"currency":"TRY","http.req.id":"e0d85a6d-ccfe-4575-8bb3-1afd54ae63c9","http.req.method":"GET","http.req.path":"/product/0PUK6V6EV0","id":"0PUK6V6EV0","message":"serving product page","session":"f9734e3a-0615-43dc-908b-1b8be30715f4","severity":"debug","timestamp":"2026-03-06T06:02:32.993377449Z"}
{"http.req.id":"e0d85a6d-ccfe-4575-8bb3-1afd54ae63c9","http.req.method":"GET","http.req.path":"/product/0PUK6V6EV0","http.resp.bytes":8049,"http.resp.status":200,"http.resp.took_ms":25,"message":"request complete","session":"f9734e3a-0615-43dc-908b-1b8be30715f4","severity":"debug","timestamp":"2026-03-06T06:02:33.018654573Z"}
{"http.req.id":"1a5959b8-26c8-43e0-8f6e-4a855749f3ef","http.req.method":"POST","http.req.path":"/cart","message":"request started","session":"f9734e3a-0615-43dc-908b-1b8be30715f4","severity":"debug","timestamp":"2026-03-06T06:02:33.020022Z"}
{"http.req.id":"1a5959b8-26c8-43e0-8f6e-4a855749f3ef","http.req.method":"POST","http.req.path":"/cart","message":"adding to cart","product":"0PUK6V6EV0","quantity":10,"session":"f9734e3a-0615-43dc-908b-1b8be30715f4","severity":"debug","timestamp":"2026-03-06T06:02:33.020210491Z"}
{"http.req.id":"1a5959b8-26c8-43e0-8f6e-4a855749f3ef","http.req.method":"POST","http.req.path":"/cart","http.resp.bytes":0,"http.resp.status":302,"http.resp.took_ms":4,"message":"request complete","session":"f9734e3a-0615-43dc-908b-1b8be30715f4","severity":"debug","timestamp":"2026-03-06T06:02:33.024295863Z"}
{"http.req.id":"22daee6e-7718-43cc-8c96-2ca63d2e1def","http.req.method":"GET","http.req.path":"/cart","message":"request started","session":"f9734e3a-0615-43dc-908b-1b8be30715f4","severity":"debug","timestamp":"2026-03-06T06:02:33.025830953Z"}
{"http.req.id":"22daee6e-7718-43cc-8c96-2ca63d2e1def","http.req.method":"GET","http.req.path":"/cart","message":"view user cart","session":"f9734e3a-0615-43dc-908b-1b8be30715f4","severity":"debug","timestamp":"2026-03-06T06:02:33.025942586Z"}
{"http.req.id":"22daee6e-7718-43cc-8c96-2ca63d2e1def","http.req.method":"GET","http.req.path":"/cart","http.resp.bytes":20770,"http.resp.status":200,"http.resp.took_ms":97,"message":"request complete","session":"f9734e3a-0615-43dc-908b-1b8be30715f4","severity":"debug","timestamp":"2026-03-06T06:02:33.123825422Z"}
{"http.req.id":"cdd4fe7b-2e3f-4d4e-8dc0-a20058ee9d3f","http.req.method":"POST","http.req.path":"/cart/checkout","message":"request started","session":"f9734e3a-0615-43dc-908b-1b8be30715f4","severity":"debug","timestamp":"2026-03-06T06:02:33.13044295Z"}
{"http.req.id":"cdd4fe7b-2e3f-4d4e-8dc0-a20058ee9d3f","http.req.method":"POST","http.req.path":"/cart/checkout","message":"placing order","session":"f9734e3a-0615-43dc-908b-1b8be30715f4","severity":"debug","timestamp":"2026-03-06T06:02:33.130608803Z"}
{"http.req.id":"cdd4fe7b-2e3f-4d4e-8dc0-a20058ee9d3f","http.req.method":"POST","http.req.path":"/cart/checkout","message":"order placed","order":"111435c2-1922-11f1-af47-fabc357e427c","session":"f9734e3a-0615-43dc-908b-1b8be30715f4","severity":"info","timestamp":"2026-03-06T06:02:33.170660232Z"}
{"http.req.id":"cdd4fe7b-2e3f-4d4e-8dc0-a20058ee9d3f","http.req.method":"POST","http.req.path":"/cart/checkout","http.resp.bytes":6790,"http.resp.status":200,"http.resp.took_ms":86,"message":"request complete","session":"f9734e3a-0615-43dc-908b-1b8be30715f4","severity":"debug","timestamp":"2026-03-06T06:02:33.217315284Z"}
{"http.req.id":"66b4c3e3-6dc7-4dd4-aad8-5f6b98e81f0e","http.req.method":"POST","http.req.path":"/setCurrency","message":"request started","session":"eed418e8-7ab1-4992-b9a1-40aeb0d3dc43","severity":"debug","timestamp":"2026-03-06T06:02:33.813392566Z"}
{"curr.new":"GBP","curr.old":"TRY","http.req.id":"66b4c3e3-6dc7-4dd4-aad8-5f6b98e81f0e","http.req.method":"POST","http.req.path":"/setCurrency","message":"setting currency","session":"eed418e8-7ab1-4992-b9a1-40aeb0d3dc43","severity":"debug","timestamp":"2026-03-06T06:02:33.813886449Z"}
{"http.req.id":"66b4c3e3-6dc7-4dd4-aad8-5f6b98e81f0e","http.req.method":"POST","http.req.path":"/setCurrency","http.resp.bytes":0,"http.resp.status":302,"http.resp.took_ms":0,"message":"request complete","session":"eed418e8-7ab1-4992-b9a1-40aeb0d3dc43","severity":"debug","timestamp":"2026-03-06T06:02:33.814070922Z"}
{"http.req.id":"6f85fdcd-3e53-4838-90a2-f216fcc0e0a3","http.req.method":"GET","http.req.path":"/","message":"request started","session":"eed418e8-7ab1-4992-b9a1-40aeb0d3dc43","severity":"debug","timestamp":"2026-03-06T06:02:33.815807154Z"}
{"currency":"GBP","http.req.id":"6f85fdcd-3e53-4838-90a2-f216fcc0e0a3","http.req.method":"GET","http.req.path":"/","message":"home","session":"eed418e8-7ab1-4992-b9a1-40aeb0d3dc43","severity":"info","timestamp":"2026-03-06T06:02:33.815876628Z"}
env platform is either empty or invalid
{"http.req.id":"6f85fdcd-3e53-4838-90a2-f216fcc0e0a3","http.req.method":"GET","http.req.path":"/","message":"ENV_PLATFORM is: local","session":"eed418e8-7ab1-4992-b9a1-40aeb0d3dc43","severity":"debug","timestamp":"2026-03-06T06:02:33.857093614Z"}
{"http.req.id":"6f85fdcd-3e53-4838-90a2-f216fcc0e0a3","http.req.method":"GET","http.req.path":"/","http.resp.bytes":10508,"http.resp.status":200,"http.resp.took_ms":44,"message":"request complete","session":"eed418e8-7ab1-4992-b9a1-40aeb0d3dc43","severity":"debug","timestamp":"2026-03-06T06:02:33.860375253Z"}
{"http.req.id":"683bb996-973d-4091-b81c-c6c3f29bd7c9","http.req.method":"GET","http.req.path":"/product/OLJCESPC7Z","message":"request started","session":"6e21104e-b0bf-4a85-b5c2-ac5af92fa69e","severity":"debug","timestamp":"2026-03-06T06:02:34.213818339Z"}
{"currency":"JPY","http.req.id":"683bb996-973d-4091-b81c-c6c3f29bd7c9","http.req.method":"GET","http.req.path":"/product/OLJCESPC7Z","id":"OLJCESPC7Z","message":"serving product page","session":"6e21104e-b0bf-4a85-b5c2-ac5af92fa69e","severity":"debug","timestamp":"2026-03-06T06:02:34.213879596Z"}
{"http.req.id":"683bb996-973d-4091-b81c-c6c3f29bd7c9","http.req.method":"GET","http.req.path":"/product/OLJCESPC7Z","http.resp.bytes":8098,"http.resp.status":200,"http.resp.took_ms":31,"message":"request complete","session":"6e21104e-b0bf-4a85-b5c2-ac5af92fa69e","severity":"debug","timestamp":"2026-03-06T06:02:34.245547687Z"}
