{"currency":"CAD","http.req.id":"7c3ac61e-80e3-40bf-9d48-76efa19ad772","http.req.method":"GET","http.req.path":"/","message":"home","session":"2d3bf3d7-22b5-49c9-8227-12126292f393","severity":"info","timestamp":"2026-03-25T12:14:16.90087508Z"}
{"http.req.id":"5c8f5237-0125-4c8e-a5cb-0ddc133a5efb","http.req.method":"GET","http.req.path":"/product/2ZYFJ3GM2N","http.resp.bytes":7981,"http.resp.status":200,"http.resp.took_ms":71,"message":"request complete","session":"694745d8-a179-4c65-83d6-9ed873a7b94b","severity":"debug","timestamp":"2026-03-25T12:14:16.907114838Z"}
env platform is either empty or invalid
{"http.req.id":"7c3ac61e-80e3-40bf-9d48-76efa19ad772","http.req.method":"GET","http.req.path":"/","message":"ENV_PLATFORM is: local","session":"2d3bf3d7-22b5-49c9-8227-12126292f393","severity":"debug","timestamp":"2026-03-25T12:14:17.201799138Z"}
{"http.req.id":"7c3ac61e-80e3-40bf-9d48-76efa19ad772","http.req.method":"GET","http.req.path":"/","http.resp.bytes":10385,"http.resp.status":200,"http.resp.took_ms":304,"message":"request complete","session":"2d3bf3d7-22b5-49c9-8227-12126292f393","severity":"debug","timestamp":"2026-03-25T12:14:17.20523787Z"}
{"http.req.id":"c08952eb-d98d-4edc-8d73-67130b23f229","http.req.method":"GET","http.req.path":"/product/2ZYFJ3GM2N","message":"request started","session":"827eab86-1aba-4a15-8740-5fee5900d10f","severity":"debug","timestamp":"2026-03-25T12:14:17.274375109Z"}
{"currency":"USD","http.req.id":"c08952eb-d98d-4edc-8d73-67130b23f229","http.req.method":"GET","http.req.path":"/product/2ZYFJ3GM2N","id":"2ZYFJ3GM2N","message":"serving product page","session":"827eab86-1aba-4a15-8740-5fee5900d10f","severity":"debug","timestamp":"2026-03-25T12:14:17.274499176Z"}
{"http.req.id":"c08952eb-d98d-4edc-8d73-67130b23f229","http.req.method":"GET","http.req.path":"/product/2ZYFJ3GM2N","http.resp.bytes":8014,"http.resp.status":200,"http.resp.took_ms":46,"message":"request complete","session":"827eab86-1aba-4a15-8740-5fee5900d10f","severity":"debug","timestamp":"2026-03-25T12:14:17.320699443Z"}
{"http.req.id":"22c61763-e7d7-4335-814e-826b0e1c6d88","http.req.method":"GET","http.req.path":"/product/66VCHSJNUP","message":"request started","session":"32217267-98ca-4d66-9fc8-3f088b8def0f","severity":"debug","timestamp":"2026-03-25T12:14:17.488014424Z"}
{"currency":"GBP","http.req.id":"22c61763-e7d7-4335-814e-826b0e1c6d88","http.req.method":"GET","http.req.path":"/product/66VCHSJNUP","id":"66VCHSJNUP","message":"serving product page","session":"32217267-98ca-4d66-9fc8-3f088b8def0f","severity":"debug","timestamp":"2026-03-25T12:14:17.488171628Z"}
{"http.req.id":"22c61763-e7d7-4335-814e-826b0e1c6d88","http.req.method":"GET","http.req.path":"/product/66VCHSJNUP","http.resp.bytes":7942,"http.resp.status":200,"http.resp.took_ms":35,"message":"request complete","session":"32217267-98ca-4d66-9fc8-3f088b8def0f","severity":"debug","timestamp":"2026-03-25T12:14:17.523330167Z"}
{"http.req.id":"2f5af9e5-69c4-45a6-9519-7f4b715ff126","http.req.method":"POST","http.req.path":"/cart","message":"request started","session":"32217267-98ca-4d66-9fc8-3f088b8def0f","severity":"debug","timestamp":"2026-03-25T12:14:17.524944919Z"}
{"http.req.id":"2f5af9e5-69c4-45a6-9519-7f4b715ff126","http.req.method":"POST","http.req.path":"/cart","message":"adding to cart","product":"66VCHSJNUP","quantity":10,"session":"32217267-98ca-4d66-9fc8-3f088b8def0f","severity":"debug","timestamp":"2026-03-25T12:14:17.525108641Z"}
{"http.req.id":"2f5af9e5-69c4-45a6-9519-7f4b715ff126","http.req.method":"POST","http.req.path":"/cart","http.resp.bytes":0,"http.resp.status":302,"http.resp.took_ms":9,"message":"request complete","session":"32217267-98ca-4d66-9fc8-3f088b8def0f","severity":"debug","timestamp":"2026-03-25T12:14:17.53417342Z"}
{"http.req.id":"cc05b20c-2e71-4dd5-aaf3-77c901312112","http.req.method":"GET","http.req.path":"/cart","message":"request started","session":"32217267-98ca-4d66-9fc8-3f088b8def0f","severity":"debug","timestamp":"2026-03-25T12:14:17.535648731Z"}
{"http.req.id":"cc05b20c-2e71-4dd5-aaf3-77c901312112","http.req.method":"GET","http.req.path":"/cart","message":"view user cart","session":"32217267-98ca-4d66-9fc8-3f088b8def0f","severity":"debug","timestamp":"2026-03-25T12:14:17.535744684Z"}
{"http.req.id":"cc05b20c-2e71-4dd5-aaf3-77c901312112","http.req.method":"GET","http.req.path":"/cart","http.resp.bytes":19259,"http.resp.status":200,"http.resp.took_ms":82,"message":"request complete","session":"32217267-98ca-4d66-9fc8-3f088b8def0f","severity":"debug","timestamp":"2026-03-25T12:14:17.618173388Z"}
{"http.req.id":"eae0a4f7-0cdf-457b-8a26-5512ba382065","http.req.method":"POST","http.req.path":"/cart/checkout","message":"request started","session":"32217267-98ca-4d66-9fc8-3f088b8def0f","severity":"debug","timestamp":"2026-03-25T12:14:17.621186191Z"}
{"http.req.id":"eae0a4f7-0cdf-457b-8a26-5512ba382065","http.req.method":"POST","http.req.path":"/cart/checkout","message":"placing order","session":"32217267-98ca-4d66-9fc8-3f088b8def0f","severity":"debug","timestamp":"2026-03-25T12:14:17.62129922Z"}
{"http.req.id":"eae0a4f7-0cdf-457b-8a26-5512ba382065","http.req.method":"POST","http.req.path":"/cart/checkout","message":"order placed","order":"2570a767-2844-11f1-a4a0-927ce8a683d8","session":"32217267-98ca-4d66-9fc8-3f088b8def0f","severity":"info","timestamp":"2026-03-25T12:14:17.65173543Z"}
{"http.req.id":"eae0a4f7-0cdf-457b-8a26-5512ba382065","http.req.method":"POST","http.req.path":"/cart/checkout","http.resp.bytes":6740,"http.resp.status":200,"http.resp.took_ms":84,"message":"request complete","session":"32217267-98ca-4d66-9fc8-3f088b8def0f","severity":"debug","timestamp":"2026-03-25T12:14:17.705917229Z"}
{"http.req.id":"6577a8e1-40ff-493e-b0ac-c5fe339344fb","http.req.method":"GET","http.req.path":"/cart","message":"request started","session":"514e00c6-206e-4c6e-873f-852b796455de","severity":"debug","timestamp":"2026-03-25T12:14:19.774464466Z"}
{"http.req.id":"6577a8e1-40ff-493e-b0ac-c5fe339344fb","http.req.method":"GET","http.req.path":"/cart","message":"view user cart","session":"514e00c6-206e-4c6e-873f-852b796455de","severity":"debug","timestamp":"2026-03-25T12:14:19.774557729Z"}
{"http.req.id":"6577a8e1-40ff-493e-b0ac-c5fe339344fb","http.req.method":"GET","http.req.path":"/cart","http.resp.bytes":17836,"http.resp.status":200,"http.resp.took_ms":27,"message":"request complete","session":"514e00c6-206e-4c6e-873f-852b796455de","severity":"debug","timestamp":"2026-03-25T12:14:19.801987517Z"}
{"http.req.id":"04b101a1-c7ca-439a-89ea-8802e42f3905","http.req.method":"GET","http.req.path":"/product/1YMWWN1N4O","message":"request started","session":"df4ce93a-5d92-40a8-93c2-540bf11bbb4d","severity":"debug","timestamp":"2026-03-25T12:14:19.803402373Z"}
{"currency":"USD","http.req.id":"04b101a1-c7ca-439a-89ea-8802e42f3905","http.req.method":"GET","http.req.path":"/product/1YMWWN1N4O","id":"1YMWWN1N4O","message":"serving product page","session":"df4ce93a-5d92-40a8-93c2-540bf11bbb4d","severity":"debug","timestamp":"2026-03-25T12:14:19.803531202Z"}
{"http.req.id":"04b101a1-c7ca-439a-89ea-8802e42f3905","http.req.method":"GET","http.req.path":"/product/1YMWWN1N4O","http.resp.bytes":7932,"http.resp.status":200,"http.resp.took_ms":33,"message":"request complete","session":"df4ce93a-5d92-40a8-93c2-540bf11bbb4d","severity":"debug","timestamp":"2026-03-25T12:14:19.836837411Z"}
{"http.req.id":"d8a183b2-97f5-4d5f-9ba9-173b51bc94e2","http.req.method":"GET","http.req.path":"/product/9SIQT8TOJO","message":"request started","session":"a38c2610-1665-4c93-8051-4c451f5de325","severity":"debug","timestamp":"2026-03-25T12:14:20.689620887Z"}
{"currency":"USD","http.req.id":"d8a183b2-97f5-4d5f-9ba9-173b51bc94e2","http.req.method":"GET","http.req.path":"/product/9SIQT8TOJO","id":"9SIQT8TOJO","message":"serving product page","session":"a38c2610-1665-4c93-8051-4c451f5de325","severity":"debug","timestamp":"2026-03-25T12:14:20.689745514Z"}
{"http.req.id":"d8a183b2-97f5-4d5f-9ba9-173b51bc94e2","http.req.method":"GET","http.req.path":"/product/9SIQT8TOJO","http.resp.bytes":7946,"http.resp.status":200,"http.resp.took_ms":28,"message":"request complete","session":"a38c2610-1665-4c93-8051-4c451f5de325","severity":"debug","timestamp":"2026-03-25T12:14:20.718443791Z"}
{"http.req.id":"58a8b84f-8085-49a8-8a8e-e09d95817e82","http.req.method":"GET","http.req.path":"/product/L9ECAV7KIM","message":"request started","session":"ecb080bf-5333-403f-9547-c8725d499228","severity":"debug","timestamp":"2026-03-25T12:14:21.008808614Z"}
{"currency":"USD","http.req.id":"58a8b84f-8085-49a8-8a8e-e09d95817e82","http.req.method":"GET","http.req.path":"/product/L9ECAV7KIM","id":"L9ECAV7KIM","message":"serving product page","session":"ecb080bf-5333-403f-9547-c8725d499228","severity":"debug","timestamp":"2026-03-25T12:14:21.008963196Z"}
{"http.req.id":"58a8b84f-8085-49a8-8a8e-e09d95817e82","http.req.method":"GET","http.req.path":"/product/L9ECAV7KIM","http.resp.bytes":8000,"http.resp.status":200,"http.resp.took_ms":27,"message":"request complete","session":"ecb080bf-5333-403f-9547-c8725d499228","severity":"debug","timestamp":"2026-03-25T12:14:21.035922822Z"}
{"http.req.id":"2ef8f69c-9953-4acc-b2d0-c89513d9a8d2","http.req.method":"GET","http.req.path":"/product/L9ECAV7KIM","message":"request started","session":"513dd945-739c-4fe3-8e54-6e6927fbb733","severity":"debug","timestamp":"2026-03-25T12:14:21.206231821Z"}
{"currency":"JPY","http.req.id":"2ef8f69c-9953-4acc-b2d0-c89513d9a8d2","http.req.method":"GET","http.req.path":"/product/L9ECAV7KIM","id":"L9ECAV7KIM","message":"serving product page","session":"513dd945-739c-4fe3-8e54-6e6927fbb733","severity":"debug","timestamp":"2026-03-25T12:14:21.206384474Z"}
{"http.req.id":"2ef8f69c-9953-4acc-b2d0-c89513d9a8d2","http.req.method":"GET","http.req.path":"/product/L9ECAV7KIM","http.resp.bytes":7989,"http.resp.status":200,"http.resp.took_ms":30,"message":"request complete","session":"513dd945-739c-4fe3-8e54-6e6927fbb733","severity":"debug","timestamp":"2026-03-25T12:14:21.236784478Z"}
{"http.req.id":"a78e9b24-04db-42df-b480-86056c28954d","http.req.method":"POST","http.req.path":"/cart","message":"request started","session":"513dd945-739c-4fe3-8e54-6e6927fbb733","severity":"debug","timestamp":"2026-03-25T12:14:21.239106574Z"}
{"http.req.id":"a78e9b24-04db-42df-b480-86056c28954d","http.req.method":"POST","http.req.path":"/cart","message":"adding to cart","product":"L9ECAV7KIM","quantity":6,"session":"513dd945-739c-4fe3-8e54-6e6927fbb733","severity":"debug","timestamp":"2026-03-25T12:14:21.239444927Z"}
{"http.req.id":"a78e9b24-04db-42df-b480-86056c28954d","http.req.method":"POST","http.req.path":"/cart","http.resp.bytes":0,"http.resp.status":302,"http.resp.took_ms":62,"message":"request complete","session":"513dd945-739c-4fe3-8e54-6e6927fbb733","severity":"debug","timestamp":"2026-03-25T12:14:21.301771662Z"}
{"http.req.id":"1d46b7dd-63e7-49f0-84bd-472a8fd101cc","http.req.method":"GET","http.req.path":"/cart","message":"request started","session":"513dd945-739c-4fe3-8e54-6e6927fbb733","severity":"debug","timestamp":"2026-03-25T12:14:21.303742671Z"}
{"http.req.id":"1d46b7dd-63e7-49f0-84bd-472a8fd101cc","http.req.method":"GET","http.req.path":"/cart","message":"view user cart","session":"513dd945-739c-4fe3-8e54-6e6927fbb733","severity":"debug","timestamp":"2026-03-25T12:14:21.303812348Z"}
{"http.req.id":"1d46b7dd-63e7-49f0-84bd-472a8fd101cc","http.req.method":"GET","http.req.path":"/cart","http.resp.bytes":17868,"http.resp.status":200,"http.resp.took_ms":35,"message":"request complete","session":"513dd945-739c-4fe3-8e54-6e6927fbb733","severity":"debug","timestamp":"2026-03-25T12:14:21.339210761Z"}
{"http.req.id":"a1f21b90-d032-44df-88d3-4997fcae304f","http.req.method":"GET","http.req.path":"/cart","message":"request started","session":"32217267-98ca-4d66-9fc8-3f088b8def0f","severity":"debug","timestamp":"2026-03-25T12:14:21.813879237Z"}
{"http.req.id":"a1f21b90-d032-44df-88d3-4997fcae304f","http.req.method":"GET","http.req.path":"/cart","message":"view user cart","session":"32217267-98ca-4d66-9fc8-3f088b8def0f","severity":"debug","timestamp":"2026-03-25T12:14:21.813989119Z"}
{"http.req.id":"a1f21b90-d032-44df-88d3-4997fcae304f","http.req.method":"GET","http.req.path":"/cart","http.resp.bytes":6836,"http.resp.status":200,"http.resp.took_ms":24,"message":"request complete","session":"32217267-98ca-4d66-9fc8-3f088b8def0f","severity":"debug","timestamp":"2026-03-25T12:14:21.838402481Z"}
{"http.req.id":"a0da6bb8-431f-40cb-8839-e918a006a0eb","http.req.method":"GET","http.req.path":"/_healthz","message":"request started","session":"x-liveness-probe","severity":"debug","timestamp":"2026-03-25T12:14:22.618034977Z"}
{"http.req.id":"a0da6bb8-431f-40cb-8839-e918a006a0eb","http.req.method":"GET","http.req.path":"/_healthz","http.resp.bytes":2,"http.resp.status":200,"http.resp.took_ms":0,"message":"request complete","session":"x-liveness-probe","severity":"debug","timestamp":"2026-03-25T12:14:22.618201632Z"}
{"http.req.id":"3fe2e75f-1ea6-4931-93f3-fda478a33d5e","http.req.method":"GET","http.req.path":"/product/LS4PSXUNUM","message":"request started","session":"df4ce93a-5d92-40a8-93c2-540bf11bbb4d","severity":"debug","timestamp":"2026-03-25T12:14:23.115838734Z"}
{"currency":"USD","http.req.id":"3fe2e75f-1ea6-4931-93f3-fda478a33d5e","http.req.method":"GET","http.req.path":"/product/LS4PSXUNUM","id":"LS4PSXUNUM","message":"serving product page","session":"df4ce93a-5d92-40a8-93c2-540bf11bbb4d","severity":"debug","timestamp":"2026-03-25T12:14:23.115953247Z"}
{"http.req.id":"3fe2e75f-1ea6-4931-93f3-fda478a33d5e","http.req.method":"GET","http.req.path":"/product/LS4PSXUNUM","http.resp.bytes":7885,"http.resp.status":200,"http.resp.took_ms":26,"message":"request complete","session":"df4ce93a-5d92-40a8-93c2-540bf11bbb4d","severity":"debug","timestamp":"2026-03-25T12:14:23.142737763Z"}
{"http.req.id":"2274f502-aca3-4793-9b6c-076260a26037","http.req.method":"GET","http.req.path":"/","message":"request started","session":"694745d8-a179-4c65-83d6-9ed873a7b94b","severity":"debug","timestamp":"2026-03-25T12:14:23.234278807Z"}
{"currency":"GBP","http.req.id":"2274f502-aca3-4793-9b6c-076260a26037","http.req.method":"GET","http.req.path":"/","message":"home","session":"694745d8-a179-4c65-83d6-9ed873a7b94b","severity":"info","timestamp":"2026-03-25T12:14:23.234423646Z"}
env platform is either empty or invalid
{"http.req.id":"2274f502-aca3-4793-9b6c-076260a26037","http.req.method":"GET","http.req.path":"/","message":"ENV_PLATFORM is: local","session":"694745d8-a179-4c65-83d6-9ed873a7b94b","severity":"debug","timestamp":"2026-03-25T12:14:23.305388082Z"}
{"http.req.id":"2274f502-aca3-4793-9b6c-076260a26037","http.req.method":"GET","http.req.path":"/","http.resp.bytes":10481,"http.resp.status":200,"http.resp.took_ms":74,"message":"request complete","session":"694745d8-a179-4c65-83d6-9ed873a7b94b","severity":"debug","timestamp":"2026-03-25T12:14:23.309136029Z"}
{"http.req.id":"b3267e72-1cce-4d0f-ac66-e5056dbd0508","http.req.method":"GET","http.req.path":"/product/2ZYFJ3GM2N","message":"request started","session":"a38c2610-1665-4c93-8051-4c451f5de325","severity":"debug","timestamp":"2026-03-25T12:14:25.701019679Z"}
{"currency":"USD","http.req.id":"b3267e72-1cce-4d0f-ac66-e5056dbd0508","http.req.method":"GET","http.req.path":"/product/2ZYFJ3GM2N","id":"2ZYFJ3GM2N","message":"serving product page","session":"a38c2610-1665-4c93-8051-4c451f5de325","severity":"debug","timestamp":"2026-03-25T12:14:25.701138252Z"}
{"http.req.id":"b3267e72-1cce-4d0f-ac66-e5056dbd0508","http.req.method":"GET","http.req.path":"/product/2ZYFJ3GM2N","http.resp.bytes":7898,"http.resp.status":200,"http.resp.took_ms":38,"message":"request complete","session":"a38c2610-1665-4c93-8051-4c451f5de325","severity":"debug","timestamp":"2026-03-25T12:14:25.739197378Z"}
{"http.req.id":"d3f63337-99ad-4a07-ab45-e36d7ce7606e","http.req.method":"GET","http.req.path":"/product/LS4PSXUNUM","message":"request started","session":"fcb2831f-0627-4791-ac1d-23821dc5b140","severity":"debug","timestamp":"2026-03-25T12:14:26.413030688Z"}
{"currency":"GBP","http.req.id":"d3f63337-99ad-4a07-ab45-e36d7ce7606e","http.req.method":"GET","http.req.path":"/product/LS4PSXUNUM","id":"LS4PSXUNUM","message":"serving product page","session":"fcb2831f-0627-4791-ac1d-23821dc5b140","severity":"debug","timestamp":"2026-03-25T12:14:26.413222981Z"}
{"http.req.id":"d3f63337-99ad-4a07-ab45-e36d7ce7606e","http.req.method":"GET","http.req.path":"/product/LS4PSXUNUM","http.resp.bytes":7967,"http.resp.status":200,"http.resp.took_ms":46,"message":"request complete","session":"fcb2831f-0627-4791-ac1d-23821dc5b140","severity":"debug","timestamp":"2026-03-25T12:14:26.459322226Z"}
{"http.req.id":"2d12192c-081f-4926-9302-40886732b7e0","http.req.method":"GET","http.req.path":"/_healthz","message":"request started","session":"x-readiness-probe","severity":"debug","timestamp":"2026-03-25T12:14:27.671607947Z"}
{"http.req.id":"2d12192c-081f-4926-9302-40886732b7e0","http.req.method":"GET","http.req.path":"/_healthz","http.resp.bytes":2,"http.resp.status":200,"http.resp.took_ms":0,"message":"request complete","session":"x-readiness-probe","severity":"debug","timestamp":"2026-03-25T12:14:27.671745173Z"}
{"http.req.id":"5075f5de-1288-4b27-b565-a95830c9bb02","http.req.method":"GET","http.req.path":"/product/1YMWWN1N4O","message":"request started","session":"2d3bf3d7-22b5-49c9-8227-12126292f393","severity":"debug","timestamp":"2026-03-25T12:14:28.35815242Z"}
{"currency":"CAD","http.req.id":"5075f5de-1288-4b27-b565-a95830c9bb02","http.req.method":"GET","http.req.path":"/product/1YMWWN1N4O","id":"1YMWWN1N4O","message":"serving product page","session":"2d3bf3d7-22b5-49c9-8227-12126292f393","severity":"debug","timestamp":"2026-03-25T12:14:28.358290853Z"}
{"http.req.id":"5075f5de-1288-4b27-b565-a95830c9bb02","http.req.method":"GET","http.req.path":"/product/1YMWWN1N4O","http.resp.bytes":7946,"http.resp.status":200,"http.resp.took_ms":227,"message":"request complete","session":"2d3bf3d7-22b5-49c9-8227-12126292f393","severity":"debug","timestamp":"2026-03-25T12:14:28.588056677Z"}
{"http.req.id":"3970ee9e-ef57-42d6-b4ec-34121da0554d","http.req.method":"GET","http.req.path":"/product/6E92ZMYYFZ","message":"request started","session":"827eab86-1aba-4a15-8740-5fee5900d10f","severity":"debug","timestamp":"2026-03-25T12:14:28.833435967Z"}
{"currency":"USD","http.req.id":"3970ee9e-ef57-42d6-b4ec-34121da0554d","http.req.method":"GET","http.req.path":"/product/6E92ZMYYFZ","id":"6E92ZMYYFZ","message":"serving product page","session":"827eab86-1aba-4a15-8740-5fee5900d10f","severity":"debug","timestamp":"2026-03-25T12:14:28.833618609Z"}
{"http.req.id":"3970ee9e-ef57-42d6-b4ec-34121da0554d","http.req.method":"GET","http.req.path":"/product/6E92ZMYYFZ","http.resp.bytes":7967,"http.resp.status":200,"http.resp.took_ms":46,"message":"request complete","session":"827eab86-1aba-4a15-8740-5fee5900d10f","severity":"debug","timestamp":"2026-03-25T12:14:28.879820935Z"}
{"http.req.id":"37b3e928-63f1-4bae-ba2f-18ec8621cda9","http.req.method":"GET","http.req.path":"/product/L9ECAV7KIM","message":"request started","session":"2d3bf3d7-22b5-49c9-8227-12126292f393","severity":"debug","timestamp":"2026-03-25T12:14:29.731714083Z"}
{"currency":"CAD","http.req.id":"37b3e928-63f1-4bae-ba2f-18ec8621cda9","http.req.method":"GET","http.req.path":"/product/L9ECAV7KIM","id":"L9ECAV7KIM","message":"serving product page","session":"2d3bf3d7-22b5-49c9-8227-12126292f393","severity":"debug","timestamp":"2026-03-25T12:14:29.733805585Z"}
{"http.req.id":"37b3e928-63f1-4bae-ba2f-18ec8621cda9","http.req.method":"GET","http.req.path":"/product/L9ECAV7KIM","http.resp.bytes":7895,"http.resp.status":200,"http.resp.took_ms":34,"message":"request complete","session":"2d3bf3d7-22b5-49c9-8227-12126292f393","severity":"debug","timestamp":"2026-03-25T12:14:29.765781323Z"}
{"http.req.id":"f5af2682-bc79-47fa-8a94-4416859078d0","http.req.method":"POST","http.req.path":"/cart","message":"request started","session":"2d3bf3d7-22b5-49c9-8227-12126292f393","severity":"debug","timestamp":"2026-03-25T12:14:29.769288324Z"}
{"http.req.id":"f5af2682-bc79-47fa-8a94-4416859078d0","http.req.method":"POST","http.req.path":"/cart","message":"adding to cart","product":"L9ECAV7KIM","quantity":8,"session":"2d3bf3d7-22b5-49c9-8227-12126292f393","severity":"debug","timestamp":"2026-03-25T12:14:29.793284179Z"}
{"http.req.id":"f5af2682-bc79-47fa-8a94-4416859078d0","http.req.method":"POST","http.req.path":"/cart","http.resp.bytes":0,"http.resp.status":302,"http.resp.took_ms":87,"message":"request complete","session":"2d3bf3d7-22b5-49c9-8227-12126292f393","severity":"debug","timestamp":"2026-03-25T12:14:29.856684076Z"}
{"http.req.id":"740ed754-8347-4adf-827a-e62c3335d671","http.req.method":"GET","http.req.path":"/cart","message":"request started","session":"2d3bf3d7-22b5-49c9-8227-12126292f393","severity":"debug","timestamp":"2026-03-25T12:14:29.859668629Z"}
{"http.req.id":"740ed754-8347-4adf-827a-e62c3335d671","http.req.method":"GET","http.req.path":"/cart","message":"view user cart","session":"2d3bf3d7-22b5-49c9-8227-12126292f393","severity":"debug","timestamp":"2026-03-25T12:14:29.859744522Z"}
{"http.req.id":"740ed754-8347-4adf-827a-e62c3335d671","http.req.method":"GET","http.req.path":"/cart","http.resp.bytes":16392,"http.resp.status":200,"http.resp.took_ms":105,"message":"request complete","session":"2d3bf3d7-22b5-49c9-8227-12126292f393","severity":"debug","timestamp":"2026-03-25T12:14:29.965418384Z"}
{"http.req.id":"62e746e7-471b-4828-a4e5-b35304fe33ab","http.req.method":"POST","http.req.path":"/cart/checkout","message":"request started","session":"2d3bf3d7-22b5-49c9-8227-12126292f393","severity":"debug","timestamp":"2026-03-25T12:14:29.970792738Z"}
{"http.req.id":"62e746e7-471b-4828-a4e5-b35304fe33ab","http.req.method":"POST","http.req.path":"/cart/checkout","message":"placing order","session":"2d3bf3d7-22b5-49c9-8227-12126292f393","severity":"debug","timestamp":"2026-03-25T12:14:29.970931329Z"}
{"http.req.id":"62e746e7-471b-4828-a4e5-b35304fe33ab","http.req.method":"POST","http.req.path":"/cart/checkout","message":"order placed","order":"2ccd318f-2844-11f1-a4a0-927ce8a683d8","session":"2d3bf3d7-22b5-49c9-8227-12126292f393","severity":"info","timestamp":"2026-03-25T12:14:30.001358503Z"}
{"http.req.id":"62e746e7-471b-4828-a4e5-b35304fe33ab","http.req.method":"POST","http.req.path":"/cart/checkout","http.resp.bytes":6753,"http.resp.status":200,"http.resp.took_ms":100,"message":"request complete","session":"2d3bf3d7-22b5-49c9-8227-12126292f393","severity":"debug","timestamp":"2026-03-25T12:14:30.071080549Z"}
{"http.req.id":"c2c2bee9-b651-40ca-b4b3-e169b24a21e4","http.req.method":"GET","http.req.path":"/product/LS4PSXUNUM","message":"request started","session":"ecb080bf-5333-403f-9547-c8725d499228","severity":"debug","timestamp":"2026-03-25T12:14:30.112534689Z"}
{"currency":"USD","http.req.id":"c2c2bee9-b651-40ca-b4b3-e169b24a21e4","http.req.method":"GET","http.req.path":"/product/LS4PSXUNUM","id":"LS4PSXUNUM","message":"serving product page","session":"ecb080bf-5333-403f-9547-c8725d499228","severity":"debug","timestamp":"2026-03-25T12:14:30.112670759Z"}
{"http.req.id":"c2c2bee9-b651-40ca-b4b3-e169b24a21e4","http.req.method":"GET","http.req.path":"/product/LS4PSXUNUM","http.resp.bytes":7953,"http.resp.status":200,"http.resp.took_ms":53,"message":"request complete","session":"ecb080bf-5333-403f-9547-c8725d499228","severity":"debug","timestamp":"2026-03-25T12:14:30.166228722Z"}
{"http.req.id":"b3ea7417-2019-40a6-8283-2dc4b1138f9a","http.req.method":"GET","http.req.path":"/cart","message":"request started","session":"df4ce93a-5d92-40a8-93c2-540bf11bbb4d","severity":"debug","timestamp":"2026-03-25T12:14:30.519141129Z"}
{"http.req.id":"b3ea7417-2019-40a6-8283-2dc4b1138f9a","http.req.method":"GET","http.req.path":"/cart","message":"view user cart","session":"df4ce93a-5d92-40a8-93c2-540bf11bbb4d","severity":"debug","timestamp":"2026-03-25T12:14:30.519238872Z"}
{"http.req.id":"b3ea7417-2019-40a6-8283-2dc4b1138f9a","http.req.method":"GET","http.req.path":"/cart","http.resp.bytes":6825,"http.resp.status":200,"http.resp.took_ms":40,"message":"request complete","session":"df4ce93a-5d92-40a8-93c2-540bf11bbb4d","severity":"debug","timestamp":"2026-03-25T12:14:30.559859445Z"}
{"http.req.id":"58dc8a5e-5ccf-4cc5-905d-0cb8a299f55e","http.req.method":"GET","http.req.path":"/product/2ZYFJ3GM2N","message":"request started","session":"514e00c6-206e-4c6e-873f-852b796455de","severity":"debug","timestamp":"2026-03-25T12:14:30.866434671Z"}
{"currency":"JPY","http.req.id":"58dc8a5e-5ccf-4cc5-905d-0cb8a299f55e","http.req.method":"GET","http.req.path":"/product/2ZYFJ3GM2N","id":"2ZYFJ3GM2N","message":"serving product page","session":"514e00c6-206e-4c6e-873f-852b796455de","severity":"debug","timestamp":"2026-03-25T12:14:30.866575866Z"}
{"http.req.id":"58dc8a5e-5ccf-4cc5-905d-0cb8a299f55e","http.req.method":"GET","http.req.path":"/product/2ZYFJ3GM2N","http.resp.bytes":8024,"http.resp.status":200,"http.resp.took_ms":42,"message":"request complete","session":"514e00c6-206e-4c6e-873f-852b796455de","severity":"debug","timestamp":"2026-03-25T12:14:30.909476155Z"}
{"http.req.id":"81d2b7f8-39bf-4c6b-9fe1-d2f3d6b84166","http.req.method":"POST","http.req.path":"/cart","message":"request started","session":"514e00c6-206e-4c6e-873f-852b796455de","severity":"debug","timestamp":"2026-03-25T12:14:30.914354523Z"}
{"http.req.id":"81d2b7f8-39bf-4c6b-9fe1-d2f3d6b84166","http.req.method":"POST","http.req.path":"/cart","message":"adding to cart","product":"2ZYFJ3GM2N","quantity":2,"session":"514e00c6-206e-4c6e-873f-852b796455de","severity":"debug","timestamp":"2026-03-25T12:14:30.914527283Z"}
{"http.req.id":"81d2b7f8-39bf-4c6b-9fe1-d2f3d6b84166","http.req.method":"POST","http.req.path":"/cart","http.resp.bytes":0,"http.resp.status":302,"http.resp.took_ms":42,"message":"request complete","session":"514e00c6-206e-4c6e-873f-852b796455de","severity":"debug","timestamp":"2026-03-25T12:14:30.956665747Z"}
{"http.req.id":"33ab2fbe-896a-4a7e-bca8-ded607bc692f","http.req.method":"GET","http.req.path":"/cart","message":"request started","session":"514e00c6-206e-4c6e-873f-852b796455de","severity":"debug","timestamp":"2026-03-25T12:14:30.958823896Z"}
{"http.req.id":"33ab2fbe-896a-4a7e-bca8-ded607bc692f","http.req.method":"GET","http.req.path":"/cart","message":"view user cart","session":"514e00c6-206e-4c6e-873f-852b796455de","severity":"debug","timestamp":"2026-03-25T12:14:30.958938988Z"}
{"http.req.id":"33ab2fbe-896a-4a7e-bca8-ded607bc692f","http.req.method":"GET","http.req.path":"/cart","http.resp.bytes":17846,"http.resp.status":200,"http.resp.took_ms":98,"message":"request complete","session":"514e00c6-206e-4c6e-873f-852b796455de","severity":"debug","timestamp":"2026-03-25T12:14:31.057353299Z"}
{"http.req.id":"5ee5d6e5-920b-45a1-a0cf-777bed27df1e","http.req.method":"POST","http.req.path":"/cart/checkout","message":"request started","session":"514e00c6-206e-4c6e-873f-852b796455de","severity":"debug","timestamp":"2026-03-25T12:14:31.061063546Z"}
{"http.req.id":"5ee5d6e5-920b-45a1-a0cf-777bed27df1e","http.req.method":"POST","http.req.path":"/cart/checkout","message":"placing order","session":"514e00c6-206e-4c6e-873f-852b796455de","severity":"debug","timestamp":"2026-03-25T12:14:31.061150024Z"}
{"http.req.id":"5ee5d6e5-920b-45a1-a0cf-777bed27df1e","http.req.method":"POST","http.req.path":"/cart/checkout","message":"order placed","order":"2d73704b-2844-11f1-a4a0-927ce8a683d8","session":"514e00c6-206e-4c6e-873f-852b796455de","severity":"info","timestamp":"2026-03-25T12:14:31.120250784Z"}
