{"http.req.id":"b2766f60-c388-4fcd-954a-46ef8a3c3c48","http.req.method":"GET","http.req.path":"/","message":"ENV_PLATFORM is: local","session":"eed418e8-7ab1-4992-b9a1-40aeb0d3dc43","severity":"debug","timestamp":"2026-03-06T06:21:41.632698658Z"}
{"http.req.id":"b2766f60-c388-4fcd-954a-46ef8a3c3c48","http.req.method":"GET","http.req.path":"/","http.resp.bytes":10518,"http.resp.status":200,"http.resp.took_ms":81,"message":"request complete","session":"eed418e8-7ab1-4992-b9a1-40aeb0d3dc43","severity":"debug","timestamp":"2026-03-06T06:21:41.634750724Z"}
{"http.req.id":"7a954f34-58b3-45fb-a023-ac31316977da","http.req.method":"GET","http.req.path":"/product/9SIQT8TOJO","message":"request started","session":"6e21104e-b0bf-4a85-b5c2-ac5af92fa69e","severity":"debug","timestamp":"2026-03-06T06:21:42.388123291Z"}
{"currency":"EUR","http.req.id":"7a954f34-58b3-45fb-a023-ac31316977da","http.req.method":"GET","http.req.path":"/product/9SIQT8TOJO","id":"9SIQT8TOJO","message":"serving product page","session":"6e21104e-b0bf-4a85-b5c2-ac5af92fa69e","severity":"debug","timestamp":"2026-03-06T06:21:42.388182209Z"}
{"http.req.id":"7a954f34-58b3-45fb-a023-ac31316977da","http.req.method":"GET","http.req.path":"/product/9SIQT8TOJO","http.resp.bytes":8014,"http.resp.status":200,"http.resp.took_ms":10,"message":"request complete","session":"6e21104e-b0bf-4a85-b5c2-ac5af92fa69e","severity":"debug","timestamp":"2026-03-06T06:21:42.398681479Z"}
{"http.req.id":"f8440363-a89d-4e9e-9e32-55369f7757c7","http.req.method":"POST","http.req.path":"/cart","message":"request started","session":"6e21104e-b0bf-4a85-b5c2-ac5af92fa69e","severity":"debug","timestamp":"2026-03-06T06:21:42.399311204Z"}
{"http.req.id":"f8440363-a89d-4e9e-9e32-55369f7757c7","http.req.method":"POST","http.req.path":"/cart","message":"adding to cart","product":"9SIQT8TOJO","quantity":5,"session":"6e21104e-b0bf-4a85-b5c2-ac5af92fa69e","severity":"debug","timestamp":"2026-03-06T06:21:42.399400776Z"}
{"http.req.id":"f8440363-a89d-4e9e-9e32-55369f7757c7","http.req.method":"POST","http.req.path":"/cart","http.resp.bytes":0,"http.resp.status":302,"http.resp.took_ms":2,"message":"request complete","session":"6e21104e-b0bf-4a85-b5c2-ac5af92fa69e","severity":"debug","timestamp":"2026-03-06T06:21:42.401462373Z"}
{"http.req.id":"12fc5a54-6301-4990-b1a0-df31cbe02985","http.req.method":"GET","http.req.path":"/cart","message":"request started","session":"6e21104e-b0bf-4a85-b5c2-ac5af92fa69e","severity":"debug","timestamp":"2026-03-06T06:21:42.402201919Z"}
{"http.req.id":"12fc5a54-6301-4990-b1a0-df31cbe02985","http.req.method":"GET","http.req.path":"/cart","message":"view user cart","session":"6e21104e-b0bf-4a85-b5c2-ac5af92fa69e","severity":"debug","timestamp":"2026-03-06T06:21:42.402245222Z"}
{"http.req.id":"12fc5a54-6301-4990-b1a0-df31cbe02985","http.req.method":"GET","http.req.path":"/cart","http.resp.bytes":16471,"http.resp.status":200,"http.resp.took_ms":11,"message":"request complete","session":"6e21104e-b0bf-4a85-b5c2-ac5af92fa69e","severity":"debug","timestamp":"2026-03-06T06:21:42.41331598Z"}
{"http.req.id":"e0f3faf2-e070-4e65-89a6-0af90b3516e0","http.req.method":"GET","http.req.path":"/product/2ZYFJ3GM2N","message":"request started","session":"ec0b6821-5225-4ee8-8ec0-1e3bbbdffabb","severity":"debug","timestamp":"2026-03-06T06:21:42.589809593Z"}
{"currency":"EUR","http.req.id":"e0f3faf2-e070-4e65-89a6-0af90b3516e0","http.req.method":"GET","http.req.path":"/product/2ZYFJ3GM2N","id":"2ZYFJ3GM2N","message":"serving product page","session":"ec0b6821-5225-4ee8-8ec0-1e3bbbdffabb","severity":"debug","timestamp":"2026-03-06T06:21:42.589901564Z"}
{"http.req.id":"e0f3faf2-e070-4e65-89a6-0af90b3516e0","http.req.method":"GET","http.req.path":"/product/2ZYFJ3GM2N","http.resp.bytes":7986,"http.resp.status":200,"http.resp.took_ms":12,"message":"request complete","session":"ec0b6821-5225-4ee8-8ec0-1e3bbbdffabb","severity":"debug","timestamp":"2026-03-06T06:21:42.60247262Z"}
{"http.req.id":"a85ca538-e255-43f9-ac99-de660748007a","http.req.method":"GET","http.req.path":"/product/6E92ZMYYFZ","message":"request started","session":"f9734e3a-0615-43dc-908b-1b8be30715f4","severity":"debug","timestamp":"2026-03-06T06:21:43.924666607Z"}
{"currency":"CAD","http.req.id":"a85ca538-e255-43f9-ac99-de660748007a","http.req.method":"GET","http.req.path":"/product/6E92ZMYYFZ","id":"6E92ZMYYFZ","message":"serving product page","session":"f9734e3a-0615-43dc-908b-1b8be30715f4","severity":"debug","timestamp":"2026-03-06T06:21:43.924734867Z"}
{"http.req.id":"a85ca538-e255-43f9-ac99-de660748007a","http.req.method":"GET","http.req.path":"/product/6E92ZMYYFZ","http.resp.bytes":7918,"http.resp.status":200,"http.resp.took_ms":12,"message":"request complete","session":"f9734e3a-0615-43dc-908b-1b8be30715f4","severity":"debug","timestamp":"2026-03-06T06:21:43.937651183Z"}
{"http.req.id":"0e0fd36f-28ae-4dfb-a69e-5efb1ba0cfaa","http.req.method":"POST","http.req.path":"/cart","message":"request started","session":"f9734e3a-0615-43dc-908b-1b8be30715f4","severity":"debug","timestamp":"2026-03-06T06:21:43.938659759Z"}
{"http.req.id":"0e0fd36f-28ae-4dfb-a69e-5efb1ba0cfaa","http.req.method":"POST","http.req.path":"/cart","message":"adding to cart","product":"6E92ZMYYFZ","quantity":3,"session":"f9734e3a-0615-43dc-908b-1b8be30715f4","severity":"debug","timestamp":"2026-03-06T06:21:43.938799837Z"}
{"http.req.id":"0e0fd36f-28ae-4dfb-a69e-5efb1ba0cfaa","http.req.method":"POST","http.req.path":"/cart","http.resp.bytes":0,"http.resp.status":302,"http.resp.took_ms":3,"message":"request complete","session":"f9734e3a-0615-43dc-908b-1b8be30715f4","severity":"debug","timestamp":"2026-03-06T06:21:43.94184931Z"}
{"http.req.id":"4e15dbfc-3070-4111-ad5c-25fdc194ee53","http.req.method":"GET","http.req.path":"/cart","message":"request started","session":"f9734e3a-0615-43dc-908b-1b8be30715f4","severity":"debug","timestamp":"2026-03-06T06:21:43.942884728Z"}
{"http.req.id":"4e15dbfc-3070-4111-ad5c-25fdc194ee53","http.req.method":"GET","http.req.path":"/cart","message":"view user cart","session":"f9734e3a-0615-43dc-908b-1b8be30715f4","severity":"debug","timestamp":"2026-03-06T06:21:43.942954514Z"}
{"http.req.id":"4e15dbfc-3070-4111-ad5c-25fdc194ee53","http.req.method":"GET","http.req.path":"/cart","http.resp.bytes":16440,"http.resp.status":200,"http.resp.took_ms":14,"message":"request complete","session":"f9734e3a-0615-43dc-908b-1b8be30715f4","severity":"debug","timestamp":"2026-03-06T06:21:43.957554624Z"}
{"http.req.id":"31d32362-9024-4cb4-a57b-c31e48551810","http.req.method":"GET","http.req.path":"/cart","message":"request started","session":"0994b18b-93e7-4775-a2c5-e29dc0e6d5bb","severity":"debug","timestamp":"2026-03-06T06:21:44.053944497Z"}
{"http.req.id":"31d32362-9024-4cb4-a57b-c31e48551810","http.req.method":"GET","http.req.path":"/cart","message":"view user cart","session":"0994b18b-93e7-4775-a2c5-e29dc0e6d5bb","severity":"debug","timestamp":"2026-03-06T06:21:44.054027714Z"}
{"http.req.id":"31d32362-9024-4cb4-a57b-c31e48551810","http.req.method":"GET","http.req.path":"/cart","http.resp.bytes":6917,"http.resp.status":200,"http.resp.took_ms":11,"message":"request complete","session":"0994b18b-93e7-4775-a2c5-e29dc0e6d5bb","severity":"debug","timestamp":"2026-03-06T06:21:44.065471362Z"}
{"http.req.id":"69b7bcd2-a7b7-461e-b71d-e45ba302c994","http.req.method":"GET","http.req.path":"/_healthz","message":"request started","session":"x-liveness-probe","severity":"debug","timestamp":"2026-03-06T06:21:44.267209297Z"}
{"http.req.id":"69b7bcd2-a7b7-461e-b71d-e45ba302c994","http.req.method":"GET","http.req.path":"/_healthz","http.resp.bytes":2,"http.resp.status":200,"http.resp.took_ms":0,"message":"request complete","session":"x-liveness-probe","severity":"debug","timestamp":"2026-03-06T06:21:44.267286936Z"}
{"http.req.id":"13b602d0-f42d-459b-946c-e841df749c58","http.req.method":"GET","http.req.path":"/","message":"request started","session":"b1a1fb98-93d6-41f8-9605-e0c8a82d1d3c","severity":"debug","timestamp":"2026-03-06T06:21:44.343026389Z"}
{"currency":"CAD","http.req.id":"13b602d0-f42d-459b-946c-e841df749c58","http.req.method":"GET","http.req.path":"/","message":"home","session":"b1a1fb98-93d6-41f8-9605-e0c8a82d1d3c","severity":"info","timestamp":"2026-03-06T06:21:44.343100366Z"}
env platform is either empty or invalid
{"http.req.id":"13b602d0-f42d-459b-946c-e841df749c58","http.req.method":"GET","http.req.path":"/","message":"ENV_PLATFORM is: local","session":"b1a1fb98-93d6-41f8-9605-e0c8a82d1d3c","severity":"debug","timestamp":"2026-03-06T06:21:44.359234099Z"}
{"http.req.id":"13b602d0-f42d-459b-946c-e841df749c58","http.req.method":"GET","http.req.path":"/","http.resp.bytes":10501,"http.resp.status":200,"http.resp.took_ms":18,"message":"request complete","session":"b1a1fb98-93d6-41f8-9605-e0c8a82d1d3c","severity":"debug","timestamp":"2026-03-06T06:21:44.361667456Z"}
{"http.req.id":"b1c4321c-9b79-4679-8baf-1f9a7d480584","http.req.method":"GET","http.req.path":"/product/1YMWWN1N4O","message":"request started","session":"89995d91-ad5c-4838-8317-c04497a5d805","severity":"debug","timestamp":"2026-03-06T06:21:44.582869361Z"}
{"currency":"GBP","http.req.id":"b1c4321c-9b79-4679-8baf-1f9a7d480584","http.req.method":"GET","http.req.path":"/product/1YMWWN1N4O","id":"1YMWWN1N4O","message":"serving product page","session":"89995d91-ad5c-4838-8317-c04497a5d805","severity":"debug","timestamp":"2026-03-06T06:21:44.582952118Z"}
{"http.req.id":"b1c4321c-9b79-4679-8baf-1f9a7d480584","http.req.method":"GET","http.req.path":"/product/1YMWWN1N4O","http.resp.bytes":8009,"http.resp.status":200,"http.resp.took_ms":11,"message":"request complete","session":"89995d91-ad5c-4838-8317-c04497a5d805","severity":"debug","timestamp":"2026-03-06T06:21:44.59424984Z"}
{"http.req.id":"b4e65061-bbcc-4b39-9c22-4111abeb7596","http.req.method":"GET","http.req.path":"/product/L9ECAV7KIM","message":"request started","session":"d7d3227d-0824-4f40-a472-c039f0192426","severity":"debug","timestamp":"2026-03-06T06:21:44.810733259Z"}
{"currency":"JPY","http.req.id":"b4e65061-bbcc-4b39-9c22-4111abeb7596","http.req.method":"GET","http.req.path":"/product/L9ECAV7KIM","id":"L9ECAV7KIM","message":"serving product page","session":"d7d3227d-0824-4f40-a472-c039f0192426","severity":"debug","timestamp":"2026-03-06T06:21:44.810802405Z"}
{"http.req.id":"b4e65061-bbcc-4b39-9c22-4111abeb7596","http.req.method":"GET","http.req.path":"/product/L9ECAV7KIM","http.resp.bytes":7915,"http.resp.status":200,"http.resp.took_ms":11,"message":"request complete","session":"d7d3227d-0824-4f40-a472-c039f0192426","severity":"debug","timestamp":"2026-03-06T06:21:44.822727699Z"}
{"http.req.id":"7ffe26cc-eff5-4dbb-b00a-4451ee468af9","http.req.method":"POST","http.req.path":"/setCurrency","message":"request started","session":"fa2d8e54-c567-4c66-b702-8bb183ef4a46","severity":"debug","timestamp":"2026-03-06T06:21:44.838797509Z"}
{"curr.new":"CAD","curr.old":"TRY","http.req.id":"7ffe26cc-eff5-4dbb-b00a-4451ee468af9","http.req.method":"POST","http.req.path":"/setCurrency","message":"setting currency","session":"fa2d8e54-c567-4c66-b702-8bb183ef4a46","severity":"debug","timestamp":"2026-03-06T06:21:44.838914817Z"}
{"http.req.id":"7ffe26cc-eff5-4dbb-b00a-4451ee468af9","http.req.method":"POST","http.req.path":"/setCurrency","http.resp.bytes":0,"http.resp.status":302,"http.resp.took_ms":0,"message":"request complete","session":"fa2d8e54-c567-4c66-b702-8bb183ef4a46","severity":"debug","timestamp":"2026-03-06T06:21:44.838945178Z"}
{"http.req.id":"84e2ad91-c89d-4438-981f-c3e8b77e7b2d","http.req.method":"GET","http.req.path":"/","message":"request started","session":"fa2d8e54-c567-4c66-b702-8bb183ef4a46","severity":"debug","timestamp":"2026-03-06T06:21:44.839758238Z"}
{"currency":"CAD","http.req.id":"84e2ad91-c89d-4438-981f-c3e8b77e7b2d","http.req.method":"GET","http.req.path":"/","message":"home","session":"fa2d8e54-c567-4c66-b702-8bb183ef4a46","severity":"info","timestamp":"2026-03-06T06:21:44.839808348Z"}
env platform is either empty or invalid
{"http.req.id":"84e2ad91-c89d-4438-981f-c3e8b77e7b2d","http.req.method":"GET","http.req.path":"/","message":"ENV_PLATFORM is: local","session":"fa2d8e54-c567-4c66-b702-8bb183ef4a46","severity":"debug","timestamp":"2026-03-06T06:21:44.855897004Z"}
{"http.req.id":"84e2ad91-c89d-4438-981f-c3e8b77e7b2d","http.req.method":"GET","http.req.path":"/","http.resp.bytes":10591,"http.resp.status":200,"http.resp.took_ms":18,"message":"request complete","session":"fa2d8e54-c567-4c66-b702-8bb183ef4a46","severity":"debug","timestamp":"2026-03-06T06:21:44.858007258Z"}
{"http.req.id":"00f5266d-8ac1-40fb-8e12-00bc73780b15","http.req.method":"GET","http.req.path":"/product/9SIQT8TOJO","message":"request started","session":"3e105862-e07a-48bd-9f67-033f05224f8f","severity":"debug","timestamp":"2026-03-06T06:21:46.290136298Z"}
{"currency":"TRY","http.req.id":"00f5266d-8ac1-40fb-8e12-00bc73780b15","http.req.method":"GET","http.req.path":"/product/9SIQT8TOJO","id":"9SIQT8TOJO","message":"serving product page","session":"3e105862-e07a-48bd-9f67-033f05224f8f","severity":"debug","timestamp":"2026-03-06T06:21:46.290210818Z"}
{"http.req.id":"00f5266d-8ac1-40fb-8e12-00bc73780b15","http.req.method":"GET","http.req.path":"/product/9SIQT8TOJO","http.resp.bytes":8096,"http.resp.status":200,"http.resp.took_ms":12,"message":"request complete","session":"3e105862-e07a-48bd-9f67-033f05224f8f","severity":"debug","timestamp":"2026-03-06T06:21:46.30280802Z"}
{"http.req.id":"0e725211-9210-4339-8448-1bf77c156e7c","http.req.method":"GET","http.req.path":"/_healthz","message":"request started","session":"x-readiness-probe","severity":"debug","timestamp":"2026-03-06T06:21:46.996992693Z"}
{"http.req.id":"0e725211-9210-4339-8448-1bf77c156e7c","http.req.method":"GET","http.req.path":"/_healthz","http.resp.bytes":2,"http.resp.status":200,"http.resp.took_ms":0,"message":"request complete","session":"x-readiness-probe","severity":"debug","timestamp":"2026-03-06T06:21:46.997131529Z"}
{"http.req.id":"386004eb-26ef-41c7-87fa-7fe1d9094b69","http.req.method":"GET","http.req.path":"/","message":"request started","session":"3e105862-e07a-48bd-9f67-033f05224f8f","severity":"debug","timestamp":"2026-03-06T06:21:47.313773184Z"}
{"currency":"TRY","http.req.id":"386004eb-26ef-41c7-87fa-7fe1d9094b69","http.req.method":"GET","http.req.path":"/","message":"home","session":"3e105862-e07a-48bd-9f67-033f05224f8f","severity":"info","timestamp":"2026-03-06T06:21:47.313874718Z"}
env platform is either empty or invalid
{"http.req.id":"386004eb-26ef-41c7-87fa-7fe1d9094b69","http.req.method":"GET","http.req.path":"/","message":"ENV_PLATFORM is: local","session":"3e105862-e07a-48bd-9f67-033f05224f8f","severity":"debug","timestamp":"2026-03-06T06:21:47.329867611Z"}
{"http.req.id":"386004eb-26ef-41c7-87fa-7fe1d9094b69","http.req.method":"GET","http.req.path":"/","http.resp.bytes":10616,"http.resp.status":200,"http.resp.took_ms":18,"message":"request complete","session":"3e105862-e07a-48bd-9f67-033f05224f8f","severity":"debug","timestamp":"2026-03-06T06:21:47.331852264Z"}
{"http.req.id":"5e18572f-1f7c-4285-86af-25ce591c3203","http.req.method":"GET","http.req.path":"/product/9SIQT8TOJO","message":"request started","session":"6e21104e-b0bf-4a85-b5c2-ac5af92fa69e","severity":"debug","timestamp":"2026-03-06T06:21:47.916055502Z"}
{"currency":"EUR","http.req.id":"5e18572f-1f7c-4285-86af-25ce591c3203","http.req.method":"GET","http.req.path":"/product/9SIQT8TOJO","id":"9SIQT8TOJO","message":"serving product page","session":"6e21104e-b0bf-4a85-b5c2-ac5af92fa69e","severity":"debug","timestamp":"2026-03-06T06:21:47.916138441Z"}
{"http.req.id":"5e18572f-1f7c-4285-86af-25ce591c3203","http.req.method":"GET","http.req.path":"/product/9SIQT8TOJO","http.resp.bytes":8071,"http.resp.status":200,"http.resp.took_ms":11,"message":"request complete","session":"6e21104e-b0bf-4a85-b5c2-ac5af92fa69e","severity":"debug","timestamp":"2026-03-06T06:21:47.927838089Z"}
{"http.req.id":"81f54fc3-d77c-42dc-86bc-6e4e90a490bf","http.req.method":"POST","http.req.path":"/setCurrency","message":"request started","session":"fa2d8e54-c567-4c66-b702-8bb183ef4a46","severity":"debug","timestamp":"2026-03-06T06:21:48.146012805Z"}
{"curr.new":"JPY","curr.old":"CAD","http.req.id":"81f54fc3-d77c-42dc-86bc-6e4e90a490bf","http.req.method":"POST","http.req.path":"/setCurrency","message":"setting currency","session":"fa2d8e54-c567-4c66-b702-8bb183ef4a46","severity":"debug","timestamp":"2026-03-06T06:21:48.14616693Z"}
{"http.req.id":"81f54fc3-d77c-42dc-86bc-6e4e90a490bf","http.req.method":"POST","http.req.path":"/setCurrency","http.resp.bytes":0,"http.resp.status":302,"http.resp.took_ms":0,"message":"request complete","session":"fa2d8e54-c567-4c66-b702-8bb183ef4a46","severity":"debug","timestamp":"2026-03-06T06:21:48.146261897Z"}
{"http.req.id":"4d38121c-d6e6-4395-b996-7403a4e4ea01","http.req.method":"GET","http.req.path":"/","message":"request started","session":"fa2d8e54-c567-4c66-b702-8bb183ef4a46","severity":"debug","timestamp":"2026-03-06T06:21:48.147307984Z"}
{"currency":"JPY","http.req.id":"4d38121c-d6e6-4395-b996-7403a4e4ea01","http.req.method":"GET","http.req.path":"/","message":"home","session":"fa2d8e54-c567-4c66-b702-8bb183ef4a46","severity":"info","timestamp":"2026-03-06T06:21:48.147358854Z"}
env platform is either empty or invalid
{"http.req.id":"4d38121c-d6e6-4395-b996-7403a4e4ea01","http.req.method":"GET","http.req.path":"/","message":"ENV_PLATFORM is: local","session":"fa2d8e54-c567-4c66-b702-8bb183ef4a46","severity":"debug","timestamp":"2026-03-06T06:21:48.158655266Z"}
{"http.req.id":"4d38121c-d6e6-4395-b996-7403a4e4ea01","http.req.method":"GET","http.req.path":"/","http.resp.bytes":10619,"http.resp.status":200,"http.resp.took_ms":13,"message":"request complete","session":"fa2d8e54-c567-4c66-b702-8bb183ef4a46","severity":"debug","timestamp":"2026-03-06T06:21:48.160531907Z"}
{"http.req.id":"4be7dd06-1c0c-460f-8315-85cad0342f85","http.req.method":"GET","http.req.path":"/product/L9ECAV7KIM","message":"request started","session":"f9734e3a-0615-43dc-908b-1b8be30715f4","severity":"debug","timestamp":"2026-03-06T06:21:48.395684512Z"}
{"currency":"CAD","http.req.id":"4be7dd06-1c0c-460f-8315-85cad0342f85","http.req.method":"GET","http.req.path":"/product/L9ECAV7KIM","id":"L9ECAV7KIM","message":"serving product page","session":"f9734e3a-0615-43dc-908b-1b8be30715f4","severity":"debug","timestamp":"2026-03-06T06:21:48.395969602Z"}
{"http.req.id":"4be7dd06-1c0c-460f-8315-85cad0342f85","http.req.method":"GET","http.req.path":"/product/L9ECAV7KIM","http.resp.bytes":8040,"http.resp.status":200,"http.resp.took_ms":23,"message":"request complete","session":"f9734e3a-0615-43dc-908b-1b8be30715f4","severity":"debug","timestamp":"2026-03-06T06:21:48.41908198Z"}
{"http.req.id":"c87ce0a8-9ab1-4a6f-91af-66cb4b487470","http.req.method":"GET","http.req.path":"/product/L9ECAV7KIM","message":"request started","session":"b1a1fb98-93d6-41f8-9605-e0c8a82d1d3c","severity":"debug","timestamp":"2026-03-06T06:21:49.850594991Z"}
{"currency":"CAD","http.req.id":"c87ce0a8-9ab1-4a6f-91af-66cb4b487470","http.req.method":"GET","http.req.path":"/product/L9ECAV7KIM","id":"L9ECAV7KIM","message":"serving product page","session":"b1a1fb98-93d6-41f8-9605-e0c8a82d1d3c","severity":"debug","timestamp":"2026-03-06T06:21:49.850686262Z"}
{"http.req.id":"c87ce0a8-9ab1-4a6f-91af-66cb4b487470","http.req.method":"GET","http.req.path":"/product/L9ECAV7KIM","http.resp.bytes":7913,"http.resp.status":200,"http.resp.took_ms":12,"message":"request complete","session":"b1a1fb98-93d6-41f8-9605-e0c8a82d1d3c","severity":"debug","timestamp":"2026-03-06T06:21:49.863185329Z"}
{"http.req.id":"d164d919-81f4-42be-9e74-436f87ef9d76","http.req.method":"POST","http.req.path":"/setCurrency","message":"request started","session":"eed418e8-7ab1-4992-b9a1-40aeb0d3dc43","severity":"debug","timestamp":"2026-03-06T06:21:50.763230523Z"}
{"curr.new":"GBP","curr.old":"EUR","http.req.id":"d164d919-81f4-42be-9e74-436f87ef9d76","http.req.method":"POST","http.req.path":"/setCurrency","message":"setting currency","session":"eed418e8-7ab1-4992-b9a1-40aeb0d3dc43","severity":"debug","timestamp":"2026-03-06T06:21:50.763337047Z"}
{"http.req.id":"d164d919-81f4-42be-9e74-436f87ef9d76","http.req.method":"POST","http.req.path":"/setCurrency","http.resp.bytes":0,"http.resp.status":302,"http.resp.took_ms":0,"message":"request complete","session":"eed418e8-7ab1-4992-b9a1-40aeb0d3dc43","severity":"debug","timestamp":"2026-03-06T06:21:50.763357885Z"}
{"http.req.id":"c00dd5c7-b897-4597-88f1-d3e1d44df854","http.req.method":"GET","http.req.path":"/","message":"request started","session":"eed418e8-7ab1-4992-b9a1-40aeb0d3dc43","severity":"debug","timestamp":"2026-03-06T06:21:50.764214734Z"}
{"currency":"GBP","http.req.id":"c00dd5c7-b897-4597-88f1-d3e1d44df854","http.req.method":"GET","http.req.path":"/","message":"home","session":"eed418e8-7ab1-4992-b9a1-40aeb0d3dc43","severity":"info","timestamp":"2026-03-06T06:21:50.764284923Z"}
env platform is either empty or invalid
{"http.req.id":"c00dd5c7-b897-4597-88f1-d3e1d44df854","http.req.method":"GET","http.req.path":"/","message":"ENV_PLATFORM is: local","session":"eed418e8-7ab1-4992-b9a1-40aeb0d3dc43","severity":"debug","timestamp":"2026-03-06T06:21:50.779781434Z"}
{"http.req.id":"c00dd5c7-b897-4597-88f1-d3e1d44df854","http.req.method":"GET","http.req.path":"/","http.resp.bytes":10508,"http.resp.status":200,"http.resp.took_ms":18,"message":"request complete","session":"eed418e8-7ab1-4992-b9a1-40aeb0d3dc43","severity":"debug","timestamp":"2026-03-06T06:21:50.78230869Z"}
{"http.req.id":"a7a0e738-8f18-4150-b8fa-e53c514eea24","http.req.method":"GET","http.req.path":"/product/2ZYFJ3GM2N","message":"request started","session":"ec0b6821-5225-4ee8-8ec0-1e3bbbdffabb","severity":"debug","timestamp":"2026-03-06T06:21:51.33883319Z"}
{"currency":"EUR","http.req.id":"a7a0e738-8f18-4150-b8fa-e53c514eea24","http.req.method":"GET","http.req.path":"/product/2ZYFJ3GM2N","id":"2ZYFJ3GM2N","message":"serving product page","session":"ec0b6821-5225-4ee8-8ec0-1e3bbbdffabb","severity":"debug","timestamp":"2026-03-06T06:21:51.338899251Z"}
{"http.req.id":"a7a0e738-8f18-4150-b8fa-e53c514eea24","http.req.method":"GET","http.req.path":"/product/2ZYFJ3GM2N","http.resp.bytes":7966,"http.resp.status":200,"http.resp.took_ms":16,"message":"request complete","session":"ec0b6821-5225-4ee8-8ec0-1e3bbbdffabb","severity":"debug","timestamp":"2026-03-06T06:21:51.355677549Z"}
{"http.req.id":"4e8a2a8f-22d8-4863-a718-f8eb65af4c74","http.req.method":"GET","http.req.path":"/cart","message":"request started","session":"b1a1fb98-93d6-41f8-9605-e0c8a82d1d3c","severity":"debug","timestamp":"2026-03-06T06:21:51.592676361Z"}
{"http.req.id":"4e8a2a8f-22d8-4863-a718-f8eb65af4c74","http.req.method":"GET","http.req.path":"/cart","message":"view user cart","session":"b1a1fb98-93d6-41f8-9605-e0c8a82d1d3c","severity":"debug","timestamp":"2026-03-06T06:21:51.592736188Z"}
{"http.req.id":"4e8a2a8f-22d8-4863-a718-f8eb65af4c74","http.req.method":"GET","http.req.path":"/cart","http.resp.bytes":6907,"http.resp.status":200,"http.resp.took_ms":10,"message":"request complete","session":"b1a1fb98-93d6-41f8-9605-e0c8a82d1d3c","severity":"debug","timestamp":"2026-03-06T06:21:51.603234016Z"}
{"http.req.id":"56fecb7b-6007-4103-863b-bccd44acd7cc","http.req.method":"GET","http.req.path":"/product/OLJCESPC7Z","message":"request started","session":"89995d91-ad5c-4838-8317-c04497a5d805","severity":"debug","timestamp":"2026-03-06T06:21:51.793450212Z"}
{"currency":"GBP","http.req.id":"56fecb7b-6007-4103-863b-bccd44acd7cc","http.req.method":"GET","http.req.path":"/product/OLJCESPC7Z","id":"OLJCESPC7Z","message":"serving product page","session":"89995d91-ad5c-4838-8317-c04497a5d805","severity":"debug","timestamp":"2026-03-06T06:21:51.793515663Z"}
{"http.req.id":"56fecb7b-6007-4103-863b-bccd44acd7cc","http.req.method":"GET","http.req.path":"/product/OLJCESPC7Z","http.resp.bytes":8001,"http.resp.status":200,"http.resp.took_ms":10,"message":"request complete","session":"89995d91-ad5c-4838-8317-c04497a5d805","severity":"debug","timestamp":"2026-03-06T06:21:51.804322961Z"}
{"http.req.id":"71555ea7-e6b5-4d6d-b5b1-de7e4fd6cf88","http.req.method":"GET","http.req.path":"/product/LS4PSXUNUM","message":"request started","session":"0994b18b-93e7-4775-a2c5-e29dc0e6d5bb","severity":"debug","timestamp":"2026-03-06T06:21:51.937691024Z"}
{"currency":"USD","http.req.id":"71555ea7-e6b5-4d6d-b5b1-de7e4fd6cf88","http.req.method":"GET","http.req.path":"/product/LS4PSXUNUM","id":"LS4PSXUNUM","message":"serving product page","session":"0994b18b-93e7-4775-a2c5-e29dc0e6d5bb","severity":"debug","timestamp":"2026-03-06T06:21:51.937771473Z"}
{"http.req.id":"71555ea7-e6b5-4d6d-b5b1-de7e4fd6cf88","http.req.method":"GET","http.req.path":"/product/LS4PSXUNUM","http.resp.bytes":7933,"http.resp.status":200,"http.resp.took_ms":17,"message":"request complete","session":"0994b18b-93e7-4775-a2c5-e29dc0e6d5bb","severity":"debug","timestamp":"2026-03-06T06:21:51.954882718Z"}
{"http.req.id":"4a237ee2-0dc0-4105-a5d7-d308c0b32662","http.req.method":"POST","http.req.path":"/cart","message":"request started","session":"0994b18b-93e7-4775-a2c5-e29dc0e6d5bb","severity":"debug","timestamp":"2026-03-06T06:21:51.95611191Z"}
{"http.req.id":"4a237ee2-0dc0-4105-a5d7-d308c0b32662","http.req.method":"POST","http.req.path":"/cart","message":"adding to cart","product":"LS4PSXUNUM","quantity":6,"session":"0994b18b-93e7-4775-a2c5-e29dc0e6d5bb","severity":"debug","timestamp":"2026-03-06T06:21:51.956286401Z"}
{"http.req.id":"4a237ee2-0dc0-4105-a5d7-d308c0b32662","http.req.method":"POST","http.req.path":"/cart","http.resp.bytes":0,"http.resp.status":302,"http.resp.took_ms":3,"message":"request complete","session":"0994b18b-93e7-4775-a2c5-e29dc0e6d5bb","severity":"debug","timestamp":"2026-03-06T06:21:51.959732364Z"}
{"http.req.id":"cf9646af-f00f-41ba-b735-1979b47caddc","http.req.method":"GET","http.req.path":"/cart","message":"request started","session":"0994b18b-93e7-4775-a2c5-e29dc0e6d5bb","severity":"debug","timestamp":"2026-03-06T06:21:51.96100045Z"}
{"http.req.id":"cf9646af-f00f-41ba-b735-1979b47caddc","http.req.method":"GET","http.req.path":"/cart","message":"view user cart","session":"0994b18b-93e7-4775-a2c5-e29dc0e6d5bb","severity":"debug","timestamp":"2026-03-06T06:21:51.961102795Z"}
{"http.req.id":"cf9646af-f00f-41ba-b735-1979b47caddc","http.req.method":"GET","http.req.path":"/cart","http.resp.bytes":16465,"http.resp.status":200,"http.resp.took_ms":17,"message":"request complete","session":"0994b18b-93e7-4775-a2c5-e29dc0e6d5bb","severity":"debug","timestamp":"2026-03-06T06:21:51.978232031Z"}
