Starting Redis Server
1:C 06 Mar 2026 06:21:22.468 * oO0OoO0OoO0Oo Redis is starting oO0OoO0OoO0Oo
1:C 06 Mar 2026 06:21:22.468 * Redis version=8.6.1, bits=64, commit=00000000, modified=1, pid=1, just started
1:C 06 Mar 2026 06:21:22.468 * Configuration loaded
1:M 06 Mar 2026 06:21:22.470 * monotonic clock: POSIX clock_gettime
1:M 06 Mar 2026 06:21:22.559 * Running mode=standalone, port=6379.
1:M 06 Mar 2026 06:21:22.656 * <bf> RedisBloom version 8.6.0 (Git=unknown)
1:M 06 Mar 2026 06:21:22.657 * <bf> Registering configuration options: [
1:M 06 Mar 2026 06:21:22.657 * <bf> 	{ bf-error-rate       :      0.01 }
1:M 06 Mar 2026 06:21:22.657 * <bf> 	{ bf-initial-size     :       100 }
1:M 06 Mar 2026 06:21:22.657 * <bf> 	{ bf-expansion-factor :         2 }
1:M 06 Mar 2026 06:21:22.657 * <bf> 	{ cf-bucket-size      :         2 }
1:M 06 Mar 2026 06:21:22.657 * <bf> 	{ cf-initial-size     :      1024 }
1:M 06 Mar 2026 06:21:22.657 * <bf> 	{ cf-max-iterations   :        20 }
1:M 06 Mar 2026 06:21:22.657 * <bf> 	{ cf-expansion-factor :         1 }
1:M 06 Mar 2026 06:21:22.657 * <bf> 	{ cf-max-expansions   :        32 }
1:M 06 Mar 2026 06:21:22.657 * <bf> ]
1:M 06 Mar 2026 06:21:22.660 * Module 'bf' loaded from /usr/local/lib/redis/modules//redisbloom.so
1:M 06 Mar 2026 06:21:22.859 * <search> Redis version found by RedisSearch : 8.6.1 - oss
1:M 06 Mar 2026 06:21:22.859 * <search> RediSearch version 8.6.0 (Git=7782b97)
1:M 06 Mar 2026 06:21:22.860 * <search> Low level api version 1 initialized successfully
1:M 06 Mar 2026 06:21:22.862 * <search> gc: ON, prefix min length: 2, min word length to stem: 4, prefix max expansions: 200, query timeout (ms): 500, timeout policy: return, oom policy: return, cursor read size: 1000, cursor max idle (ms): 300000, max doctable size: 1000000, max number of search results:  1000000, default scorer: BM25STD, 
1:M 06 Mar 2026 06:21:22.865 * <search> Initialized thread pools!
1:M 06 Mar 2026 06:21:22.865 * <search> Disabled workers threadpool of size 0
1:M 06 Mar 2026 06:21:22.868 * <search> Subscribe to config changes
1:M 06 Mar 2026 06:21:22.868 * <search> Subscribe to cluster slot migration events
1:M 06 Mar 2026 06:21:22.868 * <search> Enabled role change notification
1:M 06 Mar 2026 06:21:22.870 * <search> Cluster configuration: AUTO partitions, type: 0, coordinator timeout: 0ms
1:M 06 Mar 2026 06:21:22.954 * Module 'search' loaded from /usr/local/lib/redis/modules//redisearch.so
1:M 06 Mar 2026 06:21:22.959 * <timeseries> RedisTimeSeries version 80600, git_sha=05fd355db748676861dc4c17d19c8c1ca74c0154
1:M 06 Mar 2026 06:21:22.959 * <timeseries> Redis version found by RedisTimeSeries : 8.6.1 - oss
1:M 06 Mar 2026 06:21:22.959 * <timeseries> Registering configuration options: [
1:M 06 Mar 2026 06:21:22.959 * <timeseries> 	{ ts-compaction-policy   :              }
1:M 06 Mar 2026 06:21:22.959 * <timeseries> 	{ ts-num-threads         :            3 }
1:M 06 Mar 2026 06:21:22.959 * <timeseries> 	{ ts-retention-policy    :            0 }
1:M 06 Mar 2026 06:21:22.959 * <timeseries> 	{ ts-duplicate-policy    :        block }
1:M 06 Mar 2026 06:21:22.959 * <timeseries> 	{ ts-chunk-size-bytes    :         4096 }
1:M 06 Mar 2026 06:21:22.960 * <timeseries> 	{ ts-encoding            :   compressed }
1:M 06 Mar 2026 06:21:22.960 * <timeseries> 	{ ts-ignore-max-time-diff:            0 }
1:M 06 Mar 2026 06:21:22.960 * <timeseries> 	{ ts-ignore-max-val-diff :     0.000000 }
1:M 06 Mar 2026 06:21:22.960 * <timeseries> ]
1:M 06 Mar 2026 06:21:22.961 * <timeseries> Detected redis oss
1:M 06 Mar 2026 06:21:23.054 * <timeseries> Subscribe to ASM events
1:M 06 Mar 2026 06:21:23.054 * <timeseries> Enabled diskless replication
1:M 06 Mar 2026 06:21:23.054 * Module 'timeseries' loaded from /usr/local/lib/redis/modules//redistimeseries.so
1:M 06 Mar 2026 06:21:23.061 * <ReJSON> Created new data type 'ReJSON-RL'
1:M 06 Mar 2026 06:21:23.066 * <ReJSON> version: 80600 git sha: unknown branch: unknown
1:M 06 Mar 2026 06:21:23.066 * <ReJSON> Exported RedisJSON_V1 API
1:M 06 Mar 2026 06:21:23.066 * <ReJSON> Exported RedisJSON_V2 API
1:M 06 Mar 2026 06:21:23.066 * <ReJSON> Exported RedisJSON_V3 API
1:M 06 Mar 2026 06:21:23.066 * <ReJSON> Exported RedisJSON_V4 API
1:M 06 Mar 2026 06:21:23.066 * <ReJSON> Exported RedisJSON_V5 API
1:M 06 Mar 2026 06:21:23.066 * <ReJSON> Exported RedisJSON_V6 API
1:M 06 Mar 2026 06:21:23.066 * <ReJSON> Enabled diskless replication
1:M 06 Mar 2026 06:21:23.067 * <ReJSON> Initialized shared string cache, thread safe: true.
1:M 06 Mar 2026 06:21:23.067 * Module 'ReJSON' loaded from /usr/local/lib/redis/modules//rejson.so
1:M 06 Mar 2026 06:21:23.067 * <search> Acquired RedisJSON_V6 API
1:M 06 Mar 2026 06:21:23.134 * Server initialized
1:M 06 Mar 2026 06:21:23.135 * Ready to accept connections tcp
1:M 06 Mar 2026 06:21:23.153 # WARNING: Redis does not require authentication and is not protected by network restrictions. Redis will accept connections from any IP address on any network interface.
