{"http.req.id":"086d4b6d-81b4-4c92-9318-f626c1d49d4f","http.req.method":"POST","http.req.path":"/cart","message":"adding to cart","product":"66VCHSJNUP","quantity":10,"session":"694745d8-a179-4c65-83d6-9ed873a7b94b","severity":"debug","timestamp":"2026-03-25T11:54:50.074589885Z"}
{"http.req.id":"086d4b6d-81b4-4c92-9318-f626c1d49d4f","http.req.method":"POST","http.req.path":"/cart","http.resp.bytes":0,"http.resp.status":302,"http.resp.took_ms":5,"message":"request complete","session":"694745d8-a179-4c65-83d6-9ed873a7b94b","severity":"debug","timestamp":"2026-03-25T11:54:50.079923157Z"}
{"http.req.id":"76fc337d-26ea-4271-b6f3-999a9bef9447","http.req.method":"GET","http.req.path":"/cart","message":"request started","session":"694745d8-a179-4c65-83d6-9ed873a7b94b","severity":"debug","timestamp":"2026-03-25T11:54:50.082091114Z"}
{"http.req.id":"76fc337d-26ea-4271-b6f3-999a9bef9447","http.req.method":"GET","http.req.path":"/cart","message":"view user cart","session":"694745d8-a179-4c65-83d6-9ed873a7b94b","severity":"debug","timestamp":"2026-03-25T11:54:50.082187936Z"}
{"http.req.id":"76fc337d-26ea-4271-b6f3-999a9bef9447","http.req.method":"GET","http.req.path":"/cart","http.resp.bytes":17857,"http.resp.status":200,"http.resp.took_ms":205,"message":"request complete","session":"694745d8-a179-4c65-83d6-9ed873a7b94b","severity":"debug","timestamp":"2026-03-25T11:54:50.287680516Z"}
{"http.req.id":"e16955ae-afd7-491f-9c77-c441bf2d0f9c","http.req.method":"GET","http.req.path":"/cart","http.resp.bytes":23179,"http.resp.status":200,"http.resp.took_ms":675,"message":"request complete","session":"fcb2831f-0627-4791-ac1d-23821dc5b140","severity":"debug","timestamp":"2026-03-25T11:54:50.363885882Z"}
{"http.req.id":"85f91a34-89e5-476c-8462-8a327f39fbb3","http.req.method":"GET","http.req.path":"/_healthz","message":"request started","session":"x-readiness-probe","severity":"debug","timestamp":"2026-03-25T11:54:50.382564713Z"}
{"http.req.id":"85f91a34-89e5-476c-8462-8a327f39fbb3","http.req.method":"GET","http.req.path":"/_healthz","http.resp.bytes":2,"http.resp.status":200,"http.resp.took_ms":0,"message":"request complete","session":"x-readiness-probe","severity":"debug","timestamp":"2026-03-25T11:54:50.382702929Z"}
{"http.req.id":"9f0d28a7-c62c-40c8-a1b3-7284a9ff4e28","http.req.method":"GET","http.req.path":"/product/6E92ZMYYFZ","message":"request started","session":"32217267-98ca-4d66-9fc8-3f088b8def0f","severity":"debug","timestamp":"2026-03-25T11:54:51.163777544Z"}
{"currency":"EUR","http.req.id":"9f0d28a7-c62c-40c8-a1b3-7284a9ff4e28","http.req.method":"GET","http.req.path":"/product/6E92ZMYYFZ","id":"6E92ZMYYFZ","message":"serving product page","session":"32217267-98ca-4d66-9fc8-3f088b8def0f","severity":"debug","timestamp":"2026-03-25T11:54:51.163859131Z"}
{"http.req.id":"9f0d28a7-c62c-40c8-a1b3-7284a9ff4e28","http.req.method":"GET","http.req.path":"/product/6E92ZMYYFZ","http.resp.bytes":7961,"http.resp.status":200,"http.resp.took_ms":110,"message":"request complete","session":"32217267-98ca-4d66-9fc8-3f088b8def0f","severity":"debug","timestamp":"2026-03-25T11:54:51.274003189Z"}
{"http.req.id":"dc65b9f0-769b-4889-a5fa-14db51fe6312","http.req.method":"GET","http.req.path":"/product/0PUK6V6EV0","message":"request started","session":"513dd945-739c-4fe3-8e54-6e6927fbb733","severity":"debug","timestamp":"2026-03-25T11:54:51.544495104Z"}
{"currency":"CAD","http.req.id":"dc65b9f0-769b-4889-a5fa-14db51fe6312","http.req.method":"GET","http.req.path":"/product/0PUK6V6EV0","id":"0PUK6V6EV0","message":"serving product page","session":"513dd945-739c-4fe3-8e54-6e6927fbb733","severity":"debug","timestamp":"2026-03-25T11:54:51.544674356Z"}
{"http.req.id":"dc65b9f0-769b-4889-a5fa-14db51fe6312","http.req.method":"GET","http.req.path":"/product/0PUK6V6EV0","http.resp.bytes":8012,"http.resp.status":200,"http.resp.took_ms":39,"message":"request complete","session":"513dd945-739c-4fe3-8e54-6e6927fbb733","severity":"debug","timestamp":"2026-03-25T11:54:51.584302566Z"}
{"http.req.id":"5f40cb18-4c53-458a-a592-c614de8ec5cf","http.req.method":"GET","http.req.path":"/product/OLJCESPC7Z","message":"request started","session":"827eab86-1aba-4a15-8740-5fee5900d10f","severity":"debug","timestamp":"2026-03-25T11:54:51.697580225Z"}
{"currency":"GBP","http.req.id":"5f40cb18-4c53-458a-a592-c614de8ec5cf","http.req.method":"GET","http.req.path":"/product/OLJCESPC7Z","id":"OLJCESPC7Z","message":"serving product page","session":"827eab86-1aba-4a15-8740-5fee5900d10f","severity":"debug","timestamp":"2026-03-25T11:54:51.697738614Z"}
{"http.req.id":"5f40cb18-4c53-458a-a592-c614de8ec5cf","http.req.method":"GET","http.req.path":"/product/OLJCESPC7Z","http.resp.bytes":8014,"http.resp.status":200,"http.resp.took_ms":84,"message":"request complete","session":"827eab86-1aba-4a15-8740-5fee5900d10f","severity":"debug","timestamp":"2026-03-25T11:54:51.782155254Z"}
{"http.req.id":"103f5cbe-eab5-4aad-8c0c-d6348e62c76d","http.req.method":"GET","http.req.path":"/product/66VCHSJNUP","message":"request started","session":"ecb080bf-5333-403f-9547-c8725d499228","severity":"debug","timestamp":"2026-03-25T11:54:51.81936436Z"}
{"currency":"JPY","http.req.id":"103f5cbe-eab5-4aad-8c0c-d6348e62c76d","http.req.method":"GET","http.req.path":"/product/66VCHSJNUP","id":"66VCHSJNUP","message":"serving product page","session":"ecb080bf-5333-403f-9547-c8725d499228","severity":"debug","timestamp":"2026-03-25T11:54:51.819461323Z"}
{"http.req.id":"abfb6068-808f-4d0c-9f28-209da4ff7de4","http.req.method":"GET","http.req.path":"/cart","message":"request started","session":"514e00c6-206e-4c6e-873f-852b796455de","severity":"debug","timestamp":"2026-03-25T11:54:51.916445565Z"}
{"http.req.id":"abfb6068-808f-4d0c-9f28-209da4ff7de4","http.req.method":"GET","http.req.path":"/cart","message":"view user cart","session":"514e00c6-206e-4c6e-873f-852b796455de","severity":"debug","timestamp":"2026-03-25T11:54:51.916528594Z"}
{"http.req.id":"103f5cbe-eab5-4aad-8c0c-d6348e62c76d","http.req.method":"GET","http.req.path":"/product/66VCHSJNUP","http.resp.bytes":7902,"http.resp.status":200,"http.resp.took_ms":153,"message":"request complete","session":"ecb080bf-5333-403f-9547-c8725d499228","severity":"debug","timestamp":"2026-03-25T11:54:51.973108859Z"}
{"http.req.id":"abfb6068-808f-4d0c-9f28-209da4ff7de4","http.req.method":"GET","http.req.path":"/cart","http.resp.bytes":16417,"http.resp.status":200,"http.resp.took_ms":350,"message":"request complete","session":"514e00c6-206e-4c6e-873f-852b796455de","severity":"debug","timestamp":"2026-03-25T11:54:52.266711224Z"}
{"http.req.id":"23b94cc2-56b7-4980-8e8f-1bd91514e79c","http.req.method":"GET","http.req.path":"/product/6E92ZMYYFZ","message":"request started","session":"2d3bf3d7-22b5-49c9-8227-12126292f393","severity":"debug","timestamp":"2026-03-25T11:54:53.145891075Z"}
{"currency":"CAD","http.req.id":"23b94cc2-56b7-4980-8e8f-1bd91514e79c","http.req.method":"GET","http.req.path":"/product/6E92ZMYYFZ","id":"6E92ZMYYFZ","message":"serving product page","session":"2d3bf3d7-22b5-49c9-8227-12126292f393","severity":"debug","timestamp":"2026-03-25T11:54:53.145989316Z"}
{"http.req.id":"23b94cc2-56b7-4980-8e8f-1bd91514e79c","http.req.method":"GET","http.req.path":"/product/6E92ZMYYFZ","http.resp.bytes":7980,"http.resp.status":200,"http.resp.took_ms":128,"message":"request complete","session":"2d3bf3d7-22b5-49c9-8227-12126292f393","severity":"debug","timestamp":"2026-03-25T11:54:53.274742228Z"}
{"http.req.id":"9df5fabe-069d-45c0-b821-0e5b372e57ab","http.req.method":"POST","http.req.path":"/setCurrency","message":"request started","session":"694745d8-a179-4c65-83d6-9ed873a7b94b","severity":"debug","timestamp":"2026-03-25T11:54:53.568882892Z"}
{"curr.new":"EUR","curr.old":"TRY","http.req.id":"9df5fabe-069d-45c0-b821-0e5b372e57ab","http.req.method":"POST","http.req.path":"/setCurrency","message":"setting currency","session":"694745d8-a179-4c65-83d6-9ed873a7b94b","severity":"debug","timestamp":"2026-03-25T11:54:53.569162282Z"}
{"http.req.id":"9df5fabe-069d-45c0-b821-0e5b372e57ab","http.req.method":"POST","http.req.path":"/setCurrency","http.resp.bytes":0,"http.resp.status":302,"http.resp.took_ms":0,"message":"request complete","session":"694745d8-a179-4c65-83d6-9ed873a7b94b","severity":"debug","timestamp":"2026-03-25T11:54:53.5692754Z"}
{"http.req.id":"a12b5420-f5dd-40f9-991d-1dea171c5b15","http.req.method":"GET","http.req.path":"/","message":"request started","session":"694745d8-a179-4c65-83d6-9ed873a7b94b","severity":"debug","timestamp":"2026-03-25T11:54:53.571420099Z"}
{"currency":"EUR","http.req.id":"a12b5420-f5dd-40f9-991d-1dea171c5b15","http.req.method":"GET","http.req.path":"/","message":"home","session":"694745d8-a179-4c65-83d6-9ed873a7b94b","severity":"info","timestamp":"2026-03-25T11:54:53.571511907Z"}
{"http.req.id":"2c333cf3-8cca-483d-b985-2fc04a8ddfa6","http.req.method":"GET","http.req.path":"/product/1YMWWN1N4O","message":"request started","session":"513dd945-739c-4fe3-8e54-6e6927fbb733","severity":"debug","timestamp":"2026-03-25T11:54:53.604540451Z"}
{"currency":"CAD","http.req.id":"2c333cf3-8cca-483d-b985-2fc04a8ddfa6","http.req.method":"GET","http.req.path":"/product/1YMWWN1N4O","id":"1YMWWN1N4O","message":"serving product page","session":"513dd945-739c-4fe3-8e54-6e6927fbb733","severity":"debug","timestamp":"2026-03-25T11:54:53.604694549Z"}
env platform is either empty or invalid
{"http.req.id":"a12b5420-f5dd-40f9-991d-1dea171c5b15","http.req.method":"GET","http.req.path":"/","message":"ENV_PLATFORM is: local","session":"694745d8-a179-4c65-83d6-9ed873a7b94b","severity":"debug","timestamp":"2026-03-25T11:54:53.684751889Z"}
{"http.req.id":"a12b5420-f5dd-40f9-991d-1dea171c5b15","http.req.method":"GET","http.req.path":"/","http.resp.bytes":10492,"http.resp.status":200,"http.resp.took_ms":117,"message":"request complete","session":"694745d8-a179-4c65-83d6-9ed873a7b94b","severity":"debug","timestamp":"2026-03-25T11:54:53.689175308Z"}
{"http.req.id":"2c333cf3-8cca-483d-b985-2fc04a8ddfa6","http.req.method":"GET","http.req.path":"/product/1YMWWN1N4O","http.resp.bytes":8034,"http.resp.status":200,"http.resp.took_ms":270,"message":"request complete","session":"513dd945-739c-4fe3-8e54-6e6927fbb733","severity":"debug","timestamp":"2026-03-25T11:54:53.874723589Z"}
{"http.req.id":"b04e18ae-a969-41d7-b72e-a2b4f23b823c","http.req.method":"POST","http.req.path":"/cart","message":"request started","session":"513dd945-739c-4fe3-8e54-6e6927fbb733","severity":"debug","timestamp":"2026-03-25T11:54:53.876409476Z"}
{"http.req.id":"b04e18ae-a969-41d7-b72e-a2b4f23b823c","http.req.method":"POST","http.req.path":"/cart","message":"adding to cart","product":"1YMWWN1N4O","quantity":5,"session":"513dd945-739c-4fe3-8e54-6e6927fbb733","severity":"debug","timestamp":"2026-03-25T11:54:53.876591758Z"}
{"http.req.id":"b04e18ae-a969-41d7-b72e-a2b4f23b823c","http.req.method":"POST","http.req.path":"/cart","http.resp.bytes":0,"http.resp.status":302,"http.resp.took_ms":8,"message":"request complete","session":"513dd945-739c-4fe3-8e54-6e6927fbb733","severity":"debug","timestamp":"2026-03-25T11:54:53.885199108Z"}
{"http.req.id":"d1827ce0-f170-462c-91d1-840aef2c7d12","http.req.method":"GET","http.req.path":"/cart","message":"request started","session":"513dd945-739c-4fe3-8e54-6e6927fbb733","severity":"debug","timestamp":"2026-03-25T11:54:53.886927543Z"}
{"http.req.id":"d1827ce0-f170-462c-91d1-840aef2c7d12","http.req.method":"GET","http.req.path":"/cart","message":"view user cart","session":"513dd945-739c-4fe3-8e54-6e6927fbb733","severity":"debug","timestamp":"2026-03-25T11:54:53.887047669Z"}
{"http.req.id":"d1827ce0-f170-462c-91d1-840aef2c7d12","http.req.method":"GET","http.req.path":"/cart","http.resp.bytes":19261,"http.resp.status":200,"http.resp.took_ms":199,"message":"request complete","session":"513dd945-739c-4fe3-8e54-6e6927fbb733","severity":"debug","timestamp":"2026-03-25T11:54:54.08590512Z"}
{"http.req.id":"3529a404-630c-4b36-ba9e-06e540fcb222","http.req.method":"GET","http.req.path":"/product/66VCHSJNUP","message":"request started","session":"2d3bf3d7-22b5-49c9-8227-12126292f393","severity":"debug","timestamp":"2026-03-25T11:54:54.30745906Z"}
{"currency":"CAD","http.req.id":"3529a404-630c-4b36-ba9e-06e540fcb222","http.req.method":"GET","http.req.path":"/product/66VCHSJNUP","id":"66VCHSJNUP","message":"serving product page","session":"2d3bf3d7-22b5-49c9-8227-12126292f393","severity":"debug","timestamp":"2026-03-25T11:54:54.307596287Z"}
{"http.req.id":"3529a404-630c-4b36-ba9e-06e540fcb222","http.req.method":"GET","http.req.path":"/product/66VCHSJNUP","http.resp.bytes":7998,"http.resp.status":200,"http.resp.took_ms":165,"message":"request complete","session":"2d3bf3d7-22b5-49c9-8227-12126292f393","severity":"debug","timestamp":"2026-03-25T11:54:54.472795506Z"}
{"http.req.id":"1370f4a1-8de6-46e8-b268-0ced0f134441","http.req.method":"GET","http.req.path":"/product/OLJCESPC7Z","message":"request started","session":"827eab86-1aba-4a15-8740-5fee5900d10f","severity":"debug","timestamp":"2026-03-25T11:54:54.907025762Z"}
{"currency":"GBP","http.req.id":"1370f4a1-8de6-46e8-b268-0ced0f134441","http.req.method":"GET","http.req.path":"/product/OLJCESPC7Z","id":"OLJCESPC7Z","message":"serving product page","session":"827eab86-1aba-4a15-8740-5fee5900d10f","severity":"debug","timestamp":"2026-03-25T11:54:54.907143713Z"}
{"http.req.id":"1370f4a1-8de6-46e8-b268-0ced0f134441","http.req.method":"GET","http.req.path":"/product/OLJCESPC7Z","http.resp.bytes":8014,"http.resp.status":200,"http.resp.took_ms":163,"message":"request complete","session":"827eab86-1aba-4a15-8740-5fee5900d10f","severity":"debug","timestamp":"2026-03-25T11:54:55.070602846Z"}
{"http.req.id":"da8eb9c2-92cc-4bff-b2a8-f128e206274c","http.req.method":"GET","http.req.path":"/_healthz","message":"request started","session":"x-liveness-probe","severity":"debug","timestamp":"2026-03-25T11:54:56.186820409Z"}
{"http.req.id":"da8eb9c2-92cc-4bff-b2a8-f128e206274c","http.req.method":"GET","http.req.path":"/_healthz","http.resp.bytes":2,"http.resp.status":200,"http.resp.took_ms":0,"message":"request complete","session":"x-liveness-probe","severity":"debug","timestamp":"2026-03-25T11:54:56.186897586Z"}
{"http.req.id":"ab73fe59-e0f2-475a-b749-99e3578226d1","http.req.method":"GET","http.req.path":"/product/0PUK6V6EV0","message":"request started","session":"ecb080bf-5333-403f-9547-c8725d499228","severity":"debug","timestamp":"2026-03-25T11:54:56.593862075Z"}
{"currency":"JPY","http.req.id":"ab73fe59-e0f2-475a-b749-99e3578226d1","http.req.method":"GET","http.req.path":"/product/0PUK6V6EV0","id":"0PUK6V6EV0","message":"serving product page","session":"ecb080bf-5333-403f-9547-c8725d499228","severity":"debug","timestamp":"2026-03-25T11:54:56.593964095Z"}
{"http.req.id":"a81826d7-3cf9-42a5-94ef-bde4776f3ec0","http.req.method":"GET","http.req.path":"/cart","message":"request started","session":"a38c2610-1665-4c93-8051-4c451f5de325","severity":"debug","timestamp":"2026-03-25T11:54:56.743482751Z"}
{"http.req.id":"a81826d7-3cf9-42a5-94ef-bde4776f3ec0","http.req.method":"GET","http.req.path":"/cart","message":"view user cart","session":"a38c2610-1665-4c93-8051-4c451f5de325","severity":"debug","timestamp":"2026-03-25T11:54:56.743560957Z"}
{"http.req.id":"17dafd8f-8811-4bff-a79c-5f5cf97a0f22","http.req.method":"GET","http.req.path":"/cart","message":"request started","session":"df4ce93a-5d92-40a8-93c2-540bf11bbb4d","severity":"debug","timestamp":"2026-03-25T11:54:56.925879131Z"}
{"http.req.id":"17dafd8f-8811-4bff-a79c-5f5cf97a0f22","http.req.method":"GET","http.req.path":"/cart","message":"view user cart","session":"df4ce93a-5d92-40a8-93c2-540bf11bbb4d","severity":"debug","timestamp":"2026-03-25T11:54:56.925993733Z"}
{"http.req.id":"ab73fe59-e0f2-475a-b749-99e3578226d1","http.req.method":"GET","http.req.path":"/product/0PUK6V6EV0","http.resp.bytes":7930,"http.resp.status":200,"http.resp.took_ms":590,"message":"request complete","session":"ecb080bf-5333-403f-9547-c8725d499228","severity":"debug","timestamp":"2026-03-25T11:54:57.184486831Z"}
{"http.req.id":"348253bb-e90b-47eb-ba80-4b1f6e320a26","http.req.method":"POST","http.req.path":"/cart","message":"request started","session":"ecb080bf-5333-403f-9547-c8725d499228","severity":"debug","timestamp":"2026-03-25T11:54:57.187786179Z"}
{"http.req.id":"348253bb-e90b-47eb-ba80-4b1f6e320a26","http.req.method":"POST","http.req.path":"/cart","message":"adding to cart","product":"0PUK6V6EV0","quantity":8,"session":"ecb080bf-5333-403f-9547-c8725d499228","severity":"debug","timestamp":"2026-03-25T11:54:57.189181112Z"}
{"http.req.id":"348253bb-e90b-47eb-ba80-4b1f6e320a26","http.req.method":"POST","http.req.path":"/cart","http.resp.bytes":0,"http.resp.status":302,"http.resp.took_ms":9,"message":"request complete","session":"ecb080bf-5333-403f-9547-c8725d499228","severity":"debug","timestamp":"2026-03-25T11:54:57.197642044Z"}
{"http.req.id":"3fe721f2-b0ad-4481-a169-64eb71b58fab","http.req.method":"GET","http.req.path":"/cart","message":"request started","session":"ecb080bf-5333-403f-9547-c8725d499228","severity":"debug","timestamp":"2026-03-25T11:54:57.199123402Z"}
{"http.req.id":"3fe721f2-b0ad-4481-a169-64eb71b58fab","http.req.method":"GET","http.req.path":"/cart","message":"view user cart","session":"ecb080bf-5333-403f-9547-c8725d499228","severity":"debug","timestamp":"2026-03-25T11:54:57.199226732Z"}
{"http.req.id":"33fa4276-7ab0-4ffa-ae8f-94e830cf7429","http.req.method":"GET","http.req.path":"/product/2ZYFJ3GM2N","message":"request started","session":"514e00c6-206e-4c6e-873f-852b796455de","severity":"debug","timestamp":"2026-03-25T11:54:57.381326157Z"}
{"currency":"GBP","http.req.id":"33fa4276-7ab0-4ffa-ae8f-94e830cf7429","http.req.method":"GET","http.req.path":"/product/2ZYFJ3GM2N","id":"2ZYFJ3GM2N","message":"serving product page","session":"514e00c6-206e-4c6e-873f-852b796455de","severity":"debug","timestamp":"2026-03-25T11:54:57.381444321Z"}
{"http.req.id":"a81826d7-3cf9-42a5-94ef-bde4776f3ec0","http.req.method":"GET","http.req.path":"/cart","http.resp.bytes":16373,"http.resp.status":200,"http.resp.took_ms":837,"message":"request complete","session":"a38c2610-1665-4c93-8051-4c451f5de325","severity":"debug","timestamp":"2026-03-25T11:54:57.581042621Z"}
{"http.req.id":"17dafd8f-8811-4bff-a79c-5f5cf97a0f22","http.req.method":"GET","http.req.path":"/cart","http.resp.bytes":6845,"http.resp.status":200,"http.resp.took_ms":750,"message":"request complete","session":"df4ce93a-5d92-40a8-93c2-540bf11bbb4d","severity":"debug","timestamp":"2026-03-25T11:54:57.676651117Z"}
{"http.req.id":"33fa4276-7ab0-4ffa-ae8f-94e830cf7429","http.req.method":"GET","http.req.path":"/product/2ZYFJ3GM2N","http.resp.bytes":8005,"http.resp.status":200,"http.resp.took_ms":495,"message":"request complete","session":"514e00c6-206e-4c6e-873f-852b796455de","severity":"debug","timestamp":"2026-03-25T11:54:57.877210868Z"}
{"http.req.id":"3fe721f2-b0ad-4481-a169-64eb71b58fab","http.req.method":"GET","http.req.path":"/cart","http.resp.bytes":16416,"http.resp.status":200,"http.resp.took_ms":765,"message":"request complete","session":"ecb080bf-5333-403f-9547-c8725d499228","severity":"debug","timestamp":"2026-03-25T11:54:57.964253964Z"}
{"http.req.id":"da2d937d-ca95-4b83-8e23-f460c76ed056","http.req.method":"GET","http.req.path":"/product/9SIQT8TOJO","message":"request started","session":"827eab86-1aba-4a15-8740-5fee5900d10f","severity":"debug","timestamp":"2026-03-25T11:54:58.090136026Z"}
{"currency":"GBP","http.req.id":"da2d937d-ca95-4b83-8e23-f460c76ed056","http.req.method":"GET","http.req.path":"/product/9SIQT8TOJO","id":"9SIQT8TOJO","message":"serving product page","session":"827eab86-1aba-4a15-8740-5fee5900d10f","severity":"debug","timestamp":"2026-03-25T11:54:58.090254608Z"}
{"http.req.id":"da2d937d-ca95-4b83-8e23-f460c76ed056","http.req.method":"GET","http.req.path":"/product/9SIQT8TOJO","http.resp.bytes":8037,"http.resp.status":200,"http.resp.took_ms":86,"message":"request complete","session":"827eab86-1aba-4a15-8740-5fee5900d10f","severity":"debug","timestamp":"2026-03-25T11:54:58.177079904Z"}
{"http.req.id":"531f3ee4-60c8-44b5-b70f-c42a3224689a","http.req.method":"POST","http.req.path":"/setCurrency","message":"request started","session":"32217267-98ca-4d66-9fc8-3f088b8def0f","severity":"debug","timestamp":"2026-03-25T11:55:00.498999885Z"}
{"curr.new":"EUR","curr.old":"EUR","http.req.id":"531f3ee4-60c8-44b5-b70f-c42a3224689a","http.req.method":"POST","http.req.path":"/setCurrency","message":"setting currency","session":"32217267-98ca-4d66-9fc8-3f088b8def0f","severity":"debug","timestamp":"2026-03-25T11:55:00.499179352Z"}
{"http.req.id":"531f3ee4-60c8-44b5-b70f-c42a3224689a","http.req.method":"POST","http.req.path":"/setCurrency","http.resp.bytes":0,"http.resp.status":302,"http.resp.took_ms":0,"message":"request complete","session":"32217267-98ca-4d66-9fc8-3f088b8def0f","severity":"debug","timestamp":"2026-03-25T11:55:00.499226379Z"}
{"http.req.id":"2c746fac-2a83-4820-b88b-6749cb57c872","http.req.method":"GET","http.req.path":"/","message":"request started","session":"32217267-98ca-4d66-9fc8-3f088b8def0f","severity":"debug","timestamp":"2026-03-25T11:55:00.50077583Z"}
{"currency":"EUR","http.req.id":"2c746fac-2a83-4820-b88b-6749cb57c872","http.req.method":"GET","http.req.path":"/","message":"home","session":"32217267-98ca-4d66-9fc8-3f088b8def0f","severity":"info","timestamp":"2026-03-25T11:55:00.500919824Z"}
env platform is either empty or invalid
{"http.req.id":"2c746fac-2a83-4820-b88b-6749cb57c872","http.req.method":"GET","http.req.path":"/","message":"ENV_PLATFORM is: local","session":"32217267-98ca-4d66-9fc8-3f088b8def0f","severity":"debug","timestamp":"2026-03-25T11:55:00.525338233Z"}
{"http.req.id":"2c746fac-2a83-4820-b88b-6749cb57c872","http.req.method":"GET","http.req.path":"/","http.resp.bytes":10492,"http.resp.status":200,"http.resp.took_ms":28,"message":"request complete","session":"32217267-98ca-4d66-9fc8-3f088b8def0f","severity":"debug","timestamp":"2026-03-25T11:55:00.528890145Z"}
{"http.req.id":"1575df6a-c6da-4063-b1ae-1765bbd1a878","http.req.method":"GET","http.req.path":"/product/LS4PSXUNUM","message":"request started","session":"fcb2831f-0627-4791-ac1d-23821dc5b140","severity":"debug","timestamp":"2026-03-25T11:55:01.69427923Z"}
{"currency":"TRY","http.req.id":"1575df6a-c6da-4063-b1ae-1765bbd1a878","http.req.method":"GET","http.req.path":"/product/LS4PSXUNUM","id":"LS4PSXUNUM","message":"serving product page","session":"fcb2831f-0627-4791-ac1d-23821dc5b140","severity":"debug","timestamp":"2026-03-25T11:55:01.694383937Z"}
{"http.req.id":"71e7adc5-fff4-47a5-bc79-bc7bec7c6978","http.req.method":"GET","http.req.path":"/product/L9ECAV7KIM","message":"request started","session":"32217267-98ca-4d66-9fc8-3f088b8def0f","severity":"debug","timestamp":"2026-03-25T11:55:01.758211472Z"}
{"currency":"EUR","http.req.id":"71e7adc5-fff4-47a5-bc79-bc7bec7c6978","http.req.method":"GET","http.req.path":"/product/L9ECAV7KIM","id":"L9ECAV7KIM","message":"serving product page","session":"32217267-98ca-4d66-9fc8-3f088b8def0f","severity":"debug","timestamp":"2026-03-25T11:55:01.758315652Z"}
{"http.req.id":"1575df6a-c6da-4063-b1ae-1765bbd1a878","http.req.method":"GET","http.req.path":"/product/LS4PSXUNUM","http.resp.bytes":7982,"http.resp.status":200,"http.resp.took_ms":81,"message":"request complete","session":"fcb2831f-0627-4791-ac1d-23821dc5b140","severity":"debug","timestamp":"2026-03-25T11:55:01.775397831Z"}
{"http.req.id":"d3e380c5-81eb-496a-84cb-bec2b4c2bf9c","http.req.method":"GET","http.req.path":"/_healthz","message":"request started","session":"x-readiness-probe","severity":"debug","timestamp":"2026-03-25T11:55:01.983629212Z"}
{"http.req.id":"d3e380c5-81eb-496a-84cb-bec2b4c2bf9c","http.req.method":"GET","http.req.path":"/_healthz","http.resp.bytes":2,"http.resp.status":200,"http.resp.took_ms":0,"message":"request complete","session":"x-readiness-probe","severity":"debug","timestamp":"2026-03-25T11:55:01.983740434Z"}
{"http.req.id":"71e7adc5-fff4-47a5-bc79-bc7bec7c6978","http.req.method":"GET","http.req.path":"/product/L9ECAV7KIM","http.resp.bytes":7970,"http.resp.status":200,"http.resp.took_ms":331,"message":"request complete","session":"32217267-98ca-4d66-9fc8-3f088b8def0f","severity":"debug","timestamp":"2026-03-25T11:55:02.089633691Z"}
{"http.req.id":"5d36473c-1c8f-4086-bf1b-8b1e757ab48b","http.req.method":"POST","http.req.path":"/cart","message":"request started","session":"32217267-98ca-4d66-9fc8-3f088b8def0f","severity":"debug","timestamp":"2026-03-25T11:55:02.091179694Z"}
{"http.req.id":"5d36473c-1c8f-4086-bf1b-8b1e757ab48b","http.req.method":"POST","http.req.path":"/cart","message":"adding to cart","product":"L9ECAV7KIM","quantity":8,"session":"32217267-98ca-4d66-9fc8-3f088b8def0f","severity":"debug","timestamp":"2026-03-25T11:55:02.091347332Z"}
{"http.req.id":"5d36473c-1c8f-4086-bf1b-8b1e757ab48b","http.req.method":"POST","http.req.path":"/cart","http.resp.bytes":0,"http.resp.status":302,"http.resp.took_ms":4,"message":"request complete","session":"32217267-98ca-4d66-9fc8-3f088b8def0f","severity":"debug","timestamp":"2026-03-25T11:55:02.095558646Z"}
{"http.req.id":"ce19cf99-1b11-4f71-ada5-24773eaa9f77","http.req.method":"GET","http.req.path":"/cart","message":"request started","session":"32217267-98ca-4d66-9fc8-3f088b8def0f","severity":"debug","timestamp":"2026-03-25T11:55:02.097024639Z"}
{"http.req.id":"ce19cf99-1b11-4f71-ada5-24773eaa9f77","http.req.method":"GET","http.req.path":"/cart","message":"view user cart","session":"32217267-98ca-4d66-9fc8-3f088b8def0f","severity":"debug","timestamp":"2026-03-25T11:55:02.097137989Z"}
{"http.req.id":"71ff85b1-31b2-48b6-9ba7-dffc264d967f","http.req.method":"GET","http.req.path":"/product/66VCHSJNUP","message":"request started","session":"2d3bf3d7-22b5-49c9-8227-12126292f393","severity":"debug","timestamp":"2026-03-25T11:55:02.436141483Z"}
{"currency":"CAD","http.req.id":"71ff85b1-31b2-48b6-9ba7-dffc264d967f","http.req.method":"GET","http.req.path":"/product/66VCHSJNUP","id":"66VCHSJNUP","message":"serving product page","session":"2d3bf3d7-22b5-49c9-8227-12126292f393","severity":"debug","timestamp":"2026-03-25T11:55:02.43623389Z"}
{"http.req.id":"ce19cf99-1b11-4f71-ada5-24773eaa9f77","http.req.method":"GET","http.req.path":"/cart","http.resp.bytes":22122,"http.resp.status":200,"http.resp.took_ms":374,"message":"request complete","session":"32217267-98ca-4d66-9fc8-3f088b8def0f","severity":"debug","timestamp":"2026-03-25T11:55:02.471754564Z"}
{"http.req.id":"71ff85b1-31b2-48b6-9ba7-dffc264d967f","http.req.method":"GET","http.req.path":"/product/66VCHSJNUP","http.resp.bytes":7982,"http.resp.status":200,"http.resp.took_ms":140,"message":"request complete","session":"2d3bf3d7-22b5-49c9-8227-12126292f393","severity":"debug","timestamp":"2026-03-25T11:55:02.576864161Z"}
{"http.req.id":"8bbd21f4-0de5-4487-9502-43f4b8cf1043","http.req.method":"GET","http.req.path":"/product/9SIQT8TOJO","message":"request started","session":"513dd945-739c-4fe3-8e54-6e6927fbb733","severity":"debug","timestamp":"2026-03-25T11:55:02.624928089Z"}
{"currency":"CAD","http.req.id":"8bbd21f4-0de5-4487-9502-43f4b8cf1043","http.req.method":"GET","http.req.path":"/product/9SIQT8TOJO","id":"9SIQT8TOJO","message":"serving product page","session":"513dd945-739c-4fe3-8e54-6e6927fbb733","severity":"debug","timestamp":"2026-03-25T11:55:02.625006768Z"}
{"http.req.id":"8bbd21f4-0de5-4487-9502-43f4b8cf1043","http.req.method":"GET","http.req.path":"/product/9SIQT8TOJO","http.resp.bytes":8030,"http.resp.status":200,"http.resp.took_ms":66,"message":"request complete","session":"513dd945-739c-4fe3-8e54-6e6927fbb733","severity":"debug","timestamp":"2026-03-25T11:55:02.691514358Z"}
