{"http.req.id":"161d021d-56f6-40e4-b33f-be3b0c437cd3","http.req.method":"GET","http.req.path":"/product/LS4PSXUNUM","message":"request started","session":"513dd945-739c-4fe3-8e54-6e6927fbb733","severity":"debug","timestamp":"2026-03-25T12:05:26.977757899Z"}
{"currency":"USD","http.req.id":"161d021d-56f6-40e4-b33f-be3b0c437cd3","http.req.method":"GET","http.req.path":"/product/LS4PSXUNUM","id":"LS4PSXUNUM","message":"serving product page","session":"513dd945-739c-4fe3-8e54-6e6927fbb733","severity":"debug","timestamp":"2026-03-25T12:05:26.977856795Z"}
{"http.req.id":"161d021d-56f6-40e4-b33f-be3b0c437cd3","http.req.method":"GET","http.req.path":"/product/LS4PSXUNUM","http.resp.bytes":8009,"http.resp.status":200,"http.resp.took_ms":19,"message":"request complete","session":"513dd945-739c-4fe3-8e54-6e6927fbb733","severity":"debug","timestamp":"2026-03-25T12:05:26.997597204Z"}
{"http.req.id":"1a2d38f7-c07b-497b-8e92-0510e8595397","http.req.method":"POST","http.req.path":"/cart","message":"request started","session":"513dd945-739c-4fe3-8e54-6e6927fbb733","severity":"debug","timestamp":"2026-03-25T12:05:26.998595106Z"}
{"http.req.id":"1a2d38f7-c07b-497b-8e92-0510e8595397","http.req.method":"POST","http.req.path":"/cart","message":"adding to cart","product":"LS4PSXUNUM","quantity":8,"session":"513dd945-739c-4fe3-8e54-6e6927fbb733","severity":"debug","timestamp":"2026-03-25T12:05:26.998681449Z"}
{"http.req.id":"1a2d38f7-c07b-497b-8e92-0510e8595397","http.req.method":"POST","http.req.path":"/cart","http.resp.bytes":0,"http.resp.status":302,"http.resp.took_ms":5,"message":"request complete","session":"513dd945-739c-4fe3-8e54-6e6927fbb733","severity":"debug","timestamp":"2026-03-25T12:05:27.003947451Z"}
{"http.req.id":"727fb243-d1d5-43d6-8a86-e4c2f48771e4","http.req.method":"GET","http.req.path":"/cart","message":"request started","session":"513dd945-739c-4fe3-8e54-6e6927fbb733","severity":"debug","timestamp":"2026-03-25T12:05:27.005128722Z"}
{"http.req.id":"727fb243-d1d5-43d6-8a86-e4c2f48771e4","http.req.method":"GET","http.req.path":"/cart","message":"view user cart","session":"513dd945-739c-4fe3-8e54-6e6927fbb733","severity":"debug","timestamp":"2026-03-25T12:05:27.005211045Z"}
{"http.req.id":"98c904e0-83fa-48c8-95e1-7af2e1eecc6d","http.req.method":"GET","http.req.path":"/cart","message":"request started","session":"df4ce93a-5d92-40a8-93c2-540bf11bbb4d","severity":"debug","timestamp":"2026-03-25T12:05:27.06122653Z"}
{"http.req.id":"98c904e0-83fa-48c8-95e1-7af2e1eecc6d","http.req.method":"GET","http.req.path":"/cart","message":"view user cart","session":"df4ce93a-5d92-40a8-93c2-540bf11bbb4d","severity":"debug","timestamp":"2026-03-25T12:05:27.061307142Z"}
{"http.req.id":"727fb243-d1d5-43d6-8a86-e4c2f48771e4","http.req.method":"GET","http.req.path":"/cart","http.resp.bytes":22106,"http.resp.status":200,"http.resp.took_ms":72,"message":"request complete","session":"513dd945-739c-4fe3-8e54-6e6927fbb733","severity":"debug","timestamp":"2026-03-25T12:05:27.077893227Z"}
{"http.req.id":"98c904e0-83fa-48c8-95e1-7af2e1eecc6d","http.req.method":"GET","http.req.path":"/cart","http.resp.bytes":6819,"http.resp.status":200,"http.resp.took_ms":17,"message":"request complete","session":"df4ce93a-5d92-40a8-93c2-540bf11bbb4d","severity":"debug","timestamp":"2026-03-25T12:05:27.079132957Z"}
{"http.req.id":"5b595123-0490-4a54-9ed1-4a0a04fbddd4","http.req.method":"GET","http.req.path":"/product/9SIQT8TOJO","message":"request started","session":"a38c2610-1665-4c93-8051-4c451f5de325","severity":"debug","timestamp":"2026-03-25T12:05:27.278878582Z"}
{"currency":"TRY","http.req.id":"5b595123-0490-4a54-9ed1-4a0a04fbddd4","http.req.method":"GET","http.req.path":"/product/9SIQT8TOJO","id":"9SIQT8TOJO","message":"serving product page","session":"a38c2610-1665-4c93-8051-4c451f5de325","severity":"debug","timestamp":"2026-03-25T12:05:27.279122224Z"}
{"http.req.id":"5b595123-0490-4a54-9ed1-4a0a04fbddd4","http.req.method":"GET","http.req.path":"/product/9SIQT8TOJO","http.resp.bytes":8025,"http.resp.status":200,"http.resp.took_ms":20,"message":"request complete","session":"a38c2610-1665-4c93-8051-4c451f5de325","severity":"debug","timestamp":"2026-03-25T12:05:27.299374874Z"}
{"http.req.id":"1c98aa8d-46e6-449a-b0e3-b06dedd196dd","http.req.method":"POST","http.req.path":"/cart","message":"request started","session":"a38c2610-1665-4c93-8051-4c451f5de325","severity":"debug","timestamp":"2026-03-25T12:05:27.361280176Z"}
{"http.req.id":"1c98aa8d-46e6-449a-b0e3-b06dedd196dd","http.req.method":"POST","http.req.path":"/cart","message":"adding to cart","product":"9SIQT8TOJO","quantity":5,"session":"a38c2610-1665-4c93-8051-4c451f5de325","severity":"debug","timestamp":"2026-03-25T12:05:27.361552909Z"}
{"http.req.id":"1c98aa8d-46e6-449a-b0e3-b06dedd196dd","http.req.method":"POST","http.req.path":"/cart","http.resp.bytes":0,"http.resp.status":302,"http.resp.took_ms":6,"message":"request complete","session":"a38c2610-1665-4c93-8051-4c451f5de325","severity":"debug","timestamp":"2026-03-25T12:05:27.367545707Z"}
{"http.req.id":"c419c0f1-c167-4938-9a51-135b6e74abd2","http.req.method":"GET","http.req.path":"/cart","message":"request started","session":"a38c2610-1665-4c93-8051-4c451f5de325","severity":"debug","timestamp":"2026-03-25T12:05:27.369628381Z"}
{"http.req.id":"c419c0f1-c167-4938-9a51-135b6e74abd2","http.req.method":"GET","http.req.path":"/cart","message":"view user cart","session":"a38c2610-1665-4c93-8051-4c451f5de325","severity":"debug","timestamp":"2026-03-25T12:05:27.369755227Z"}
{"http.req.id":"c419c0f1-c167-4938-9a51-135b6e74abd2","http.req.method":"GET","http.req.path":"/cart","http.resp.bytes":20695,"http.resp.status":200,"http.resp.took_ms":97,"message":"request complete","session":"a38c2610-1665-4c93-8051-4c451f5de325","severity":"debug","timestamp":"2026-03-25T12:05:27.467170784Z"}
{"http.req.id":"778c448b-1184-4126-8f81-692a4d818452","http.req.method":"GET","http.req.path":"/cart","message":"request started","session":"2d3bf3d7-22b5-49c9-8227-12126292f393","severity":"debug","timestamp":"2026-03-25T12:05:27.875808882Z"}
{"http.req.id":"778c448b-1184-4126-8f81-692a4d818452","http.req.method":"GET","http.req.path":"/cart","message":"view user cart","session":"2d3bf3d7-22b5-49c9-8227-12126292f393","severity":"debug","timestamp":"2026-03-25T12:05:27.875965299Z"}
{"http.req.id":"778c448b-1184-4126-8f81-692a4d818452","http.req.method":"GET","http.req.path":"/cart","http.resp.bytes":6811,"http.resp.status":200,"http.resp.took_ms":17,"message":"request complete","session":"2d3bf3d7-22b5-49c9-8227-12126292f393","severity":"debug","timestamp":"2026-03-25T12:05:27.893249347Z"}
{"http.req.id":"cb28de27-a615-4ab0-a6ad-dd7ba9481241","http.req.method":"GET","http.req.path":"/cart","message":"request started","session":"df4ce93a-5d92-40a8-93c2-540bf11bbb4d","severity":"debug","timestamp":"2026-03-25T12:05:28.526844185Z"}
{"http.req.id":"cb28de27-a615-4ab0-a6ad-dd7ba9481241","http.req.method":"GET","http.req.path":"/cart","message":"view user cart","session":"df4ce93a-5d92-40a8-93c2-540bf11bbb4d","severity":"debug","timestamp":"2026-03-25T12:05:28.526970116Z"}
{"http.req.id":"cb28de27-a615-4ab0-a6ad-dd7ba9481241","http.req.method":"GET","http.req.path":"/cart","http.resp.bytes":6825,"http.resp.status":200,"http.resp.took_ms":19,"message":"request complete","session":"df4ce93a-5d92-40a8-93c2-540bf11bbb4d","severity":"debug","timestamp":"2026-03-25T12:05:28.546120996Z"}
{"http.req.id":"254ff4da-c288-42ce-81f7-4a6c76735cb3","http.req.method":"GET","http.req.path":"/product/9SIQT8TOJO","message":"request started","session":"fcb2831f-0627-4791-ac1d-23821dc5b140","severity":"debug","timestamp":"2026-03-25T12:05:29.073915915Z"}
{"currency":"GBP","http.req.id":"254ff4da-c288-42ce-81f7-4a6c76735cb3","http.req.method":"GET","http.req.path":"/product/9SIQT8TOJO","id":"9SIQT8TOJO","message":"serving product page","session":"fcb2831f-0627-4791-ac1d-23821dc5b140","severity":"debug","timestamp":"2026-03-25T12:05:29.074005127Z"}
{"http.req.id":"254ff4da-c288-42ce-81f7-4a6c76735cb3","http.req.method":"GET","http.req.path":"/product/9SIQT8TOJO","http.resp.bytes":8037,"http.resp.status":200,"http.resp.took_ms":26,"message":"request complete","session":"fcb2831f-0627-4791-ac1d-23821dc5b140","severity":"debug","timestamp":"2026-03-25T12:05:29.09998943Z"}
{"http.req.id":"99a11cf9-9aed-4678-a16e-beb65ab56887","http.req.method":"GET","http.req.path":"/","message":"request started","session":"827eab86-1aba-4a15-8740-5fee5900d10f","severity":"debug","timestamp":"2026-03-25T12:05:30.155710454Z"}
{"currency":"USD","http.req.id":"99a11cf9-9aed-4678-a16e-beb65ab56887","http.req.method":"GET","http.req.path":"/","message":"home","session":"827eab86-1aba-4a15-8740-5fee5900d10f","severity":"info","timestamp":"2026-03-25T12:05:30.155827716Z"}
env platform is either empty or invalid
{"http.req.id":"99a11cf9-9aed-4678-a16e-beb65ab56887","http.req.method":"GET","http.req.path":"/","message":"ENV_PLATFORM is: local","session":"827eab86-1aba-4a15-8740-5fee5900d10f","severity":"debug","timestamp":"2026-03-25T12:05:30.305644739Z"}
{"http.req.id":"99a11cf9-9aed-4678-a16e-beb65ab56887","http.req.method":"GET","http.req.path":"/","http.resp.bytes":10473,"http.resp.status":200,"http.resp.took_ms":154,"message":"request complete","session":"827eab86-1aba-4a15-8740-5fee5900d10f","severity":"debug","timestamp":"2026-03-25T12:05:30.309915648Z"}
{"http.req.id":"c9bdfeff-ac1b-4ee7-bfd6-850ce5525946","http.req.method":"GET","http.req.path":"/product/0PUK6V6EV0","message":"request started","session":"514e00c6-206e-4c6e-873f-852b796455de","severity":"debug","timestamp":"2026-03-25T12:05:30.755376638Z"}
{"currency":"EUR","http.req.id":"c9bdfeff-ac1b-4ee7-bfd6-850ce5525946","http.req.method":"GET","http.req.path":"/product/0PUK6V6EV0","id":"0PUK6V6EV0","message":"serving product page","session":"514e00c6-206e-4c6e-873f-852b796455de","severity":"debug","timestamp":"2026-03-25T12:05:30.755456337Z"}
{"http.req.id":"c9bdfeff-ac1b-4ee7-bfd6-850ce5525946","http.req.method":"GET","http.req.path":"/product/0PUK6V6EV0","http.resp.bytes":7892,"http.resp.status":200,"http.resp.took_ms":109,"message":"request complete","session":"514e00c6-206e-4c6e-873f-852b796455de","severity":"debug","timestamp":"2026-03-25T12:05:30.864736687Z"}
{"http.req.id":"ffbf0d02-ac31-4d9b-a34d-4c276c5684be","http.req.method":"POST","http.req.path":"/cart","message":"request started","session":"514e00c6-206e-4c6e-873f-852b796455de","severity":"debug","timestamp":"2026-03-25T12:05:30.866367606Z"}
{"http.req.id":"ffbf0d02-ac31-4d9b-a34d-4c276c5684be","http.req.method":"POST","http.req.path":"/cart","message":"adding to cart","product":"0PUK6V6EV0","quantity":7,"session":"514e00c6-206e-4c6e-873f-852b796455de","severity":"debug","timestamp":"2026-03-25T12:05:30.866577888Z"}
{"http.req.id":"ffbf0d02-ac31-4d9b-a34d-4c276c5684be","http.req.method":"POST","http.req.path":"/cart","http.resp.bytes":0,"http.resp.status":302,"http.resp.took_ms":99,"message":"request complete","session":"514e00c6-206e-4c6e-873f-852b796455de","severity":"debug","timestamp":"2026-03-25T12:05:30.966226274Z"}
{"http.req.id":"cd1d3930-634e-4c1d-9031-37e201abd892","http.req.method":"GET","http.req.path":"/cart","message":"request started","session":"514e00c6-206e-4c6e-873f-852b796455de","severity":"debug","timestamp":"2026-03-25T12:05:30.968192034Z"}
{"http.req.id":"cd1d3930-634e-4c1d-9031-37e201abd892","http.req.method":"GET","http.req.path":"/cart","message":"view user cart","session":"514e00c6-206e-4c6e-873f-852b796455de","severity":"debug","timestamp":"2026-03-25T12:05:30.968330112Z"}
{"http.req.id":"cd1d3930-634e-4c1d-9031-37e201abd892","http.req.method":"GET","http.req.path":"/cart","http.resp.bytes":16423,"http.resp.status":200,"http.resp.took_ms":25,"message":"request complete","session":"514e00c6-206e-4c6e-873f-852b796455de","severity":"debug","timestamp":"2026-03-25T12:05:30.993789085Z"}
{"http.req.id":"8f0fd95e-0804-453c-9e40-ecfc029d353f","http.req.method":"GET","http.req.path":"/cart","message":"request started","session":"694745d8-a179-4c65-83d6-9ed873a7b94b","severity":"debug","timestamp":"2026-03-25T12:05:31.51731184Z"}
{"http.req.id":"8f0fd95e-0804-453c-9e40-ecfc029d353f","http.req.method":"GET","http.req.path":"/cart","message":"view user cart","session":"694745d8-a179-4c65-83d6-9ed873a7b94b","severity":"debug","timestamp":"2026-03-25T12:05:31.517374862Z"}
{"http.req.id":"8f0fd95e-0804-453c-9e40-ecfc029d353f","http.req.method":"GET","http.req.path":"/cart","http.resp.bytes":16405,"http.resp.status":200,"http.resp.took_ms":21,"message":"request complete","session":"694745d8-a179-4c65-83d6-9ed873a7b94b","severity":"debug","timestamp":"2026-03-25T12:05:31.538322177Z"}
{"http.req.id":"515a2f68-5d80-4016-aa40-e3007a16be9a","http.req.method":"GET","http.req.path":"/product/L9ECAV7KIM","message":"request started","session":"ecb080bf-5333-403f-9547-c8725d499228","severity":"debug","timestamp":"2026-03-25T12:05:32.232483068Z"}
{"currency":"EUR","http.req.id":"515a2f68-5d80-4016-aa40-e3007a16be9a","http.req.method":"GET","http.req.path":"/product/L9ECAV7KIM","id":"L9ECAV7KIM","message":"serving product page","session":"ecb080bf-5333-403f-9547-c8725d499228","severity":"debug","timestamp":"2026-03-25T12:05:32.232555618Z"}
{"http.req.id":"515a2f68-5d80-4016-aa40-e3007a16be9a","http.req.method":"GET","http.req.path":"/product/L9ECAV7KIM","http.resp.bytes":7910,"http.resp.status":200,"http.resp.took_ms":19,"message":"request complete","session":"ecb080bf-5333-403f-9547-c8725d499228","severity":"debug","timestamp":"2026-03-25T12:05:32.251976207Z"}
{"http.req.id":"3939af6d-662e-489d-a93e-6feb9761f7e9","http.req.method":"POST","http.req.path":"/cart","message":"request started","session":"ecb080bf-5333-403f-9547-c8725d499228","severity":"debug","timestamp":"2026-03-25T12:05:32.253141709Z"}
{"http.req.id":"3939af6d-662e-489d-a93e-6feb9761f7e9","http.req.method":"POST","http.req.path":"/cart","message":"adding to cart","product":"L9ECAV7KIM","quantity":2,"session":"ecb080bf-5333-403f-9547-c8725d499228","severity":"debug","timestamp":"2026-03-25T12:05:32.253298345Z"}
{"http.req.id":"3939af6d-662e-489d-a93e-6feb9761f7e9","http.req.method":"POST","http.req.path":"/cart","http.resp.bytes":0,"http.resp.status":302,"http.resp.took_ms":3,"message":"request complete","session":"ecb080bf-5333-403f-9547-c8725d499228","severity":"debug","timestamp":"2026-03-25T12:05:32.256683773Z"}
{"http.req.id":"dbb36139-fd0f-499c-b13a-50af189e232f","http.req.method":"GET","http.req.path":"/cart","message":"request started","session":"ecb080bf-5333-403f-9547-c8725d499228","severity":"debug","timestamp":"2026-03-25T12:05:32.257816919Z"}
{"http.req.id":"dbb36139-fd0f-499c-b13a-50af189e232f","http.req.method":"GET","http.req.path":"/cart","message":"view user cart","session":"ecb080bf-5333-403f-9547-c8725d499228","severity":"debug","timestamp":"2026-03-25T12:05:32.257886427Z"}
{"http.req.id":"dbb36139-fd0f-499c-b13a-50af189e232f","http.req.method":"GET","http.req.path":"/cart","http.resp.bytes":16421,"http.resp.status":200,"http.resp.took_ms":17,"message":"request complete","session":"ecb080bf-5333-403f-9547-c8725d499228","severity":"debug","timestamp":"2026-03-25T12:05:32.275059315Z"}
{"http.req.id":"3b553636-e8a8-4765-991e-061f0b204a29","http.req.method":"POST","http.req.path":"/cart/checkout","message":"request started","session":"ecb080bf-5333-403f-9547-c8725d499228","severity":"debug","timestamp":"2026-03-25T12:05:32.277052158Z"}
{"http.req.id":"3b553636-e8a8-4765-991e-061f0b204a29","http.req.method":"POST","http.req.path":"/cart/checkout","message":"placing order","session":"ecb080bf-5333-403f-9547-c8725d499228","severity":"debug","timestamp":"2026-03-25T12:05:32.277107662Z"}
{"http.req.id":"3b553636-e8a8-4765-991e-061f0b204a29","http.req.method":"POST","http.req.path":"/cart/checkout","message":"order placed","order":"ec4f7d8d-2842-11f1-a4a0-927ce8a683d8","session":"ecb080bf-5333-403f-9547-c8725d499228","severity":"info","timestamp":"2026-03-25T12:05:32.292626974Z"}
{"http.req.id":"6647d58e-3cc0-4a63-9abb-dd13dbcaf61a","http.req.method":"GET","http.req.path":"/product/L9ECAV7KIM","message":"request started","session":"fcb2831f-0627-4791-ac1d-23821dc5b140","severity":"debug","timestamp":"2026-03-25T12:05:32.296415455Z"}
{"currency":"GBP","http.req.id":"6647d58e-3cc0-4a63-9abb-dd13dbcaf61a","http.req.method":"GET","http.req.path":"/product/L9ECAV7KIM","id":"L9ECAV7KIM","message":"serving product page","session":"fcb2831f-0627-4791-ac1d-23821dc5b140","severity":"debug","timestamp":"2026-03-25T12:05:32.296499855Z"}
{"http.req.id":"3b553636-e8a8-4765-991e-061f0b204a29","http.req.method":"POST","http.req.path":"/cart/checkout","http.resp.bytes":6749,"http.resp.status":200,"http.resp.took_ms":24,"message":"request complete","session":"ecb080bf-5333-403f-9547-c8725d499228","severity":"debug","timestamp":"2026-03-25T12:05:32.301784835Z"}
{"http.req.id":"a2738455-990c-4bdd-a83d-549de5467502","http.req.method":"GET","http.req.path":"/_healthz","message":"request started","session":"x-liveness-probe","severity":"debug","timestamp":"2026-03-25T12:05:32.387025272Z"}
{"http.req.id":"a2738455-990c-4bdd-a83d-549de5467502","http.req.method":"GET","http.req.path":"/_healthz","http.resp.bytes":2,"http.resp.status":200,"http.resp.took_ms":0,"message":"request complete","session":"x-liveness-probe","severity":"debug","timestamp":"2026-03-25T12:05:32.387159177Z"}
{"http.req.id":"6647d58e-3cc0-4a63-9abb-dd13dbcaf61a","http.req.method":"GET","http.req.path":"/product/L9ECAV7KIM","http.resp.bytes":7967,"http.resp.status":200,"http.resp.took_ms":164,"message":"request complete","session":"fcb2831f-0627-4791-ac1d-23821dc5b140","severity":"debug","timestamp":"2026-03-25T12:05:32.460767902Z"}
{"http.req.id":"1ad642b3-6d49-4d05-98c1-a43eea69d01a","http.req.method":"GET","http.req.path":"/","message":"request started","session":"32217267-98ca-4d66-9fc8-3f088b8def0f","severity":"debug","timestamp":"2026-03-25T12:05:32.879045836Z"}
{"currency":"GBP","http.req.id":"1ad642b3-6d49-4d05-98c1-a43eea69d01a","http.req.method":"GET","http.req.path":"/","message":"home","session":"32217267-98ca-4d66-9fc8-3f088b8def0f","severity":"info","timestamp":"2026-03-25T12:05:32.879202985Z"}
env platform is either empty or invalid
{"http.req.id":"1ad642b3-6d49-4d05-98c1-a43eea69d01a","http.req.method":"GET","http.req.path":"/","message":"ENV_PLATFORM is: local","session":"32217267-98ca-4d66-9fc8-3f088b8def0f","severity":"debug","timestamp":"2026-03-25T12:05:32.898885474Z"}
{"http.req.id":"1ad642b3-6d49-4d05-98c1-a43eea69d01a","http.req.method":"GET","http.req.path":"/","http.resp.bytes":10481,"http.resp.status":200,"http.resp.took_ms":23,"message":"request complete","session":"32217267-98ca-4d66-9fc8-3f088b8def0f","severity":"debug","timestamp":"2026-03-25T12:05:32.902934159Z"}
{"http.req.id":"3bdc3470-b784-40b9-83ec-f39eb214f60d","http.req.method":"POST","http.req.path":"/setCurrency","message":"request started","session":"513dd945-739c-4fe3-8e54-6e6927fbb733","severity":"debug","timestamp":"2026-03-25T12:05:33.033118484Z"}
{"curr.new":"USD","curr.old":"USD","http.req.id":"3bdc3470-b784-40b9-83ec-f39eb214f60d","http.req.method":"POST","http.req.path":"/setCurrency","message":"setting currency","session":"513dd945-739c-4fe3-8e54-6e6927fbb733","severity":"debug","timestamp":"2026-03-25T12:05:33.033314547Z"}
{"http.req.id":"3bdc3470-b784-40b9-83ec-f39eb214f60d","http.req.method":"POST","http.req.path":"/setCurrency","http.resp.bytes":0,"http.resp.status":302,"http.resp.took_ms":0,"message":"request complete","session":"513dd945-739c-4fe3-8e54-6e6927fbb733","severity":"debug","timestamp":"2026-03-25T12:05:33.033366279Z"}
{"http.req.id":"98461dba-5c78-4a67-a2d3-01934348a8b7","http.req.method":"GET","http.req.path":"/","message":"request started","session":"513dd945-739c-4fe3-8e54-6e6927fbb733","severity":"debug","timestamp":"2026-03-25T12:05:33.034774313Z"}
{"currency":"USD","http.req.id":"98461dba-5c78-4a67-a2d3-01934348a8b7","http.req.method":"GET","http.req.path":"/","message":"home","session":"513dd945-739c-4fe3-8e54-6e6927fbb733","severity":"info","timestamp":"2026-03-25T12:05:33.034888308Z"}
env platform is either empty or invalid
{"http.req.id":"98461dba-5c78-4a67-a2d3-01934348a8b7","http.req.method":"GET","http.req.path":"/","message":"ENV_PLATFORM is: local","session":"513dd945-739c-4fe3-8e54-6e6927fbb733","severity":"debug","timestamp":"2026-03-25T12:05:33.071814333Z"}
{"http.req.id":"98461dba-5c78-4a67-a2d3-01934348a8b7","http.req.method":"GET","http.req.path":"/","http.resp.bytes":10473,"http.resp.status":200,"http.resp.took_ms":40,"message":"request complete","session":"513dd945-739c-4fe3-8e54-6e6927fbb733","severity":"debug","timestamp":"2026-03-25T12:05:33.075429082Z"}
{"http.req.id":"68a95f76-b785-4c6c-980c-f6bb99dfcb3f","http.req.method":"GET","http.req.path":"/product/66VCHSJNUP","message":"request started","session":"fcb2831f-0627-4791-ac1d-23821dc5b140","severity":"debug","timestamp":"2026-03-25T12:05:33.654219751Z"}
{"currency":"GBP","http.req.id":"68a95f76-b785-4c6c-980c-f6bb99dfcb3f","http.req.method":"GET","http.req.path":"/product/66VCHSJNUP","id":"66VCHSJNUP","message":"serving product page","session":"fcb2831f-0627-4791-ac1d-23821dc5b140","severity":"debug","timestamp":"2026-03-25T12:05:33.65430009Z"}
{"http.req.id":"68a95f76-b785-4c6c-980c-f6bb99dfcb3f","http.req.method":"GET","http.req.path":"/product/66VCHSJNUP","http.resp.bytes":7965,"http.resp.status":200,"http.resp.took_ms":13,"message":"request complete","session":"fcb2831f-0627-4791-ac1d-23821dc5b140","severity":"debug","timestamp":"2026-03-25T12:05:33.667507599Z"}
{"http.req.id":"90333afa-1eda-4524-b137-833ca9c949fc","http.req.method":"GET","http.req.path":"/product/OLJCESPC7Z","message":"request started","session":"514e00c6-206e-4c6e-873f-852b796455de","severity":"debug","timestamp":"2026-03-25T12:05:33.734990231Z"}
{"currency":"EUR","http.req.id":"90333afa-1eda-4524-b137-833ca9c949fc","http.req.method":"GET","http.req.path":"/product/OLJCESPC7Z","id":"OLJCESPC7Z","message":"serving product page","session":"514e00c6-206e-4c6e-873f-852b796455de","severity":"debug","timestamp":"2026-03-25T12:05:33.735079506Z"}
{"http.req.id":"90333afa-1eda-4524-b137-833ca9c949fc","http.req.method":"GET","http.req.path":"/product/OLJCESPC7Z","http.resp.bytes":8052,"http.resp.status":200,"http.resp.took_ms":14,"message":"request complete","session":"514e00c6-206e-4c6e-873f-852b796455de","severity":"debug","timestamp":"2026-03-25T12:05:33.749720825Z"}
{"http.req.id":"2d757885-06ca-42a4-8ee3-86328c8fa2c3","http.req.method":"GET","http.req.path":"/product/LS4PSXUNUM","message":"request started","session":"df4ce93a-5d92-40a8-93c2-540bf11bbb4d","severity":"debug","timestamp":"2026-03-25T12:05:34.136949376Z"}
{"currency":"USD","http.req.id":"2d757885-06ca-42a4-8ee3-86328c8fa2c3","http.req.method":"GET","http.req.path":"/product/LS4PSXUNUM","id":"LS4PSXUNUM","message":"serving product page","session":"df4ce93a-5d92-40a8-93c2-540bf11bbb4d","severity":"debug","timestamp":"2026-03-25T12:05:34.137031077Z"}
{"http.req.id":"2d757885-06ca-42a4-8ee3-86328c8fa2c3","http.req.method":"GET","http.req.path":"/product/LS4PSXUNUM","http.resp.bytes":7881,"http.resp.status":200,"http.resp.took_ms":14,"message":"request complete","session":"df4ce93a-5d92-40a8-93c2-540bf11bbb4d","severity":"debug","timestamp":"2026-03-25T12:05:34.151085072Z"}
{"http.req.id":"f3fce682-89ef-463c-93f9-f687a1139d2f","http.req.method":"GET","http.req.path":"/product/9SIQT8TOJO","message":"request started","session":"513dd945-739c-4fe3-8e54-6e6927fbb733","severity":"debug","timestamp":"2026-03-25T12:05:34.894718315Z"}
{"currency":"USD","http.req.id":"f3fce682-89ef-463c-93f9-f687a1139d2f","http.req.method":"GET","http.req.path":"/product/9SIQT8TOJO","id":"9SIQT8TOJO","message":"serving product page","session":"513dd945-739c-4fe3-8e54-6e6927fbb733","severity":"debug","timestamp":"2026-03-25T12:05:34.894794594Z"}
{"http.req.id":"f3fce682-89ef-463c-93f9-f687a1139d2f","http.req.method":"GET","http.req.path":"/product/9SIQT8TOJO","http.resp.bytes":7996,"http.resp.status":200,"http.resp.took_ms":14,"message":"request complete","session":"513dd945-739c-4fe3-8e54-6e6927fbb733","severity":"debug","timestamp":"2026-03-25T12:05:34.908929519Z"}
{"http.req.id":"8bcfbe29-1d65-4262-9c84-184b71bcb3b7","http.req.method":"GET","http.req.path":"/_healthz","message":"request started","session":"x-readiness-probe","severity":"debug","timestamp":"2026-03-25T12:05:35.619855929Z"}
{"http.req.id":"8bcfbe29-1d65-4262-9c84-184b71bcb3b7","http.req.method":"GET","http.req.path":"/_healthz","http.resp.bytes":2,"http.resp.status":200,"http.resp.took_ms":0,"message":"request complete","session":"x-readiness-probe","severity":"debug","timestamp":"2026-03-25T12:05:35.619949112Z"}
{"http.req.id":"92bf2476-0229-4bac-9711-ff31363a7644","http.req.method":"GET","http.req.path":"/product/OLJCESPC7Z","message":"request started","session":"2d3bf3d7-22b5-49c9-8227-12126292f393","severity":"debug","timestamp":"2026-03-25T12:05:35.699693051Z"}
{"currency":"TRY","http.req.id":"92bf2476-0229-4bac-9711-ff31363a7644","http.req.method":"GET","http.req.path":"/product/OLJCESPC7Z","id":"OLJCESPC7Z","message":"serving product page","session":"2d3bf3d7-22b5-49c9-8227-12126292f393","severity":"debug","timestamp":"2026-03-25T12:05:35.699809935Z"}
{"http.req.id":"92bf2476-0229-4bac-9711-ff31363a7644","http.req.method":"GET","http.req.path":"/product/OLJCESPC7Z","http.resp.bytes":7958,"http.resp.status":200,"http.resp.took_ms":14,"message":"request complete","session":"2d3bf3d7-22b5-49c9-8227-12126292f393","severity":"debug","timestamp":"2026-03-25T12:05:35.71418908Z"}
{"http.req.id":"20999a04-a2d1-4ce3-8977-6aaa9fad6dbd","http.req.method":"POST","http.req.path":"/cart","message":"request started","session":"2d3bf3d7-22b5-49c9-8227-12126292f393","severity":"debug","timestamp":"2026-03-25T12:05:35.715269423Z"}
{"http.req.id":"20999a04-a2d1-4ce3-8977-6aaa9fad6dbd","http.req.method":"POST","http.req.path":"/cart","message":"adding to cart","product":"OLJCESPC7Z","quantity":7,"session":"2d3bf3d7-22b5-49c9-8227-12126292f393","severity":"debug","timestamp":"2026-03-25T12:05:35.715442677Z"}
{"http.req.id":"20999a04-a2d1-4ce3-8977-6aaa9fad6dbd","http.req.method":"POST","http.req.path":"/cart","http.resp.bytes":0,"http.resp.status":302,"http.resp.took_ms":5,"message":"request complete","session":"2d3bf3d7-22b5-49c9-8227-12126292f393","severity":"debug","timestamp":"2026-03-25T12:05:35.72107146Z"}
{"http.req.id":"41a79f7b-9781-4fba-80f6-a3dfaef4e6bb","http.req.method":"GET","http.req.path":"/cart","message":"request started","session":"2d3bf3d7-22b5-49c9-8227-12126292f393","severity":"debug","timestamp":"2026-03-25T12:05:35.722332668Z"}
{"http.req.id":"41a79f7b-9781-4fba-80f6-a3dfaef4e6bb","http.req.method":"GET","http.req.path":"/cart","message":"view user cart","session":"2d3bf3d7-22b5-49c9-8227-12126292f393","severity":"debug","timestamp":"2026-03-25T12:05:35.722432496Z"}
