{"http.req.id":"5d36473c-1c8f-4086-bf1b-8b1e757ab48b","http.req.method":"POST","http.req.path":"/cart","http.resp.bytes":0,"http.resp.status":302,"http.resp.took_ms":4,"message":"request complete","session":"32217267-98ca-4d66-9fc8-3f088b8def0f","severity":"debug","timestamp":"2026-03-25T11:55:02.095558646Z"}
{"http.req.id":"ce19cf99-1b11-4f71-ada5-24773eaa9f77","http.req.method":"GET","http.req.path":"/cart","message":"request started","session":"32217267-98ca-4d66-9fc8-3f088b8def0f","severity":"debug","timestamp":"2026-03-25T11:55:02.097024639Z"}
{"http.req.id":"ce19cf99-1b11-4f71-ada5-24773eaa9f77","http.req.method":"GET","http.req.path":"/cart","message":"view user cart","session":"32217267-98ca-4d66-9fc8-3f088b8def0f","severity":"debug","timestamp":"2026-03-25T11:55:02.097137989Z"}
{"http.req.id":"71ff85b1-31b2-48b6-9ba7-dffc264d967f","http.req.method":"GET","http.req.path":"/product/66VCHSJNUP","message":"request started","session":"2d3bf3d7-22b5-49c9-8227-12126292f393","severity":"debug","timestamp":"2026-03-25T11:55:02.436141483Z"}
{"currency":"CAD","http.req.id":"71ff85b1-31b2-48b6-9ba7-dffc264d967f","http.req.method":"GET","http.req.path":"/product/66VCHSJNUP","id":"66VCHSJNUP","message":"serving product page","session":"2d3bf3d7-22b5-49c9-8227-12126292f393","severity":"debug","timestamp":"2026-03-25T11:55:02.43623389Z"}
{"http.req.id":"ce19cf99-1b11-4f71-ada5-24773eaa9f77","http.req.method":"GET","http.req.path":"/cart","http.resp.bytes":22122,"http.resp.status":200,"http.resp.took_ms":374,"message":"request complete","session":"32217267-98ca-4d66-9fc8-3f088b8def0f","severity":"debug","timestamp":"2026-03-25T11:55:02.471754564Z"}
{"http.req.id":"71ff85b1-31b2-48b6-9ba7-dffc264d967f","http.req.method":"GET","http.req.path":"/product/66VCHSJNUP","http.resp.bytes":7982,"http.resp.status":200,"http.resp.took_ms":140,"message":"request complete","session":"2d3bf3d7-22b5-49c9-8227-12126292f393","severity":"debug","timestamp":"2026-03-25T11:55:02.576864161Z"}
{"http.req.id":"8bbd21f4-0de5-4487-9502-43f4b8cf1043","http.req.method":"GET","http.req.path":"/product/9SIQT8TOJO","message":"request started","session":"513dd945-739c-4fe3-8e54-6e6927fbb733","severity":"debug","timestamp":"2026-03-25T11:55:02.624928089Z"}
{"currency":"CAD","http.req.id":"8bbd21f4-0de5-4487-9502-43f4b8cf1043","http.req.method":"GET","http.req.path":"/product/9SIQT8TOJO","id":"9SIQT8TOJO","message":"serving product page","session":"513dd945-739c-4fe3-8e54-6e6927fbb733","severity":"debug","timestamp":"2026-03-25T11:55:02.625006768Z"}
{"http.req.id":"8bbd21f4-0de5-4487-9502-43f4b8cf1043","http.req.method":"GET","http.req.path":"/product/9SIQT8TOJO","http.resp.bytes":8030,"http.resp.status":200,"http.resp.took_ms":66,"message":"request complete","session":"513dd945-739c-4fe3-8e54-6e6927fbb733","severity":"debug","timestamp":"2026-03-25T11:55:02.691514358Z"}
{"http.req.id":"095daa71-86a8-4a02-9979-7360b3880f79","http.req.method":"GET","http.req.path":"/product/1YMWWN1N4O","message":"request started","session":"ecb080bf-5333-403f-9547-c8725d499228","severity":"debug","timestamp":"2026-03-25T11:55:03.040070395Z"}
{"currency":"JPY","http.req.id":"095daa71-86a8-4a02-9979-7360b3880f79","http.req.method":"GET","http.req.path":"/product/1YMWWN1N4O","id":"1YMWWN1N4O","message":"serving product page","session":"ecb080bf-5333-403f-9547-c8725d499228","severity":"debug","timestamp":"2026-03-25T11:55:03.040296262Z"}
{"http.req.id":"095daa71-86a8-4a02-9979-7360b3880f79","http.req.method":"GET","http.req.path":"/product/1YMWWN1N4O","http.resp.bytes":8005,"http.resp.status":200,"http.resp.took_ms":37,"message":"request complete","session":"ecb080bf-5333-403f-9547-c8725d499228","severity":"debug","timestamp":"2026-03-25T11:55:03.077461591Z"}
{"http.req.id":"46869159-94f7-4327-8348-3a8b1caf2a81","http.req.method":"POST","http.req.path":"/cart","message":"request started","session":"ecb080bf-5333-403f-9547-c8725d499228","severity":"debug","timestamp":"2026-03-25T11:55:03.078749044Z"}
{"http.req.id":"46869159-94f7-4327-8348-3a8b1caf2a81","http.req.method":"POST","http.req.path":"/cart","message":"adding to cart","product":"1YMWWN1N4O","quantity":6,"session":"ecb080bf-5333-403f-9547-c8725d499228","severity":"debug","timestamp":"2026-03-25T11:55:03.078861174Z"}
{"http.req.id":"46869159-94f7-4327-8348-3a8b1caf2a81","http.req.method":"POST","http.req.path":"/cart","http.resp.bytes":0,"http.resp.status":302,"http.resp.took_ms":5,"message":"request complete","session":"ecb080bf-5333-403f-9547-c8725d499228","severity":"debug","timestamp":"2026-03-25T11:55:03.08433745Z"}
{"http.req.id":"7268b467-6ec8-465e-8f14-b9fb839c3cb1","http.req.method":"GET","http.req.path":"/cart","message":"request started","session":"ecb080bf-5333-403f-9547-c8725d499228","severity":"debug","timestamp":"2026-03-25T11:55:03.085861997Z"}
{"http.req.id":"7268b467-6ec8-465e-8f14-b9fb839c3cb1","http.req.method":"GET","http.req.path":"/cart","message":"view user cart","session":"ecb080bf-5333-403f-9547-c8725d499228","severity":"debug","timestamp":"2026-03-25T11:55:03.085989218Z"}
{"http.req.id":"7268b467-6ec8-465e-8f14-b9fb839c3cb1","http.req.method":"GET","http.req.path":"/cart","http.resp.bytes":17827,"http.resp.status":200,"http.resp.took_ms":221,"message":"request complete","session":"ecb080bf-5333-403f-9547-c8725d499228","severity":"debug","timestamp":"2026-03-25T11:55:03.307428422Z"}
{"http.req.id":"8530c593-e637-4a0d-aa33-7dc1a02e461e","http.req.method":"GET","http.req.path":"/product/1YMWWN1N4O","message":"request started","session":"694745d8-a179-4c65-83d6-9ed873a7b94b","severity":"debug","timestamp":"2026-03-25T11:55:05.279064294Z"}
{"currency":"EUR","http.req.id":"8530c593-e637-4a0d-aa33-7dc1a02e461e","http.req.method":"GET","http.req.path":"/product/1YMWWN1N4O","id":"1YMWWN1N4O","message":"serving product page","session":"694745d8-a179-4c65-83d6-9ed873a7b94b","severity":"debug","timestamp":"2026-03-25T11:55:05.27920694Z"}
{"http.req.id":"8530c593-e637-4a0d-aa33-7dc1a02e461e","http.req.method":"GET","http.req.path":"/product/1YMWWN1N4O","http.resp.bytes":8021,"http.resp.status":200,"http.resp.took_ms":100,"message":"request complete","session":"694745d8-a179-4c65-83d6-9ed873a7b94b","severity":"debug","timestamp":"2026-03-25T11:55:05.379184457Z"}
{"http.req.id":"50d82cdd-2b69-4a16-85df-f06f765b6e6c","http.req.method":"GET","http.req.path":"/product/0PUK6V6EV0","message":"request started","session":"514e00c6-206e-4c6e-873f-852b796455de","severity":"debug","timestamp":"2026-03-25T11:55:05.969434846Z"}
{"currency":"GBP","http.req.id":"50d82cdd-2b69-4a16-85df-f06f765b6e6c","http.req.method":"GET","http.req.path":"/product/0PUK6V6EV0","id":"0PUK6V6EV0","message":"serving product page","session":"514e00c6-206e-4c6e-873f-852b796455de","severity":"debug","timestamp":"2026-03-25T11:55:05.969564967Z"}
{"http.req.id":"50d82cdd-2b69-4a16-85df-f06f765b6e6c","http.req.method":"GET","http.req.path":"/product/0PUK6V6EV0","http.resp.bytes":8019,"http.resp.status":200,"http.resp.took_ms":214,"message":"request complete","session":"514e00c6-206e-4c6e-873f-852b796455de","severity":"debug","timestamp":"2026-03-25T11:55:06.183480652Z"}
{"http.req.id":"e9c7a200-0468-4f12-8180-c71143911e09","http.req.method":"GET","http.req.path":"/","message":"request started","session":"df4ce93a-5d92-40a8-93c2-540bf11bbb4d","severity":"debug","timestamp":"2026-03-25T11:55:06.419769184Z"}
{"currency":"USD","http.req.id":"e9c7a200-0468-4f12-8180-c71143911e09","http.req.method":"GET","http.req.path":"/","message":"home","session":"df4ce93a-5d92-40a8-93c2-540bf11bbb4d","severity":"info","timestamp":"2026-03-25T11:55:06.419936125Z"}
env platform is either empty or invalid
{"http.req.id":"e9c7a200-0468-4f12-8180-c71143911e09","http.req.method":"GET","http.req.path":"/","message":"ENV_PLATFORM is: local","session":"df4ce93a-5d92-40a8-93c2-540bf11bbb4d","severity":"debug","timestamp":"2026-03-25T11:55:06.502544817Z"}
{"http.req.id":"e9c7a200-0468-4f12-8180-c71143911e09","http.req.method":"GET","http.req.path":"/","http.resp.bytes":10383,"http.resp.status":200,"http.resp.took_ms":87,"message":"request complete","session":"df4ce93a-5d92-40a8-93c2-540bf11bbb4d","severity":"debug","timestamp":"2026-03-25T11:55:06.506946535Z"}
{"http.req.id":"0763aef3-8d97-4a8b-9efd-ca70ee04e8fd","http.req.method":"GET","http.req.path":"/cart","message":"request started","session":"ecb080bf-5333-403f-9547-c8725d499228","severity":"debug","timestamp":"2026-03-25T11:55:07.587235857Z"}
{"http.req.id":"0763aef3-8d97-4a8b-9efd-ca70ee04e8fd","http.req.method":"GET","http.req.path":"/cart","message":"view user cart","session":"ecb080bf-5333-403f-9547-c8725d499228","severity":"debug","timestamp":"2026-03-25T11:55:07.587364746Z"}
{"http.req.id":"0763aef3-8d97-4a8b-9efd-ca70ee04e8fd","http.req.method":"GET","http.req.path":"/cart","http.resp.bytes":17855,"http.resp.status":200,"http.resp.took_ms":91,"message":"request complete","session":"ecb080bf-5333-403f-9547-c8725d499228","severity":"debug","timestamp":"2026-03-25T11:55:07.678249392Z"}
{"http.req.id":"25bd4f74-dde5-43ab-b38c-4787c67644c8","http.req.method":"GET","http.req.path":"/cart","message":"request started","session":"827eab86-1aba-4a15-8740-5fee5900d10f","severity":"debug","timestamp":"2026-03-25T11:55:07.685541655Z"}
{"http.req.id":"25bd4f74-dde5-43ab-b38c-4787c67644c8","http.req.method":"GET","http.req.path":"/cart","message":"view user cart","session":"827eab86-1aba-4a15-8740-5fee5900d10f","severity":"debug","timestamp":"2026-03-25T11:55:07.685621375Z"}
{"http.req.id":"4e29343c-4422-4198-9d71-eb4bc0335f58","http.req.method":"GET","http.req.path":"/_healthz","message":"request started","session":"x-liveness-probe","severity":"debug","timestamp":"2026-03-25T11:55:07.776196893Z"}
{"http.req.id":"4e29343c-4422-4198-9d71-eb4bc0335f58","http.req.method":"GET","http.req.path":"/_healthz","http.resp.bytes":2,"http.resp.status":200,"http.resp.took_ms":0,"message":"request complete","session":"x-liveness-probe","severity":"debug","timestamp":"2026-03-25T11:55:07.776307952Z"}
{"http.req.id":"25bd4f74-dde5-43ab-b38c-4787c67644c8","http.req.method":"GET","http.req.path":"/cart","http.resp.bytes":20693,"http.resp.status":200,"http.resp.took_ms":200,"message":"request complete","session":"827eab86-1aba-4a15-8740-5fee5900d10f","severity":"debug","timestamp":"2026-03-25T11:55:07.885773085Z"}
{"http.req.id":"8f5d0f53-3243-40f1-8a63-72d67e5d4998","http.req.method":"GET","http.req.path":"/product/1YMWWN1N4O","message":"request started","session":"fcb2831f-0627-4791-ac1d-23821dc5b140","severity":"debug","timestamp":"2026-03-25T11:55:08.103444499Z"}
{"currency":"TRY","http.req.id":"8f5d0f53-3243-40f1-8a63-72d67e5d4998","http.req.method":"GET","http.req.path":"/product/1YMWWN1N4O","id":"1YMWWN1N4O","message":"serving product page","session":"fcb2831f-0627-4791-ac1d-23821dc5b140","severity":"debug","timestamp":"2026-03-25T11:55:08.103533602Z"}
{"http.req.id":"8f5d0f53-3243-40f1-8a63-72d67e5d4998","http.req.method":"GET","http.req.path":"/product/1YMWWN1N4O","http.resp.bytes":8036,"http.resp.status":200,"http.resp.took_ms":365,"message":"request complete","session":"fcb2831f-0627-4791-ac1d-23821dc5b140","severity":"debug","timestamp":"2026-03-25T11:55:08.468830865Z"}
{"http.req.id":"b1e3a5e8-2a11-4299-bb01-eb2b2bb02ae9","http.req.method":"GET","http.req.path":"/product/LS4PSXUNUM","message":"request started","session":"a38c2610-1665-4c93-8051-4c451f5de325","severity":"debug","timestamp":"2026-03-25T11:55:08.6975929Z"}
{"currency":"CAD","http.req.id":"b1e3a5e8-2a11-4299-bb01-eb2b2bb02ae9","http.req.method":"GET","http.req.path":"/product/LS4PSXUNUM","id":"LS4PSXUNUM","message":"serving product page","session":"a38c2610-1665-4c93-8051-4c451f5de325","severity":"debug","timestamp":"2026-03-25T11:55:08.69769924Z"}
{"http.req.id":"5df46a66-b5c5-4bd9-9666-08eed27cb313","http.req.method":"GET","http.req.path":"/","message":"request started","session":"513dd945-739c-4fe3-8e54-6e6927fbb733","severity":"debug","timestamp":"2026-03-25T11:55:08.872581727Z"}
{"currency":"CAD","http.req.id":"5df46a66-b5c5-4bd9-9666-08eed27cb313","http.req.method":"GET","http.req.path":"/","message":"home","session":"513dd945-739c-4fe3-8e54-6e6927fbb733","severity":"info","timestamp":"2026-03-25T11:55:08.872748824Z"}
{"http.req.id":"b1e3a5e8-2a11-4299-bb01-eb2b2bb02ae9","http.req.method":"GET","http.req.path":"/product/LS4PSXUNUM","http.resp.bytes":8003,"http.resp.status":200,"http.resp.took_ms":175,"message":"request complete","session":"a38c2610-1665-4c93-8051-4c451f5de325","severity":"debug","timestamp":"2026-03-25T11:55:08.872621024Z"}
env platform is either empty or invalid
{"http.req.id":"5df46a66-b5c5-4bd9-9666-08eed27cb313","http.req.method":"GET","http.req.path":"/","message":"ENV_PLATFORM is: local","session":"513dd945-739c-4fe3-8e54-6e6927fbb733","severity":"debug","timestamp":"2026-03-25T11:55:08.899062589Z"}
{"http.req.id":"5df46a66-b5c5-4bd9-9666-08eed27cb313","http.req.method":"GET","http.req.path":"/","http.resp.bytes":10475,"http.resp.status":200,"http.resp.took_ms":30,"message":"request complete","session":"513dd945-739c-4fe3-8e54-6e6927fbb733","severity":"debug","timestamp":"2026-03-25T11:55:08.902845115Z"}
{"http.req.id":"b1db53b2-0fd8-417a-bd2c-119bbddd20a8","http.req.method":"GET","http.req.path":"/cart","message":"request started","session":"827eab86-1aba-4a15-8740-5fee5900d10f","severity":"debug","timestamp":"2026-03-25T11:55:09.220577771Z"}
{"http.req.id":"b1db53b2-0fd8-417a-bd2c-119bbddd20a8","http.req.method":"GET","http.req.path":"/cart","message":"view user cart","session":"827eab86-1aba-4a15-8740-5fee5900d10f","severity":"debug","timestamp":"2026-03-25T11:55:09.220663651Z"}
{"http.req.id":"b1db53b2-0fd8-417a-bd2c-119bbddd20a8","http.req.method":"GET","http.req.path":"/cart","http.resp.bytes":20693,"http.resp.status":200,"http.resp.took_ms":176,"message":"request complete","session":"827eab86-1aba-4a15-8740-5fee5900d10f","severity":"debug","timestamp":"2026-03-25T11:55:09.39660819Z"}
{"http.req.id":"a68b96f7-f36b-4473-9db5-9050fe74357a","http.req.method":"GET","http.req.path":"/product/0PUK6V6EV0","message":"request started","session":"fcb2831f-0627-4791-ac1d-23821dc5b140","severity":"debug","timestamp":"2026-03-25T11:55:10.940829759Z"}
{"currency":"TRY","http.req.id":"a68b96f7-f36b-4473-9db5-9050fe74357a","http.req.method":"GET","http.req.path":"/product/0PUK6V6EV0","id":"0PUK6V6EV0","message":"serving product page","session":"fcb2831f-0627-4791-ac1d-23821dc5b140","severity":"debug","timestamp":"2026-03-25T11:55:10.940964042Z"}
{"http.req.id":"a68b96f7-f36b-4473-9db5-9050fe74357a","http.req.method":"GET","http.req.path":"/product/0PUK6V6EV0","http.resp.bytes":7991,"http.resp.status":200,"http.resp.took_ms":236,"message":"request complete","session":"fcb2831f-0627-4791-ac1d-23821dc5b140","severity":"debug","timestamp":"2026-03-25T11:55:11.177053603Z"}
{"http.req.id":"711c5e7d-a300-4be0-a12c-9e20e9292417","http.req.method":"GET","http.req.path":"/product/L9ECAV7KIM","message":"request started","session":"32217267-98ca-4d66-9fc8-3f088b8def0f","severity":"debug","timestamp":"2026-03-25T11:55:11.467471101Z"}
{"currency":"EUR","http.req.id":"711c5e7d-a300-4be0-a12c-9e20e9292417","http.req.method":"GET","http.req.path":"/product/L9ECAV7KIM","id":"L9ECAV7KIM","message":"serving product page","session":"32217267-98ca-4d66-9fc8-3f088b8def0f","severity":"debug","timestamp":"2026-03-25T11:55:11.467592738Z"}
{"http.req.id":"711c5e7d-a300-4be0-a12c-9e20e9292417","http.req.method":"GET","http.req.path":"/product/L9ECAV7KIM","http.resp.bytes":7998,"http.resp.status":200,"http.resp.took_ms":500,"message":"request complete","session":"32217267-98ca-4d66-9fc8-3f088b8def0f","severity":"debug","timestamp":"2026-03-25T11:55:11.968182059Z"}
{"http.req.id":"dc551343-0454-4bef-8311-b4ea37d3a545","http.req.method":"POST","http.req.path":"/cart","message":"request started","session":"32217267-98ca-4d66-9fc8-3f088b8def0f","severity":"debug","timestamp":"2026-03-25T11:55:12.064252902Z"}
{"http.req.id":"dc551343-0454-4bef-8311-b4ea37d3a545","http.req.method":"POST","http.req.path":"/cart","message":"adding to cart","product":"L9ECAV7KIM","quantity":3,"session":"32217267-98ca-4d66-9fc8-3f088b8def0f","severity":"debug","timestamp":"2026-03-25T11:55:12.064379558Z"}
{"http.req.id":"810348fd-0099-405d-a947-d623d2137d83","http.req.method":"GET","http.req.path":"/product/LS4PSXUNUM","message":"request started","session":"2d3bf3d7-22b5-49c9-8227-12126292f393","severity":"debug","timestamp":"2026-03-25T11:55:12.064286429Z"}
{"http.req.id":"ac14b9c5-9267-4023-af97-27ab93cbf930","http.req.method":"GET","http.req.path":"/_healthz","message":"request started","session":"x-readiness-probe","severity":"debug","timestamp":"2026-03-25T11:55:12.064463115Z"}
{"http.req.id":"ac14b9c5-9267-4023-af97-27ab93cbf930","http.req.method":"GET","http.req.path":"/_healthz","http.resp.bytes":2,"http.resp.status":200,"http.resp.took_ms":0,"message":"request complete","session":"x-readiness-probe","severity":"debug","timestamp":"2026-03-25T11:55:12.064503208Z"}
{"currency":"CAD","http.req.id":"810348fd-0099-405d-a947-d623d2137d83","http.req.method":"GET","http.req.path":"/product/LS4PSXUNUM","id":"LS4PSXUNUM","message":"serving product page","session":"2d3bf3d7-22b5-49c9-8227-12126292f393","severity":"debug","timestamp":"2026-03-25T11:55:12.068630821Z"}
{"http.req.id":"dc551343-0454-4bef-8311-b4ea37d3a545","http.req.method":"POST","http.req.path":"/cart","http.resp.bytes":0,"http.resp.status":302,"http.resp.took_ms":4,"message":"request complete","session":"32217267-98ca-4d66-9fc8-3f088b8def0f","severity":"debug","timestamp":"2026-03-25T11:55:12.068794266Z"}
{"http.req.id":"090e1380-1186-4cd2-a5f3-34c44abb3df0","http.req.method":"GET","http.req.path":"/cart","message":"request started","session":"32217267-98ca-4d66-9fc8-3f088b8def0f","severity":"debug","timestamp":"2026-03-25T11:55:12.070527289Z"}
{"http.req.id":"090e1380-1186-4cd2-a5f3-34c44abb3df0","http.req.method":"GET","http.req.path":"/cart","message":"view user cart","session":"32217267-98ca-4d66-9fc8-3f088b8def0f","severity":"debug","timestamp":"2026-03-25T11:55:12.070614717Z"}
{"http.req.id":"d621fc90-e70c-48bc-b202-2f46ef8033d5","http.req.method":"GET","http.req.path":"/","message":"request started","session":"694745d8-a179-4c65-83d6-9ed873a7b94b","severity":"debug","timestamp":"2026-03-25T11:55:12.147539547Z"}
{"currency":"EUR","http.req.id":"d621fc90-e70c-48bc-b202-2f46ef8033d5","http.req.method":"GET","http.req.path":"/","message":"home","session":"694745d8-a179-4c65-83d6-9ed873a7b94b","severity":"info","timestamp":"2026-03-25T11:55:12.147655232Z"}
env platform is either empty or invalid
{"http.req.id":"810348fd-0099-405d-a947-d623d2137d83","http.req.method":"GET","http.req.path":"/product/LS4PSXUNUM","http.resp.bytes":7957,"http.resp.status":200,"http.resp.took_ms":215,"message":"request complete","session":"2d3bf3d7-22b5-49c9-8227-12126292f393","severity":"debug","timestamp":"2026-03-25T11:55:12.280101031Z"}
{"http.req.id":"d621fc90-e70c-48bc-b202-2f46ef8033d5","http.req.method":"GET","http.req.path":"/","message":"ENV_PLATFORM is: local","session":"694745d8-a179-4c65-83d6-9ed873a7b94b","severity":"debug","timestamp":"2026-03-25T11:55:12.281546163Z"}
{"http.req.id":"d621fc90-e70c-48bc-b202-2f46ef8033d5","http.req.method":"GET","http.req.path":"/","http.resp.bytes":10492,"http.resp.status":200,"http.resp.took_ms":137,"message":"request complete","session":"694745d8-a179-4c65-83d6-9ed873a7b94b","severity":"debug","timestamp":"2026-03-25T11:55:12.285195043Z"}
{"http.req.id":"090e1380-1186-4cd2-a5f3-34c44abb3df0","http.req.method":"GET","http.req.path":"/cart","http.resp.bytes":22122,"http.resp.status":200,"http.resp.took_ms":322,"message":"request complete","session":"32217267-98ca-4d66-9fc8-3f088b8def0f","severity":"debug","timestamp":"2026-03-25T11:55:12.39343345Z"}
{"http.req.id":"0df4a897-f37d-43eb-8c96-9b077426b0dd","http.req.method":"GET","http.req.path":"/cart","message":"request started","session":"ecb080bf-5333-403f-9547-c8725d499228","severity":"debug","timestamp":"2026-03-25T11:55:12.484495053Z"}
{"http.req.id":"0df4a897-f37d-43eb-8c96-9b077426b0dd","http.req.method":"GET","http.req.path":"/cart","message":"view user cart","session":"ecb080bf-5333-403f-9547-c8725d499228","severity":"debug","timestamp":"2026-03-25T11:55:12.484560219Z"}
{"http.req.id":"0df4a897-f37d-43eb-8c96-9b077426b0dd","http.req.method":"GET","http.req.path":"/cart","http.resp.bytes":17843,"http.resp.status":200,"http.resp.took_ms":110,"message":"request complete","session":"ecb080bf-5333-403f-9547-c8725d499228","severity":"debug","timestamp":"2026-03-25T11:55:12.594636886Z"}
{"http.req.id":"d84cc4fc-b7a8-41fc-907c-34732dfda528","http.req.method":"GET","http.req.path":"/cart","message":"request started","session":"a38c2610-1665-4c93-8051-4c451f5de325","severity":"debug","timestamp":"2026-03-25T11:55:13.316889244Z"}
{"http.req.id":"d84cc4fc-b7a8-41fc-907c-34732dfda528","http.req.method":"GET","http.req.path":"/cart","message":"view user cart","session":"a38c2610-1665-4c93-8051-4c451f5de325","severity":"debug","timestamp":"2026-03-25T11:55:13.316990244Z"}
{"http.req.id":"d84cc4fc-b7a8-41fc-907c-34732dfda528","http.req.method":"GET","http.req.path":"/cart","http.resp.bytes":16365,"http.resp.status":200,"http.resp.took_ms":72,"message":"request complete","session":"a38c2610-1665-4c93-8051-4c451f5de325","severity":"debug","timestamp":"2026-03-25T11:55:13.388972186Z"}
{"http.req.id":"54ce93c4-91f0-4ede-8ef8-aa4ad47fd51f","http.req.method":"GET","http.req.path":"/product/2ZYFJ3GM2N","message":"request started","session":"ecb080bf-5333-403f-9547-c8725d499228","severity":"debug","timestamp":"2026-03-25T11:55:13.977534575Z"}
{"currency":"JPY","http.req.id":"54ce93c4-91f0-4ede-8ef8-aa4ad47fd51f","http.req.method":"GET","http.req.path":"/product/2ZYFJ3GM2N","id":"2ZYFJ3GM2N","message":"serving product page","session":"ecb080bf-5333-403f-9547-c8725d499228","severity":"debug","timestamp":"2026-03-25T11:55:13.977649862Z"}
{"http.req.id":"54ce93c4-91f0-4ede-8ef8-aa4ad47fd51f","http.req.method":"GET","http.req.path":"/product/2ZYFJ3GM2N","http.resp.bytes":8038,"http.resp.status":200,"http.resp.took_ms":97,"message":"request complete","session":"ecb080bf-5333-403f-9547-c8725d499228","severity":"debug","timestamp":"2026-03-25T11:55:14.074797903Z"}
{"http.req.id":"f4f89084-4823-4e39-a109-4107d28074c9","http.req.method":"POST","http.req.path":"/cart","message":"request started","session":"ecb080bf-5333-403f-9547-c8725d499228","severity":"debug","timestamp":"2026-03-25T11:55:14.076460005Z"}
{"http.req.id":"f4f89084-4823-4e39-a109-4107d28074c9","http.req.method":"POST","http.req.path":"/cart","message":"adding to cart","product":"2ZYFJ3GM2N","quantity":2,"session":"ecb080bf-5333-403f-9547-c8725d499228","severity":"debug","timestamp":"2026-03-25T11:55:14.076821953Z"}
{"http.req.id":"f4f89084-4823-4e39-a109-4107d28074c9","http.req.method":"POST","http.req.path":"/cart","http.resp.bytes":0,"http.resp.status":302,"http.resp.took_ms":5,"message":"request complete","session":"ecb080bf-5333-403f-9547-c8725d499228","severity":"debug","timestamp":"2026-03-25T11:55:14.081961836Z"}
{"http.req.id":"d836de5a-0a7c-46c2-87d6-c7890276cc10","http.req.method":"GET","http.req.path":"/cart","message":"request started","session":"ecb080bf-5333-403f-9547-c8725d499228","severity":"debug","timestamp":"2026-03-25T11:55:14.083390584Z"}
{"http.req.id":"d836de5a-0a7c-46c2-87d6-c7890276cc10","http.req.method":"GET","http.req.path":"/cart","message":"view user cart","session":"ecb080bf-5333-403f-9547-c8725d499228","severity":"debug","timestamp":"2026-03-25T11:55:14.083480276Z"}
{"http.req.id":"d836de5a-0a7c-46c2-87d6-c7890276cc10","http.req.method":"GET","http.req.path":"/cart","http.resp.bytes":19227,"http.resp.status":200,"http.resp.took_ms":202,"message":"request complete","session":"ecb080bf-5333-403f-9547-c8725d499228","severity":"debug","timestamp":"2026-03-25T11:55:14.285635388Z"}
{"http.req.id":"44eb4bed-b9e6-498d-bb5e-57dd880c58f0","http.req.method":"GET","http.req.path":"/product/LS4PSXUNUM","message":"request started","session":"514e00c6-206e-4c6e-873f-852b796455de","severity":"debug","timestamp":"2026-03-25T11:55:14.295709554Z"}
{"currency":"GBP","http.req.id":"44eb4bed-b9e6-498d-bb5e-57dd880c58f0","http.req.method":"GET","http.req.path":"/product/LS4PSXUNUM","id":"LS4PSXUNUM","message":"serving product page","session":"514e00c6-206e-4c6e-873f-852b796455de","severity":"debug","timestamp":"2026-03-25T11:55:14.29587476Z"}
{"http.req.id":"44eb4bed-b9e6-498d-bb5e-57dd880c58f0","http.req.method":"GET","http.req.path":"/product/LS4PSXUNUM","http.resp.bytes":7978,"http.resp.status":200,"http.resp.took_ms":83,"message":"request complete","session":"514e00c6-206e-4c6e-873f-852b796455de","severity":"debug","timestamp":"2026-03-25T11:55:14.378942929Z"}
{"http.req.id":"ca2f08e1-caaa-4ab9-bd82-1ed15ce4f4e1","http.req.method":"POST","http.req.path":"/setCurrency","message":"request started","session":"32217267-98ca-4d66-9fc8-3f088b8def0f","severity":"debug","timestamp":"2026-03-25T11:55:15.594264974Z"}
{"curr.new":"JPY","curr.old":"EUR","http.req.id":"ca2f08e1-caaa-4ab9-bd82-1ed15ce4f4e1","http.req.method":"POST","http.req.path":"/setCurrency","message":"setting currency","session":"32217267-98ca-4d66-9fc8-3f088b8def0f","severity":"debug","timestamp":"2026-03-25T11:55:15.594359002Z"}
{"http.req.id":"ca2f08e1-caaa-4ab9-bd82-1ed15ce4f4e1","http.req.method":"POST","http.req.path":"/setCurrency","http.resp.bytes":0,"http.resp.status":302,"http.resp.took_ms":0,"message":"request complete","session":"32217267-98ca-4d66-9fc8-3f088b8def0f","severity":"debug","timestamp":"2026-03-25T11:55:15.594404109Z"}
{"http.req.id":"b5aa2df9-a2c5-49ca-9047-d1d184ba16af","http.req.method":"GET","http.req.path":"/","message":"request started","session":"32217267-98ca-4d66-9fc8-3f088b8def0f","severity":"debug","timestamp":"2026-03-25T11:55:15.595847835Z"}
{"currency":"JPY","http.req.id":"b5aa2df9-a2c5-49ca-9047-d1d184ba16af","http.req.method":"GET","http.req.path":"/","message":"home","session":"32217267-98ca-4d66-9fc8-3f088b8def0f","severity":"info","timestamp":"2026-03-25T11:55:15.595942827Z"}
env platform is either empty or invalid
{"http.req.id":"b5aa2df9-a2c5-49ca-9047-d1d184ba16af","http.req.method":"GET","http.req.path":"/","message":"ENV_PLATFORM is: local","session":"32217267-98ca-4d66-9fc8-3f088b8def0f","severity":"debug","timestamp":"2026-03-25T11:55:15.632477156Z"}
{"http.req.id":"b5aa2df9-a2c5-49ca-9047-d1d184ba16af","http.req.method":"GET","http.req.path":"/","http.resp.bytes":10503,"http.resp.status":200,"http.resp.took_ms":40,"message":"request complete","session":"32217267-98ca-4d66-9fc8-3f088b8def0f","severity":"debug","timestamp":"2026-03-25T11:55:15.636503403Z"}
