{"http.req.id":"d9db8f24-0668-469c-8cc0-95f4bf476c05","http.req.method":"GET","http.req.path":"/product/1YMWWN1N4O","http.resp.bytes":8023,"http.resp.status":200,"http.resp.took_ms":95,"message":"request complete","session":"827eab86-1aba-4a15-8740-5fee5900d10f","severity":"debug","timestamp":"2026-03-25T12:03:16.566032176Z"}
{"http.req.id":"d13b700f-dd5b-411c-8ee6-ecc4078a6b95","http.req.method":"POST","http.req.path":"/cart","message":"request started","session":"827eab86-1aba-4a15-8740-5fee5900d10f","severity":"debug","timestamp":"2026-03-25T12:03:16.572573179Z"}
{"http.req.id":"d13b700f-dd5b-411c-8ee6-ecc4078a6b95","http.req.method":"POST","http.req.path":"/cart","message":"adding to cart","product":"1YMWWN1N4O","quantity":10,"session":"827eab86-1aba-4a15-8740-5fee5900d10f","severity":"debug","timestamp":"2026-03-25T12:03:16.572749171Z"}
{"http.req.id":"d13b700f-dd5b-411c-8ee6-ecc4078a6b95","http.req.method":"POST","http.req.path":"/cart","http.resp.bytes":0,"http.resp.status":302,"http.resp.took_ms":3,"message":"request complete","session":"827eab86-1aba-4a15-8740-5fee5900d10f","severity":"debug","timestamp":"2026-03-25T12:03:16.57634759Z"}
{"http.req.id":"e20d8b39-57d7-4548-99e3-4245f20ff644","http.req.method":"GET","http.req.path":"/cart","message":"request started","session":"827eab86-1aba-4a15-8740-5fee5900d10f","severity":"debug","timestamp":"2026-03-25T12:03:16.577440904Z"}
{"http.req.id":"e20d8b39-57d7-4548-99e3-4245f20ff644","http.req.method":"GET","http.req.path":"/cart","message":"view user cart","session":"827eab86-1aba-4a15-8740-5fee5900d10f","severity":"debug","timestamp":"2026-03-25T12:03:16.577516128Z"}
{"http.req.id":"e20d8b39-57d7-4548-99e3-4245f20ff644","http.req.method":"GET","http.req.path":"/cart","http.resp.bytes":20696,"http.resp.status":200,"http.resp.took_ms":204,"message":"request complete","session":"827eab86-1aba-4a15-8740-5fee5900d10f","severity":"debug","timestamp":"2026-03-25T12:03:16.781637459Z"}
{"http.req.id":"931da79b-f6fc-415c-9ac3-e57e7b4a89b4","http.req.method":"POST","http.req.path":"/setCurrency","message":"request started","session":"513dd945-739c-4fe3-8e54-6e6927fbb733","severity":"debug","timestamp":"2026-03-25T12:03:17.257836453Z"}
{"curr.new":"TRY","curr.old":"TRY","http.req.id":"931da79b-f6fc-415c-9ac3-e57e7b4a89b4","http.req.method":"POST","http.req.path":"/setCurrency","message":"setting currency","session":"513dd945-739c-4fe3-8e54-6e6927fbb733","severity":"debug","timestamp":"2026-03-25T12:03:17.258062085Z"}
{"http.req.id":"931da79b-f6fc-415c-9ac3-e57e7b4a89b4","http.req.method":"POST","http.req.path":"/setCurrency","http.resp.bytes":0,"http.resp.status":302,"http.resp.took_ms":0,"message":"request complete","session":"513dd945-739c-4fe3-8e54-6e6927fbb733","severity":"debug","timestamp":"2026-03-25T12:03:17.258089384Z"}
{"http.req.id":"b2aab14f-6578-4e6f-a718-7e6a1e87176b","http.req.method":"GET","http.req.path":"/","message":"request started","session":"513dd945-739c-4fe3-8e54-6e6927fbb733","severity":"debug","timestamp":"2026-03-25T12:03:17.259458772Z"}
{"currency":"TRY","http.req.id":"b2aab14f-6578-4e6f-a718-7e6a1e87176b","http.req.method":"GET","http.req.path":"/","message":"home","session":"513dd945-739c-4fe3-8e54-6e6927fbb733","severity":"info","timestamp":"2026-03-25T12:03:17.259501438Z"}
env platform is either empty or invalid
{"http.req.id":"b2aab14f-6578-4e6f-a718-7e6a1e87176b","http.req.method":"GET","http.req.path":"/","message":"ENV_PLATFORM is: local","session":"513dd945-739c-4fe3-8e54-6e6927fbb733","severity":"debug","timestamp":"2026-03-25T12:03:17.31150635Z"}
{"http.req.id":"b2aab14f-6578-4e6f-a718-7e6a1e87176b","http.req.method":"GET","http.req.path":"/","http.resp.bytes":10501,"http.resp.status":200,"http.resp.took_ms":54,"message":"request complete","session":"513dd945-739c-4fe3-8e54-6e6927fbb733","severity":"debug","timestamp":"2026-03-25T12:03:17.314418276Z"}
{"http.req.id":"a8a940e7-feeb-4bad-8f94-d101e5159c21","http.req.method":"GET","http.req.path":"/cart","message":"request started","session":"df4ce93a-5d92-40a8-93c2-540bf11bbb4d","severity":"debug","timestamp":"2026-03-25T12:03:17.41118054Z"}
{"http.req.id":"a8a940e7-feeb-4bad-8f94-d101e5159c21","http.req.method":"GET","http.req.path":"/cart","message":"view user cart","session":"df4ce93a-5d92-40a8-93c2-540bf11bbb4d","severity":"debug","timestamp":"2026-03-25T12:03:17.411299864Z"}
{"http.req.id":"a8a940e7-feeb-4bad-8f94-d101e5159c21","http.req.method":"GET","http.req.path":"/cart","http.resp.bytes":6805,"http.resp.status":200,"http.resp.took_ms":53,"message":"request complete","session":"df4ce93a-5d92-40a8-93c2-540bf11bbb4d","severity":"debug","timestamp":"2026-03-25T12:03:17.465027565Z"}
{"http.req.id":"a9845615-8b46-4549-ba07-ad00975b606a","http.req.method":"GET","http.req.path":"/product/1YMWWN1N4O","message":"request started","session":"694745d8-a179-4c65-83d6-9ed873a7b94b","severity":"debug","timestamp":"2026-03-25T12:03:18.019833383Z"}
{"currency":"JPY","http.req.id":"a9845615-8b46-4549-ba07-ad00975b606a","http.req.method":"GET","http.req.path":"/product/1YMWWN1N4O","id":"1YMWWN1N4O","message":"serving product page","session":"694745d8-a179-4c65-83d6-9ed873a7b94b","severity":"debug","timestamp":"2026-03-25T12:03:18.019953726Z"}
{"http.req.id":"a9845615-8b46-4549-ba07-ad00975b606a","http.req.method":"GET","http.req.path":"/product/1YMWWN1N4O","http.resp.bytes":8042,"http.resp.status":200,"http.resp.took_ms":44,"message":"request complete","session":"694745d8-a179-4c65-83d6-9ed873a7b94b","severity":"debug","timestamp":"2026-03-25T12:03:18.064401834Z"}
{"http.req.id":"f618be81-77ae-4379-ac8b-8fe6490896f1","http.req.method":"GET","http.req.path":"/product/0PUK6V6EV0","message":"request started","session":"fcb2831f-0627-4791-ac1d-23821dc5b140","severity":"debug","timestamp":"2026-03-25T12:03:18.082003461Z"}
{"currency":"USD","http.req.id":"f618be81-77ae-4379-ac8b-8fe6490896f1","http.req.method":"GET","http.req.path":"/product/0PUK6V6EV0","id":"0PUK6V6EV0","message":"serving product page","session":"fcb2831f-0627-4791-ac1d-23821dc5b140","severity":"debug","timestamp":"2026-03-25T12:03:18.082077042Z"}
{"http.req.id":"f618be81-77ae-4379-ac8b-8fe6490896f1","http.req.method":"GET","http.req.path":"/product/0PUK6V6EV0","http.resp.bytes":7960,"http.resp.status":200,"http.resp.took_ms":84,"message":"request complete","session":"fcb2831f-0627-4791-ac1d-23821dc5b140","severity":"debug","timestamp":"2026-03-25T12:03:18.166093537Z"}
{"http.req.id":"7f2ba16e-a586-4354-8b24-851ecb88046f","http.req.method":"GET","http.req.path":"/product/2ZYFJ3GM2N","message":"request started","session":"ecb080bf-5333-403f-9547-c8725d499228","severity":"debug","timestamp":"2026-03-25T12:03:18.206907297Z"}
{"currency":"GBP","http.req.id":"7f2ba16e-a586-4354-8b24-851ecb88046f","http.req.method":"GET","http.req.path":"/product/2ZYFJ3GM2N","id":"2ZYFJ3GM2N","message":"serving product page","session":"ecb080bf-5333-403f-9547-c8725d499228","severity":"debug","timestamp":"2026-03-25T12:03:18.20701525Z"}
{"http.req.id":"7f2ba16e-a586-4354-8b24-851ecb88046f","http.req.method":"GET","http.req.path":"/product/2ZYFJ3GM2N","http.resp.bytes":7986,"http.resp.status":200,"http.resp.took_ms":158,"message":"request complete","session":"ecb080bf-5333-403f-9547-c8725d499228","severity":"debug","timestamp":"2026-03-25T12:03:18.365283738Z"}
{"http.req.id":"39e9c401-6016-4427-9ea7-8683752f2113","http.req.method":"GET","http.req.path":"/","message":"request started","session":"a38c2610-1665-4c93-8051-4c451f5de325","severity":"debug","timestamp":"2026-03-25T12:03:18.849251822Z"}
{"currency":"TRY","http.req.id":"39e9c401-6016-4427-9ea7-8683752f2113","http.req.method":"GET","http.req.path":"/","message":"home","session":"a38c2610-1665-4c93-8051-4c451f5de325","severity":"info","timestamp":"2026-03-25T12:03:18.849351891Z"}
env platform is either empty or invalid
{"http.req.id":"39e9c401-6016-4427-9ea7-8683752f2113","http.req.method":"GET","http.req.path":"/","message":"ENV_PLATFORM is: local","session":"a38c2610-1665-4c93-8051-4c451f5de325","severity":"debug","timestamp":"2026-03-25T12:03:18.889741313Z"}
{"http.req.id":"39e9c401-6016-4427-9ea7-8683752f2113","http.req.method":"GET","http.req.path":"/","http.resp.bytes":10500,"http.resp.status":200,"http.resp.took_ms":44,"message":"request complete","session":"a38c2610-1665-4c93-8051-4c451f5de325","severity":"debug","timestamp":"2026-03-25T12:03:18.893297001Z"}
{"http.req.id":"6d251b1e-dec6-4980-a944-1986dbf6a41e","http.req.method":"GET","http.req.path":"/_healthz","message":"request started","session":"x-readiness-probe","severity":"debug","timestamp":"2026-03-25T12:03:19.122847968Z"}
{"http.req.id":"6d251b1e-dec6-4980-a944-1986dbf6a41e","http.req.method":"GET","http.req.path":"/_healthz","http.resp.bytes":2,"http.resp.status":200,"http.resp.took_ms":0,"message":"request complete","session":"x-readiness-probe","severity":"debug","timestamp":"2026-03-25T12:03:19.123468014Z"}
{"http.req.id":"ec0590e0-d4ac-4379-9c7b-18fcbd4f742a","http.req.method":"POST","http.req.path":"/setCurrency","message":"request started","session":"514e00c6-206e-4c6e-873f-852b796455de","severity":"debug","timestamp":"2026-03-25T12:03:19.28660883Z"}
{"curr.new":"USD","curr.old":"USD","http.req.id":"ec0590e0-d4ac-4379-9c7b-18fcbd4f742a","http.req.method":"POST","http.req.path":"/setCurrency","message":"setting currency","session":"514e00c6-206e-4c6e-873f-852b796455de","severity":"debug","timestamp":"2026-03-25T12:03:19.286790259Z"}
{"http.req.id":"ec0590e0-d4ac-4379-9c7b-18fcbd4f742a","http.req.method":"POST","http.req.path":"/setCurrency","http.resp.bytes":0,"http.resp.status":302,"http.resp.took_ms":0,"message":"request complete","session":"514e00c6-206e-4c6e-873f-852b796455de","severity":"debug","timestamp":"2026-03-25T12:03:19.286830952Z"}
{"http.req.id":"8516e9e4-1ee0-412a-87db-86e3fef28212","http.req.method":"GET","http.req.path":"/","message":"request started","session":"514e00c6-206e-4c6e-873f-852b796455de","severity":"debug","timestamp":"2026-03-25T12:03:19.28881013Z"}
{"currency":"USD","http.req.id":"8516e9e4-1ee0-412a-87db-86e3fef28212","http.req.method":"GET","http.req.path":"/","message":"home","session":"514e00c6-206e-4c6e-873f-852b796455de","severity":"info","timestamp":"2026-03-25T12:03:19.288907827Z"}
env platform is either empty or invalid
{"http.req.id":"8516e9e4-1ee0-412a-87db-86e3fef28212","http.req.method":"GET","http.req.path":"/","message":"ENV_PLATFORM is: local","session":"514e00c6-206e-4c6e-873f-852b796455de","severity":"debug","timestamp":"2026-03-25T12:03:19.364214746Z"}
{"http.req.id":"8516e9e4-1ee0-412a-87db-86e3fef28212","http.req.method":"GET","http.req.path":"/","http.resp.bytes":10383,"http.resp.status":200,"http.resp.took_ms":78,"message":"request complete","session":"514e00c6-206e-4c6e-873f-852b796455de","severity":"debug","timestamp":"2026-03-25T12:03:19.367683832Z"}
{"http.req.id":"02773534-0d50-4006-bc35-b52a19f87774","http.req.method":"GET","http.req.path":"/product/LS4PSXUNUM","message":"request started","session":"694745d8-a179-4c65-83d6-9ed873a7b94b","severity":"debug","timestamp":"2026-03-25T12:03:19.721474145Z"}
{"currency":"JPY","http.req.id":"02773534-0d50-4006-bc35-b52a19f87774","http.req.method":"GET","http.req.path":"/product/LS4PSXUNUM","id":"LS4PSXUNUM","message":"serving product page","session":"694745d8-a179-4c65-83d6-9ed873a7b94b","severity":"debug","timestamp":"2026-03-25T12:03:19.721567585Z"}
{"http.req.id":"02773534-0d50-4006-bc35-b52a19f87774","http.req.method":"GET","http.req.path":"/product/LS4PSXUNUM","http.resp.bytes":7967,"http.resp.status":200,"http.resp.took_ms":143,"message":"request complete","session":"694745d8-a179-4c65-83d6-9ed873a7b94b","severity":"debug","timestamp":"2026-03-25T12:03:19.865319426Z"}
{"http.req.id":"bbff3354-3beb-4fa8-b2df-f16523e13fc0","http.req.method":"GET","http.req.path":"/cart","message":"request started","session":"32217267-98ca-4d66-9fc8-3f088b8def0f","severity":"debug","timestamp":"2026-03-25T12:03:20.105305212Z"}
{"http.req.id":"bbff3354-3beb-4fa8-b2df-f16523e13fc0","http.req.method":"GET","http.req.path":"/cart","message":"view user cart","session":"32217267-98ca-4d66-9fc8-3f088b8def0f","severity":"debug","timestamp":"2026-03-25T12:03:20.105460528Z"}
{"http.req.id":"bbff3354-3beb-4fa8-b2df-f16523e13fc0","http.req.method":"GET","http.req.path":"/cart","http.resp.bytes":6792,"http.resp.status":200,"http.resp.took_ms":59,"message":"request complete","session":"32217267-98ca-4d66-9fc8-3f088b8def0f","severity":"debug","timestamp":"2026-03-25T12:03:20.164640943Z"}
{"http.req.id":"6297df3e-cd7c-46e8-b7ef-198f5968a6e4","http.req.method":"GET","http.req.path":"/product/6E92ZMYYFZ","message":"request started","session":"a38c2610-1665-4c93-8051-4c451f5de325","severity":"debug","timestamp":"2026-03-25T12:03:21.111282375Z"}
{"currency":"TRY","http.req.id":"6297df3e-cd7c-46e8-b7ef-198f5968a6e4","http.req.method":"GET","http.req.path":"/product/6E92ZMYYFZ","id":"6E92ZMYYFZ","message":"serving product page","session":"a38c2610-1665-4c93-8051-4c451f5de325","severity":"debug","timestamp":"2026-03-25T12:03:21.111378997Z"}
{"http.req.id":"6297df3e-cd7c-46e8-b7ef-198f5968a6e4","http.req.method":"GET","http.req.path":"/product/6E92ZMYYFZ","http.resp.bytes":7951,"http.resp.status":200,"http.resp.took_ms":55,"message":"request complete","session":"a38c2610-1665-4c93-8051-4c451f5de325","severity":"debug","timestamp":"2026-03-25T12:03:21.166687396Z"}
{"http.req.id":"d7196463-d01f-4c81-8ab7-ccd116c2298d","http.req.method":"GET","http.req.path":"/product/2ZYFJ3GM2N","message":"request started","session":"513dd945-739c-4fe3-8e54-6e6927fbb733","severity":"debug","timestamp":"2026-03-25T12:03:21.905010455Z"}
{"currency":"TRY","http.req.id":"d7196463-d01f-4c81-8ab7-ccd116c2298d","http.req.method":"GET","http.req.path":"/product/2ZYFJ3GM2N","id":"2ZYFJ3GM2N","message":"serving product page","session":"513dd945-739c-4fe3-8e54-6e6927fbb733","severity":"debug","timestamp":"2026-03-25T12:03:21.905151859Z"}
{"http.req.id":"d7196463-d01f-4c81-8ab7-ccd116c2298d","http.req.method":"GET","http.req.path":"/product/2ZYFJ3GM2N","http.resp.bytes":8021,"http.resp.status":200,"http.resp.took_ms":161,"message":"request complete","session":"513dd945-739c-4fe3-8e54-6e6927fbb733","severity":"debug","timestamp":"2026-03-25T12:03:22.066828483Z"}
{"http.req.id":"d76458f1-cf8f-4c56-a31e-bf4194991a89","http.req.method":"GET","http.req.path":"/product/0PUK6V6EV0","message":"request started","session":"df4ce93a-5d92-40a8-93c2-540bf11bbb4d","severity":"debug","timestamp":"2026-03-25T12:03:22.331589686Z"}
{"currency":"TRY","http.req.id":"d76458f1-cf8f-4c56-a31e-bf4194991a89","http.req.method":"GET","http.req.path":"/product/0PUK6V6EV0","id":"0PUK6V6EV0","message":"serving product page","session":"df4ce93a-5d92-40a8-93c2-540bf11bbb4d","severity":"debug","timestamp":"2026-03-25T12:03:22.33175167Z"}
{"http.req.id":"d76458f1-cf8f-4c56-a31e-bf4194991a89","http.req.method":"GET","http.req.path":"/product/0PUK6V6EV0","http.resp.bytes":7933,"http.resp.status":200,"http.resp.took_ms":148,"message":"request complete","session":"df4ce93a-5d92-40a8-93c2-540bf11bbb4d","severity":"debug","timestamp":"2026-03-25T12:03:22.479603511Z"}
{"http.req.id":"73948e87-2588-4e24-a38a-ed57a1935d0e","http.req.method":"POST","http.req.path":"/cart","message":"request started","session":"df4ce93a-5d92-40a8-93c2-540bf11bbb4d","severity":"debug","timestamp":"2026-03-25T12:03:22.483790136Z"}
{"http.req.id":"73948e87-2588-4e24-a38a-ed57a1935d0e","http.req.method":"POST","http.req.path":"/cart","message":"adding to cart","product":"0PUK6V6EV0","quantity":1,"session":"df4ce93a-5d92-40a8-93c2-540bf11bbb4d","severity":"debug","timestamp":"2026-03-25T12:03:22.483994985Z"}
{"http.req.id":"73948e87-2588-4e24-a38a-ed57a1935d0e","http.req.method":"POST","http.req.path":"/cart","http.resp.bytes":0,"http.resp.status":302,"http.resp.took_ms":5,"message":"request complete","session":"df4ce93a-5d92-40a8-93c2-540bf11bbb4d","severity":"debug","timestamp":"2026-03-25T12:03:22.489545083Z"}
{"http.req.id":"883645f9-2afd-4a0a-b4fb-c448837b4213","http.req.method":"GET","http.req.path":"/cart","message":"request started","session":"df4ce93a-5d92-40a8-93c2-540bf11bbb4d","severity":"debug","timestamp":"2026-03-25T12:03:22.491014536Z"}
{"http.req.id":"883645f9-2afd-4a0a-b4fb-c448837b4213","http.req.method":"GET","http.req.path":"/cart","message":"view user cart","session":"df4ce93a-5d92-40a8-93c2-540bf11bbb4d","severity":"debug","timestamp":"2026-03-25T12:03:22.491121515Z"}
{"http.req.id":"883645f9-2afd-4a0a-b4fb-c448837b4213","http.req.method":"GET","http.req.path":"/cart","http.resp.bytes":16398,"http.resp.status":200,"http.resp.took_ms":82,"message":"request complete","session":"df4ce93a-5d92-40a8-93c2-540bf11bbb4d","severity":"debug","timestamp":"2026-03-25T12:03:22.573688735Z"}
{"http.req.id":"4100c57d-0a4b-43f8-90d2-65b36bde2c5d","http.req.method":"POST","http.req.path":"/cart/checkout","message":"request started","session":"df4ce93a-5d92-40a8-93c2-540bf11bbb4d","severity":"debug","timestamp":"2026-03-25T12:03:22.578063524Z"}
{"http.req.id":"4100c57d-0a4b-43f8-90d2-65b36bde2c5d","http.req.method":"POST","http.req.path":"/cart/checkout","message":"placing order","session":"df4ce93a-5d92-40a8-93c2-540bf11bbb4d","severity":"debug","timestamp":"2026-03-25T12:03:22.578170011Z"}
{"http.req.id":"4100c57d-0a4b-43f8-90d2-65b36bde2c5d","http.req.method":"POST","http.req.path":"/cart/checkout","message":"order placed","order":"9f00f974-2842-11f1-a4a0-927ce8a683d8","session":"df4ce93a-5d92-40a8-93c2-540bf11bbb4d","severity":"info","timestamp":"2026-03-25T12:03:22.596745146Z"}
{"http.req.id":"4100c57d-0a4b-43f8-90d2-65b36bde2c5d","http.req.method":"POST","http.req.path":"/cart/checkout","http.resp.bytes":6721,"http.resp.status":200,"http.resp.took_ms":290,"message":"request complete","session":"df4ce93a-5d92-40a8-93c2-540bf11bbb4d","severity":"debug","timestamp":"2026-03-25T12:03:22.868685573Z"}
{"http.req.id":"0c2daab3-72ef-4dc8-b908-0d6cdbc8ecaf","http.req.method":"GET","http.req.path":"/product/9SIQT8TOJO","message":"request started","session":"827eab86-1aba-4a15-8740-5fee5900d10f","severity":"debug","timestamp":"2026-03-25T12:03:23.033432939Z"}
{"currency":"EUR","http.req.id":"0c2daab3-72ef-4dc8-b908-0d6cdbc8ecaf","http.req.method":"GET","http.req.path":"/product/9SIQT8TOJO","id":"9SIQT8TOJO","message":"serving product page","session":"827eab86-1aba-4a15-8740-5fee5900d10f","severity":"debug","timestamp":"2026-03-25T12:03:23.033577975Z"}
{"http.req.id":"0c2daab3-72ef-4dc8-b908-0d6cdbc8ecaf","http.req.method":"GET","http.req.path":"/product/9SIQT8TOJO","http.resp.bytes":8012,"http.resp.status":200,"http.resp.took_ms":133,"message":"request complete","session":"827eab86-1aba-4a15-8740-5fee5900d10f","severity":"debug","timestamp":"2026-03-25T12:03:23.167411699Z"}
{"http.req.id":"ce988a7b-b6c3-435b-b28d-2017637e9263","http.req.method":"GET","http.req.path":"/product/L9ECAV7KIM","message":"request started","session":"2d3bf3d7-22b5-49c9-8227-12126292f393","severity":"debug","timestamp":"2026-03-25T12:03:26.081317122Z"}
{"currency":"GBP","http.req.id":"ce988a7b-b6c3-435b-b28d-2017637e9263","http.req.method":"GET","http.req.path":"/product/L9ECAV7KIM","id":"L9ECAV7KIM","message":"serving product page","session":"2d3bf3d7-22b5-49c9-8227-12126292f393","severity":"debug","timestamp":"2026-03-25T12:03:26.08141289Z"}
{"http.req.id":"ce988a7b-b6c3-435b-b28d-2017637e9263","http.req.method":"GET","http.req.path":"/product/L9ECAV7KIM","http.resp.bytes":7978,"http.resp.status":200,"http.resp.took_ms":77,"message":"request complete","session":"2d3bf3d7-22b5-49c9-8227-12126292f393","severity":"debug","timestamp":"2026-03-25T12:03:26.158836245Z"}
{"http.req.id":"68bbafe0-06d9-4401-be08-09fb49b4bde9","http.req.method":"GET","http.req.path":"/product/0PUK6V6EV0","message":"request started","session":"fcb2831f-0627-4791-ac1d-23821dc5b140","severity":"debug","timestamp":"2026-03-25T12:03:26.601758581Z"}
{"currency":"USD","http.req.id":"68bbafe0-06d9-4401-be08-09fb49b4bde9","http.req.method":"GET","http.req.path":"/product/0PUK6V6EV0","id":"0PUK6V6EV0","message":"serving product page","session":"fcb2831f-0627-4791-ac1d-23821dc5b140","severity":"debug","timestamp":"2026-03-25T12:03:26.601842594Z"}
{"http.req.id":"68bbafe0-06d9-4401-be08-09fb49b4bde9","http.req.method":"GET","http.req.path":"/product/0PUK6V6EV0","http.resp.bytes":7954,"http.resp.status":200,"http.resp.took_ms":161,"message":"request complete","session":"fcb2831f-0627-4791-ac1d-23821dc5b140","severity":"debug","timestamp":"2026-03-25T12:03:26.763556009Z"}
{"http.req.id":"f6d35e92-e8b7-43fc-9609-ce91ab70891b","http.req.method":"POST","http.req.path":"/setCurrency","message":"request started","session":"32217267-98ca-4d66-9fc8-3f088b8def0f","severity":"debug","timestamp":"2026-03-25T12:03:27.276393516Z"}
{"curr.new":"TRY","curr.old":"GBP","http.req.id":"f6d35e92-e8b7-43fc-9609-ce91ab70891b","http.req.method":"POST","http.req.path":"/setCurrency","message":"setting currency","session":"32217267-98ca-4d66-9fc8-3f088b8def0f","severity":"debug","timestamp":"2026-03-25T12:03:27.27656912Z"}
{"http.req.id":"f6d35e92-e8b7-43fc-9609-ce91ab70891b","http.req.method":"POST","http.req.path":"/setCurrency","http.resp.bytes":0,"http.resp.status":302,"http.resp.took_ms":0,"message":"request complete","session":"32217267-98ca-4d66-9fc8-3f088b8def0f","severity":"debug","timestamp":"2026-03-25T12:03:27.276602181Z"}
{"http.req.id":"ae8fd983-7987-444e-8886-8617c2fded05","http.req.method":"GET","http.req.path":"/","message":"request started","session":"32217267-98ca-4d66-9fc8-3f088b8def0f","severity":"debug","timestamp":"2026-03-25T12:03:27.277857903Z"}
{"currency":"TRY","http.req.id":"ae8fd983-7987-444e-8886-8617c2fded05","http.req.method":"GET","http.req.path":"/","message":"home","session":"32217267-98ca-4d66-9fc8-3f088b8def0f","severity":"info","timestamp":"2026-03-25T12:03:27.277904055Z"}
env platform is either empty or invalid
{"http.req.id":"ae8fd983-7987-444e-8886-8617c2fded05","http.req.method":"GET","http.req.path":"/","message":"ENV_PLATFORM is: local","session":"32217267-98ca-4d66-9fc8-3f088b8def0f","severity":"debug","timestamp":"2026-03-25T12:03:27.303675058Z"}
{"http.req.id":"ae8fd983-7987-444e-8886-8617c2fded05","http.req.method":"GET","http.req.path":"/","http.resp.bytes":10411,"http.resp.status":200,"http.resp.took_ms":28,"message":"request complete","session":"32217267-98ca-4d66-9fc8-3f088b8def0f","severity":"debug","timestamp":"2026-03-25T12:03:27.306256966Z"}
{"http.req.id":"f5dc3a48-4f78-4133-ab8f-eaaf4d786277","http.req.method":"GET","http.req.path":"/product/6E92ZMYYFZ","message":"request started","session":"694745d8-a179-4c65-83d6-9ed873a7b94b","severity":"debug","timestamp":"2026-03-25T12:03:27.552180156Z"}
{"currency":"JPY","http.req.id":"f5dc3a48-4f78-4133-ab8f-eaaf4d786277","http.req.method":"GET","http.req.path":"/product/6E92ZMYYFZ","id":"6E92ZMYYFZ","message":"serving product page","session":"694745d8-a179-4c65-83d6-9ed873a7b94b","severity":"debug","timestamp":"2026-03-25T12:03:27.552236336Z"}
{"http.req.id":"e949155c-bc7c-4a41-a89f-009f83e4b57e","http.req.method":"GET","http.req.path":"/_healthz","message":"request started","session":"x-liveness-probe","severity":"debug","timestamp":"2026-03-25T12:03:27.65577699Z"}
{"http.req.id":"e949155c-bc7c-4a41-a89f-009f83e4b57e","http.req.method":"GET","http.req.path":"/_healthz","http.resp.bytes":2,"http.resp.status":200,"http.resp.took_ms":0,"message":"request complete","session":"x-liveness-probe","severity":"debug","timestamp":"2026-03-25T12:03:27.65588859Z"}
{"http.req.id":"f5dc3a48-4f78-4133-ab8f-eaaf4d786277","http.req.method":"GET","http.req.path":"/product/6E92ZMYYFZ","http.resp.bytes":7964,"http.resp.status":200,"http.resp.took_ms":106,"message":"request complete","session":"694745d8-a179-4c65-83d6-9ed873a7b94b","severity":"debug","timestamp":"2026-03-25T12:03:27.658878346Z"}
{"http.req.id":"b0006964-0971-451e-9834-9bc4d94a486c","http.req.method":"GET","http.req.path":"/product/0PUK6V6EV0","message":"request started","session":"ecb080bf-5333-403f-9547-c8725d499228","severity":"debug","timestamp":"2026-03-25T12:03:28.171598074Z"}
{"currency":"GBP","http.req.id":"b0006964-0971-451e-9834-9bc4d94a486c","http.req.method":"GET","http.req.path":"/product/0PUK6V6EV0","id":"0PUK6V6EV0","message":"serving product page","session":"ecb080bf-5333-403f-9547-c8725d499228","severity":"debug","timestamp":"2026-03-25T12:03:28.171710013Z"}
{"http.req.id":"b0006964-0971-451e-9834-9bc4d94a486c","http.req.method":"GET","http.req.path":"/product/0PUK6V6EV0","http.resp.bytes":7984,"http.resp.status":200,"http.resp.took_ms":186,"message":"request complete","session":"ecb080bf-5333-403f-9547-c8725d499228","severity":"debug","timestamp":"2026-03-25T12:03:28.357820452Z"}
{"http.req.id":"297fd5a2-ee8d-40f4-b982-0c2dbd1c591a","http.req.method":"GET","http.req.path":"/product/2ZYFJ3GM2N","message":"request started","session":"a38c2610-1665-4c93-8051-4c451f5de325","severity":"debug","timestamp":"2026-03-25T12:03:28.438487308Z"}
{"currency":"TRY","http.req.id":"297fd5a2-ee8d-40f4-b982-0c2dbd1c591a","http.req.method":"GET","http.req.path":"/product/2ZYFJ3GM2N","id":"2ZYFJ3GM2N","message":"serving product page","session":"a38c2610-1665-4c93-8051-4c451f5de325","severity":"debug","timestamp":"2026-03-25T12:03:28.438581646Z"}
{"http.req.id":"297fd5a2-ee8d-40f4-b982-0c2dbd1c591a","http.req.method":"GET","http.req.path":"/product/2ZYFJ3GM2N","http.resp.bytes":8024,"http.resp.status":200,"http.resp.took_ms":120,"message":"request complete","session":"a38c2610-1665-4c93-8051-4c451f5de325","severity":"debug","timestamp":"2026-03-25T12:03:28.558927309Z"}
{"http.req.id":"f6511c22-3c8f-47c9-9887-10158c0c03e6","http.req.method":"GET","http.req.path":"/product/66VCHSJNUP","message":"request started","session":"514e00c6-206e-4c6e-873f-852b796455de","severity":"debug","timestamp":"2026-03-25T12:03:28.601577692Z"}
{"currency":"USD","http.req.id":"f6511c22-3c8f-47c9-9887-10158c0c03e6","http.req.method":"GET","http.req.path":"/product/66VCHSJNUP","id":"66VCHSJNUP","message":"serving product page","session":"514e00c6-206e-4c6e-873f-852b796455de","severity":"debug","timestamp":"2026-03-25T12:03:28.601707431Z"}
{"http.req.id":"f6511c22-3c8f-47c9-9887-10158c0c03e6","http.req.method":"GET","http.req.path":"/product/66VCHSJNUP","http.resp.bytes":7870,"http.resp.status":200,"http.resp.took_ms":58,"message":"request complete","session":"514e00c6-206e-4c6e-873f-852b796455de","severity":"debug","timestamp":"2026-03-25T12:03:28.660162896Z"}
{"http.req.id":"df5597ab-8758-4dee-b9a8-4222d18b9035","http.req.method":"GET","http.req.path":"/_healthz","message":"request started","session":"x-readiness-probe","severity":"debug","timestamp":"2026-03-25T12:03:30.908814599Z"}
{"http.req.id":"df5597ab-8758-4dee-b9a8-4222d18b9035","http.req.method":"GET","http.req.path":"/_healthz","http.resp.bytes":2,"http.resp.status":200,"http.resp.took_ms":0,"message":"request complete","session":"x-readiness-probe","severity":"debug","timestamp":"2026-03-25T12:03:30.908926664Z"}
