{"http.req.id":"1fb95cdc-e610-4976-9f14-fec93c2874e7","http.req.method":"GET","http.req.path":"/cart","http.resp.bytes":19271,"http.resp.status":200,"http.resp.took_ms":23,"message":"request complete","session":"2d3bf3d7-22b5-49c9-8227-12126292f393","severity":"debug","timestamp":"2026-03-25T11:52:59.860742863Z"}
{"http.req.id":"5fa5411c-cf17-4bc6-ba60-2bee701cd44b","http.req.method":"GET","http.req.path":"/product/0PUK6V6EV0","http.resp.bytes":7972,"http.resp.status":200,"http.resp.took_ms":17,"message":"request complete","session":"514e00c6-206e-4c6e-873f-852b796455de","severity":"debug","timestamp":"2026-03-25T11:52:59.871768641Z"}
{"http.req.id":"f578fcba-5ec1-44c5-8177-b11379cf3b45","http.req.method":"POST","http.req.path":"/setCurrency","message":"request started","session":"fcb2831f-0627-4791-ac1d-23821dc5b140","severity":"debug","timestamp":"2026-03-25T11:53:00.204455335Z"}
{"curr.new":"TRY","curr.old":"GBP","http.req.id":"f578fcba-5ec1-44c5-8177-b11379cf3b45","http.req.method":"POST","http.req.path":"/setCurrency","message":"setting currency","session":"fcb2831f-0627-4791-ac1d-23821dc5b140","severity":"debug","timestamp":"2026-03-25T11:53:00.204669747Z"}
{"http.req.id":"f578fcba-5ec1-44c5-8177-b11379cf3b45","http.req.method":"POST","http.req.path":"/setCurrency","http.resp.bytes":0,"http.resp.status":302,"http.resp.took_ms":0,"message":"request complete","session":"fcb2831f-0627-4791-ac1d-23821dc5b140","severity":"debug","timestamp":"2026-03-25T11:53:00.204741995Z"}
{"http.req.id":"7810eddd-095a-47ec-94db-203e7b2107ab","http.req.method":"GET","http.req.path":"/","message":"request started","session":"fcb2831f-0627-4791-ac1d-23821dc5b140","severity":"debug","timestamp":"2026-03-25T11:53:00.205813821Z"}
{"currency":"TRY","http.req.id":"7810eddd-095a-47ec-94db-203e7b2107ab","http.req.method":"GET","http.req.path":"/","message":"home","session":"fcb2831f-0627-4791-ac1d-23821dc5b140","severity":"info","timestamp":"2026-03-25T11:53:00.205896977Z"}
{"http.req.id":"ffb86486-3f8f-4828-8187-7c3824e8c21a","http.req.method":"GET","http.req.path":"/product/6E92ZMYYFZ","message":"request started","session":"32217267-98ca-4d66-9fc8-3f088b8def0f","severity":"debug","timestamp":"2026-03-25T11:53:00.241608011Z"}
{"currency":"USD","http.req.id":"ffb86486-3f8f-4828-8187-7c3824e8c21a","http.req.method":"GET","http.req.path":"/product/6E92ZMYYFZ","id":"6E92ZMYYFZ","message":"serving product page","session":"32217267-98ca-4d66-9fc8-3f088b8def0f","severity":"debug","timestamp":"2026-03-25T11:53:00.241699356Z"}
env platform is either empty or invalid
{"http.req.id":"7810eddd-095a-47ec-94db-203e7b2107ab","http.req.method":"GET","http.req.path":"/","message":"ENV_PLATFORM is: local","session":"fcb2831f-0627-4791-ac1d-23821dc5b140","severity":"debug","timestamp":"2026-03-25T11:53:00.248081869Z"}
{"http.req.id":"7810eddd-095a-47ec-94db-203e7b2107ab","http.req.method":"GET","http.req.path":"/","http.resp.bytes":10501,"http.resp.status":200,"http.resp.took_ms":47,"message":"request complete","session":"fcb2831f-0627-4791-ac1d-23821dc5b140","severity":"debug","timestamp":"2026-03-25T11:53:00.252828989Z"}
{"http.req.id":"ffb86486-3f8f-4828-8187-7c3824e8c21a","http.req.method":"GET","http.req.path":"/product/6E92ZMYYFZ","http.resp.bytes":7932,"http.resp.status":200,"http.resp.took_ms":26,"message":"request complete","session":"32217267-98ca-4d66-9fc8-3f088b8def0f","severity":"debug","timestamp":"2026-03-25T11:53:00.267973425Z"}
{"http.req.id":"f9d886a7-ade5-4d85-8c85-7536788a830d","http.req.method":"GET","http.req.path":"/cart","message":"request started","session":"513dd945-739c-4fe3-8e54-6e6927fbb733","severity":"debug","timestamp":"2026-03-25T11:53:00.42297619Z"}
{"http.req.id":"f9d886a7-ade5-4d85-8c85-7536788a830d","http.req.method":"GET","http.req.path":"/cart","message":"view user cart","session":"513dd945-739c-4fe3-8e54-6e6927fbb733","severity":"debug","timestamp":"2026-03-25T11:53:00.423059901Z"}
{"http.req.id":"f9d886a7-ade5-4d85-8c85-7536788a830d","http.req.method":"GET","http.req.path":"/cart","http.resp.bytes":17821,"http.resp.status":200,"http.resp.took_ms":21,"message":"request complete","session":"513dd945-739c-4fe3-8e54-6e6927fbb733","severity":"debug","timestamp":"2026-03-25T11:53:00.444269509Z"}
{"http.req.id":"fce478de-53a2-4d91-a81f-2f0525097574","http.req.method":"GET","http.req.path":"/product/9SIQT8TOJO","message":"request started","session":"df4ce93a-5d92-40a8-93c2-540bf11bbb4d","severity":"debug","timestamp":"2026-03-25T11:53:00.628467717Z"}
{"currency":"USD","http.req.id":"fce478de-53a2-4d91-a81f-2f0525097574","http.req.method":"GET","http.req.path":"/product/9SIQT8TOJO","id":"9SIQT8TOJO","message":"serving product page","session":"df4ce93a-5d92-40a8-93c2-540bf11bbb4d","severity":"debug","timestamp":"2026-03-25T11:53:00.628560572Z"}
{"http.req.id":"fce478de-53a2-4d91-a81f-2f0525097574","http.req.method":"GET","http.req.path":"/product/9SIQT8TOJO","http.resp.bytes":8029,"http.resp.status":200,"http.resp.took_ms":17,"message":"request complete","session":"df4ce93a-5d92-40a8-93c2-540bf11bbb4d","severity":"debug","timestamp":"2026-03-25T11:53:00.645518593Z"}
{"http.req.id":"38eb77fe-7ca1-4813-ae50-22c627613093","http.req.method":"GET","http.req.path":"/cart","message":"request started","session":"a38c2610-1665-4c93-8051-4c451f5de325","severity":"debug","timestamp":"2026-03-25T11:53:00.76545509Z"}
{"http.req.id":"38eb77fe-7ca1-4813-ae50-22c627613093","http.req.method":"GET","http.req.path":"/cart","message":"view user cart","session":"a38c2610-1665-4c93-8051-4c451f5de325","severity":"debug","timestamp":"2026-03-25T11:53:00.765519047Z"}
{"http.req.id":"18ea4564-c041-4d30-8245-ab215fddc3a9","http.req.method":"GET","http.req.path":"/product/9SIQT8TOJO","message":"request started","session":"ecb080bf-5333-403f-9547-c8725d499228","severity":"debug","timestamp":"2026-03-25T11:53:00.768200821Z"}
{"currency":"JPY","http.req.id":"18ea4564-c041-4d30-8245-ab215fddc3a9","http.req.method":"GET","http.req.path":"/product/9SIQT8TOJO","id":"9SIQT8TOJO","message":"serving product page","session":"ecb080bf-5333-403f-9547-c8725d499228","severity":"debug","timestamp":"2026-03-25T11:53:00.768270593Z"}
{"http.req.id":"38eb77fe-7ca1-4813-ae50-22c627613093","http.req.method":"GET","http.req.path":"/cart","http.resp.bytes":6822,"http.resp.status":200,"http.resp.took_ms":20,"message":"request complete","session":"a38c2610-1665-4c93-8051-4c451f5de325","severity":"debug","timestamp":"2026-03-25T11:53:00.786323457Z"}
{"http.req.id":"18ea4564-c041-4d30-8245-ab215fddc3a9","http.req.method":"GET","http.req.path":"/product/9SIQT8TOJO","http.resp.bytes":8010,"http.resp.status":200,"http.resp.took_ms":77,"message":"request complete","session":"ecb080bf-5333-403f-9547-c8725d499228","severity":"debug","timestamp":"2026-03-25T11:53:00.845458883Z"}
{"http.req.id":"87bfbc14-6828-4a21-acc4-48a690138eb8","http.req.method":"GET","http.req.path":"/product/2ZYFJ3GM2N","message":"request started","session":"694745d8-a179-4c65-83d6-9ed873a7b94b","severity":"debug","timestamp":"2026-03-25T11:53:00.962605238Z"}
{"currency":"JPY","http.req.id":"87bfbc14-6828-4a21-acc4-48a690138eb8","http.req.method":"GET","http.req.path":"/product/2ZYFJ3GM2N","id":"2ZYFJ3GM2N","message":"serving product page","session":"694745d8-a179-4c65-83d6-9ed873a7b94b","severity":"debug","timestamp":"2026-03-25T11:53:00.962721306Z"}
{"http.req.id":"87bfbc14-6828-4a21-acc4-48a690138eb8","http.req.method":"GET","http.req.path":"/product/2ZYFJ3GM2N","http.resp.bytes":8008,"http.resp.status":200,"http.resp.took_ms":15,"message":"request complete","session":"694745d8-a179-4c65-83d6-9ed873a7b94b","severity":"debug","timestamp":"2026-03-25T11:53:00.977726764Z"}
{"http.req.id":"b473b485-3b79-4e44-87f6-e93bca5f2cf1","http.req.method":"GET","http.req.path":"/_healthz","message":"request started","session":"x-liveness-probe","severity":"debug","timestamp":"2026-03-25T11:53:01.357291501Z"}
{"http.req.id":"b473b485-3b79-4e44-87f6-e93bca5f2cf1","http.req.method":"GET","http.req.path":"/_healthz","http.resp.bytes":2,"http.resp.status":200,"http.resp.took_ms":0,"message":"request complete","session":"x-liveness-probe","severity":"debug","timestamp":"2026-03-25T11:53:01.35739132Z"}
{"http.req.id":"52a8a350-0564-4eea-acb0-b191f8154a13","http.req.method":"GET","http.req.path":"/product/1YMWWN1N4O","message":"request started","session":"514e00c6-206e-4c6e-873f-852b796455de","severity":"debug","timestamp":"2026-03-25T11:53:02.309910695Z"}
{"currency":"GBP","http.req.id":"52a8a350-0564-4eea-acb0-b191f8154a13","http.req.method":"GET","http.req.path":"/product/1YMWWN1N4O","id":"1YMWWN1N4O","message":"serving product page","session":"514e00c6-206e-4c6e-873f-852b796455de","severity":"debug","timestamp":"2026-03-25T11:53:02.309991762Z"}
{"http.req.id":"52a8a350-0564-4eea-acb0-b191f8154a13","http.req.method":"GET","http.req.path":"/product/1YMWWN1N4O","http.resp.bytes":7977,"http.resp.status":200,"http.resp.took_ms":13,"message":"request complete","session":"514e00c6-206e-4c6e-873f-852b796455de","severity":"debug","timestamp":"2026-03-25T11:53:02.323439373Z"}
{"http.req.id":"338eb66e-a2ee-4e4d-ae7a-6a79c5b13079","http.req.method":"GET","http.req.path":"/product/66VCHSJNUP","message":"request started","session":"fcb2831f-0627-4791-ac1d-23821dc5b140","severity":"debug","timestamp":"2026-03-25T11:53:02.468809051Z"}
{"currency":"TRY","http.req.id":"338eb66e-a2ee-4e4d-ae7a-6a79c5b13079","http.req.method":"GET","http.req.path":"/product/66VCHSJNUP","id":"66VCHSJNUP","message":"serving product page","session":"fcb2831f-0627-4791-ac1d-23821dc5b140","severity":"debug","timestamp":"2026-03-25T11:53:02.468887556Z"}
{"http.req.id":"338eb66e-a2ee-4e4d-ae7a-6a79c5b13079","http.req.method":"GET","http.req.path":"/product/66VCHSJNUP","http.resp.bytes":7965,"http.resp.status":200,"http.resp.took_ms":13,"message":"request complete","session":"fcb2831f-0627-4791-ac1d-23821dc5b140","severity":"debug","timestamp":"2026-03-25T11:53:02.481925618Z"}
{"http.req.id":"dda954e2-5d45-45ee-874f-4bf034e50fb5","http.req.method":"GET","http.req.path":"/product/2ZYFJ3GM2N","message":"request started","session":"827eab86-1aba-4a15-8740-5fee5900d10f","severity":"debug","timestamp":"2026-03-25T11:53:02.526047791Z"}
{"currency":"EUR","http.req.id":"dda954e2-5d45-45ee-874f-4bf034e50fb5","http.req.method":"GET","http.req.path":"/product/2ZYFJ3GM2N","id":"2ZYFJ3GM2N","message":"serving product page","session":"827eab86-1aba-4a15-8740-5fee5900d10f","severity":"debug","timestamp":"2026-03-25T11:53:02.526103594Z"}
{"http.req.id":"dda954e2-5d45-45ee-874f-4bf034e50fb5","http.req.method":"GET","http.req.path":"/product/2ZYFJ3GM2N","http.resp.bytes":8027,"http.resp.status":200,"http.resp.took_ms":12,"message":"request complete","session":"827eab86-1aba-4a15-8740-5fee5900d10f","severity":"debug","timestamp":"2026-03-25T11:53:02.538237369Z"}
{"http.req.id":"43461439-c157-4dd6-9844-f8f8d04474ea","http.req.method":"GET","http.req.path":"/product/0PUK6V6EV0","message":"request started","session":"2d3bf3d7-22b5-49c9-8227-12126292f393","severity":"debug","timestamp":"2026-03-25T11:53:02.622467377Z"}
{"currency":"CAD","http.req.id":"43461439-c157-4dd6-9844-f8f8d04474ea","http.req.method":"GET","http.req.path":"/product/0PUK6V6EV0","id":"0PUK6V6EV0","message":"serving product page","session":"2d3bf3d7-22b5-49c9-8227-12126292f393","severity":"debug","timestamp":"2026-03-25T11:53:02.622576355Z"}
{"http.req.id":"43461439-c157-4dd6-9844-f8f8d04474ea","http.req.method":"GET","http.req.path":"/product/0PUK6V6EV0","http.resp.bytes":7960,"http.resp.status":200,"http.resp.took_ms":15,"message":"request complete","session":"2d3bf3d7-22b5-49c9-8227-12126292f393","severity":"debug","timestamp":"2026-03-25T11:53:02.63833683Z"}
{"http.req.id":"f36b532f-ee06-4c45-9877-45380bd73806","http.req.method":"GET","http.req.path":"/product/9SIQT8TOJO","message":"request started","session":"ecb080bf-5333-403f-9547-c8725d499228","severity":"debug","timestamp":"2026-03-25T11:53:04.148301731Z"}
{"currency":"JPY","http.req.id":"f36b532f-ee06-4c45-9877-45380bd73806","http.req.method":"GET","http.req.path":"/product/9SIQT8TOJO","id":"9SIQT8TOJO","message":"serving product page","session":"ecb080bf-5333-403f-9547-c8725d499228","severity":"debug","timestamp":"2026-03-25T11:53:04.148382041Z"}
{"http.req.id":"f36b532f-ee06-4c45-9877-45380bd73806","http.req.method":"GET","http.req.path":"/product/9SIQT8TOJO","http.resp.bytes":8014,"http.resp.status":200,"http.resp.took_ms":17,"message":"request complete","session":"ecb080bf-5333-403f-9547-c8725d499228","severity":"debug","timestamp":"2026-03-25T11:53:04.167068927Z"}
{"http.req.id":"7c338476-e8c0-42d5-a587-4196fe15b058","http.req.method":"GET","http.req.path":"/cart","message":"request started","session":"32217267-98ca-4d66-9fc8-3f088b8def0f","severity":"debug","timestamp":"2026-03-25T11:53:04.772011314Z"}
{"http.req.id":"7c338476-e8c0-42d5-a587-4196fe15b058","http.req.method":"GET","http.req.path":"/cart","message":"view user cart","session":"32217267-98ca-4d66-9fc8-3f088b8def0f","severity":"debug","timestamp":"2026-03-25T11:53:04.772090572Z"}
{"http.req.id":"7c338476-e8c0-42d5-a587-4196fe15b058","http.req.method":"GET","http.req.path":"/cart","http.resp.bytes":16389,"http.resp.status":200,"http.resp.took_ms":19,"message":"request complete","session":"32217267-98ca-4d66-9fc8-3f088b8def0f","severity":"debug","timestamp":"2026-03-25T11:53:04.791201736Z"}
{"http.req.id":"c68060f8-15b9-4299-a72d-2d5442ec63e5","http.req.method":"GET","http.req.path":"/product/L9ECAV7KIM","message":"request started","session":"2d3bf3d7-22b5-49c9-8227-12126292f393","severity":"debug","timestamp":"2026-03-25T11:53:05.207005498Z"}
{"currency":"CAD","http.req.id":"c68060f8-15b9-4299-a72d-2d5442ec63e5","http.req.method":"GET","http.req.path":"/product/L9ECAV7KIM","id":"L9ECAV7KIM","message":"serving product page","session":"2d3bf3d7-22b5-49c9-8227-12126292f393","severity":"debug","timestamp":"2026-03-25T11:53:05.207508258Z"}
{"http.req.id":"c68060f8-15b9-4299-a72d-2d5442ec63e5","http.req.method":"GET","http.req.path":"/product/L9ECAV7KIM","http.resp.bytes":7965,"http.resp.status":200,"http.resp.took_ms":15,"message":"request complete","session":"2d3bf3d7-22b5-49c9-8227-12126292f393","severity":"debug","timestamp":"2026-03-25T11:53:05.222490768Z"}
{"http.req.id":"4bdbd386-1e5e-4e33-b8b3-f2bbae6c6082","http.req.method":"GET","http.req.path":"/product/1YMWWN1N4O","message":"request started","session":"a38c2610-1665-4c93-8051-4c451f5de325","severity":"debug","timestamp":"2026-03-25T11:53:05.294044438Z"}
{"currency":"JPY","http.req.id":"4bdbd386-1e5e-4e33-b8b3-f2bbae6c6082","http.req.method":"GET","http.req.path":"/product/1YMWWN1N4O","id":"1YMWWN1N4O","message":"serving product page","session":"a38c2610-1665-4c93-8051-4c451f5de325","severity":"debug","timestamp":"2026-03-25T11:53:05.294144216Z"}
{"http.req.id":"4bdbd386-1e5e-4e33-b8b3-f2bbae6c6082","http.req.method":"GET","http.req.path":"/product/1YMWWN1N4O","http.resp.bytes":7930,"http.resp.status":200,"http.resp.took_ms":16,"message":"request complete","session":"a38c2610-1665-4c93-8051-4c451f5de325","severity":"debug","timestamp":"2026-03-25T11:53:05.310209605Z"}
{"http.req.id":"46dd6981-ad46-4fd3-9b3d-a2f32d76c9b7","http.req.method":"POST","http.req.path":"/setCurrency","message":"request started","session":"827eab86-1aba-4a15-8740-5fee5900d10f","severity":"debug","timestamp":"2026-03-25T11:53:05.409475156Z"}
{"curr.new":"CAD","curr.old":"EUR","http.req.id":"46dd6981-ad46-4fd3-9b3d-a2f32d76c9b7","http.req.method":"POST","http.req.path":"/setCurrency","message":"setting currency","session":"827eab86-1aba-4a15-8740-5fee5900d10f","severity":"debug","timestamp":"2026-03-25T11:53:05.409640764Z"}
{"http.req.id":"46dd6981-ad46-4fd3-9b3d-a2f32d76c9b7","http.req.method":"POST","http.req.path":"/setCurrency","http.resp.bytes":0,"http.resp.status":302,"http.resp.took_ms":0,"message":"request complete","session":"827eab86-1aba-4a15-8740-5fee5900d10f","severity":"debug","timestamp":"2026-03-25T11:53:05.409673853Z"}
{"http.req.id":"6284cf11-f775-4955-83a1-18a4c650e212","http.req.method":"GET","http.req.path":"/","message":"request started","session":"827eab86-1aba-4a15-8740-5fee5900d10f","severity":"debug","timestamp":"2026-03-25T11:53:05.410750226Z"}
{"currency":"CAD","http.req.id":"6284cf11-f775-4955-83a1-18a4c650e212","http.req.method":"GET","http.req.path":"/","message":"home","session":"827eab86-1aba-4a15-8740-5fee5900d10f","severity":"info","timestamp":"2026-03-25T11:53:05.410837196Z"}
env platform is either empty or invalid
{"http.req.id":"6284cf11-f775-4955-83a1-18a4c650e212","http.req.method":"GET","http.req.path":"/","message":"ENV_PLATFORM is: local","session":"827eab86-1aba-4a15-8740-5fee5900d10f","severity":"debug","timestamp":"2026-03-25T11:53:05.449839776Z"}
{"http.req.id":"6284cf11-f775-4955-83a1-18a4c650e212","http.req.method":"GET","http.req.path":"/","http.resp.bytes":10474,"http.resp.status":200,"http.resp.took_ms":41,"message":"request complete","session":"827eab86-1aba-4a15-8740-5fee5900d10f","severity":"debug","timestamp":"2026-03-25T11:53:05.452084655Z"}
{"http.req.id":"43995236-4787-4da0-bb0e-d52263c3e322","http.req.method":"GET","http.req.path":"/_healthz","message":"request started","session":"x-readiness-probe","severity":"debug","timestamp":"2026-03-25T11:53:05.565458858Z"}
{"http.req.id":"43995236-4787-4da0-bb0e-d52263c3e322","http.req.method":"GET","http.req.path":"/_healthz","http.resp.bytes":2,"http.resp.status":200,"http.resp.took_ms":0,"message":"request complete","session":"x-readiness-probe","severity":"debug","timestamp":"2026-03-25T11:53:05.565608531Z"}
{"http.req.id":"c04a4db3-2f6a-42b8-ba60-9dc14bbc4e77","http.req.method":"GET","http.req.path":"/product/66VCHSJNUP","message":"request started","session":"ecb080bf-5333-403f-9547-c8725d499228","severity":"debug","timestamp":"2026-03-25T11:53:06.005733246Z"}
{"currency":"JPY","http.req.id":"c04a4db3-2f6a-42b8-ba60-9dc14bbc4e77","http.req.method":"GET","http.req.path":"/product/66VCHSJNUP","id":"66VCHSJNUP","message":"serving product page","session":"ecb080bf-5333-403f-9547-c8725d499228","severity":"debug","timestamp":"2026-03-25T11:53:06.005820447Z"}
{"http.req.id":"c04a4db3-2f6a-42b8-ba60-9dc14bbc4e77","http.req.method":"GET","http.req.path":"/product/66VCHSJNUP","http.resp.bytes":8002,"http.resp.status":200,"http.resp.took_ms":13,"message":"request complete","session":"ecb080bf-5333-403f-9547-c8725d499228","severity":"debug","timestamp":"2026-03-25T11:53:06.019163883Z"}
{"http.req.id":"b2801f27-6ef0-46c3-a6bf-e6f9a19a1346","http.req.method":"POST","http.req.path":"/cart","message":"request started","session":"ecb080bf-5333-403f-9547-c8725d499228","severity":"debug","timestamp":"2026-03-25T11:53:06.019864153Z"}
{"http.req.id":"b2801f27-6ef0-46c3-a6bf-e6f9a19a1346","http.req.method":"POST","http.req.path":"/cart","message":"adding to cart","product":"66VCHSJNUP","quantity":9,"session":"ecb080bf-5333-403f-9547-c8725d499228","severity":"debug","timestamp":"2026-03-25T11:53:06.019964356Z"}
{"http.req.id":"b2801f27-6ef0-46c3-a6bf-e6f9a19a1346","http.req.method":"POST","http.req.path":"/cart","http.resp.bytes":0,"http.resp.status":302,"http.resp.took_ms":2,"message":"request complete","session":"ecb080bf-5333-403f-9547-c8725d499228","severity":"debug","timestamp":"2026-03-25T11:53:06.022460141Z"}
{"http.req.id":"2d595460-94b4-4ac6-8778-efc3e3222fd4","http.req.method":"GET","http.req.path":"/cart","message":"request started","session":"ecb080bf-5333-403f-9547-c8725d499228","severity":"debug","timestamp":"2026-03-25T11:53:06.023338012Z"}
{"http.req.id":"2d595460-94b4-4ac6-8778-efc3e3222fd4","http.req.method":"GET","http.req.path":"/cart","message":"view user cart","session":"ecb080bf-5333-403f-9547-c8725d499228","severity":"debug","timestamp":"2026-03-25T11:53:06.023386819Z"}
{"http.req.id":"2d595460-94b4-4ac6-8778-efc3e3222fd4","http.req.method":"GET","http.req.path":"/cart","http.resp.bytes":22130,"http.resp.status":200,"http.resp.took_ms":18,"message":"request complete","session":"ecb080bf-5333-403f-9547-c8725d499228","severity":"debug","timestamp":"2026-03-25T11:53:06.041391796Z"}
{"http.req.id":"d1e1faf1-6f75-4510-9617-998db5282193","http.req.method":"GET","http.req.path":"/product/9SIQT8TOJO","message":"request started","session":"fcb2831f-0627-4791-ac1d-23821dc5b140","severity":"debug","timestamp":"2026-03-25T11:53:06.307547572Z"}
{"currency":"TRY","http.req.id":"d1e1faf1-6f75-4510-9617-998db5282193","http.req.method":"GET","http.req.path":"/product/9SIQT8TOJO","id":"9SIQT8TOJO","message":"serving product page","session":"fcb2831f-0627-4791-ac1d-23821dc5b140","severity":"debug","timestamp":"2026-03-25T11:53:06.307657254Z"}
{"http.req.id":"d1e1faf1-6f75-4510-9617-998db5282193","http.req.method":"GET","http.req.path":"/product/9SIQT8TOJO","http.resp.bytes":8019,"http.resp.status":200,"http.resp.took_ms":39,"message":"request complete","session":"fcb2831f-0627-4791-ac1d-23821dc5b140","severity":"debug","timestamp":"2026-03-25T11:53:06.346807343Z"}
{"http.req.id":"751df855-7cd6-4623-9d19-834faf070682","http.req.method":"GET","http.req.path":"/product/LS4PSXUNUM","message":"request started","session":"513dd945-739c-4fe3-8e54-6e6927fbb733","severity":"debug","timestamp":"2026-03-25T11:53:07.042321656Z"}
{"currency":"GBP","http.req.id":"751df855-7cd6-4623-9d19-834faf070682","http.req.method":"GET","http.req.path":"/product/LS4PSXUNUM","id":"LS4PSXUNUM","message":"serving product page","session":"513dd945-739c-4fe3-8e54-6e6927fbb733","severity":"debug","timestamp":"2026-03-25T11:53:07.042405127Z"}
{"http.req.id":"751df855-7cd6-4623-9d19-834faf070682","http.req.method":"GET","http.req.path":"/product/LS4PSXUNUM","http.resp.bytes":7974,"http.resp.status":200,"http.resp.took_ms":21,"message":"request complete","session":"513dd945-739c-4fe3-8e54-6e6927fbb733","severity":"debug","timestamp":"2026-03-25T11:53:07.063907108Z"}
{"http.req.id":"8c63d988-34f6-466c-ad23-bd501c81da1f","http.req.method":"GET","http.req.path":"/product/2ZYFJ3GM2N","message":"request started","session":"fcb2831f-0627-4791-ac1d-23821dc5b140","severity":"debug","timestamp":"2026-03-25T11:53:07.731791867Z"}
{"currency":"TRY","http.req.id":"8c63d988-34f6-466c-ad23-bd501c81da1f","http.req.method":"GET","http.req.path":"/product/2ZYFJ3GM2N","id":"2ZYFJ3GM2N","message":"serving product page","session":"fcb2831f-0627-4791-ac1d-23821dc5b140","severity":"debug","timestamp":"2026-03-25T11:53:07.731892187Z"}
{"http.req.id":"8c63d988-34f6-466c-ad23-bd501c81da1f","http.req.method":"GET","http.req.path":"/product/2ZYFJ3GM2N","http.resp.bytes":7987,"http.resp.status":200,"http.resp.took_ms":18,"message":"request complete","session":"fcb2831f-0627-4791-ac1d-23821dc5b140","severity":"debug","timestamp":"2026-03-25T11:53:07.750433189Z"}
{"http.req.id":"54e7ad3a-3cb8-48d6-80c2-eaafc9081591","http.req.method":"GET","http.req.path":"/product/1YMWWN1N4O","message":"request started","session":"ecb080bf-5333-403f-9547-c8725d499228","severity":"debug","timestamp":"2026-03-25T11:53:09.383724491Z"}
{"currency":"JPY","http.req.id":"54e7ad3a-3cb8-48d6-80c2-eaafc9081591","http.req.method":"GET","http.req.path":"/product/1YMWWN1N4O","id":"1YMWWN1N4O","message":"serving product page","session":"ecb080bf-5333-403f-9547-c8725d499228","severity":"debug","timestamp":"2026-03-25T11:53:09.383813095Z"}
{"http.req.id":"54e7ad3a-3cb8-48d6-80c2-eaafc9081591","http.req.method":"GET","http.req.path":"/product/1YMWWN1N4O","http.resp.bytes":7996,"http.resp.status":200,"http.resp.took_ms":16,"message":"request complete","session":"ecb080bf-5333-403f-9547-c8725d499228","severity":"debug","timestamp":"2026-03-25T11:53:09.399905935Z"}
{"http.req.id":"6f807391-2248-4982-be3f-66f636ed4a81","http.req.method":"GET","http.req.path":"/product/6E92ZMYYFZ","message":"request started","session":"a38c2610-1665-4c93-8051-4c451f5de325","severity":"debug","timestamp":"2026-03-25T11:53:09.805770007Z"}
{"currency":"JPY","http.req.id":"6f807391-2248-4982-be3f-66f636ed4a81","http.req.method":"GET","http.req.path":"/product/6E92ZMYYFZ","id":"6E92ZMYYFZ","message":"serving product page","session":"a38c2610-1665-4c93-8051-4c451f5de325","severity":"debug","timestamp":"2026-03-25T11:53:09.805909801Z"}
{"http.req.id":"6f807391-2248-4982-be3f-66f636ed4a81","http.req.method":"GET","http.req.path":"/product/6E92ZMYYFZ","http.resp.bytes":7900,"http.resp.status":200,"http.resp.took_ms":18,"message":"request complete","session":"a38c2610-1665-4c93-8051-4c451f5de325","severity":"debug","timestamp":"2026-03-25T11:53:09.824134022Z"}
{"http.req.id":"7a1ee175-eae2-44c7-ab36-fb12648f32d4","http.req.method":"GET","http.req.path":"/cart","message":"request started","session":"514e00c6-206e-4c6e-873f-852b796455de","severity":"debug","timestamp":"2026-03-25T11:53:09.921332911Z"}
{"http.req.id":"7a1ee175-eae2-44c7-ab36-fb12648f32d4","http.req.method":"GET","http.req.path":"/cart","message":"view user cart","session":"514e00c6-206e-4c6e-873f-852b796455de","severity":"debug","timestamp":"2026-03-25T11:53:09.921417207Z"}
{"http.req.id":"7a1ee175-eae2-44c7-ab36-fb12648f32d4","http.req.method":"GET","http.req.path":"/cart","http.resp.bytes":19252,"http.resp.status":200,"http.resp.took_ms":27,"message":"request complete","session":"514e00c6-206e-4c6e-873f-852b796455de","severity":"debug","timestamp":"2026-03-25T11:53:09.949274892Z"}
{"http.req.id":"84281d45-01af-46ad-9fc2-15ab584bb551","http.req.method":"GET","http.req.path":"/product/L9ECAV7KIM","message":"request started","session":"df4ce93a-5d92-40a8-93c2-540bf11bbb4d","severity":"debug","timestamp":"2026-03-25T11:53:10.061805244Z"}
{"currency":"USD","http.req.id":"84281d45-01af-46ad-9fc2-15ab584bb551","http.req.method":"GET","http.req.path":"/product/L9ECAV7KIM","id":"L9ECAV7KIM","message":"serving product page","session":"df4ce93a-5d92-40a8-93c2-540bf11bbb4d","severity":"debug","timestamp":"2026-03-25T11:53:10.061879166Z"}
{"http.req.id":"84281d45-01af-46ad-9fc2-15ab584bb551","http.req.method":"GET","http.req.path":"/product/L9ECAV7KIM","http.resp.bytes":7985,"http.resp.status":200,"http.resp.took_ms":16,"message":"request complete","session":"df4ce93a-5d92-40a8-93c2-540bf11bbb4d","severity":"debug","timestamp":"2026-03-25T11:53:10.078718635Z"}
{"http.req.id":"8afab6a5-8825-4f91-9d12-d6d455022168","http.req.method":"GET","http.req.path":"/product/6E92ZMYYFZ","message":"request started","session":"827eab86-1aba-4a15-8740-5fee5900d10f","severity":"debug","timestamp":"2026-03-25T11:53:10.573788039Z"}
{"currency":"CAD","http.req.id":"8afab6a5-8825-4f91-9d12-d6d455022168","http.req.method":"GET","http.req.path":"/product/6E92ZMYYFZ","id":"6E92ZMYYFZ","message":"serving product page","session":"827eab86-1aba-4a15-8740-5fee5900d10f","severity":"debug","timestamp":"2026-03-25T11:53:10.573873782Z"}
{"http.req.id":"8afab6a5-8825-4f91-9d12-d6d455022168","http.req.method":"GET","http.req.path":"/product/6E92ZMYYFZ","http.resp.bytes":7949,"http.resp.status":200,"http.resp.took_ms":17,"message":"request complete","session":"827eab86-1aba-4a15-8740-5fee5900d10f","severity":"debug","timestamp":"2026-03-25T11:53:10.591479087Z"}
{"http.req.id":"9eb091ef-92b4-4025-b73d-8c4dcf604469","http.req.method":"GET","http.req.path":"/product/2ZYFJ3GM2N","message":"request started","session":"694745d8-a179-4c65-83d6-9ed873a7b94b","severity":"debug","timestamp":"2026-03-25T11:53:10.659148214Z"}
{"currency":"JPY","http.req.id":"9eb091ef-92b4-4025-b73d-8c4dcf604469","http.req.method":"GET","http.req.path":"/product/2ZYFJ3GM2N","id":"2ZYFJ3GM2N","message":"serving product page","session":"694745d8-a179-4c65-83d6-9ed873a7b94b","severity":"debug","timestamp":"2026-03-25T11:53:10.659220435Z"}
{"http.req.id":"9eb091ef-92b4-4025-b73d-8c4dcf604469","http.req.method":"GET","http.req.path":"/product/2ZYFJ3GM2N","http.resp.bytes":8002,"http.resp.status":200,"http.resp.took_ms":16,"message":"request complete","session":"694745d8-a179-4c65-83d6-9ed873a7b94b","severity":"debug","timestamp":"2026-03-25T11:53:10.675536768Z"}
