{"currency":"EUR","http.req.id":"f3dc9cc7-346f-455f-8794-9081e756410f","http.req.method":"GET","http.req.path":"/product/L9ECAV7KIM","id":"L9ECAV7KIM","message":"serving product page","session":"2d3bf3d7-22b5-49c9-8227-12126292f393","severity":"debug","timestamp":"2026-03-25T12:16:30.318269633Z"}
{"http.req.id":"f3dc9cc7-346f-455f-8794-9081e756410f","http.req.method":"GET","http.req.path":"/product/L9ECAV7KIM","http.resp.bytes":8055,"http.resp.status":200,"http.resp.took_ms":17,"message":"request complete","session":"2d3bf3d7-22b5-49c9-8227-12126292f393","severity":"debug","timestamp":"2026-03-25T12:16:30.335640786Z"}
{"http.req.id":"3c34ec55-ffe6-455e-aa06-f81a08434096","http.req.method":"GET","http.req.path":"/cart","message":"request started","session":"827eab86-1aba-4a15-8740-5fee5900d10f","severity":"debug","timestamp":"2026-03-25T12:16:31.513356982Z"}
{"http.req.id":"3c34ec55-ffe6-455e-aa06-f81a08434096","http.req.method":"GET","http.req.path":"/cart","message":"view user cart","session":"827eab86-1aba-4a15-8740-5fee5900d10f","severity":"debug","timestamp":"2026-03-25T12:16:31.513481213Z"}
{"http.req.id":"3c34ec55-ffe6-455e-aa06-f81a08434096","http.req.method":"GET","http.req.path":"/cart","http.resp.bytes":6876,"http.resp.status":200,"http.resp.took_ms":17,"message":"request complete","session":"827eab86-1aba-4a15-8740-5fee5900d10f","severity":"debug","timestamp":"2026-03-25T12:16:31.530890926Z"}
{"http.req.id":"b9b8c1f1-df90-436b-9eca-fc07eda0add1","http.req.method":"GET","http.req.path":"/product/6E92ZMYYFZ","message":"request started","session":"df4ce93a-5d92-40a8-93c2-540bf11bbb4d","severity":"debug","timestamp":"2026-03-25T12:16:31.591355297Z"}
{"currency":"CAD","http.req.id":"b9b8c1f1-df90-436b-9eca-fc07eda0add1","http.req.method":"GET","http.req.path":"/product/6E92ZMYYFZ","id":"6E92ZMYYFZ","message":"serving product page","session":"df4ce93a-5d92-40a8-93c2-540bf11bbb4d","severity":"debug","timestamp":"2026-03-25T12:16:31.591465816Z"}
{"http.req.id":"b9b8c1f1-df90-436b-9eca-fc07eda0add1","http.req.method":"GET","http.req.path":"/product/6E92ZMYYFZ","http.resp.bytes":7916,"http.resp.status":200,"http.resp.took_ms":20,"message":"request complete","session":"df4ce93a-5d92-40a8-93c2-540bf11bbb4d","severity":"debug","timestamp":"2026-03-25T12:16:31.612064632Z"}
{"http.req.id":"a62b3b2a-c700-4a85-b760-3ae57f98419c","http.req.method":"GET","http.req.path":"/_healthz","message":"request started","session":"x-readiness-probe","severity":"debug","timestamp":"2026-03-25T12:16:32.847453063Z"}
{"http.req.id":"a62b3b2a-c700-4a85-b760-3ae57f98419c","http.req.method":"GET","http.req.path":"/_healthz","http.resp.bytes":2,"http.resp.status":200,"http.resp.took_ms":0,"message":"request complete","session":"x-readiness-probe","severity":"debug","timestamp":"2026-03-25T12:16:32.847563489Z"}
{"http.req.id":"10bb8076-271f-4d67-a1f3-f163e2d66f60","http.req.method":"GET","http.req.path":"/cart","message":"request started","session":"514e00c6-206e-4c6e-873f-852b796455de","severity":"debug","timestamp":"2026-03-25T12:16:33.348695187Z"}
{"http.req.id":"10bb8076-271f-4d67-a1f3-f163e2d66f60","http.req.method":"GET","http.req.path":"/cart","message":"view user cart","session":"514e00c6-206e-4c6e-873f-852b796455de","severity":"debug","timestamp":"2026-03-25T12:16:33.348785844Z"}
{"http.req.id":"10bb8076-271f-4d67-a1f3-f163e2d66f60","http.req.method":"GET","http.req.path":"/cart","http.resp.bytes":6895,"http.resp.status":200,"http.resp.took_ms":19,"message":"request complete","session":"514e00c6-206e-4c6e-873f-852b796455de","severity":"debug","timestamp":"2026-03-25T12:16:33.368417967Z"}
{"http.req.id":"17ef96a7-699a-4811-a4e6-020eaca1db04","http.req.method":"GET","http.req.path":"/product/L9ECAV7KIM","message":"request started","session":"ecb080bf-5333-403f-9547-c8725d499228","severity":"debug","timestamp":"2026-03-25T12:16:33.766934891Z"}
{"currency":"GBP","http.req.id":"17ef96a7-699a-4811-a4e6-020eaca1db04","http.req.method":"GET","http.req.path":"/product/L9ECAV7KIM","id":"L9ECAV7KIM","message":"serving product page","session":"ecb080bf-5333-403f-9547-c8725d499228","severity":"debug","timestamp":"2026-03-25T12:16:33.767044177Z"}
{"http.req.id":"2a55e05e-45d8-4913-b162-ec945dbc2e44","http.req.method":"GET","http.req.path":"/product/LS4PSXUNUM","message":"request started","session":"694745d8-a179-4c65-83d6-9ed873a7b94b","severity":"debug","timestamp":"2026-03-25T12:16:33.832922669Z"}
{"currency":"CAD","http.req.id":"2a55e05e-45d8-4913-b162-ec945dbc2e44","http.req.method":"GET","http.req.path":"/product/LS4PSXUNUM","id":"LS4PSXUNUM","message":"serving product page","session":"694745d8-a179-4c65-83d6-9ed873a7b94b","severity":"debug","timestamp":"2026-03-25T12:16:33.833024971Z"}
{"http.req.id":"17ef96a7-699a-4811-a4e6-020eaca1db04","http.req.method":"GET","http.req.path":"/product/L9ECAV7KIM","http.resp.bytes":8047,"http.resp.status":200,"http.resp.took_ms":74,"message":"request complete","session":"ecb080bf-5333-403f-9547-c8725d499228","severity":"debug","timestamp":"2026-03-25T12:16:33.841685919Z"}
{"http.req.id":"b82451b5-857d-4a26-b0bf-53dd183321d4","http.req.method":"POST","http.req.path":"/cart","message":"request started","session":"ecb080bf-5333-403f-9547-c8725d499228","severity":"debug","timestamp":"2026-03-25T12:16:33.843749318Z"}
{"http.req.id":"b82451b5-857d-4a26-b0bf-53dd183321d4","http.req.method":"POST","http.req.path":"/cart","message":"adding to cart","product":"L9ECAV7KIM","quantity":8,"session":"ecb080bf-5333-403f-9547-c8725d499228","severity":"debug","timestamp":"2026-03-25T12:16:33.843858861Z"}
{"http.req.id":"b82451b5-857d-4a26-b0bf-53dd183321d4","http.req.method":"POST","http.req.path":"/cart","http.resp.bytes":0,"http.resp.status":302,"http.resp.took_ms":24,"message":"request complete","session":"ecb080bf-5333-403f-9547-c8725d499228","severity":"debug","timestamp":"2026-03-25T12:16:33.868160072Z"}
{"http.req.id":"56156493-6cfd-453c-b1cd-cdcccd207219","http.req.method":"GET","http.req.path":"/cart","message":"request started","session":"ecb080bf-5333-403f-9547-c8725d499228","severity":"debug","timestamp":"2026-03-25T12:16:33.932303959Z"}
{"http.req.id":"56156493-6cfd-453c-b1cd-cdcccd207219","http.req.method":"GET","http.req.path":"/cart","message":"view user cart","session":"ecb080bf-5333-403f-9547-c8725d499228","severity":"debug","timestamp":"2026-03-25T12:16:33.932399998Z"}
{"http.req.id":"2a55e05e-45d8-4913-b162-ec945dbc2e44","http.req.method":"GET","http.req.path":"/product/LS4PSXUNUM","http.resp.bytes":7929,"http.resp.status":200,"http.resp.took_ms":107,"message":"request complete","session":"694745d8-a179-4c65-83d6-9ed873a7b94b","severity":"debug","timestamp":"2026-03-25T12:16:33.940646221Z"}
{"http.req.id":"56156493-6cfd-453c-b1cd-cdcccd207219","http.req.method":"GET","http.req.path":"/cart","http.resp.bytes":17869,"http.resp.status":200,"http.resp.took_ms":106,"message":"request complete","session":"ecb080bf-5333-403f-9547-c8725d499228","severity":"debug","timestamp":"2026-03-25T12:16:34.039134123Z"}
{"http.req.id":"7ba80609-eefd-4fb0-a5be-4d45978bf2a1","http.req.method":"GET","http.req.path":"/product/6E92ZMYYFZ","message":"request started","session":"2d3bf3d7-22b5-49c9-8227-12126292f393","severity":"debug","timestamp":"2026-03-25T12:16:35.130555329Z"}
{"currency":"EUR","http.req.id":"7ba80609-eefd-4fb0-a5be-4d45978bf2a1","http.req.method":"GET","http.req.path":"/product/6E92ZMYYFZ","id":"6E92ZMYYFZ","message":"serving product page","session":"2d3bf3d7-22b5-49c9-8227-12126292f393","severity":"debug","timestamp":"2026-03-25T12:16:35.130645022Z"}
{"http.req.id":"7ba80609-eefd-4fb0-a5be-4d45978bf2a1","http.req.method":"GET","http.req.path":"/product/6E92ZMYYFZ","http.resp.bytes":8000,"http.resp.status":200,"http.resp.took_ms":32,"message":"request complete","session":"2d3bf3d7-22b5-49c9-8227-12126292f393","severity":"debug","timestamp":"2026-03-25T12:16:35.163360611Z"}
{"http.req.id":"f23ad33a-4887-4fbf-a78d-d239e014387b","http.req.method":"GET","http.req.path":"/product/9SIQT8TOJO","message":"request started","session":"df4ce93a-5d92-40a8-93c2-540bf11bbb4d","severity":"debug","timestamp":"2026-03-25T12:16:35.375951152Z"}
{"currency":"CAD","http.req.id":"f23ad33a-4887-4fbf-a78d-d239e014387b","http.req.method":"GET","http.req.path":"/product/9SIQT8TOJO","id":"9SIQT8TOJO","message":"serving product page","session":"df4ce93a-5d92-40a8-93c2-540bf11bbb4d","severity":"debug","timestamp":"2026-03-25T12:16:35.37693725Z"}
{"http.req.id":"f23ad33a-4887-4fbf-a78d-d239e014387b","http.req.method":"GET","http.req.path":"/product/9SIQT8TOJO","http.resp.bytes":7982,"http.resp.status":200,"http.resp.took_ms":62,"message":"request complete","session":"df4ce93a-5d92-40a8-93c2-540bf11bbb4d","severity":"debug","timestamp":"2026-03-25T12:16:35.438270958Z"}
{"http.req.id":"0b84ef04-297b-46fe-b3c8-d80504d787c6","http.req.method":"POST","http.req.path":"/cart","message":"request started","session":"df4ce93a-5d92-40a8-93c2-540bf11bbb4d","severity":"debug","timestamp":"2026-03-25T12:16:35.439923207Z"}
{"http.req.id":"0b84ef04-297b-46fe-b3c8-d80504d787c6","http.req.method":"POST","http.req.path":"/cart","message":"adding to cart","product":"9SIQT8TOJO","quantity":2,"session":"df4ce93a-5d92-40a8-93c2-540bf11bbb4d","severity":"debug","timestamp":"2026-03-25T12:16:35.440156289Z"}
{"http.req.id":"0b84ef04-297b-46fe-b3c8-d80504d787c6","http.req.method":"POST","http.req.path":"/cart","http.resp.bytes":0,"http.resp.status":302,"http.resp.took_ms":5,"message":"request complete","session":"df4ce93a-5d92-40a8-93c2-540bf11bbb4d","severity":"debug","timestamp":"2026-03-25T12:16:35.445417634Z"}
{"http.req.id":"9dbad432-2c83-4fe1-ae71-28804deb91d1","http.req.method":"GET","http.req.path":"/cart","message":"request started","session":"df4ce93a-5d92-40a8-93c2-540bf11bbb4d","severity":"debug","timestamp":"2026-03-25T12:16:35.447017495Z"}
{"http.req.id":"9dbad432-2c83-4fe1-ae71-28804deb91d1","http.req.method":"GET","http.req.path":"/cart","message":"view user cart","session":"df4ce93a-5d92-40a8-93c2-540bf11bbb4d","severity":"debug","timestamp":"2026-03-25T12:16:35.447143651Z"}
{"http.req.id":"9dbad432-2c83-4fe1-ae71-28804deb91d1","http.req.method":"GET","http.req.path":"/cart","http.resp.bytes":16474,"http.resp.status":200,"http.resp.took_ms":192,"message":"request complete","session":"df4ce93a-5d92-40a8-93c2-540bf11bbb4d","severity":"debug","timestamp":"2026-03-25T12:16:35.639478166Z"}
{"http.req.id":"8f183f38-8465-4d5e-be1f-b8c77ce37ddf","http.req.method":"POST","http.req.path":"/cart/checkout","message":"request started","session":"df4ce93a-5d92-40a8-93c2-540bf11bbb4d","severity":"debug","timestamp":"2026-03-25T12:16:35.649736168Z"}
{"http.req.id":"8f183f38-8465-4d5e-be1f-b8c77ce37ddf","http.req.method":"POST","http.req.path":"/cart/checkout","message":"placing order","session":"df4ce93a-5d92-40a8-93c2-540bf11bbb4d","severity":"debug","timestamp":"2026-03-25T12:16:35.650056847Z"}
{"http.req.id":"8f183f38-8465-4d5e-be1f-b8c77ce37ddf","http.req.method":"POST","http.req.path":"/cart/checkout","message":"order placed","order":"77b63059-2844-11f1-a4a0-927ce8a683d8","session":"df4ce93a-5d92-40a8-93c2-540bf11bbb4d","severity":"info","timestamp":"2026-03-25T12:16:35.748841763Z"}
{"http.req.id":"8f183f38-8465-4d5e-be1f-b8c77ce37ddf","http.req.method":"POST","http.req.path":"/cart/checkout","http.resp.bytes":6790,"http.resp.status":200,"http.resp.took_ms":125,"message":"request complete","session":"df4ce93a-5d92-40a8-93c2-540bf11bbb4d","severity":"debug","timestamp":"2026-03-25T12:16:35.775378663Z"}
{"http.req.id":"9be417e9-eead-417e-ae27-968abda08d79","http.req.method":"GET","http.req.path":"/product/OLJCESPC7Z","message":"request started","session":"513dd945-739c-4fe3-8e54-6e6927fbb733","severity":"debug","timestamp":"2026-03-25T12:16:35.801182104Z"}
{"currency":"USD","http.req.id":"9be417e9-eead-417e-ae27-968abda08d79","http.req.method":"GET","http.req.path":"/product/OLJCESPC7Z","id":"OLJCESPC7Z","message":"serving product page","session":"513dd945-739c-4fe3-8e54-6e6927fbb733","severity":"debug","timestamp":"2026-03-25T12:16:35.801321511Z"}
{"http.req.id":"9be417e9-eead-417e-ae27-968abda08d79","http.req.method":"GET","http.req.path":"/product/OLJCESPC7Z","http.resp.bytes":8009,"http.resp.status":200,"http.resp.took_ms":39,"message":"request complete","session":"513dd945-739c-4fe3-8e54-6e6927fbb733","severity":"debug","timestamp":"2026-03-25T12:16:35.841092672Z"}
{"http.req.id":"3e56d0d6-2dd0-4737-a3d9-4e06e9915f93","http.req.method":"POST","http.req.path":"/cart","message":"request started","session":"513dd945-739c-4fe3-8e54-6e6927fbb733","severity":"debug","timestamp":"2026-03-25T12:16:35.843192051Z"}
{"http.req.id":"3e56d0d6-2dd0-4737-a3d9-4e06e9915f93","http.req.method":"POST","http.req.path":"/cart","message":"adding to cart","product":"OLJCESPC7Z","quantity":9,"session":"513dd945-739c-4fe3-8e54-6e6927fbb733","severity":"debug","timestamp":"2026-03-25T12:16:35.843439369Z"}
{"http.req.id":"3e56d0d6-2dd0-4737-a3d9-4e06e9915f93","http.req.method":"POST","http.req.path":"/cart","http.resp.bytes":0,"http.resp.status":302,"http.resp.took_ms":7,"message":"request complete","session":"513dd945-739c-4fe3-8e54-6e6927fbb733","severity":"debug","timestamp":"2026-03-25T12:16:35.850881287Z"}
{"http.req.id":"d15da9e0-7368-4a97-b194-b0675cfa8161","http.req.method":"GET","http.req.path":"/cart","message":"request started","session":"513dd945-739c-4fe3-8e54-6e6927fbb733","severity":"debug","timestamp":"2026-03-25T12:16:35.853011044Z"}
{"http.req.id":"d15da9e0-7368-4a97-b194-b0675cfa8161","http.req.method":"GET","http.req.path":"/cart","message":"view user cart","session":"513dd945-739c-4fe3-8e54-6e6927fbb733","severity":"debug","timestamp":"2026-03-25T12:16:35.853117801Z"}
{"http.req.id":"d15da9e0-7368-4a97-b194-b0675cfa8161","http.req.method":"GET","http.req.path":"/cart","http.resp.bytes":16429,"http.resp.status":200,"http.resp.took_ms":91,"message":"request complete","session":"513dd945-739c-4fe3-8e54-6e6927fbb733","severity":"debug","timestamp":"2026-03-25T12:16:35.944713177Z"}
{"http.req.id":"d149273c-8adc-4c16-bbb0-f4a10a6a1504","http.req.method":"POST","http.req.path":"/cart/checkout","message":"request started","session":"513dd945-739c-4fe3-8e54-6e6927fbb733","severity":"debug","timestamp":"2026-03-25T12:16:35.949804304Z"}
{"http.req.id":"d149273c-8adc-4c16-bbb0-f4a10a6a1504","http.req.method":"POST","http.req.path":"/cart/checkout","message":"placing order","session":"513dd945-739c-4fe3-8e54-6e6927fbb733","severity":"debug","timestamp":"2026-03-25T12:16:35.949912219Z"}
{"http.req.id":"d149273c-8adc-4c16-bbb0-f4a10a6a1504","http.req.method":"POST","http.req.path":"/cart/checkout","message":"order placed","order":"77e3e32d-2844-11f1-a4a0-927ce8a683d8","session":"513dd945-739c-4fe3-8e54-6e6927fbb733","severity":"info","timestamp":"2026-03-25T12:16:35.975251173Z"}
{"http.req.id":"d149273c-8adc-4c16-bbb0-f4a10a6a1504","http.req.method":"POST","http.req.path":"/cart/checkout","http.resp.bytes":6841,"http.resp.status":200,"http.resp.took_ms":87,"message":"request complete","session":"513dd945-739c-4fe3-8e54-6e6927fbb733","severity":"debug","timestamp":"2026-03-25T12:16:36.03758038Z"}
{"http.req.id":"ce661b28-4ab6-4f13-9977-b582eed2fb9d","http.req.method":"GET","http.req.path":"/product/LS4PSXUNUM","message":"request started","session":"fcb2831f-0627-4791-ac1d-23821dc5b140","severity":"debug","timestamp":"2026-03-25T12:16:36.410163998Z"}
{"currency":"CAD","http.req.id":"ce661b28-4ab6-4f13-9977-b582eed2fb9d","http.req.method":"GET","http.req.path":"/product/LS4PSXUNUM","id":"LS4PSXUNUM","message":"serving product page","session":"fcb2831f-0627-4791-ac1d-23821dc5b140","severity":"debug","timestamp":"2026-03-25T12:16:36.410289479Z"}
{"http.req.id":"ce661b28-4ab6-4f13-9977-b582eed2fb9d","http.req.method":"GET","http.req.path":"/product/LS4PSXUNUM","http.resp.bytes":7953,"http.resp.status":200,"http.resp.took_ms":38,"message":"request complete","session":"fcb2831f-0627-4791-ac1d-23821dc5b140","severity":"debug","timestamp":"2026-03-25T12:16:36.448791119Z"}
{"http.req.id":"3812f4e1-d18a-4572-bc24-cc086ef7508e","http.req.method":"POST","http.req.path":"/cart","message":"request started","session":"fcb2831f-0627-4791-ac1d-23821dc5b140","severity":"debug","timestamp":"2026-03-25T12:16:36.450459Z"}
{"http.req.id":"3812f4e1-d18a-4572-bc24-cc086ef7508e","http.req.method":"POST","http.req.path":"/cart","message":"adding to cart","product":"LS4PSXUNUM","quantity":7,"session":"fcb2831f-0627-4791-ac1d-23821dc5b140","severity":"debug","timestamp":"2026-03-25T12:16:36.450685217Z"}
{"http.req.id":"3812f4e1-d18a-4572-bc24-cc086ef7508e","http.req.method":"POST","http.req.path":"/cart","http.resp.bytes":0,"http.resp.status":302,"http.resp.took_ms":5,"message":"request complete","session":"fcb2831f-0627-4791-ac1d-23821dc5b140","severity":"debug","timestamp":"2026-03-25T12:16:36.456372317Z"}
{"http.req.id":"82429fe9-5de5-44cb-9df1-681df222574b","http.req.method":"GET","http.req.path":"/cart","message":"request started","session":"fcb2831f-0627-4791-ac1d-23821dc5b140","severity":"debug","timestamp":"2026-03-25T12:16:36.458045608Z"}
{"http.req.id":"82429fe9-5de5-44cb-9df1-681df222574b","http.req.method":"GET","http.req.path":"/cart","message":"view user cart","session":"fcb2831f-0627-4791-ac1d-23821dc5b140","severity":"debug","timestamp":"2026-03-25T12:16:36.458176679Z"}
{"http.req.id":"82429fe9-5de5-44cb-9df1-681df222574b","http.req.method":"GET","http.req.path":"/cart","http.resp.bytes":16446,"http.resp.status":200,"http.resp.took_ms":89,"message":"request complete","session":"fcb2831f-0627-4791-ac1d-23821dc5b140","severity":"debug","timestamp":"2026-03-25T12:16:36.547206371Z"}
{"http.req.id":"bd0bc10c-a99e-404f-b74f-20ee8f68c3de","http.req.method":"POST","http.req.path":"/cart/checkout","message":"request started","session":"fcb2831f-0627-4791-ac1d-23821dc5b140","severity":"debug","timestamp":"2026-03-25T12:16:36.556362312Z"}
{"http.req.id":"bd0bc10c-a99e-404f-b74f-20ee8f68c3de","http.req.method":"POST","http.req.path":"/cart/checkout","message":"placing order","session":"fcb2831f-0627-4791-ac1d-23821dc5b140","severity":"debug","timestamp":"2026-03-25T12:16:36.55644033Z"}
{"http.req.id":"bd0bc10c-a99e-404f-b74f-20ee8f68c3de","http.req.method":"POST","http.req.path":"/cart/checkout","message":"order placed","order":"78407382-2844-11f1-a4a0-927ce8a683d8","session":"fcb2831f-0627-4791-ac1d-23821dc5b140","severity":"info","timestamp":"2026-03-25T12:16:36.589765747Z"}
{"http.req.id":"bd0bc10c-a99e-404f-b74f-20ee8f68c3de","http.req.method":"POST","http.req.path":"/cart/checkout","http.resp.bytes":6823,"http.resp.status":200,"http.resp.took_ms":103,"message":"request complete","session":"fcb2831f-0627-4791-ac1d-23821dc5b140","severity":"debug","timestamp":"2026-03-25T12:16:36.659564941Z"}
{"http.req.id":"4e2f9760-8310-4681-a960-bca9b46d7402","http.req.method":"GET","http.req.path":"/","message":"request started","session":"32217267-98ca-4d66-9fc8-3f088b8def0f","severity":"debug","timestamp":"2026-03-25T12:16:36.878017596Z"}
{"currency":"EUR","http.req.id":"4e2f9760-8310-4681-a960-bca9b46d7402","http.req.method":"GET","http.req.path":"/","message":"home","session":"32217267-98ca-4d66-9fc8-3f088b8def0f","severity":"info","timestamp":"2026-03-25T12:16:36.878137763Z"}
env platform is either empty or invalid
{"http.req.id":"4e2f9760-8310-4681-a960-bca9b46d7402","http.req.method":"GET","http.req.path":"/","message":"ENV_PLATFORM is: local","session":"32217267-98ca-4d66-9fc8-3f088b8def0f","severity":"debug","timestamp":"2026-03-25T12:16:37.038215682Z"}
{"http.req.id":"4e2f9760-8310-4681-a960-bca9b46d7402","http.req.method":"GET","http.req.path":"/","http.resp.bytes":10518,"http.resp.status":200,"http.resp.took_ms":165,"message":"request complete","session":"32217267-98ca-4d66-9fc8-3f088b8def0f","severity":"debug","timestamp":"2026-03-25T12:16:37.043144334Z"}
{"http.req.id":"0af14a59-8f46-4609-a45c-24b463e69676","http.req.method":"GET","http.req.path":"/product/66VCHSJNUP","message":"request started","session":"514e00c6-206e-4c6e-873f-852b796455de","severity":"debug","timestamp":"2026-03-25T12:16:38.580292877Z"}
{"currency":"CAD","http.req.id":"0af14a59-8f46-4609-a45c-24b463e69676","http.req.method":"GET","http.req.path":"/product/66VCHSJNUP","id":"66VCHSJNUP","message":"serving product page","session":"514e00c6-206e-4c6e-873f-852b796455de","severity":"debug","timestamp":"2026-03-25T12:16:38.580450259Z"}
{"http.req.id":"06772f97-068d-4219-b4e3-37567ca9ad70","http.req.method":"GET","http.req.path":"/product/2ZYFJ3GM2N","message":"request started","session":"a38c2610-1665-4c93-8051-4c451f5de325","severity":"debug","timestamp":"2026-03-25T12:16:38.581296558Z"}
{"currency":"USD","http.req.id":"06772f97-068d-4219-b4e3-37567ca9ad70","http.req.method":"GET","http.req.path":"/product/2ZYFJ3GM2N","id":"2ZYFJ3GM2N","message":"serving product page","session":"a38c2610-1665-4c93-8051-4c451f5de325","severity":"debug","timestamp":"2026-03-25T12:16:38.581412456Z"}
{"http.req.id":"06772f97-068d-4219-b4e3-37567ca9ad70","http.req.method":"GET","http.req.path":"/product/2ZYFJ3GM2N","http.resp.bytes":7998,"http.resp.status":200,"http.resp.took_ms":61,"message":"request complete","session":"a38c2610-1665-4c93-8051-4c451f5de325","severity":"debug","timestamp":"2026-03-25T12:16:38.642608604Z"}
{"http.req.id":"0af14a59-8f46-4609-a45c-24b463e69676","http.req.method":"GET","http.req.path":"/product/66VCHSJNUP","http.resp.bytes":7942,"http.resp.status":200,"http.resp.took_ms":69,"message":"request complete","session":"514e00c6-206e-4c6e-873f-852b796455de","severity":"debug","timestamp":"2026-03-25T12:16:38.649902602Z"}
{"http.req.id":"81d56acf-29a3-4e80-b4be-a67dd997f96f","http.req.method":"GET","http.req.path":"/_healthz","message":"request started","session":"x-liveness-probe","severity":"debug","timestamp":"2026-03-25T12:16:39.444131018Z"}
{"http.req.id":"81d56acf-29a3-4e80-b4be-a67dd997f96f","http.req.method":"GET","http.req.path":"/_healthz","http.resp.bytes":2,"http.resp.status":200,"http.resp.took_ms":0,"message":"request complete","session":"x-liveness-probe","severity":"debug","timestamp":"2026-03-25T12:16:39.444257692Z"}
{"http.req.id":"31687cdd-569f-4581-9c0d-19ac59f12168","http.req.method":"GET","http.req.path":"/product/6E92ZMYYFZ","message":"request started","session":"2d3bf3d7-22b5-49c9-8227-12126292f393","severity":"debug","timestamp":"2026-03-25T12:16:42.270758316Z"}
{"currency":"EUR","http.req.id":"31687cdd-569f-4581-9c0d-19ac59f12168","http.req.method":"GET","http.req.path":"/product/6E92ZMYYFZ","id":"6E92ZMYYFZ","message":"serving product page","session":"2d3bf3d7-22b5-49c9-8227-12126292f393","severity":"debug","timestamp":"2026-03-25T12:16:42.27087731Z"}
{"http.req.id":"31687cdd-569f-4581-9c0d-19ac59f12168","http.req.method":"GET","http.req.path":"/product/6E92ZMYYFZ","http.resp.bytes":8008,"http.resp.status":200,"http.resp.took_ms":24,"message":"request complete","session":"2d3bf3d7-22b5-49c9-8227-12126292f393","severity":"debug","timestamp":"2026-03-25T12:16:42.295072142Z"}
{"http.req.id":"48c3124e-8283-4fef-ac37-632017be9d24","http.req.method":"GET","http.req.path":"/product/66VCHSJNUP","message":"request started","session":"514e00c6-206e-4c6e-873f-852b796455de","severity":"debug","timestamp":"2026-03-25T12:16:42.643893947Z"}
{"currency":"CAD","http.req.id":"48c3124e-8283-4fef-ac37-632017be9d24","http.req.method":"GET","http.req.path":"/product/66VCHSJNUP","id":"66VCHSJNUP","message":"serving product page","session":"514e00c6-206e-4c6e-873f-852b796455de","severity":"debug","timestamp":"2026-03-25T12:16:42.644032406Z"}
{"http.req.id":"48c3124e-8283-4fef-ac37-632017be9d24","http.req.method":"GET","http.req.path":"/product/66VCHSJNUP","http.resp.bytes":7936,"http.resp.status":200,"http.resp.took_ms":28,"message":"request complete","session":"514e00c6-206e-4c6e-873f-852b796455de","severity":"debug","timestamp":"2026-03-25T12:16:42.672795782Z"}
{"http.req.id":"1ea5d2d6-124c-4b66-9adb-225b9041e597","http.req.method":"POST","http.req.path":"/cart","message":"request started","session":"514e00c6-206e-4c6e-873f-852b796455de","severity":"debug","timestamp":"2026-03-25T12:16:42.674539284Z"}
{"http.req.id":"1ea5d2d6-124c-4b66-9adb-225b9041e597","http.req.method":"POST","http.req.path":"/cart","message":"adding to cart","product":"66VCHSJNUP","quantity":9,"session":"514e00c6-206e-4c6e-873f-852b796455de","severity":"debug","timestamp":"2026-03-25T12:16:42.67472951Z"}
{"http.req.id":"1ea5d2d6-124c-4b66-9adb-225b9041e597","http.req.method":"POST","http.req.path":"/cart","http.resp.bytes":0,"http.resp.status":302,"http.resp.took_ms":5,"message":"request complete","session":"514e00c6-206e-4c6e-873f-852b796455de","severity":"debug","timestamp":"2026-03-25T12:16:42.680131445Z"}
{"http.req.id":"48954328-cd44-4936-a309-20b7b0a26dad","http.req.method":"GET","http.req.path":"/cart","message":"request started","session":"514e00c6-206e-4c6e-873f-852b796455de","severity":"debug","timestamp":"2026-03-25T12:16:42.681420715Z"}
{"http.req.id":"48954328-cd44-4936-a309-20b7b0a26dad","http.req.method":"GET","http.req.path":"/cart","message":"view user cart","session":"514e00c6-206e-4c6e-873f-852b796455de","severity":"debug","timestamp":"2026-03-25T12:16:42.681480693Z"}
{"http.req.id":"48954328-cd44-4936-a309-20b7b0a26dad","http.req.method":"GET","http.req.path":"/cart","http.resp.bytes":16438,"http.resp.status":200,"http.resp.took_ms":47,"message":"request complete","session":"514e00c6-206e-4c6e-873f-852b796455de","severity":"debug","timestamp":"2026-03-25T12:16:42.729094632Z"}
{"http.req.id":"23cdb9fe-def6-42ec-b54b-4db19573d3a9","http.req.method":"GET","http.req.path":"/cart","message":"request started","session":"827eab86-1aba-4a15-8740-5fee5900d10f","severity":"debug","timestamp":"2026-03-25T12:16:43.104067057Z"}
{"http.req.id":"23cdb9fe-def6-42ec-b54b-4db19573d3a9","http.req.method":"GET","http.req.path":"/cart","message":"view user cart","session":"827eab86-1aba-4a15-8740-5fee5900d10f","severity":"debug","timestamp":"2026-03-25T12:16:43.104194583Z"}
{"http.req.id":"23cdb9fe-def6-42ec-b54b-4db19573d3a9","http.req.method":"GET","http.req.path":"/cart","http.resp.bytes":6840,"http.resp.status":200,"http.resp.took_ms":22,"message":"request complete","session":"827eab86-1aba-4a15-8740-5fee5900d10f","severity":"debug","timestamp":"2026-03-25T12:16:43.126681056Z"}
{"http.req.id":"a0b6c23e-0d8e-457f-a538-d7c729925ebe","http.req.method":"GET","http.req.path":"/cart","message":"request started","session":"694745d8-a179-4c65-83d6-9ed873a7b94b","severity":"debug","timestamp":"2026-03-25T12:16:43.453506728Z"}
{"http.req.id":"a0b6c23e-0d8e-457f-a538-d7c729925ebe","http.req.method":"GET","http.req.path":"/cart","message":"view user cart","session":"694745d8-a179-4c65-83d6-9ed873a7b94b","severity":"debug","timestamp":"2026-03-25T12:16:43.453623747Z"}
{"http.req.id":"a0b6c23e-0d8e-457f-a538-d7c729925ebe","http.req.method":"GET","http.req.path":"/cart","http.resp.bytes":6859,"http.resp.status":200,"http.resp.took_ms":25,"message":"request complete","session":"694745d8-a179-4c65-83d6-9ed873a7b94b","severity":"debug","timestamp":"2026-03-25T12:16:43.478536401Z"}
{"http.req.id":"89f57327-051d-495c-92f5-b474a6156a3d","http.req.method":"GET","http.req.path":"/_healthz","message":"request started","session":"x-readiness-probe","severity":"debug","timestamp":"2026-03-25T12:16:44.632253059Z"}
{"http.req.id":"89f57327-051d-495c-92f5-b474a6156a3d","http.req.method":"GET","http.req.path":"/_healthz","http.resp.bytes":2,"http.resp.status":200,"http.resp.took_ms":0,"message":"request complete","session":"x-readiness-probe","severity":"debug","timestamp":"2026-03-25T12:16:44.632429542Z"}
