GetCartAsync called with userId=827eab86-1aba-4a15-8740-5fee5900d10f
AddItemAsync called with userId=827eab86-1aba-4a15-8740-5fee5900d10f, productId=6E92ZMYYFZ, quantity=10
GetCartAsync called with userId=827eab86-1aba-4a15-8740-5fee5900d10f
GetCartAsync called with userId=ecb080bf-5333-403f-9547-c8725d499228
GetCartAsync called with userId=694745d8-a179-4c65-83d6-9ed873a7b94b
GetCartAsync called with userId=fcb2831f-0627-4791-ac1d-23821dc5b140
GetCartAsync called with userId=32217267-98ca-4d66-9fc8-3f088b8def0f
GetCartAsync called with userId=a38c2610-1665-4c93-8051-4c451f5de325
GetCartAsync called with userId=2d3bf3d7-22b5-49c9-8227-12126292f393
GetCartAsync called with userId=513dd945-739c-4fe3-8e54-6e6927fbb733
GetCartAsync called with userId=ecb080bf-5333-403f-9547-c8725d499228
Checking CartService Health
Checking CartService Health
GetCartAsync called with userId=fcb2831f-0627-4791-ac1d-23821dc5b140
GetCartAsync called with userId=2d3bf3d7-22b5-49c9-8227-12126292f393
GetCartAsync called with userId=df4ce93a-5d92-40a8-93c2-540bf11bbb4d
GetCartAsync called with userId=514e00c6-206e-4c6e-873f-852b796455de
GetCartAsync called with userId=694745d8-a179-4c65-83d6-9ed873a7b94b
GetCartAsync called with userId=827eab86-1aba-4a15-8740-5fee5900d10f
GetCartAsync called with userId=514e00c6-206e-4c6e-873f-852b796455de
GetCartAsync called with userId=32217267-98ca-4d66-9fc8-3f088b8def0f
GetCartAsync called with userId=513dd945-739c-4fe3-8e54-6e6927fbb733
AddItemAsync called with userId=513dd945-739c-4fe3-8e54-6e6927fbb733, productId=66VCHSJNUP, quantity=3
GetCartAsync called with userId=513dd945-739c-4fe3-8e54-6e6927fbb733
GetCartAsync called with userId=513dd945-739c-4fe3-8e54-6e6927fbb733
EmptyCartAsync called with userId=513dd945-739c-4fe3-8e54-6e6927fbb733
GetCartAsync called with userId=2d3bf3d7-22b5-49c9-8227-12126292f393
GetCartAsync called with userId=a38c2610-1665-4c93-8051-4c451f5de325
GetCartAsync called with userId=df4ce93a-5d92-40a8-93c2-540bf11bbb4d
GetCartAsync called with userId=ecb080bf-5333-403f-9547-c8725d499228
GetCartAsync called with userId=827eab86-1aba-4a15-8740-5fee5900d10f
GetCartAsync called with userId=fcb2831f-0627-4791-ac1d-23821dc5b140
GetCartAsync called with userId=ecb080bf-5333-403f-9547-c8725d499228
GetCartAsync called with userId=514e00c6-206e-4c6e-873f-852b796455de
GetCartAsync called with userId=32217267-98ca-4d66-9fc8-3f088b8def0f
Checking CartService Health
GetCartAsync called with userId=fcb2831f-0627-4791-ac1d-23821dc5b140
Checking CartService Health
GetCartAsync called with userId=ecb080bf-5333-403f-9547-c8725d499228
GetCartAsync called with userId=694745d8-a179-4c65-83d6-9ed873a7b94b
GetCartAsync called with userId=a38c2610-1665-4c93-8051-4c451f5de325
GetCartAsync called with userId=513dd945-739c-4fe3-8e54-6e6927fbb733
GetCartAsync called with userId=ecb080bf-5333-403f-9547-c8725d499228
GetCartAsync called with userId=513dd945-739c-4fe3-8e54-6e6927fbb733
GetCartAsync called with userId=32217267-98ca-4d66-9fc8-3f088b8def0f
GetCartAsync called with userId=df4ce93a-5d92-40a8-93c2-540bf11bbb4d
GetCartAsync called with userId=2d3bf3d7-22b5-49c9-8227-12126292f393
GetCartAsync called with userId=513dd945-739c-4fe3-8e54-6e6927fbb733
AddItemAsync called with userId=513dd945-739c-4fe3-8e54-6e6927fbb733, productId=L9ECAV7KIM, quantity=1
GetCartAsync called with userId=513dd945-739c-4fe3-8e54-6e6927fbb733
GetCartAsync called with userId=513dd945-739c-4fe3-8e54-6e6927fbb733
EmptyCartAsync called with userId=513dd945-739c-4fe3-8e54-6e6927fbb733
GetCartAsync called with userId=a38c2610-1665-4c93-8051-4c451f5de325
GetCartAsync called with userId=513dd945-739c-4fe3-8e54-6e6927fbb733
GetCartAsync called with userId=514e00c6-206e-4c6e-873f-852b796455de
GetCartAsync called with userId=2d3bf3d7-22b5-49c9-8227-12126292f393
GetCartAsync called with userId=694745d8-a179-4c65-83d6-9ed873a7b94b
GetCartAsync called with userId=fcb2831f-0627-4791-ac1d-23821dc5b140
AddItemAsync called with userId=fcb2831f-0627-4791-ac1d-23821dc5b140, productId=66VCHSJNUP, quantity=10
GetCartAsync called with userId=fcb2831f-0627-4791-ac1d-23821dc5b140
GetCartAsync called with userId=32217267-98ca-4d66-9fc8-3f088b8def0f
GetCartAsync called with userId=513dd945-739c-4fe3-8e54-6e6927fbb733
GetCartAsync called with userId=827eab86-1aba-4a15-8740-5fee5900d10f
GetCartAsync called with userId=ecb080bf-5333-403f-9547-c8725d499228
AddItemAsync called with userId=ecb080bf-5333-403f-9547-c8725d499228, productId=0PUK6V6EV0, quantity=8
GetCartAsync called with userId=ecb080bf-5333-403f-9547-c8725d499228
GetCartAsync called with userId=694745d8-a179-4c65-83d6-9ed873a7b94b
Checking CartService Health
Checking CartService Health
GetCartAsync called with userId=514e00c6-206e-4c6e-873f-852b796455de
GetCartAsync called with userId=513dd945-739c-4fe3-8e54-6e6927fbb733
GetCartAsync called with userId=df4ce93a-5d92-40a8-93c2-540bf11bbb4d
GetCartAsync called with userId=fcb2831f-0627-4791-ac1d-23821dc5b140
GetCartAsync called with userId=ecb080bf-5333-403f-9547-c8725d499228
GetCartAsync called with userId=a38c2610-1665-4c93-8051-4c451f5de325
GetCartAsync called with userId=2d3bf3d7-22b5-49c9-8227-12126292f393
GetCartAsync called with userId=32217267-98ca-4d66-9fc8-3f088b8def0f
GetCartAsync called with userId=827eab86-1aba-4a15-8740-5fee5900d10f
GetCartAsync called with userId=694745d8-a179-4c65-83d6-9ed873a7b94b
info: Grpc.AspNetCore.Server.ServerCallHandler[7]
      Error status code 'FailedPrecondition' with detail 'Can't access cart storage. StackExchange.Redis.RedisConnectionException: The message timed out in the backlog attempting to send because no connection became available (5000ms) - Last Connection Exception: SocketClosed (ReadEndOfStream, last-recv: 0) on redis-cart:6379/Interactive, Idle/MarkProcessed, last: HMGET, origin: ReadFromPipe, outstanding: 0, last-read: 0s ago, last-write: 3s ago, keep-alive: 60s, state: ConnectedEstablished, mgr: 8 of 10 available, in: 0, in-pipe: 0, out-pipe: 0, last-heartbeat: 0s ago, last-mbeat: 0s ago, global: 0s ago, v: 2.7.27.49176, command=HMGET, timeout: 5000, inst: 0, qu: 9, qs: 0, aw: False, bw: CheckingForTimeout, last-in: 0, cur-in: 0, sync-ops: 2, async-ops: 3174, serverEndpoint: redis-cart:6379, conn-sec: n/a, aoc: 0, mc: 1/1/0, mgr: 10 of 10 available, clientName: cartservice-546c548494-j4j6h(SE.Redis-v2.7.27.49176), IOCP: (Busy=0,Free=1000,Min=1,Max=1000), WORKER: (Busy=0,Free=32767,Min=1,Max=32767), POOL: (Threads=4,QueuedItems=0,CompletedItems=43373,Timers=11), v: 2.7.27.49176 (Please take a look at this article for some common client-side issues that can cause timeouts: https://stackexchange.github.io/StackExchange.Redis/Timeouts)
       ---> StackExchange.Redis.RedisConnectionException: SocketClosed (ReadEndOfStream, last-recv: 0) on redis-cart:6379/Interactive, Idle/MarkProcessed, last: HMGET, origin: ReadFromPipe, outstanding: 0, last-read: 0s ago, last-write: 3s ago, keep-alive: 60s, state: ConnectedEstablished, mgr: 8 of 10 available, in: 0, in-pipe: 0, out-pipe: 0, last-heartbeat: 0s ago, last-mbeat: 0s ago, global: 0s ago, v: 2.7.27.49176
         --- End of inner exception stack trace ---
         at Microsoft.Extensions.Caching.StackExchangeRedis.RedisCache.GetAndRefreshAsync(String key, Boolean getData, CancellationToken token)
         at Microsoft.Extensions.Caching.StackExchangeRedis.RedisCache.GetAsync(String key, CancellationToken token)
         at cartservice.cartstore.RedisCartStore.GetCartAsync(String userId) in /app/cartstore/RedisCartStore.cs:line 90' raised.
info: Grpc.AspNetCore.Server.ServerCallHandler[7]
      Error status code 'FailedPrecondition' with detail 'Can't access cart storage. StackExchange.Redis.RedisConnectionException: The message timed out in the backlog attempting to send because no connection became available (5000ms) - Last Connection Exception: SocketClosed (ReadEndOfStream, last-recv: 0) on redis-cart:6379/Interactive, Idle/MarkProcessed, last: HMGET, origin: ReadFromPipe, outstanding: 0, last-read: 0s ago, last-write: 3s ago, keep-alive: 60s, state: ConnectedEstablished, mgr: 8 of 10 available, in: 0, in-pipe: 0, out-pipe: 0, last-heartbeat: 0s ago, last-mbeat: 0s ago, global: 0s ago, v: 2.7.27.49176, command=HMGET, timeout: 5000, inst: 0, qu: 8, qs: 0, aw: False, bw: CheckingForTimeout, last-in: 0, cur-in: 0, sync-ops: 2, async-ops: 3174, serverEndpoint: redis-cart:6379, conn-sec: n/a, aoc: 0, mc: 1/1/0, mgr: 10 of 10 available, clientName: cartservice-546c548494-j4j6h(SE.Redis-v2.7.27.49176), IOCP: (Busy=0,Free=1000,Min=1,Max=1000), WORKER: (Busy=1,Free=32766,Min=1,Max=32767), POOL: (Threads=4,QueuedItems=1,CompletedItems=43373,Timers=11), v: 2.7.27.49176 (Please take a look at this article for some common client-side issues that can cause timeouts: https://stackexchange.github.io/StackExchange.Redis/Timeouts)
       ---> StackExchange.Redis.RedisConnectionException: SocketClosed (ReadEndOfStream, last-recv: 0) on redis-cart:6379/Interactive, Idle/MarkProcessed, last: HMGET, origin: ReadFromPipe, outstanding: 0, last-read: 0s ago, last-write: 3s ago, keep-alive: 60s, state: ConnectedEstablished, mgr: 8 of 10 available, in: 0, in-pipe: 0, out-pipe: 0, last-heartbeat: 0s ago, last-mbeat: 0s ago, global: 0s ago, v: 2.7.27.49176
         --- End of inner exception stack trace ---
         at Microsoft.Extensions.Caching.StackExchangeRedis.RedisCache.GetAndRefreshAsync(String key, Boolean getData, CancellationToken token)
         at Microsoft.Extensions.Caching.StackExchangeRedis.RedisCache.GetAsync(String key, CancellationToken token)
         at cartservice.cartstore.RedisCartStore.GetCartAsync(String userId) in /app/cartstore/RedisCartStore.cs:line 90' raised.
info: Grpc.AspNetCore.Server.ServerCallHandler[7]
      Error status code 'FailedPrecondition' with detail 'Can't access cart storage. StackExchange.Redis.RedisConnectionException: The message timed out in the backlog attempting to send because no connection became available (5000ms) - Last Connection Exception: SocketClosed (ReadEndOfStream, last-recv: 0) on redis-cart:6379/Interactive, Idle/MarkProcessed, last: HMGET, origin: ReadFromPipe, outstanding: 0, last-read: 0s ago, last-write: 3s ago, keep-alive: 60s, state: ConnectedEstablished, mgr: 8 of 10 available, in: 0, in-pipe: 0, out-pipe: 0, last-heartbeat: 0s ago, last-mbeat: 0s ago, global: 0s ago, v: 2.7.27.49176, command=HMGET, timeout: 5000, inst: 0, qu: 7, qs: 0, aw: False, bw: CheckingForTimeout, last-in: 0, cur-in: 0, sync-ops: 2, async-ops: 3174, serverEndpoint: redis-cart:6379, conn-sec: n/a, aoc: 0, mc: 1/1/0, mgr: 10 of 10 available, clientName: cartservice-546c548494-j4j6h(SE.Redis-v2.7.27.49176), IOCP: (Busy=0,Free=1000,Min=1,Max=1000), WORKER: (Busy=1,Free=32766,Min=1,Max=32767), POOL: (Threads=4,QueuedItems=1,CompletedItems=43373,Timers=11), v: 2.7.27.49176 (Please take a look at this article for some common client-side issues that can cause timeouts: https://stackexchange.github.io/StackExchange.Redis/Timeouts)
       ---> StackExchange.Redis.RedisConnectionException: SocketClosed (ReadEndOfStream, last-recv: 0) on redis-cart:6379/Interactive, Idle/MarkProcessed, last: HMGET, origin: ReadFromPipe, outstanding: 0, last-read: 0s ago, last-write: 3s ago, keep-alive: 60s, state: ConnectedEstablished, mgr: 8 of 10 available, in: 0, in-pipe: 0, out-pipe: 0, last-heartbeat: 0s ago, last-mbeat: 0s ago, global: 0s ago, v: 2.7.27.49176
         --- End of inner exception stack trace ---
         at Microsoft.Extensions.Caching.StackExchangeRedis.RedisCache.GetAndRefreshAsync(String key, Boolean getData, CancellationToken token)
         at Microsoft.Extensions.Caching.StackExchangeRedis.RedisCache.GetAsync(String key, CancellationToken token)
         at cartservice.cartstore.RedisCartStore.GetCartAsync(String userId) in /app/cartstore/RedisCartStore.cs:line 90' raised.
