{"http.req.id":"75759f5b-e43d-48fa-9d31-cc5e6f737b1d","http.req.method":"POST","http.req.path":"/cart","http.resp.bytes":0,"http.resp.status":302,"http.resp.took_ms":3,"message":"request complete","session":"513dd945-739c-4fe3-8e54-6e6927fbb733","severity":"debug","timestamp":"2026-03-25T11:58:34.964342277Z"}
{"http.req.id":"88895428-f8ee-4958-be52-782b7a1fd3f0","http.req.method":"GET","http.req.path":"/cart","message":"request started","session":"513dd945-739c-4fe3-8e54-6e6927fbb733","severity":"debug","timestamp":"2026-03-25T11:58:34.96562992Z"}
{"http.req.id":"88895428-f8ee-4958-be52-782b7a1fd3f0","http.req.method":"GET","http.req.path":"/cart","message":"view user cart","session":"513dd945-739c-4fe3-8e54-6e6927fbb733","severity":"debug","timestamp":"2026-03-25T11:58:34.965713792Z"}
{"http.req.id":"88895428-f8ee-4958-be52-782b7a1fd3f0","http.req.method":"GET","http.req.path":"/cart","http.resp.bytes":16418,"http.resp.status":200,"http.resp.took_ms":31,"message":"request complete","session":"513dd945-739c-4fe3-8e54-6e6927fbb733","severity":"debug","timestamp":"2026-03-25T11:58:34.997275472Z"}
{"http.req.id":"926a52d3-9d9e-42f2-8396-4710120c8269","http.req.method":"POST","http.req.path":"/cart/checkout","message":"request started","session":"513dd945-739c-4fe3-8e54-6e6927fbb733","severity":"debug","timestamp":"2026-03-25T11:58:35.000405612Z"}
{"http.req.id":"926a52d3-9d9e-42f2-8396-4710120c8269","http.req.method":"POST","http.req.path":"/cart/checkout","message":"placing order","session":"513dd945-739c-4fe3-8e54-6e6927fbb733","severity":"debug","timestamp":"2026-03-25T11:58:35.000489619Z"}
{"http.req.id":"926a52d3-9d9e-42f2-8396-4710120c8269","http.req.method":"POST","http.req.path":"/cart/checkout","message":"order placed","order":"f3981ab3-2841-11f1-a4a0-927ce8a683d8","session":"513dd945-739c-4fe3-8e54-6e6927fbb733","severity":"info","timestamp":"2026-03-25T11:58:35.100087843Z"}
{"http.req.id":"926a52d3-9d9e-42f2-8396-4710120c8269","http.req.method":"POST","http.req.path":"/cart/checkout","http.resp.bytes":6761,"http.resp.status":200,"http.resp.took_ms":108,"message":"request complete","session":"513dd945-739c-4fe3-8e54-6e6927fbb733","severity":"debug","timestamp":"2026-03-25T11:58:35.109326779Z"}
{"http.req.id":"eb7e1e51-dc53-4aa5-b7c1-3b9ec17c6d3b","http.req.method":"POST","http.req.path":"/setCurrency","message":"request started","session":"a38c2610-1665-4c93-8051-4c451f5de325","severity":"debug","timestamp":"2026-03-25T11:58:36.079470007Z"}
{"curr.new":"EUR","curr.old":"GBP","http.req.id":"eb7e1e51-dc53-4aa5-b7c1-3b9ec17c6d3b","http.req.method":"POST","http.req.path":"/setCurrency","message":"setting currency","session":"a38c2610-1665-4c93-8051-4c451f5de325","severity":"debug","timestamp":"2026-03-25T11:58:36.079754758Z"}
{"http.req.id":"eb7e1e51-dc53-4aa5-b7c1-3b9ec17c6d3b","http.req.method":"POST","http.req.path":"/setCurrency","http.resp.bytes":0,"http.resp.status":302,"http.resp.took_ms":0,"message":"request complete","session":"a38c2610-1665-4c93-8051-4c451f5de325","severity":"debug","timestamp":"2026-03-25T11:58:36.079814236Z"}
{"http.req.id":"ddbd8679-48fd-484b-9a5b-a7fc3b9ca303","http.req.method":"GET","http.req.path":"/","message":"request started","session":"a38c2610-1665-4c93-8051-4c451f5de325","severity":"debug","timestamp":"2026-03-25T11:58:36.08246414Z"}
{"currency":"EUR","http.req.id":"ddbd8679-48fd-484b-9a5b-a7fc3b9ca303","http.req.method":"GET","http.req.path":"/","message":"home","session":"a38c2610-1665-4c93-8051-4c451f5de325","severity":"info","timestamp":"2026-03-25T11:58:36.082592198Z"}
env platform is either empty or invalid
{"http.req.id":"ddbd8679-48fd-484b-9a5b-a7fc3b9ca303","http.req.method":"GET","http.req.path":"/","message":"ENV_PLATFORM is: local","session":"a38c2610-1665-4c93-8051-4c451f5de325","severity":"debug","timestamp":"2026-03-25T11:58:36.111155398Z"}
{"http.req.id":"ddbd8679-48fd-484b-9a5b-a7fc3b9ca303","http.req.method":"GET","http.req.path":"/","http.resp.bytes":10491,"http.resp.status":200,"http.resp.took_ms":34,"message":"request complete","session":"a38c2610-1665-4c93-8051-4c451f5de325","severity":"debug","timestamp":"2026-03-25T11:58:36.116663967Z"}
{"http.req.id":"d2786a18-26cd-4d48-9390-f973e714202a","http.req.method":"GET","http.req.path":"/cart","message":"request started","session":"513dd945-739c-4fe3-8e54-6e6927fbb733","severity":"debug","timestamp":"2026-03-25T11:58:36.455168857Z"}
{"http.req.id":"d2786a18-26cd-4d48-9390-f973e714202a","http.req.method":"GET","http.req.path":"/cart","message":"view user cart","session":"513dd945-739c-4fe3-8e54-6e6927fbb733","severity":"debug","timestamp":"2026-03-25T11:58:36.455269392Z"}
{"http.req.id":"d2786a18-26cd-4d48-9390-f973e714202a","http.req.method":"GET","http.req.path":"/cart","http.resp.bytes":6851,"http.resp.status":200,"http.resp.took_ms":13,"message":"request complete","session":"513dd945-739c-4fe3-8e54-6e6927fbb733","severity":"debug","timestamp":"2026-03-25T11:58:36.468858573Z"}
{"http.req.id":"d3420b19-c1be-4591-9ae7-f5145366a51b","http.req.method":"GET","http.req.path":"/product/66VCHSJNUP","message":"request started","session":"514e00c6-206e-4c6e-873f-852b796455de","severity":"debug","timestamp":"2026-03-25T11:58:36.724100882Z"}
{"currency":"USD","http.req.id":"d3420b19-c1be-4591-9ae7-f5145366a51b","http.req.method":"GET","http.req.path":"/product/66VCHSJNUP","id":"66VCHSJNUP","message":"serving product page","session":"514e00c6-206e-4c6e-873f-852b796455de","severity":"debug","timestamp":"2026-03-25T11:58:36.724184456Z"}
{"http.req.id":"d3420b19-c1be-4591-9ae7-f5145366a51b","http.req.method":"GET","http.req.path":"/product/66VCHSJNUP","http.resp.bytes":7956,"http.resp.status":200,"http.resp.took_ms":18,"message":"request complete","session":"514e00c6-206e-4c6e-873f-852b796455de","severity":"debug","timestamp":"2026-03-25T11:58:36.74301548Z"}
{"http.req.id":"aa493b92-280c-4ee2-857d-1fb9b2f3b353","http.req.method":"POST","http.req.path":"/setCurrency","message":"request started","session":"2d3bf3d7-22b5-49c9-8227-12126292f393","severity":"debug","timestamp":"2026-03-25T11:58:36.911722585Z"}
{"curr.new":"GBP","curr.old":"TRY","http.req.id":"aa493b92-280c-4ee2-857d-1fb9b2f3b353","http.req.method":"POST","http.req.path":"/setCurrency","message":"setting currency","session":"2d3bf3d7-22b5-49c9-8227-12126292f393","severity":"debug","timestamp":"2026-03-25T11:58:36.911954337Z"}
{"http.req.id":"aa493b92-280c-4ee2-857d-1fb9b2f3b353","http.req.method":"POST","http.req.path":"/setCurrency","http.resp.bytes":0,"http.resp.status":302,"http.resp.took_ms":0,"message":"request complete","session":"2d3bf3d7-22b5-49c9-8227-12126292f393","severity":"debug","timestamp":"2026-03-25T11:58:36.912004765Z"}
{"http.req.id":"f880fea0-99f4-407c-8af3-6e984d4adbcc","http.req.method":"GET","http.req.path":"/","message":"request started","session":"2d3bf3d7-22b5-49c9-8227-12126292f393","severity":"debug","timestamp":"2026-03-25T11:58:36.91362261Z"}
{"currency":"GBP","http.req.id":"f880fea0-99f4-407c-8af3-6e984d4adbcc","http.req.method":"GET","http.req.path":"/","message":"home","session":"2d3bf3d7-22b5-49c9-8227-12126292f393","severity":"info","timestamp":"2026-03-25T11:58:36.913775889Z"}
env platform is either empty or invalid
{"http.req.id":"f880fea0-99f4-407c-8af3-6e984d4adbcc","http.req.method":"GET","http.req.path":"/","message":"ENV_PLATFORM is: local","session":"2d3bf3d7-22b5-49c9-8227-12126292f393","severity":"debug","timestamp":"2026-03-25T11:58:36.938676354Z"}
{"http.req.id":"f880fea0-99f4-407c-8af3-6e984d4adbcc","http.req.method":"GET","http.req.path":"/","http.resp.bytes":10482,"http.resp.status":200,"http.resp.took_ms":28,"message":"request complete","session":"2d3bf3d7-22b5-49c9-8227-12126292f393","severity":"debug","timestamp":"2026-03-25T11:58:36.942339089Z"}
{"http.req.id":"73858289-884c-41a7-bfc0-9accae2e4873","http.req.method":"POST","http.req.path":"/setCurrency","message":"request started","session":"694745d8-a179-4c65-83d6-9ed873a7b94b","severity":"debug","timestamp":"2026-03-25T11:58:37.249248475Z"}
{"curr.new":"JPY","curr.old":"CAD","http.req.id":"73858289-884c-41a7-bfc0-9accae2e4873","http.req.method":"POST","http.req.path":"/setCurrency","message":"setting currency","session":"694745d8-a179-4c65-83d6-9ed873a7b94b","severity":"debug","timestamp":"2026-03-25T11:58:37.249359939Z"}
{"http.req.id":"73858289-884c-41a7-bfc0-9accae2e4873","http.req.method":"POST","http.req.path":"/setCurrency","http.resp.bytes":0,"http.resp.status":302,"http.resp.took_ms":0,"message":"request complete","session":"694745d8-a179-4c65-83d6-9ed873a7b94b","severity":"debug","timestamp":"2026-03-25T11:58:37.249395078Z"}
{"http.req.id":"f1088f29-c3ab-4e45-afb8-1bb0954faba7","http.req.method":"GET","http.req.path":"/","message":"request started","session":"694745d8-a179-4c65-83d6-9ed873a7b94b","severity":"debug","timestamp":"2026-03-25T11:58:37.250384606Z"}
{"currency":"JPY","http.req.id":"f1088f29-c3ab-4e45-afb8-1bb0954faba7","http.req.method":"GET","http.req.path":"/","message":"home","session":"694745d8-a179-4c65-83d6-9ed873a7b94b","severity":"info","timestamp":"2026-03-25T11:58:37.250457337Z"}
env platform is either empty or invalid
{"http.req.id":"f1088f29-c3ab-4e45-afb8-1bb0954faba7","http.req.method":"GET","http.req.path":"/","message":"ENV_PLATFORM is: local","session":"694745d8-a179-4c65-83d6-9ed873a7b94b","severity":"debug","timestamp":"2026-03-25T11:58:37.275572063Z"}
{"http.req.id":"f1088f29-c3ab-4e45-afb8-1bb0954faba7","http.req.method":"GET","http.req.path":"/","http.resp.bytes":10502,"http.resp.status":200,"http.resp.took_ms":28,"message":"request complete","session":"694745d8-a179-4c65-83d6-9ed873a7b94b","severity":"debug","timestamp":"2026-03-25T11:58:37.278630233Z"}
{"http.req.id":"3047d312-0bdf-454f-9e62-7a8a9f0369a3","http.req.method":"GET","http.req.path":"/product/66VCHSJNUP","message":"request started","session":"fcb2831f-0627-4791-ac1d-23821dc5b140","severity":"debug","timestamp":"2026-03-25T11:58:37.320480495Z"}
{"currency":"JPY","http.req.id":"3047d312-0bdf-454f-9e62-7a8a9f0369a3","http.req.method":"GET","http.req.path":"/product/66VCHSJNUP","id":"66VCHSJNUP","message":"serving product page","session":"fcb2831f-0627-4791-ac1d-23821dc5b140","severity":"debug","timestamp":"2026-03-25T11:58:37.323786055Z"}
{"http.req.id":"3047d312-0bdf-454f-9e62-7a8a9f0369a3","http.req.method":"GET","http.req.path":"/product/66VCHSJNUP","http.resp.bytes":7896,"http.resp.status":200,"http.resp.took_ms":19,"message":"request complete","session":"fcb2831f-0627-4791-ac1d-23821dc5b140","severity":"debug","timestamp":"2026-03-25T11:58:37.340222947Z"}
{"http.req.id":"180477bb-e3aa-4d2b-b929-bf92f0ad71ef","http.req.method":"POST","http.req.path":"/cart","message":"request started","session":"fcb2831f-0627-4791-ac1d-23821dc5b140","severity":"debug","timestamp":"2026-03-25T11:58:37.341057887Z"}
{"http.req.id":"180477bb-e3aa-4d2b-b929-bf92f0ad71ef","http.req.method":"POST","http.req.path":"/cart","message":"adding to cart","product":"66VCHSJNUP","quantity":10,"session":"fcb2831f-0627-4791-ac1d-23821dc5b140","severity":"debug","timestamp":"2026-03-25T11:58:37.341198142Z"}
{"http.req.id":"180477bb-e3aa-4d2b-b929-bf92f0ad71ef","http.req.method":"POST","http.req.path":"/cart","http.resp.bytes":0,"http.resp.status":302,"http.resp.took_ms":3,"message":"request complete","session":"fcb2831f-0627-4791-ac1d-23821dc5b140","severity":"debug","timestamp":"2026-03-25T11:58:37.344294097Z"}
{"http.req.id":"b0dda7bc-a0e8-4480-9210-0a6c26829231","http.req.method":"GET","http.req.path":"/cart","message":"request started","session":"fcb2831f-0627-4791-ac1d-23821dc5b140","severity":"debug","timestamp":"2026-03-25T11:58:37.34523959Z"}
{"http.req.id":"b0dda7bc-a0e8-4480-9210-0a6c26829231","http.req.method":"GET","http.req.path":"/cart","message":"view user cart","session":"fcb2831f-0627-4791-ac1d-23821dc5b140","severity":"debug","timestamp":"2026-03-25T11:58:37.345304747Z"}
{"http.req.id":"b0dda7bc-a0e8-4480-9210-0a6c26829231","http.req.method":"GET","http.req.path":"/cart","http.resp.bytes":16415,"http.resp.status":200,"http.resp.took_ms":55,"message":"request complete","session":"fcb2831f-0627-4791-ac1d-23821dc5b140","severity":"debug","timestamp":"2026-03-25T11:58:37.400787447Z"}
{"http.req.id":"70bf6f4f-c1e7-477c-8d59-41ba47b09c03","http.req.method":"GET","http.req.path":"/product/LS4PSXUNUM","message":"request started","session":"32217267-98ca-4d66-9fc8-3f088b8def0f","severity":"debug","timestamp":"2026-03-25T11:58:37.800111182Z"}
{"currency":"GBP","http.req.id":"70bf6f4f-c1e7-477c-8d59-41ba47b09c03","http.req.method":"GET","http.req.path":"/product/LS4PSXUNUM","id":"LS4PSXUNUM","message":"serving product page","session":"32217267-98ca-4d66-9fc8-3f088b8def0f","severity":"debug","timestamp":"2026-03-25T11:58:37.800294748Z"}
{"http.req.id":"70bf6f4f-c1e7-477c-8d59-41ba47b09c03","http.req.method":"GET","http.req.path":"/product/LS4PSXUNUM","http.resp.bytes":7989,"http.resp.status":200,"http.resp.took_ms":98,"message":"request complete","session":"32217267-98ca-4d66-9fc8-3f088b8def0f","severity":"debug","timestamp":"2026-03-25T11:58:37.898487134Z"}
{"http.req.id":"8bc8ff45-afe5-47b8-87fa-2b94bce0363d","http.req.method":"POST","http.req.path":"/setCurrency","message":"request started","session":"513dd945-739c-4fe3-8e54-6e6927fbb733","severity":"debug","timestamp":"2026-03-25T11:58:38.057338525Z"}
{"curr.new":"JPY","curr.old":"TRY","http.req.id":"8bc8ff45-afe5-47b8-87fa-2b94bce0363d","http.req.method":"POST","http.req.path":"/setCurrency","message":"setting currency","session":"513dd945-739c-4fe3-8e54-6e6927fbb733","severity":"debug","timestamp":"2026-03-25T11:58:38.057525879Z"}
{"http.req.id":"8bc8ff45-afe5-47b8-87fa-2b94bce0363d","http.req.method":"POST","http.req.path":"/setCurrency","http.resp.bytes":0,"http.resp.status":302,"http.resp.took_ms":0,"message":"request complete","session":"513dd945-739c-4fe3-8e54-6e6927fbb733","severity":"debug","timestamp":"2026-03-25T11:58:38.057574361Z"}
{"http.req.id":"c1c408bd-cc07-407f-8230-7f6effca0dc2","http.req.method":"GET","http.req.path":"/","message":"request started","session":"513dd945-739c-4fe3-8e54-6e6927fbb733","severity":"debug","timestamp":"2026-03-25T11:58:38.059145492Z"}
{"currency":"JPY","http.req.id":"c1c408bd-cc07-407f-8230-7f6effca0dc2","http.req.method":"GET","http.req.path":"/","message":"home","session":"513dd945-739c-4fe3-8e54-6e6927fbb733","severity":"info","timestamp":"2026-03-25T11:58:38.059256825Z"}
env platform is either empty or invalid
{"http.req.id":"c1c408bd-cc07-407f-8230-7f6effca0dc2","http.req.method":"GET","http.req.path":"/","message":"ENV_PLATFORM is: local","session":"513dd945-739c-4fe3-8e54-6e6927fbb733","severity":"debug","timestamp":"2026-03-25T11:58:38.095325489Z"}
{"http.req.id":"c1c408bd-cc07-407f-8230-7f6effca0dc2","http.req.method":"GET","http.req.path":"/","http.resp.bytes":10413,"http.resp.status":200,"http.resp.took_ms":39,"message":"request complete","session":"513dd945-739c-4fe3-8e54-6e6927fbb733","severity":"debug","timestamp":"2026-03-25T11:58:38.098842868Z"}
{"http.req.id":"5b33adbc-dab2-491e-b1a4-b11bcdf667a9","http.req.method":"GET","http.req.path":"/product/0PUK6V6EV0","message":"request started","session":"827eab86-1aba-4a15-8740-5fee5900d10f","severity":"debug","timestamp":"2026-03-25T11:58:38.420774818Z"}
{"currency":"TRY","http.req.id":"5b33adbc-dab2-491e-b1a4-b11bcdf667a9","http.req.method":"GET","http.req.path":"/product/0PUK6V6EV0","id":"0PUK6V6EV0","message":"serving product page","session":"827eab86-1aba-4a15-8740-5fee5900d10f","severity":"debug","timestamp":"2026-03-25T11:58:38.420911138Z"}
{"http.req.id":"5b33adbc-dab2-491e-b1a4-b11bcdf667a9","http.req.method":"GET","http.req.path":"/product/0PUK6V6EV0","http.resp.bytes":8013,"http.resp.status":200,"http.resp.took_ms":18,"message":"request complete","session":"827eab86-1aba-4a15-8740-5fee5900d10f","severity":"debug","timestamp":"2026-03-25T11:58:38.439302167Z"}
{"http.req.id":"df570015-5f33-4862-a8e2-126332b6d07f","http.req.method":"GET","http.req.path":"/_healthz","message":"request started","session":"x-readiness-probe","severity":"debug","timestamp":"2026-03-25T11:58:39.12194529Z"}
{"http.req.id":"df570015-5f33-4862-a8e2-126332b6d07f","http.req.method":"GET","http.req.path":"/_healthz","http.resp.bytes":2,"http.resp.status":200,"http.resp.took_ms":0,"message":"request complete","session":"x-readiness-probe","severity":"debug","timestamp":"2026-03-25T11:58:39.122056152Z"}
{"http.req.id":"ad4386ce-b9e7-4126-aef4-82062147225d","http.req.method":"GET","http.req.path":"/product/0PUK6V6EV0","message":"request started","session":"ecb080bf-5333-403f-9547-c8725d499228","severity":"debug","timestamp":"2026-03-25T11:58:39.464549031Z"}
{"currency":"JPY","http.req.id":"ad4386ce-b9e7-4126-aef4-82062147225d","http.req.method":"GET","http.req.path":"/product/0PUK6V6EV0","id":"0PUK6V6EV0","message":"serving product page","session":"ecb080bf-5333-403f-9547-c8725d499228","severity":"debug","timestamp":"2026-03-25T11:58:39.464662743Z"}
{"http.req.id":"ad4386ce-b9e7-4126-aef4-82062147225d","http.req.method":"GET","http.req.path":"/product/0PUK6V6EV0","http.resp.bytes":7924,"http.resp.status":200,"http.resp.took_ms":21,"message":"request complete","session":"ecb080bf-5333-403f-9547-c8725d499228","severity":"debug","timestamp":"2026-03-25T11:58:39.486083521Z"}
{"http.req.id":"cda61b35-c398-419a-b0b7-01b91d5de363","http.req.method":"POST","http.req.path":"/cart","message":"request started","session":"ecb080bf-5333-403f-9547-c8725d499228","severity":"debug","timestamp":"2026-03-25T11:58:39.487279459Z"}
{"http.req.id":"cda61b35-c398-419a-b0b7-01b91d5de363","http.req.method":"POST","http.req.path":"/cart","message":"adding to cart","product":"0PUK6V6EV0","quantity":8,"session":"ecb080bf-5333-403f-9547-c8725d499228","severity":"debug","timestamp":"2026-03-25T11:58:39.487473449Z"}
{"http.req.id":"359c8f64-4b20-4ac4-9533-12c904095a6b","http.req.method":"POST","http.req.path":"/setCurrency","message":"request started","session":"694745d8-a179-4c65-83d6-9ed873a7b94b","severity":"debug","timestamp":"2026-03-25T11:58:39.491324235Z"}
{"curr.new":"EUR","curr.old":"JPY","http.req.id":"359c8f64-4b20-4ac4-9533-12c904095a6b","http.req.method":"POST","http.req.path":"/setCurrency","message":"setting currency","session":"694745d8-a179-4c65-83d6-9ed873a7b94b","severity":"debug","timestamp":"2026-03-25T11:58:39.491473748Z"}
{"http.req.id":"359c8f64-4b20-4ac4-9533-12c904095a6b","http.req.method":"POST","http.req.path":"/setCurrency","http.resp.bytes":0,"http.resp.status":302,"http.resp.took_ms":0,"message":"request complete","session":"694745d8-a179-4c65-83d6-9ed873a7b94b","severity":"debug","timestamp":"2026-03-25T11:58:39.491518124Z"}
{"http.req.id":"cda61b35-c398-419a-b0b7-01b91d5de363","http.req.method":"POST","http.req.path":"/cart","http.resp.bytes":0,"http.resp.status":302,"http.resp.took_ms":4,"message":"request complete","session":"ecb080bf-5333-403f-9547-c8725d499228","severity":"debug","timestamp":"2026-03-25T11:58:39.491752791Z"}
{"http.req.id":"1859cf7b-27a3-4e4f-bfa9-cc8f86277448","http.req.method":"GET","http.req.path":"/cart","message":"request started","session":"ecb080bf-5333-403f-9547-c8725d499228","severity":"debug","timestamp":"2026-03-25T11:58:39.492960564Z"}
{"http.req.id":"1859cf7b-27a3-4e4f-bfa9-cc8f86277448","http.req.method":"GET","http.req.path":"/cart","message":"view user cart","session":"ecb080bf-5333-403f-9547-c8725d499228","severity":"debug","timestamp":"2026-03-25T11:58:39.49305816Z"}
{"http.req.id":"09f7b0d9-d23b-47f7-b99a-f7141bf91357","http.req.method":"GET","http.req.path":"/","message":"request started","session":"694745d8-a179-4c65-83d6-9ed873a7b94b","severity":"debug","timestamp":"2026-03-25T11:58:39.494088439Z"}
{"currency":"EUR","http.req.id":"09f7b0d9-d23b-47f7-b99a-f7141bf91357","http.req.method":"GET","http.req.path":"/","message":"home","session":"694745d8-a179-4c65-83d6-9ed873a7b94b","severity":"info","timestamp":"2026-03-25T11:58:39.494189727Z"}
{"http.req.id":"1859cf7b-27a3-4e4f-bfa9-cc8f86277448","http.req.method":"GET","http.req.path":"/cart","http.resp.bytes":16424,"http.resp.status":200,"http.resp.took_ms":105,"message":"request complete","session":"ecb080bf-5333-403f-9547-c8725d499228","severity":"debug","timestamp":"2026-03-25T11:58:39.598108546Z"}
env platform is either empty or invalid
{"http.req.id":"09f7b0d9-d23b-47f7-b99a-f7141bf91357","http.req.method":"GET","http.req.path":"/","message":"ENV_PLATFORM is: local","session":"694745d8-a179-4c65-83d6-9ed873a7b94b","severity":"debug","timestamp":"2026-03-25T11:58:39.604706523Z"}
{"http.req.id":"09f7b0d9-d23b-47f7-b99a-f7141bf91357","http.req.method":"GET","http.req.path":"/","http.resp.bytes":10491,"http.resp.status":200,"http.resp.took_ms":114,"message":"request complete","session":"694745d8-a179-4c65-83d6-9ed873a7b94b","severity":"debug","timestamp":"2026-03-25T11:58:39.608572997Z"}
{"http.req.id":"2572c3e4-112e-4bc9-a3e3-1989412dd251","http.req.method":"GET","http.req.path":"/product/0PUK6V6EV0","message":"request started","session":"514e00c6-206e-4c6e-873f-852b796455de","severity":"debug","timestamp":"2026-03-25T11:58:43.020275011Z"}
{"currency":"USD","http.req.id":"2572c3e4-112e-4bc9-a3e3-1989412dd251","http.req.method":"GET","http.req.path":"/product/0PUK6V6EV0","id":"0PUK6V6EV0","message":"serving product page","session":"514e00c6-206e-4c6e-873f-852b796455de","severity":"debug","timestamp":"2026-03-25T11:58:43.020585318Z"}
{"http.req.id":"0833f0a4-98dd-45db-9710-46c32d3e3ade","http.req.method":"GET","http.req.path":"/product/LS4PSXUNUM","message":"request started","session":"513dd945-739c-4fe3-8e54-6e6927fbb733","severity":"debug","timestamp":"2026-03-25T11:58:43.223154661Z"}
{"currency":"JPY","http.req.id":"0833f0a4-98dd-45db-9710-46c32d3e3ade","http.req.method":"GET","http.req.path":"/product/LS4PSXUNUM","id":"LS4PSXUNUM","message":"serving product page","session":"513dd945-739c-4fe3-8e54-6e6927fbb733","severity":"debug","timestamp":"2026-03-25T11:58:43.223290801Z"}
{"http.req.id":"a01f12ab-a2ab-438b-a1bd-851f04916fae","http.req.method":"GET","http.req.path":"/product/0PUK6V6EV0","message":"request started","session":"df4ce93a-5d92-40a8-93c2-540bf11bbb4d","severity":"debug","timestamp":"2026-03-25T11:58:43.294807741Z"}
{"currency":"USD","http.req.id":"a01f12ab-a2ab-438b-a1bd-851f04916fae","http.req.method":"GET","http.req.path":"/product/0PUK6V6EV0","id":"0PUK6V6EV0","message":"serving product page","session":"df4ce93a-5d92-40a8-93c2-540bf11bbb4d","severity":"debug","timestamp":"2026-03-25T11:58:43.294929651Z"}
{"http.req.id":"697b94f3-5f81-47d9-9edb-845af0d9bbec","http.req.method":"GET","http.req.path":"/product/6E92ZMYYFZ","message":"request started","session":"fcb2831f-0627-4791-ac1d-23821dc5b140","severity":"debug","timestamp":"2026-03-25T11:58:43.912182126Z"}
{"currency":"JPY","http.req.id":"697b94f3-5f81-47d9-9edb-845af0d9bbec","http.req.method":"GET","http.req.path":"/product/6E92ZMYYFZ","id":"6E92ZMYYFZ","message":"serving product page","session":"fcb2831f-0627-4791-ac1d-23821dc5b140","severity":"debug","timestamp":"2026-03-25T11:58:43.912315789Z"}
{"http.req.id":"fbdd9e5c-9cd0-410c-9cad-c5bf0a23ca38","http.req.method":"GET","http.req.path":"/product/LS4PSXUNUM","message":"request started","session":"ecb080bf-5333-403f-9547-c8725d499228","severity":"debug","timestamp":"2026-03-25T11:58:44.827398419Z"}
{"currency":"JPY","http.req.id":"fbdd9e5c-9cd0-410c-9cad-c5bf0a23ca38","http.req.method":"GET","http.req.path":"/product/LS4PSXUNUM","id":"LS4PSXUNUM","message":"serving product page","session":"ecb080bf-5333-403f-9547-c8725d499228","severity":"debug","timestamp":"2026-03-25T11:58:44.827507231Z"}
{"http.req.id":"10577943-ed5d-4952-8fcc-1acbfc048d44","http.req.method":"GET","http.req.path":"/_healthz","message":"request started","session":"x-liveness-probe","severity":"debug","timestamp":"2026-03-25T11:58:44.913381821Z"}
{"http.req.id":"10577943-ed5d-4952-8fcc-1acbfc048d44","http.req.method":"GET","http.req.path":"/_healthz","http.resp.bytes":2,"http.resp.status":200,"http.resp.took_ms":0,"message":"request complete","session":"x-liveness-probe","severity":"debug","timestamp":"2026-03-25T11:58:44.913636056Z"}
{"http.req.id":"bc4c768d-3152-407d-8229-ec0ce3d205a4","http.req.method":"GET","http.req.path":"/product/0PUK6V6EV0","message":"request started","session":"a38c2610-1665-4c93-8051-4c451f5de325","severity":"debug","timestamp":"2026-03-25T11:58:45.194821907Z"}
{"currency":"EUR","http.req.id":"bc4c768d-3152-407d-8229-ec0ce3d205a4","http.req.method":"GET","http.req.path":"/product/0PUK6V6EV0","id":"0PUK6V6EV0","message":"serving product page","session":"a38c2610-1665-4c93-8051-4c451f5de325","severity":"debug","timestamp":"2026-03-25T11:58:45.194891987Z"}
{"http.req.id":"a16057c9-9034-4ceb-8026-de8087136bd9","http.req.method":"GET","http.req.path":"/product/66VCHSJNUP","message":"request started","session":"2d3bf3d7-22b5-49c9-8227-12126292f393","severity":"debug","timestamp":"2026-03-25T11:58:46.295094607Z"}
{"currency":"GBP","http.req.id":"a16057c9-9034-4ceb-8026-de8087136bd9","http.req.method":"GET","http.req.path":"/product/66VCHSJNUP","id":"66VCHSJNUP","message":"serving product page","session":"2d3bf3d7-22b5-49c9-8227-12126292f393","severity":"debug","timestamp":"2026-03-25T11:58:46.295466529Z"}
{"http.req.id":"9e2c31fb-1210-40ea-8f1b-5ba502663da3","http.req.method":"GET","http.req.path":"/product/6E92ZMYYFZ","message":"request started","session":"32217267-98ca-4d66-9fc8-3f088b8def0f","severity":"debug","timestamp":"2026-03-25T11:58:46.657101813Z"}
{"currency":"GBP","http.req.id":"9e2c31fb-1210-40ea-8f1b-5ba502663da3","http.req.method":"GET","http.req.path":"/product/6E92ZMYYFZ","id":"6E92ZMYYFZ","message":"serving product page","session":"32217267-98ca-4d66-9fc8-3f088b8def0f","severity":"debug","timestamp":"2026-03-25T11:58:46.657187661Z"}
{"http.req.id":"e2dd9096-42e9-4d30-9392-cb066ababc38","http.req.method":"GET","http.req.path":"/cart","message":"request started","session":"827eab86-1aba-4a15-8740-5fee5900d10f","severity":"debug","timestamp":"2026-03-25T11:58:47.495478483Z"}
{"http.req.id":"e2dd9096-42e9-4d30-9392-cb066ababc38","http.req.method":"GET","http.req.path":"/cart","message":"view user cart","session":"827eab86-1aba-4a15-8740-5fee5900d10f","severity":"debug","timestamp":"2026-03-25T11:58:47.495575046Z"}
