{"http.req.id":"b23224db-7167-4504-813f-4a1a2ff9333d","http.req.method":"POST","http.req.path":"/setCurrency","http.resp.bytes":0,"http.resp.status":302,"http.resp.took_ms":0,"message":"request complete","session":"2d3bf3d7-22b5-49c9-8227-12126292f393","severity":"debug","timestamp":"2026-03-25T12:02:45.215698578Z"}
{"http.req.id":"f6ed7db2-a1ff-4693-bc27-cca9bef7a194","http.req.method":"GET","http.req.path":"/","message":"request started","session":"2d3bf3d7-22b5-49c9-8227-12126292f393","severity":"debug","timestamp":"2026-03-25T12:02:45.216776799Z"}
{"currency":"GBP","http.req.id":"f6ed7db2-a1ff-4693-bc27-cca9bef7a194","http.req.method":"GET","http.req.path":"/","message":"home","session":"2d3bf3d7-22b5-49c9-8227-12126292f393","severity":"info","timestamp":"2026-03-25T12:02:45.21685169Z"}
env platform is either empty or invalid
{"http.req.id":"f6ed7db2-a1ff-4693-bc27-cca9bef7a194","http.req.method":"GET","http.req.path":"/","message":"ENV_PLATFORM is: local","session":"2d3bf3d7-22b5-49c9-8227-12126292f393","severity":"debug","timestamp":"2026-03-25T12:02:45.243106171Z"}
{"http.req.id":"f6ed7db2-a1ff-4693-bc27-cca9bef7a194","http.req.method":"GET","http.req.path":"/","http.resp.bytes":10482,"http.resp.status":200,"http.resp.took_ms":28,"message":"request complete","session":"2d3bf3d7-22b5-49c9-8227-12126292f393","severity":"debug","timestamp":"2026-03-25T12:02:45.245311743Z"}
{"http.req.id":"e0278778-309e-414b-9e09-c388d96d14c6","http.req.method":"GET","http.req.path":"/product/66VCHSJNUP","message":"request started","session":"fcb2831f-0627-4791-ac1d-23821dc5b140","severity":"debug","timestamp":"2026-03-25T12:02:45.401053667Z"}
{"currency":"USD","http.req.id":"e0278778-309e-414b-9e09-c388d96d14c6","http.req.method":"GET","http.req.path":"/product/66VCHSJNUP","id":"66VCHSJNUP","message":"serving product page","session":"fcb2831f-0627-4791-ac1d-23821dc5b140","severity":"debug","timestamp":"2026-03-25T12:02:45.401229219Z"}
{"http.req.id":"e0278778-309e-414b-9e09-c388d96d14c6","http.req.method":"GET","http.req.path":"/product/66VCHSJNUP","http.resp.bytes":7952,"http.resp.status":200,"http.resp.took_ms":21,"message":"request complete","session":"fcb2831f-0627-4791-ac1d-23821dc5b140","severity":"debug","timestamp":"2026-03-25T12:02:45.422342319Z"}
{"http.req.id":"67e296f1-cee5-437c-8c51-82e8501654f6","http.req.method":"POST","http.req.path":"/cart","message":"request started","session":"fcb2831f-0627-4791-ac1d-23821dc5b140","severity":"debug","timestamp":"2026-03-25T12:02:45.423290658Z"}
{"http.req.id":"67e296f1-cee5-437c-8c51-82e8501654f6","http.req.method":"POST","http.req.path":"/cart","message":"adding to cart","product":"66VCHSJNUP","quantity":8,"session":"fcb2831f-0627-4791-ac1d-23821dc5b140","severity":"debug","timestamp":"2026-03-25T12:02:45.423376374Z"}
{"http.req.id":"67e296f1-cee5-437c-8c51-82e8501654f6","http.req.method":"POST","http.req.path":"/cart","http.resp.bytes":0,"http.resp.status":302,"http.resp.took_ms":3,"message":"request complete","session":"fcb2831f-0627-4791-ac1d-23821dc5b140","severity":"debug","timestamp":"2026-03-25T12:02:45.426600531Z"}
{"http.req.id":"bbef882a-ccda-4e38-8dca-1c9d2c95d167","http.req.method":"GET","http.req.path":"/cart","message":"request started","session":"fcb2831f-0627-4791-ac1d-23821dc5b140","severity":"debug","timestamp":"2026-03-25T12:02:45.427756122Z"}
{"http.req.id":"bbef882a-ccda-4e38-8dca-1c9d2c95d167","http.req.method":"GET","http.req.path":"/cart","message":"view user cart","session":"fcb2831f-0627-4791-ac1d-23821dc5b140","severity":"debug","timestamp":"2026-03-25T12:02:45.427831019Z"}
{"http.req.id":"bbef882a-ccda-4e38-8dca-1c9d2c95d167","http.req.method":"GET","http.req.path":"/cart","http.resp.bytes":20676,"http.resp.status":200,"http.resp.took_ms":22,"message":"request complete","session":"fcb2831f-0627-4791-ac1d-23821dc5b140","severity":"debug","timestamp":"2026-03-25T12:02:45.450557161Z"}
{"http.req.id":"97149de6-2256-4840-a618-f2de4fa1c25a","http.req.method":"GET","http.req.path":"/cart","message":"request started","session":"694745d8-a179-4c65-83d6-9ed873a7b94b","severity":"debug","timestamp":"2026-03-25T12:02:45.855803603Z"}
{"http.req.id":"97149de6-2256-4840-a618-f2de4fa1c25a","http.req.method":"GET","http.req.path":"/cart","message":"view user cart","session":"694745d8-a179-4c65-83d6-9ed873a7b94b","severity":"debug","timestamp":"2026-03-25T12:02:45.855911674Z"}
{"http.req.id":"97149de6-2256-4840-a618-f2de4fa1c25a","http.req.method":"GET","http.req.path":"/cart","http.resp.bytes":17830,"http.resp.status":200,"http.resp.took_ms":20,"message":"request complete","session":"694745d8-a179-4c65-83d6-9ed873a7b94b","severity":"debug","timestamp":"2026-03-25T12:02:45.876547408Z"}
{"http.req.id":"c116d9d8-cc13-4a04-957e-ff677b9aff61","http.req.method":"GET","http.req.path":"/","message":"request started","session":"df4ce93a-5d92-40a8-93c2-540bf11bbb4d","severity":"debug","timestamp":"2026-03-25T12:02:45.971932239Z"}
{"currency":"TRY","http.req.id":"c116d9d8-cc13-4a04-957e-ff677b9aff61","http.req.method":"GET","http.req.path":"/","message":"home","session":"df4ce93a-5d92-40a8-93c2-540bf11bbb4d","severity":"info","timestamp":"2026-03-25T12:02:45.972039515Z"}
env platform is either empty or invalid
{"http.req.id":"c116d9d8-cc13-4a04-957e-ff677b9aff61","http.req.method":"GET","http.req.path":"/","message":"ENV_PLATFORM is: local","session":"df4ce93a-5d92-40a8-93c2-540bf11bbb4d","severity":"debug","timestamp":"2026-03-25T12:02:45.991644965Z"}
{"http.req.id":"c116d9d8-cc13-4a04-957e-ff677b9aff61","http.req.method":"GET","http.req.path":"/","http.resp.bytes":10411,"http.resp.status":200,"http.resp.took_ms":22,"message":"request complete","session":"df4ce93a-5d92-40a8-93c2-540bf11bbb4d","severity":"debug","timestamp":"2026-03-25T12:02:45.994444192Z"}
{"http.req.id":"5e78d0bd-d685-45d7-af81-c5e16566cf4b","http.req.method":"GET","http.req.path":"/product/9SIQT8TOJO","message":"request started","session":"827eab86-1aba-4a15-8740-5fee5900d10f","severity":"debug","timestamp":"2026-03-25T12:02:46.406097514Z"}
{"currency":"EUR","http.req.id":"5e78d0bd-d685-45d7-af81-c5e16566cf4b","http.req.method":"GET","http.req.path":"/product/9SIQT8TOJO","id":"9SIQT8TOJO","message":"serving product page","session":"827eab86-1aba-4a15-8740-5fee5900d10f","severity":"debug","timestamp":"2026-03-25T12:02:46.406231443Z"}
{"http.req.id":"5e78d0bd-d685-45d7-af81-c5e16566cf4b","http.req.method":"GET","http.req.path":"/product/9SIQT8TOJO","http.resp.bytes":8018,"http.resp.status":200,"http.resp.took_ms":24,"message":"request complete","session":"827eab86-1aba-4a15-8740-5fee5900d10f","severity":"debug","timestamp":"2026-03-25T12:02:46.430753912Z"}
{"http.req.id":"6b380d57-c13d-49c2-a8ea-a76a6cb65dd6","http.req.method":"GET","http.req.path":"/cart","message":"request started","session":"513dd945-739c-4fe3-8e54-6e6927fbb733","severity":"debug","timestamp":"2026-03-25T12:02:46.614212024Z"}
{"http.req.id":"6b380d57-c13d-49c2-a8ea-a76a6cb65dd6","http.req.method":"GET","http.req.path":"/cart","message":"view user cart","session":"513dd945-739c-4fe3-8e54-6e6927fbb733","severity":"debug","timestamp":"2026-03-25T12:02:46.614295825Z"}
{"http.req.id":"6b380d57-c13d-49c2-a8ea-a76a6cb65dd6","http.req.method":"GET","http.req.path":"/cart","http.resp.bytes":19258,"http.resp.status":200,"http.resp.took_ms":20,"message":"request complete","session":"513dd945-739c-4fe3-8e54-6e6927fbb733","severity":"debug","timestamp":"2026-03-25T12:02:46.634309658Z"}
{"http.req.id":"68490c89-8d20-41ee-9118-80f8a295e62b","http.req.method":"GET","http.req.path":"/product/OLJCESPC7Z","message":"request started","session":"2d3bf3d7-22b5-49c9-8227-12126292f393","severity":"debug","timestamp":"2026-03-25T12:02:46.889181841Z"}
{"currency":"GBP","http.req.id":"68490c89-8d20-41ee-9118-80f8a295e62b","http.req.method":"GET","http.req.path":"/product/OLJCESPC7Z","id":"OLJCESPC7Z","message":"serving product page","session":"2d3bf3d7-22b5-49c9-8227-12126292f393","severity":"debug","timestamp":"2026-03-25T12:02:46.889310193Z"}
{"http.req.id":"68490c89-8d20-41ee-9118-80f8a295e62b","http.req.method":"GET","http.req.path":"/product/OLJCESPC7Z","http.resp.bytes":8019,"http.resp.status":200,"http.resp.took_ms":20,"message":"request complete","session":"2d3bf3d7-22b5-49c9-8227-12126292f393","severity":"debug","timestamp":"2026-03-25T12:02:46.909871942Z"}
{"http.req.id":"7fa1b68e-3a00-419c-ad08-6e05f73858ac","http.req.method":"POST","http.req.path":"/setCurrency","message":"request started","session":"694745d8-a179-4c65-83d6-9ed873a7b94b","severity":"debug","timestamp":"2026-03-25T12:02:46.943449987Z"}
{"curr.new":"JPY","curr.old":"JPY","http.req.id":"7fa1b68e-3a00-419c-ad08-6e05f73858ac","http.req.method":"POST","http.req.path":"/setCurrency","message":"setting currency","session":"694745d8-a179-4c65-83d6-9ed873a7b94b","severity":"debug","timestamp":"2026-03-25T12:02:46.943711028Z"}
{"http.req.id":"7fa1b68e-3a00-419c-ad08-6e05f73858ac","http.req.method":"POST","http.req.path":"/setCurrency","http.resp.bytes":0,"http.resp.status":302,"http.resp.took_ms":0,"message":"request complete","session":"694745d8-a179-4c65-83d6-9ed873a7b94b","severity":"debug","timestamp":"2026-03-25T12:02:46.943783811Z"}
{"http.req.id":"0447aacc-5ef3-4d7d-92cb-5e870b4b6860","http.req.method":"GET","http.req.path":"/","message":"request started","session":"694745d8-a179-4c65-83d6-9ed873a7b94b","severity":"debug","timestamp":"2026-03-25T12:02:46.945508131Z"}
{"currency":"JPY","http.req.id":"0447aacc-5ef3-4d7d-92cb-5e870b4b6860","http.req.method":"GET","http.req.path":"/","message":"home","session":"694745d8-a179-4c65-83d6-9ed873a7b94b","severity":"info","timestamp":"2026-03-25T12:02:46.945606576Z"}
{"http.req.id":"960fc8c2-646a-4231-b7af-3c3d43bb1f70","http.req.method":"GET","http.req.path":"/product/1YMWWN1N4O","message":"request started","session":"df4ce93a-5d92-40a8-93c2-540bf11bbb4d","severity":"debug","timestamp":"2026-03-25T12:02:47.142641496Z"}
{"currency":"TRY","http.req.id":"960fc8c2-646a-4231-b7af-3c3d43bb1f70","http.req.method":"GET","http.req.path":"/product/1YMWWN1N4O","id":"1YMWWN1N4O","message":"serving product page","session":"df4ce93a-5d92-40a8-93c2-540bf11bbb4d","severity":"debug","timestamp":"2026-03-25T12:02:47.144652677Z"}
env platform is either empty or invalid
{"http.req.id":"0447aacc-5ef3-4d7d-92cb-5e870b4b6860","http.req.method":"GET","http.req.path":"/","message":"ENV_PLATFORM is: local","session":"694745d8-a179-4c65-83d6-9ed873a7b94b","severity":"debug","timestamp":"2026-03-25T12:02:47.361935537Z"}
{"http.req.id":"b19f62bc-02cb-4444-96dd-f30a8230253b","http.req.method":"GET","http.req.path":"/_healthz","message":"request started","session":"x-readiness-probe","severity":"debug","timestamp":"2026-03-25T12:02:47.543877551Z"}
{"http.req.id":"b19f62bc-02cb-4444-96dd-f30a8230253b","http.req.method":"GET","http.req.path":"/_healthz","http.resp.bytes":2,"http.resp.status":200,"http.resp.took_ms":0,"message":"request complete","session":"x-readiness-probe","severity":"debug","timestamp":"2026-03-25T12:02:47.544032209Z"}
{"http.req.id":"0447aacc-5ef3-4d7d-92cb-5e870b4b6860","http.req.method":"GET","http.req.path":"/","http.resp.bytes":10502,"http.resp.status":200,"http.resp.took_ms":600,"message":"request complete","session":"694745d8-a179-4c65-83d6-9ed873a7b94b","severity":"debug","timestamp":"2026-03-25T12:02:47.546450568Z"}
{"http.req.id":"5530aae5-fa71-458a-acc8-3f2a8ea65b62","http.req.method":"GET","http.req.path":"/product/L9ECAV7KIM","message":"request started","session":"a38c2610-1665-4c93-8051-4c451f5de325","severity":"debug","timestamp":"2026-03-25T12:02:47.644956274Z"}
{"currency":"TRY","http.req.id":"5530aae5-fa71-458a-acc8-3f2a8ea65b62","http.req.method":"GET","http.req.path":"/product/L9ECAV7KIM","id":"L9ECAV7KIM","message":"serving product page","session":"a38c2610-1665-4c93-8051-4c451f5de325","severity":"debug","timestamp":"2026-03-25T12:02:47.645065968Z"}
{"http.req.id":"960fc8c2-646a-4231-b7af-3c3d43bb1f70","http.req.method":"GET","http.req.path":"/product/1YMWWN1N4O","http.resp.bytes":7940,"http.resp.status":200,"http.resp.took_ms":604,"message":"request complete","session":"df4ce93a-5d92-40a8-93c2-540bf11bbb4d","severity":"debug","timestamp":"2026-03-25T12:02:47.746845322Z"}
{"http.req.id":"5530aae5-fa71-458a-acc8-3f2a8ea65b62","http.req.method":"GET","http.req.path":"/product/L9ECAV7KIM","http.resp.bytes":7992,"http.resp.status":200,"http.resp.took_ms":109,"message":"request complete","session":"a38c2610-1665-4c93-8051-4c451f5de325","severity":"debug","timestamp":"2026-03-25T12:02:47.754708418Z"}
{"http.req.id":"f0d340bb-506b-49f6-ad56-7a3ee5b32ffc","http.req.method":"POST","http.req.path":"/setCurrency","message":"request started","session":"514e00c6-206e-4c6e-873f-852b796455de","severity":"debug","timestamp":"2026-03-25T12:02:47.843135828Z"}
{"curr.new":"USD","curr.old":"CAD","http.req.id":"f0d340bb-506b-49f6-ad56-7a3ee5b32ffc","http.req.method":"POST","http.req.path":"/setCurrency","message":"setting currency","session":"514e00c6-206e-4c6e-873f-852b796455de","severity":"debug","timestamp":"2026-03-25T12:02:47.843394837Z"}
{"http.req.id":"f0d340bb-506b-49f6-ad56-7a3ee5b32ffc","http.req.method":"POST","http.req.path":"/setCurrency","http.resp.bytes":0,"http.resp.status":302,"http.resp.took_ms":0,"message":"request complete","session":"514e00c6-206e-4c6e-873f-852b796455de","severity":"debug","timestamp":"2026-03-25T12:02:47.843464848Z"}
{"http.req.id":"f679f3fb-578d-42a5-915d-0b791402735e","http.req.method":"GET","http.req.path":"/","message":"request started","session":"514e00c6-206e-4c6e-873f-852b796455de","severity":"debug","timestamp":"2026-03-25T12:02:47.845891443Z"}
{"currency":"USD","http.req.id":"f679f3fb-578d-42a5-915d-0b791402735e","http.req.method":"GET","http.req.path":"/","message":"home","session":"514e00c6-206e-4c6e-873f-852b796455de","severity":"info","timestamp":"2026-03-25T12:02:47.845988646Z"}
env platform is either empty or invalid
{"http.req.id":"f679f3fb-578d-42a5-915d-0b791402735e","http.req.method":"GET","http.req.path":"/","message":"ENV_PLATFORM is: local","session":"514e00c6-206e-4c6e-873f-852b796455de","severity":"debug","timestamp":"2026-03-25T12:02:47.964999207Z"}
{"http.req.id":"f679f3fb-578d-42a5-915d-0b791402735e","http.req.method":"GET","http.req.path":"/","http.resp.bytes":10383,"http.resp.status":200,"http.resp.took_ms":123,"message":"request complete","session":"514e00c6-206e-4c6e-873f-852b796455de","severity":"debug","timestamp":"2026-03-25T12:02:47.969060831Z"}
{"http.req.id":"70b0334d-bf1e-4e6d-8fed-e6ead7fda8e1","http.req.method":"GET","http.req.path":"/product/66VCHSJNUP","message":"request started","session":"32217267-98ca-4d66-9fc8-3f088b8def0f","severity":"debug","timestamp":"2026-03-25T12:02:48.117702616Z"}
{"currency":"GBP","http.req.id":"70b0334d-bf1e-4e6d-8fed-e6ead7fda8e1","http.req.method":"GET","http.req.path":"/product/66VCHSJNUP","id":"66VCHSJNUP","message":"serving product page","session":"32217267-98ca-4d66-9fc8-3f088b8def0f","severity":"debug","timestamp":"2026-03-25T12:02:48.117800722Z"}
{"http.req.id":"70b0334d-bf1e-4e6d-8fed-e6ead7fda8e1","http.req.method":"GET","http.req.path":"/product/66VCHSJNUP","http.resp.bytes":7937,"http.resp.status":200,"http.resp.took_ms":55,"message":"request complete","session":"32217267-98ca-4d66-9fc8-3f088b8def0f","severity":"debug","timestamp":"2026-03-25T12:02:48.173060504Z"}
{"http.req.id":"436eb2cf-6426-4a56-8f10-67791c3a44ea","http.req.method":"GET","http.req.path":"/","message":"request started","session":"ecb080bf-5333-403f-9547-c8725d499228","severity":"debug","timestamp":"2026-03-25T12:02:49.313142579Z"}
{"currency":"GBP","http.req.id":"436eb2cf-6426-4a56-8f10-67791c3a44ea","http.req.method":"GET","http.req.path":"/","message":"home","session":"ecb080bf-5333-403f-9547-c8725d499228","severity":"info","timestamp":"2026-03-25T12:02:49.313327597Z"}
env platform is either empty or invalid
{"http.req.id":"436eb2cf-6426-4a56-8f10-67791c3a44ea","http.req.method":"GET","http.req.path":"/","message":"ENV_PLATFORM is: local","session":"ecb080bf-5333-403f-9547-c8725d499228","severity":"debug","timestamp":"2026-03-25T12:02:49.329145587Z"}
{"http.req.id":"436eb2cf-6426-4a56-8f10-67791c3a44ea","http.req.method":"GET","http.req.path":"/","http.resp.bytes":10482,"http.resp.status":200,"http.resp.took_ms":19,"message":"request complete","session":"ecb080bf-5333-403f-9547-c8725d499228","severity":"debug","timestamp":"2026-03-25T12:02:49.332331065Z"}
{"http.req.id":"c6b4c191-14fe-464a-a9df-86391a5561bd","http.req.method":"GET","http.req.path":"/product/6E92ZMYYFZ","message":"request started","session":"a38c2610-1665-4c93-8051-4c451f5de325","severity":"debug","timestamp":"2026-03-25T12:02:49.695837298Z"}
{"currency":"TRY","http.req.id":"c6b4c191-14fe-464a-a9df-86391a5561bd","http.req.method":"GET","http.req.path":"/product/6E92ZMYYFZ","id":"6E92ZMYYFZ","message":"serving product page","session":"a38c2610-1665-4c93-8051-4c451f5de325","severity":"debug","timestamp":"2026-03-25T12:02:49.695995303Z"}
{"http.req.id":"c6b4c191-14fe-464a-a9df-86391a5561bd","http.req.method":"GET","http.req.path":"/product/6E92ZMYYFZ","http.resp.bytes":7951,"http.resp.status":200,"http.resp.took_ms":267,"message":"request complete","session":"a38c2610-1665-4c93-8051-4c451f5de325","severity":"debug","timestamp":"2026-03-25T12:02:51.57764695Z"}
{"http.req.id":"8b4429f7-a58f-4a32-9d49-a4f3099300a8","http.req.method":"GET","http.req.path":"/product/2ZYFJ3GM2N","message":"request started","session":"694745d8-a179-4c65-83d6-9ed873a7b94b","severity":"debug","timestamp":"2026-03-25T12:02:52.04878265Z"}
{"currency":"JPY","http.req.id":"8b4429f7-a58f-4a32-9d49-a4f3099300a8","http.req.method":"GET","http.req.path":"/product/2ZYFJ3GM2N","id":"2ZYFJ3GM2N","message":"serving product page","session":"694745d8-a179-4c65-83d6-9ed873a7b94b","severity":"debug","timestamp":"2026-03-25T12:02:52.048884309Z"}
{"http.req.id":"8b4429f7-a58f-4a32-9d49-a4f3099300a8","http.req.method":"GET","http.req.path":"/product/2ZYFJ3GM2N","http.resp.bytes":8011,"http.resp.status":200,"http.resp.took_ms":18,"message":"request complete","session":"694745d8-a179-4c65-83d6-9ed873a7b94b","severity":"debug","timestamp":"2026-03-25T12:02:52.067041736Z"}
{"http.req.id":"61a4c479-4be5-4755-bcef-940dbcace94b","http.req.method":"POST","http.req.path":"/cart","message":"request started","session":"694745d8-a179-4c65-83d6-9ed873a7b94b","severity":"debug","timestamp":"2026-03-25T12:02:52.068483839Z"}
{"http.req.id":"61a4c479-4be5-4755-bcef-940dbcace94b","http.req.method":"POST","http.req.path":"/cart","message":"adding to cart","product":"2ZYFJ3GM2N","quantity":4,"session":"694745d8-a179-4c65-83d6-9ed873a7b94b","severity":"debug","timestamp":"2026-03-25T12:02:52.068630968Z"}
{"http.req.id":"da28d0ee-92ce-452e-b7d3-d3e748393ab6","http.req.method":"GET","http.req.path":"/product/2ZYFJ3GM2N","message":"request started","session":"ecb080bf-5333-403f-9547-c8725d499228","severity":"debug","timestamp":"2026-03-25T12:02:52.069649621Z"}
{"currency":"GBP","http.req.id":"da28d0ee-92ce-452e-b7d3-d3e748393ab6","http.req.method":"GET","http.req.path":"/product/2ZYFJ3GM2N","id":"2ZYFJ3GM2N","message":"serving product page","session":"ecb080bf-5333-403f-9547-c8725d499228","severity":"debug","timestamp":"2026-03-25T12:02:52.069731605Z"}
{"http.req.id":"61a4c479-4be5-4755-bcef-940dbcace94b","http.req.method":"POST","http.req.path":"/cart","http.resp.bytes":0,"http.resp.status":302,"http.resp.took_ms":4,"message":"request complete","session":"694745d8-a179-4c65-83d6-9ed873a7b94b","severity":"debug","timestamp":"2026-03-25T12:02:52.072957527Z"}
{"http.req.id":"9afed2c7-1ef8-4281-beee-77648530eed1","http.req.method":"GET","http.req.path":"/cart","message":"request started","session":"694745d8-a179-4c65-83d6-9ed873a7b94b","severity":"debug","timestamp":"2026-03-25T12:02:52.074964916Z"}
{"http.req.id":"9afed2c7-1ef8-4281-beee-77648530eed1","http.req.method":"GET","http.req.path":"/cart","message":"view user cart","session":"694745d8-a179-4c65-83d6-9ed873a7b94b","severity":"debug","timestamp":"2026-03-25T12:02:52.075017856Z"}
{"http.req.id":"da28d0ee-92ce-452e-b7d3-d3e748393ab6","http.req.method":"GET","http.req.path":"/product/2ZYFJ3GM2N","http.resp.bytes":8014,"http.resp.status":200,"http.resp.took_ms":295,"message":"request complete","session":"ecb080bf-5333-403f-9547-c8725d499228","severity":"debug","timestamp":"2026-03-25T12:02:52.365276603Z"}
{"http.req.id":"9afed2c7-1ef8-4281-beee-77648530eed1","http.req.method":"GET","http.req.path":"/cart","http.resp.bytes":19276,"http.resp.status":200,"http.resp.took_ms":606,"message":"request complete","session":"694745d8-a179-4c65-83d6-9ed873a7b94b","severity":"debug","timestamp":"2026-03-25T12:02:52.681565355Z"}
{"http.req.id":"99d792c8-2a02-4654-9b32-c9c449e75c30","http.req.method":"POST","http.req.path":"/cart/checkout","message":"request started","session":"694745d8-a179-4c65-83d6-9ed873a7b94b","severity":"debug","timestamp":"2026-03-25T12:02:52.75852619Z"}
{"http.req.id":"99d792c8-2a02-4654-9b32-c9c449e75c30","http.req.method":"POST","http.req.path":"/cart/checkout","message":"placing order","session":"694745d8-a179-4c65-83d6-9ed873a7b94b","severity":"debug","timestamp":"2026-03-25T12:02:52.758608918Z"}
{"http.req.id":"99d792c8-2a02-4654-9b32-c9c449e75c30","http.req.method":"POST","http.req.path":"/cart/checkout","message":"order placed","order":"8d3adb6a-2842-11f1-a4a0-927ce8a683d8","session":"694745d8-a179-4c65-83d6-9ed873a7b94b","severity":"info","timestamp":"2026-03-25T12:02:52.78801358Z"}
{"http.req.id":"99d792c8-2a02-4654-9b32-c9c449e75c30","http.req.method":"POST","http.req.path":"/cart/checkout","http.resp.bytes":6738,"http.resp.status":200,"http.resp.took_ms":109,"message":"request complete","session":"694745d8-a179-4c65-83d6-9ed873a7b94b","severity":"debug","timestamp":"2026-03-25T12:02:52.868470105Z"}
{"http.req.id":"b163c015-123b-43c4-ac11-7a239e8c7ef0","http.req.method":"GET","http.req.path":"/product/9SIQT8TOJO","message":"request started","session":"df4ce93a-5d92-40a8-93c2-540bf11bbb4d","severity":"debug","timestamp":"2026-03-25T12:02:53.234256683Z"}
{"currency":"TRY","http.req.id":"b163c015-123b-43c4-ac11-7a239e8c7ef0","http.req.method":"GET","http.req.path":"/product/9SIQT8TOJO","id":"9SIQT8TOJO","message":"serving product page","session":"df4ce93a-5d92-40a8-93c2-540bf11bbb4d","severity":"debug","timestamp":"2026-03-25T12:02:53.234396541Z"}
{"http.req.id":"decbd1e0-5efb-4ada-9122-0cb2840f6df2","http.req.method":"GET","http.req.path":"/product/L9ECAV7KIM","message":"request started","session":"827eab86-1aba-4a15-8740-5fee5900d10f","severity":"debug","timestamp":"2026-03-25T12:02:53.273981694Z"}
{"currency":"EUR","http.req.id":"decbd1e0-5efb-4ada-9122-0cb2840f6df2","http.req.method":"GET","http.req.path":"/product/L9ECAV7KIM","id":"L9ECAV7KIM","message":"serving product page","session":"827eab86-1aba-4a15-8740-5fee5900d10f","severity":"debug","timestamp":"2026-03-25T12:02:53.274136045Z"}
{"http.req.id":"b163c015-123b-43c4-ac11-7a239e8c7ef0","http.req.method":"GET","http.req.path":"/product/9SIQT8TOJO","http.resp.bytes":7933,"http.resp.status":200,"http.resp.took_ms":43,"message":"request complete","session":"df4ce93a-5d92-40a8-93c2-540bf11bbb4d","severity":"debug","timestamp":"2026-03-25T12:02:53.277556655Z"}
{"http.req.id":"decbd1e0-5efb-4ada-9122-0cb2840f6df2","http.req.method":"GET","http.req.path":"/product/L9ECAV7KIM","http.resp.bytes":7990,"http.resp.status":200,"http.resp.took_ms":191,"message":"request complete","session":"827eab86-1aba-4a15-8740-5fee5900d10f","severity":"debug","timestamp":"2026-03-25T12:02:53.465118852Z"}
{"http.req.id":"56ce7a2e-0263-4ecb-b367-8ed4d1829b61","http.req.method":"GET","http.req.path":"/product/OLJCESPC7Z","message":"request started","session":"32217267-98ca-4d66-9fc8-3f088b8def0f","severity":"debug","timestamp":"2026-03-25T12:02:54.061357028Z"}
{"currency":"GBP","http.req.id":"56ce7a2e-0263-4ecb-b367-8ed4d1829b61","http.req.method":"GET","http.req.path":"/product/OLJCESPC7Z","id":"OLJCESPC7Z","message":"serving product page","session":"32217267-98ca-4d66-9fc8-3f088b8def0f","severity":"debug","timestamp":"2026-03-25T12:02:54.061468131Z"}
{"http.req.id":"56ce7a2e-0263-4ecb-b367-8ed4d1829b61","http.req.method":"GET","http.req.path":"/product/OLJCESPC7Z","http.resp.bytes":7984,"http.resp.status":200,"http.resp.took_ms":109,"message":"request complete","session":"32217267-98ca-4d66-9fc8-3f088b8def0f","severity":"debug","timestamp":"2026-03-25T12:02:54.170778638Z"}
{"http.req.id":"181912fb-a8b9-4005-9e72-cb803d3269c1","http.req.method":"POST","http.req.path":"/cart","message":"request started","session":"32217267-98ca-4d66-9fc8-3f088b8def0f","severity":"debug","timestamp":"2026-03-25T12:02:54.174741973Z"}
{"http.req.id":"181912fb-a8b9-4005-9e72-cb803d3269c1","http.req.method":"POST","http.req.path":"/cart","message":"adding to cart","product":"OLJCESPC7Z","quantity":2,"session":"32217267-98ca-4d66-9fc8-3f088b8def0f","severity":"debug","timestamp":"2026-03-25T12:02:54.174959405Z"}
{"http.req.id":"181912fb-a8b9-4005-9e72-cb803d3269c1","http.req.method":"POST","http.req.path":"/cart","http.resp.bytes":0,"http.resp.status":302,"http.resp.took_ms":4,"message":"request complete","session":"32217267-98ca-4d66-9fc8-3f088b8def0f","severity":"debug","timestamp":"2026-03-25T12:02:54.178836741Z"}
{"http.req.id":"8a332f8d-88e4-4fe2-a4bc-8d7416d33090","http.req.method":"GET","http.req.path":"/cart","message":"request started","session":"32217267-98ca-4d66-9fc8-3f088b8def0f","severity":"debug","timestamp":"2026-03-25T12:02:54.180219675Z"}
{"http.req.id":"8a332f8d-88e4-4fe2-a4bc-8d7416d33090","http.req.method":"GET","http.req.path":"/cart","message":"view user cart","session":"32217267-98ca-4d66-9fc8-3f088b8def0f","severity":"debug","timestamp":"2026-03-25T12:02:54.180319987Z"}
{"http.req.id":"8a332f8d-88e4-4fe2-a4bc-8d7416d33090","http.req.method":"GET","http.req.path":"/cart","http.resp.bytes":17825,"http.resp.status":200,"http.resp.took_ms":399,"message":"request complete","session":"32217267-98ca-4d66-9fc8-3f088b8def0f","severity":"debug","timestamp":"2026-03-25T12:02:54.580204167Z"}
{"http.req.id":"98064371-dfb6-4d09-b85e-665ae432b58e","http.req.method":"POST","http.req.path":"/cart/checkout","message":"request started","session":"32217267-98ca-4d66-9fc8-3f088b8def0f","severity":"debug","timestamp":"2026-03-25T12:02:54.584728736Z"}
{"http.req.id":"98064371-dfb6-4d09-b85e-665ae432b58e","http.req.method":"POST","http.req.path":"/cart/checkout","message":"placing order","session":"32217267-98ca-4d66-9fc8-3f088b8def0f","severity":"debug","timestamp":"2026-03-25T12:02:54.584830395Z"}
