{"http.req.id":"4eb78423-1481-40c8-9264-74b3e39d4b4c","http.req.method":"POST","http.req.path":"/setCurrency","http.resp.bytes":0,"http.resp.status":302,"http.resp.took_ms":0,"message":"request complete","session":"3e105862-e07a-48bd-9f67-033f05224f8f","severity":"debug","timestamp":"2026-03-06T06:02:13.033775269Z"}
{"http.req.id":"24f7782f-b2fd-48f2-8ed9-015167ddf799","http.req.method":"GET","http.req.path":"/","message":"request started","session":"3e105862-e07a-48bd-9f67-033f05224f8f","severity":"debug","timestamp":"2026-03-06T06:02:13.036471755Z"}
{"currency":"EUR","http.req.id":"24f7782f-b2fd-48f2-8ed9-015167ddf799","http.req.method":"GET","http.req.path":"/","message":"home","session":"3e105862-e07a-48bd-9f67-033f05224f8f","severity":"info","timestamp":"2026-03-06T06:02:13.036621222Z"}
env platform is either empty or invalid
{"http.req.id":"6a51ee08-d2fe-4a26-b255-79e5125b5fd7","http.req.method":"GET","http.req.path":"/cart","message":"request started","session":"6e21104e-b0bf-4a85-b5c2-ac5af92fa69e","severity":"debug","timestamp":"2026-03-06T06:02:13.167705791Z"}
{"http.req.id":"6a51ee08-d2fe-4a26-b255-79e5125b5fd7","http.req.method":"GET","http.req.path":"/cart","message":"view user cart","session":"6e21104e-b0bf-4a85-b5c2-ac5af92fa69e","severity":"debug","timestamp":"2026-03-06T06:02:13.167861982Z"}
{"http.req.id":"6a51ee08-d2fe-4a26-b255-79e5125b5fd7","http.req.method":"GET","http.req.path":"/cart","http.resp.bytes":16435,"http.resp.status":200,"http.resp.took_ms":24,"message":"request complete","session":"6e21104e-b0bf-4a85-b5c2-ac5af92fa69e","severity":"debug","timestamp":"2026-03-06T06:02:13.191970048Z"}
{"http.req.id":"0536fc2b-42f3-48b4-a84a-55be5a9787fc","http.req.method":"GET","http.req.path":"/product/6E92ZMYYFZ","message":"request started","session":"d7d3227d-0824-4f40-a472-c039f0192426","severity":"debug","timestamp":"2026-03-06T06:02:14.044448245Z"}
{"currency":"JPY","http.req.id":"0536fc2b-42f3-48b4-a84a-55be5a9787fc","http.req.method":"GET","http.req.path":"/product/6E92ZMYYFZ","id":"6E92ZMYYFZ","message":"serving product page","session":"d7d3227d-0824-4f40-a472-c039f0192426","severity":"debug","timestamp":"2026-03-06T06:02:14.044505753Z"}
{"http.req.id":"0536fc2b-42f3-48b4-a84a-55be5a9787fc","http.req.method":"GET","http.req.path":"/product/6E92ZMYYFZ","http.resp.bytes":7948,"http.resp.status":200,"http.resp.took_ms":22,"message":"request complete","session":"d7d3227d-0824-4f40-a472-c039f0192426","severity":"debug","timestamp":"2026-03-06T06:02:14.067308864Z"}
{"http.req.id":"a9d03a5d-b03e-46f5-9f95-d17d10d32674","http.req.method":"GET","http.req.path":"/cart","message":"request started","session":"eed418e8-7ab1-4992-b9a1-40aeb0d3dc43","severity":"debug","timestamp":"2026-03-06T06:02:15.091803224Z"}
{"http.req.id":"a9d03a5d-b03e-46f5-9f95-d17d10d32674","http.req.method":"GET","http.req.path":"/cart","message":"view user cart","session":"eed418e8-7ab1-4992-b9a1-40aeb0d3dc43","severity":"debug","timestamp":"2026-03-06T06:02:15.091902918Z"}
{"http.req.id":"a9d03a5d-b03e-46f5-9f95-d17d10d32674","http.req.method":"GET","http.req.path":"/cart","http.resp.bytes":6847,"http.resp.status":200,"http.resp.took_ms":11,"message":"request complete","session":"eed418e8-7ab1-4992-b9a1-40aeb0d3dc43","severity":"debug","timestamp":"2026-03-06T06:02:15.103016388Z"}
{"http.req.id":"6ed21801-0700-421c-bc91-3a3d766851b7","http.req.method":"GET","http.req.path":"/product/1YMWWN1N4O","message":"request started","session":"89995d91-ad5c-4838-8317-c04497a5d805","severity":"debug","timestamp":"2026-03-06T06:02:16.386804804Z"}
{"currency":"CAD","http.req.id":"6ed21801-0700-421c-bc91-3a3d766851b7","http.req.method":"GET","http.req.path":"/product/1YMWWN1N4O","id":"1YMWWN1N4O","message":"serving product page","session":"89995d91-ad5c-4838-8317-c04497a5d805","severity":"debug","timestamp":"2026-03-06T06:02:16.386888738Z"}
{"http.req.id":"6ed21801-0700-421c-bc91-3a3d766851b7","http.req.method":"GET","http.req.path":"/product/1YMWWN1N4O","http.resp.bytes":7956,"http.resp.status":200,"http.resp.took_ms":14,"message":"request complete","session":"89995d91-ad5c-4838-8317-c04497a5d805","severity":"debug","timestamp":"2026-03-06T06:02:16.401057387Z"}
{"http.req.id":"01809632-ad6e-4ade-92f1-c667631cf81c","http.req.method":"GET","http.req.path":"/","message":"request started","session":"fa2d8e54-c567-4c66-b702-8bb183ef4a46","severity":"debug","timestamp":"2026-03-06T06:02:16.493025575Z"}
{"currency":"JPY","http.req.id":"01809632-ad6e-4ade-92f1-c667631cf81c","http.req.method":"GET","http.req.path":"/","message":"home","session":"fa2d8e54-c567-4c66-b702-8bb183ef4a46","severity":"info","timestamp":"2026-03-06T06:02:16.493109026Z"}
env platform is either empty or invalid
{"http.req.id":"2ac535b7-d5ad-484f-825f-2b43eb234b5d","http.req.method":"GET","http.req.path":"/product/0PUK6V6EV0","message":"request started","session":"0994b18b-93e7-4775-a2c5-e29dc0e6d5bb","severity":"debug","timestamp":"2026-03-06T06:02:17.076260513Z"}
{"currency":"JPY","http.req.id":"2ac535b7-d5ad-484f-825f-2b43eb234b5d","http.req.method":"GET","http.req.path":"/product/0PUK6V6EV0","id":"0PUK6V6EV0","message":"serving product page","session":"0994b18b-93e7-4775-a2c5-e29dc0e6d5bb","severity":"debug","timestamp":"2026-03-06T06:02:17.076320474Z"}
{"http.req.id":"e5523a31-224a-42bd-b932-abbbad45cbef","http.req.method":"GET","http.req.path":"/product/66VCHSJNUP","message":"request started","session":"f9734e3a-0615-43dc-908b-1b8be30715f4","severity":"debug","timestamp":"2026-03-06T06:02:17.086464807Z"}
{"currency":"TRY","http.req.id":"e5523a31-224a-42bd-b932-abbbad45cbef","http.req.method":"GET","http.req.path":"/product/66VCHSJNUP","id":"66VCHSJNUP","message":"serving product page","session":"f9734e3a-0615-43dc-908b-1b8be30715f4","severity":"debug","timestamp":"2026-03-06T06:02:17.086530274Z"}
{"http.req.id":"2ac535b7-d5ad-484f-825f-2b43eb234b5d","http.req.method":"GET","http.req.path":"/product/0PUK6V6EV0","http.resp.bytes":7968,"http.resp.status":200,"http.resp.took_ms":16,"message":"request complete","session":"0994b18b-93e7-4775-a2c5-e29dc0e6d5bb","severity":"debug","timestamp":"2026-03-06T06:02:17.092443181Z"}
{"http.req.id":"e5523a31-224a-42bd-b932-abbbad45cbef","http.req.method":"GET","http.req.path":"/product/66VCHSJNUP","http.resp.bytes":8055,"http.resp.status":200,"http.resp.took_ms":15,"message":"request complete","session":"f9734e3a-0615-43dc-908b-1b8be30715f4","severity":"debug","timestamp":"2026-03-06T06:02:17.102303101Z"}
{"http.req.id":"24f7782f-b2fd-48f2-8ed9-015167ddf799","http.req.method":"GET","http.req.path":"/","message":"ENV_PLATFORM is: local","session":"3e105862-e07a-48bd-9f67-033f05224f8f","severity":"debug","timestamp":"2026-03-06T06:02:17.126653176Z"}
{"http.req.id":"24f7782f-b2fd-48f2-8ed9-015167ddf799","http.req.method":"GET","http.req.path":"/","http.resp.bytes":10518,"http.resp.status":200,"http.resp.took_ms":4093,"message":"request complete","session":"3e105862-e07a-48bd-9f67-033f05224f8f","severity":"debug","timestamp":"2026-03-06T06:02:17.129569801Z"}
{"http.req.id":"d32e2507-9980-4d21-9910-3b32993181ee","http.req.method":"GET","http.req.path":"/_healthz","message":"request started","session":"x-liveness-probe","severity":"debug","timestamp":"2026-03-06T06:02:17.249145581Z"}
{"http.req.id":"d32e2507-9980-4d21-9910-3b32993181ee","http.req.method":"GET","http.req.path":"/_healthz","http.resp.bytes":2,"http.resp.status":200,"http.resp.took_ms":0,"message":"request complete","session":"x-liveness-probe","severity":"debug","timestamp":"2026-03-06T06:02:17.249207899Z"}
{"http.req.id":"fa9cc941-f5d7-48a2-a511-6ec6a8a1088b","http.req.method":"GET","http.req.path":"/product/L9ECAV7KIM","message":"request started","session":"d7d3227d-0824-4f40-a472-c039f0192426","severity":"debug","timestamp":"2026-03-06T06:02:18.099104848Z"}
{"currency":"JPY","http.req.id":"fa9cc941-f5d7-48a2-a511-6ec6a8a1088b","http.req.method":"GET","http.req.path":"/product/L9ECAV7KIM","id":"L9ECAV7KIM","message":"serving product page","session":"d7d3227d-0824-4f40-a472-c039f0192426","severity":"debug","timestamp":"2026-03-06T06:02:18.099300466Z"}
{"http.req.id":"fa9cc941-f5d7-48a2-a511-6ec6a8a1088b","http.req.method":"GET","http.req.path":"/product/L9ECAV7KIM","http.resp.bytes":7941,"http.resp.status":200,"http.resp.took_ms":28,"message":"request complete","session":"d7d3227d-0824-4f40-a472-c039f0192426","severity":"debug","timestamp":"2026-03-06T06:02:18.12776001Z"}
{"http.req.id":"d9c40809-d8d9-4ddf-b94a-715061798838","http.req.method":"GET","http.req.path":"/cart","message":"request started","session":"6e21104e-b0bf-4a85-b5c2-ac5af92fa69e","severity":"debug","timestamp":"2026-03-06T06:02:19.234554376Z"}
{"http.req.id":"d9c40809-d8d9-4ddf-b94a-715061798838","http.req.method":"GET","http.req.path":"/cart","message":"view user cart","session":"6e21104e-b0bf-4a85-b5c2-ac5af92fa69e","severity":"debug","timestamp":"2026-03-06T06:02:19.234654495Z"}
{"http.req.id":"d9c40809-d8d9-4ddf-b94a-715061798838","http.req.method":"GET","http.req.path":"/cart","http.resp.bytes":16461,"http.resp.status":200,"http.resp.took_ms":23,"message":"request complete","session":"6e21104e-b0bf-4a85-b5c2-ac5af92fa69e","severity":"debug","timestamp":"2026-03-06T06:02:19.258276986Z"}
{"http.req.id":"fe56a405-a4fb-4351-9d85-34ed7ec9d7e6","http.req.method":"GET","http.req.path":"/","message":"request started","session":"89995d91-ad5c-4838-8317-c04497a5d805","severity":"debug","timestamp":"2026-03-06T06:02:19.29103546Z"}
{"currency":"CAD","http.req.id":"fe56a405-a4fb-4351-9d85-34ed7ec9d7e6","http.req.method":"GET","http.req.path":"/","message":"home","session":"89995d91-ad5c-4838-8317-c04497a5d805","severity":"info","timestamp":"2026-03-06T06:02:19.29113026Z"}
env platform is either empty or invalid
{"http.req.id":"ce472de7-ce73-428e-b4c7-514d5758d408","http.req.method":"GET","http.req.path":"/_healthz","message":"request started","session":"x-readiness-probe","severity":"debug","timestamp":"2026-03-06T06:02:19.978363323Z"}
{"http.req.id":"ce472de7-ce73-428e-b4c7-514d5758d408","http.req.method":"GET","http.req.path":"/_healthz","http.resp.bytes":2,"http.resp.status":200,"http.resp.took_ms":0,"message":"request complete","session":"x-readiness-probe","severity":"debug","timestamp":"2026-03-06T06:02:19.978456676Z"}
{"http.req.id":"01809632-ad6e-4ade-92f1-c667631cf81c","http.req.method":"GET","http.req.path":"/","message":"ENV_PLATFORM is: local","session":"fa2d8e54-c567-4c66-b702-8bb183ef4a46","severity":"debug","timestamp":"2026-03-06T06:02:20.514733885Z"}
{"http.req.id":"01809632-ad6e-4ade-92f1-c667631cf81c","http.req.method":"GET","http.req.path":"/","http.resp.bytes":10619,"http.resp.status":200,"http.resp.took_ms":4025,"message":"request complete","session":"fa2d8e54-c567-4c66-b702-8bb183ef4a46","severity":"debug","timestamp":"2026-03-06T06:02:20.518411492Z"}
{"http.req.id":"fe56a405-a4fb-4351-9d85-34ed7ec9d7e6","http.req.method":"GET","http.req.path":"/","message":"ENV_PLATFORM is: local","session":"89995d91-ad5c-4838-8317-c04497a5d805","severity":"debug","timestamp":"2026-03-06T06:02:20.90490348Z"}
{"http.req.id":"fe56a405-a4fb-4351-9d85-34ed7ec9d7e6","http.req.method":"GET","http.req.path":"/","http.resp.bytes":10501,"http.resp.status":200,"http.resp.took_ms":1617,"message":"request complete","session":"89995d91-ad5c-4838-8317-c04497a5d805","severity":"debug","timestamp":"2026-03-06T06:02:20.908519682Z"}
{"http.req.id":"d7f7bd35-80d8-4ee6-bd43-b418c44271ae","http.req.method":"GET","http.req.path":"/product/9SIQT8TOJO","message":"request started","session":"ec0b6821-5225-4ee8-8ec0-1e3bbbdffabb","severity":"debug","timestamp":"2026-03-06T06:02:21.430026664Z"}
{"currency":"USD","http.req.id":"d7f7bd35-80d8-4ee6-bd43-b418c44271ae","http.req.method":"GET","http.req.path":"/product/9SIQT8TOJO","id":"9SIQT8TOJO","message":"serving product page","session":"ec0b6821-5225-4ee8-8ec0-1e3bbbdffabb","severity":"debug","timestamp":"2026-03-06T06:02:21.430201012Z"}
{"http.req.id":"d7f7bd35-80d8-4ee6-bd43-b418c44271ae","http.req.method":"GET","http.req.path":"/product/9SIQT8TOJO","http.resp.bytes":8056,"http.resp.status":200,"http.resp.took_ms":23,"message":"request complete","session":"ec0b6821-5225-4ee8-8ec0-1e3bbbdffabb","severity":"debug","timestamp":"2026-03-06T06:02:21.453825378Z"}
{"http.req.id":"202923a1-49cf-44f4-a82c-3f1df5f13b68","http.req.method":"GET","http.req.path":"/product/6E92ZMYYFZ","message":"request started","session":"fa2d8e54-c567-4c66-b702-8bb183ef4a46","severity":"debug","timestamp":"2026-03-06T06:02:21.92314281Z"}
{"currency":"JPY","http.req.id":"202923a1-49cf-44f4-a82c-3f1df5f13b68","http.req.method":"GET","http.req.path":"/product/6E92ZMYYFZ","id":"6E92ZMYYFZ","message":"serving product page","session":"fa2d8e54-c567-4c66-b702-8bb183ef4a46","severity":"debug","timestamp":"2026-03-06T06:02:21.923276061Z"}
{"http.req.id":"202923a1-49cf-44f4-a82c-3f1df5f13b68","http.req.method":"GET","http.req.path":"/product/6E92ZMYYFZ","http.resp.bytes":8040,"http.resp.status":200,"http.resp.took_ms":17,"message":"request complete","session":"fa2d8e54-c567-4c66-b702-8bb183ef4a46","severity":"debug","timestamp":"2026-03-06T06:02:21.940767494Z"}
{"http.req.id":"2aeb72e6-1eaa-434d-a379-b2563b322320","http.req.method":"POST","http.req.path":"/setCurrency","message":"request started","session":"b1a1fb98-93d6-41f8-9605-e0c8a82d1d3c","severity":"debug","timestamp":"2026-03-06T06:02:22.032753902Z"}
{"curr.new":"TRY","curr.old":"CAD","http.req.id":"2aeb72e6-1eaa-434d-a379-b2563b322320","http.req.method":"POST","http.req.path":"/setCurrency","message":"setting currency","session":"b1a1fb98-93d6-41f8-9605-e0c8a82d1d3c","severity":"debug","timestamp":"2026-03-06T06:02:22.032896007Z"}
{"http.req.id":"2aeb72e6-1eaa-434d-a379-b2563b322320","http.req.method":"POST","http.req.path":"/setCurrency","http.resp.bytes":0,"http.resp.status":302,"http.resp.took_ms":0,"message":"request complete","session":"b1a1fb98-93d6-41f8-9605-e0c8a82d1d3c","severity":"debug","timestamp":"2026-03-06T06:02:22.032920048Z"}
{"http.req.id":"52103210-ce22-4c36-bc21-f21b67908456","http.req.method":"GET","http.req.path":"/","message":"request started","session":"b1a1fb98-93d6-41f8-9605-e0c8a82d1d3c","severity":"debug","timestamp":"2026-03-06T06:02:22.033767608Z"}
{"currency":"TRY","http.req.id":"52103210-ce22-4c36-bc21-f21b67908456","http.req.method":"GET","http.req.path":"/","message":"home","session":"b1a1fb98-93d6-41f8-9605-e0c8a82d1d3c","severity":"info","timestamp":"2026-03-06T06:02:22.033814144Z"}
env platform is either empty or invalid
{"http.req.id":"52103210-ce22-4c36-bc21-f21b67908456","http.req.method":"GET","http.req.path":"/","message":"ENV_PLATFORM is: local","session":"b1a1fb98-93d6-41f8-9605-e0c8a82d1d3c","severity":"debug","timestamp":"2026-03-06T06:02:22.06706644Z"}
{"http.req.id":"52103210-ce22-4c36-bc21-f21b67908456","http.req.method":"GET","http.req.path":"/","http.resp.bytes":10616,"http.resp.status":200,"http.resp.took_ms":36,"message":"request complete","session":"b1a1fb98-93d6-41f8-9605-e0c8a82d1d3c","severity":"debug","timestamp":"2026-03-06T06:02:22.070239002Z"}
{"http.req.id":"ae50537a-7459-44f0-8f2e-623e1890dbea","http.req.method":"GET","http.req.path":"/cart","message":"request started","session":"d7d3227d-0824-4f40-a472-c039f0192426","severity":"debug","timestamp":"2026-03-06T06:02:23.505561952Z"}
{"http.req.id":"ae50537a-7459-44f0-8f2e-623e1890dbea","http.req.method":"GET","http.req.path":"/cart","message":"view user cart","session":"d7d3227d-0824-4f40-a472-c039f0192426","severity":"debug","timestamp":"2026-03-06T06:02:23.505669112Z"}
{"http.req.id":"ae50537a-7459-44f0-8f2e-623e1890dbea","http.req.method":"GET","http.req.path":"/cart","http.resp.bytes":6878,"http.resp.status":200,"http.resp.took_ms":15,"message":"request complete","session":"d7d3227d-0824-4f40-a472-c039f0192426","severity":"debug","timestamp":"2026-03-06T06:02:23.521016845Z"}
{"http.req.id":"340172f9-e98e-477f-9c04-6ea95f3cc932","http.req.method":"GET","http.req.path":"/product/OLJCESPC7Z","message":"request started","session":"b1a1fb98-93d6-41f8-9605-e0c8a82d1d3c","severity":"debug","timestamp":"2026-03-06T06:02:24.70449025Z"}
{"currency":"TRY","http.req.id":"340172f9-e98e-477f-9c04-6ea95f3cc932","http.req.method":"GET","http.req.path":"/product/OLJCESPC7Z","id":"OLJCESPC7Z","message":"serving product page","session":"b1a1fb98-93d6-41f8-9605-e0c8a82d1d3c","severity":"debug","timestamp":"2026-03-06T06:02:24.704556295Z"}
{"http.req.id":"340172f9-e98e-477f-9c04-6ea95f3cc932","http.req.method":"GET","http.req.path":"/product/OLJCESPC7Z","http.resp.bytes":8049,"http.resp.status":200,"http.resp.took_ms":13,"message":"request complete","session":"b1a1fb98-93d6-41f8-9605-e0c8a82d1d3c","severity":"debug","timestamp":"2026-03-06T06:02:24.718412938Z"}
{"http.req.id":"ae38c334-8a62-4663-a8e7-4b6000e06068","http.req.method":"POST","http.req.path":"/setCurrency","message":"request started","session":"eed418e8-7ab1-4992-b9a1-40aeb0d3dc43","severity":"debug","timestamp":"2026-03-06T06:02:24.824745191Z"}
{"curr.new":"TRY","curr.old":"TRY","http.req.id":"ae38c334-8a62-4663-a8e7-4b6000e06068","http.req.method":"POST","http.req.path":"/setCurrency","message":"setting currency","session":"eed418e8-7ab1-4992-b9a1-40aeb0d3dc43","severity":"debug","timestamp":"2026-03-06T06:02:24.824884367Z"}
{"http.req.id":"ae38c334-8a62-4663-a8e7-4b6000e06068","http.req.method":"POST","http.req.path":"/setCurrency","http.resp.bytes":0,"http.resp.status":302,"http.resp.took_ms":0,"message":"request complete","session":"eed418e8-7ab1-4992-b9a1-40aeb0d3dc43","severity":"debug","timestamp":"2026-03-06T06:02:24.824920263Z"}
{"http.req.id":"f83c1400-779d-48f9-87fd-758dbe8868f5","http.req.method":"GET","http.req.path":"/","message":"request started","session":"eed418e8-7ab1-4992-b9a1-40aeb0d3dc43","severity":"debug","timestamp":"2026-03-06T06:02:24.82571857Z"}
{"currency":"TRY","http.req.id":"f83c1400-779d-48f9-87fd-758dbe8868f5","http.req.method":"GET","http.req.path":"/","message":"home","session":"eed418e8-7ab1-4992-b9a1-40aeb0d3dc43","severity":"info","timestamp":"2026-03-06T06:02:24.825767662Z"}
env platform is either empty or invalid
{"http.req.id":"f83c1400-779d-48f9-87fd-758dbe8868f5","http.req.method":"GET","http.req.path":"/","message":"ENV_PLATFORM is: local","session":"eed418e8-7ab1-4992-b9a1-40aeb0d3dc43","severity":"debug","timestamp":"2026-03-06T06:02:24.844280622Z"}
{"http.req.id":"f83c1400-779d-48f9-87fd-758dbe8868f5","http.req.method":"GET","http.req.path":"/","http.resp.bytes":10527,"http.resp.status":200,"http.resp.took_ms":20,"message":"request complete","session":"eed418e8-7ab1-4992-b9a1-40aeb0d3dc43","severity":"debug","timestamp":"2026-03-06T06:02:24.846591635Z"}
{"http.req.id":"b9847d3d-8d01-4cd5-b815-d8a30333fd65","http.req.method":"GET","http.req.path":"/product/0PUK6V6EV0","message":"request started","session":"6e21104e-b0bf-4a85-b5c2-ac5af92fa69e","severity":"debug","timestamp":"2026-03-06T06:02:25.247054704Z"}
{"currency":"JPY","http.req.id":"b9847d3d-8d01-4cd5-b815-d8a30333fd65","http.req.method":"GET","http.req.path":"/product/0PUK6V6EV0","id":"0PUK6V6EV0","message":"serving product page","session":"6e21104e-b0bf-4a85-b5c2-ac5af92fa69e","severity":"debug","timestamp":"2026-03-06T06:02:25.247209474Z"}
{"http.req.id":"29d342cf-9d04-48b7-8d9e-512465967bab","http.req.method":"GET","http.req.path":"/product/0PUK6V6EV0","message":"request started","session":"d7d3227d-0824-4f40-a472-c039f0192426","severity":"debug","timestamp":"2026-03-06T06:02:25.254844033Z"}
{"currency":"JPY","http.req.id":"29d342cf-9d04-48b7-8d9e-512465967bab","http.req.method":"GET","http.req.path":"/product/0PUK6V6EV0","id":"0PUK6V6EV0","message":"serving product page","session":"d7d3227d-0824-4f40-a472-c039f0192426","severity":"debug","timestamp":"2026-03-06T06:02:25.254971029Z"}
{"http.req.id":"b9847d3d-8d01-4cd5-b815-d8a30333fd65","http.req.method":"GET","http.req.path":"/product/0PUK6V6EV0","http.resp.bytes":8071,"http.resp.status":200,"http.resp.took_ms":14,"message":"request complete","session":"6e21104e-b0bf-4a85-b5c2-ac5af92fa69e","severity":"debug","timestamp":"2026-03-06T06:02:25.261415292Z"}
{"http.req.id":"29d342cf-9d04-48b7-8d9e-512465967bab","http.req.method":"GET","http.req.path":"/product/0PUK6V6EV0","http.resp.bytes":7952,"http.resp.status":200,"http.resp.took_ms":15,"message":"request complete","session":"d7d3227d-0824-4f40-a472-c039f0192426","severity":"debug","timestamp":"2026-03-06T06:02:25.270766765Z"}
{"http.req.id":"cabc20dd-b186-43e1-bd04-0883156baa02","http.req.method":"POST","http.req.path":"/cart","message":"request started","session":"d7d3227d-0824-4f40-a472-c039f0192426","severity":"debug","timestamp":"2026-03-06T06:02:25.27180178Z"}
{"http.req.id":"cabc20dd-b186-43e1-bd04-0883156baa02","http.req.method":"POST","http.req.path":"/cart","message":"adding to cart","product":"0PUK6V6EV0","quantity":4,"session":"d7d3227d-0824-4f40-a472-c039f0192426","severity":"debug","timestamp":"2026-03-06T06:02:25.27193842Z"}
{"http.req.id":"cabc20dd-b186-43e1-bd04-0883156baa02","http.req.method":"POST","http.req.path":"/cart","http.resp.bytes":0,"http.resp.status":302,"http.resp.took_ms":2,"message":"request complete","session":"d7d3227d-0824-4f40-a472-c039f0192426","severity":"debug","timestamp":"2026-03-06T06:02:25.274395225Z"}
{"http.req.id":"892b2811-65cc-4892-ab68-a96bb86bd530","http.req.method":"GET","http.req.path":"/cart","message":"request started","session":"d7d3227d-0824-4f40-a472-c039f0192426","severity":"debug","timestamp":"2026-03-06T06:02:25.275315557Z"}
{"http.req.id":"892b2811-65cc-4892-ab68-a96bb86bd530","http.req.method":"GET","http.req.path":"/cart","message":"view user cart","session":"d7d3227d-0824-4f40-a472-c039f0192426","severity":"debug","timestamp":"2026-03-06T06:02:25.275368235Z"}
{"http.req.id":"892b2811-65cc-4892-ab68-a96bb86bd530","http.req.method":"GET","http.req.path":"/cart","http.resp.bytes":16454,"http.resp.status":200,"http.resp.took_ms":45,"message":"request complete","session":"d7d3227d-0824-4f40-a472-c039f0192426","severity":"debug","timestamp":"2026-03-06T06:02:25.321263098Z"}
{"http.req.id":"d197f3f9-fe16-4818-91de-30961572ce48","http.req.method":"GET","http.req.path":"/","message":"request started","session":"b1a1fb98-93d6-41f8-9605-e0c8a82d1d3c","severity":"debug","timestamp":"2026-03-06T06:02:25.81794721Z"}
{"currency":"TRY","http.req.id":"d197f3f9-fe16-4818-91de-30961572ce48","http.req.method":"GET","http.req.path":"/","message":"home","session":"b1a1fb98-93d6-41f8-9605-e0c8a82d1d3c","severity":"info","timestamp":"2026-03-06T06:02:25.818022901Z"}
env platform is either empty or invalid
{"http.req.id":"d197f3f9-fe16-4818-91de-30961572ce48","http.req.method":"GET","http.req.path":"/","message":"ENV_PLATFORM is: local","session":"b1a1fb98-93d6-41f8-9605-e0c8a82d1d3c","severity":"debug","timestamp":"2026-03-06T06:02:25.846989488Z"}
{"http.req.id":"d197f3f9-fe16-4818-91de-30961572ce48","http.req.method":"GET","http.req.path":"/","http.resp.bytes":10616,"http.resp.status":200,"http.resp.took_ms":32,"message":"request complete","session":"b1a1fb98-93d6-41f8-9605-e0c8a82d1d3c","severity":"debug","timestamp":"2026-03-06T06:02:25.850546259Z"}
{"http.req.id":"34ea2512-71b2-4af2-bbcd-2aeec6256342","http.req.method":"GET","http.req.path":"/product/66VCHSJNUP","message":"request started","session":"fa2d8e54-c567-4c66-b702-8bb183ef4a46","severity":"debug","timestamp":"2026-03-06T06:02:26.220198211Z"}
{"currency":"JPY","http.req.id":"34ea2512-71b2-4af2-bbcd-2aeec6256342","http.req.method":"GET","http.req.path":"/product/66VCHSJNUP","id":"66VCHSJNUP","message":"serving product page","session":"fa2d8e54-c567-4c66-b702-8bb183ef4a46","severity":"debug","timestamp":"2026-03-06T06:02:26.220257947Z"}
{"http.req.id":"34ea2512-71b2-4af2-bbcd-2aeec6256342","http.req.method":"GET","http.req.path":"/product/66VCHSJNUP","http.resp.bytes":8040,"http.resp.status":200,"http.resp.took_ms":13,"message":"request complete","session":"fa2d8e54-c567-4c66-b702-8bb183ef4a46","severity":"debug","timestamp":"2026-03-06T06:02:26.233473287Z"}
{"http.req.id":"be953005-9218-4a0b-a808-155fd7389774","http.req.method":"POST","http.req.path":"/setCurrency","message":"request started","session":"0994b18b-93e7-4775-a2c5-e29dc0e6d5bb","severity":"debug","timestamp":"2026-03-06T06:02:26.250274919Z"}
{"curr.new":"GBP","curr.old":"JPY","http.req.id":"be953005-9218-4a0b-a808-155fd7389774","http.req.method":"POST","http.req.path":"/setCurrency","message":"setting currency","session":"0994b18b-93e7-4775-a2c5-e29dc0e6d5bb","severity":"debug","timestamp":"2026-03-06T06:02:26.250430155Z"}
{"http.req.id":"be953005-9218-4a0b-a808-155fd7389774","http.req.method":"POST","http.req.path":"/setCurrency","http.resp.bytes":0,"http.resp.status":302,"http.resp.took_ms":0,"message":"request complete","session":"0994b18b-93e7-4775-a2c5-e29dc0e6d5bb","severity":"debug","timestamp":"2026-03-06T06:02:26.250469743Z"}
{"http.req.id":"69216e49-03a8-481b-938f-aed9032626fb","http.req.method":"GET","http.req.path":"/","message":"request started","session":"0994b18b-93e7-4775-a2c5-e29dc0e6d5bb","severity":"debug","timestamp":"2026-03-06T06:02:26.251807415Z"}
{"currency":"GBP","http.req.id":"69216e49-03a8-481b-938f-aed9032626fb","http.req.method":"GET","http.req.path":"/","message":"home","session":"0994b18b-93e7-4775-a2c5-e29dc0e6d5bb","severity":"info","timestamp":"2026-03-06T06:02:26.251939845Z"}
env platform is either empty or invalid
{"http.req.id":"69216e49-03a8-481b-938f-aed9032626fb","http.req.method":"GET","http.req.path":"/","message":"ENV_PLATFORM is: local","session":"0994b18b-93e7-4775-a2c5-e29dc0e6d5bb","severity":"debug","timestamp":"2026-03-06T06:02:26.312403517Z"}
{"http.req.id":"69216e49-03a8-481b-938f-aed9032626fb","http.req.method":"GET","http.req.path":"/","http.resp.bytes":10508,"http.resp.status":200,"http.resp.took_ms":65,"message":"request complete","session":"0994b18b-93e7-4775-a2c5-e29dc0e6d5bb","severity":"debug","timestamp":"2026-03-06T06:02:26.317058474Z"}
