{"currency":"TRY","http.req.id":"e16c0f0d-ccf8-41fa-ae3b-6b218f4c8925","http.req.method":"GET","http.req.path":"/product/OLJCESPC7Z","id":"OLJCESPC7Z","message":"serving product page","session":"ec0b6821-5225-4ee8-8ec0-1e3bbbdffabb","severity":"debug","timestamp":"2026-03-06T06:06:03.120945083Z"}
{"http.req.id":"e16c0f0d-ccf8-41fa-ae3b-6b218f4c8925","http.req.method":"GET","http.req.path":"/product/OLJCESPC7Z","http.resp.bytes":8092,"http.resp.status":200,"http.resp.took_ms":28,"message":"request complete","session":"ec0b6821-5225-4ee8-8ec0-1e3bbbdffabb","severity":"debug","timestamp":"2026-03-06T06:06:03.149382963Z"}
{"http.req.id":"b0071b71-ef25-44ec-8d50-ad1f944ca398","http.req.method":"POST","http.req.path":"/setCurrency","message":"request started","session":"89995d91-ad5c-4838-8317-c04497a5d805","severity":"debug","timestamp":"2026-03-06T06:06:03.226520278Z"}
{"curr.new":"EUR","curr.old":"GBP","http.req.id":"b0071b71-ef25-44ec-8d50-ad1f944ca398","http.req.method":"POST","http.req.path":"/setCurrency","message":"setting currency","session":"89995d91-ad5c-4838-8317-c04497a5d805","severity":"debug","timestamp":"2026-03-06T06:06:03.226778993Z"}
{"http.req.id":"b0071b71-ef25-44ec-8d50-ad1f944ca398","http.req.method":"POST","http.req.path":"/setCurrency","http.resp.bytes":0,"http.resp.status":302,"http.resp.took_ms":0,"message":"request complete","session":"89995d91-ad5c-4838-8317-c04497a5d805","severity":"debug","timestamp":"2026-03-06T06:06:03.226830112Z"}
{"http.req.id":"dffdcef5-bf72-4b00-916e-dccc0b0db4b3","http.req.method":"GET","http.req.path":"/","message":"request started","session":"89995d91-ad5c-4838-8317-c04497a5d805","severity":"debug","timestamp":"2026-03-06T06:06:03.22908994Z"}
{"currency":"EUR","http.req.id":"dffdcef5-bf72-4b00-916e-dccc0b0db4b3","http.req.method":"GET","http.req.path":"/","message":"home","session":"89995d91-ad5c-4838-8317-c04497a5d805","severity":"info","timestamp":"2026-03-06T06:06:03.229361025Z"}
env platform is either empty or invalid
{"http.req.id":"5eaa837d-e009-4a7e-b0e3-959c04084a2c","http.req.method":"GET","http.req.path":"/product/L9ECAV7KIM","message":"request started","session":"3e105862-e07a-48bd-9f67-033f05224f8f","severity":"debug","timestamp":"2026-03-06T06:06:03.589298809Z"}
{"currency":"GBP","http.req.id":"5eaa837d-e009-4a7e-b0e3-959c04084a2c","http.req.method":"GET","http.req.path":"/product/L9ECAV7KIM","id":"L9ECAV7KIM","message":"serving product page","session":"3e105862-e07a-48bd-9f67-033f05224f8f","severity":"debug","timestamp":"2026-03-06T06:06:03.58961646Z"}
{"http.req.id":"5eaa837d-e009-4a7e-b0e3-959c04084a2c","http.req.method":"GET","http.req.path":"/product/L9ECAV7KIM","http.resp.bytes":8026,"http.resp.status":200,"http.resp.took_ms":23,"message":"request complete","session":"3e105862-e07a-48bd-9f67-033f05224f8f","severity":"debug","timestamp":"2026-03-06T06:06:03.61236216Z"}
{"http.req.id":"bfcf0dd4-8456-42df-9a91-f9dd75912a67","http.req.method":"POST","http.req.path":"/cart","message":"request started","session":"3e105862-e07a-48bd-9f67-033f05224f8f","severity":"debug","timestamp":"2026-03-06T06:06:03.613929075Z"}
{"http.req.id":"bfcf0dd4-8456-42df-9a91-f9dd75912a67","http.req.method":"POST","http.req.path":"/cart","message":"adding to cart","product":"L9ECAV7KIM","quantity":3,"session":"3e105862-e07a-48bd-9f67-033f05224f8f","severity":"debug","timestamp":"2026-03-06T06:06:03.614086655Z"}
{"http.req.id":"bfcf0dd4-8456-42df-9a91-f9dd75912a67","http.req.method":"POST","http.req.path":"/cart","http.resp.bytes":0,"http.resp.status":302,"http.resp.took_ms":3,"message":"request complete","session":"3e105862-e07a-48bd-9f67-033f05224f8f","severity":"debug","timestamp":"2026-03-06T06:06:03.617502059Z"}
{"http.req.id":"06f2dff3-5cab-4bef-8d1f-8aa128d806ae","http.req.method":"GET","http.req.path":"/cart","message":"request started","session":"3e105862-e07a-48bd-9f67-033f05224f8f","severity":"debug","timestamp":"2026-03-06T06:06:03.618675191Z"}
{"http.req.id":"06f2dff3-5cab-4bef-8d1f-8aa128d806ae","http.req.method":"GET","http.req.path":"/cart","message":"view user cart","session":"3e105862-e07a-48bd-9f67-033f05224f8f","severity":"debug","timestamp":"2026-03-06T06:06:03.61880538Z"}
{"http.req.id":"b82e4d6d-14b0-4196-99db-d91bc9c975b4","http.req.method":"GET","http.req.path":"/product/LS4PSXUNUM","message":"request started","session":"f9734e3a-0615-43dc-908b-1b8be30715f4","severity":"debug","timestamp":"2026-03-06T06:06:03.677097781Z"}
{"currency":"TRY","http.req.id":"b82e4d6d-14b0-4196-99db-d91bc9c975b4","http.req.method":"GET","http.req.path":"/product/LS4PSXUNUM","id":"LS4PSXUNUM","message":"serving product page","session":"f9734e3a-0615-43dc-908b-1b8be30715f4","severity":"debug","timestamp":"2026-03-06T06:06:03.677167492Z"}
{"http.req.id":"06f2dff3-5cab-4bef-8d1f-8aa128d806ae","http.req.method":"GET","http.req.path":"/cart","http.resp.bytes":19286,"http.resp.status":200,"http.resp.took_ms":90,"message":"request complete","session":"3e105862-e07a-48bd-9f67-033f05224f8f","severity":"debug","timestamp":"2026-03-06T06:06:03.709580795Z"}
{"http.req.id":"dffdcef5-bf72-4b00-916e-dccc0b0db4b3","http.req.method":"GET","http.req.path":"/","message":"ENV_PLATFORM is: local","session":"89995d91-ad5c-4838-8317-c04497a5d805","severity":"debug","timestamp":"2026-03-06T06:06:03.716696304Z"}
{"http.req.id":"b82e4d6d-14b0-4196-99db-d91bc9c975b4","http.req.method":"GET","http.req.path":"/product/LS4PSXUNUM","http.resp.bytes":7954,"http.resp.status":200,"http.resp.took_ms":42,"message":"request complete","session":"f9734e3a-0615-43dc-908b-1b8be30715f4","severity":"debug","timestamp":"2026-03-06T06:06:03.719335902Z"}
{"http.req.id":"dffdcef5-bf72-4b00-916e-dccc0b0db4b3","http.req.method":"GET","http.req.path":"/","http.resp.bytes":10608,"http.resp.status":200,"http.resp.took_ms":490,"message":"request complete","session":"89995d91-ad5c-4838-8317-c04497a5d805","severity":"debug","timestamp":"2026-03-06T06:06:03.719558154Z"}
{"http.req.id":"0ad8d656-4579-4c3d-a05e-66caba79f1e8","http.req.method":"GET","http.req.path":"/","message":"request started","session":"d7d3227d-0824-4f40-a472-c039f0192426","severity":"debug","timestamp":"2026-03-06T06:06:03.781125487Z"}
{"currency":"JPY","http.req.id":"0ad8d656-4579-4c3d-a05e-66caba79f1e8","http.req.method":"GET","http.req.path":"/","message":"home","session":"d7d3227d-0824-4f40-a472-c039f0192426","severity":"info","timestamp":"2026-03-06T06:06:03.781237116Z"}
env platform is either empty or invalid
{"http.req.id":"0ad8d656-4579-4c3d-a05e-66caba79f1e8","http.req.method":"GET","http.req.path":"/","message":"ENV_PLATFORM is: local","session":"d7d3227d-0824-4f40-a472-c039f0192426","severity":"debug","timestamp":"2026-03-06T06:06:03.809879015Z"}
{"http.req.id":"0ad8d656-4579-4c3d-a05e-66caba79f1e8","http.req.method":"GET","http.req.path":"/","http.resp.bytes":10619,"http.resp.status":200,"http.resp.took_ms":34,"message":"request complete","session":"d7d3227d-0824-4f40-a472-c039f0192426","severity":"debug","timestamp":"2026-03-06T06:06:03.815687583Z"}
{"http.req.id":"32bf4cac-efff-4ed0-8d43-c4c5680dcf0d","http.req.method":"GET","http.req.path":"/cart","message":"request started","session":"eed418e8-7ab1-4992-b9a1-40aeb0d3dc43","severity":"debug","timestamp":"2026-03-06T06:06:04.328615235Z"}
{"http.req.id":"32bf4cac-efff-4ed0-8d43-c4c5680dcf0d","http.req.method":"GET","http.req.path":"/cart","message":"view user cart","session":"eed418e8-7ab1-4992-b9a1-40aeb0d3dc43","severity":"debug","timestamp":"2026-03-06T06:06:04.32874099Z"}
{"http.req.id":"32bf4cac-efff-4ed0-8d43-c4c5680dcf0d","http.req.method":"GET","http.req.path":"/cart","http.resp.bytes":16425,"http.resp.status":200,"http.resp.took_ms":15,"message":"request complete","session":"eed418e8-7ab1-4992-b9a1-40aeb0d3dc43","severity":"debug","timestamp":"2026-03-06T06:06:04.343824641Z"}
{"http.req.id":"fe31d30f-4393-48b8-b690-2d9adb9d7d0f","http.req.method":"GET","http.req.path":"/product/LS4PSXUNUM","message":"request started","session":"0994b18b-93e7-4775-a2c5-e29dc0e6d5bb","severity":"debug","timestamp":"2026-03-06T06:06:05.477765958Z"}
{"currency":"TRY","http.req.id":"fe31d30f-4393-48b8-b690-2d9adb9d7d0f","http.req.method":"GET","http.req.path":"/product/LS4PSXUNUM","id":"LS4PSXUNUM","message":"serving product page","session":"0994b18b-93e7-4775-a2c5-e29dc0e6d5bb","severity":"debug","timestamp":"2026-03-06T06:06:05.477858017Z"}
{"http.req.id":"fe31d30f-4393-48b8-b690-2d9adb9d7d0f","http.req.method":"GET","http.req.path":"/product/LS4PSXUNUM","http.resp.bytes":8023,"http.resp.status":200,"http.resp.took_ms":16,"message":"request complete","session":"0994b18b-93e7-4775-a2c5-e29dc0e6d5bb","severity":"debug","timestamp":"2026-03-06T06:06:05.493891857Z"}
{"http.req.id":"88bc2814-a532-4251-a986-9f81a49ecbcf","http.req.method":"GET","http.req.path":"/product/66VCHSJNUP","message":"request started","session":"89995d91-ad5c-4838-8317-c04497a5d805","severity":"debug","timestamp":"2026-03-06T06:06:05.720498275Z"}
{"currency":"EUR","http.req.id":"88bc2814-a532-4251-a986-9f81a49ecbcf","http.req.method":"GET","http.req.path":"/product/66VCHSJNUP","id":"66VCHSJNUP","message":"serving product page","session":"89995d91-ad5c-4838-8317-c04497a5d805","severity":"debug","timestamp":"2026-03-06T06:06:05.72063729Z"}
{"http.req.id":"88bc2814-a532-4251-a986-9f81a49ecbcf","http.req.method":"GET","http.req.path":"/product/66VCHSJNUP","http.resp.bytes":8040,"http.resp.status":200,"http.resp.took_ms":15,"message":"request complete","session":"89995d91-ad5c-4838-8317-c04497a5d805","severity":"debug","timestamp":"2026-03-06T06:06:05.73592393Z"}
{"http.req.id":"145a7580-283a-4201-89db-5d68c7a0549c","http.req.method":"GET","http.req.path":"/product/L9ECAV7KIM","message":"request started","session":"3e105862-e07a-48bd-9f67-033f05224f8f","severity":"debug","timestamp":"2026-03-06T06:06:06.487708986Z"}
{"currency":"GBP","http.req.id":"145a7580-283a-4201-89db-5d68c7a0549c","http.req.method":"GET","http.req.path":"/product/L9ECAV7KIM","id":"L9ECAV7KIM","message":"serving product page","session":"3e105862-e07a-48bd-9f67-033f05224f8f","severity":"debug","timestamp":"2026-03-06T06:06:06.487775227Z"}
{"http.req.id":"145a7580-283a-4201-89db-5d68c7a0549c","http.req.method":"GET","http.req.path":"/product/L9ECAV7KIM","http.resp.bytes":8052,"http.resp.status":200,"http.resp.took_ms":14,"message":"request complete","session":"3e105862-e07a-48bd-9f67-033f05224f8f","severity":"debug","timestamp":"2026-03-06T06:06:06.502598266Z"}
{"http.req.id":"6de6e5ba-2928-422d-b567-2b6f50683195","http.req.method":"GET","http.req.path":"/product/2ZYFJ3GM2N","message":"request started","session":"89995d91-ad5c-4838-8317-c04497a5d805","severity":"debug","timestamp":"2026-03-06T06:06:06.84289787Z"}
{"currency":"EUR","http.req.id":"6de6e5ba-2928-422d-b567-2b6f50683195","http.req.method":"GET","http.req.path":"/product/2ZYFJ3GM2N","id":"2ZYFJ3GM2N","message":"serving product page","session":"89995d91-ad5c-4838-8317-c04497a5d805","severity":"debug","timestamp":"2026-03-06T06:06:06.843009335Z"}
{"http.req.id":"19dfd342-bce7-4322-aa33-22a8cbb6ec0a","http.req.method":"GET","http.req.path":"/product/L9ECAV7KIM","message":"request started","session":"b1a1fb98-93d6-41f8-9605-e0c8a82d1d3c","severity":"debug","timestamp":"2026-03-06T06:06:06.859630784Z"}
{"currency":"USD","http.req.id":"19dfd342-bce7-4322-aa33-22a8cbb6ec0a","http.req.method":"GET","http.req.path":"/product/L9ECAV7KIM","id":"L9ECAV7KIM","message":"serving product page","session":"b1a1fb98-93d6-41f8-9605-e0c8a82d1d3c","severity":"debug","timestamp":"2026-03-06T06:06:06.859700282Z"}
{"http.req.id":"6de6e5ba-2928-422d-b567-2b6f50683195","http.req.method":"GET","http.req.path":"/product/2ZYFJ3GM2N","http.resp.bytes":8050,"http.resp.status":200,"http.resp.took_ms":20,"message":"request complete","session":"89995d91-ad5c-4838-8317-c04497a5d805","severity":"debug","timestamp":"2026-03-06T06:06:06.862921155Z"}
{"http.req.id":"19dfd342-bce7-4322-aa33-22a8cbb6ec0a","http.req.method":"GET","http.req.path":"/product/L9ECAV7KIM","http.resp.bytes":8032,"http.resp.status":200,"http.resp.took_ms":13,"message":"request complete","session":"b1a1fb98-93d6-41f8-9605-e0c8a82d1d3c","severity":"debug","timestamp":"2026-03-06T06:06:06.873555843Z"}
{"http.req.id":"a7612ea7-b36d-437f-a4be-824e1cc035e1","http.req.method":"GET","http.req.path":"/product/L9ECAV7KIM","message":"request started","session":"6e21104e-b0bf-4a85-b5c2-ac5af92fa69e","severity":"debug","timestamp":"2026-03-06T06:06:07.305915829Z"}
{"currency":"EUR","http.req.id":"a7612ea7-b36d-437f-a4be-824e1cc035e1","http.req.method":"GET","http.req.path":"/product/L9ECAV7KIM","id":"L9ECAV7KIM","message":"serving product page","session":"6e21104e-b0bf-4a85-b5c2-ac5af92fa69e","severity":"debug","timestamp":"2026-03-06T06:06:07.306043163Z"}
{"http.req.id":"a7612ea7-b36d-437f-a4be-824e1cc035e1","http.req.method":"GET","http.req.path":"/product/L9ECAV7KIM","http.resp.bytes":8030,"http.resp.status":200,"http.resp.took_ms":23,"message":"request complete","session":"6e21104e-b0bf-4a85-b5c2-ac5af92fa69e","severity":"debug","timestamp":"2026-03-06T06:06:07.32934611Z"}
{"http.req.id":"14f9cf84-b353-4fab-8618-0d19081f066d","http.req.method":"GET","http.req.path":"/","message":"request started","session":"ec0b6821-5225-4ee8-8ec0-1e3bbbdffabb","severity":"debug","timestamp":"2026-03-06T06:06:08.18328449Z"}
{"currency":"TRY","http.req.id":"14f9cf84-b353-4fab-8618-0d19081f066d","http.req.method":"GET","http.req.path":"/","message":"home","session":"ec0b6821-5225-4ee8-8ec0-1e3bbbdffabb","severity":"info","timestamp":"2026-03-06T06:06:08.183353014Z"}
env platform is either empty or invalid
{"http.req.id":"14f9cf84-b353-4fab-8618-0d19081f066d","http.req.method":"GET","http.req.path":"/","message":"ENV_PLATFORM is: local","session":"ec0b6821-5225-4ee8-8ec0-1e3bbbdffabb","severity":"debug","timestamp":"2026-03-06T06:06:08.205134313Z"}
{"http.req.id":"14f9cf84-b353-4fab-8618-0d19081f066d","http.req.method":"GET","http.req.path":"/","http.resp.bytes":10617,"http.resp.status":200,"http.resp.took_ms":24,"message":"request complete","session":"ec0b6821-5225-4ee8-8ec0-1e3bbbdffabb","severity":"debug","timestamp":"2026-03-06T06:06:08.207765139Z"}
{"http.req.id":"276172ba-6b2d-4c35-a552-3979be58eee8","http.req.method":"GET","http.req.path":"/product/LS4PSXUNUM","message":"request started","session":"6e21104e-b0bf-4a85-b5c2-ac5af92fa69e","severity":"debug","timestamp":"2026-03-06T06:06:09.353193002Z"}
{"currency":"EUR","http.req.id":"276172ba-6b2d-4c35-a552-3979be58eee8","http.req.method":"GET","http.req.path":"/product/LS4PSXUNUM","id":"LS4PSXUNUM","message":"serving product page","session":"6e21104e-b0bf-4a85-b5c2-ac5af92fa69e","severity":"debug","timestamp":"2026-03-06T06:06:09.35326525Z"}
{"http.req.id":"276172ba-6b2d-4c35-a552-3979be58eee8","http.req.method":"GET","http.req.path":"/product/LS4PSXUNUM","http.resp.bytes":8045,"http.resp.status":200,"http.resp.took_ms":12,"message":"request complete","session":"6e21104e-b0bf-4a85-b5c2-ac5af92fa69e","severity":"debug","timestamp":"2026-03-06T06:06:09.3657351Z"}
{"http.req.id":"bd2ab3ff-be85-4c6f-b5dc-a5f450abef5c","http.req.method":"POST","http.req.path":"/setCurrency","message":"request started","session":"eed418e8-7ab1-4992-b9a1-40aeb0d3dc43","severity":"debug","timestamp":"2026-03-06T06:06:10.083515545Z"}
{"curr.new":"JPY","curr.old":"TRY","http.req.id":"bd2ab3ff-be85-4c6f-b5dc-a5f450abef5c","http.req.method":"POST","http.req.path":"/setCurrency","message":"setting currency","session":"eed418e8-7ab1-4992-b9a1-40aeb0d3dc43","severity":"debug","timestamp":"2026-03-06T06:06:10.083664599Z"}
{"http.req.id":"bd2ab3ff-be85-4c6f-b5dc-a5f450abef5c","http.req.method":"POST","http.req.path":"/setCurrency","http.resp.bytes":0,"http.resp.status":302,"http.resp.took_ms":0,"message":"request complete","session":"eed418e8-7ab1-4992-b9a1-40aeb0d3dc43","severity":"debug","timestamp":"2026-03-06T06:06:10.083689121Z"}
{"http.req.id":"2ca0b50d-fe26-4131-b8bb-dd453e58f23d","http.req.method":"GET","http.req.path":"/","message":"request started","session":"eed418e8-7ab1-4992-b9a1-40aeb0d3dc43","severity":"debug","timestamp":"2026-03-06T06:06:10.084661591Z"}
{"currency":"JPY","http.req.id":"2ca0b50d-fe26-4131-b8bb-dd453e58f23d","http.req.method":"GET","http.req.path":"/","message":"home","session":"eed418e8-7ab1-4992-b9a1-40aeb0d3dc43","severity":"info","timestamp":"2026-03-06T06:06:10.084719061Z"}
env platform is either empty or invalid
{"http.req.id":"b935ee72-1aca-4c49-873e-fca743e79cfd","http.req.method":"GET","http.req.path":"/_healthz","message":"request started","session":"x-liveness-probe","severity":"debug","timestamp":"2026-03-06T06:06:10.247216768Z"}
{"http.req.id":"b935ee72-1aca-4c49-873e-fca743e79cfd","http.req.method":"GET","http.req.path":"/_healthz","http.resp.bytes":2,"http.resp.status":200,"http.resp.took_ms":0,"message":"request complete","session":"x-liveness-probe","severity":"debug","timestamp":"2026-03-06T06:06:10.247323047Z"}
{"http.req.id":"5ae28f2e-542e-4dbe-89d4-b444acaf29a4","http.req.method":"GET","http.req.path":"/product/1YMWWN1N4O","message":"request started","session":"b1a1fb98-93d6-41f8-9605-e0c8a82d1d3c","severity":"debug","timestamp":"2026-03-06T06:06:10.538095346Z"}
{"currency":"USD","http.req.id":"5ae28f2e-542e-4dbe-89d4-b444acaf29a4","http.req.method":"GET","http.req.path":"/product/1YMWWN1N4O","id":"1YMWWN1N4O","message":"serving product page","session":"b1a1fb98-93d6-41f8-9605-e0c8a82d1d3c","severity":"debug","timestamp":"2026-03-06T06:06:10.538161974Z"}
{"http.req.id":"5ae28f2e-542e-4dbe-89d4-b444acaf29a4","http.req.method":"GET","http.req.path":"/product/1YMWWN1N4O","http.resp.bytes":8088,"http.resp.status":200,"http.resp.took_ms":12,"message":"request complete","session":"b1a1fb98-93d6-41f8-9605-e0c8a82d1d3c","severity":"debug","timestamp":"2026-03-06T06:06:10.550473449Z"}
{"http.req.id":"2ca0b50d-fe26-4131-b8bb-dd453e58f23d","http.req.method":"GET","http.req.path":"/","message":"ENV_PLATFORM is: local","session":"eed418e8-7ab1-4992-b9a1-40aeb0d3dc43","severity":"debug","timestamp":"2026-03-06T06:06:10.630608292Z"}
{"http.req.id":"2ca0b50d-fe26-4131-b8bb-dd453e58f23d","http.req.method":"GET","http.req.path":"/","http.resp.bytes":10619,"http.resp.status":200,"http.resp.took_ms":548,"message":"request complete","session":"eed418e8-7ab1-4992-b9a1-40aeb0d3dc43","severity":"debug","timestamp":"2026-03-06T06:06:10.63276402Z"}
{"http.req.id":"a525c2c7-d6af-4481-9373-87a22798373a","http.req.method":"GET","http.req.path":"/product/66VCHSJNUP","message":"request started","session":"f9734e3a-0615-43dc-908b-1b8be30715f4","severity":"debug","timestamp":"2026-03-06T06:06:10.675119982Z"}
{"currency":"TRY","http.req.id":"a525c2c7-d6af-4481-9373-87a22798373a","http.req.method":"GET","http.req.path":"/product/66VCHSJNUP","id":"66VCHSJNUP","message":"serving product page","session":"f9734e3a-0615-43dc-908b-1b8be30715f4","severity":"debug","timestamp":"2026-03-06T06:06:10.675223821Z"}
{"http.req.id":"a525c2c7-d6af-4481-9373-87a22798373a","http.req.method":"GET","http.req.path":"/product/66VCHSJNUP","http.resp.bytes":7965,"http.resp.status":200,"http.resp.took_ms":13,"message":"request complete","session":"f9734e3a-0615-43dc-908b-1b8be30715f4","severity":"debug","timestamp":"2026-03-06T06:06:10.688809136Z"}
{"http.req.id":"4325f1ab-d934-4cbf-9dbb-c2908bcc8acf","http.req.method":"GET","http.req.path":"/product/9SIQT8TOJO","message":"request started","session":"fa2d8e54-c567-4c66-b702-8bb183ef4a46","severity":"debug","timestamp":"2026-03-06T06:06:10.90834601Z"}
{"currency":"USD","http.req.id":"4325f1ab-d934-4cbf-9dbb-c2908bcc8acf","http.req.method":"GET","http.req.path":"/product/9SIQT8TOJO","id":"9SIQT8TOJO","message":"serving product page","session":"fa2d8e54-c567-4c66-b702-8bb183ef4a46","severity":"debug","timestamp":"2026-03-06T06:06:10.908408162Z"}
{"http.req.id":"4325f1ab-d934-4cbf-9dbb-c2908bcc8acf","http.req.method":"GET","http.req.path":"/product/9SIQT8TOJO","http.resp.bytes":7978,"http.resp.status":200,"http.resp.took_ms":13,"message":"request complete","session":"fa2d8e54-c567-4c66-b702-8bb183ef4a46","severity":"debug","timestamp":"2026-03-06T06:06:10.921416471Z"}
{"http.req.id":"8aed2f9a-c54a-4cbd-8dd7-a6df6b4a8cbf","http.req.method":"GET","http.req.path":"/cart","message":"request started","session":"89995d91-ad5c-4838-8317-c04497a5d805","severity":"debug","timestamp":"2026-03-06T06:06:11.118182357Z"}
{"http.req.id":"8aed2f9a-c54a-4cbd-8dd7-a6df6b4a8cbf","http.req.method":"GET","http.req.path":"/cart","message":"view user cart","session":"89995d91-ad5c-4838-8317-c04497a5d805","severity":"debug","timestamp":"2026-03-06T06:06:11.118284209Z"}
{"http.req.id":"8aed2f9a-c54a-4cbd-8dd7-a6df6b4a8cbf","http.req.method":"GET","http.req.path":"/cart","http.resp.bytes":16424,"http.resp.status":200,"http.resp.took_ms":14,"message":"request complete","session":"89995d91-ad5c-4838-8317-c04497a5d805","severity":"debug","timestamp":"2026-03-06T06:06:11.132206579Z"}
{"http.req.id":"a5aacdfd-bc71-4d6b-bd7c-0610b70da14f","http.req.method":"GET","http.req.path":"/","message":"request started","session":"d7d3227d-0824-4f40-a472-c039f0192426","severity":"debug","timestamp":"2026-03-06T06:06:11.228889783Z"}
{"currency":"JPY","http.req.id":"a5aacdfd-bc71-4d6b-bd7c-0610b70da14f","http.req.method":"GET","http.req.path":"/","message":"home","session":"d7d3227d-0824-4f40-a472-c039f0192426","severity":"info","timestamp":"2026-03-06T06:06:11.228972792Z"}
env platform is either empty or invalid
{"http.req.id":"a5aacdfd-bc71-4d6b-bd7c-0610b70da14f","http.req.method":"GET","http.req.path":"/","message":"ENV_PLATFORM is: local","session":"d7d3227d-0824-4f40-a472-c039f0192426","severity":"debug","timestamp":"2026-03-06T06:06:11.433566373Z"}
{"http.req.id":"a5aacdfd-bc71-4d6b-bd7c-0610b70da14f","http.req.method":"GET","http.req.path":"/","http.resp.bytes":10619,"http.resp.status":200,"http.resp.took_ms":208,"message":"request complete","session":"d7d3227d-0824-4f40-a472-c039f0192426","severity":"debug","timestamp":"2026-03-06T06:06:11.437375479Z"}
{"http.req.id":"a0f84833-5ce4-43d3-ae31-18513b2dd803","http.req.method":"GET","http.req.path":"/product/0PUK6V6EV0","message":"request started","session":"0994b18b-93e7-4775-a2c5-e29dc0e6d5bb","severity":"debug","timestamp":"2026-03-06T06:06:12.963743495Z"}
{"currency":"TRY","http.req.id":"a0f84833-5ce4-43d3-ae31-18513b2dd803","http.req.method":"GET","http.req.path":"/product/0PUK6V6EV0","id":"0PUK6V6EV0","message":"serving product page","session":"0994b18b-93e7-4775-a2c5-e29dc0e6d5bb","severity":"debug","timestamp":"2026-03-06T06:06:12.963783677Z"}
{"http.req.id":"a0f84833-5ce4-43d3-ae31-18513b2dd803","http.req.method":"GET","http.req.path":"/product/0PUK6V6EV0","http.resp.bytes":8052,"http.resp.status":200,"http.resp.took_ms":11,"message":"request complete","session":"0994b18b-93e7-4775-a2c5-e29dc0e6d5bb","severity":"debug","timestamp":"2026-03-06T06:06:12.975439047Z"}
{"http.req.id":"d1c5b44c-5fd1-401d-99da-d3cbcb7e14f8","http.req.method":"GET","http.req.path":"/_healthz","message":"request started","session":"x-readiness-probe","severity":"debug","timestamp":"2026-03-06T06:06:12.975587973Z"}
{"http.req.id":"d1c5b44c-5fd1-401d-99da-d3cbcb7e14f8","http.req.method":"GET","http.req.path":"/_healthz","http.resp.bytes":2,"http.resp.status":200,"http.resp.took_ms":0,"message":"request complete","session":"x-readiness-probe","severity":"debug","timestamp":"2026-03-06T06:06:12.975634714Z"}
{"http.req.id":"376850d6-3328-4ec0-93a6-89d1d7ac4e85","http.req.method":"GET","http.req.path":"/cart","message":"request started","session":"fa2d8e54-c567-4c66-b702-8bb183ef4a46","severity":"debug","timestamp":"2026-03-06T06:06:14.468235115Z"}
{"http.req.id":"376850d6-3328-4ec0-93a6-89d1d7ac4e85","http.req.method":"GET","http.req.path":"/cart","message":"view user cart","session":"fa2d8e54-c567-4c66-b702-8bb183ef4a46","severity":"debug","timestamp":"2026-03-06T06:06:14.468331659Z"}
{"http.req.id":"376850d6-3328-4ec0-93a6-89d1d7ac4e85","http.req.method":"GET","http.req.path":"/cart","http.resp.bytes":6859,"http.resp.status":200,"http.resp.took_ms":11,"message":"request complete","session":"fa2d8e54-c567-4c66-b702-8bb183ef4a46","severity":"debug","timestamp":"2026-03-06T06:06:14.479809448Z"}
{"http.req.id":"e3ae5732-878d-496f-be6e-eb403fc5dcf2","http.req.method":"GET","http.req.path":"/product/0PUK6V6EV0","message":"request started","session":"3e105862-e07a-48bd-9f67-033f05224f8f","severity":"debug","timestamp":"2026-03-06T06:06:14.768101425Z"}
{"currency":"GBP","http.req.id":"e3ae5732-878d-496f-be6e-eb403fc5dcf2","http.req.method":"GET","http.req.path":"/product/0PUK6V6EV0","id":"0PUK6V6EV0","message":"serving product page","session":"3e105862-e07a-48bd-9f67-033f05224f8f","severity":"debug","timestamp":"2026-03-06T06:06:14.768155538Z"}
{"http.req.id":"e3ae5732-878d-496f-be6e-eb403fc5dcf2","http.req.method":"GET","http.req.path":"/product/0PUK6V6EV0","http.resp.bytes":8030,"http.resp.status":200,"http.resp.took_ms":12,"message":"request complete","session":"3e105862-e07a-48bd-9f67-033f05224f8f","severity":"debug","timestamp":"2026-03-06T06:06:14.780769415Z"}
{"http.req.id":"08cf83d2-a7c6-4704-aa43-504e923647ee","http.req.method":"POST","http.req.path":"/cart","message":"request started","session":"3e105862-e07a-48bd-9f67-033f05224f8f","severity":"debug","timestamp":"2026-03-06T06:06:14.781518621Z"}
{"http.req.id":"08cf83d2-a7c6-4704-aa43-504e923647ee","http.req.method":"POST","http.req.path":"/cart","message":"adding to cart","product":"0PUK6V6EV0","quantity":1,"session":"3e105862-e07a-48bd-9f67-033f05224f8f","severity":"debug","timestamp":"2026-03-06T06:06:14.781663437Z"}
{"http.req.id":"08cf83d2-a7c6-4704-aa43-504e923647ee","http.req.method":"POST","http.req.path":"/cart","http.resp.bytes":0,"http.resp.status":302,"http.resp.took_ms":2,"message":"request complete","session":"3e105862-e07a-48bd-9f67-033f05224f8f","severity":"debug","timestamp":"2026-03-06T06:06:14.784383753Z"}
{"http.req.id":"8dbf6d55-98c1-4d4e-ad4b-c4cb64fd32cb","http.req.method":"GET","http.req.path":"/cart","message":"request started","session":"3e105862-e07a-48bd-9f67-033f05224f8f","severity":"debug","timestamp":"2026-03-06T06:06:14.785261324Z"}
{"http.req.id":"8dbf6d55-98c1-4d4e-ad4b-c4cb64fd32cb","http.req.method":"GET","http.req.path":"/cart","message":"view user cart","session":"3e105862-e07a-48bd-9f67-033f05224f8f","severity":"debug","timestamp":"2026-03-06T06:06:14.785310471Z"}
{"http.req.id":"8dbf6d55-98c1-4d4e-ad4b-c4cb64fd32cb","http.req.method":"GET","http.req.path":"/cart","http.resp.bytes":20742,"http.resp.status":200,"http.resp.took_ms":18,"message":"request complete","session":"3e105862-e07a-48bd-9f67-033f05224f8f","severity":"debug","timestamp":"2026-03-06T06:06:14.804083146Z"}
