{"currency":"USD","http.req.id":"4c39185b-3cf2-448a-bda1-7d5901542028","http.req.method":"GET","http.req.path":"/product/LS4PSXUNUM","id":"LS4PSXUNUM","message":"serving product page","session":"fcb2831f-0627-4791-ac1d-23821dc5b140","severity":"debug","timestamp":"2026-03-25T12:04:56.608385505Z"}
{"http.req.id":"4c39185b-3cf2-448a-bda1-7d5901542028","http.req.method":"GET","http.req.path":"/product/LS4PSXUNUM","http.resp.bytes":7885,"http.resp.status":200,"http.resp.took_ms":18,"message":"request complete","session":"fcb2831f-0627-4791-ac1d-23821dc5b140","severity":"debug","timestamp":"2026-03-25T12:04:56.626529031Z"}
{"http.req.id":"eff2785d-d24a-4fd3-b937-a0fd59313016","http.req.method":"POST","http.req.path":"/cart","message":"request started","session":"fcb2831f-0627-4791-ac1d-23821dc5b140","severity":"debug","timestamp":"2026-03-25T12:04:56.627704846Z"}
{"http.req.id":"eff2785d-d24a-4fd3-b937-a0fd59313016","http.req.method":"POST","http.req.path":"/cart","message":"adding to cart","product":"LS4PSXUNUM","quantity":9,"session":"fcb2831f-0627-4791-ac1d-23821dc5b140","severity":"debug","timestamp":"2026-03-25T12:04:56.627846669Z"}
{"http.req.id":"eff2785d-d24a-4fd3-b937-a0fd59313016","http.req.method":"POST","http.req.path":"/cart","http.resp.bytes":0,"http.resp.status":302,"http.resp.took_ms":8,"message":"request complete","session":"fcb2831f-0627-4791-ac1d-23821dc5b140","severity":"debug","timestamp":"2026-03-25T12:04:56.635816163Z"}
{"http.req.id":"b67843ba-22c0-48f8-a7f1-4d7e9a5c1fc2","http.req.method":"GET","http.req.path":"/cart","message":"request started","session":"fcb2831f-0627-4791-ac1d-23821dc5b140","severity":"debug","timestamp":"2026-03-25T12:04:56.636942483Z"}
{"http.req.id":"b67843ba-22c0-48f8-a7f1-4d7e9a5c1fc2","http.req.method":"GET","http.req.path":"/cart","message":"view user cart","session":"fcb2831f-0627-4791-ac1d-23821dc5b140","severity":"debug","timestamp":"2026-03-25T12:04:56.637086162Z"}
{"http.req.id":"b67843ba-22c0-48f8-a7f1-4d7e9a5c1fc2","http.req.method":"GET","http.req.path":"/cart","http.resp.bytes":16389,"http.resp.status":200,"http.resp.took_ms":60,"message":"request complete","session":"fcb2831f-0627-4791-ac1d-23821dc5b140","severity":"debug","timestamp":"2026-03-25T12:04:56.69781091Z"}
{"http.req.id":"8e97dcc2-2632-47f8-8a5d-1f64faf72461","http.req.method":"POST","http.req.path":"/setCurrency","message":"request started","session":"df4ce93a-5d92-40a8-93c2-540bf11bbb4d","severity":"debug","timestamp":"2026-03-25T12:04:56.946275634Z"}
{"curr.new":"USD","curr.old":"TRY","http.req.id":"8e97dcc2-2632-47f8-8a5d-1f64faf72461","http.req.method":"POST","http.req.path":"/setCurrency","message":"setting currency","session":"df4ce93a-5d92-40a8-93c2-540bf11bbb4d","severity":"debug","timestamp":"2026-03-25T12:04:56.946393451Z"}
{"http.req.id":"8e97dcc2-2632-47f8-8a5d-1f64faf72461","http.req.method":"POST","http.req.path":"/setCurrency","http.resp.bytes":0,"http.resp.status":302,"http.resp.took_ms":0,"message":"request complete","session":"df4ce93a-5d92-40a8-93c2-540bf11bbb4d","severity":"debug","timestamp":"2026-03-25T12:04:56.946435556Z"}
{"http.req.id":"1f004d2b-5cf9-47cd-b68f-149c84d74a05","http.req.method":"GET","http.req.path":"/","message":"request started","session":"df4ce93a-5d92-40a8-93c2-540bf11bbb4d","severity":"debug","timestamp":"2026-03-25T12:04:56.947877518Z"}
{"currency":"USD","http.req.id":"1f004d2b-5cf9-47cd-b68f-149c84d74a05","http.req.method":"GET","http.req.path":"/","message":"home","session":"df4ce93a-5d92-40a8-93c2-540bf11bbb4d","severity":"info","timestamp":"2026-03-25T12:04:56.947972932Z"}
env platform is either empty or invalid
{"http.req.id":"1f004d2b-5cf9-47cd-b68f-149c84d74a05","http.req.method":"GET","http.req.path":"/","message":"ENV_PLATFORM is: local","session":"df4ce93a-5d92-40a8-93c2-540bf11bbb4d","severity":"debug","timestamp":"2026-03-25T12:04:56.977568955Z"}
{"http.req.id":"1f004d2b-5cf9-47cd-b68f-149c84d74a05","http.req.method":"GET","http.req.path":"/","http.resp.bytes":10473,"http.resp.status":200,"http.resp.took_ms":32,"message":"request complete","session":"df4ce93a-5d92-40a8-93c2-540bf11bbb4d","severity":"debug","timestamp":"2026-03-25T12:04:56.980805408Z"}
{"http.req.id":"93bc6a0f-014b-43e3-b8c4-3dfddc3b163b","http.req.method":"GET","http.req.path":"/product/OLJCESPC7Z","message":"request started","session":"694745d8-a179-4c65-83d6-9ed873a7b94b","severity":"debug","timestamp":"2026-03-25T12:04:57.729651384Z"}
{"currency":"JPY","http.req.id":"93bc6a0f-014b-43e3-b8c4-3dfddc3b163b","http.req.method":"GET","http.req.path":"/product/OLJCESPC7Z","id":"OLJCESPC7Z","message":"serving product page","session":"694745d8-a179-4c65-83d6-9ed873a7b94b","severity":"debug","timestamp":"2026-03-25T12:04:57.729820091Z"}
{"http.req.id":"93bc6a0f-014b-43e3-b8c4-3dfddc3b163b","http.req.method":"GET","http.req.path":"/product/OLJCESPC7Z","http.resp.bytes":8016,"http.resp.status":200,"http.resp.took_ms":16,"message":"request complete","session":"694745d8-a179-4c65-83d6-9ed873a7b94b","severity":"debug","timestamp":"2026-03-25T12:04:57.745864089Z"}
{"http.req.id":"086cbdb4-e6c8-46fb-908b-457235c1dee3","http.req.method":"GET","http.req.path":"/product/LS4PSXUNUM","message":"request started","session":"32217267-98ca-4d66-9fc8-3f088b8def0f","severity":"debug","timestamp":"2026-03-25T12:04:58.193679875Z"}
{"currency":"CAD","http.req.id":"086cbdb4-e6c8-46fb-908b-457235c1dee3","http.req.method":"GET","http.req.path":"/product/LS4PSXUNUM","id":"LS4PSXUNUM","message":"serving product page","session":"32217267-98ca-4d66-9fc8-3f088b8def0f","severity":"debug","timestamp":"2026-03-25T12:04:58.193767185Z"}
{"http.req.id":"086cbdb4-e6c8-46fb-908b-457235c1dee3","http.req.method":"GET","http.req.path":"/product/LS4PSXUNUM","http.resp.bytes":7897,"http.resp.status":200,"http.resp.took_ms":15,"message":"request complete","session":"32217267-98ca-4d66-9fc8-3f088b8def0f","severity":"debug","timestamp":"2026-03-25T12:04:58.208782694Z"}
{"http.req.id":"12fd412d-ef57-4248-8818-a54eb2e33766","http.req.method":"GET","http.req.path":"/product/0PUK6V6EV0","message":"request started","session":"2d3bf3d7-22b5-49c9-8227-12126292f393","severity":"debug","timestamp":"2026-03-25T12:04:58.92696041Z"}
{"currency":"TRY","http.req.id":"12fd412d-ef57-4248-8818-a54eb2e33766","http.req.method":"GET","http.req.path":"/product/0PUK6V6EV0","id":"0PUK6V6EV0","message":"serving product page","session":"2d3bf3d7-22b5-49c9-8227-12126292f393","severity":"debug","timestamp":"2026-03-25T12:04:58.927161373Z"}
{"http.req.id":"12fd412d-ef57-4248-8818-a54eb2e33766","http.req.method":"GET","http.req.path":"/product/0PUK6V6EV0","http.resp.bytes":7893,"http.resp.status":200,"http.resp.took_ms":20,"message":"request complete","session":"2d3bf3d7-22b5-49c9-8227-12126292f393","severity":"debug","timestamp":"2026-03-25T12:04:58.947448093Z"}
{"http.req.id":"9229c9b3-767b-40da-a8c4-48f90bddb177","http.req.method":"GET","http.req.path":"/product/9SIQT8TOJO","message":"request started","session":"ecb080bf-5333-403f-9547-c8725d499228","severity":"debug","timestamp":"2026-03-25T12:04:59.97563778Z"}
{"currency":"EUR","http.req.id":"9229c9b3-767b-40da-a8c4-48f90bddb177","http.req.method":"GET","http.req.path":"/product/9SIQT8TOJO","id":"9SIQT8TOJO","message":"serving product page","session":"ecb080bf-5333-403f-9547-c8725d499228","severity":"debug","timestamp":"2026-03-25T12:04:59.975801591Z"}
{"http.req.id":"9229c9b3-767b-40da-a8c4-48f90bddb177","http.req.method":"GET","http.req.path":"/product/9SIQT8TOJO","http.resp.bytes":7912,"http.resp.status":200,"http.resp.took_ms":24,"message":"request complete","session":"ecb080bf-5333-403f-9547-c8725d499228","severity":"debug","timestamp":"2026-03-25T12:04:59.999973675Z"}
{"http.req.id":"542f7807-3dcd-412f-9359-6c36fea472a1","http.req.method":"GET","http.req.path":"/product/9SIQT8TOJO","message":"request started","session":"514e00c6-206e-4c6e-873f-852b796455de","severity":"debug","timestamp":"2026-03-25T12:05:00.460656468Z"}
{"currency":"EUR","http.req.id":"542f7807-3dcd-412f-9359-6c36fea472a1","http.req.method":"GET","http.req.path":"/product/9SIQT8TOJO","id":"9SIQT8TOJO","message":"serving product page","session":"514e00c6-206e-4c6e-873f-852b796455de","severity":"debug","timestamp":"2026-03-25T12:05:00.460802805Z"}
{"http.req.id":"542f7807-3dcd-412f-9359-6c36fea472a1","http.req.method":"GET","http.req.path":"/product/9SIQT8TOJO","http.resp.bytes":7954,"http.resp.status":200,"http.resp.took_ms":26,"message":"request complete","session":"514e00c6-206e-4c6e-873f-852b796455de","severity":"debug","timestamp":"2026-03-25T12:05:00.487603396Z"}
{"http.req.id":"6787ff10-e321-49a7-9d7b-ec67854d1847","http.req.method":"POST","http.req.path":"/cart","message":"request started","session":"514e00c6-206e-4c6e-873f-852b796455de","severity":"debug","timestamp":"2026-03-25T12:05:00.488961882Z"}
{"http.req.id":"6787ff10-e321-49a7-9d7b-ec67854d1847","http.req.method":"POST","http.req.path":"/cart","message":"adding to cart","product":"9SIQT8TOJO","quantity":5,"session":"514e00c6-206e-4c6e-873f-852b796455de","severity":"debug","timestamp":"2026-03-25T12:05:00.489151033Z"}
{"http.req.id":"6787ff10-e321-49a7-9d7b-ec67854d1847","http.req.method":"POST","http.req.path":"/cart","http.resp.bytes":0,"http.resp.status":302,"http.resp.took_ms":3,"message":"request complete","session":"514e00c6-206e-4c6e-873f-852b796455de","severity":"debug","timestamp":"2026-03-25T12:05:00.492843959Z"}
{"http.req.id":"6d714474-32ae-446b-af1c-bf7ebaaa3130","http.req.method":"GET","http.req.path":"/cart","message":"request started","session":"514e00c6-206e-4c6e-873f-852b796455de","severity":"debug","timestamp":"2026-03-25T12:05:00.494212612Z"}
{"http.req.id":"6d714474-32ae-446b-af1c-bf7ebaaa3130","http.req.method":"GET","http.req.path":"/cart","message":"view user cart","session":"514e00c6-206e-4c6e-873f-852b796455de","severity":"debug","timestamp":"2026-03-25T12:05:00.494307908Z"}
{"http.req.id":"6d714474-32ae-446b-af1c-bf7ebaaa3130","http.req.method":"GET","http.req.path":"/cart","http.resp.bytes":16423,"http.resp.status":200,"http.resp.took_ms":18,"message":"request complete","session":"514e00c6-206e-4c6e-873f-852b796455de","severity":"debug","timestamp":"2026-03-25T12:05:00.512812122Z"}
{"http.req.id":"57a4aac5-df97-4f0d-ac1d-ede4a710306f","http.req.method":"GET","http.req.path":"/_healthz","message":"request started","session":"x-liveness-probe","severity":"debug","timestamp":"2026-03-25T12:05:00.793119844Z"}
{"http.req.id":"57a4aac5-df97-4f0d-ac1d-ede4a710306f","http.req.method":"GET","http.req.path":"/_healthz","http.resp.bytes":2,"http.resp.status":200,"http.resp.took_ms":0,"message":"request complete","session":"x-liveness-probe","severity":"debug","timestamp":"2026-03-25T12:05:00.79323723Z"}
{"http.req.id":"72bea342-fa77-41fa-96cf-8eefd94e6c7d","http.req.method":"GET","http.req.path":"/product/2ZYFJ3GM2N","message":"request started","session":"514e00c6-206e-4c6e-873f-852b796455de","severity":"debug","timestamp":"2026-03-25T12:05:01.920046871Z"}
{"currency":"EUR","http.req.id":"72bea342-fa77-41fa-96cf-8eefd94e6c7d","http.req.method":"GET","http.req.path":"/product/2ZYFJ3GM2N","id":"2ZYFJ3GM2N","message":"serving product page","session":"514e00c6-206e-4c6e-873f-852b796455de","severity":"debug","timestamp":"2026-03-25T12:05:01.920127576Z"}
{"http.req.id":"72bea342-fa77-41fa-96cf-8eefd94e6c7d","http.req.method":"GET","http.req.path":"/product/2ZYFJ3GM2N","http.resp.bytes":8021,"http.resp.status":200,"http.resp.took_ms":15,"message":"request complete","session":"514e00c6-206e-4c6e-873f-852b796455de","severity":"debug","timestamp":"2026-03-25T12:05:01.935271485Z"}
{"http.req.id":"1ab8bd08-144b-4408-a205-7cee9e4691c8","http.req.method":"GET","http.req.path":"/product/L9ECAV7KIM","message":"request started","session":"513dd945-739c-4fe3-8e54-6e6927fbb733","severity":"debug","timestamp":"2026-03-25T12:05:02.709658759Z"}
{"currency":"USD","http.req.id":"1ab8bd08-144b-4408-a205-7cee9e4691c8","http.req.method":"GET","http.req.path":"/product/L9ECAV7KIM","id":"L9ECAV7KIM","message":"serving product page","session":"513dd945-739c-4fe3-8e54-6e6927fbb733","severity":"debug","timestamp":"2026-03-25T12:05:02.709729848Z"}
{"http.req.id":"1ab8bd08-144b-4408-a205-7cee9e4691c8","http.req.method":"GET","http.req.path":"/product/L9ECAV7KIM","http.resp.bytes":7950,"http.resp.status":200,"http.resp.took_ms":104,"message":"request complete","session":"513dd945-739c-4fe3-8e54-6e6927fbb733","severity":"debug","timestamp":"2026-03-25T12:05:02.814233837Z"}
{"http.req.id":"534b3b1b-bcbc-46e4-8b63-1da7569cfd5a","http.req.method":"POST","http.req.path":"/cart","message":"request started","session":"513dd945-739c-4fe3-8e54-6e6927fbb733","severity":"debug","timestamp":"2026-03-25T12:05:02.816574171Z"}
{"http.req.id":"534b3b1b-bcbc-46e4-8b63-1da7569cfd5a","http.req.method":"POST","http.req.path":"/cart","message":"adding to cart","product":"L9ECAV7KIM","quantity":9,"session":"513dd945-739c-4fe3-8e54-6e6927fbb733","severity":"debug","timestamp":"2026-03-25T12:05:02.816854158Z"}
{"http.req.id":"534b3b1b-bcbc-46e4-8b63-1da7569cfd5a","http.req.method":"POST","http.req.path":"/cart","http.resp.bytes":0,"http.resp.status":302,"http.resp.took_ms":7,"message":"request complete","session":"513dd945-739c-4fe3-8e54-6e6927fbb733","severity":"debug","timestamp":"2026-03-25T12:05:02.824491228Z"}
{"http.req.id":"127f5f21-6ac2-4fb0-8f24-b47392aa90a7","http.req.method":"GET","http.req.path":"/cart","message":"request started","session":"513dd945-739c-4fe3-8e54-6e6927fbb733","severity":"debug","timestamp":"2026-03-25T12:05:02.827519595Z"}
{"http.req.id":"127f5f21-6ac2-4fb0-8f24-b47392aa90a7","http.req.method":"GET","http.req.path":"/cart","message":"view user cart","session":"513dd945-739c-4fe3-8e54-6e6927fbb733","severity":"debug","timestamp":"2026-03-25T12:05:02.827657406Z"}
{"http.req.id":"ad48d811-dd37-4cef-ace8-f4add9745740","http.req.method":"GET","http.req.path":"/product/1YMWWN1N4O","message":"request started","session":"827eab86-1aba-4a15-8740-5fee5900d10f","severity":"debug","timestamp":"2026-03-25T12:05:02.903814119Z"}
{"currency":"USD","http.req.id":"ad48d811-dd37-4cef-ace8-f4add9745740","http.req.method":"GET","http.req.path":"/product/1YMWWN1N4O","id":"1YMWWN1N4O","message":"serving product page","session":"827eab86-1aba-4a15-8740-5fee5900d10f","severity":"debug","timestamp":"2026-03-25T12:05:02.903916692Z"}
{"http.req.id":"de186ed7-d9dd-4461-b017-5efd5621f6a3","http.req.method":"GET","http.req.path":"/product/0PUK6V6EV0","message":"request started","session":"df4ce93a-5d92-40a8-93c2-540bf11bbb4d","severity":"debug","timestamp":"2026-03-25T12:05:02.987845611Z"}
{"currency":"USD","http.req.id":"de186ed7-d9dd-4461-b017-5efd5621f6a3","http.req.method":"GET","http.req.path":"/product/0PUK6V6EV0","id":"0PUK6V6EV0","message":"serving product page","session":"df4ce93a-5d92-40a8-93c2-540bf11bbb4d","severity":"debug","timestamp":"2026-03-25T12:05:02.987940304Z"}
{"http.req.id":"ad48d811-dd37-4cef-ace8-f4add9745740","http.req.method":"GET","http.req.path":"/product/1YMWWN1N4O","http.resp.bytes":7988,"http.resp.status":200,"http.resp.took_ms":94,"message":"request complete","session":"827eab86-1aba-4a15-8740-5fee5900d10f","severity":"debug","timestamp":"2026-03-25T12:05:02.997866073Z"}
{"http.req.id":"127f5f21-6ac2-4fb0-8f24-b47392aa90a7","http.req.method":"GET","http.req.path":"/cart","http.resp.bytes":22104,"http.resp.status":200,"http.resp.took_ms":261,"message":"request complete","session":"513dd945-739c-4fe3-8e54-6e6927fbb733","severity":"debug","timestamp":"2026-03-25T12:05:03.088902021Z"}
{"http.req.id":"de186ed7-d9dd-4461-b017-5efd5621f6a3","http.req.method":"GET","http.req.path":"/product/0PUK6V6EV0","http.resp.bytes":7990,"http.resp.status":200,"http.resp.took_ms":107,"message":"request complete","session":"df4ce93a-5d92-40a8-93c2-540bf11bbb4d","severity":"debug","timestamp":"2026-03-25T12:05:03.095728368Z"}
{"http.req.id":"cf84b336-0abc-4be6-bf1a-f15feea4edae","http.req.method":"POST","http.req.path":"/cart","message":"request started","session":"df4ce93a-5d92-40a8-93c2-540bf11bbb4d","severity":"debug","timestamp":"2026-03-25T12:05:03.09767303Z"}
{"http.req.id":"cf84b336-0abc-4be6-bf1a-f15feea4edae","http.req.method":"POST","http.req.path":"/cart","message":"adding to cart","product":"0PUK6V6EV0","quantity":6,"session":"df4ce93a-5d92-40a8-93c2-540bf11bbb4d","severity":"debug","timestamp":"2026-03-25T12:05:03.097887281Z"}
{"http.req.id":"cf84b336-0abc-4be6-bf1a-f15feea4edae","http.req.method":"POST","http.req.path":"/cart","http.resp.bytes":0,"http.resp.status":302,"http.resp.took_ms":5,"message":"request complete","session":"df4ce93a-5d92-40a8-93c2-540bf11bbb4d","severity":"debug","timestamp":"2026-03-25T12:05:03.10323961Z"}
{"http.req.id":"9e1989f8-8f50-4a9a-b8da-e9c54a6de819","http.req.method":"GET","http.req.path":"/cart","message":"request started","session":"df4ce93a-5d92-40a8-93c2-540bf11bbb4d","severity":"debug","timestamp":"2026-03-25T12:05:03.105249458Z"}
{"http.req.id":"9e1989f8-8f50-4a9a-b8da-e9c54a6de819","http.req.method":"GET","http.req.path":"/cart","message":"view user cart","session":"df4ce93a-5d92-40a8-93c2-540bf11bbb4d","severity":"debug","timestamp":"2026-03-25T12:05:03.105390389Z"}
{"http.req.id":"c5855230-b597-4dd5-94ed-b9980f120e15","http.req.method":"GET","http.req.path":"/product/1YMWWN1N4O","message":"request started","session":"a38c2610-1665-4c93-8051-4c451f5de325","severity":"debug","timestamp":"2026-03-25T12:05:03.111311369Z"}
{"currency":"TRY","http.req.id":"c5855230-b597-4dd5-94ed-b9980f120e15","http.req.method":"GET","http.req.path":"/product/1YMWWN1N4O","id":"1YMWWN1N4O","message":"serving product page","session":"a38c2610-1665-4c93-8051-4c451f5de325","severity":"debug","timestamp":"2026-03-25T12:05:03.111428153Z"}
{"http.req.id":"c5855230-b597-4dd5-94ed-b9980f120e15","http.req.method":"GET","http.req.path":"/product/1YMWWN1N4O","http.resp.bytes":8030,"http.resp.status":200,"http.resp.took_ms":87,"message":"request complete","session":"a38c2610-1665-4c93-8051-4c451f5de325","severity":"debug","timestamp":"2026-03-25T12:05:03.198387647Z"}
{"http.req.id":"3d08f5dd-0150-41b5-b969-f18c97f6713d","http.req.method":"GET","http.req.path":"/product/0PUK6V6EV0","message":"request started","session":"2d3bf3d7-22b5-49c9-8227-12126292f393","severity":"debug","timestamp":"2026-03-25T12:05:03.287508959Z"}
{"currency":"TRY","http.req.id":"3d08f5dd-0150-41b5-b969-f18c97f6713d","http.req.method":"GET","http.req.path":"/product/0PUK6V6EV0","id":"0PUK6V6EV0","message":"serving product page","session":"2d3bf3d7-22b5-49c9-8227-12126292f393","severity":"debug","timestamp":"2026-03-25T12:05:03.287639121Z"}
{"http.req.id":"9e1989f8-8f50-4a9a-b8da-e9c54a6de819","http.req.method":"GET","http.req.path":"/cart","http.resp.bytes":17834,"http.resp.status":200,"http.resp.took_ms":183,"message":"request complete","session":"df4ce93a-5d92-40a8-93c2-540bf11bbb4d","severity":"debug","timestamp":"2026-03-25T12:05:03.28913809Z"}
{"http.req.id":"37048038-aa85-4945-8767-05c170cf1e5b","http.req.method":"POST","http.req.path":"/cart/checkout","message":"request started","session":"df4ce93a-5d92-40a8-93c2-540bf11bbb4d","severity":"debug","timestamp":"2026-03-25T12:05:03.293295768Z"}
{"http.req.id":"37048038-aa85-4945-8767-05c170cf1e5b","http.req.method":"POST","http.req.path":"/cart/checkout","message":"placing order","session":"df4ce93a-5d92-40a8-93c2-540bf11bbb4d","severity":"debug","timestamp":"2026-03-25T12:05:03.293430827Z"}
{"http.req.id":"3d08f5dd-0150-41b5-b969-f18c97f6713d","http.req.method":"GET","http.req.path":"/product/0PUK6V6EV0","http.resp.bytes":7929,"http.resp.status":200,"http.resp.took_ms":38,"message":"request complete","session":"2d3bf3d7-22b5-49c9-8227-12126292f393","severity":"debug","timestamp":"2026-03-25T12:05:03.32593475Z"}
{"http.req.id":"37048038-aa85-4945-8767-05c170cf1e5b","http.req.method":"POST","http.req.path":"/cart/checkout","message":"order placed","order":"db08ea1c-2842-11f1-a4a0-927ce8a683d8","session":"df4ce93a-5d92-40a8-93c2-540bf11bbb4d","severity":"info","timestamp":"2026-03-25T12:05:03.330332578Z"}
{"http.req.id":"37048038-aa85-4945-8767-05c170cf1e5b","http.req.method":"POST","http.req.path":"/cart/checkout","http.resp.bytes":6731,"http.resp.status":200,"http.resp.took_ms":119,"message":"request complete","session":"df4ce93a-5d92-40a8-93c2-540bf11bbb4d","severity":"debug","timestamp":"2026-03-25T12:05:03.41234688Z"}
{"http.req.id":"95be4085-a14f-42e9-b150-5960230574a9","http.req.method":"GET","http.req.path":"/product/OLJCESPC7Z","message":"request started","session":"ecb080bf-5333-403f-9547-c8725d499228","severity":"debug","timestamp":"2026-03-25T12:05:03.886140014Z"}
{"currency":"EUR","http.req.id":"95be4085-a14f-42e9-b150-5960230574a9","http.req.method":"GET","http.req.path":"/product/OLJCESPC7Z","id":"OLJCESPC7Z","message":"serving product page","session":"ecb080bf-5333-403f-9547-c8725d499228","severity":"debug","timestamp":"2026-03-25T12:05:03.886279489Z"}
{"http.req.id":"95be4085-a14f-42e9-b150-5960230574a9","http.req.method":"GET","http.req.path":"/product/OLJCESPC7Z","http.resp.bytes":7895,"http.resp.status":200,"http.resp.took_ms":19,"message":"request complete","session":"ecb080bf-5333-403f-9547-c8725d499228","severity":"debug","timestamp":"2026-03-25T12:05:03.905493456Z"}
{"http.req.id":"00ee58a1-f476-4380-804c-c5c6b97548a3","http.req.method":"GET","http.req.path":"/_healthz","message":"request started","session":"x-readiness-probe","severity":"debug","timestamp":"2026-03-25T12:05:04.046820465Z"}
{"http.req.id":"00ee58a1-f476-4380-804c-c5c6b97548a3","http.req.method":"GET","http.req.path":"/_healthz","http.resp.bytes":2,"http.resp.status":200,"http.resp.took_ms":0,"message":"request complete","session":"x-readiness-probe","severity":"debug","timestamp":"2026-03-25T12:05:04.046942294Z"}
{"http.req.id":"600b9608-93b8-42c3-9a8b-325cbc8cc9bf","http.req.method":"POST","http.req.path":"/setCurrency","message":"request started","session":"694745d8-a179-4c65-83d6-9ed873a7b94b","severity":"debug","timestamp":"2026-03-25T12:05:04.696219252Z"}
{"curr.new":"EUR","curr.old":"JPY","http.req.id":"600b9608-93b8-42c3-9a8b-325cbc8cc9bf","http.req.method":"POST","http.req.path":"/setCurrency","message":"setting currency","session":"694745d8-a179-4c65-83d6-9ed873a7b94b","severity":"debug","timestamp":"2026-03-25T12:05:04.696359601Z"}
{"http.req.id":"600b9608-93b8-42c3-9a8b-325cbc8cc9bf","http.req.method":"POST","http.req.path":"/setCurrency","http.resp.bytes":0,"http.resp.status":302,"http.resp.took_ms":0,"message":"request complete","session":"694745d8-a179-4c65-83d6-9ed873a7b94b","severity":"debug","timestamp":"2026-03-25T12:05:04.696393958Z"}
{"http.req.id":"aa76e014-7c13-4ca1-9eec-3fe1745ceb8a","http.req.method":"GET","http.req.path":"/","message":"request started","session":"694745d8-a179-4c65-83d6-9ed873a7b94b","severity":"debug","timestamp":"2026-03-25T12:05:04.697665968Z"}
{"currency":"EUR","http.req.id":"aa76e014-7c13-4ca1-9eec-3fe1745ceb8a","http.req.method":"GET","http.req.path":"/","message":"home","session":"694745d8-a179-4c65-83d6-9ed873a7b94b","severity":"info","timestamp":"2026-03-25T12:05:04.697754269Z"}
env platform is either empty or invalid
{"http.req.id":"aa76e014-7c13-4ca1-9eec-3fe1745ceb8a","http.req.method":"GET","http.req.path":"/","message":"ENV_PLATFORM is: local","session":"694745d8-a179-4c65-83d6-9ed873a7b94b","severity":"debug","timestamp":"2026-03-25T12:05:04.718211775Z"}
{"http.req.id":"aa76e014-7c13-4ca1-9eec-3fe1745ceb8a","http.req.method":"GET","http.req.path":"/","http.resp.bytes":10491,"http.resp.status":200,"http.resp.took_ms":23,"message":"request complete","session":"694745d8-a179-4c65-83d6-9ed873a7b94b","severity":"debug","timestamp":"2026-03-25T12:05:04.721583997Z"}
{"http.req.id":"7d25e796-f06a-4076-bf68-e3822725e480","http.req.method":"GET","http.req.path":"/product/LS4PSXUNUM","message":"request started","session":"fcb2831f-0627-4791-ac1d-23821dc5b140","severity":"debug","timestamp":"2026-03-25T12:05:05.09945158Z"}
{"currency":"USD","http.req.id":"7d25e796-f06a-4076-bf68-e3822725e480","http.req.method":"GET","http.req.path":"/product/LS4PSXUNUM","id":"LS4PSXUNUM","message":"serving product page","session":"fcb2831f-0627-4791-ac1d-23821dc5b140","severity":"debug","timestamp":"2026-03-25T12:05:05.099813952Z"}
{"http.req.id":"7d25e796-f06a-4076-bf68-e3822725e480","http.req.method":"GET","http.req.path":"/product/LS4PSXUNUM","http.resp.bytes":7984,"http.resp.status":200,"http.resp.took_ms":17,"message":"request complete","session":"fcb2831f-0627-4791-ac1d-23821dc5b140","severity":"debug","timestamp":"2026-03-25T12:05:05.116574549Z"}
{"http.req.id":"48d0299f-ed43-489c-bf43-a99ecdfa5173","http.req.method":"POST","http.req.path":"/setCurrency","message":"request started","session":"32217267-98ca-4d66-9fc8-3f088b8def0f","severity":"debug","timestamp":"2026-03-25T12:05:08.363992923Z"}
{"curr.new":"GBP","curr.old":"CAD","http.req.id":"48d0299f-ed43-489c-bf43-a99ecdfa5173","http.req.method":"POST","http.req.path":"/setCurrency","message":"setting currency","session":"32217267-98ca-4d66-9fc8-3f088b8def0f","severity":"debug","timestamp":"2026-03-25T12:05:08.364142824Z"}
{"http.req.id":"48d0299f-ed43-489c-bf43-a99ecdfa5173","http.req.method":"POST","http.req.path":"/setCurrency","http.resp.bytes":0,"http.resp.status":302,"http.resp.took_ms":0,"message":"request complete","session":"32217267-98ca-4d66-9fc8-3f088b8def0f","severity":"debug","timestamp":"2026-03-25T12:05:08.364181291Z"}
{"http.req.id":"6b0c8e74-09f8-43ec-87ff-2f908f3087db","http.req.method":"GET","http.req.path":"/","message":"request started","session":"32217267-98ca-4d66-9fc8-3f088b8def0f","severity":"debug","timestamp":"2026-03-25T12:05:08.36553077Z"}
{"currency":"GBP","http.req.id":"6b0c8e74-09f8-43ec-87ff-2f908f3087db","http.req.method":"GET","http.req.path":"/","message":"home","session":"32217267-98ca-4d66-9fc8-3f088b8def0f","severity":"info","timestamp":"2026-03-25T12:05:08.365617884Z"}
env platform is either empty or invalid
{"http.req.id":"6b0c8e74-09f8-43ec-87ff-2f908f3087db","http.req.method":"GET","http.req.path":"/","message":"ENV_PLATFORM is: local","session":"32217267-98ca-4d66-9fc8-3f088b8def0f","severity":"debug","timestamp":"2026-03-25T12:05:08.394435958Z"}
{"http.req.id":"6b0c8e74-09f8-43ec-87ff-2f908f3087db","http.req.method":"GET","http.req.path":"/","http.resp.bytes":10392,"http.resp.status":200,"http.resp.took_ms":97,"message":"request complete","session":"32217267-98ca-4d66-9fc8-3f088b8def0f","severity":"debug","timestamp":"2026-03-25T12:05:08.464277556Z"}
{"http.req.id":"8ecf773c-9eae-4e9a-a2f3-43a1acea3559","http.req.method":"GET","http.req.path":"/product/0PUK6V6EV0","message":"request started","session":"ecb080bf-5333-403f-9547-c8725d499228","severity":"debug","timestamp":"2026-03-25T12:05:09.719834634Z"}
{"currency":"EUR","http.req.id":"8ecf773c-9eae-4e9a-a2f3-43a1acea3559","http.req.method":"GET","http.req.path":"/product/0PUK6V6EV0","id":"0PUK6V6EV0","message":"serving product page","session":"ecb080bf-5333-403f-9547-c8725d499228","severity":"debug","timestamp":"2026-03-25T12:05:09.719948714Z"}
{"http.req.id":"8ecf773c-9eae-4e9a-a2f3-43a1acea3559","http.req.method":"GET","http.req.path":"/product/0PUK6V6EV0","http.resp.bytes":7934,"http.resp.status":200,"http.resp.took_ms":14,"message":"request complete","session":"ecb080bf-5333-403f-9547-c8725d499228","severity":"debug","timestamp":"2026-03-25T12:05:09.7342135Z"}
