{"http.req.id":"74288eaf-ac78-4a20-bd01-df5a65db970b","http.req.method":"GET","http.req.path":"/product/2ZYFJ3GM2N","message":"request started","session":"fcb2831f-0627-4791-ac1d-23821dc5b140","severity":"debug","timestamp":"2026-03-25T12:01:05.951286943Z"}
{"currency":"EUR","http.req.id":"74288eaf-ac78-4a20-bd01-df5a65db970b","http.req.method":"GET","http.req.path":"/product/2ZYFJ3GM2N","id":"2ZYFJ3GM2N","message":"serving product page","session":"fcb2831f-0627-4791-ac1d-23821dc5b140","severity":"debug","timestamp":"2026-03-25T12:01:05.951383424Z"}
{"http.req.id":"74288eaf-ac78-4a20-bd01-df5a65db970b","http.req.method":"GET","http.req.path":"/product/2ZYFJ3GM2N","http.resp.bytes":7988,"http.resp.status":200,"http.resp.took_ms":27,"message":"request complete","session":"fcb2831f-0627-4791-ac1d-23821dc5b140","severity":"debug","timestamp":"2026-03-25T12:01:05.979224863Z"}
{"http.req.id":"893d68fe-f125-4f08-9080-97de79202d13","http.req.method":"GET","http.req.path":"/product/9SIQT8TOJO","message":"request started","session":"827eab86-1aba-4a15-8740-5fee5900d10f","severity":"debug","timestamp":"2026-03-25T12:01:06.201818445Z"}
{"currency":"CAD","http.req.id":"893d68fe-f125-4f08-9080-97de79202d13","http.req.method":"GET","http.req.path":"/product/9SIQT8TOJO","id":"9SIQT8TOJO","message":"serving product page","session":"827eab86-1aba-4a15-8740-5fee5900d10f","severity":"debug","timestamp":"2026-03-25T12:01:06.201878932Z"}
{"http.req.id":"893d68fe-f125-4f08-9080-97de79202d13","http.req.method":"GET","http.req.path":"/product/9SIQT8TOJO","http.resp.bytes":7973,"http.resp.status":200,"http.resp.took_ms":32,"message":"request complete","session":"827eab86-1aba-4a15-8740-5fee5900d10f","severity":"debug","timestamp":"2026-03-25T12:01:06.233822744Z"}
{"http.req.id":"c2e7af9e-79a9-4c16-94b8-3827caa61a24","http.req.method":"GET","http.req.path":"/product/OLJCESPC7Z","message":"request started","session":"2d3bf3d7-22b5-49c9-8227-12126292f393","severity":"debug","timestamp":"2026-03-25T12:01:06.591141951Z"}
{"currency":"GBP","http.req.id":"c2e7af9e-79a9-4c16-94b8-3827caa61a24","http.req.method":"GET","http.req.path":"/product/OLJCESPC7Z","id":"OLJCESPC7Z","message":"serving product page","session":"2d3bf3d7-22b5-49c9-8227-12126292f393","severity":"debug","timestamp":"2026-03-25T12:01:06.591198313Z"}
{"http.req.id":"c2e7af9e-79a9-4c16-94b8-3827caa61a24","http.req.method":"GET","http.req.path":"/product/OLJCESPC7Z","http.resp.bytes":7999,"http.resp.status":200,"http.resp.took_ms":110,"message":"request complete","session":"2d3bf3d7-22b5-49c9-8227-12126292f393","severity":"debug","timestamp":"2026-03-25T12:01:06.701899105Z"}
{"http.req.id":"1665fd4d-d3ef-4f1e-9cf5-7e9af6f5d31b","http.req.method":"GET","http.req.path":"/product/66VCHSJNUP","message":"request started","session":"df4ce93a-5d92-40a8-93c2-540bf11bbb4d","severity":"debug","timestamp":"2026-03-25T12:01:06.710963092Z"}
{"currency":"CAD","http.req.id":"1665fd4d-d3ef-4f1e-9cf5-7e9af6f5d31b","http.req.method":"GET","http.req.path":"/product/66VCHSJNUP","id":"66VCHSJNUP","message":"serving product page","session":"df4ce93a-5d92-40a8-93c2-540bf11bbb4d","severity":"debug","timestamp":"2026-03-25T12:01:06.711079672Z"}
{"http.req.id":"1665fd4d-d3ef-4f1e-9cf5-7e9af6f5d31b","http.req.method":"GET","http.req.path":"/product/66VCHSJNUP","http.resp.bytes":7958,"http.resp.status":200,"http.resp.took_ms":19,"message":"request complete","session":"df4ce93a-5d92-40a8-93c2-540bf11bbb4d","severity":"debug","timestamp":"2026-03-25T12:01:06.730889814Z"}
{"http.req.id":"6ae88136-9760-43ad-bb4c-0ba2f5e7b4a2","http.req.method":"GET","http.req.path":"/product/2ZYFJ3GM2N","message":"request started","session":"df4ce93a-5d92-40a8-93c2-540bf11bbb4d","severity":"debug","timestamp":"2026-03-25T12:01:09.697168305Z"}
{"currency":"CAD","http.req.id":"6ae88136-9760-43ad-bb4c-0ba2f5e7b4a2","http.req.method":"GET","http.req.path":"/product/2ZYFJ3GM2N","id":"2ZYFJ3GM2N","message":"serving product page","session":"df4ce93a-5d92-40a8-93c2-540bf11bbb4d","severity":"debug","timestamp":"2026-03-25T12:01:09.697295583Z"}
{"http.req.id":"6ae88136-9760-43ad-bb4c-0ba2f5e7b4a2","http.req.method":"GET","http.req.path":"/product/2ZYFJ3GM2N","http.resp.bytes":8008,"http.resp.status":200,"http.resp.took_ms":18,"message":"request complete","session":"df4ce93a-5d92-40a8-93c2-540bf11bbb4d","severity":"debug","timestamp":"2026-03-25T12:01:09.715183193Z"}
{"http.req.id":"c597d5f2-f56b-448a-b29d-c1b2637a33c6","http.req.method":"POST","http.req.path":"/setCurrency","message":"request started","session":"513dd945-739c-4fe3-8e54-6e6927fbb733","severity":"debug","timestamp":"2026-03-25T12:01:09.840977762Z"}
{"curr.new":"GBP","curr.old":"JPY","http.req.id":"c597d5f2-f56b-448a-b29d-c1b2637a33c6","http.req.method":"POST","http.req.path":"/setCurrency","message":"setting currency","session":"513dd945-739c-4fe3-8e54-6e6927fbb733","severity":"debug","timestamp":"2026-03-25T12:01:09.84134444Z"}
{"http.req.id":"c597d5f2-f56b-448a-b29d-c1b2637a33c6","http.req.method":"POST","http.req.path":"/setCurrency","http.resp.bytes":0,"http.resp.status":302,"http.resp.took_ms":0,"message":"request complete","session":"513dd945-739c-4fe3-8e54-6e6927fbb733","severity":"debug","timestamp":"2026-03-25T12:01:09.841482123Z"}
{"http.req.id":"e400a63e-00a3-49a8-bf6e-12d8566d270c","http.req.method":"GET","http.req.path":"/","message":"request started","session":"513dd945-739c-4fe3-8e54-6e6927fbb733","severity":"debug","timestamp":"2026-03-25T12:01:09.843562065Z"}
{"currency":"GBP","http.req.id":"e400a63e-00a3-49a8-bf6e-12d8566d270c","http.req.method":"GET","http.req.path":"/","message":"home","session":"513dd945-739c-4fe3-8e54-6e6927fbb733","severity":"info","timestamp":"2026-03-25T12:01:09.843670299Z"}
env platform is either empty or invalid
{"http.req.id":"e400a63e-00a3-49a8-bf6e-12d8566d270c","http.req.method":"GET","http.req.path":"/","message":"ENV_PLATFORM is: local","session":"513dd945-739c-4fe3-8e54-6e6927fbb733","severity":"debug","timestamp":"2026-03-25T12:01:09.875340703Z"}
{"http.req.id":"e400a63e-00a3-49a8-bf6e-12d8566d270c","http.req.method":"GET","http.req.path":"/","http.resp.bytes":10392,"http.resp.status":200,"http.resp.took_ms":34,"message":"request complete","session":"513dd945-739c-4fe3-8e54-6e6927fbb733","severity":"debug","timestamp":"2026-03-25T12:01:09.878118302Z"}
{"http.req.id":"28ed6396-dbdb-44a6-a02f-567c4f3d9c0c","http.req.method":"GET","http.req.path":"/product/LS4PSXUNUM","message":"request started","session":"694745d8-a179-4c65-83d6-9ed873a7b94b","severity":"debug","timestamp":"2026-03-25T12:01:10.241788585Z"}
{"currency":"EUR","http.req.id":"28ed6396-dbdb-44a6-a02f-567c4f3d9c0c","http.req.method":"GET","http.req.path":"/product/LS4PSXUNUM","id":"LS4PSXUNUM","message":"serving product page","session":"694745d8-a179-4c65-83d6-9ed873a7b94b","severity":"debug","timestamp":"2026-03-25T12:01:10.241897382Z"}
{"http.req.id":"28ed6396-dbdb-44a6-a02f-567c4f3d9c0c","http.req.method":"GET","http.req.path":"/product/LS4PSXUNUM","http.resp.bytes":7974,"http.resp.status":200,"http.resp.took_ms":17,"message":"request complete","session":"694745d8-a179-4c65-83d6-9ed873a7b94b","severity":"debug","timestamp":"2026-03-25T12:01:10.259469457Z"}
{"http.req.id":"de991294-bca7-4ec3-bfa4-7e68bb81db81","http.req.method":"GET","http.req.path":"/_healthz","message":"request started","session":"x-liveness-probe","severity":"debug","timestamp":"2026-03-25T12:01:10.790104669Z"}
{"http.req.id":"de991294-bca7-4ec3-bfa4-7e68bb81db81","http.req.method":"GET","http.req.path":"/_healthz","http.resp.bytes":2,"http.resp.status":200,"http.resp.took_ms":0,"message":"request complete","session":"x-liveness-probe","severity":"debug","timestamp":"2026-03-25T12:01:10.790240411Z"}
{"http.req.id":"88d30b88-69cb-41ea-8b88-86fba7190007","http.req.method":"GET","http.req.path":"/product/0PUK6V6EV0","message":"request started","session":"fcb2831f-0627-4791-ac1d-23821dc5b140","severity":"debug","timestamp":"2026-03-25T12:01:11.320871277Z"}
{"currency":"EUR","http.req.id":"88d30b88-69cb-41ea-8b88-86fba7190007","http.req.method":"GET","http.req.path":"/product/0PUK6V6EV0","id":"0PUK6V6EV0","message":"serving product page","session":"fcb2831f-0627-4791-ac1d-23821dc5b140","severity":"debug","timestamp":"2026-03-25T12:01:11.320989105Z"}
{"http.req.id":"88d30b88-69cb-41ea-8b88-86fba7190007","http.req.method":"GET","http.req.path":"/product/0PUK6V6EV0","http.resp.bytes":7966,"http.resp.status":200,"http.resp.took_ms":18,"message":"request complete","session":"fcb2831f-0627-4791-ac1d-23821dc5b140","severity":"debug","timestamp":"2026-03-25T12:01:11.339646228Z"}
{"http.req.id":"fea5c2a4-1e3b-4d87-818c-f987d37ca200","http.req.method":"POST","http.req.path":"/cart","message":"request started","session":"fcb2831f-0627-4791-ac1d-23821dc5b140","severity":"debug","timestamp":"2026-03-25T12:01:11.34076457Z"}
{"http.req.id":"fea5c2a4-1e3b-4d87-818c-f987d37ca200","http.req.method":"POST","http.req.path":"/cart","message":"adding to cart","product":"0PUK6V6EV0","quantity":1,"session":"fcb2831f-0627-4791-ac1d-23821dc5b140","severity":"debug","timestamp":"2026-03-25T12:01:11.340921319Z"}
{"http.req.id":"fea5c2a4-1e3b-4d87-818c-f987d37ca200","http.req.method":"POST","http.req.path":"/cart","http.resp.bytes":0,"http.resp.status":302,"http.resp.took_ms":3,"message":"request complete","session":"fcb2831f-0627-4791-ac1d-23821dc5b140","severity":"debug","timestamp":"2026-03-25T12:01:11.344187015Z"}
{"http.req.id":"88c9b593-772b-440c-861a-fbb6d79020fe","http.req.method":"GET","http.req.path":"/cart","message":"request started","session":"fcb2831f-0627-4791-ac1d-23821dc5b140","severity":"debug","timestamp":"2026-03-25T12:01:11.345438998Z"}
{"http.req.id":"88c9b593-772b-440c-861a-fbb6d79020fe","http.req.method":"GET","http.req.path":"/cart","message":"view user cart","session":"fcb2831f-0627-4791-ac1d-23821dc5b140","severity":"debug","timestamp":"2026-03-25T12:01:11.345503512Z"}
{"http.req.id":"88c9b593-772b-440c-861a-fbb6d79020fe","http.req.method":"GET","http.req.path":"/cart","http.resp.bytes":19255,"http.resp.status":200,"http.resp.took_ms":41,"message":"request complete","session":"fcb2831f-0627-4791-ac1d-23821dc5b140","severity":"debug","timestamp":"2026-03-25T12:01:11.38718547Z"}
{"http.req.id":"255ff43a-aad4-4e6c-ad98-b5301fe91a96","http.req.method":"POST","http.req.path":"/cart/checkout","message":"request started","session":"fcb2831f-0627-4791-ac1d-23821dc5b140","severity":"debug","timestamp":"2026-03-25T12:01:11.390638269Z"}
{"http.req.id":"255ff43a-aad4-4e6c-ad98-b5301fe91a96","http.req.method":"POST","http.req.path":"/cart/checkout","message":"placing order","session":"fcb2831f-0627-4791-ac1d-23821dc5b140","severity":"debug","timestamp":"2026-03-25T12:01:11.390762463Z"}
{"http.req.id":"255ff43a-aad4-4e6c-ad98-b5301fe91a96","http.req.method":"POST","http.req.path":"/cart/checkout","message":"order placed","order":"50cf71dd-2842-11f1-a4a0-927ce8a683d8","session":"fcb2831f-0627-4791-ac1d-23821dc5b140","severity":"info","timestamp":"2026-03-25T12:01:11.414764973Z"}
{"http.req.id":"255ff43a-aad4-4e6c-ad98-b5301fe91a96","http.req.method":"POST","http.req.path":"/cart/checkout","http.resp.bytes":6739,"http.resp.status":200,"http.resp.took_ms":35,"message":"request complete","session":"fcb2831f-0627-4791-ac1d-23821dc5b140","severity":"debug","timestamp":"2026-03-25T12:01:11.425878918Z"}
{"http.req.id":"85fc032b-2f86-4e28-86a3-56891af8f368","http.req.method":"GET","http.req.path":"/product/9SIQT8TOJO","message":"request started","session":"ecb080bf-5333-403f-9547-c8725d499228","severity":"debug","timestamp":"2026-03-25T12:01:11.791232159Z"}
{"currency":"GBP","http.req.id":"85fc032b-2f86-4e28-86a3-56891af8f368","http.req.method":"GET","http.req.path":"/product/9SIQT8TOJO","id":"9SIQT8TOJO","message":"serving product page","session":"ecb080bf-5333-403f-9547-c8725d499228","severity":"debug","timestamp":"2026-03-25T12:01:11.791321376Z"}
{"http.req.id":"85fc032b-2f86-4e28-86a3-56891af8f368","http.req.method":"GET","http.req.path":"/product/9SIQT8TOJO","http.resp.bytes":7928,"http.resp.status":200,"http.resp.took_ms":20,"message":"request complete","session":"ecb080bf-5333-403f-9547-c8725d499228","severity":"debug","timestamp":"2026-03-25T12:01:11.81187891Z"}
{"http.req.id":"abcc8754-ebdc-4823-a3e0-599da3a9d408","http.req.method":"POST","http.req.path":"/cart","message":"request started","session":"ecb080bf-5333-403f-9547-c8725d499228","severity":"debug","timestamp":"2026-03-25T12:01:11.813008077Z"}
{"http.req.id":"abcc8754-ebdc-4823-a3e0-599da3a9d408","http.req.method":"POST","http.req.path":"/cart","message":"adding to cart","product":"9SIQT8TOJO","quantity":4,"session":"ecb080bf-5333-403f-9547-c8725d499228","severity":"debug","timestamp":"2026-03-25T12:01:11.813297644Z"}
{"http.req.id":"abcc8754-ebdc-4823-a3e0-599da3a9d408","http.req.method":"POST","http.req.path":"/cart","http.resp.bytes":0,"http.resp.status":302,"http.resp.took_ms":3,"message":"request complete","session":"ecb080bf-5333-403f-9547-c8725d499228","severity":"debug","timestamp":"2026-03-25T12:01:11.816749763Z"}
{"http.req.id":"2fa1905c-a82d-45f3-807c-d0493ac4e6fb","http.req.method":"GET","http.req.path":"/cart","message":"request started","session":"ecb080bf-5333-403f-9547-c8725d499228","severity":"debug","timestamp":"2026-03-25T12:01:11.81786982Z"}
{"http.req.id":"2fa1905c-a82d-45f3-807c-d0493ac4e6fb","http.req.method":"GET","http.req.path":"/cart","message":"view user cart","session":"ecb080bf-5333-403f-9547-c8725d499228","severity":"debug","timestamp":"2026-03-25T12:01:11.817932034Z"}
{"http.req.id":"2fa1905c-a82d-45f3-807c-d0493ac4e6fb","http.req.method":"GET","http.req.path":"/cart","http.resp.bytes":16425,"http.resp.status":200,"http.resp.took_ms":16,"message":"request complete","session":"ecb080bf-5333-403f-9547-c8725d499228","severity":"debug","timestamp":"2026-03-25T12:01:11.834634165Z"}
{"http.req.id":"bce476cb-3867-4293-b323-b06318b6dd7f","http.req.method":"POST","http.req.path":"/cart/checkout","message":"request started","session":"ecb080bf-5333-403f-9547-c8725d499228","severity":"debug","timestamp":"2026-03-25T12:01:11.884377727Z"}
{"http.req.id":"bce476cb-3867-4293-b323-b06318b6dd7f","http.req.method":"POST","http.req.path":"/cart/checkout","message":"placing order","session":"ecb080bf-5333-403f-9547-c8725d499228","severity":"debug","timestamp":"2026-03-25T12:01:11.884512459Z"}
{"http.req.id":"bce476cb-3867-4293-b323-b06318b6dd7f","http.req.method":"POST","http.req.path":"/cart/checkout","message":"order placed","order":"511abca3-2842-11f1-a4a0-927ce8a683d8","session":"ecb080bf-5333-403f-9547-c8725d499228","severity":"info","timestamp":"2026-03-25T12:01:11.906493862Z"}
{"http.req.id":"bce476cb-3867-4293-b323-b06318b6dd7f","http.req.method":"POST","http.req.path":"/cart/checkout","http.resp.bytes":6729,"http.resp.status":200,"http.resp.took_ms":32,"message":"request complete","session":"ecb080bf-5333-403f-9547-c8725d499228","severity":"debug","timestamp":"2026-03-25T12:01:11.916593053Z"}
{"http.req.id":"e8d53ea5-9881-4eb7-a5af-4c7c8c84845d","http.req.method":"GET","http.req.path":"/product/6E92ZMYYFZ","message":"request started","session":"513dd945-739c-4fe3-8e54-6e6927fbb733","severity":"debug","timestamp":"2026-03-25T12:01:12.24957729Z"}
{"currency":"GBP","http.req.id":"e8d53ea5-9881-4eb7-a5af-4c7c8c84845d","http.req.method":"GET","http.req.path":"/product/6E92ZMYYFZ","id":"6E92ZMYYFZ","message":"serving product page","session":"513dd945-739c-4fe3-8e54-6e6927fbb733","severity":"debug","timestamp":"2026-03-25T12:01:12.249636574Z"}
{"http.req.id":"e8d53ea5-9881-4eb7-a5af-4c7c8c84845d","http.req.method":"GET","http.req.path":"/product/6E92ZMYYFZ","http.resp.bytes":7857,"http.resp.status":200,"http.resp.took_ms":17,"message":"request complete","session":"513dd945-739c-4fe3-8e54-6e6927fbb733","severity":"debug","timestamp":"2026-03-25T12:01:12.266740631Z"}
{"http.req.id":"1cecf5ff-1189-46d9-a3b2-2240067de9ea","http.req.method":"GET","http.req.path":"/product/9SIQT8TOJO","message":"request started","session":"827eab86-1aba-4a15-8740-5fee5900d10f","severity":"debug","timestamp":"2026-03-25T12:01:12.937826887Z"}
{"currency":"CAD","http.req.id":"1cecf5ff-1189-46d9-a3b2-2240067de9ea","http.req.method":"GET","http.req.path":"/product/9SIQT8TOJO","id":"9SIQT8TOJO","message":"serving product page","session":"827eab86-1aba-4a15-8740-5fee5900d10f","severity":"debug","timestamp":"2026-03-25T12:01:12.937984912Z"}
{"http.req.id":"1cecf5ff-1189-46d9-a3b2-2240067de9ea","http.req.method":"GET","http.req.path":"/product/9SIQT8TOJO","http.resp.bytes":8027,"http.resp.status":200,"http.resp.took_ms":25,"message":"request complete","session":"827eab86-1aba-4a15-8740-5fee5900d10f","severity":"debug","timestamp":"2026-03-25T12:01:12.963310244Z"}
{"http.req.id":"0c071803-bf4f-41ab-b7c2-e0282577ae9c","http.req.method":"GET","http.req.path":"/product/OLJCESPC7Z","message":"request started","session":"514e00c6-206e-4c6e-873f-852b796455de","severity":"debug","timestamp":"2026-03-25T12:01:13.43028239Z"}
{"currency":"TRY","http.req.id":"0c071803-bf4f-41ab-b7c2-e0282577ae9c","http.req.method":"GET","http.req.path":"/product/OLJCESPC7Z","id":"OLJCESPC7Z","message":"serving product page","session":"514e00c6-206e-4c6e-873f-852b796455de","severity":"debug","timestamp":"2026-03-25T12:01:13.430441783Z"}
{"http.req.id":"0c071803-bf4f-41ab-b7c2-e0282577ae9c","http.req.method":"GET","http.req.path":"/product/OLJCESPC7Z","http.resp.bytes":7926,"http.resp.status":200,"http.resp.took_ms":15,"message":"request complete","session":"514e00c6-206e-4c6e-873f-852b796455de","severity":"debug","timestamp":"2026-03-25T12:01:13.445869233Z"}
{"http.req.id":"d1c872b5-20ba-401f-bfb9-5b142fe08229","http.req.method":"GET","http.req.path":"/_healthz","message":"request started","session":"x-readiness-probe","severity":"debug","timestamp":"2026-03-25T12:01:14.042226345Z"}
{"http.req.id":"d1c872b5-20ba-401f-bfb9-5b142fe08229","http.req.method":"GET","http.req.path":"/_healthz","http.resp.bytes":2,"http.resp.status":200,"http.resp.took_ms":0,"message":"request complete","session":"x-readiness-probe","severity":"debug","timestamp":"2026-03-25T12:01:14.042344137Z"}
{"http.req.id":"6788f4b4-c856-42f4-81a6-d5ebe72dfb25","http.req.method":"GET","http.req.path":"/product/9SIQT8TOJO","message":"request started","session":"32217267-98ca-4d66-9fc8-3f088b8def0f","severity":"debug","timestamp":"2026-03-25T12:01:14.081854785Z"}
{"currency":"GBP","http.req.id":"6788f4b4-c856-42f4-81a6-d5ebe72dfb25","http.req.method":"GET","http.req.path":"/product/9SIQT8TOJO","id":"9SIQT8TOJO","message":"serving product page","session":"32217267-98ca-4d66-9fc8-3f088b8def0f","severity":"debug","timestamp":"2026-03-25T12:01:14.081959927Z"}
{"http.req.id":"6788f4b4-c856-42f4-81a6-d5ebe72dfb25","http.req.method":"GET","http.req.path":"/product/9SIQT8TOJO","http.resp.bytes":7940,"http.resp.status":200,"http.resp.took_ms":20,"message":"request complete","session":"32217267-98ca-4d66-9fc8-3f088b8def0f","severity":"debug","timestamp":"2026-03-25T12:01:14.102534068Z"}
{"http.req.id":"97ea04e7-431b-489c-b229-25e65830aad6","http.req.method":"GET","http.req.path":"/product/2ZYFJ3GM2N","message":"request started","session":"2d3bf3d7-22b5-49c9-8227-12126292f393","severity":"debug","timestamp":"2026-03-25T12:01:15.153915034Z"}
{"currency":"GBP","http.req.id":"97ea04e7-431b-489c-b229-25e65830aad6","http.req.method":"GET","http.req.path":"/product/2ZYFJ3GM2N","id":"2ZYFJ3GM2N","message":"serving product page","session":"2d3bf3d7-22b5-49c9-8227-12126292f393","severity":"debug","timestamp":"2026-03-25T12:01:15.153992315Z"}
{"http.req.id":"97ea04e7-431b-489c-b229-25e65830aad6","http.req.method":"GET","http.req.path":"/product/2ZYFJ3GM2N","http.resp.bytes":7978,"http.resp.status":200,"http.resp.took_ms":34,"message":"request complete","session":"2d3bf3d7-22b5-49c9-8227-12126292f393","severity":"debug","timestamp":"2026-03-25T12:01:15.187934258Z"}
{"http.req.id":"182771ac-b606-4ce6-805d-ed4fa1727d5c","http.req.method":"POST","http.req.path":"/setCurrency","message":"request started","session":"694745d8-a179-4c65-83d6-9ed873a7b94b","severity":"debug","timestamp":"2026-03-25T12:01:15.409495618Z"}
{"curr.new":"TRY","curr.old":"EUR","http.req.id":"182771ac-b606-4ce6-805d-ed4fa1727d5c","http.req.method":"POST","http.req.path":"/setCurrency","message":"setting currency","session":"694745d8-a179-4c65-83d6-9ed873a7b94b","severity":"debug","timestamp":"2026-03-25T12:01:15.409647725Z"}
{"http.req.id":"182771ac-b606-4ce6-805d-ed4fa1727d5c","http.req.method":"POST","http.req.path":"/setCurrency","http.resp.bytes":0,"http.resp.status":302,"http.resp.took_ms":0,"message":"request complete","session":"694745d8-a179-4c65-83d6-9ed873a7b94b","severity":"debug","timestamp":"2026-03-25T12:01:15.40967593Z"}
{"http.req.id":"649e2b00-4461-49e5-8289-a48504bd6bab","http.req.method":"GET","http.req.path":"/","message":"request started","session":"694745d8-a179-4c65-83d6-9ed873a7b94b","severity":"debug","timestamp":"2026-03-25T12:01:15.41110316Z"}
{"currency":"TRY","http.req.id":"649e2b00-4461-49e5-8289-a48504bd6bab","http.req.method":"GET","http.req.path":"/","message":"home","session":"694745d8-a179-4c65-83d6-9ed873a7b94b","severity":"info","timestamp":"2026-03-25T12:01:15.411174874Z"}
env platform is either empty or invalid
{"http.req.id":"649e2b00-4461-49e5-8289-a48504bd6bab","http.req.method":"GET","http.req.path":"/","message":"ENV_PLATFORM is: local","session":"694745d8-a179-4c65-83d6-9ed873a7b94b","severity":"debug","timestamp":"2026-03-25T12:01:15.446498484Z"}
{"http.req.id":"649e2b00-4461-49e5-8289-a48504bd6bab","http.req.method":"GET","http.req.path":"/","http.resp.bytes":10500,"http.resp.status":200,"http.resp.took_ms":38,"message":"request complete","session":"694745d8-a179-4c65-83d6-9ed873a7b94b","severity":"debug","timestamp":"2026-03-25T12:01:15.449503628Z"}
{"http.req.id":"5d16d192-282c-41c4-b7c6-622d6e29e5bd","http.req.method":"GET","http.req.path":"/product/6E92ZMYYFZ","message":"request started","session":"fcb2831f-0627-4791-ac1d-23821dc5b140","severity":"debug","timestamp":"2026-03-25T12:01:16.515175178Z"}
{"currency":"EUR","http.req.id":"5d16d192-282c-41c4-b7c6-622d6e29e5bd","http.req.method":"GET","http.req.path":"/product/6E92ZMYYFZ","id":"6E92ZMYYFZ","message":"serving product page","session":"fcb2831f-0627-4791-ac1d-23821dc5b140","severity":"debug","timestamp":"2026-03-25T12:01:16.515257611Z"}
{"http.req.id":"5d16d192-282c-41c4-b7c6-622d6e29e5bd","http.req.method":"GET","http.req.path":"/product/6E92ZMYYFZ","http.resp.bytes":7885,"http.resp.status":200,"http.resp.took_ms":13,"message":"request complete","session":"fcb2831f-0627-4791-ac1d-23821dc5b140","severity":"debug","timestamp":"2026-03-25T12:01:16.528808867Z"}
{"http.req.id":"b4ceed80-0561-4974-92f4-7483aca18064","http.req.method":"POST","http.req.path":"/cart","message":"request started","session":"fcb2831f-0627-4791-ac1d-23821dc5b140","severity":"debug","timestamp":"2026-03-25T12:01:16.529993422Z"}
{"http.req.id":"b4ceed80-0561-4974-92f4-7483aca18064","http.req.method":"POST","http.req.path":"/cart","message":"adding to cart","product":"6E92ZMYYFZ","quantity":5,"session":"fcb2831f-0627-4791-ac1d-23821dc5b140","severity":"debug","timestamp":"2026-03-25T12:01:16.530218439Z"}
{"http.req.id":"b4ceed80-0561-4974-92f4-7483aca18064","http.req.method":"POST","http.req.path":"/cart","http.resp.bytes":0,"http.resp.status":302,"http.resp.took_ms":3,"message":"request complete","session":"fcb2831f-0627-4791-ac1d-23821dc5b140","severity":"debug","timestamp":"2026-03-25T12:01:16.533506778Z"}
{"http.req.id":"4b1336fe-69ac-40e0-b2a0-93bb425ca1d9","http.req.method":"GET","http.req.path":"/cart","message":"request started","session":"fcb2831f-0627-4791-ac1d-23821dc5b140","severity":"debug","timestamp":"2026-03-25T12:01:16.534473581Z"}
{"http.req.id":"4b1336fe-69ac-40e0-b2a0-93bb425ca1d9","http.req.method":"GET","http.req.path":"/cart","message":"view user cart","session":"fcb2831f-0627-4791-ac1d-23821dc5b140","severity":"debug","timestamp":"2026-03-25T12:01:16.534537484Z"}
{"http.req.id":"4b1336fe-69ac-40e0-b2a0-93bb425ca1d9","http.req.method":"GET","http.req.path":"/cart","http.resp.bytes":16385,"http.resp.status":200,"http.resp.took_ms":14,"message":"request complete","session":"fcb2831f-0627-4791-ac1d-23821dc5b140","severity":"debug","timestamp":"2026-03-25T12:01:16.548868537Z"}
{"http.req.id":"48e9ae42-3e68-4a64-b28f-40c1ebe68423","http.req.method":"GET","http.req.path":"/product/LS4PSXUNUM","message":"request started","session":"df4ce93a-5d92-40a8-93c2-540bf11bbb4d","severity":"debug","timestamp":"2026-03-25T12:01:16.893131473Z"}
{"currency":"CAD","http.req.id":"48e9ae42-3e68-4a64-b28f-40c1ebe68423","http.req.method":"GET","http.req.path":"/product/LS4PSXUNUM","id":"LS4PSXUNUM","message":"serving product page","session":"df4ce93a-5d92-40a8-93c2-540bf11bbb4d","severity":"debug","timestamp":"2026-03-25T12:01:16.893206375Z"}
{"http.req.id":"48e9ae42-3e68-4a64-b28f-40c1ebe68423","http.req.method":"GET","http.req.path":"/product/LS4PSXUNUM","http.resp.bytes":7975,"http.resp.status":200,"http.resp.took_ms":13,"message":"request complete","session":"df4ce93a-5d92-40a8-93c2-540bf11bbb4d","severity":"debug","timestamp":"2026-03-25T12:01:16.906222335Z"}
{"http.req.id":"91aec15b-ea6f-4335-8202-245c0a9ff70c","http.req.method":"GET","http.req.path":"/cart","message":"request started","session":"694745d8-a179-4c65-83d6-9ed873a7b94b","severity":"debug","timestamp":"2026-03-25T12:01:17.528366314Z"}
{"http.req.id":"91aec15b-ea6f-4335-8202-245c0a9ff70c","http.req.method":"GET","http.req.path":"/cart","message":"view user cart","session":"694745d8-a179-4c65-83d6-9ed873a7b94b","severity":"debug","timestamp":"2026-03-25T12:01:17.528435922Z"}
{"http.req.id":"91aec15b-ea6f-4335-8202-245c0a9ff70c","http.req.method":"GET","http.req.path":"/cart","http.resp.bytes":16420,"http.resp.status":200,"http.resp.took_ms":14,"message":"request complete","session":"694745d8-a179-4c65-83d6-9ed873a7b94b","severity":"debug","timestamp":"2026-03-25T12:01:17.542425232Z"}
{"http.req.id":"667ae289-9612-4d29-9dd0-94597a8a0a02","http.req.method":"GET","http.req.path":"/product/1YMWWN1N4O","message":"request started","session":"513dd945-739c-4fe3-8e54-6e6927fbb733","severity":"debug","timestamp":"2026-03-25T12:01:17.71972829Z"}
{"currency":"GBP","http.req.id":"667ae289-9612-4d29-9dd0-94597a8a0a02","http.req.method":"GET","http.req.path":"/product/1YMWWN1N4O","id":"1YMWWN1N4O","message":"serving product page","session":"513dd945-739c-4fe3-8e54-6e6927fbb733","severity":"debug","timestamp":"2026-03-25T12:01:17.719793491Z"}
{"http.req.id":"667ae289-9612-4d29-9dd0-94597a8a0a02","http.req.method":"GET","http.req.path":"/product/1YMWWN1N4O","http.resp.bytes":7917,"http.resp.status":200,"http.resp.took_ms":31,"message":"request complete","session":"513dd945-739c-4fe3-8e54-6e6927fbb733","severity":"debug","timestamp":"2026-03-25T12:01:17.751537114Z"}
{"http.req.id":"7a0fc025-f3a8-4d3f-a130-2f35d7be1f80","http.req.method":"GET","http.req.path":"/cart","message":"request started","session":"32217267-98ca-4d66-9fc8-3f088b8def0f","severity":"debug","timestamp":"2026-03-25T12:01:17.774368799Z"}
{"http.req.id":"7a0fc025-f3a8-4d3f-a130-2f35d7be1f80","http.req.method":"GET","http.req.path":"/cart","message":"view user cart","session":"32217267-98ca-4d66-9fc8-3f088b8def0f","severity":"debug","timestamp":"2026-03-25T12:01:17.77447766Z"}
{"http.req.id":"7a0fc025-f3a8-4d3f-a130-2f35d7be1f80","http.req.method":"GET","http.req.path":"/cart","http.resp.bytes":6802,"http.resp.status":200,"http.resp.took_ms":109,"message":"request complete","session":"32217267-98ca-4d66-9fc8-3f088b8def0f","severity":"debug","timestamp":"2026-03-25T12:01:17.883808918Z"}
