{"http.req.id":"b7b0e12f-56ad-4cc8-8f7a-fbeca2b99406","http.req.method":"POST","http.req.path":"/cart","http.resp.bytes":0,"http.resp.status":302,"http.resp.took_ms":51,"message":"request complete","session":"a38c2610-1665-4c93-8051-4c451f5de325","severity":"debug","timestamp":"2026-03-25T11:59:00.975810283Z"}
{"http.req.id":"d3779488-205b-42ca-97fc-b6dd3c5003d8","http.req.method":"GET","http.req.path":"/cart","message":"request started","session":"a38c2610-1665-4c93-8051-4c451f5de325","severity":"debug","timestamp":"2026-03-25T11:59:00.977310901Z"}
{"http.req.id":"d3779488-205b-42ca-97fc-b6dd3c5003d8","http.req.method":"GET","http.req.path":"/cart","message":"view user cart","session":"a38c2610-1665-4c93-8051-4c451f5de325","severity":"debug","timestamp":"2026-03-25T11:59:00.977405723Z"}
{"http.req.id":"d3779488-205b-42ca-97fc-b6dd3c5003d8","http.req.method":"GET","http.req.path":"/cart","http.resp.bytes":16433,"http.resp.status":200,"http.resp.took_ms":102,"message":"request complete","session":"a38c2610-1665-4c93-8051-4c451f5de325","severity":"debug","timestamp":"2026-03-25T11:59:01.079579242Z"}
{"http.req.id":"4bfd4b47-74bb-469d-9228-a1cf21d50ed5","http.req.method":"POST","http.req.path":"/cart/checkout","message":"request started","session":"a38c2610-1665-4c93-8051-4c451f5de325","severity":"debug","timestamp":"2026-03-25T11:59:01.09444563Z"}
{"http.req.id":"4bfd4b47-74bb-469d-9228-a1cf21d50ed5","http.req.method":"POST","http.req.path":"/cart/checkout","message":"placing order","session":"a38c2610-1665-4c93-8051-4c451f5de325","severity":"debug","timestamp":"2026-03-25T11:59:01.094573487Z"}
{"http.req.id":"4bfd4b47-74bb-469d-9228-a1cf21d50ed5","http.req.method":"POST","http.req.path":"/cart/checkout","message":"order placed","order":"0325c017-2842-11f1-a4a0-927ce8a683d8","session":"a38c2610-1665-4c93-8051-4c451f5de325","severity":"info","timestamp":"2026-03-25T11:59:01.191640007Z"}
{"http.req.id":"4bfd4b47-74bb-469d-9228-a1cf21d50ed5","http.req.method":"POST","http.req.path":"/cart/checkout","http.resp.bytes":6811,"http.resp.status":200,"http.resp.took_ms":131,"message":"request complete","session":"a38c2610-1665-4c93-8051-4c451f5de325","severity":"debug","timestamp":"2026-03-25T11:59:01.225895677Z"}
{"http.req.id":"af6de7d2-696e-42a6-b59c-32679f9763ed","http.req.method":"POST","http.req.path":"/setCurrency","message":"request started","session":"513dd945-739c-4fe3-8e54-6e6927fbb733","severity":"debug","timestamp":"2026-03-25T11:59:01.402889063Z"}
{"curr.new":"CAD","curr.old":"JPY","http.req.id":"af6de7d2-696e-42a6-b59c-32679f9763ed","http.req.method":"POST","http.req.path":"/setCurrency","message":"setting currency","session":"513dd945-739c-4fe3-8e54-6e6927fbb733","severity":"debug","timestamp":"2026-03-25T11:59:01.403367782Z"}
{"http.req.id":"af6de7d2-696e-42a6-b59c-32679f9763ed","http.req.method":"POST","http.req.path":"/setCurrency","http.resp.bytes":0,"http.resp.status":302,"http.resp.took_ms":0,"message":"request complete","session":"513dd945-739c-4fe3-8e54-6e6927fbb733","severity":"debug","timestamp":"2026-03-25T11:59:01.403668366Z"}
{"http.req.id":"0169cc4e-720f-4859-bc1c-3619600f6b59","http.req.method":"GET","http.req.path":"/","message":"request started","session":"513dd945-739c-4fe3-8e54-6e6927fbb733","severity":"debug","timestamp":"2026-03-25T11:59:01.405137089Z"}
{"currency":"CAD","http.req.id":"0169cc4e-720f-4859-bc1c-3619600f6b59","http.req.method":"GET","http.req.path":"/","message":"home","session":"513dd945-739c-4fe3-8e54-6e6927fbb733","severity":"info","timestamp":"2026-03-25T11:59:01.405319065Z"}
env platform is either empty or invalid
{"http.req.id":"0169cc4e-720f-4859-bc1c-3619600f6b59","http.req.method":"GET","http.req.path":"/","message":"ENV_PLATFORM is: local","session":"513dd945-739c-4fe3-8e54-6e6927fbb733","severity":"debug","timestamp":"2026-03-25T11:59:01.455041142Z"}
{"http.req.id":"0169cc4e-720f-4859-bc1c-3619600f6b59","http.req.method":"GET","http.req.path":"/","http.resp.bytes":10501,"http.resp.status":200,"http.resp.took_ms":52,"message":"request complete","session":"513dd945-739c-4fe3-8e54-6e6927fbb733","severity":"debug","timestamp":"2026-03-25T11:59:01.458034415Z"}
{"http.req.id":"a102afc0-86cd-429e-b87b-944ef2ea3988","http.req.method":"GET","http.req.path":"/cart","message":"request started","session":"ecb080bf-5333-403f-9547-c8725d499228","severity":"debug","timestamp":"2026-03-25T11:59:01.551240856Z"}
{"http.req.id":"a102afc0-86cd-429e-b87b-944ef2ea3988","http.req.method":"GET","http.req.path":"/cart","message":"view user cart","session":"ecb080bf-5333-403f-9547-c8725d499228","severity":"debug","timestamp":"2026-03-25T11:59:01.551351091Z"}
{"http.req.id":"a102afc0-86cd-429e-b87b-944ef2ea3988","http.req.method":"GET","http.req.path":"/cart","http.resp.bytes":6868,"http.resp.status":200,"http.resp.took_ms":16,"message":"request complete","session":"ecb080bf-5333-403f-9547-c8725d499228","severity":"debug","timestamp":"2026-03-25T11:59:01.567690309Z"}
{"http.req.id":"ece1b4e7-6170-40e9-8e1f-776fa8985b95","http.req.method":"GET","http.req.path":"/cart","message":"request started","session":"694745d8-a179-4c65-83d6-9ed873a7b94b","severity":"debug","timestamp":"2026-03-25T11:59:01.719262256Z"}
{"http.req.id":"ece1b4e7-6170-40e9-8e1f-776fa8985b95","http.req.method":"GET","http.req.path":"/cart","message":"view user cart","session":"694745d8-a179-4c65-83d6-9ed873a7b94b","severity":"debug","timestamp":"2026-03-25T11:59:01.719376849Z"}
{"http.req.id":"ece1b4e7-6170-40e9-8e1f-776fa8985b95","http.req.method":"GET","http.req.path":"/cart","http.resp.bytes":6877,"http.resp.status":200,"http.resp.took_ms":16,"message":"request complete","session":"694745d8-a179-4c65-83d6-9ed873a7b94b","severity":"debug","timestamp":"2026-03-25T11:59:01.736024319Z"}
{"http.req.id":"0422e38c-054f-44ad-9f60-fb9136dea4fd","http.req.method":"GET","http.req.path":"/product/0PUK6V6EV0","message":"request started","session":"fcb2831f-0627-4791-ac1d-23821dc5b140","severity":"debug","timestamp":"2026-03-25T11:59:02.928081963Z"}
{"currency":"JPY","http.req.id":"0422e38c-054f-44ad-9f60-fb9136dea4fd","http.req.method":"GET","http.req.path":"/product/0PUK6V6EV0","id":"0PUK6V6EV0","message":"serving product page","session":"fcb2831f-0627-4791-ac1d-23821dc5b140","severity":"debug","timestamp":"2026-03-25T11:59:02.928195846Z"}
{"http.req.id":"0422e38c-054f-44ad-9f60-fb9136dea4fd","http.req.method":"GET","http.req.path":"/product/0PUK6V6EV0","http.resp.bytes":7938,"http.resp.status":200,"http.resp.took_ms":17,"message":"request complete","session":"fcb2831f-0627-4791-ac1d-23821dc5b140","severity":"debug","timestamp":"2026-03-25T11:59:02.945350061Z"}
{"http.req.id":"c37cabfa-742c-44c0-b6ae-09e529b877a3","http.req.method":"GET","http.req.path":"/cart","message":"request started","session":"514e00c6-206e-4c6e-873f-852b796455de","severity":"debug","timestamp":"2026-03-25T11:59:03.842291078Z"}
{"http.req.id":"c37cabfa-742c-44c0-b6ae-09e529b877a3","http.req.method":"GET","http.req.path":"/cart","message":"view user cart","session":"514e00c6-206e-4c6e-873f-852b796455de","severity":"debug","timestamp":"2026-03-25T11:59:03.842371856Z"}
{"http.req.id":"c37cabfa-742c-44c0-b6ae-09e529b877a3","http.req.method":"GET","http.req.path":"/cart","http.resp.bytes":6875,"http.resp.status":200,"http.resp.took_ms":13,"message":"request complete","session":"514e00c6-206e-4c6e-873f-852b796455de","severity":"debug","timestamp":"2026-03-25T11:59:03.85616039Z"}
{"http.req.id":"70e4ff6e-91c6-4edc-8ff4-c2a9884dd01c","http.req.method":"GET","http.req.path":"/product/1YMWWN1N4O","message":"request started","session":"32217267-98ca-4d66-9fc8-3f088b8def0f","severity":"debug","timestamp":"2026-03-25T11:59:03.871591163Z"}
{"currency":"GBP","http.req.id":"70e4ff6e-91c6-4edc-8ff4-c2a9884dd01c","http.req.method":"GET","http.req.path":"/product/1YMWWN1N4O","id":"1YMWWN1N4O","message":"serving product page","session":"32217267-98ca-4d66-9fc8-3f088b8def0f","severity":"debug","timestamp":"2026-03-25T11:59:03.871671779Z"}
{"http.req.id":"70e4ff6e-91c6-4edc-8ff4-c2a9884dd01c","http.req.method":"GET","http.req.path":"/product/1YMWWN1N4O","http.resp.bytes":7983,"http.resp.status":200,"http.resp.took_ms":14,"message":"request complete","session":"32217267-98ca-4d66-9fc8-3f088b8def0f","severity":"debug","timestamp":"2026-03-25T11:59:03.886244411Z"}
{"http.req.id":"8d937f26-a582-483b-9bb2-4f890dfcbaa7","http.req.method":"GET","http.req.path":"/product/L9ECAV7KIM","message":"request started","session":"827eab86-1aba-4a15-8740-5fee5900d10f","severity":"debug","timestamp":"2026-03-25T11:59:03.939962851Z"}
{"currency":"TRY","http.req.id":"8d937f26-a582-483b-9bb2-4f890dfcbaa7","http.req.method":"GET","http.req.path":"/product/L9ECAV7KIM","id":"L9ECAV7KIM","message":"serving product page","session":"827eab86-1aba-4a15-8740-5fee5900d10f","severity":"debug","timestamp":"2026-03-25T11:59:03.94006091Z"}
{"http.req.id":"8d937f26-a582-483b-9bb2-4f890dfcbaa7","http.req.method":"GET","http.req.path":"/product/L9ECAV7KIM","http.resp.bytes":8076,"http.resp.status":200,"http.resp.took_ms":16,"message":"request complete","session":"827eab86-1aba-4a15-8740-5fee5900d10f","severity":"debug","timestamp":"2026-03-25T11:59:03.956627846Z"}
{"http.req.id":"833f19c6-aa37-4217-bdcc-87b0cd62be44","http.req.method":"GET","http.req.path":"/product/6E92ZMYYFZ","message":"request started","session":"694745d8-a179-4c65-83d6-9ed873a7b94b","severity":"debug","timestamp":"2026-03-25T11:59:04.506262472Z"}
{"currency":"EUR","http.req.id":"833f19c6-aa37-4217-bdcc-87b0cd62be44","http.req.method":"GET","http.req.path":"/product/6E92ZMYYFZ","id":"6E92ZMYYFZ","message":"serving product page","session":"694745d8-a179-4c65-83d6-9ed873a7b94b","severity":"debug","timestamp":"2026-03-25T11:59:04.506354484Z"}
{"http.req.id":"833f19c6-aa37-4217-bdcc-87b0cd62be44","http.req.method":"GET","http.req.path":"/product/6E92ZMYYFZ","http.resp.bytes":7933,"http.resp.status":200,"http.resp.took_ms":16,"message":"request complete","session":"694745d8-a179-4c65-83d6-9ed873a7b94b","severity":"debug","timestamp":"2026-03-25T11:59:04.522449074Z"}
{"http.req.id":"70fc36d2-3161-4baf-bf5b-d3a9dff576f8","http.req.method":"POST","http.req.path":"/setCurrency","message":"request started","session":"2d3bf3d7-22b5-49c9-8227-12126292f393","severity":"debug","timestamp":"2026-03-25T11:59:04.595005793Z"}
{"curr.new":"GBP","curr.old":"GBP","http.req.id":"70fc36d2-3161-4baf-bf5b-d3a9dff576f8","http.req.method":"POST","http.req.path":"/setCurrency","message":"setting currency","session":"2d3bf3d7-22b5-49c9-8227-12126292f393","severity":"debug","timestamp":"2026-03-25T11:59:04.595164504Z"}
{"http.req.id":"70fc36d2-3161-4baf-bf5b-d3a9dff576f8","http.req.method":"POST","http.req.path":"/setCurrency","http.resp.bytes":0,"http.resp.status":302,"http.resp.took_ms":0,"message":"request complete","session":"2d3bf3d7-22b5-49c9-8227-12126292f393","severity":"debug","timestamp":"2026-03-25T11:59:04.59520761Z"}
{"http.req.id":"a5f1bb33-d614-441e-92b5-b765a0091da3","http.req.method":"GET","http.req.path":"/","message":"request started","session":"2d3bf3d7-22b5-49c9-8227-12126292f393","severity":"debug","timestamp":"2026-03-25T11:59:04.596313175Z"}
{"currency":"GBP","http.req.id":"a5f1bb33-d614-441e-92b5-b765a0091da3","http.req.method":"GET","http.req.path":"/","message":"home","session":"2d3bf3d7-22b5-49c9-8227-12126292f393","severity":"info","timestamp":"2026-03-25T11:59:04.596381599Z"}
env platform is either empty or invalid
{"http.req.id":"a5f1bb33-d614-441e-92b5-b765a0091da3","http.req.method":"GET","http.req.path":"/","message":"ENV_PLATFORM is: local","session":"2d3bf3d7-22b5-49c9-8227-12126292f393","severity":"debug","timestamp":"2026-03-25T11:59:04.64061173Z"}
{"http.req.id":"a5f1bb33-d614-441e-92b5-b765a0091da3","http.req.method":"GET","http.req.path":"/","http.resp.bytes":10597,"http.resp.status":200,"http.resp.took_ms":47,"message":"request complete","session":"2d3bf3d7-22b5-49c9-8227-12126292f393","severity":"debug","timestamp":"2026-03-25T11:59:04.643913246Z"}
{"http.req.id":"dafe2cea-ae2f-4b09-ac45-54a0ef04e0c4","http.req.method":"GET","http.req.path":"/product/6E92ZMYYFZ","message":"request started","session":"df4ce93a-5d92-40a8-93c2-540bf11bbb4d","severity":"debug","timestamp":"2026-03-25T11:59:05.130403512Z"}
{"currency":"USD","http.req.id":"dafe2cea-ae2f-4b09-ac45-54a0ef04e0c4","http.req.method":"GET","http.req.path":"/product/6E92ZMYYFZ","id":"6E92ZMYYFZ","message":"serving product page","session":"df4ce93a-5d92-40a8-93c2-540bf11bbb4d","severity":"debug","timestamp":"2026-03-25T11:59:05.130505572Z"}
{"http.req.id":"dafe2cea-ae2f-4b09-ac45-54a0ef04e0c4","http.req.method":"GET","http.req.path":"/product/6E92ZMYYFZ","http.resp.bytes":8040,"http.resp.status":200,"http.resp.took_ms":17,"message":"request complete","session":"df4ce93a-5d92-40a8-93c2-540bf11bbb4d","severity":"debug","timestamp":"2026-03-25T11:59:05.148130596Z"}
{"http.req.id":"898096a3-3d58-4f87-99b9-c1867a64b8e3","http.req.method":"GET","http.req.path":"/cart","message":"request started","session":"ecb080bf-5333-403f-9547-c8725d499228","severity":"debug","timestamp":"2026-03-25T11:59:06.262078893Z"}
{"http.req.id":"898096a3-3d58-4f87-99b9-c1867a64b8e3","http.req.method":"GET","http.req.path":"/cart","message":"view user cart","session":"ecb080bf-5333-403f-9547-c8725d499228","severity":"debug","timestamp":"2026-03-25T11:59:06.262173679Z"}
{"http.req.id":"898096a3-3d58-4f87-99b9-c1867a64b8e3","http.req.method":"GET","http.req.path":"/cart","http.resp.bytes":6860,"http.resp.status":200,"http.resp.took_ms":16,"message":"request complete","session":"ecb080bf-5333-403f-9547-c8725d499228","severity":"debug","timestamp":"2026-03-25T11:59:06.27886789Z"}
{"http.req.id":"7d570fe1-9c49-4f42-9754-4884d7191176","http.req.method":"GET","http.req.path":"/_healthz","message":"request started","session":"x-liveness-probe","severity":"debug","timestamp":"2026-03-25T11:59:06.287103427Z"}
{"http.req.id":"7d570fe1-9c49-4f42-9754-4884d7191176","http.req.method":"GET","http.req.path":"/_healthz","http.resp.bytes":2,"http.resp.status":200,"http.resp.took_ms":0,"message":"request complete","session":"x-liveness-probe","severity":"debug","timestamp":"2026-03-25T11:59:06.287188228Z"}
{"http.req.id":"903001a4-fdde-4425-8541-dac90d4c47fa","http.req.method":"GET","http.req.path":"/product/L9ECAV7KIM","message":"request started","session":"fcb2831f-0627-4791-ac1d-23821dc5b140","severity":"debug","timestamp":"2026-03-25T11:59:06.540739287Z"}
{"currency":"JPY","http.req.id":"903001a4-fdde-4425-8541-dac90d4c47fa","http.req.method":"GET","http.req.path":"/product/L9ECAV7KIM","id":"L9ECAV7KIM","message":"serving product page","session":"fcb2831f-0627-4791-ac1d-23821dc5b140","severity":"debug","timestamp":"2026-03-25T11:59:06.540840678Z"}
{"http.req.id":"903001a4-fdde-4425-8541-dac90d4c47fa","http.req.method":"GET","http.req.path":"/product/L9ECAV7KIM","http.resp.bytes":7953,"http.resp.status":200,"http.resp.took_ms":17,"message":"request complete","session":"fcb2831f-0627-4791-ac1d-23821dc5b140","severity":"debug","timestamp":"2026-03-25T11:59:06.557733261Z"}
{"http.req.id":"9fa3dbe5-0db0-455a-9963-848458bc487e","http.req.method":"POST","http.req.path":"/cart","message":"request started","session":"fcb2831f-0627-4791-ac1d-23821dc5b140","severity":"debug","timestamp":"2026-03-25T11:59:06.558741358Z"}
{"http.req.id":"9fa3dbe5-0db0-455a-9963-848458bc487e","http.req.method":"POST","http.req.path":"/cart","message":"adding to cart","product":"L9ECAV7KIM","quantity":9,"session":"fcb2831f-0627-4791-ac1d-23821dc5b140","severity":"debug","timestamp":"2026-03-25T11:59:06.558879762Z"}
{"http.req.id":"9fa3dbe5-0db0-455a-9963-848458bc487e","http.req.method":"POST","http.req.path":"/cart","http.resp.bytes":0,"http.resp.status":302,"http.resp.took_ms":3,"message":"request complete","session":"fcb2831f-0627-4791-ac1d-23821dc5b140","severity":"debug","timestamp":"2026-03-25T11:59:06.561851908Z"}
{"http.req.id":"b929fe6b-a429-4631-b1ea-0882e208d719","http.req.method":"GET","http.req.path":"/cart","message":"request started","session":"fcb2831f-0627-4791-ac1d-23821dc5b140","severity":"debug","timestamp":"2026-03-25T11:59:06.563065012Z"}
{"http.req.id":"b929fe6b-a429-4631-b1ea-0882e208d719","http.req.method":"GET","http.req.path":"/cart","message":"view user cart","session":"fcb2831f-0627-4791-ac1d-23821dc5b140","severity":"debug","timestamp":"2026-03-25T11:59:06.563138814Z"}
{"http.req.id":"b929fe6b-a429-4631-b1ea-0882e208d719","http.req.method":"GET","http.req.path":"/cart","http.resp.bytes":16428,"http.resp.status":200,"http.resp.took_ms":19,"message":"request complete","session":"fcb2831f-0627-4791-ac1d-23821dc5b140","severity":"debug","timestamp":"2026-03-25T11:59:06.58264181Z"}
{"http.req.id":"4a7ecc3c-6fa9-4b14-996b-d44f0401dfce","http.req.method":"GET","http.req.path":"/product/L9ECAV7KIM","message":"request started","session":"32217267-98ca-4d66-9fc8-3f088b8def0f","severity":"debug","timestamp":"2026-03-25T11:59:06.782363934Z"}
{"currency":"GBP","http.req.id":"4a7ecc3c-6fa9-4b14-996b-d44f0401dfce","http.req.method":"GET","http.req.path":"/product/L9ECAV7KIM","id":"L9ECAV7KIM","message":"serving product page","session":"32217267-98ca-4d66-9fc8-3f088b8def0f","severity":"debug","timestamp":"2026-03-25T11:59:06.782477791Z"}
{"http.req.id":"4a7ecc3c-6fa9-4b14-996b-d44f0401dfce","http.req.method":"GET","http.req.path":"/product/L9ECAV7KIM","http.resp.bytes":7958,"http.resp.status":200,"http.resp.took_ms":14,"message":"request complete","session":"32217267-98ca-4d66-9fc8-3f088b8def0f","severity":"debug","timestamp":"2026-03-25T11:59:06.797311331Z"}
{"http.req.id":"b768ad7d-d9a1-406f-a4b1-1e95331576c1","http.req.method":"GET","http.req.path":"/product/LS4PSXUNUM","message":"request started","session":"a38c2610-1665-4c93-8051-4c451f5de325","severity":"debug","timestamp":"2026-03-25T11:59:08.268496579Z"}
{"currency":"EUR","http.req.id":"b768ad7d-d9a1-406f-a4b1-1e95331576c1","http.req.method":"GET","http.req.path":"/product/LS4PSXUNUM","id":"LS4PSXUNUM","message":"serving product page","session":"a38c2610-1665-4c93-8051-4c451f5de325","severity":"debug","timestamp":"2026-03-25T11:59:08.268586587Z"}
{"http.req.id":"b768ad7d-d9a1-406f-a4b1-1e95331576c1","http.req.method":"GET","http.req.path":"/product/LS4PSXUNUM","http.resp.bytes":7959,"http.resp.status":200,"http.resp.took_ms":19,"message":"request complete","session":"a38c2610-1665-4c93-8051-4c451f5de325","severity":"debug","timestamp":"2026-03-25T11:59:08.287895466Z"}
{"http.req.id":"fe7ed81c-0f71-4f79-974f-894c7a9baaaa","http.req.method":"GET","http.req.path":"/product/OLJCESPC7Z","message":"request started","session":"fcb2831f-0627-4791-ac1d-23821dc5b140","severity":"debug","timestamp":"2026-03-25T11:59:09.623597208Z"}
{"currency":"JPY","http.req.id":"fe7ed81c-0f71-4f79-974f-894c7a9baaaa","http.req.method":"GET","http.req.path":"/product/OLJCESPC7Z","id":"OLJCESPC7Z","message":"serving product page","session":"fcb2831f-0627-4791-ac1d-23821dc5b140","severity":"debug","timestamp":"2026-03-25T11:59:09.62369658Z"}
{"http.req.id":"fe7ed81c-0f71-4f79-974f-894c7a9baaaa","http.req.method":"GET","http.req.path":"/product/OLJCESPC7Z","http.resp.bytes":8054,"http.resp.status":200,"http.resp.took_ms":18,"message":"request complete","session":"fcb2831f-0627-4791-ac1d-23821dc5b140","severity":"debug","timestamp":"2026-03-25T11:59:09.642059679Z"}
{"http.req.id":"62f30d5c-0123-42e5-ac1e-f21648c18e8c","http.req.method":"GET","http.req.path":"/product/OLJCESPC7Z","message":"request started","session":"2d3bf3d7-22b5-49c9-8227-12126292f393","severity":"debug","timestamp":"2026-03-25T11:59:09.770789995Z"}
{"currency":"GBP","http.req.id":"62f30d5c-0123-42e5-ac1e-f21648c18e8c","http.req.method":"GET","http.req.path":"/product/OLJCESPC7Z","id":"OLJCESPC7Z","message":"serving product page","session":"2d3bf3d7-22b5-49c9-8227-12126292f393","severity":"debug","timestamp":"2026-03-25T11:59:09.770880529Z"}
{"http.req.id":"62f30d5c-0123-42e5-ac1e-f21648c18e8c","http.req.method":"GET","http.req.path":"/product/OLJCESPC7Z","http.resp.bytes":8072,"http.resp.status":200,"http.resp.took_ms":19,"message":"request complete","session":"2d3bf3d7-22b5-49c9-8227-12126292f393","severity":"debug","timestamp":"2026-03-25T11:59:09.790503421Z"}
{"http.req.id":"2a592faa-f420-4652-ab94-c35a286b0002","http.req.method":"GET","http.req.path":"/product/0PUK6V6EV0","message":"request started","session":"694745d8-a179-4c65-83d6-9ed873a7b94b","severity":"debug","timestamp":"2026-03-25T11:59:09.872543255Z"}
{"currency":"EUR","http.req.id":"2a592faa-f420-4652-ab94-c35a286b0002","http.req.method":"GET","http.req.path":"/product/0PUK6V6EV0","id":"0PUK6V6EV0","message":"serving product page","session":"694745d8-a179-4c65-83d6-9ed873a7b94b","severity":"debug","timestamp":"2026-03-25T11:59:09.872699857Z"}
{"http.req.id":"2a592faa-f420-4652-ab94-c35a286b0002","http.req.method":"GET","http.req.path":"/product/0PUK6V6EV0","http.resp.bytes":7984,"http.resp.status":200,"http.resp.took_ms":19,"message":"request complete","session":"694745d8-a179-4c65-83d6-9ed873a7b94b","severity":"debug","timestamp":"2026-03-25T11:59:09.891767651Z"}
{"http.req.id":"a2f47df0-4124-4901-96ec-6473d154d300","http.req.method":"GET","http.req.path":"/_healthz","message":"request started","session":"x-readiness-probe","severity":"debug","timestamp":"2026-03-25T11:59:10.494233564Z"}
{"http.req.id":"a2f47df0-4124-4901-96ec-6473d154d300","http.req.method":"GET","http.req.path":"/_healthz","http.resp.bytes":2,"http.resp.status":200,"http.resp.took_ms":0,"message":"request complete","session":"x-readiness-probe","severity":"debug","timestamp":"2026-03-25T11:59:10.494337544Z"}
{"http.req.id":"72073823-293c-4470-8434-ca468632e341","http.req.method":"GET","http.req.path":"/product/9SIQT8TOJO","message":"request started","session":"513dd945-739c-4fe3-8e54-6e6927fbb733","severity":"debug","timestamp":"2026-03-25T11:59:10.517430979Z"}
{"currency":"CAD","http.req.id":"72073823-293c-4470-8434-ca468632e341","http.req.method":"GET","http.req.path":"/product/9SIQT8TOJO","id":"9SIQT8TOJO","message":"serving product page","session":"513dd945-739c-4fe3-8e54-6e6927fbb733","severity":"debug","timestamp":"2026-03-25T11:59:10.517543101Z"}
{"http.req.id":"72073823-293c-4470-8434-ca468632e341","http.req.method":"GET","http.req.path":"/product/9SIQT8TOJO","http.resp.bytes":7992,"http.resp.status":200,"http.resp.took_ms":15,"message":"request complete","session":"513dd945-739c-4fe3-8e54-6e6927fbb733","severity":"debug","timestamp":"2026-03-25T11:59:10.533399751Z"}
{"http.req.id":"f5fed5fe-1aa0-4b2f-8d58-0c4852870455","http.req.method":"POST","http.req.path":"/cart","message":"request started","session":"513dd945-739c-4fe3-8e54-6e6927fbb733","severity":"debug","timestamp":"2026-03-25T11:59:10.534850323Z"}
{"http.req.id":"f5fed5fe-1aa0-4b2f-8d58-0c4852870455","http.req.method":"POST","http.req.path":"/cart","message":"adding to cart","product":"9SIQT8TOJO","quantity":2,"session":"513dd945-739c-4fe3-8e54-6e6927fbb733","severity":"debug","timestamp":"2026-03-25T11:59:10.534995758Z"}
{"http.req.id":"f5fed5fe-1aa0-4b2f-8d58-0c4852870455","http.req.method":"POST","http.req.path":"/cart","http.resp.bytes":0,"http.resp.status":302,"http.resp.took_ms":3,"message":"request complete","session":"513dd945-739c-4fe3-8e54-6e6927fbb733","severity":"debug","timestamp":"2026-03-25T11:59:10.538182457Z"}
{"http.req.id":"96428822-d079-497e-9c04-9cc274795f5d","http.req.method":"GET","http.req.path":"/cart","message":"request started","session":"513dd945-739c-4fe3-8e54-6e6927fbb733","severity":"debug","timestamp":"2026-03-25T11:59:10.53935639Z"}
{"http.req.id":"96428822-d079-497e-9c04-9cc274795f5d","http.req.method":"GET","http.req.path":"/cart","message":"view user cart","session":"513dd945-739c-4fe3-8e54-6e6927fbb733","severity":"debug","timestamp":"2026-03-25T11:59:10.539424742Z"}
{"http.req.id":"96428822-d079-497e-9c04-9cc274795f5d","http.req.method":"GET","http.req.path":"/cart","http.resp.bytes":16434,"http.resp.status":200,"http.resp.took_ms":37,"message":"request complete","session":"513dd945-739c-4fe3-8e54-6e6927fbb733","severity":"debug","timestamp":"2026-03-25T11:59:10.57640958Z"}
{"http.req.id":"7470212d-86d6-4102-a569-a2e873ac97fd","http.req.method":"POST","http.req.path":"/cart/checkout","message":"request started","session":"513dd945-739c-4fe3-8e54-6e6927fbb733","severity":"debug","timestamp":"2026-03-25T11:59:10.578619292Z"}
{"http.req.id":"7470212d-86d6-4102-a569-a2e873ac97fd","http.req.method":"POST","http.req.path":"/cart/checkout","message":"placing order","session":"513dd945-739c-4fe3-8e54-6e6927fbb733","severity":"debug","timestamp":"2026-03-25T11:59:10.578704402Z"}
{"http.req.id":"7470212d-86d6-4102-a569-a2e873ac97fd","http.req.method":"POST","http.req.path":"/cart/checkout","message":"order placed","order":"08cce244-2842-11f1-a4a0-927ce8a683d8","session":"513dd945-739c-4fe3-8e54-6e6927fbb733","severity":"info","timestamp":"2026-03-25T11:59:10.594579545Z"}
{"http.req.id":"7470212d-86d6-4102-a569-a2e873ac97fd","http.req.method":"POST","http.req.path":"/cart/checkout","http.resp.bytes":6828,"http.resp.status":200,"http.resp.took_ms":30,"message":"request complete","session":"513dd945-739c-4fe3-8e54-6e6927fbb733","severity":"debug","timestamp":"2026-03-25T11:59:10.608907111Z"}
{"http.req.id":"3a12c299-91e9-41a7-bfcb-d764ed7bd55b","http.req.method":"GET","http.req.path":"/","message":"request started","session":"694745d8-a179-4c65-83d6-9ed873a7b94b","severity":"debug","timestamp":"2026-03-25T11:59:10.946878209Z"}
{"currency":"EUR","http.req.id":"3a12c299-91e9-41a7-bfcb-d764ed7bd55b","http.req.method":"GET","http.req.path":"/","message":"home","session":"694745d8-a179-4c65-83d6-9ed873a7b94b","severity":"info","timestamp":"2026-03-25T11:59:10.946923943Z"}
env platform is either empty or invalid
{"http.req.id":"3a12c299-91e9-41a7-bfcb-d764ed7bd55b","http.req.method":"GET","http.req.path":"/","message":"ENV_PLATFORM is: local","session":"694745d8-a179-4c65-83d6-9ed873a7b94b","severity":"debug","timestamp":"2026-03-25T11:59:10.968592382Z"}
{"http.req.id":"3a12c299-91e9-41a7-bfcb-d764ed7bd55b","http.req.method":"GET","http.req.path":"/","http.resp.bytes":10518,"http.resp.status":200,"http.resp.took_ms":24,"message":"request complete","session":"694745d8-a179-4c65-83d6-9ed873a7b94b","severity":"debug","timestamp":"2026-03-25T11:59:10.971851158Z"}
{"http.req.id":"d01d26a1-35df-46c3-a036-d99a1381aa03","http.req.method":"GET","http.req.path":"/product/0PUK6V6EV0","message":"request started","session":"514e00c6-206e-4c6e-873f-852b796455de","severity":"debug","timestamp":"2026-03-25T11:59:12.806351624Z"}
{"currency":"USD","http.req.id":"d01d26a1-35df-46c3-a036-d99a1381aa03","http.req.method":"GET","http.req.path":"/product/0PUK6V6EV0","id":"0PUK6V6EV0","message":"serving product page","session":"514e00c6-206e-4c6e-873f-852b796455de","severity":"debug","timestamp":"2026-03-25T11:59:12.806441677Z"}
{"http.req.id":"d01d26a1-35df-46c3-a036-d99a1381aa03","http.req.method":"GET","http.req.path":"/product/0PUK6V6EV0","http.resp.bytes":7978,"http.resp.status":200,"http.resp.took_ms":20,"message":"request complete","session":"514e00c6-206e-4c6e-873f-852b796455de","severity":"debug","timestamp":"2026-03-25T11:59:12.826559338Z"}
