{"http.req.id":"f7959d13-63a6-41f7-911f-d5e5a7c045fe","http.req.method":"GET","http.req.path":"/","message":"ENV_PLATFORM is: local","session":"fcb2831f-0627-4791-ac1d-23821dc5b140","severity":"debug","timestamp":"2026-03-25T11:57:08.409551934Z"}
{"http.req.id":"f7959d13-63a6-41f7-911f-d5e5a7c045fe","http.req.method":"GET","http.req.path":"/","http.resp.bytes":10413,"http.resp.status":200,"http.resp.took_ms":32,"message":"request complete","session":"fcb2831f-0627-4791-ac1d-23821dc5b140","severity":"debug","timestamp":"2026-03-25T11:57:08.412897995Z"}
{"http.req.id":"ac7f938d-4fae-4d6a-8078-d83e54e99c19","http.req.method":"GET","http.req.path":"/cart","message":"request started","session":"32217267-98ca-4d66-9fc8-3f088b8def0f","severity":"debug","timestamp":"2026-03-25T11:57:08.451366069Z"}
{"http.req.id":"ac7f938d-4fae-4d6a-8078-d83e54e99c19","http.req.method":"GET","http.req.path":"/cart","message":"view user cart","session":"32217267-98ca-4d66-9fc8-3f088b8def0f","severity":"debug","timestamp":"2026-03-25T11:57:08.451461874Z"}
{"http.req.id":"ac7f938d-4fae-4d6a-8078-d83e54e99c19","http.req.method":"GET","http.req.path":"/cart","http.resp.bytes":16361,"http.resp.status":200,"http.resp.took_ms":18,"message":"request complete","session":"32217267-98ca-4d66-9fc8-3f088b8def0f","severity":"debug","timestamp":"2026-03-25T11:57:08.469564337Z"}
{"http.req.id":"e2c5a37d-cc6e-4716-87bd-beddb0629f40","http.req.method":"GET","http.req.path":"/product/6E92ZMYYFZ","message":"request started","session":"df4ce93a-5d92-40a8-93c2-540bf11bbb4d","severity":"debug","timestamp":"2026-03-25T11:57:09.654187486Z"}
{"currency":"USD","http.req.id":"e2c5a37d-cc6e-4716-87bd-beddb0629f40","http.req.method":"GET","http.req.path":"/product/6E92ZMYYFZ","id":"6E92ZMYYFZ","message":"serving product page","session":"df4ce93a-5d92-40a8-93c2-540bf11bbb4d","severity":"debug","timestamp":"2026-03-25T11:57:09.65431698Z"}
{"http.req.id":"e2c5a37d-cc6e-4716-87bd-beddb0629f40","http.req.method":"GET","http.req.path":"/product/6E92ZMYYFZ","http.resp.bytes":7963,"http.resp.status":200,"http.resp.took_ms":13,"message":"request complete","session":"df4ce93a-5d92-40a8-93c2-540bf11bbb4d","severity":"debug","timestamp":"2026-03-25T11:57:09.667884015Z"}
{"http.req.id":"25794e47-97b6-4fff-80d3-7f4a843eed6f","http.req.method":"GET","http.req.path":"/product/L9ECAV7KIM","message":"request started","session":"514e00c6-206e-4c6e-873f-852b796455de","severity":"debug","timestamp":"2026-03-25T11:57:10.022722643Z"}
{"currency":"EUR","http.req.id":"25794e47-97b6-4fff-80d3-7f4a843eed6f","http.req.method":"GET","http.req.path":"/product/L9ECAV7KIM","id":"L9ECAV7KIM","message":"serving product page","session":"514e00c6-206e-4c6e-873f-852b796455de","severity":"debug","timestamp":"2026-03-25T11:57:10.022801121Z"}
{"http.req.id":"25794e47-97b6-4fff-80d3-7f4a843eed6f","http.req.method":"GET","http.req.path":"/product/L9ECAV7KIM","http.resp.bytes":7999,"http.resp.status":200,"http.resp.took_ms":15,"message":"request complete","session":"514e00c6-206e-4c6e-873f-852b796455de","severity":"debug","timestamp":"2026-03-25T11:57:10.038399787Z"}
{"http.req.id":"3cf3884a-ceca-4fb2-84e3-6c74ab15bf86","http.req.method":"GET","http.req.path":"/_healthz","message":"request started","session":"x-liveness-probe","severity":"debug","timestamp":"2026-03-25T11:57:11.211337757Z"}
{"http.req.id":"3cf3884a-ceca-4fb2-84e3-6c74ab15bf86","http.req.method":"GET","http.req.path":"/_healthz","http.resp.bytes":2,"http.resp.status":200,"http.resp.took_ms":0,"message":"request complete","session":"x-liveness-probe","severity":"debug","timestamp":"2026-03-25T11:57:11.211448156Z"}
{"http.req.id":"04831bc0-e8d3-465c-aa00-7f97581a769d","http.req.method":"GET","http.req.path":"/product/6E92ZMYYFZ","message":"request started","session":"df4ce93a-5d92-40a8-93c2-540bf11bbb4d","severity":"debug","timestamp":"2026-03-25T11:57:11.368388713Z"}
{"currency":"USD","http.req.id":"04831bc0-e8d3-465c-aa00-7f97581a769d","http.req.method":"GET","http.req.path":"/product/6E92ZMYYFZ","id":"6E92ZMYYFZ","message":"serving product page","session":"df4ce93a-5d92-40a8-93c2-540bf11bbb4d","severity":"debug","timestamp":"2026-03-25T11:57:11.368488911Z"}
{"http.req.id":"04831bc0-e8d3-465c-aa00-7f97581a769d","http.req.method":"GET","http.req.path":"/product/6E92ZMYYFZ","http.resp.bytes":7963,"http.resp.status":200,"http.resp.took_ms":21,"message":"request complete","session":"df4ce93a-5d92-40a8-93c2-540bf11bbb4d","severity":"debug","timestamp":"2026-03-25T11:57:11.389805393Z"}
{"http.req.id":"575c81ad-6904-40d0-a132-80b51d0dc6dd","http.req.method":"POST","http.req.path":"/setCurrency","message":"request started","session":"ecb080bf-5333-403f-9547-c8725d499228","severity":"debug","timestamp":"2026-03-25T11:57:11.860557288Z"}
{"curr.new":"JPY","curr.old":"EUR","http.req.id":"575c81ad-6904-40d0-a132-80b51d0dc6dd","http.req.method":"POST","http.req.path":"/setCurrency","message":"setting currency","session":"ecb080bf-5333-403f-9547-c8725d499228","severity":"debug","timestamp":"2026-03-25T11:57:11.860754342Z"}
{"http.req.id":"575c81ad-6904-40d0-a132-80b51d0dc6dd","http.req.method":"POST","http.req.path":"/setCurrency","http.resp.bytes":0,"http.resp.status":302,"http.resp.took_ms":0,"message":"request complete","session":"ecb080bf-5333-403f-9547-c8725d499228","severity":"debug","timestamp":"2026-03-25T11:57:11.860831227Z"}
{"http.req.id":"1cc2a25d-e988-4116-8c57-f51545abc44a","http.req.method":"GET","http.req.path":"/","message":"request started","session":"ecb080bf-5333-403f-9547-c8725d499228","severity":"debug","timestamp":"2026-03-25T11:57:11.861876048Z"}
{"currency":"JPY","http.req.id":"1cc2a25d-e988-4116-8c57-f51545abc44a","http.req.method":"GET","http.req.path":"/","message":"home","session":"ecb080bf-5333-403f-9547-c8725d499228","severity":"info","timestamp":"2026-03-25T11:57:11.861945198Z"}
env platform is either empty or invalid
{"http.req.id":"1cc2a25d-e988-4116-8c57-f51545abc44a","http.req.method":"GET","http.req.path":"/","message":"ENV_PLATFORM is: local","session":"ecb080bf-5333-403f-9547-c8725d499228","severity":"debug","timestamp":"2026-03-25T11:57:11.918193174Z"}
{"http.req.id":"1cc2a25d-e988-4116-8c57-f51545abc44a","http.req.method":"GET","http.req.path":"/","http.resp.bytes":10413,"http.resp.status":200,"http.resp.took_ms":60,"message":"request complete","session":"ecb080bf-5333-403f-9547-c8725d499228","severity":"debug","timestamp":"2026-03-25T11:57:11.92227523Z"}
{"http.req.id":"10b3b88b-c12e-4c00-922b-d83d151f0909","http.req.method":"GET","http.req.path":"/product/2ZYFJ3GM2N","message":"request started","session":"a38c2610-1665-4c93-8051-4c451f5de325","severity":"debug","timestamp":"2026-03-25T11:57:12.092650621Z"}
{"currency":"JPY","http.req.id":"10b3b88b-c12e-4c00-922b-d83d151f0909","http.req.method":"GET","http.req.path":"/product/2ZYFJ3GM2N","id":"2ZYFJ3GM2N","message":"serving product page","session":"a38c2610-1665-4c93-8051-4c451f5de325","severity":"debug","timestamp":"2026-03-25T11:57:12.092825967Z"}
{"http.req.id":"3e8a23f5-2bd6-451f-90d3-b09a8da3042b","http.req.method":"GET","http.req.path":"/product/OLJCESPC7Z","message":"request started","session":"827eab86-1aba-4a15-8740-5fee5900d10f","severity":"debug","timestamp":"2026-03-25T11:57:12.117312877Z"}
{"currency":"GBP","http.req.id":"3e8a23f5-2bd6-451f-90d3-b09a8da3042b","http.req.method":"GET","http.req.path":"/product/OLJCESPC7Z","id":"OLJCESPC7Z","message":"serving product page","session":"827eab86-1aba-4a15-8740-5fee5900d10f","severity":"debug","timestamp":"2026-03-25T11:57:12.117528175Z"}
{"http.req.id":"10b3b88b-c12e-4c00-922b-d83d151f0909","http.req.method":"GET","http.req.path":"/product/2ZYFJ3GM2N","http.resp.bytes":7932,"http.resp.status":200,"http.resp.took_ms":107,"message":"request complete","session":"a38c2610-1665-4c93-8051-4c451f5de325","severity":"debug","timestamp":"2026-03-25T11:57:12.200387282Z"}
{"http.req.id":"3e8a23f5-2bd6-451f-90d3-b09a8da3042b","http.req.method":"GET","http.req.path":"/product/OLJCESPC7Z","http.resp.bytes":7907,"http.resp.status":200,"http.resp.took_ms":98,"message":"request complete","session":"827eab86-1aba-4a15-8740-5fee5900d10f","severity":"debug","timestamp":"2026-03-25T11:57:12.215324363Z"}
{"http.req.id":"523138a5-11b1-46a3-bdf9-523fa9a460f4","http.req.method":"GET","http.req.path":"/product/2ZYFJ3GM2N","message":"request started","session":"2d3bf3d7-22b5-49c9-8227-12126292f393","severity":"debug","timestamp":"2026-03-25T11:57:12.274546441Z"}
{"currency":"GBP","http.req.id":"523138a5-11b1-46a3-bdf9-523fa9a460f4","http.req.method":"GET","http.req.path":"/product/2ZYFJ3GM2N","id":"2ZYFJ3GM2N","message":"serving product page","session":"2d3bf3d7-22b5-49c9-8227-12126292f393","severity":"debug","timestamp":"2026-03-25T11:57:12.274726848Z"}
{"http.req.id":"523138a5-11b1-46a3-bdf9-523fa9a460f4","http.req.method":"GET","http.req.path":"/product/2ZYFJ3GM2N","http.resp.bytes":8034,"http.resp.status":200,"http.resp.took_ms":44,"message":"request complete","session":"2d3bf3d7-22b5-49c9-8227-12126292f393","severity":"debug","timestamp":"2026-03-25T11:57:12.319022935Z"}
{"http.req.id":"0aa1a6d9-febf-4374-8c7c-78a4e40cf448","http.req.method":"POST","http.req.path":"/cart","message":"request started","session":"2d3bf3d7-22b5-49c9-8227-12126292f393","severity":"debug","timestamp":"2026-03-25T11:57:12.32054632Z"}
{"http.req.id":"0aa1a6d9-febf-4374-8c7c-78a4e40cf448","http.req.method":"POST","http.req.path":"/cart","message":"adding to cart","product":"2ZYFJ3GM2N","quantity":8,"session":"2d3bf3d7-22b5-49c9-8227-12126292f393","severity":"debug","timestamp":"2026-03-25T11:57:12.321412103Z"}
{"http.req.id":"0aa1a6d9-febf-4374-8c7c-78a4e40cf448","http.req.method":"POST","http.req.path":"/cart","http.resp.bytes":0,"http.resp.status":302,"http.resp.took_ms":7,"message":"request complete","session":"2d3bf3d7-22b5-49c9-8227-12126292f393","severity":"debug","timestamp":"2026-03-25T11:57:12.328368692Z"}
{"http.req.id":"18471c4b-60f6-4c89-9aac-b62015e124eb","http.req.method":"GET","http.req.path":"/cart","message":"request started","session":"2d3bf3d7-22b5-49c9-8227-12126292f393","severity":"debug","timestamp":"2026-03-25T11:57:12.331375762Z"}
{"http.req.id":"18471c4b-60f6-4c89-9aac-b62015e124eb","http.req.method":"GET","http.req.path":"/cart","message":"view user cart","session":"2d3bf3d7-22b5-49c9-8227-12126292f393","severity":"debug","timestamp":"2026-03-25T11:57:12.331595465Z"}
{"http.req.id":"18471c4b-60f6-4c89-9aac-b62015e124eb","http.req.method":"GET","http.req.path":"/cart","http.resp.bytes":17846,"http.resp.status":200,"http.resp.took_ms":94,"message":"request complete","session":"2d3bf3d7-22b5-49c9-8227-12126292f393","severity":"debug","timestamp":"2026-03-25T11:57:12.425435673Z"}
{"http.req.id":"1af995ae-e31a-4e54-a1d8-a5a44c9eb1a0","http.req.method":"POST","http.req.path":"/cart/checkout","message":"request started","session":"2d3bf3d7-22b5-49c9-8227-12126292f393","severity":"debug","timestamp":"2026-03-25T11:57:12.430871891Z"}
{"http.req.id":"1af995ae-e31a-4e54-a1d8-a5a44c9eb1a0","http.req.method":"POST","http.req.path":"/cart/checkout","message":"placing order","session":"2d3bf3d7-22b5-49c9-8227-12126292f393","severity":"debug","timestamp":"2026-03-25T11:57:12.430926821Z"}
{"http.req.id":"1af995ae-e31a-4e54-a1d8-a5a44c9eb1a0","http.req.method":"POST","http.req.path":"/cart/checkout","message":"order placed","order":"c260fb8b-2841-11f1-a4a0-927ce8a683d8","session":"2d3bf3d7-22b5-49c9-8227-12126292f393","severity":"info","timestamp":"2026-03-25T11:57:12.451454497Z"}
{"http.req.id":"1af995ae-e31a-4e54-a1d8-a5a44c9eb1a0","http.req.method":"POST","http.req.path":"/cart/checkout","http.resp.bytes":6722,"http.resp.status":200,"http.resp.took_ms":73,"message":"request complete","session":"2d3bf3d7-22b5-49c9-8227-12126292f393","severity":"debug","timestamp":"2026-03-25T11:57:12.504480534Z"}
{"http.req.id":"a118296a-f8c3-4379-89fd-a4fc0ba25024","http.req.method":"POST","http.req.path":"/setCurrency","message":"request started","session":"514e00c6-206e-4c6e-873f-852b796455de","severity":"debug","timestamp":"2026-03-25T11:57:13.938629195Z"}
{"curr.new":"USD","curr.old":"EUR","http.req.id":"a118296a-f8c3-4379-89fd-a4fc0ba25024","http.req.method":"POST","http.req.path":"/setCurrency","message":"setting currency","session":"514e00c6-206e-4c6e-873f-852b796455de","severity":"debug","timestamp":"2026-03-25T11:57:13.939004967Z"}
{"http.req.id":"a118296a-f8c3-4379-89fd-a4fc0ba25024","http.req.method":"POST","http.req.path":"/setCurrency","http.resp.bytes":0,"http.resp.status":302,"http.resp.took_ms":0,"message":"request complete","session":"514e00c6-206e-4c6e-873f-852b796455de","severity":"debug","timestamp":"2026-03-25T11:57:13.939084022Z"}
{"http.req.id":"af84387d-8db2-4d44-9e37-1c685cb23975","http.req.method":"GET","http.req.path":"/","message":"request started","session":"514e00c6-206e-4c6e-873f-852b796455de","severity":"debug","timestamp":"2026-03-25T11:57:13.940788182Z"}
{"currency":"USD","http.req.id":"af84387d-8db2-4d44-9e37-1c685cb23975","http.req.method":"GET","http.req.path":"/","message":"home","session":"514e00c6-206e-4c6e-873f-852b796455de","severity":"info","timestamp":"2026-03-25T11:57:13.940923041Z"}
env platform is either empty or invalid
{"http.req.id":"af84387d-8db2-4d44-9e37-1c685cb23975","http.req.method":"GET","http.req.path":"/","message":"ENV_PLATFORM is: local","session":"514e00c6-206e-4c6e-873f-852b796455de","severity":"debug","timestamp":"2026-03-25T11:57:13.991377592Z"}
{"http.req.id":"af84387d-8db2-4d44-9e37-1c685cb23975","http.req.method":"GET","http.req.path":"/","http.resp.bytes":10472,"http.resp.status":200,"http.resp.took_ms":55,"message":"request complete","session":"514e00c6-206e-4c6e-873f-852b796455de","severity":"debug","timestamp":"2026-03-25T11:57:13.996584889Z"}
{"http.req.id":"b96a8326-364f-4f2b-a86c-84ae02c37a83","http.req.method":"GET","http.req.path":"/product/66VCHSJNUP","message":"request started","session":"694745d8-a179-4c65-83d6-9ed873a7b94b","severity":"debug","timestamp":"2026-03-25T11:57:15.291566155Z"}
{"currency":"GBP","http.req.id":"b96a8326-364f-4f2b-a86c-84ae02c37a83","http.req.method":"GET","http.req.path":"/product/66VCHSJNUP","id":"66VCHSJNUP","message":"serving product page","session":"694745d8-a179-4c65-83d6-9ed873a7b94b","severity":"debug","timestamp":"2026-03-25T11:57:15.291671638Z"}
{"http.req.id":"b96a8326-364f-4f2b-a86c-84ae02c37a83","http.req.method":"GET","http.req.path":"/product/66VCHSJNUP","http.resp.bytes":7995,"http.resp.status":200,"http.resp.took_ms":23,"message":"request complete","session":"694745d8-a179-4c65-83d6-9ed873a7b94b","severity":"debug","timestamp":"2026-03-25T11:57:15.314617608Z"}
{"http.req.id":"fde8017d-7dbe-4a50-900e-8903319e773f","http.req.method":"GET","http.req.path":"/product/1YMWWN1N4O","message":"request started","session":"513dd945-739c-4fe3-8e54-6e6927fbb733","severity":"debug","timestamp":"2026-03-25T11:57:16.500684594Z"}
{"currency":"TRY","http.req.id":"fde8017d-7dbe-4a50-900e-8903319e773f","http.req.method":"GET","http.req.path":"/product/1YMWWN1N4O","id":"1YMWWN1N4O","message":"serving product page","session":"513dd945-739c-4fe3-8e54-6e6927fbb733","severity":"debug","timestamp":"2026-03-25T11:57:16.500770571Z"}
{"http.req.id":"2a2ece74-5a59-4735-9b19-ef15132a0971","http.req.method":"GET","http.req.path":"/_healthz","message":"request started","session":"x-readiness-probe","severity":"debug","timestamp":"2026-03-25T11:57:16.505772035Z"}
{"http.req.id":"2a2ece74-5a59-4735-9b19-ef15132a0971","http.req.method":"GET","http.req.path":"/_healthz","http.resp.bytes":2,"http.resp.status":200,"http.resp.took_ms":0,"message":"request complete","session":"x-readiness-probe","severity":"debug","timestamp":"2026-03-25T11:57:16.505866694Z"}
{"http.req.id":"fde8017d-7dbe-4a50-900e-8903319e773f","http.req.method":"GET","http.req.path":"/product/1YMWWN1N4O","http.resp.bytes":7934,"http.resp.status":200,"http.resp.took_ms":15,"message":"request complete","session":"513dd945-739c-4fe3-8e54-6e6927fbb733","severity":"debug","timestamp":"2026-03-25T11:57:16.515966586Z"}
{"http.req.id":"5cae20cd-b033-4f3e-8661-38c00afcdc99","http.req.method":"GET","http.req.path":"/cart","message":"request started","session":"fcb2831f-0627-4791-ac1d-23821dc5b140","severity":"debug","timestamp":"2026-03-25T11:57:17.454822864Z"}
{"http.req.id":"5cae20cd-b033-4f3e-8661-38c00afcdc99","http.req.method":"GET","http.req.path":"/cart","message":"view user cart","session":"fcb2831f-0627-4791-ac1d-23821dc5b140","severity":"debug","timestamp":"2026-03-25T11:57:17.454894976Z"}
{"http.req.id":"5cae20cd-b033-4f3e-8661-38c00afcdc99","http.req.method":"GET","http.req.path":"/cart","http.resp.bytes":6790,"http.resp.status":200,"http.resp.took_ms":19,"message":"request complete","session":"fcb2831f-0627-4791-ac1d-23821dc5b140","severity":"debug","timestamp":"2026-03-25T11:57:17.474361587Z"}
{"http.req.id":"305f8c5f-f25d-4da3-a841-578164f46931","http.req.method":"GET","http.req.path":"/cart","message":"request started","session":"32217267-98ca-4d66-9fc8-3f088b8def0f","severity":"debug","timestamp":"2026-03-25T11:57:17.478863413Z"}
{"http.req.id":"305f8c5f-f25d-4da3-a841-578164f46931","http.req.method":"GET","http.req.path":"/cart","message":"view user cart","session":"32217267-98ca-4d66-9fc8-3f088b8def0f","severity":"debug","timestamp":"2026-03-25T11:57:17.478942317Z"}
{"http.req.id":"305f8c5f-f25d-4da3-a841-578164f46931","http.req.method":"GET","http.req.path":"/cart","http.resp.bytes":16385,"http.resp.status":200,"http.resp.took_ms":113,"message":"request complete","session":"32217267-98ca-4d66-9fc8-3f088b8def0f","severity":"debug","timestamp":"2026-03-25T11:57:17.592682596Z"}
{"http.req.id":"34bfe5db-d002-4849-bc6c-e25a581e2959","http.req.method":"GET","http.req.path":"/product/1YMWWN1N4O","message":"request started","session":"fcb2831f-0627-4791-ac1d-23821dc5b140","severity":"debug","timestamp":"2026-03-25T11:57:18.80051732Z"}
{"currency":"JPY","http.req.id":"34bfe5db-d002-4849-bc6c-e25a581e2959","http.req.method":"GET","http.req.path":"/product/1YMWWN1N4O","id":"1YMWWN1N4O","message":"serving product page","session":"fcb2831f-0627-4791-ac1d-23821dc5b140","severity":"debug","timestamp":"2026-03-25T11:57:18.800621314Z"}
{"http.req.id":"74105998-e1e7-45bf-b857-eec7c2403810","http.req.method":"POST","http.req.path":"/setCurrency","message":"request started","session":"df4ce93a-5d92-40a8-93c2-540bf11bbb4d","severity":"debug","timestamp":"2026-03-25T11:57:18.808850675Z"}
{"curr.new":"USD","curr.old":"USD","http.req.id":"74105998-e1e7-45bf-b857-eec7c2403810","http.req.method":"POST","http.req.path":"/setCurrency","message":"setting currency","session":"df4ce93a-5d92-40a8-93c2-540bf11bbb4d","severity":"debug","timestamp":"2026-03-25T11:57:18.809061265Z"}
{"http.req.id":"74105998-e1e7-45bf-b857-eec7c2403810","http.req.method":"POST","http.req.path":"/setCurrency","http.resp.bytes":0,"http.resp.status":302,"http.resp.took_ms":0,"message":"request complete","session":"df4ce93a-5d92-40a8-93c2-540bf11bbb4d","severity":"debug","timestamp":"2026-03-25T11:57:18.809117534Z"}
{"http.req.id":"97d01770-4714-4c0e-b5a4-09917e58d81e","http.req.method":"GET","http.req.path":"/","message":"request started","session":"df4ce93a-5d92-40a8-93c2-540bf11bbb4d","severity":"debug","timestamp":"2026-03-25T11:57:18.811055883Z"}
{"currency":"USD","http.req.id":"97d01770-4714-4c0e-b5a4-09917e58d81e","http.req.method":"GET","http.req.path":"/","message":"home","session":"df4ce93a-5d92-40a8-93c2-540bf11bbb4d","severity":"info","timestamp":"2026-03-25T11:57:18.811164043Z"}
{"http.req.id":"34bfe5db-d002-4849-bc6c-e25a581e2959","http.req.method":"GET","http.req.path":"/product/1YMWWN1N4O","http.resp.bytes":7918,"http.resp.status":200,"http.resp.took_ms":30,"message":"request complete","session":"fcb2831f-0627-4791-ac1d-23821dc5b140","severity":"debug","timestamp":"2026-03-25T11:57:18.831472449Z"}
{"http.req.id":"56f6e38f-25ac-4d29-bcab-f689a3c729c7","http.req.method":"GET","http.req.path":"/product/66VCHSJNUP","message":"request started","session":"32217267-98ca-4d66-9fc8-3f088b8def0f","severity":"debug","timestamp":"2026-03-25T11:57:18.96868609Z"}
{"currency":"USD","http.req.id":"56f6e38f-25ac-4d29-bcab-f689a3c729c7","http.req.method":"GET","http.req.path":"/product/66VCHSJNUP","id":"66VCHSJNUP","message":"serving product page","session":"32217267-98ca-4d66-9fc8-3f088b8def0f","severity":"debug","timestamp":"2026-03-25T11:57:18.968770757Z"}
env platform is either empty or invalid
{"http.req.id":"97d01770-4714-4c0e-b5a4-09917e58d81e","http.req.method":"GET","http.req.path":"/","message":"ENV_PLATFORM is: local","session":"df4ce93a-5d92-40a8-93c2-540bf11bbb4d","severity":"debug","timestamp":"2026-03-25T11:57:18.995844568Z"}
{"http.req.id":"97d01770-4714-4c0e-b5a4-09917e58d81e","http.req.method":"GET","http.req.path":"/","http.resp.bytes":10473,"http.resp.status":200,"http.resp.took_ms":189,"message":"request complete","session":"df4ce93a-5d92-40a8-93c2-540bf11bbb4d","severity":"debug","timestamp":"2026-03-25T11:57:19.000559072Z"}
{"http.req.id":"81d3fe5b-54f4-4319-b4f6-be1306def132","http.req.method":"POST","http.req.path":"/setCurrency","message":"request started","session":"827eab86-1aba-4a15-8740-5fee5900d10f","severity":"debug","timestamp":"2026-03-25T11:57:19.006110613Z"}
{"curr.new":"TRY","curr.old":"GBP","http.req.id":"81d3fe5b-54f4-4319-b4f6-be1306def132","http.req.method":"POST","http.req.path":"/setCurrency","message":"setting currency","session":"827eab86-1aba-4a15-8740-5fee5900d10f","severity":"debug","timestamp":"2026-03-25T11:57:19.006287498Z"}
{"http.req.id":"81d3fe5b-54f4-4319-b4f6-be1306def132","http.req.method":"POST","http.req.path":"/setCurrency","http.resp.bytes":0,"http.resp.status":302,"http.resp.took_ms":0,"message":"request complete","session":"827eab86-1aba-4a15-8740-5fee5900d10f","severity":"debug","timestamp":"2026-03-25T11:57:19.006338873Z"}
{"http.req.id":"2cbd9f94-db69-4081-ab65-aaa5e1205150","http.req.method":"GET","http.req.path":"/","message":"request started","session":"827eab86-1aba-4a15-8740-5fee5900d10f","severity":"debug","timestamp":"2026-03-25T11:57:19.008527275Z"}
{"currency":"TRY","http.req.id":"2cbd9f94-db69-4081-ab65-aaa5e1205150","http.req.method":"GET","http.req.path":"/","message":"home","session":"827eab86-1aba-4a15-8740-5fee5900d10f","severity":"info","timestamp":"2026-03-25T11:57:19.008701662Z"}
{"http.req.id":"56f6e38f-25ac-4d29-bcab-f689a3c729c7","http.req.method":"GET","http.req.path":"/product/66VCHSJNUP","http.resp.bytes":7989,"http.resp.status":200,"http.resp.took_ms":48,"message":"request complete","session":"32217267-98ca-4d66-9fc8-3f088b8def0f","severity":"debug","timestamp":"2026-03-25T11:57:19.017526397Z"}
env platform is either empty or invalid
{"http.req.id":"2cbd9f94-db69-4081-ab65-aaa5e1205150","http.req.method":"GET","http.req.path":"/","message":"ENV_PLATFORM is: local","session":"827eab86-1aba-4a15-8740-5fee5900d10f","severity":"debug","timestamp":"2026-03-25T11:57:19.120089743Z"}
{"http.req.id":"2cbd9f94-db69-4081-ab65-aaa5e1205150","http.req.method":"GET","http.req.path":"/","http.resp.bytes":10411,"http.resp.status":200,"http.resp.took_ms":116,"message":"request complete","session":"827eab86-1aba-4a15-8740-5fee5900d10f","severity":"debug","timestamp":"2026-03-25T11:57:19.125350854Z"}
{"http.req.id":"10e71f52-194d-4d8e-8eab-e1d58f8374ce","http.req.method":"GET","http.req.path":"/product/LS4PSXUNUM","message":"request started","session":"2d3bf3d7-22b5-49c9-8227-12126292f393","severity":"debug","timestamp":"2026-03-25T11:57:20.182237755Z"}
{"currency":"GBP","http.req.id":"10e71f52-194d-4d8e-8eab-e1d58f8374ce","http.req.method":"GET","http.req.path":"/product/LS4PSXUNUM","id":"LS4PSXUNUM","message":"serving product page","session":"2d3bf3d7-22b5-49c9-8227-12126292f393","severity":"debug","timestamp":"2026-03-25T11:57:20.182339766Z"}
{"http.req.id":"10e71f52-194d-4d8e-8eab-e1d58f8374ce","http.req.method":"GET","http.req.path":"/product/LS4PSXUNUM","http.resp.bytes":7893,"http.resp.status":200,"http.resp.took_ms":24,"message":"request complete","session":"2d3bf3d7-22b5-49c9-8227-12126292f393","severity":"debug","timestamp":"2026-03-25T11:57:20.206717477Z"}
{"http.req.id":"b3c80311-34b6-492d-987c-c2e3bb77f04f","http.req.method":"POST","http.req.path":"/cart","message":"request started","session":"2d3bf3d7-22b5-49c9-8227-12126292f393","severity":"debug","timestamp":"2026-03-25T11:57:20.208352026Z"}
{"http.req.id":"b3c80311-34b6-492d-987c-c2e3bb77f04f","http.req.method":"POST","http.req.path":"/cart","message":"adding to cart","product":"LS4PSXUNUM","quantity":5,"session":"2d3bf3d7-22b5-49c9-8227-12126292f393","severity":"debug","timestamp":"2026-03-25T11:57:20.208542732Z"}
{"http.req.id":"b3c80311-34b6-492d-987c-c2e3bb77f04f","http.req.method":"POST","http.req.path":"/cart","http.resp.bytes":0,"http.resp.status":302,"http.resp.took_ms":4,"message":"request complete","session":"2d3bf3d7-22b5-49c9-8227-12126292f393","severity":"debug","timestamp":"2026-03-25T11:57:20.212485869Z"}
{"http.req.id":"fca9d18b-8a7f-41bc-9f94-7d6b8ea59137","http.req.method":"GET","http.req.path":"/cart","message":"request started","session":"2d3bf3d7-22b5-49c9-8227-12126292f393","severity":"debug","timestamp":"2026-03-25T11:57:20.2139295Z"}
{"http.req.id":"fca9d18b-8a7f-41bc-9f94-7d6b8ea59137","http.req.method":"GET","http.req.path":"/cart","message":"view user cart","session":"2d3bf3d7-22b5-49c9-8227-12126292f393","severity":"debug","timestamp":"2026-03-25T11:57:20.214033713Z"}
{"http.req.id":"fca9d18b-8a7f-41bc-9f94-7d6b8ea59137","http.req.method":"GET","http.req.path":"/cart","http.resp.bytes":16391,"http.resp.status":200,"http.resp.took_ms":77,"message":"request complete","session":"2d3bf3d7-22b5-49c9-8227-12126292f393","severity":"debug","timestamp":"2026-03-25T11:57:20.291456186Z"}
{"http.req.id":"6586a0be-7aa0-4204-abd0-5e99130ec315","http.req.method":"POST","http.req.path":"/cart/checkout","message":"request started","session":"2d3bf3d7-22b5-49c9-8227-12126292f393","severity":"debug","timestamp":"2026-03-25T11:57:20.296140352Z"}
{"http.req.id":"6586a0be-7aa0-4204-abd0-5e99130ec315","http.req.method":"POST","http.req.path":"/cart/checkout","message":"placing order","session":"2d3bf3d7-22b5-49c9-8227-12126292f393","severity":"debug","timestamp":"2026-03-25T11:57:20.296259906Z"}
{"http.req.id":"6586a0be-7aa0-4204-abd0-5e99130ec315","http.req.method":"POST","http.req.path":"/cart/checkout","message":"order placed","order":"c71128db-2841-11f1-a4a0-927ce8a683d8","session":"2d3bf3d7-22b5-49c9-8227-12126292f393","severity":"info","timestamp":"2026-03-25T11:57:20.320712572Z"}
{"http.req.id":"6586a0be-7aa0-4204-abd0-5e99130ec315","http.req.method":"POST","http.req.path":"/cart/checkout","http.resp.bytes":6757,"http.resp.status":200,"http.resp.took_ms":38,"message":"request complete","session":"2d3bf3d7-22b5-49c9-8227-12126292f393","severity":"debug","timestamp":"2026-03-25T11:57:20.334857541Z"}
