{"http.req.id":"8537857c-2b7e-4d88-a1d6-b00a8923ca22","http.req.method":"POST","http.req.path":"/cart","message":"adding to cart","product":"0PUK6V6EV0","quantity":5,"session":"fa2d8e54-c567-4c66-b702-8bb183ef4a46","severity":"debug","timestamp":"2026-03-06T06:21:24.384906067Z"}
{"http.req.id":"8537857c-2b7e-4d88-a1d6-b00a8923ca22","http.req.method":"POST","http.req.path":"/cart","http.resp.bytes":0,"http.resp.status":302,"http.resp.took_ms":2,"message":"request complete","session":"fa2d8e54-c567-4c66-b702-8bb183ef4a46","severity":"debug","timestamp":"2026-03-06T06:21:24.387550579Z"}
{"http.req.id":"83f2885d-ea3b-47ef-9859-8bc659dd907d","http.req.method":"GET","http.req.path":"/product/LS4PSXUNUM","http.resp.bytes":7967,"http.resp.status":200,"http.resp.took_ms":2922,"message":"request complete","session":"d7d3227d-0824-4f40-a472-c039f0192426","severity":"debug","timestamp":"2026-03-06T06:21:24.388251071Z"}
{"http.req.id":"3571c2da-5121-4bda-9b9a-674df9b5a64b","http.req.method":"GET","http.req.path":"/cart","message":"request started","session":"fa2d8e54-c567-4c66-b702-8bb183ef4a46","severity":"debug","timestamp":"2026-03-06T06:21:24.388777457Z"}
{"http.req.id":"3571c2da-5121-4bda-9b9a-674df9b5a64b","http.req.method":"GET","http.req.path":"/cart","message":"view user cart","session":"fa2d8e54-c567-4c66-b702-8bb183ef4a46","severity":"debug","timestamp":"2026-03-06T06:21:24.38885104Z"}
{"http.req.id":"921e11d0-4b64-4efa-bff2-d90e8b500baa","http.req.method":"GET","http.req.path":"/product/1YMWWN1N4O","http.resp.bytes":7992,"http.resp.status":200,"http.resp.took_ms":3191,"message":"request complete","session":"0994b18b-93e7-4775-a2c5-e29dc0e6d5bb","severity":"debug","timestamp":"2026-03-06T06:21:24.460225931Z"}
{"http.req.id":"749cdc6d-bdb3-4906-b204-ac4a3887f25a","http.req.method":"GET","http.req.path":"/product/66VCHSJNUP","http.resp.bytes":7971,"http.resp.status":200,"http.resp.took_ms":3104,"message":"request complete","session":"eed418e8-7ab1-4992-b9a1-40aeb0d3dc43","severity":"debug","timestamp":"2026-03-06T06:21:24.463739676Z"}
{"http.req.id":"0ccdc0a4-2aea-4efe-a52f-75b540b2e0da","http.req.method":"GET","http.req.path":"/product/6E92ZMYYFZ","http.resp.bytes":7932,"http.resp.status":200,"http.resp.took_ms":2060,"message":"request complete","session":"3e105862-e07a-48bd-9f67-033f05224f8f","severity":"debug","timestamp":"2026-03-06T06:21:24.465112694Z"}
{"http.req.id":"26f6b709-1910-4249-bc22-a48376dd7bfa","http.req.method":"GET","http.req.path":"/product/6E92ZMYYFZ","http.resp.bytes":7939,"http.resp.status":200,"http.resp.took_ms":1259,"message":"request complete","session":"6e21104e-b0bf-4a85-b5c2-ac5af92fa69e","severity":"debug","timestamp":"2026-03-06T06:21:24.46636338Z"}
{"http.req.id":"57daaa4a-153c-4534-9773-408f96ecabe5","http.req.method":"GET","http.req.path":"/product/9SIQT8TOJO","http.resp.bytes":7968,"http.resp.status":200,"http.resp.took_ms":1082,"message":"request complete","session":"f9734e3a-0615-43dc-908b-1b8be30715f4","severity":"debug","timestamp":"2026-03-06T06:21:24.46984805Z"}
{"http.req.id":"3571c2da-5121-4bda-9b9a-674df9b5a64b","http.req.method":"GET","http.req.path":"/cart","http.resp.bytes":16485,"http.resp.status":200,"http.resp.took_ms":165,"message":"request complete","session":"fa2d8e54-c567-4c66-b702-8bb183ef4a46","severity":"debug","timestamp":"2026-03-06T06:21:24.554543453Z"}
{"http.req.id":"126ede38-1731-40db-8be3-4f35c7102574","http.req.method":"GET","http.req.path":"/_healthz","message":"request started","session":"x-readiness-probe","severity":"debug","timestamp":"2026-03-06T06:21:25.52079773Z"}
{"http.req.id":"126ede38-1731-40db-8be3-4f35c7102574","http.req.method":"GET","http.req.path":"/_healthz","http.resp.bytes":2,"http.resp.status":200,"http.resp.took_ms":0,"message":"request complete","session":"x-readiness-probe","severity":"debug","timestamp":"2026-03-06T06:21:25.520873543Z"}
{"http.req.id":"3983f119-2789-4eb9-abc2-a323ed261d5a","http.req.method":"GET","http.req.path":"/product/2ZYFJ3GM2N","message":"request started","session":"89995d91-ad5c-4838-8317-c04497a5d805","severity":"debug","timestamp":"2026-03-06T06:21:25.586835315Z"}
{"currency":"GBP","http.req.id":"3983f119-2789-4eb9-abc2-a323ed261d5a","http.req.method":"GET","http.req.path":"/product/2ZYFJ3GM2N","id":"2ZYFJ3GM2N","message":"serving product page","session":"89995d91-ad5c-4838-8317-c04497a5d805","severity":"debug","timestamp":"2026-03-06T06:21:25.586891646Z"}
{"http.req.id":"3983f119-2789-4eb9-abc2-a323ed261d5a","http.req.method":"GET","http.req.path":"/product/2ZYFJ3GM2N","http.resp.bytes":7952,"http.resp.status":200,"http.resp.took_ms":10,"message":"request complete","session":"89995d91-ad5c-4838-8317-c04497a5d805","severity":"debug","timestamp":"2026-03-06T06:21:25.597774508Z"}
{"http.req.id":"b2582f86-8102-4c88-bfcb-1b1d85f7c546","http.req.method":"GET","http.req.path":"/product/2ZYFJ3GM2N","message":"request started","session":"f9734e3a-0615-43dc-908b-1b8be30715f4","severity":"debug","timestamp":"2026-03-06T06:21:26.569508255Z"}
{"currency":"CAD","http.req.id":"b2582f86-8102-4c88-bfcb-1b1d85f7c546","http.req.method":"GET","http.req.path":"/product/2ZYFJ3GM2N","id":"2ZYFJ3GM2N","message":"serving product page","session":"f9734e3a-0615-43dc-908b-1b8be30715f4","severity":"debug","timestamp":"2026-03-06T06:21:26.569582259Z"}
{"http.req.id":"b2582f86-8102-4c88-bfcb-1b1d85f7c546","http.req.method":"GET","http.req.path":"/product/2ZYFJ3GM2N","http.resp.bytes":7962,"http.resp.status":200,"http.resp.took_ms":12,"message":"request complete","session":"f9734e3a-0615-43dc-908b-1b8be30715f4","severity":"debug","timestamp":"2026-03-06T06:21:26.582115549Z"}
{"http.req.id":"bc937a29-bb97-4c75-aa85-a7aedbc20187","http.req.method":"GET","http.req.path":"/cart","message":"request started","session":"ec0b6821-5225-4ee8-8ec0-1e3bbbdffabb","severity":"debug","timestamp":"2026-03-06T06:21:27.122753744Z"}
{"http.req.id":"bc937a29-bb97-4c75-aa85-a7aedbc20187","http.req.method":"GET","http.req.path":"/cart","message":"view user cart","session":"ec0b6821-5225-4ee8-8ec0-1e3bbbdffabb","severity":"debug","timestamp":"2026-03-06T06:21:27.122811429Z"}
{"http.req.id":"bc937a29-bb97-4c75-aa85-a7aedbc20187","http.req.method":"GET","http.req.path":"/cart","http.resp.bytes":6873,"http.resp.status":200,"http.resp.took_ms":11,"message":"request complete","session":"ec0b6821-5225-4ee8-8ec0-1e3bbbdffabb","severity":"debug","timestamp":"2026-03-06T06:21:27.134630259Z"}
{"http.req.id":"9ee708e9-4ff7-42a7-8e3f-e894fcf35cef","http.req.method":"GET","http.req.path":"/product/9SIQT8TOJO","message":"request started","session":"d7d3227d-0824-4f40-a472-c039f0192426","severity":"debug","timestamp":"2026-03-06T06:21:28.221148566Z"}
{"currency":"JPY","http.req.id":"9ee708e9-4ff7-42a7-8e3f-e894fcf35cef","http.req.method":"GET","http.req.path":"/product/9SIQT8TOJO","id":"9SIQT8TOJO","message":"serving product page","session":"d7d3227d-0824-4f40-a472-c039f0192426","severity":"debug","timestamp":"2026-03-06T06:21:28.22123448Z"}
{"http.req.id":"9ee708e9-4ff7-42a7-8e3f-e894fcf35cef","http.req.method":"GET","http.req.path":"/product/9SIQT8TOJO","http.resp.bytes":7958,"http.resp.status":200,"http.resp.took_ms":24,"message":"request complete","session":"d7d3227d-0824-4f40-a472-c039f0192426","severity":"debug","timestamp":"2026-03-06T06:21:28.2458808Z"}
{"http.req.id":"6f3b9edb-794c-4832-90ba-e0f819b19064","http.req.method":"GET","http.req.path":"/product/6E92ZMYYFZ","message":"request started","session":"0994b18b-93e7-4775-a2c5-e29dc0e6d5bb","severity":"debug","timestamp":"2026-03-06T06:21:29.139580229Z"}
{"currency":"USD","http.req.id":"6f3b9edb-794c-4832-90ba-e0f819b19064","http.req.method":"GET","http.req.path":"/product/6E92ZMYYFZ","id":"6E92ZMYYFZ","message":"serving product page","session":"0994b18b-93e7-4775-a2c5-e29dc0e6d5bb","severity":"debug","timestamp":"2026-03-06T06:21:29.139656918Z"}
{"http.req.id":"6f3b9edb-794c-4832-90ba-e0f819b19064","http.req.method":"GET","http.req.path":"/product/6E92ZMYYFZ","http.resp.bytes":7941,"http.resp.status":200,"http.resp.took_ms":10,"message":"request complete","session":"0994b18b-93e7-4775-a2c5-e29dc0e6d5bb","severity":"debug","timestamp":"2026-03-06T06:21:29.149795934Z"}
{"http.req.id":"bd6f01cd-6f5c-45dd-9dff-9173284e01c6","http.req.method":"POST","http.req.path":"/cart","message":"request started","session":"0994b18b-93e7-4775-a2c5-e29dc0e6d5bb","severity":"debug","timestamp":"2026-03-06T06:21:29.150459182Z"}
{"http.req.id":"bd6f01cd-6f5c-45dd-9dff-9173284e01c6","http.req.method":"POST","http.req.path":"/cart","message":"adding to cart","product":"6E92ZMYYFZ","quantity":4,"session":"0994b18b-93e7-4775-a2c5-e29dc0e6d5bb","severity":"debug","timestamp":"2026-03-06T06:21:29.150558741Z"}
{"http.req.id":"bd6f01cd-6f5c-45dd-9dff-9173284e01c6","http.req.method":"POST","http.req.path":"/cart","http.resp.bytes":0,"http.resp.status":302,"http.resp.took_ms":2,"message":"request complete","session":"0994b18b-93e7-4775-a2c5-e29dc0e6d5bb","severity":"debug","timestamp":"2026-03-06T06:21:29.152717461Z"}
{"http.req.id":"2c7b8c91-146a-4c64-88e4-3be59d187d37","http.req.method":"GET","http.req.path":"/cart","message":"request started","session":"0994b18b-93e7-4775-a2c5-e29dc0e6d5bb","severity":"debug","timestamp":"2026-03-06T06:21:29.153696861Z"}
{"http.req.id":"2c7b8c91-146a-4c64-88e4-3be59d187d37","http.req.method":"GET","http.req.path":"/cart","message":"view user cart","session":"0994b18b-93e7-4775-a2c5-e29dc0e6d5bb","severity":"debug","timestamp":"2026-03-06T06:21:29.153761767Z"}
{"http.req.id":"2c7b8c91-146a-4c64-88e4-3be59d187d37","http.req.method":"GET","http.req.path":"/cart","http.resp.bytes":16475,"http.resp.status":200,"http.resp.took_ms":17,"message":"request complete","session":"0994b18b-93e7-4775-a2c5-e29dc0e6d5bb","severity":"debug","timestamp":"2026-03-06T06:21:29.17144936Z"}
{"http.req.id":"ba9d5ef1-bef0-4060-aeef-d7b2ea16ae50","http.req.method":"POST","http.req.path":"/cart/checkout","message":"request started","session":"0994b18b-93e7-4775-a2c5-e29dc0e6d5bb","severity":"debug","timestamp":"2026-03-06T06:21:29.172954751Z"}
{"http.req.id":"ba9d5ef1-bef0-4060-aeef-d7b2ea16ae50","http.req.method":"POST","http.req.path":"/cart/checkout","message":"placing order","session":"0994b18b-93e7-4775-a2c5-e29dc0e6d5bb","severity":"debug","timestamp":"2026-03-06T06:21:29.173004953Z"}
{"http.req.id":"ba9d5ef1-bef0-4060-aeef-d7b2ea16ae50","http.req.method":"POST","http.req.path":"/cart/checkout","message":"order placed","order":"b63675f9-1924-11f1-af47-fabc357e427c","session":"0994b18b-93e7-4775-a2c5-e29dc0e6d5bb","severity":"info","timestamp":"2026-03-06T06:21:29.187650489Z"}
{"http.req.id":"ba9d5ef1-bef0-4060-aeef-d7b2ea16ae50","http.req.method":"POST","http.req.path":"/cart/checkout","http.resp.bytes":6808,"http.resp.status":200,"http.resp.took_ms":22,"message":"request complete","session":"0994b18b-93e7-4775-a2c5-e29dc0e6d5bb","severity":"debug","timestamp":"2026-03-06T06:21:29.195793315Z"}
{"http.req.id":"d9077355-3c17-4aad-9645-ced5a253c179","http.req.method":"POST","http.req.path":"/setCurrency","message":"request started","session":"fa2d8e54-c567-4c66-b702-8bb183ef4a46","severity":"debug","timestamp":"2026-03-06T06:21:29.79344118Z"}
{"curr.new":"TRY","curr.old":"EUR","http.req.id":"d9077355-3c17-4aad-9645-ced5a253c179","http.req.method":"POST","http.req.path":"/setCurrency","message":"setting currency","session":"fa2d8e54-c567-4c66-b702-8bb183ef4a46","severity":"debug","timestamp":"2026-03-06T06:21:29.793544554Z"}
{"http.req.id":"d9077355-3c17-4aad-9645-ced5a253c179","http.req.method":"POST","http.req.path":"/setCurrency","http.resp.bytes":0,"http.resp.status":302,"http.resp.took_ms":0,"message":"request complete","session":"fa2d8e54-c567-4c66-b702-8bb183ef4a46","severity":"debug","timestamp":"2026-03-06T06:21:29.793571999Z"}
{"http.req.id":"ad190e50-02a0-414e-99e6-d1f9c3e6a30e","http.req.method":"GET","http.req.path":"/","message":"request started","session":"fa2d8e54-c567-4c66-b702-8bb183ef4a46","severity":"debug","timestamp":"2026-03-06T06:21:29.794395821Z"}
{"currency":"TRY","http.req.id":"ad190e50-02a0-414e-99e6-d1f9c3e6a30e","http.req.method":"GET","http.req.path":"/","message":"home","session":"fa2d8e54-c567-4c66-b702-8bb183ef4a46","severity":"info","timestamp":"2026-03-06T06:21:29.794447179Z"}
env platform is either empty or invalid
{"http.req.id":"ad190e50-02a0-414e-99e6-d1f9c3e6a30e","http.req.method":"GET","http.req.path":"/","message":"ENV_PLATFORM is: local","session":"fa2d8e54-c567-4c66-b702-8bb183ef4a46","severity":"debug","timestamp":"2026-03-06T06:21:29.823720105Z"}
{"http.req.id":"ad190e50-02a0-414e-99e6-d1f9c3e6a30e","http.req.method":"GET","http.req.path":"/","http.resp.bytes":10616,"http.resp.status":200,"http.resp.took_ms":32,"message":"request complete","session":"fa2d8e54-c567-4c66-b702-8bb183ef4a46","severity":"debug","timestamp":"2026-03-06T06:21:29.826862232Z"}
{"http.req.id":"582db99c-9dad-43b8-a4b8-fe024e59c45d","http.req.method":"POST","http.req.path":"/setCurrency","message":"request started","session":"eed418e8-7ab1-4992-b9a1-40aeb0d3dc43","severity":"debug","timestamp":"2026-03-06T06:21:30.370360738Z"}
{"curr.new":"CAD","curr.old":"TRY","http.req.id":"582db99c-9dad-43b8-a4b8-fe024e59c45d","http.req.method":"POST","http.req.path":"/setCurrency","message":"setting currency","session":"eed418e8-7ab1-4992-b9a1-40aeb0d3dc43","severity":"debug","timestamp":"2026-03-06T06:21:30.370473512Z"}
{"http.req.id":"582db99c-9dad-43b8-a4b8-fe024e59c45d","http.req.method":"POST","http.req.path":"/setCurrency","http.resp.bytes":0,"http.resp.status":302,"http.resp.took_ms":0,"message":"request complete","session":"eed418e8-7ab1-4992-b9a1-40aeb0d3dc43","severity":"debug","timestamp":"2026-03-06T06:21:30.370493382Z"}
{"http.req.id":"858bc329-808c-40e7-ad33-4f9729620d16","http.req.method":"GET","http.req.path":"/","message":"request started","session":"eed418e8-7ab1-4992-b9a1-40aeb0d3dc43","severity":"debug","timestamp":"2026-03-06T06:21:30.37117804Z"}
{"currency":"CAD","http.req.id":"858bc329-808c-40e7-ad33-4f9729620d16","http.req.method":"GET","http.req.path":"/","message":"home","session":"eed418e8-7ab1-4992-b9a1-40aeb0d3dc43","severity":"info","timestamp":"2026-03-06T06:21:30.371220317Z"}
env platform is either empty or invalid
{"http.req.id":"858bc329-808c-40e7-ad33-4f9729620d16","http.req.method":"GET","http.req.path":"/","message":"ENV_PLATFORM is: local","session":"eed418e8-7ab1-4992-b9a1-40aeb0d3dc43","severity":"debug","timestamp":"2026-03-06T06:21:30.38768611Z"}
{"http.req.id":"858bc329-808c-40e7-ad33-4f9729620d16","http.req.method":"GET","http.req.path":"/","http.resp.bytes":10501,"http.resp.status":200,"http.resp.took_ms":18,"message":"request complete","session":"eed418e8-7ab1-4992-b9a1-40aeb0d3dc43","severity":"debug","timestamp":"2026-03-06T06:21:30.38965831Z"}
{"http.req.id":"c61dfc09-ef7b-4907-9ce4-11cf67a6929b","http.req.method":"GET","http.req.path":"/cart","message":"request started","session":"89995d91-ad5c-4838-8317-c04497a5d805","severity":"debug","timestamp":"2026-03-06T06:21:30.437977238Z"}
{"http.req.id":"c61dfc09-ef7b-4907-9ce4-11cf67a6929b","http.req.method":"GET","http.req.path":"/cart","message":"view user cart","session":"89995d91-ad5c-4838-8317-c04497a5d805","severity":"debug","timestamp":"2026-03-06T06:21:30.438036208Z"}
{"http.req.id":"c61dfc09-ef7b-4907-9ce4-11cf67a6929b","http.req.method":"GET","http.req.path":"/cart","http.resp.bytes":6866,"http.resp.status":200,"http.resp.took_ms":10,"message":"request complete","session":"89995d91-ad5c-4838-8317-c04497a5d805","severity":"debug","timestamp":"2026-03-06T06:21:30.448860039Z"}
{"http.req.id":"3971aadf-09ec-4580-83d5-b0077b60171a","http.req.method":"GET","http.req.path":"/product/1YMWWN1N4O","message":"request started","session":"3e105862-e07a-48bd-9f67-033f05224f8f","severity":"debug","timestamp":"2026-03-06T06:21:32.218510774Z"}
{"currency":"TRY","http.req.id":"3971aadf-09ec-4580-83d5-b0077b60171a","http.req.method":"GET","http.req.path":"/product/1YMWWN1N4O","id":"1YMWWN1N4O","message":"serving product page","session":"3e105862-e07a-48bd-9f67-033f05224f8f","severity":"debug","timestamp":"2026-03-06T06:21:32.218575013Z"}
{"http.req.id":"3971aadf-09ec-4580-83d5-b0077b60171a","http.req.method":"GET","http.req.path":"/product/1YMWWN1N4O","http.resp.bytes":7992,"http.resp.status":200,"http.resp.took_ms":13,"message":"request complete","session":"3e105862-e07a-48bd-9f67-033f05224f8f","severity":"debug","timestamp":"2026-03-06T06:21:32.232301659Z"}
{"http.req.id":"b8da376d-cc8f-4d92-8f0e-a2a206470ab5","http.req.method":"POST","http.req.path":"/cart","message":"request started","session":"3e105862-e07a-48bd-9f67-033f05224f8f","severity":"debug","timestamp":"2026-03-06T06:21:32.233113632Z"}
{"http.req.id":"b8da376d-cc8f-4d92-8f0e-a2a206470ab5","http.req.method":"POST","http.req.path":"/cart","message":"adding to cart","product":"1YMWWN1N4O","quantity":1,"session":"3e105862-e07a-48bd-9f67-033f05224f8f","severity":"debug","timestamp":"2026-03-06T06:21:32.233199302Z"}
{"http.req.id":"b8da376d-cc8f-4d92-8f0e-a2a206470ab5","http.req.method":"POST","http.req.path":"/cart","http.resp.bytes":0,"http.resp.status":302,"http.resp.took_ms":2,"message":"request complete","session":"3e105862-e07a-48bd-9f67-033f05224f8f","severity":"debug","timestamp":"2026-03-06T06:21:32.236060233Z"}
{"http.req.id":"aa546708-9128-4b1b-b430-01c540a4907e","http.req.method":"GET","http.req.path":"/cart","message":"request started","session":"3e105862-e07a-48bd-9f67-033f05224f8f","severity":"debug","timestamp":"2026-03-06T06:21:32.236748738Z"}
{"http.req.id":"aa546708-9128-4b1b-b430-01c540a4907e","http.req.method":"GET","http.req.path":"/cart","message":"view user cart","session":"3e105862-e07a-48bd-9f67-033f05224f8f","severity":"debug","timestamp":"2026-03-06T06:21:32.236795167Z"}
{"http.req.id":"aa546708-9128-4b1b-b430-01c540a4907e","http.req.method":"GET","http.req.path":"/cart","http.resp.bytes":16472,"http.resp.status":200,"http.resp.took_ms":9,"message":"request complete","session":"3e105862-e07a-48bd-9f67-033f05224f8f","severity":"debug","timestamp":"2026-03-06T06:21:32.245775852Z"}
{"http.req.id":"de828ed7-9d9c-4b88-94a1-e6bf3c66efad","http.req.method":"GET","http.req.path":"/product/LS4PSXUNUM","message":"request started","session":"f9734e3a-0615-43dc-908b-1b8be30715f4","severity":"debug","timestamp":"2026-03-06T06:21:32.516812959Z"}
{"currency":"CAD","http.req.id":"de828ed7-9d9c-4b88-94a1-e6bf3c66efad","http.req.method":"GET","http.req.path":"/product/LS4PSXUNUM","id":"LS4PSXUNUM","message":"serving product page","session":"f9734e3a-0615-43dc-908b-1b8be30715f4","severity":"debug","timestamp":"2026-03-06T06:21:32.516876694Z"}
{"http.req.id":"de828ed7-9d9c-4b88-94a1-e6bf3c66efad","http.req.method":"GET","http.req.path":"/product/LS4PSXUNUM","http.resp.bytes":7939,"http.resp.status":200,"http.resp.took_ms":12,"message":"request complete","session":"f9734e3a-0615-43dc-908b-1b8be30715f4","severity":"debug","timestamp":"2026-03-06T06:21:32.529164716Z"}
{"http.req.id":"d29d81c6-0c04-45cd-ae5e-d2da146a9428","http.req.method":"GET","http.req.path":"/_healthz","message":"request started","session":"x-liveness-probe","severity":"debug","timestamp":"2026-03-06T06:21:32.790143849Z"}
{"http.req.id":"d29d81c6-0c04-45cd-ae5e-d2da146a9428","http.req.method":"GET","http.req.path":"/_healthz","http.resp.bytes":2,"http.resp.status":200,"http.resp.took_ms":0,"message":"request complete","session":"x-liveness-probe","severity":"debug","timestamp":"2026-03-06T06:21:32.790228141Z"}
{"http.req.id":"f8696c6c-e9b4-440d-824b-367c74867c6e","http.req.method":"GET","http.req.path":"/cart","message":"request started","session":"6e21104e-b0bf-4a85-b5c2-ac5af92fa69e","severity":"debug","timestamp":"2026-03-06T06:21:32.958527421Z"}
{"http.req.id":"f8696c6c-e9b4-440d-824b-367c74867c6e","http.req.method":"GET","http.req.path":"/cart","message":"view user cart","session":"6e21104e-b0bf-4a85-b5c2-ac5af92fa69e","severity":"debug","timestamp":"2026-03-06T06:21:32.958612529Z"}
{"http.req.id":"f8696c6c-e9b4-440d-824b-367c74867c6e","http.req.method":"GET","http.req.path":"/cart","http.resp.bytes":6875,"http.resp.status":200,"http.resp.took_ms":10,"message":"request complete","session":"6e21104e-b0bf-4a85-b5c2-ac5af92fa69e","severity":"debug","timestamp":"2026-03-06T06:21:32.969099938Z"}
{"http.req.id":"5af93b6a-dc61-448e-a4d8-216693ebf64a","http.req.method":"GET","http.req.path":"/product/L9ECAV7KIM","message":"request started","session":"89995d91-ad5c-4838-8317-c04497a5d805","severity":"debug","timestamp":"2026-03-06T06:21:33.516547013Z"}
{"currency":"GBP","http.req.id":"5af93b6a-dc61-448e-a4d8-216693ebf64a","http.req.method":"GET","http.req.path":"/product/L9ECAV7KIM","id":"L9ECAV7KIM","message":"serving product page","session":"89995d91-ad5c-4838-8317-c04497a5d805","severity":"debug","timestamp":"2026-03-06T06:21:33.516604783Z"}
{"http.req.id":"5af93b6a-dc61-448e-a4d8-216693ebf64a","http.req.method":"GET","http.req.path":"/product/L9ECAV7KIM","http.resp.bytes":7952,"http.resp.status":200,"http.resp.took_ms":15,"message":"request complete","session":"89995d91-ad5c-4838-8317-c04497a5d805","severity":"debug","timestamp":"2026-03-06T06:21:33.531964877Z"}
{"http.req.id":"ed64961a-6176-4827-9ab8-ff019c40ccc7","http.req.method":"GET","http.req.path":"/product/6E92ZMYYFZ","message":"request started","session":"f9734e3a-0615-43dc-908b-1b8be30715f4","severity":"debug","timestamp":"2026-03-06T06:21:33.557256935Z"}
{"currency":"CAD","http.req.id":"ed64961a-6176-4827-9ab8-ff019c40ccc7","http.req.method":"GET","http.req.path":"/product/6E92ZMYYFZ","id":"6E92ZMYYFZ","message":"serving product page","session":"f9734e3a-0615-43dc-908b-1b8be30715f4","severity":"debug","timestamp":"2026-03-06T06:21:33.557365836Z"}
{"http.req.id":"ed64961a-6176-4827-9ab8-ff019c40ccc7","http.req.method":"GET","http.req.path":"/product/6E92ZMYYFZ","http.resp.bytes":7940,"http.resp.status":200,"http.resp.took_ms":13,"message":"request complete","session":"f9734e3a-0615-43dc-908b-1b8be30715f4","severity":"debug","timestamp":"2026-03-06T06:21:33.570973173Z"}
{"http.req.id":"ebd45976-ce68-4406-96fd-d094bab1a3be","http.req.method":"GET","http.req.path":"/product/2ZYFJ3GM2N","message":"request started","session":"b1a1fb98-93d6-41f8-9605-e0c8a82d1d3c","severity":"debug","timestamp":"2026-03-06T06:21:33.967221422Z"}
{"currency":"JPY","http.req.id":"ebd45976-ce68-4406-96fd-d094bab1a3be","http.req.method":"GET","http.req.path":"/product/2ZYFJ3GM2N","id":"2ZYFJ3GM2N","message":"serving product page","session":"b1a1fb98-93d6-41f8-9605-e0c8a82d1d3c","severity":"debug","timestamp":"2026-03-06T06:21:33.967283961Z"}
{"http.req.id":"ebd45976-ce68-4406-96fd-d094bab1a3be","http.req.method":"GET","http.req.path":"/product/2ZYFJ3GM2N","http.resp.bytes":7974,"http.resp.status":200,"http.resp.took_ms":14,"message":"request complete","session":"b1a1fb98-93d6-41f8-9605-e0c8a82d1d3c","severity":"debug","timestamp":"2026-03-06T06:21:33.981353128Z"}
{"http.req.id":"1b571b5f-7550-4313-b130-4e739895e2be","http.req.method":"GET","http.req.path":"/cart","message":"request started","session":"fa2d8e54-c567-4c66-b702-8bb183ef4a46","severity":"debug","timestamp":"2026-03-06T06:21:34.222684203Z"}
{"http.req.id":"1b571b5f-7550-4313-b130-4e739895e2be","http.req.method":"GET","http.req.path":"/cart","message":"view user cart","session":"fa2d8e54-c567-4c66-b702-8bb183ef4a46","severity":"debug","timestamp":"2026-03-06T06:21:34.222742682Z"}
{"http.req.id":"be0d927a-46d5-4334-92ee-6abc71c92c2f","http.req.method":"GET","http.req.path":"/cart","message":"request started","session":"ec0b6821-5225-4ee8-8ec0-1e3bbbdffabb","severity":"debug","timestamp":"2026-03-06T06:21:34.23231969Z"}
{"http.req.id":"be0d927a-46d5-4334-92ee-6abc71c92c2f","http.req.method":"GET","http.req.path":"/cart","message":"view user cart","session":"ec0b6821-5225-4ee8-8ec0-1e3bbbdffabb","severity":"debug","timestamp":"2026-03-06T06:21:34.232385111Z"}
{"http.req.id":"1b571b5f-7550-4313-b130-4e739895e2be","http.req.method":"GET","http.req.path":"/cart","http.resp.bytes":16464,"http.resp.status":200,"http.resp.took_ms":23,"message":"request complete","session":"fa2d8e54-c567-4c66-b702-8bb183ef4a46","severity":"debug","timestamp":"2026-03-06T06:21:34.246182178Z"}
{"http.req.id":"be0d927a-46d5-4334-92ee-6abc71c92c2f","http.req.method":"GET","http.req.path":"/cart","http.resp.bytes":6873,"http.resp.status":200,"http.resp.took_ms":16,"message":"request complete","session":"ec0b6821-5225-4ee8-8ec0-1e3bbbdffabb","severity":"debug","timestamp":"2026-03-06T06:21:34.249092996Z"}
{"http.req.id":"cedc5cac-b52e-4e35-93a7-1c184fbd2329","http.req.method":"GET","http.req.path":"/cart","message":"request started","session":"eed418e8-7ab1-4992-b9a1-40aeb0d3dc43","severity":"debug","timestamp":"2026-03-06T06:21:34.583113052Z"}
{"http.req.id":"cedc5cac-b52e-4e35-93a7-1c184fbd2329","http.req.method":"GET","http.req.path":"/cart","message":"view user cart","session":"eed418e8-7ab1-4992-b9a1-40aeb0d3dc43","severity":"debug","timestamp":"2026-03-06T06:21:34.583268543Z"}
{"http.req.id":"cedc5cac-b52e-4e35-93a7-1c184fbd2329","http.req.method":"GET","http.req.path":"/cart","http.resp.bytes":6865,"http.resp.status":200,"http.resp.took_ms":9,"message":"request complete","session":"eed418e8-7ab1-4992-b9a1-40aeb0d3dc43","severity":"debug","timestamp":"2026-03-06T06:21:34.592235375Z"}
{"http.req.id":"1aa1605a-902a-4962-b01e-7b95eb49669d","http.req.method":"GET","http.req.path":"/cart","message":"request started","session":"d7d3227d-0824-4f40-a472-c039f0192426","severity":"debug","timestamp":"2026-03-06T06:21:34.713585389Z"}
{"http.req.id":"1aa1605a-902a-4962-b01e-7b95eb49669d","http.req.method":"GET","http.req.path":"/cart","message":"view user cart","session":"d7d3227d-0824-4f40-a472-c039f0192426","severity":"debug","timestamp":"2026-03-06T06:21:34.713701321Z"}
{"http.req.id":"1aa1605a-902a-4962-b01e-7b95eb49669d","http.req.method":"GET","http.req.path":"/cart","http.resp.bytes":6918,"http.resp.status":200,"http.resp.took_ms":9,"message":"request complete","session":"d7d3227d-0824-4f40-a472-c039f0192426","severity":"debug","timestamp":"2026-03-06T06:21:34.722676059Z"}
{"http.req.id":"d461bb4d-4e3f-4bd6-b36f-96381f36dbc7","http.req.method":"GET","http.req.path":"/_healthz","message":"request started","session":"x-readiness-probe","severity":"debug","timestamp":"2026-03-06T06:21:35.520151447Z"}
{"http.req.id":"d461bb4d-4e3f-4bd6-b36f-96381f36dbc7","http.req.method":"GET","http.req.path":"/_healthz","http.resp.bytes":2,"http.resp.status":200,"http.resp.took_ms":0,"message":"request complete","session":"x-readiness-probe","severity":"debug","timestamp":"2026-03-06T06:21:35.520238618Z"}
{"http.req.id":"8e233c32-6656-43d4-823b-d084ad9ffee3","http.req.method":"GET","http.req.path":"/product/LS4PSXUNUM","message":"request started","session":"0994b18b-93e7-4775-a2c5-e29dc0e6d5bb","severity":"debug","timestamp":"2026-03-06T06:21:36.200960055Z"}
{"currency":"USD","http.req.id":"8e233c32-6656-43d4-823b-d084ad9ffee3","http.req.method":"GET","http.req.path":"/product/LS4PSXUNUM","id":"LS4PSXUNUM","message":"serving product page","session":"0994b18b-93e7-4775-a2c5-e29dc0e6d5bb","severity":"debug","timestamp":"2026-03-06T06:21:36.201058977Z"}
{"http.req.id":"8e233c32-6656-43d4-823b-d084ad9ffee3","http.req.method":"GET","http.req.path":"/product/LS4PSXUNUM","http.resp.bytes":7949,"http.resp.status":200,"http.resp.took_ms":19,"message":"request complete","session":"0994b18b-93e7-4775-a2c5-e29dc0e6d5bb","severity":"debug","timestamp":"2026-03-06T06:21:36.220085362Z"}
