{"http.req.id":"41a79f7b-9781-4fba-80f6-a3dfaef4e6bb","http.req.method":"GET","http.req.path":"/cart","http.resp.bytes":16412,"http.resp.status":200,"http.resp.took_ms":44,"message":"request complete","session":"2d3bf3d7-22b5-49c9-8227-12126292f393","severity":"debug","timestamp":"2026-03-25T12:05:35.767086957Z"}
{"http.req.id":"8a80e678-1432-49c8-8c55-6d413ff4a6f4","http.req.method":"GET","http.req.path":"/cart","message":"request started","session":"a38c2610-1665-4c93-8051-4c451f5de325","severity":"debug","timestamp":"2026-03-25T12:05:36.753522574Z"}
{"http.req.id":"8a80e678-1432-49c8-8c55-6d413ff4a6f4","http.req.method":"GET","http.req.path":"/cart","message":"view user cart","session":"a38c2610-1665-4c93-8051-4c451f5de325","severity":"debug","timestamp":"2026-03-25T12:05:36.753596423Z"}
{"http.req.id":"8a80e678-1432-49c8-8c55-6d413ff4a6f4","http.req.method":"GET","http.req.path":"/cart","http.resp.bytes":20701,"http.resp.status":200,"http.resp.took_ms":24,"message":"request complete","session":"a38c2610-1665-4c93-8051-4c451f5de325","severity":"debug","timestamp":"2026-03-25T12:05:36.778054243Z"}
{"http.req.id":"ddd00963-a8cc-4db2-8121-762b037a1f06","http.req.method":"GET","http.req.path":"/product/OLJCESPC7Z","message":"request started","session":"513dd945-739c-4fe3-8e54-6e6927fbb733","severity":"debug","timestamp":"2026-03-25T12:05:37.383216903Z"}
{"currency":"USD","http.req.id":"ddd00963-a8cc-4db2-8121-762b037a1f06","http.req.method":"GET","http.req.path":"/product/OLJCESPC7Z","id":"OLJCESPC7Z","message":"serving product page","session":"513dd945-739c-4fe3-8e54-6e6927fbb733","severity":"debug","timestamp":"2026-03-25T12:05:37.383332691Z"}
{"http.req.id":"ddd00963-a8cc-4db2-8121-762b037a1f06","http.req.method":"GET","http.req.path":"/product/OLJCESPC7Z","http.resp.bytes":7993,"http.resp.status":200,"http.resp.took_ms":16,"message":"request complete","session":"513dd945-739c-4fe3-8e54-6e6927fbb733","severity":"debug","timestamp":"2026-03-25T12:05:37.399853048Z"}
{"http.req.id":"e7bc8620-b518-4bfd-8637-fd3c059d07fb","http.req.method":"GET","http.req.path":"/cart","message":"request started","session":"514e00c6-206e-4c6e-873f-852b796455de","severity":"debug","timestamp":"2026-03-25T12:05:38.207548037Z"}
{"http.req.id":"e7bc8620-b518-4bfd-8637-fd3c059d07fb","http.req.method":"GET","http.req.path":"/cart","message":"view user cart","session":"514e00c6-206e-4c6e-873f-852b796455de","severity":"debug","timestamp":"2026-03-25T12:05:38.207652028Z"}
{"http.req.id":"38da5cd5-e019-4211-842c-70a6a1355a34","http.req.method":"GET","http.req.path":"/product/0PUK6V6EV0","message":"request started","session":"827eab86-1aba-4a15-8740-5fee5900d10f","severity":"debug","timestamp":"2026-03-25T12:05:38.21974209Z"}
{"currency":"USD","http.req.id":"38da5cd5-e019-4211-842c-70a6a1355a34","http.req.method":"GET","http.req.path":"/product/0PUK6V6EV0","id":"0PUK6V6EV0","message":"serving product page","session":"827eab86-1aba-4a15-8740-5fee5900d10f","severity":"debug","timestamp":"2026-03-25T12:05:38.219849806Z"}
{"http.req.id":"e7bc8620-b518-4bfd-8637-fd3c059d07fb","http.req.method":"GET","http.req.path":"/cart","http.resp.bytes":16413,"http.resp.status":200,"http.resp.took_ms":60,"message":"request complete","session":"514e00c6-206e-4c6e-873f-852b796455de","severity":"debug","timestamp":"2026-03-25T12:05:38.267854738Z"}
{"http.req.id":"38da5cd5-e019-4211-842c-70a6a1355a34","http.req.method":"GET","http.req.path":"/product/0PUK6V6EV0","http.resp.bytes":7960,"http.resp.status":200,"http.resp.took_ms":54,"message":"request complete","session":"827eab86-1aba-4a15-8740-5fee5900d10f","severity":"debug","timestamp":"2026-03-25T12:05:38.27447878Z"}
{"http.req.id":"46ba3e99-460c-4995-94d0-6acd2230ff0d","http.req.method":"GET","http.req.path":"/product/66VCHSJNUP","message":"request started","session":"ecb080bf-5333-403f-9547-c8725d499228","severity":"debug","timestamp":"2026-03-25T12:05:38.27499159Z"}
{"currency":"EUR","http.req.id":"46ba3e99-460c-4995-94d0-6acd2230ff0d","http.req.method":"GET","http.req.path":"/product/66VCHSJNUP","id":"66VCHSJNUP","message":"serving product page","session":"ecb080bf-5333-403f-9547-c8725d499228","severity":"debug","timestamp":"2026-03-25T12:05:38.275054248Z"}
{"http.req.id":"46ba3e99-460c-4995-94d0-6acd2230ff0d","http.req.method":"GET","http.req.path":"/product/66VCHSJNUP","http.resp.bytes":7914,"http.resp.status":200,"http.resp.took_ms":17,"message":"request complete","session":"ecb080bf-5333-403f-9547-c8725d499228","severity":"debug","timestamp":"2026-03-25T12:05:38.292710045Z"}
{"http.req.id":"fe436cc9-66a3-4ab2-b07d-ca01c0f5ac04","http.req.method":"GET","http.req.path":"/product/66VCHSJNUP","message":"request started","session":"2d3bf3d7-22b5-49c9-8227-12126292f393","severity":"debug","timestamp":"2026-03-25T12:05:41.061763562Z"}
{"currency":"TRY","http.req.id":"fe436cc9-66a3-4ab2-b07d-ca01c0f5ac04","http.req.method":"GET","http.req.path":"/product/66VCHSJNUP","id":"66VCHSJNUP","message":"serving product page","session":"2d3bf3d7-22b5-49c9-8227-12126292f393","severity":"debug","timestamp":"2026-03-25T12:05:41.061847232Z"}
{"http.req.id":"fe436cc9-66a3-4ab2-b07d-ca01c0f5ac04","http.req.method":"GET","http.req.path":"/product/66VCHSJNUP","http.resp.bytes":7990,"http.resp.status":200,"http.resp.took_ms":15,"message":"request complete","session":"2d3bf3d7-22b5-49c9-8227-12126292f393","severity":"debug","timestamp":"2026-03-25T12:05:41.076792684Z"}
{"http.req.id":"1588bbd4-2b32-4eb1-8bd2-77d2ab60445c","http.req.method":"GET","http.req.path":"/product/LS4PSXUNUM","message":"request started","session":"fcb2831f-0627-4791-ac1d-23821dc5b140","severity":"debug","timestamp":"2026-03-25T12:05:41.420773463Z"}
{"currency":"GBP","http.req.id":"1588bbd4-2b32-4eb1-8bd2-77d2ab60445c","http.req.method":"GET","http.req.path":"/product/LS4PSXUNUM","id":"LS4PSXUNUM","message":"serving product page","session":"fcb2831f-0627-4791-ac1d-23821dc5b140","severity":"debug","timestamp":"2026-03-25T12:05:41.420862785Z"}
{"http.req.id":"1588bbd4-2b32-4eb1-8bd2-77d2ab60445c","http.req.method":"GET","http.req.path":"/product/LS4PSXUNUM","http.resp.bytes":7964,"http.resp.status":200,"http.resp.took_ms":19,"message":"request complete","session":"fcb2831f-0627-4791-ac1d-23821dc5b140","severity":"debug","timestamp":"2026-03-25T12:05:41.440179233Z"}
{"http.req.id":"7ee64ee6-6381-4b4d-9cfa-e6c18c03f834","http.req.method":"GET","http.req.path":"/product/66VCHSJNUP","message":"request started","session":"514e00c6-206e-4c6e-873f-852b796455de","severity":"debug","timestamp":"2026-03-25T12:05:41.781231827Z"}
{"currency":"EUR","http.req.id":"7ee64ee6-6381-4b4d-9cfa-e6c18c03f834","http.req.method":"GET","http.req.path":"/product/66VCHSJNUP","id":"66VCHSJNUP","message":"serving product page","session":"514e00c6-206e-4c6e-873f-852b796455de","severity":"debug","timestamp":"2026-03-25T12:05:41.781316486Z"}
{"http.req.id":"7ee64ee6-6381-4b4d-9cfa-e6c18c03f834","http.req.method":"GET","http.req.path":"/product/66VCHSJNUP","http.resp.bytes":7981,"http.resp.status":200,"http.resp.took_ms":18,"message":"request complete","session":"514e00c6-206e-4c6e-873f-852b796455de","severity":"debug","timestamp":"2026-03-25T12:05:41.799686098Z"}
{"http.req.id":"a3b6cf92-8295-44d3-aed3-5b47e5019e7f","http.req.method":"GET","http.req.path":"/product/9SIQT8TOJO","message":"request started","session":"694745d8-a179-4c65-83d6-9ed873a7b94b","severity":"debug","timestamp":"2026-03-25T12:05:42.271470594Z"}
{"currency":"EUR","http.req.id":"a3b6cf92-8295-44d3-aed3-5b47e5019e7f","http.req.method":"GET","http.req.path":"/product/9SIQT8TOJO","id":"9SIQT8TOJO","message":"serving product page","session":"694745d8-a179-4c65-83d6-9ed873a7b94b","severity":"debug","timestamp":"2026-03-25T12:05:42.27159239Z"}
{"http.req.id":"a3b6cf92-8295-44d3-aed3-5b47e5019e7f","http.req.method":"GET","http.req.path":"/product/9SIQT8TOJO","http.resp.bytes":7997,"http.resp.status":200,"http.resp.took_ms":15,"message":"request complete","session":"694745d8-a179-4c65-83d6-9ed873a7b94b","severity":"debug","timestamp":"2026-03-25T12:05:42.287064145Z"}
{"http.req.id":"f2f21da1-a6bd-4421-8c4f-9b7ba2e2f227","http.req.method":"POST","http.req.path":"/setCurrency","message":"request started","session":"32217267-98ca-4d66-9fc8-3f088b8def0f","severity":"debug","timestamp":"2026-03-25T12:05:42.995080811Z"}
{"curr.new":"JPY","curr.old":"GBP","http.req.id":"f2f21da1-a6bd-4421-8c4f-9b7ba2e2f227","http.req.method":"POST","http.req.path":"/setCurrency","message":"setting currency","session":"32217267-98ca-4d66-9fc8-3f088b8def0f","severity":"debug","timestamp":"2026-03-25T12:05:42.995274344Z"}
{"http.req.id":"f2f21da1-a6bd-4421-8c4f-9b7ba2e2f227","http.req.method":"POST","http.req.path":"/setCurrency","http.resp.bytes":0,"http.resp.status":302,"http.resp.took_ms":0,"message":"request complete","session":"32217267-98ca-4d66-9fc8-3f088b8def0f","severity":"debug","timestamp":"2026-03-25T12:05:42.995322262Z"}
{"http.req.id":"fbe78d83-7ed6-4100-8ffb-20a3b161e957","http.req.method":"GET","http.req.path":"/","message":"request started","session":"32217267-98ca-4d66-9fc8-3f088b8def0f","severity":"debug","timestamp":"2026-03-25T12:05:42.997061258Z"}
{"currency":"JPY","http.req.id":"fbe78d83-7ed6-4100-8ffb-20a3b161e957","http.req.method":"GET","http.req.path":"/","message":"home","session":"32217267-98ca-4d66-9fc8-3f088b8def0f","severity":"info","timestamp":"2026-03-25T12:05:42.997103233Z"}
env platform is either empty or invalid
{"http.req.id":"fbe78d83-7ed6-4100-8ffb-20a3b161e957","http.req.method":"GET","http.req.path":"/","message":"ENV_PLATFORM is: local","session":"32217267-98ca-4d66-9fc8-3f088b8def0f","severity":"debug","timestamp":"2026-03-25T12:05:43.018439674Z"}
{"http.req.id":"fbe78d83-7ed6-4100-8ffb-20a3b161e957","http.req.method":"GET","http.req.path":"/","http.resp.bytes":10502,"http.resp.status":200,"http.resp.took_ms":24,"message":"request complete","session":"32217267-98ca-4d66-9fc8-3f088b8def0f","severity":"debug","timestamp":"2026-03-25T12:05:43.021231829Z"}
{"http.req.id":"3dcc9da4-be37-4559-a867-5975f67c9b85","http.req.method":"GET","http.req.path":"/product/2ZYFJ3GM2N","message":"request started","session":"a38c2610-1665-4c93-8051-4c451f5de325","severity":"debug","timestamp":"2026-03-25T12:05:43.980140389Z"}
{"currency":"TRY","http.req.id":"3dcc9da4-be37-4559-a867-5975f67c9b85","http.req.method":"GET","http.req.path":"/product/2ZYFJ3GM2N","id":"2ZYFJ3GM2N","message":"serving product page","session":"a38c2610-1665-4c93-8051-4c451f5de325","severity":"debug","timestamp":"2026-03-25T12:05:43.980302061Z"}
{"http.req.id":"d8e59b43-0c48-47ec-a44f-729156ec6285","http.req.method":"GET","http.req.path":"/_healthz","message":"request started","session":"x-liveness-probe","severity":"debug","timestamp":"2026-03-25T12:05:44.007353622Z"}
{"http.req.id":"d8e59b43-0c48-47ec-a44f-729156ec6285","http.req.method":"GET","http.req.path":"/_healthz","http.resp.bytes":2,"http.resp.status":200,"http.resp.took_ms":0,"message":"request complete","session":"x-liveness-probe","severity":"debug","timestamp":"2026-03-25T12:05:44.007448216Z"}
{"http.req.id":"3dcc9da4-be37-4559-a867-5975f67c9b85","http.req.method":"GET","http.req.path":"/product/2ZYFJ3GM2N","http.resp.bytes":8015,"http.resp.status":200,"http.resp.took_ms":113,"message":"request complete","session":"a38c2610-1665-4c93-8051-4c451f5de325","severity":"debug","timestamp":"2026-03-25T12:05:44.093315022Z"}
{"http.req.id":"f1269738-4580-4fbb-859d-56ed402c6275","http.req.method":"GET","http.req.path":"/product/OLJCESPC7Z","message":"request started","session":"32217267-98ca-4d66-9fc8-3f088b8def0f","severity":"debug","timestamp":"2026-03-25T12:05:44.63811624Z"}
{"currency":"JPY","http.req.id":"f1269738-4580-4fbb-859d-56ed402c6275","http.req.method":"GET","http.req.path":"/product/OLJCESPC7Z","id":"OLJCESPC7Z","message":"serving product page","session":"32217267-98ca-4d66-9fc8-3f088b8def0f","severity":"debug","timestamp":"2026-03-25T12:05:44.638223548Z"}
{"http.req.id":"eebc2c0a-6451-4c9f-a5d0-5dfbbab194f4","http.req.method":"GET","http.req.path":"/product/2ZYFJ3GM2N","message":"request started","session":"514e00c6-206e-4c6e-873f-852b796455de","severity":"debug","timestamp":"2026-03-25T12:05:44.687512238Z"}
{"currency":"EUR","http.req.id":"eebc2c0a-6451-4c9f-a5d0-5dfbbab194f4","http.req.method":"GET","http.req.path":"/product/2ZYFJ3GM2N","id":"2ZYFJ3GM2N","message":"serving product page","session":"514e00c6-206e-4c6e-873f-852b796455de","severity":"debug","timestamp":"2026-03-25T12:05:44.687618946Z"}
{"http.req.id":"78f14e37-adfa-479f-b94f-cb46bbf4639f","http.req.method":"GET","http.req.path":"/product/0PUK6V6EV0","message":"request started","session":"694745d8-a179-4c65-83d6-9ed873a7b94b","severity":"debug","timestamp":"2026-03-25T12:05:44.786879533Z"}
{"currency":"EUR","http.req.id":"78f14e37-adfa-479f-b94f-cb46bbf4639f","http.req.method":"GET","http.req.path":"/product/0PUK6V6EV0","id":"0PUK6V6EV0","message":"serving product page","session":"694745d8-a179-4c65-83d6-9ed873a7b94b","severity":"debug","timestamp":"2026-03-25T12:05:44.786954249Z"}
{"http.req.id":"f1269738-4580-4fbb-859d-56ed402c6275","http.req.method":"GET","http.req.path":"/product/OLJCESPC7Z","http.resp.bytes":8024,"http.resp.status":200,"http.resp.took_ms":149,"message":"request complete","session":"32217267-98ca-4d66-9fc8-3f088b8def0f","severity":"debug","timestamp":"2026-03-25T12:05:44.78800811Z"}
{"http.req.id":"191ba4da-c092-47b7-983d-d888f89aad83","http.req.method":"GET","http.req.path":"/cart","message":"request started","session":"df4ce93a-5d92-40a8-93c2-540bf11bbb4d","severity":"debug","timestamp":"2026-03-25T12:05:44.887785415Z"}
{"http.req.id":"191ba4da-c092-47b7-983d-d888f89aad83","http.req.method":"GET","http.req.path":"/cart","message":"view user cart","session":"df4ce93a-5d92-40a8-93c2-540bf11bbb4d","severity":"debug","timestamp":"2026-03-25T12:05:44.887841484Z"}
{"http.req.id":"eebc2c0a-6451-4c9f-a5d0-5dfbbab194f4","http.req.method":"GET","http.req.path":"/product/2ZYFJ3GM2N","http.resp.bytes":7983,"http.resp.status":200,"http.resp.took_ms":204,"message":"request complete","session":"514e00c6-206e-4c6e-873f-852b796455de","severity":"debug","timestamp":"2026-03-25T12:05:44.892279599Z"}
{"http.req.id":"aaba1103-9af1-4b70-bb3e-0bb0453cb7d0","http.req.method":"POST","http.req.path":"/cart","message":"request started","session":"514e00c6-206e-4c6e-873f-852b796455de","severity":"debug","timestamp":"2026-03-25T12:05:44.893866723Z"}
{"http.req.id":"aaba1103-9af1-4b70-bb3e-0bb0453cb7d0","http.req.method":"POST","http.req.path":"/cart","message":"adding to cart","product":"2ZYFJ3GM2N","quantity":9,"session":"514e00c6-206e-4c6e-873f-852b796455de","severity":"debug","timestamp":"2026-03-25T12:05:44.893992315Z"}
{"http.req.id":"aaba1103-9af1-4b70-bb3e-0bb0453cb7d0","http.req.method":"POST","http.req.path":"/cart","http.resp.bytes":0,"http.resp.status":302,"http.resp.took_ms":4,"message":"request complete","session":"514e00c6-206e-4c6e-873f-852b796455de","severity":"debug","timestamp":"2026-03-25T12:05:44.89818976Z"}
{"http.req.id":"e1809f3b-781b-4de9-a4a7-5e9007c5b7e1","http.req.method":"GET","http.req.path":"/cart","message":"request started","session":"514e00c6-206e-4c6e-873f-852b796455de","severity":"debug","timestamp":"2026-03-25T12:05:44.899597093Z"}
{"http.req.id":"e1809f3b-781b-4de9-a4a7-5e9007c5b7e1","http.req.method":"GET","http.req.path":"/cart","message":"view user cart","session":"514e00c6-206e-4c6e-873f-852b796455de","severity":"debug","timestamp":"2026-03-25T12:05:44.899657204Z"}
{"http.req.id":"78f14e37-adfa-479f-b94f-cb46bbf4639f","http.req.method":"GET","http.req.path":"/product/0PUK6V6EV0","http.resp.bytes":7973,"http.resp.status":200,"http.resp.took_ms":304,"message":"request complete","session":"694745d8-a179-4c65-83d6-9ed873a7b94b","severity":"debug","timestamp":"2026-03-25T12:05:45.091379618Z"}
{"http.req.id":"191ba4da-c092-47b7-983d-d888f89aad83","http.req.method":"GET","http.req.path":"/cart","http.resp.bytes":6793,"http.resp.status":200,"http.resp.took_ms":205,"message":"request complete","session":"df4ce93a-5d92-40a8-93c2-540bf11bbb4d","severity":"debug","timestamp":"2026-03-25T12:05:45.093090807Z"}
{"http.req.id":"e1809f3b-781b-4de9-a4a7-5e9007c5b7e1","http.req.method":"GET","http.req.path":"/cart","http.resp.bytes":17799,"http.resp.status":200,"http.resp.took_ms":295,"message":"request complete","session":"514e00c6-206e-4c6e-873f-852b796455de","severity":"debug","timestamp":"2026-03-25T12:05:45.1950775Z"}
{"http.req.id":"4f362cbf-0734-413e-924c-62b14f5d219c","http.req.method":"GET","http.req.path":"/product/2ZYFJ3GM2N","message":"request started","session":"513dd945-739c-4fe3-8e54-6e6927fbb733","severity":"debug","timestamp":"2026-03-25T12:05:45.413154076Z"}
{"currency":"USD","http.req.id":"4f362cbf-0734-413e-924c-62b14f5d219c","http.req.method":"GET","http.req.path":"/product/2ZYFJ3GM2N","id":"2ZYFJ3GM2N","message":"serving product page","session":"513dd945-739c-4fe3-8e54-6e6927fbb733","severity":"debug","timestamp":"2026-03-25T12:05:45.413274341Z"}
{"http.req.id":"4f362cbf-0734-413e-924c-62b14f5d219c","http.req.method":"GET","http.req.path":"/product/2ZYFJ3GM2N","http.resp.bytes":8008,"http.resp.status":200,"http.resp.took_ms":35,"message":"request complete","session":"513dd945-739c-4fe3-8e54-6e6927fbb733","severity":"debug","timestamp":"2026-03-25T12:05:45.44827224Z"}
{"http.req.id":"20759258-54d5-4d7e-8c3f-cab7cfd1dcb3","http.req.method":"GET","http.req.path":"/cart","message":"request started","session":"fcb2831f-0627-4791-ac1d-23821dc5b140","severity":"debug","timestamp":"2026-03-25T12:05:45.503196855Z"}
{"http.req.id":"20759258-54d5-4d7e-8c3f-cab7cfd1dcb3","http.req.method":"GET","http.req.path":"/cart","message":"view user cart","session":"fcb2831f-0627-4791-ac1d-23821dc5b140","severity":"debug","timestamp":"2026-03-25T12:05:45.503307415Z"}
{"http.req.id":"20759258-54d5-4d7e-8c3f-cab7cfd1dcb3","http.req.method":"GET","http.req.path":"/cart","http.resp.bytes":16399,"http.resp.status":200,"http.resp.took_ms":22,"message":"request complete","session":"fcb2831f-0627-4791-ac1d-23821dc5b140","severity":"debug","timestamp":"2026-03-25T12:05:45.525615729Z"}
{"http.req.id":"977b4b5a-044e-4880-bf54-9a5d80abe95b","http.req.method":"GET","http.req.path":"/_healthz","message":"request started","session":"x-readiness-probe","severity":"debug","timestamp":"2026-03-25T12:05:47.290147069Z"}
{"http.req.id":"977b4b5a-044e-4880-bf54-9a5d80abe95b","http.req.method":"GET","http.req.path":"/_healthz","http.resp.bytes":2,"http.resp.status":200,"http.resp.took_ms":0,"message":"request complete","session":"x-readiness-probe","severity":"debug","timestamp":"2026-03-25T12:05:47.290950674Z"}
{"http.req.id":"a21ac5b6-8d26-4938-971f-ed78026e3daf","http.req.method":"POST","http.req.path":"/setCurrency","message":"request started","session":"df4ce93a-5d92-40a8-93c2-540bf11bbb4d","severity":"debug","timestamp":"2026-03-25T12:05:47.714046716Z"}
{"curr.new":"TRY","curr.old":"USD","http.req.id":"a21ac5b6-8d26-4938-971f-ed78026e3daf","http.req.method":"POST","http.req.path":"/setCurrency","message":"setting currency","session":"df4ce93a-5d92-40a8-93c2-540bf11bbb4d","severity":"debug","timestamp":"2026-03-25T12:05:47.714486092Z"}
{"http.req.id":"a21ac5b6-8d26-4938-971f-ed78026e3daf","http.req.method":"POST","http.req.path":"/setCurrency","http.resp.bytes":0,"http.resp.status":302,"http.resp.took_ms":0,"message":"request complete","session":"df4ce93a-5d92-40a8-93c2-540bf11bbb4d","severity":"debug","timestamp":"2026-03-25T12:05:47.714634078Z"}
{"http.req.id":"c53bf8c3-38cd-4f9c-adfc-ce96507a4037","http.req.method":"GET","http.req.path":"/","message":"request started","session":"df4ce93a-5d92-40a8-93c2-540bf11bbb4d","severity":"debug","timestamp":"2026-03-25T12:05:47.716583415Z"}
{"currency":"TRY","http.req.id":"c53bf8c3-38cd-4f9c-adfc-ce96507a4037","http.req.method":"GET","http.req.path":"/","message":"home","session":"df4ce93a-5d92-40a8-93c2-540bf11bbb4d","severity":"info","timestamp":"2026-03-25T12:05:47.716669324Z"}
env platform is either empty or invalid
{"http.req.id":"c53bf8c3-38cd-4f9c-adfc-ce96507a4037","http.req.method":"GET","http.req.path":"/","message":"ENV_PLATFORM is: local","session":"df4ce93a-5d92-40a8-93c2-540bf11bbb4d","severity":"debug","timestamp":"2026-03-25T12:05:47.790727716Z"}
{"http.req.id":"c53bf8c3-38cd-4f9c-adfc-ce96507a4037","http.req.method":"GET","http.req.path":"/","http.resp.bytes":10411,"http.resp.status":200,"http.resp.took_ms":79,"message":"request complete","session":"df4ce93a-5d92-40a8-93c2-540bf11bbb4d","severity":"debug","timestamp":"2026-03-25T12:05:47.79636952Z"}
{"http.req.id":"3d6566b4-fd6d-4f8a-ac52-e24028c1d67f","http.req.method":"GET","http.req.path":"/product/OLJCESPC7Z","message":"request started","session":"2d3bf3d7-22b5-49c9-8227-12126292f393","severity":"debug","timestamp":"2026-03-25T12:05:48.284390278Z"}
{"currency":"TRY","http.req.id":"3d6566b4-fd6d-4f8a-ac52-e24028c1d67f","http.req.method":"GET","http.req.path":"/product/OLJCESPC7Z","id":"OLJCESPC7Z","message":"serving product page","session":"2d3bf3d7-22b5-49c9-8227-12126292f393","severity":"debug","timestamp":"2026-03-25T12:05:48.284919549Z"}
{"http.req.id":"3d6566b4-fd6d-4f8a-ac52-e24028c1d67f","http.req.method":"GET","http.req.path":"/product/OLJCESPC7Z","http.resp.bytes":8013,"http.resp.status":200,"http.resp.took_ms":23,"message":"request complete","session":"2d3bf3d7-22b5-49c9-8227-12126292f393","severity":"debug","timestamp":"2026-03-25T12:05:48.308047663Z"}
{"http.req.id":"ed5107cc-53f7-4b96-82c0-792fb1d9f588","http.req.method":"GET","http.req.path":"/product/6E92ZMYYFZ","message":"request started","session":"694745d8-a179-4c65-83d6-9ed873a7b94b","severity":"debug","timestamp":"2026-03-25T12:05:48.574084039Z"}
{"currency":"EUR","http.req.id":"ed5107cc-53f7-4b96-82c0-792fb1d9f588","http.req.method":"GET","http.req.path":"/product/6E92ZMYYFZ","id":"6E92ZMYYFZ","message":"serving product page","session":"694745d8-a179-4c65-83d6-9ed873a7b94b","severity":"debug","timestamp":"2026-03-25T12:05:48.574180881Z"}
{"http.req.id":"0495f81d-4d6a-48db-a6d7-449c1b9647a6","http.req.method":"GET","http.req.path":"/product/1YMWWN1N4O","message":"request started","session":"ecb080bf-5333-403f-9547-c8725d499228","severity":"debug","timestamp":"2026-03-25T12:05:48.583208776Z"}
{"currency":"EUR","http.req.id":"0495f81d-4d6a-48db-a6d7-449c1b9647a6","http.req.method":"GET","http.req.path":"/product/1YMWWN1N4O","id":"1YMWWN1N4O","message":"serving product page","session":"ecb080bf-5333-403f-9547-c8725d499228","severity":"debug","timestamp":"2026-03-25T12:05:48.583315184Z"}
{"http.req.id":"ed5107cc-53f7-4b96-82c0-792fb1d9f588","http.req.method":"GET","http.req.path":"/product/6E92ZMYYFZ","http.resp.bytes":7936,"http.resp.status":200,"http.resp.took_ms":27,"message":"request complete","session":"694745d8-a179-4c65-83d6-9ed873a7b94b","severity":"debug","timestamp":"2026-03-25T12:05:48.602052586Z"}
{"http.req.id":"0495f81d-4d6a-48db-a6d7-449c1b9647a6","http.req.method":"GET","http.req.path":"/product/1YMWWN1N4O","http.resp.bytes":7921,"http.resp.status":200,"http.resp.took_ms":106,"message":"request complete","session":"ecb080bf-5333-403f-9547-c8725d499228","severity":"debug","timestamp":"2026-03-25T12:05:48.689307875Z"}
{"http.req.id":"b523adf6-779c-4351-a090-65362092f87b","http.req.method":"GET","http.req.path":"/product/L9ECAV7KIM","message":"request started","session":"827eab86-1aba-4a15-8740-5fee5900d10f","severity":"debug","timestamp":"2026-03-25T12:05:49.013916173Z"}
{"currency":"USD","http.req.id":"b523adf6-779c-4351-a090-65362092f87b","http.req.method":"GET","http.req.path":"/product/L9ECAV7KIM","id":"L9ECAV7KIM","message":"serving product page","session":"827eab86-1aba-4a15-8740-5fee5900d10f","severity":"debug","timestamp":"2026-03-25T12:05:49.014038371Z"}
{"http.req.id":"b523adf6-779c-4351-a090-65362092f87b","http.req.method":"GET","http.req.path":"/product/L9ECAV7KIM","http.resp.bytes":7960,"http.resp.status":200,"http.resp.took_ms":176,"message":"request complete","session":"827eab86-1aba-4a15-8740-5fee5900d10f","severity":"debug","timestamp":"2026-03-25T12:05:49.190079547Z"}
{"http.req.id":"2f2ab5c4-4aa9-4968-9e4e-0974137316ba","http.req.method":"POST","http.req.path":"/cart","message":"request started","session":"827eab86-1aba-4a15-8740-5fee5900d10f","severity":"debug","timestamp":"2026-03-25T12:05:49.192536887Z"}
{"http.req.id":"2f2ab5c4-4aa9-4968-9e4e-0974137316ba","http.req.method":"POST","http.req.path":"/cart","message":"adding to cart","product":"L9ECAV7KIM","quantity":1,"session":"827eab86-1aba-4a15-8740-5fee5900d10f","severity":"debug","timestamp":"2026-03-25T12:05:49.192743397Z"}
{"http.req.id":"2f2ab5c4-4aa9-4968-9e4e-0974137316ba","http.req.method":"POST","http.req.path":"/cart","http.resp.bytes":0,"http.resp.status":302,"http.resp.took_ms":4,"message":"request complete","session":"827eab86-1aba-4a15-8740-5fee5900d10f","severity":"debug","timestamp":"2026-03-25T12:05:49.197229471Z"}
{"http.req.id":"ad1462ae-eb7f-405c-bed9-cb15d25c17d4","http.req.method":"GET","http.req.path":"/cart","message":"request started","session":"827eab86-1aba-4a15-8740-5fee5900d10f","severity":"debug","timestamp":"2026-03-25T12:05:49.19870877Z"}
{"http.req.id":"ad1462ae-eb7f-405c-bed9-cb15d25c17d4","http.req.method":"GET","http.req.path":"/cart","message":"view user cart","session":"827eab86-1aba-4a15-8740-5fee5900d10f","severity":"debug","timestamp":"2026-03-25T12:05:49.198797252Z"}
{"http.req.id":"ad1462ae-eb7f-405c-bed9-cb15d25c17d4","http.req.method":"GET","http.req.path":"/cart","http.resp.bytes":23159,"http.resp.status":200,"http.resp.took_ms":99,"message":"request complete","session":"827eab86-1aba-4a15-8740-5fee5900d10f","severity":"debug","timestamp":"2026-03-25T12:05:49.298580096Z"}
{"http.req.id":"055c4f7f-325c-44c4-bb5f-18ac0a599bb8","http.req.method":"POST","http.req.path":"/cart/checkout","message":"request started","session":"827eab86-1aba-4a15-8740-5fee5900d10f","severity":"debug","timestamp":"2026-03-25T12:05:49.301811423Z"}
{"http.req.id":"055c4f7f-325c-44c4-bb5f-18ac0a599bb8","http.req.method":"POST","http.req.path":"/cart/checkout","message":"placing order","session":"827eab86-1aba-4a15-8740-5fee5900d10f","severity":"debug","timestamp":"2026-03-25T12:05:49.301949552Z"}
{"http.req.id":"055c4f7f-325c-44c4-bb5f-18ac0a599bb8","http.req.method":"POST","http.req.path":"/cart/checkout","message":"order placed","order":"f67583db-2842-11f1-a4a0-927ce8a683d8","session":"827eab86-1aba-4a15-8740-5fee5900d10f","severity":"info","timestamp":"2026-03-25T12:05:49.388017996Z"}
{"http.req.id":"055c4f7f-325c-44c4-bb5f-18ac0a599bb8","http.req.method":"POST","http.req.path":"/cart/checkout","http.resp.bytes":6732,"http.resp.status":200,"http.resp.took_ms":101,"message":"request complete","session":"827eab86-1aba-4a15-8740-5fee5900d10f","severity":"debug","timestamp":"2026-03-25T12:05:49.403031996Z"}
{"http.req.id":"6ce037fa-c7d3-4aff-98b5-bae4832545b6","http.req.method":"GET","http.req.path":"/product/0PUK6V6EV0","message":"request started","session":"827eab86-1aba-4a15-8740-5fee5900d10f","severity":"debug","timestamp":"2026-03-25T12:05:50.428291567Z"}
{"currency":"USD","http.req.id":"6ce037fa-c7d3-4aff-98b5-bae4832545b6","http.req.method":"GET","http.req.path":"/product/0PUK6V6EV0","id":"0PUK6V6EV0","message":"serving product page","session":"827eab86-1aba-4a15-8740-5fee5900d10f","severity":"debug","timestamp":"2026-03-25T12:05:50.428468143Z"}
{"http.req.id":"6ce037fa-c7d3-4aff-98b5-bae4832545b6","http.req.method":"GET","http.req.path":"/product/0PUK6V6EV0","http.resp.bytes":7870,"http.resp.status":200,"http.resp.took_ms":22,"message":"request complete","session":"827eab86-1aba-4a15-8740-5fee5900d10f","severity":"debug","timestamp":"2026-03-25T12:05:50.45043548Z"}
