{"http.req.id":"ace982f0-633f-4f36-a075-df1726efacf7","http.req.method":"GET","http.req.path":"/product/9SIQT8TOJO","http.resp.bytes":7930,"http.resp.status":200,"http.resp.took_ms":20,"message":"request complete","session":"2d3bf3d7-22b5-49c9-8227-12126292f393","severity":"debug","timestamp":"2026-03-25T11:57:25.329660088Z"}
{"http.req.id":"38ce488c-2269-4bfc-a4fd-be4d9feef5d3","http.req.method":"POST","http.req.path":"/cart","message":"request started","session":"2d3bf3d7-22b5-49c9-8227-12126292f393","severity":"debug","timestamp":"2026-03-25T11:57:25.330864697Z"}
{"http.req.id":"38ce488c-2269-4bfc-a4fd-be4d9feef5d3","http.req.method":"POST","http.req.path":"/cart","message":"adding to cart","product":"9SIQT8TOJO","quantity":8,"session":"2d3bf3d7-22b5-49c9-8227-12126292f393","severity":"debug","timestamp":"2026-03-25T11:57:25.33102972Z"}
{"http.req.id":"38ce488c-2269-4bfc-a4fd-be4d9feef5d3","http.req.method":"POST","http.req.path":"/cart","http.resp.bytes":0,"http.resp.status":302,"http.resp.took_ms":4,"message":"request complete","session":"2d3bf3d7-22b5-49c9-8227-12126292f393","severity":"debug","timestamp":"2026-03-25T11:57:25.334872077Z"}
{"http.req.id":"d472dd78-7b38-4332-81d4-07719b13c96f","http.req.method":"GET","http.req.path":"/cart","message":"request started","session":"2d3bf3d7-22b5-49c9-8227-12126292f393","severity":"debug","timestamp":"2026-03-25T11:57:25.336293022Z"}
{"http.req.id":"d472dd78-7b38-4332-81d4-07719b13c96f","http.req.method":"GET","http.req.path":"/cart","message":"view user cart","session":"2d3bf3d7-22b5-49c9-8227-12126292f393","severity":"debug","timestamp":"2026-03-25T11:57:25.336389604Z"}
{"http.req.id":"d472dd78-7b38-4332-81d4-07719b13c96f","http.req.method":"GET","http.req.path":"/cart","http.resp.bytes":16419,"http.resp.status":200,"http.resp.took_ms":16,"message":"request complete","session":"2d3bf3d7-22b5-49c9-8227-12126292f393","severity":"debug","timestamp":"2026-03-25T11:57:25.35262708Z"}
{"http.req.id":"f0e8a706-f9c1-4986-8a4a-f2839d1956b6","http.req.method":"GET","http.req.path":"/product/6E92ZMYYFZ","message":"request started","session":"827eab86-1aba-4a15-8740-5fee5900d10f","severity":"debug","timestamp":"2026-03-25T11:57:26.257667973Z"}
{"currency":"TRY","http.req.id":"f0e8a706-f9c1-4986-8a4a-f2839d1956b6","http.req.method":"GET","http.req.path":"/product/6E92ZMYYFZ","id":"6E92ZMYYFZ","message":"serving product page","session":"827eab86-1aba-4a15-8740-5fee5900d10f","severity":"debug","timestamp":"2026-03-25T11:57:26.257844239Z"}
{"http.req.id":"f0e8a706-f9c1-4986-8a4a-f2839d1956b6","http.req.method":"GET","http.req.path":"/product/6E92ZMYYFZ","http.resp.bytes":7842,"http.resp.status":200,"http.resp.took_ms":26,"message":"request complete","session":"827eab86-1aba-4a15-8740-5fee5900d10f","severity":"debug","timestamp":"2026-03-25T11:57:26.284667124Z"}
{"http.req.id":"5dc02717-86d9-4488-9eea-5688755095b3","http.req.method":"POST","http.req.path":"/cart","message":"request started","session":"827eab86-1aba-4a15-8740-5fee5900d10f","severity":"debug","timestamp":"2026-03-25T11:57:26.286119345Z"}
{"http.req.id":"5dc02717-86d9-4488-9eea-5688755095b3","http.req.method":"POST","http.req.path":"/cart","message":"adding to cart","product":"6E92ZMYYFZ","quantity":9,"session":"827eab86-1aba-4a15-8740-5fee5900d10f","severity":"debug","timestamp":"2026-03-25T11:57:26.286363599Z"}
{"http.req.id":"5dc02717-86d9-4488-9eea-5688755095b3","http.req.method":"POST","http.req.path":"/cart","http.resp.bytes":0,"http.resp.status":302,"http.resp.took_ms":4,"message":"request complete","session":"827eab86-1aba-4a15-8740-5fee5900d10f","severity":"debug","timestamp":"2026-03-25T11:57:26.290957035Z"}
{"http.req.id":"34dda30f-9cb3-4bf1-8a4c-29a273294864","http.req.method":"GET","http.req.path":"/cart","message":"request started","session":"827eab86-1aba-4a15-8740-5fee5900d10f","severity":"debug","timestamp":"2026-03-25T11:57:26.292744312Z"}
{"http.req.id":"34dda30f-9cb3-4bf1-8a4c-29a273294864","http.req.method":"GET","http.req.path":"/cart","message":"view user cart","session":"827eab86-1aba-4a15-8740-5fee5900d10f","severity":"debug","timestamp":"2026-03-25T11:57:26.292921107Z"}
{"http.req.id":"34dda30f-9cb3-4bf1-8a4c-29a273294864","http.req.method":"GET","http.req.path":"/cart","http.resp.bytes":16362,"http.resp.status":200,"http.resp.took_ms":26,"message":"request complete","session":"827eab86-1aba-4a15-8740-5fee5900d10f","severity":"debug","timestamp":"2026-03-25T11:57:26.319550769Z"}
{"http.req.id":"659cd178-7560-435d-97d8-aea845953e29","http.req.method":"GET","http.req.path":"/_healthz","message":"request started","session":"x-readiness-probe","severity":"debug","timestamp":"2026-03-25T11:57:26.506086376Z"}
{"http.req.id":"659cd178-7560-435d-97d8-aea845953e29","http.req.method":"GET","http.req.path":"/_healthz","http.resp.bytes":2,"http.resp.status":200,"http.resp.took_ms":0,"message":"request complete","session":"x-readiness-probe","severity":"debug","timestamp":"2026-03-25T11:57:26.506263297Z"}
{"http.req.id":"9cb19661-2eb3-43f4-9bd7-a04fe365da5c","http.req.method":"GET","http.req.path":"/cart","message":"request started","session":"fcb2831f-0627-4791-ac1d-23821dc5b140","severity":"debug","timestamp":"2026-03-25T11:57:27.988419247Z"}
{"http.req.id":"9cb19661-2eb3-43f4-9bd7-a04fe365da5c","http.req.method":"GET","http.req.path":"/cart","message":"view user cart","session":"fcb2831f-0627-4791-ac1d-23821dc5b140","severity":"debug","timestamp":"2026-03-25T11:57:27.988522336Z"}
{"http.req.id":"9cb19661-2eb3-43f4-9bd7-a04fe365da5c","http.req.method":"GET","http.req.path":"/cart","http.resp.bytes":6800,"http.resp.status":200,"http.resp.took_ms":99,"message":"request complete","session":"fcb2831f-0627-4791-ac1d-23821dc5b140","severity":"debug","timestamp":"2026-03-25T11:57:28.087468767Z"}
{"http.req.id":"bde71109-8f27-4dc3-88fc-687066387976","http.req.method":"GET","http.req.path":"/product/L9ECAV7KIM","message":"request started","session":"694745d8-a179-4c65-83d6-9ed873a7b94b","severity":"debug","timestamp":"2026-03-25T11:57:28.561055474Z"}
{"currency":"GBP","http.req.id":"bde71109-8f27-4dc3-88fc-687066387976","http.req.method":"GET","http.req.path":"/product/L9ECAV7KIM","id":"L9ECAV7KIM","message":"serving product page","session":"694745d8-a179-4c65-83d6-9ed873a7b94b","severity":"debug","timestamp":"2026-03-25T11:57:28.561152803Z"}
{"http.req.id":"bde71109-8f27-4dc3-88fc-687066387976","http.req.method":"GET","http.req.path":"/product/L9ECAV7KIM","http.resp.bytes":8006,"http.resp.status":200,"http.resp.took_ms":32,"message":"request complete","session":"694745d8-a179-4c65-83d6-9ed873a7b94b","severity":"debug","timestamp":"2026-03-25T11:57:28.593302438Z"}
{"http.req.id":"e6c2613c-dd30-42ca-bb88-90f443681ba4","http.req.method":"GET","http.req.path":"/product/1YMWWN1N4O","message":"request started","session":"fcb2831f-0627-4791-ac1d-23821dc5b140","severity":"debug","timestamp":"2026-03-25T11:57:29.489029035Z"}
{"currency":"JPY","http.req.id":"e6c2613c-dd30-42ca-bb88-90f443681ba4","http.req.method":"GET","http.req.path":"/product/1YMWWN1N4O","id":"1YMWWN1N4O","message":"serving product page","session":"fcb2831f-0627-4791-ac1d-23821dc5b140","severity":"debug","timestamp":"2026-03-25T11:57:29.489145095Z"}
{"http.req.id":"e6c2613c-dd30-42ca-bb88-90f443681ba4","http.req.method":"GET","http.req.path":"/product/1YMWWN1N4O","http.resp.bytes":7914,"http.resp.status":200,"http.resp.took_ms":20,"message":"request complete","session":"fcb2831f-0627-4791-ac1d-23821dc5b140","severity":"debug","timestamp":"2026-03-25T11:57:29.509821048Z"}
{"http.req.id":"722f384e-e452-4cce-85aa-05e9e2d7e94d","http.req.method":"GET","http.req.path":"/product/2ZYFJ3GM2N","message":"request started","session":"a38c2610-1665-4c93-8051-4c451f5de325","severity":"debug","timestamp":"2026-03-25T11:57:29.617326038Z"}
{"currency":"JPY","http.req.id":"722f384e-e452-4cce-85aa-05e9e2d7e94d","http.req.method":"GET","http.req.path":"/product/2ZYFJ3GM2N","id":"2ZYFJ3GM2N","message":"serving product page","session":"a38c2610-1665-4c93-8051-4c451f5de325","severity":"debug","timestamp":"2026-03-25T11:57:29.617446381Z"}
{"http.req.id":"722f384e-e452-4cce-85aa-05e9e2d7e94d","http.req.method":"GET","http.req.path":"/product/2ZYFJ3GM2N","http.resp.bytes":7930,"http.resp.status":200,"http.resp.took_ms":20,"message":"request complete","session":"a38c2610-1665-4c93-8051-4c451f5de325","severity":"debug","timestamp":"2026-03-25T11:57:29.637380227Z"}
{"http.req.id":"06a5447e-4698-4fb0-92ef-e58b55a49bcf","http.req.method":"POST","http.req.path":"/setCurrency","message":"request started","session":"694745d8-a179-4c65-83d6-9ed873a7b94b","severity":"debug","timestamp":"2026-03-25T11:57:30.273146742Z"}
{"curr.new":"USD","curr.old":"GBP","http.req.id":"06a5447e-4698-4fb0-92ef-e58b55a49bcf","http.req.method":"POST","http.req.path":"/setCurrency","message":"setting currency","session":"694745d8-a179-4c65-83d6-9ed873a7b94b","severity":"debug","timestamp":"2026-03-25T11:57:30.273329513Z"}
{"http.req.id":"06a5447e-4698-4fb0-92ef-e58b55a49bcf","http.req.method":"POST","http.req.path":"/setCurrency","http.resp.bytes":0,"http.resp.status":302,"http.resp.took_ms":0,"message":"request complete","session":"694745d8-a179-4c65-83d6-9ed873a7b94b","severity":"debug","timestamp":"2026-03-25T11:57:30.273375165Z"}
{"http.req.id":"edbae757-c104-4e51-9e07-ba150a289354","http.req.method":"GET","http.req.path":"/","message":"request started","session":"694745d8-a179-4c65-83d6-9ed873a7b94b","severity":"debug","timestamp":"2026-03-25T11:57:30.274885536Z"}
{"currency":"USD","http.req.id":"edbae757-c104-4e51-9e07-ba150a289354","http.req.method":"GET","http.req.path":"/","message":"home","session":"694745d8-a179-4c65-83d6-9ed873a7b94b","severity":"info","timestamp":"2026-03-25T11:57:30.274984577Z"}
{"http.req.id":"ced3421b-310b-4ad7-9d48-c7a8a55aae69","http.req.method":"GET","http.req.path":"/cart","message":"request started","session":"513dd945-739c-4fe3-8e54-6e6927fbb733","severity":"debug","timestamp":"2026-03-25T11:57:30.338197574Z"}
{"http.req.id":"ced3421b-310b-4ad7-9d48-c7a8a55aae69","http.req.method":"GET","http.req.path":"/cart","message":"view user cart","session":"513dd945-739c-4fe3-8e54-6e6927fbb733","severity":"debug","timestamp":"2026-03-25T11:57:30.338260804Z"}
env platform is either empty or invalid
{"http.req.id":"ced3421b-310b-4ad7-9d48-c7a8a55aae69","http.req.method":"GET","http.req.path":"/cart","http.resp.bytes":6823,"http.resp.status":200,"http.resp.took_ms":70,"message":"request complete","session":"513dd945-739c-4fe3-8e54-6e6927fbb733","severity":"debug","timestamp":"2026-03-25T11:57:30.408262723Z"}
{"http.req.id":"edbae757-c104-4e51-9e07-ba150a289354","http.req.method":"GET","http.req.path":"/","message":"ENV_PLATFORM is: local","session":"694745d8-a179-4c65-83d6-9ed873a7b94b","severity":"debug","timestamp":"2026-03-25T11:57:30.445196425Z"}
{"http.req.id":"edbae757-c104-4e51-9e07-ba150a289354","http.req.method":"GET","http.req.path":"/","http.resp.bytes":10473,"http.resp.status":200,"http.resp.took_ms":175,"message":"request complete","session":"694745d8-a179-4c65-83d6-9ed873a7b94b","severity":"debug","timestamp":"2026-03-25T11:57:30.450620118Z"}
{"http.req.id":"8e310a8d-1a35-4655-917b-3ef1187f8e86","http.req.method":"GET","http.req.path":"/product/2ZYFJ3GM2N","message":"request started","session":"827eab86-1aba-4a15-8740-5fee5900d10f","severity":"debug","timestamp":"2026-03-25T11:57:30.894101556Z"}
{"currency":"TRY","http.req.id":"8e310a8d-1a35-4655-917b-3ef1187f8e86","http.req.method":"GET","http.req.path":"/product/2ZYFJ3GM2N","id":"2ZYFJ3GM2N","message":"serving product page","session":"827eab86-1aba-4a15-8740-5fee5900d10f","severity":"debug","timestamp":"2026-03-25T11:57:30.89420572Z"}
{"http.req.id":"041d1e53-3dba-4e3a-ac27-2319e4c03891","http.req.method":"GET","http.req.path":"/cart","message":"request started","session":"32217267-98ca-4d66-9fc8-3f088b8def0f","severity":"debug","timestamp":"2026-03-25T11:57:30.909288597Z"}
{"http.req.id":"041d1e53-3dba-4e3a-ac27-2319e4c03891","http.req.method":"GET","http.req.path":"/cart","message":"view user cart","session":"32217267-98ca-4d66-9fc8-3f088b8def0f","severity":"debug","timestamp":"2026-03-25T11:57:30.909381999Z"}
{"http.req.id":"8e310a8d-1a35-4655-917b-3ef1187f8e86","http.req.method":"GET","http.req.path":"/product/2ZYFJ3GM2N","http.resp.bytes":8008,"http.resp.status":200,"http.resp.took_ms":31,"message":"request complete","session":"827eab86-1aba-4a15-8740-5fee5900d10f","severity":"debug","timestamp":"2026-03-25T11:57:30.925167716Z"}
{"http.req.id":"041d1e53-3dba-4e3a-ac27-2319e4c03891","http.req.method":"GET","http.req.path":"/cart","http.resp.bytes":16361,"http.resp.status":200,"http.resp.took_ms":78,"message":"request complete","session":"32217267-98ca-4d66-9fc8-3f088b8def0f","severity":"debug","timestamp":"2026-03-25T11:57:30.988090505Z"}
{"http.req.id":"ebc74486-123c-45c3-878c-348ddda0a178","http.req.method":"POST","http.req.path":"/setCurrency","message":"request started","session":"2d3bf3d7-22b5-49c9-8227-12126292f393","severity":"debug","timestamp":"2026-03-25T11:57:31.050838817Z"}
{"curr.new":"TRY","curr.old":"GBP","http.req.id":"ebc74486-123c-45c3-878c-348ddda0a178","http.req.method":"POST","http.req.path":"/setCurrency","message":"setting currency","session":"2d3bf3d7-22b5-49c9-8227-12126292f393","severity":"debug","timestamp":"2026-03-25T11:57:31.051078481Z"}
{"http.req.id":"ebc74486-123c-45c3-878c-348ddda0a178","http.req.method":"POST","http.req.path":"/setCurrency","http.resp.bytes":0,"http.resp.status":302,"http.resp.took_ms":0,"message":"request complete","session":"2d3bf3d7-22b5-49c9-8227-12126292f393","severity":"debug","timestamp":"2026-03-25T11:57:31.051250279Z"}
{"http.req.id":"e7ca6dd6-b9ff-4b81-8467-b628e9928f5a","http.req.method":"GET","http.req.path":"/","message":"request started","session":"2d3bf3d7-22b5-49c9-8227-12126292f393","severity":"debug","timestamp":"2026-03-25T11:57:31.053441069Z"}
{"currency":"TRY","http.req.id":"e7ca6dd6-b9ff-4b81-8467-b628e9928f5a","http.req.method":"GET","http.req.path":"/","message":"home","session":"2d3bf3d7-22b5-49c9-8227-12126292f393","severity":"info","timestamp":"2026-03-25T11:57:31.05353622Z"}
env platform is either empty or invalid
{"http.req.id":"e7ca6dd6-b9ff-4b81-8467-b628e9928f5a","http.req.method":"GET","http.req.path":"/","message":"ENV_PLATFORM is: local","session":"2d3bf3d7-22b5-49c9-8227-12126292f393","severity":"debug","timestamp":"2026-03-25T11:57:31.102491099Z"}
{"http.req.id":"e7ca6dd6-b9ff-4b81-8467-b628e9928f5a","http.req.method":"GET","http.req.path":"/","http.resp.bytes":10500,"http.resp.status":200,"http.resp.took_ms":53,"message":"request complete","session":"2d3bf3d7-22b5-49c9-8227-12126292f393","severity":"debug","timestamp":"2026-03-25T11:57:31.106812947Z"}
{"http.req.id":"12bbb874-c791-46aa-ab95-27e938cc2250","http.req.method":"GET","http.req.path":"/product/OLJCESPC7Z","message":"request started","session":"ecb080bf-5333-403f-9547-c8725d499228","severity":"debug","timestamp":"2026-03-25T11:57:31.194566593Z"}
{"currency":"JPY","http.req.id":"12bbb874-c791-46aa-ab95-27e938cc2250","http.req.method":"GET","http.req.path":"/product/OLJCESPC7Z","id":"OLJCESPC7Z","message":"serving product page","session":"ecb080bf-5333-403f-9547-c8725d499228","severity":"debug","timestamp":"2026-03-25T11:57:31.194679924Z"}
{"http.req.id":"12bbb874-c791-46aa-ab95-27e938cc2250","http.req.method":"GET","http.req.path":"/product/OLJCESPC7Z","http.resp.bytes":7929,"http.resp.status":200,"http.resp.took_ms":30,"message":"request complete","session":"ecb080bf-5333-403f-9547-c8725d499228","severity":"debug","timestamp":"2026-03-25T11:57:31.225191008Z"}
{"http.req.id":"94aa011d-ae3c-44c1-b3f2-e2e1e15a8de9","http.req.method":"GET","http.req.path":"/product/L9ECAV7KIM","message":"request started","session":"df4ce93a-5d92-40a8-93c2-540bf11bbb4d","severity":"debug","timestamp":"2026-03-25T11:57:31.279647903Z"}
{"currency":"USD","http.req.id":"94aa011d-ae3c-44c1-b3f2-e2e1e15a8de9","http.req.method":"GET","http.req.path":"/product/L9ECAV7KIM","id":"L9ECAV7KIM","message":"serving product page","session":"df4ce93a-5d92-40a8-93c2-540bf11bbb4d","severity":"debug","timestamp":"2026-03-25T11:57:31.279823755Z"}
{"http.req.id":"94aa011d-ae3c-44c1-b3f2-e2e1e15a8de9","http.req.method":"GET","http.req.path":"/product/L9ECAV7KIM","http.resp.bytes":7958,"http.resp.status":200,"http.resp.took_ms":29,"message":"request complete","session":"df4ce93a-5d92-40a8-93c2-540bf11bbb4d","severity":"debug","timestamp":"2026-03-25T11:57:31.308672182Z"}
{"http.req.id":"5af939c5-32ab-4352-8c15-89871177f35e","http.req.method":"POST","http.req.path":"/cart","message":"request started","session":"df4ce93a-5d92-40a8-93c2-540bf11bbb4d","severity":"debug","timestamp":"2026-03-25T11:57:31.312103215Z"}
{"http.req.id":"5af939c5-32ab-4352-8c15-89871177f35e","http.req.method":"POST","http.req.path":"/cart","message":"adding to cart","product":"L9ECAV7KIM","quantity":9,"session":"df4ce93a-5d92-40a8-93c2-540bf11bbb4d","severity":"debug","timestamp":"2026-03-25T11:57:31.312312746Z"}
{"http.req.id":"5af939c5-32ab-4352-8c15-89871177f35e","http.req.method":"POST","http.req.path":"/cart","http.resp.bytes":0,"http.resp.status":302,"http.resp.took_ms":6,"message":"request complete","session":"df4ce93a-5d92-40a8-93c2-540bf11bbb4d","severity":"debug","timestamp":"2026-03-25T11:57:31.318548848Z"}
{"http.req.id":"1ce42396-aaed-4016-b0e3-282ff36b3ab2","http.req.method":"GET","http.req.path":"/cart","message":"request started","session":"df4ce93a-5d92-40a8-93c2-540bf11bbb4d","severity":"debug","timestamp":"2026-03-25T11:57:31.338031532Z"}
{"http.req.id":"1ce42396-aaed-4016-b0e3-282ff36b3ab2","http.req.method":"GET","http.req.path":"/cart","message":"view user cart","session":"df4ce93a-5d92-40a8-93c2-540bf11bbb4d","severity":"debug","timestamp":"2026-03-25T11:57:31.338130793Z"}
{"http.req.id":"1ce42396-aaed-4016-b0e3-282ff36b3ab2","http.req.method":"GET","http.req.path":"/cart","http.resp.bytes":19247,"http.resp.status":200,"http.resp.took_ms":148,"message":"request complete","session":"df4ce93a-5d92-40a8-93c2-540bf11bbb4d","severity":"debug","timestamp":"2026-03-25T11:57:31.486769588Z"}
{"http.req.id":"96893a02-59e9-41cd-aeeb-654b0bca276c","http.req.method":"POST","http.req.path":"/cart/checkout","message":"request started","session":"df4ce93a-5d92-40a8-93c2-540bf11bbb4d","severity":"debug","timestamp":"2026-03-25T11:57:31.489945041Z"}
{"http.req.id":"96893a02-59e9-41cd-aeeb-654b0bca276c","http.req.method":"POST","http.req.path":"/cart/checkout","message":"placing order","session":"df4ce93a-5d92-40a8-93c2-540bf11bbb4d","severity":"debug","timestamp":"2026-03-25T11:57:31.490038018Z"}
{"http.req.id":"96893a02-59e9-41cd-aeeb-654b0bca276c","http.req.method":"POST","http.req.path":"/cart/checkout","message":"order placed","order":"cdbd2c23-2841-11f1-a4a0-927ce8a683d8","session":"df4ce93a-5d92-40a8-93c2-540bf11bbb4d","severity":"info","timestamp":"2026-03-25T11:57:31.524271278Z"}
{"http.req.id":"96893a02-59e9-41cd-aeeb-654b0bca276c","http.req.method":"POST","http.req.path":"/cart/checkout","http.resp.bytes":6723,"http.resp.status":200,"http.resp.took_ms":104,"message":"request complete","session":"df4ce93a-5d92-40a8-93c2-540bf11bbb4d","severity":"debug","timestamp":"2026-03-25T11:57:31.59411975Z"}
{"http.req.id":"f25f0088-e0d9-45d4-8334-727234e77bf3","http.req.method":"GET","http.req.path":"/_healthz","message":"request started","session":"x-liveness-probe","severity":"debug","timestamp":"2026-03-25T11:57:32.299633812Z"}
{"http.req.id":"f25f0088-e0d9-45d4-8334-727234e77bf3","http.req.method":"GET","http.req.path":"/_healthz","http.resp.bytes":2,"http.resp.status":200,"http.resp.took_ms":0,"message":"request complete","session":"x-liveness-probe","severity":"debug","timestamp":"2026-03-25T11:57:32.300039619Z"}
{"http.req.id":"94aeaf1a-152b-4ca7-94d7-01f9d94fcb7b","http.req.method":"GET","http.req.path":"/product/66VCHSJNUP","message":"request started","session":"514e00c6-206e-4c6e-873f-852b796455de","severity":"debug","timestamp":"2026-03-25T11:57:32.645484171Z"}
{"currency":"USD","http.req.id":"94aeaf1a-152b-4ca7-94d7-01f9d94fcb7b","http.req.method":"GET","http.req.path":"/product/66VCHSJNUP","id":"66VCHSJNUP","message":"serving product page","session":"514e00c6-206e-4c6e-873f-852b796455de","severity":"debug","timestamp":"2026-03-25T11:57:32.645608115Z"}
{"http.req.id":"94aeaf1a-152b-4ca7-94d7-01f9d94fcb7b","http.req.method":"GET","http.req.path":"/product/66VCHSJNUP","http.resp.bytes":7979,"http.resp.status":200,"http.resp.took_ms":35,"message":"request complete","session":"514e00c6-206e-4c6e-873f-852b796455de","severity":"debug","timestamp":"2026-03-25T11:57:32.680647474Z"}
{"http.req.id":"ec1699d5-d043-4d91-b483-83a178844197","http.req.method":"GET","http.req.path":"/cart","message":"request started","session":"ecb080bf-5333-403f-9547-c8725d499228","severity":"debug","timestamp":"2026-03-25T11:57:32.879713747Z"}
{"http.req.id":"ec1699d5-d043-4d91-b483-83a178844197","http.req.method":"GET","http.req.path":"/cart","message":"view user cart","session":"ecb080bf-5333-403f-9547-c8725d499228","severity":"debug","timestamp":"2026-03-25T11:57:32.879814768Z"}
{"http.req.id":"ec1699d5-d043-4d91-b483-83a178844197","http.req.method":"GET","http.req.path":"/cart","http.resp.bytes":6786,"http.resp.status":200,"http.resp.took_ms":28,"message":"request complete","session":"ecb080bf-5333-403f-9547-c8725d499228","severity":"debug","timestamp":"2026-03-25T11:57:32.908666415Z"}
{"http.req.id":"ed5d58d7-72da-4839-a8d0-893e628270c9","http.req.method":"GET","http.req.path":"/product/LS4PSXUNUM","message":"request started","session":"513dd945-739c-4fe3-8e54-6e6927fbb733","severity":"debug","timestamp":"2026-03-25T11:57:33.945714356Z"}
{"currency":"TRY","http.req.id":"ed5d58d7-72da-4839-a8d0-893e628270c9","http.req.method":"GET","http.req.path":"/product/LS4PSXUNUM","id":"LS4PSXUNUM","message":"serving product page","session":"513dd945-739c-4fe3-8e54-6e6927fbb733","severity":"debug","timestamp":"2026-03-25T11:57:33.945898027Z"}
{"http.req.id":"ed5d58d7-72da-4839-a8d0-893e628270c9","http.req.method":"GET","http.req.path":"/product/LS4PSXUNUM","http.resp.bytes":7880,"http.resp.status":200,"http.resp.took_ms":22,"message":"request complete","session":"513dd945-739c-4fe3-8e54-6e6927fbb733","severity":"debug","timestamp":"2026-03-25T11:57:33.968618967Z"}
{"http.req.id":"e920ac54-0422-4e85-9969-82959ba73208","http.req.method":"POST","http.req.path":"/cart","message":"request started","session":"513dd945-739c-4fe3-8e54-6e6927fbb733","severity":"debug","timestamp":"2026-03-25T11:57:33.970730616Z"}
{"http.req.id":"e920ac54-0422-4e85-9969-82959ba73208","http.req.method":"POST","http.req.path":"/cart","message":"adding to cart","product":"LS4PSXUNUM","quantity":9,"session":"513dd945-739c-4fe3-8e54-6e6927fbb733","severity":"debug","timestamp":"2026-03-25T11:57:33.970946956Z"}
{"http.req.id":"e920ac54-0422-4e85-9969-82959ba73208","http.req.method":"POST","http.req.path":"/cart","http.resp.bytes":0,"http.resp.status":302,"http.resp.took_ms":5,"message":"request complete","session":"513dd945-739c-4fe3-8e54-6e6927fbb733","severity":"debug","timestamp":"2026-03-25T11:57:33.975905765Z"}
{"http.req.id":"338195ce-882a-41ee-a38a-c9ce7849499b","http.req.method":"GET","http.req.path":"/cart","message":"request started","session":"513dd945-739c-4fe3-8e54-6e6927fbb733","severity":"debug","timestamp":"2026-03-25T11:57:33.977685507Z"}
{"http.req.id":"338195ce-882a-41ee-a38a-c9ce7849499b","http.req.method":"GET","http.req.path":"/cart","message":"view user cart","session":"513dd945-739c-4fe3-8e54-6e6927fbb733","severity":"debug","timestamp":"2026-03-25T11:57:33.977787918Z"}
{"http.req.id":"338195ce-882a-41ee-a38a-c9ce7849499b","http.req.method":"GET","http.req.path":"/cart","http.resp.bytes":16416,"http.resp.status":200,"http.resp.took_ms":25,"message":"request complete","session":"513dd945-739c-4fe3-8e54-6e6927fbb733","severity":"debug","timestamp":"2026-03-25T11:57:34.002942195Z"}
{"http.req.id":"22542f79-d2b4-4b53-83d5-b5f8684944e5","http.req.method":"GET","http.req.path":"/product/9SIQT8TOJO","message":"request started","session":"ecb080bf-5333-403f-9547-c8725d499228","severity":"debug","timestamp":"2026-03-25T11:57:34.017370974Z"}
{"currency":"JPY","http.req.id":"22542f79-d2b4-4b53-83d5-b5f8684944e5","http.req.method":"GET","http.req.path":"/product/9SIQT8TOJO","id":"9SIQT8TOJO","message":"serving product page","session":"ecb080bf-5333-403f-9547-c8725d499228","severity":"debug","timestamp":"2026-03-25T11:57:34.017515394Z"}
{"http.req.id":"22542f79-d2b4-4b53-83d5-b5f8684944e5","http.req.method":"GET","http.req.path":"/product/9SIQT8TOJO","http.resp.bytes":7936,"http.resp.status":200,"http.resp.took_ms":23,"message":"request complete","session":"ecb080bf-5333-403f-9547-c8725d499228","severity":"debug","timestamp":"2026-03-25T11:57:34.040483979Z"}
{"http.req.id":"76b597b8-9507-4ab4-a679-89668d7c4af7","http.req.method":"GET","http.req.path":"/product/0PUK6V6EV0","message":"request started","session":"2d3bf3d7-22b5-49c9-8227-12126292f393","severity":"debug","timestamp":"2026-03-25T11:57:34.393455147Z"}
{"currency":"TRY","http.req.id":"76b597b8-9507-4ab4-a679-89668d7c4af7","http.req.method":"GET","http.req.path":"/product/0PUK6V6EV0","id":"0PUK6V6EV0","message":"serving product page","session":"2d3bf3d7-22b5-49c9-8227-12126292f393","severity":"debug","timestamp":"2026-03-25T11:57:34.393554475Z"}
{"http.req.id":"76b597b8-9507-4ab4-a679-89668d7c4af7","http.req.method":"GET","http.req.path":"/product/0PUK6V6EV0","http.resp.bytes":7972,"http.resp.status":200,"http.resp.took_ms":25,"message":"request complete","session":"2d3bf3d7-22b5-49c9-8227-12126292f393","severity":"debug","timestamp":"2026-03-25T11:57:34.419301822Z"}
{"http.req.id":"6fddfeba-67e1-4ea0-b9ad-d5a70fdfd4d7","http.req.method":"POST","http.req.path":"/cart","message":"request started","session":"2d3bf3d7-22b5-49c9-8227-12126292f393","severity":"debug","timestamp":"2026-03-25T11:57:34.420657016Z"}
{"http.req.id":"6fddfeba-67e1-4ea0-b9ad-d5a70fdfd4d7","http.req.method":"POST","http.req.path":"/cart","message":"adding to cart","product":"0PUK6V6EV0","quantity":3,"session":"2d3bf3d7-22b5-49c9-8227-12126292f393","severity":"debug","timestamp":"2026-03-25T11:57:34.420843902Z"}
{"http.req.id":"6fddfeba-67e1-4ea0-b9ad-d5a70fdfd4d7","http.req.method":"POST","http.req.path":"/cart","http.resp.bytes":0,"http.resp.status":302,"http.resp.took_ms":4,"message":"request complete","session":"2d3bf3d7-22b5-49c9-8227-12126292f393","severity":"debug","timestamp":"2026-03-25T11:57:34.424787434Z"}
{"http.req.id":"bdc8b15e-0dce-4d62-8784-a785245d129d","http.req.method":"GET","http.req.path":"/cart","message":"request started","session":"2d3bf3d7-22b5-49c9-8227-12126292f393","severity":"debug","timestamp":"2026-03-25T11:57:34.425899979Z"}
{"http.req.id":"bdc8b15e-0dce-4d62-8784-a785245d129d","http.req.method":"GET","http.req.path":"/cart","message":"view user cart","session":"2d3bf3d7-22b5-49c9-8227-12126292f393","severity":"debug","timestamp":"2026-03-25T11:57:34.425984991Z"}
{"http.req.id":"bdc8b15e-0dce-4d62-8784-a785245d129d","http.req.method":"GET","http.req.path":"/cart","http.resp.bytes":17818,"http.resp.status":200,"http.resp.took_ms":73,"message":"request complete","session":"2d3bf3d7-22b5-49c9-8227-12126292f393","severity":"debug","timestamp":"2026-03-25T11:57:34.498988469Z"}
