{"http.req.id":"7ffe26cc-eff5-4dbb-b00a-4451ee468af9","http.req.method":"POST","http.req.path":"/setCurrency","http.resp.bytes":0,"http.resp.status":302,"http.resp.took_ms":0,"message":"request complete","session":"fa2d8e54-c567-4c66-b702-8bb183ef4a46","severity":"debug","timestamp":"2026-03-06T06:21:44.838945178Z"}
{"http.req.id":"84e2ad91-c89d-4438-981f-c3e8b77e7b2d","http.req.method":"GET","http.req.path":"/","message":"request started","session":"fa2d8e54-c567-4c66-b702-8bb183ef4a46","severity":"debug","timestamp":"2026-03-06T06:21:44.839758238Z"}
{"currency":"CAD","http.req.id":"84e2ad91-c89d-4438-981f-c3e8b77e7b2d","http.req.method":"GET","http.req.path":"/","message":"home","session":"fa2d8e54-c567-4c66-b702-8bb183ef4a46","severity":"info","timestamp":"2026-03-06T06:21:44.839808348Z"}
env platform is either empty or invalid
{"http.req.id":"84e2ad91-c89d-4438-981f-c3e8b77e7b2d","http.req.method":"GET","http.req.path":"/","message":"ENV_PLATFORM is: local","session":"fa2d8e54-c567-4c66-b702-8bb183ef4a46","severity":"debug","timestamp":"2026-03-06T06:21:44.855897004Z"}
{"http.req.id":"84e2ad91-c89d-4438-981f-c3e8b77e7b2d","http.req.method":"GET","http.req.path":"/","http.resp.bytes":10591,"http.resp.status":200,"http.resp.took_ms":18,"message":"request complete","session":"fa2d8e54-c567-4c66-b702-8bb183ef4a46","severity":"debug","timestamp":"2026-03-06T06:21:44.858007258Z"}
{"http.req.id":"00f5266d-8ac1-40fb-8e12-00bc73780b15","http.req.method":"GET","http.req.path":"/product/9SIQT8TOJO","message":"request started","session":"3e105862-e07a-48bd-9f67-033f05224f8f","severity":"debug","timestamp":"2026-03-06T06:21:46.290136298Z"}
{"currency":"TRY","http.req.id":"00f5266d-8ac1-40fb-8e12-00bc73780b15","http.req.method":"GET","http.req.path":"/product/9SIQT8TOJO","id":"9SIQT8TOJO","message":"serving product page","session":"3e105862-e07a-48bd-9f67-033f05224f8f","severity":"debug","timestamp":"2026-03-06T06:21:46.290210818Z"}
{"http.req.id":"00f5266d-8ac1-40fb-8e12-00bc73780b15","http.req.method":"GET","http.req.path":"/product/9SIQT8TOJO","http.resp.bytes":8096,"http.resp.status":200,"http.resp.took_ms":12,"message":"request complete","session":"3e105862-e07a-48bd-9f67-033f05224f8f","severity":"debug","timestamp":"2026-03-06T06:21:46.30280802Z"}
{"http.req.id":"0e725211-9210-4339-8448-1bf77c156e7c","http.req.method":"GET","http.req.path":"/_healthz","message":"request started","session":"x-readiness-probe","severity":"debug","timestamp":"2026-03-06T06:21:46.996992693Z"}
{"http.req.id":"0e725211-9210-4339-8448-1bf77c156e7c","http.req.method":"GET","http.req.path":"/_healthz","http.resp.bytes":2,"http.resp.status":200,"http.resp.took_ms":0,"message":"request complete","session":"x-readiness-probe","severity":"debug","timestamp":"2026-03-06T06:21:46.997131529Z"}
{"http.req.id":"386004eb-26ef-41c7-87fa-7fe1d9094b69","http.req.method":"GET","http.req.path":"/","message":"request started","session":"3e105862-e07a-48bd-9f67-033f05224f8f","severity":"debug","timestamp":"2026-03-06T06:21:47.313773184Z"}
{"currency":"TRY","http.req.id":"386004eb-26ef-41c7-87fa-7fe1d9094b69","http.req.method":"GET","http.req.path":"/","message":"home","session":"3e105862-e07a-48bd-9f67-033f05224f8f","severity":"info","timestamp":"2026-03-06T06:21:47.313874718Z"}
env platform is either empty or invalid
{"http.req.id":"386004eb-26ef-41c7-87fa-7fe1d9094b69","http.req.method":"GET","http.req.path":"/","message":"ENV_PLATFORM is: local","session":"3e105862-e07a-48bd-9f67-033f05224f8f","severity":"debug","timestamp":"2026-03-06T06:21:47.329867611Z"}
{"http.req.id":"386004eb-26ef-41c7-87fa-7fe1d9094b69","http.req.method":"GET","http.req.path":"/","http.resp.bytes":10616,"http.resp.status":200,"http.resp.took_ms":18,"message":"request complete","session":"3e105862-e07a-48bd-9f67-033f05224f8f","severity":"debug","timestamp":"2026-03-06T06:21:47.331852264Z"}
{"http.req.id":"5e18572f-1f7c-4285-86af-25ce591c3203","http.req.method":"GET","http.req.path":"/product/9SIQT8TOJO","message":"request started","session":"6e21104e-b0bf-4a85-b5c2-ac5af92fa69e","severity":"debug","timestamp":"2026-03-06T06:21:47.916055502Z"}
{"currency":"EUR","http.req.id":"5e18572f-1f7c-4285-86af-25ce591c3203","http.req.method":"GET","http.req.path":"/product/9SIQT8TOJO","id":"9SIQT8TOJO","message":"serving product page","session":"6e21104e-b0bf-4a85-b5c2-ac5af92fa69e","severity":"debug","timestamp":"2026-03-06T06:21:47.916138441Z"}
{"http.req.id":"5e18572f-1f7c-4285-86af-25ce591c3203","http.req.method":"GET","http.req.path":"/product/9SIQT8TOJO","http.resp.bytes":8071,"http.resp.status":200,"http.resp.took_ms":11,"message":"request complete","session":"6e21104e-b0bf-4a85-b5c2-ac5af92fa69e","severity":"debug","timestamp":"2026-03-06T06:21:47.927838089Z"}
{"http.req.id":"81f54fc3-d77c-42dc-86bc-6e4e90a490bf","http.req.method":"POST","http.req.path":"/setCurrency","message":"request started","session":"fa2d8e54-c567-4c66-b702-8bb183ef4a46","severity":"debug","timestamp":"2026-03-06T06:21:48.146012805Z"}
{"curr.new":"JPY","curr.old":"CAD","http.req.id":"81f54fc3-d77c-42dc-86bc-6e4e90a490bf","http.req.method":"POST","http.req.path":"/setCurrency","message":"setting currency","session":"fa2d8e54-c567-4c66-b702-8bb183ef4a46","severity":"debug","timestamp":"2026-03-06T06:21:48.14616693Z"}
{"http.req.id":"81f54fc3-d77c-42dc-86bc-6e4e90a490bf","http.req.method":"POST","http.req.path":"/setCurrency","http.resp.bytes":0,"http.resp.status":302,"http.resp.took_ms":0,"message":"request complete","session":"fa2d8e54-c567-4c66-b702-8bb183ef4a46","severity":"debug","timestamp":"2026-03-06T06:21:48.146261897Z"}
{"http.req.id":"4d38121c-d6e6-4395-b996-7403a4e4ea01","http.req.method":"GET","http.req.path":"/","message":"request started","session":"fa2d8e54-c567-4c66-b702-8bb183ef4a46","severity":"debug","timestamp":"2026-03-06T06:21:48.147307984Z"}
{"currency":"JPY","http.req.id":"4d38121c-d6e6-4395-b996-7403a4e4ea01","http.req.method":"GET","http.req.path":"/","message":"home","session":"fa2d8e54-c567-4c66-b702-8bb183ef4a46","severity":"info","timestamp":"2026-03-06T06:21:48.147358854Z"}
env platform is either empty or invalid
{"http.req.id":"4d38121c-d6e6-4395-b996-7403a4e4ea01","http.req.method":"GET","http.req.path":"/","message":"ENV_PLATFORM is: local","session":"fa2d8e54-c567-4c66-b702-8bb183ef4a46","severity":"debug","timestamp":"2026-03-06T06:21:48.158655266Z"}
{"http.req.id":"4d38121c-d6e6-4395-b996-7403a4e4ea01","http.req.method":"GET","http.req.path":"/","http.resp.bytes":10619,"http.resp.status":200,"http.resp.took_ms":13,"message":"request complete","session":"fa2d8e54-c567-4c66-b702-8bb183ef4a46","severity":"debug","timestamp":"2026-03-06T06:21:48.160531907Z"}
{"http.req.id":"4be7dd06-1c0c-460f-8315-85cad0342f85","http.req.method":"GET","http.req.path":"/product/L9ECAV7KIM","message":"request started","session":"f9734e3a-0615-43dc-908b-1b8be30715f4","severity":"debug","timestamp":"2026-03-06T06:21:48.395684512Z"}
{"currency":"CAD","http.req.id":"4be7dd06-1c0c-460f-8315-85cad0342f85","http.req.method":"GET","http.req.path":"/product/L9ECAV7KIM","id":"L9ECAV7KIM","message":"serving product page","session":"f9734e3a-0615-43dc-908b-1b8be30715f4","severity":"debug","timestamp":"2026-03-06T06:21:48.395969602Z"}
{"http.req.id":"4be7dd06-1c0c-460f-8315-85cad0342f85","http.req.method":"GET","http.req.path":"/product/L9ECAV7KIM","http.resp.bytes":8040,"http.resp.status":200,"http.resp.took_ms":23,"message":"request complete","session":"f9734e3a-0615-43dc-908b-1b8be30715f4","severity":"debug","timestamp":"2026-03-06T06:21:48.41908198Z"}
{"http.req.id":"c87ce0a8-9ab1-4a6f-91af-66cb4b487470","http.req.method":"GET","http.req.path":"/product/L9ECAV7KIM","message":"request started","session":"b1a1fb98-93d6-41f8-9605-e0c8a82d1d3c","severity":"debug","timestamp":"2026-03-06T06:21:49.850594991Z"}
{"currency":"CAD","http.req.id":"c87ce0a8-9ab1-4a6f-91af-66cb4b487470","http.req.method":"GET","http.req.path":"/product/L9ECAV7KIM","id":"L9ECAV7KIM","message":"serving product page","session":"b1a1fb98-93d6-41f8-9605-e0c8a82d1d3c","severity":"debug","timestamp":"2026-03-06T06:21:49.850686262Z"}
{"http.req.id":"c87ce0a8-9ab1-4a6f-91af-66cb4b487470","http.req.method":"GET","http.req.path":"/product/L9ECAV7KIM","http.resp.bytes":7913,"http.resp.status":200,"http.resp.took_ms":12,"message":"request complete","session":"b1a1fb98-93d6-41f8-9605-e0c8a82d1d3c","severity":"debug","timestamp":"2026-03-06T06:21:49.863185329Z"}
{"http.req.id":"d164d919-81f4-42be-9e74-436f87ef9d76","http.req.method":"POST","http.req.path":"/setCurrency","message":"request started","session":"eed418e8-7ab1-4992-b9a1-40aeb0d3dc43","severity":"debug","timestamp":"2026-03-06T06:21:50.763230523Z"}
{"curr.new":"GBP","curr.old":"EUR","http.req.id":"d164d919-81f4-42be-9e74-436f87ef9d76","http.req.method":"POST","http.req.path":"/setCurrency","message":"setting currency","session":"eed418e8-7ab1-4992-b9a1-40aeb0d3dc43","severity":"debug","timestamp":"2026-03-06T06:21:50.763337047Z"}
{"http.req.id":"d164d919-81f4-42be-9e74-436f87ef9d76","http.req.method":"POST","http.req.path":"/setCurrency","http.resp.bytes":0,"http.resp.status":302,"http.resp.took_ms":0,"message":"request complete","session":"eed418e8-7ab1-4992-b9a1-40aeb0d3dc43","severity":"debug","timestamp":"2026-03-06T06:21:50.763357885Z"}
{"http.req.id":"c00dd5c7-b897-4597-88f1-d3e1d44df854","http.req.method":"GET","http.req.path":"/","message":"request started","session":"eed418e8-7ab1-4992-b9a1-40aeb0d3dc43","severity":"debug","timestamp":"2026-03-06T06:21:50.764214734Z"}
{"currency":"GBP","http.req.id":"c00dd5c7-b897-4597-88f1-d3e1d44df854","http.req.method":"GET","http.req.path":"/","message":"home","session":"eed418e8-7ab1-4992-b9a1-40aeb0d3dc43","severity":"info","timestamp":"2026-03-06T06:21:50.764284923Z"}
env platform is either empty or invalid
{"http.req.id":"c00dd5c7-b897-4597-88f1-d3e1d44df854","http.req.method":"GET","http.req.path":"/","message":"ENV_PLATFORM is: local","session":"eed418e8-7ab1-4992-b9a1-40aeb0d3dc43","severity":"debug","timestamp":"2026-03-06T06:21:50.779781434Z"}
{"http.req.id":"c00dd5c7-b897-4597-88f1-d3e1d44df854","http.req.method":"GET","http.req.path":"/","http.resp.bytes":10508,"http.resp.status":200,"http.resp.took_ms":18,"message":"request complete","session":"eed418e8-7ab1-4992-b9a1-40aeb0d3dc43","severity":"debug","timestamp":"2026-03-06T06:21:50.78230869Z"}
{"http.req.id":"a7a0e738-8f18-4150-b8fa-e53c514eea24","http.req.method":"GET","http.req.path":"/product/2ZYFJ3GM2N","message":"request started","session":"ec0b6821-5225-4ee8-8ec0-1e3bbbdffabb","severity":"debug","timestamp":"2026-03-06T06:21:51.33883319Z"}
{"currency":"EUR","http.req.id":"a7a0e738-8f18-4150-b8fa-e53c514eea24","http.req.method":"GET","http.req.path":"/product/2ZYFJ3GM2N","id":"2ZYFJ3GM2N","message":"serving product page","session":"ec0b6821-5225-4ee8-8ec0-1e3bbbdffabb","severity":"debug","timestamp":"2026-03-06T06:21:51.338899251Z"}
{"http.req.id":"a7a0e738-8f18-4150-b8fa-e53c514eea24","http.req.method":"GET","http.req.path":"/product/2ZYFJ3GM2N","http.resp.bytes":7966,"http.resp.status":200,"http.resp.took_ms":16,"message":"request complete","session":"ec0b6821-5225-4ee8-8ec0-1e3bbbdffabb","severity":"debug","timestamp":"2026-03-06T06:21:51.355677549Z"}
{"http.req.id":"4e8a2a8f-22d8-4863-a718-f8eb65af4c74","http.req.method":"GET","http.req.path":"/cart","message":"request started","session":"b1a1fb98-93d6-41f8-9605-e0c8a82d1d3c","severity":"debug","timestamp":"2026-03-06T06:21:51.592676361Z"}
{"http.req.id":"4e8a2a8f-22d8-4863-a718-f8eb65af4c74","http.req.method":"GET","http.req.path":"/cart","message":"view user cart","session":"b1a1fb98-93d6-41f8-9605-e0c8a82d1d3c","severity":"debug","timestamp":"2026-03-06T06:21:51.592736188Z"}
{"http.req.id":"4e8a2a8f-22d8-4863-a718-f8eb65af4c74","http.req.method":"GET","http.req.path":"/cart","http.resp.bytes":6907,"http.resp.status":200,"http.resp.took_ms":10,"message":"request complete","session":"b1a1fb98-93d6-41f8-9605-e0c8a82d1d3c","severity":"debug","timestamp":"2026-03-06T06:21:51.603234016Z"}
{"http.req.id":"56fecb7b-6007-4103-863b-bccd44acd7cc","http.req.method":"GET","http.req.path":"/product/OLJCESPC7Z","message":"request started","session":"89995d91-ad5c-4838-8317-c04497a5d805","severity":"debug","timestamp":"2026-03-06T06:21:51.793450212Z"}
{"currency":"GBP","http.req.id":"56fecb7b-6007-4103-863b-bccd44acd7cc","http.req.method":"GET","http.req.path":"/product/OLJCESPC7Z","id":"OLJCESPC7Z","message":"serving product page","session":"89995d91-ad5c-4838-8317-c04497a5d805","severity":"debug","timestamp":"2026-03-06T06:21:51.793515663Z"}
{"http.req.id":"56fecb7b-6007-4103-863b-bccd44acd7cc","http.req.method":"GET","http.req.path":"/product/OLJCESPC7Z","http.resp.bytes":8001,"http.resp.status":200,"http.resp.took_ms":10,"message":"request complete","session":"89995d91-ad5c-4838-8317-c04497a5d805","severity":"debug","timestamp":"2026-03-06T06:21:51.804322961Z"}
{"http.req.id":"71555ea7-e6b5-4d6d-b5b1-de7e4fd6cf88","http.req.method":"GET","http.req.path":"/product/LS4PSXUNUM","message":"request started","session":"0994b18b-93e7-4775-a2c5-e29dc0e6d5bb","severity":"debug","timestamp":"2026-03-06T06:21:51.937691024Z"}
{"currency":"USD","http.req.id":"71555ea7-e6b5-4d6d-b5b1-de7e4fd6cf88","http.req.method":"GET","http.req.path":"/product/LS4PSXUNUM","id":"LS4PSXUNUM","message":"serving product page","session":"0994b18b-93e7-4775-a2c5-e29dc0e6d5bb","severity":"debug","timestamp":"2026-03-06T06:21:51.937771473Z"}
{"http.req.id":"71555ea7-e6b5-4d6d-b5b1-de7e4fd6cf88","http.req.method":"GET","http.req.path":"/product/LS4PSXUNUM","http.resp.bytes":7933,"http.resp.status":200,"http.resp.took_ms":17,"message":"request complete","session":"0994b18b-93e7-4775-a2c5-e29dc0e6d5bb","severity":"debug","timestamp":"2026-03-06T06:21:51.954882718Z"}
{"http.req.id":"4a237ee2-0dc0-4105-a5d7-d308c0b32662","http.req.method":"POST","http.req.path":"/cart","message":"request started","session":"0994b18b-93e7-4775-a2c5-e29dc0e6d5bb","severity":"debug","timestamp":"2026-03-06T06:21:51.95611191Z"}
{"http.req.id":"4a237ee2-0dc0-4105-a5d7-d308c0b32662","http.req.method":"POST","http.req.path":"/cart","message":"adding to cart","product":"LS4PSXUNUM","quantity":6,"session":"0994b18b-93e7-4775-a2c5-e29dc0e6d5bb","severity":"debug","timestamp":"2026-03-06T06:21:51.956286401Z"}
{"http.req.id":"4a237ee2-0dc0-4105-a5d7-d308c0b32662","http.req.method":"POST","http.req.path":"/cart","http.resp.bytes":0,"http.resp.status":302,"http.resp.took_ms":3,"message":"request complete","session":"0994b18b-93e7-4775-a2c5-e29dc0e6d5bb","severity":"debug","timestamp":"2026-03-06T06:21:51.959732364Z"}
{"http.req.id":"cf9646af-f00f-41ba-b735-1979b47caddc","http.req.method":"GET","http.req.path":"/cart","message":"request started","session":"0994b18b-93e7-4775-a2c5-e29dc0e6d5bb","severity":"debug","timestamp":"2026-03-06T06:21:51.96100045Z"}
{"http.req.id":"cf9646af-f00f-41ba-b735-1979b47caddc","http.req.method":"GET","http.req.path":"/cart","message":"view user cart","session":"0994b18b-93e7-4775-a2c5-e29dc0e6d5bb","severity":"debug","timestamp":"2026-03-06T06:21:51.961102795Z"}
{"http.req.id":"cf9646af-f00f-41ba-b735-1979b47caddc","http.req.method":"GET","http.req.path":"/cart","http.resp.bytes":16465,"http.resp.status":200,"http.resp.took_ms":17,"message":"request complete","session":"0994b18b-93e7-4775-a2c5-e29dc0e6d5bb","severity":"debug","timestamp":"2026-03-06T06:21:51.978232031Z"}
{"http.req.id":"b5fae6c6-481f-4a93-931a-6faaf8a23ca1","http.req.method":"GET","http.req.path":"/product/0PUK6V6EV0","message":"request started","session":"d7d3227d-0824-4f40-a472-c039f0192426","severity":"debug","timestamp":"2026-03-06T06:21:52.463923189Z"}
{"currency":"JPY","http.req.id":"b5fae6c6-481f-4a93-931a-6faaf8a23ca1","http.req.method":"GET","http.req.path":"/product/0PUK6V6EV0","id":"0PUK6V6EV0","message":"serving product page","session":"d7d3227d-0824-4f40-a472-c039f0192426","severity":"debug","timestamp":"2026-03-06T06:21:52.464010483Z"}
{"http.req.id":"b5fae6c6-481f-4a93-931a-6faaf8a23ca1","http.req.method":"GET","http.req.path":"/product/0PUK6V6EV0","http.resp.bytes":7954,"http.resp.status":200,"http.resp.took_ms":16,"message":"request complete","session":"d7d3227d-0824-4f40-a472-c039f0192426","severity":"debug","timestamp":"2026-03-06T06:21:52.480144896Z"}
{"http.req.id":"8ec4527f-efad-4430-91f5-31e451196767","http.req.method":"GET","http.req.path":"/product/L9ECAV7KIM","message":"request started","session":"3e105862-e07a-48bd-9f67-033f05224f8f","severity":"debug","timestamp":"2026-03-06T06:21:52.527358881Z"}
{"currency":"TRY","http.req.id":"8ec4527f-efad-4430-91f5-31e451196767","http.req.method":"GET","http.req.path":"/product/L9ECAV7KIM","id":"L9ECAV7KIM","message":"serving product page","session":"3e105862-e07a-48bd-9f67-033f05224f8f","severity":"debug","timestamp":"2026-03-06T06:21:52.52742594Z"}
{"http.req.id":"8ec4527f-efad-4430-91f5-31e451196767","http.req.method":"GET","http.req.path":"/product/L9ECAV7KIM","http.resp.bytes":8050,"http.resp.status":200,"http.resp.took_ms":13,"message":"request complete","session":"3e105862-e07a-48bd-9f67-033f05224f8f","severity":"debug","timestamp":"2026-03-06T06:21:52.540727038Z"}
{"http.req.id":"b0f81542-1a71-4e47-a825-bd599e28a1b7","http.req.method":"GET","http.req.path":"/product/66VCHSJNUP","message":"request started","session":"f9734e3a-0615-43dc-908b-1b8be30715f4","severity":"debug","timestamp":"2026-03-06T06:21:53.224978435Z"}
{"currency":"CAD","http.req.id":"b0f81542-1a71-4e47-a825-bd599e28a1b7","http.req.method":"GET","http.req.path":"/product/66VCHSJNUP","id":"66VCHSJNUP","message":"serving product page","session":"f9734e3a-0615-43dc-908b-1b8be30715f4","severity":"debug","timestamp":"2026-03-06T06:21:53.225132728Z"}
{"http.req.id":"b0f81542-1a71-4e47-a825-bd599e28a1b7","http.req.method":"GET","http.req.path":"/product/66VCHSJNUP","http.resp.bytes":8013,"http.resp.status":200,"http.resp.took_ms":11,"message":"request complete","session":"f9734e3a-0615-43dc-908b-1b8be30715f4","severity":"debug","timestamp":"2026-03-06T06:21:53.236316376Z"}
{"http.req.id":"ce7f1df9-dfd6-49fa-94b4-523935878bea","http.req.method":"GET","http.req.path":"/_healthz","message":"request started","session":"x-liveness-probe","severity":"debug","timestamp":"2026-03-06T06:21:54.26766533Z"}
{"http.req.id":"ce7f1df9-dfd6-49fa-94b4-523935878bea","http.req.method":"GET","http.req.path":"/_healthz","http.resp.bytes":2,"http.resp.status":200,"http.resp.took_ms":0,"message":"request complete","session":"x-liveness-probe","severity":"debug","timestamp":"2026-03-06T06:21:54.267737109Z"}
{"http.req.id":"aa4124da-2a6c-4877-971d-caec344c54c6","http.req.method":"GET","http.req.path":"/product/9SIQT8TOJO","message":"request started","session":"6e21104e-b0bf-4a85-b5c2-ac5af92fa69e","severity":"debug","timestamp":"2026-03-06T06:21:54.581895029Z"}
{"currency":"EUR","http.req.id":"aa4124da-2a6c-4877-971d-caec344c54c6","http.req.method":"GET","http.req.path":"/product/9SIQT8TOJO","id":"9SIQT8TOJO","message":"serving product page","session":"6e21104e-b0bf-4a85-b5c2-ac5af92fa69e","severity":"debug","timestamp":"2026-03-06T06:21:54.581947219Z"}
{"http.req.id":"aa4124da-2a6c-4877-971d-caec344c54c6","http.req.method":"GET","http.req.path":"/product/9SIQT8TOJO","http.resp.bytes":8087,"http.resp.status":200,"http.resp.took_ms":14,"message":"request complete","session":"6e21104e-b0bf-4a85-b5c2-ac5af92fa69e","severity":"debug","timestamp":"2026-03-06T06:21:54.596342004Z"}
{"http.req.id":"9408293d-d7aa-4b30-b300-14c9f7be14c4","http.req.method":"POST","http.req.path":"/setCurrency","message":"request started","session":"fa2d8e54-c567-4c66-b702-8bb183ef4a46","severity":"debug","timestamp":"2026-03-06T06:21:54.71281458Z"}
{"curr.new":"USD","curr.old":"JPY","http.req.id":"9408293d-d7aa-4b30-b300-14c9f7be14c4","http.req.method":"POST","http.req.path":"/setCurrency","message":"setting currency","session":"fa2d8e54-c567-4c66-b702-8bb183ef4a46","severity":"debug","timestamp":"2026-03-06T06:21:54.712930132Z"}
{"http.req.id":"9408293d-d7aa-4b30-b300-14c9f7be14c4","http.req.method":"POST","http.req.path":"/setCurrency","http.resp.bytes":0,"http.resp.status":302,"http.resp.took_ms":0,"message":"request complete","session":"fa2d8e54-c567-4c66-b702-8bb183ef4a46","severity":"debug","timestamp":"2026-03-06T06:21:54.712983917Z"}
{"http.req.id":"eeeab800-46e5-4ac6-a720-2dabaee1e856","http.req.method":"GET","http.req.path":"/","message":"request started","session":"fa2d8e54-c567-4c66-b702-8bb183ef4a46","severity":"debug","timestamp":"2026-03-06T06:21:54.714033529Z"}
{"currency":"USD","http.req.id":"eeeab800-46e5-4ac6-a720-2dabaee1e856","http.req.method":"GET","http.req.path":"/","message":"home","session":"fa2d8e54-c567-4c66-b702-8bb183ef4a46","severity":"info","timestamp":"2026-03-06T06:21:54.714085026Z"}
env platform is either empty or invalid
{"http.req.id":"eeeab800-46e5-4ac6-a720-2dabaee1e856","http.req.method":"GET","http.req.path":"/","message":"ENV_PLATFORM is: local","session":"fa2d8e54-c567-4c66-b702-8bb183ef4a46","severity":"debug","timestamp":"2026-03-06T06:21:54.727542011Z"}
{"http.req.id":"eeeab800-46e5-4ac6-a720-2dabaee1e856","http.req.method":"GET","http.req.path":"/","http.resp.bytes":10589,"http.resp.status":200,"http.resp.took_ms":15,"message":"request complete","session":"fa2d8e54-c567-4c66-b702-8bb183ef4a46","severity":"debug","timestamp":"2026-03-06T06:21:54.729596772Z"}
{"http.req.id":"4d644fb5-a522-4375-8fa5-edc1356378ee","http.req.method":"GET","http.req.path":"/","message":"request started","session":"ec0b6821-5225-4ee8-8ec0-1e3bbbdffabb","severity":"debug","timestamp":"2026-03-06T06:21:56.521530711Z"}
{"currency":"EUR","http.req.id":"4d644fb5-a522-4375-8fa5-edc1356378ee","http.req.method":"GET","http.req.path":"/","message":"home","session":"ec0b6821-5225-4ee8-8ec0-1e3bbbdffabb","severity":"info","timestamp":"2026-03-06T06:21:56.521601192Z"}
env platform is either empty or invalid
{"http.req.id":"4d644fb5-a522-4375-8fa5-edc1356378ee","http.req.method":"GET","http.req.path":"/","message":"ENV_PLATFORM is: local","session":"ec0b6821-5225-4ee8-8ec0-1e3bbbdffabb","severity":"debug","timestamp":"2026-03-06T06:21:56.535124058Z"}
{"http.req.id":"4d644fb5-a522-4375-8fa5-edc1356378ee","http.req.method":"GET","http.req.path":"/","http.resp.bytes":10518,"http.resp.status":200,"http.resp.took_ms":16,"message":"request complete","session":"ec0b6821-5225-4ee8-8ec0-1e3bbbdffabb","severity":"debug","timestamp":"2026-03-06T06:21:56.537778305Z"}
{"http.req.id":"503c5020-5293-4ec3-952c-414373c2f8bc","http.req.method":"GET","http.req.path":"/_healthz","message":"request started","session":"x-readiness-probe","severity":"debug","timestamp":"2026-03-06T06:21:56.997119839Z"}
{"http.req.id":"503c5020-5293-4ec3-952c-414373c2f8bc","http.req.method":"GET","http.req.path":"/_healthz","http.resp.bytes":2,"http.resp.status":200,"http.resp.took_ms":0,"message":"request complete","session":"x-readiness-probe","severity":"debug","timestamp":"2026-03-06T06:21:56.997208933Z"}
{"http.req.id":"8b407ddc-525b-43b9-874e-7ee9b019a59e","http.req.method":"GET","http.req.path":"/product/66VCHSJNUP","message":"request started","session":"f9734e3a-0615-43dc-908b-1b8be30715f4","severity":"debug","timestamp":"2026-03-06T06:21:57.518577521Z"}
{"currency":"CAD","http.req.id":"8b407ddc-525b-43b9-874e-7ee9b019a59e","http.req.method":"GET","http.req.path":"/product/66VCHSJNUP","id":"66VCHSJNUP","message":"serving product page","session":"f9734e3a-0615-43dc-908b-1b8be30715f4","severity":"debug","timestamp":"2026-03-06T06:21:57.51868747Z"}
{"http.req.id":"8b407ddc-525b-43b9-874e-7ee9b019a59e","http.req.method":"GET","http.req.path":"/product/66VCHSJNUP","http.resp.bytes":8027,"http.resp.status":200,"http.resp.took_ms":13,"message":"request complete","session":"f9734e3a-0615-43dc-908b-1b8be30715f4","severity":"debug","timestamp":"2026-03-06T06:21:57.532355942Z"}
{"http.req.id":"eed13fcc-5dfc-436e-9634-e2235c734ae9","http.req.method":"GET","http.req.path":"/product/9SIQT8TOJO","message":"request started","session":"d7d3227d-0824-4f40-a472-c039f0192426","severity":"debug","timestamp":"2026-03-06T06:21:57.735774694Z"}
{"currency":"JPY","http.req.id":"eed13fcc-5dfc-436e-9634-e2235c734ae9","http.req.method":"GET","http.req.path":"/product/9SIQT8TOJO","id":"9SIQT8TOJO","message":"serving product page","session":"d7d3227d-0824-4f40-a472-c039f0192426","severity":"debug","timestamp":"2026-03-06T06:21:57.735874328Z"}
{"http.req.id":"eed13fcc-5dfc-436e-9634-e2235c734ae9","http.req.method":"GET","http.req.path":"/product/9SIQT8TOJO","http.resp.bytes":7990,"http.resp.status":200,"http.resp.took_ms":11,"message":"request complete","session":"d7d3227d-0824-4f40-a472-c039f0192426","severity":"debug","timestamp":"2026-03-06T06:21:57.747624827Z"}
{"http.req.id":"cf85d904-745b-496f-8a4b-54a3ec87e98e","http.req.method":"GET","http.req.path":"/cart","message":"request started","session":"eed418e8-7ab1-4992-b9a1-40aeb0d3dc43","severity":"debug","timestamp":"2026-03-06T06:21:58.367968045Z"}
{"http.req.id":"cf85d904-745b-496f-8a4b-54a3ec87e98e","http.req.method":"GET","http.req.path":"/cart","message":"view user cart","session":"eed418e8-7ab1-4992-b9a1-40aeb0d3dc43","severity":"debug","timestamp":"2026-03-06T06:21:58.368027409Z"}
{"http.req.id":"cf85d904-745b-496f-8a4b-54a3ec87e98e","http.req.method":"GET","http.req.path":"/cart","http.resp.bytes":6886,"http.resp.status":200,"http.resp.took_ms":11,"message":"request complete","session":"eed418e8-7ab1-4992-b9a1-40aeb0d3dc43","severity":"debug","timestamp":"2026-03-06T06:21:58.379324044Z"}
{"http.req.id":"2f66d36c-ac3a-438a-839b-3078f61288fa","http.req.method":"GET","http.req.path":"/product/6E92ZMYYFZ","message":"request started","session":"0994b18b-93e7-4775-a2c5-e29dc0e6d5bb","severity":"debug","timestamp":"2026-03-06T06:21:58.968772753Z"}
{"currency":"USD","http.req.id":"2f66d36c-ac3a-438a-839b-3078f61288fa","http.req.method":"GET","http.req.path":"/product/6E92ZMYYFZ","id":"6E92ZMYYFZ","message":"serving product page","session":"0994b18b-93e7-4775-a2c5-e29dc0e6d5bb","severity":"debug","timestamp":"2026-03-06T06:21:58.968842907Z"}
{"http.req.id":"2f66d36c-ac3a-438a-839b-3078f61288fa","http.req.method":"GET","http.req.path":"/product/6E92ZMYYFZ","http.resp.bytes":8000,"http.resp.status":200,"http.resp.took_ms":78,"message":"request complete","session":"0994b18b-93e7-4775-a2c5-e29dc0e6d5bb","severity":"debug","timestamp":"2026-03-06T06:21:59.047564928Z"}
