{"http.req.id":"1ed5015f-5e6a-49c0-9721-4ee38d22b59d","http.req.method":"GET","http.req.path":"/cart","message":"view user cart","session":"df4ce93a-5d92-40a8-93c2-540bf11bbb4d","severity":"debug","timestamp":"2026-03-25T12:17:10.94252339Z"}
{"http.req.id":"1ed5015f-5e6a-49c0-9721-4ee38d22b59d","http.req.method":"GET","http.req.path":"/cart","http.resp.bytes":16431,"http.resp.status":200,"http.resp.took_ms":190,"message":"request complete","session":"df4ce93a-5d92-40a8-93c2-540bf11bbb4d","severity":"debug","timestamp":"2026-03-25T12:17:11.133289926Z"}
{"http.req.id":"42463b79-a46c-4e85-b052-f03e6a0a9d70","http.req.method":"GET","http.req.path":"/_healthz","message":"request started","session":"x-liveness-probe","severity":"debug","timestamp":"2026-03-25T12:17:11.227900007Z"}
{"http.req.id":"42463b79-a46c-4e85-b052-f03e6a0a9d70","http.req.method":"GET","http.req.path":"/_healthz","http.resp.bytes":2,"http.resp.status":200,"http.resp.took_ms":0,"message":"request complete","session":"x-liveness-probe","severity":"debug","timestamp":"2026-03-25T12:17:11.228044212Z"}
{"http.req.id":"aa7377e1-ec17-4f7f-946f-ae597eaaa3b5","http.req.method":"GET","http.req.path":"/product/L9ECAV7KIM","message":"request started","session":"514e00c6-206e-4c6e-873f-852b796455de","severity":"debug","timestamp":"2026-03-25T12:17:11.820606636Z"}
{"currency":"CAD","http.req.id":"aa7377e1-ec17-4f7f-946f-ae597eaaa3b5","http.req.method":"GET","http.req.path":"/product/L9ECAV7KIM","id":"L9ECAV7KIM","message":"serving product page","session":"514e00c6-206e-4c6e-873f-852b796455de","severity":"debug","timestamp":"2026-03-25T12:17:11.820758899Z"}
{"http.req.id":"aa7377e1-ec17-4f7f-946f-ae597eaaa3b5","http.req.method":"GET","http.req.path":"/product/L9ECAV7KIM","http.resp.bytes":8027,"http.resp.status":200,"http.resp.took_ms":30,"message":"request complete","session":"514e00c6-206e-4c6e-873f-852b796455de","severity":"debug","timestamp":"2026-03-25T12:17:11.850785025Z"}
{"http.req.id":"9b9895e9-ae28-4887-ab70-127be51a3bc5","http.req.method":"POST","http.req.path":"/setCurrency","message":"request started","session":"827eab86-1aba-4a15-8740-5fee5900d10f","severity":"debug","timestamp":"2026-03-25T12:17:12.586305853Z"}
{"curr.new":"USD","curr.old":"USD","http.req.id":"9b9895e9-ae28-4887-ab70-127be51a3bc5","http.req.method":"POST","http.req.path":"/setCurrency","message":"setting currency","session":"827eab86-1aba-4a15-8740-5fee5900d10f","severity":"debug","timestamp":"2026-03-25T12:17:12.586551211Z"}
{"http.req.id":"9b9895e9-ae28-4887-ab70-127be51a3bc5","http.req.method":"POST","http.req.path":"/setCurrency","http.resp.bytes":0,"http.resp.status":302,"http.resp.took_ms":0,"message":"request complete","session":"827eab86-1aba-4a15-8740-5fee5900d10f","severity":"debug","timestamp":"2026-03-25T12:17:12.586626128Z"}
{"http.req.id":"b8babe5a-92d1-49e8-81aa-48e9ddd36949","http.req.method":"GET","http.req.path":"/","message":"request started","session":"827eab86-1aba-4a15-8740-5fee5900d10f","severity":"debug","timestamp":"2026-03-25T12:17:12.589063123Z"}
{"currency":"USD","http.req.id":"b8babe5a-92d1-49e8-81aa-48e9ddd36949","http.req.method":"GET","http.req.path":"/","message":"home","session":"827eab86-1aba-4a15-8740-5fee5900d10f","severity":"info","timestamp":"2026-03-25T12:17:12.589184769Z"}
env platform is either empty or invalid
{"http.req.id":"b8babe5a-92d1-49e8-81aa-48e9ddd36949","http.req.method":"GET","http.req.path":"/","message":"ENV_PLATFORM is: local","session":"827eab86-1aba-4a15-8740-5fee5900d10f","severity":"debug","timestamp":"2026-03-25T12:17:12.625702681Z"}
{"http.req.id":"b8babe5a-92d1-49e8-81aa-48e9ddd36949","http.req.method":"GET","http.req.path":"/","http.resp.bytes":10499,"http.resp.status":200,"http.resp.took_ms":43,"message":"request complete","session":"827eab86-1aba-4a15-8740-5fee5900d10f","severity":"debug","timestamp":"2026-03-25T12:17:12.632546795Z"}
{"http.req.id":"9ba09d13-bee2-4a19-ab75-1d2efdd183b8","http.req.method":"GET","http.req.path":"/cart","message":"request started","session":"2d3bf3d7-22b5-49c9-8227-12126292f393","severity":"debug","timestamp":"2026-03-25T12:17:12.677130236Z"}
{"http.req.id":"9ba09d13-bee2-4a19-ab75-1d2efdd183b8","http.req.method":"GET","http.req.path":"/cart","message":"view user cart","session":"2d3bf3d7-22b5-49c9-8227-12126292f393","severity":"debug","timestamp":"2026-03-25T12:17:12.677261361Z"}
{"http.req.id":"9ba09d13-bee2-4a19-ab75-1d2efdd183b8","http.req.method":"GET","http.req.path":"/cart","http.resp.bytes":17901,"http.resp.status":200,"http.resp.took_ms":44,"message":"request complete","session":"2d3bf3d7-22b5-49c9-8227-12126292f393","severity":"debug","timestamp":"2026-03-25T12:17:12.721691897Z"}
{"http.req.id":"d28d2227-080e-4cdc-b969-bc7dbf509f1d","http.req.method":"GET","http.req.path":"/product/0PUK6V6EV0","message":"request started","session":"ecb080bf-5333-403f-9547-c8725d499228","severity":"debug","timestamp":"2026-03-25T12:17:13.065490082Z"}
{"currency":"GBP","http.req.id":"d28d2227-080e-4cdc-b969-bc7dbf509f1d","http.req.method":"GET","http.req.path":"/product/0PUK6V6EV0","id":"0PUK6V6EV0","message":"serving product page","session":"ecb080bf-5333-403f-9547-c8725d499228","severity":"debug","timestamp":"2026-03-25T12:17:13.065671805Z"}
{"http.req.id":"d28d2227-080e-4cdc-b969-bc7dbf509f1d","http.req.method":"GET","http.req.path":"/product/0PUK6V6EV0","http.resp.bytes":8048,"http.resp.status":200,"http.resp.took_ms":53,"message":"request complete","session":"ecb080bf-5333-403f-9547-c8725d499228","severity":"debug","timestamp":"2026-03-25T12:17:13.118748878Z"}
{"http.req.id":"8391837f-6931-4f28-923f-e92862e5205c","http.req.method":"GET","http.req.path":"/_healthz","message":"request started","session":"x-readiness-probe","severity":"debug","timestamp":"2026-03-25T12:17:16.363478247Z"}
{"http.req.id":"8391837f-6931-4f28-923f-e92862e5205c","http.req.method":"GET","http.req.path":"/_healthz","http.resp.bytes":2,"http.resp.status":200,"http.resp.took_ms":0,"message":"request complete","session":"x-readiness-probe","severity":"debug","timestamp":"2026-03-25T12:17:16.363686345Z"}
{"http.req.id":"28488072-b743-44ac-921d-b374327acd8a","http.req.method":"GET","http.req.path":"/product/L9ECAV7KIM","message":"request started","session":"513dd945-739c-4fe3-8e54-6e6927fbb733","severity":"debug","timestamp":"2026-03-25T12:17:16.578010035Z"}
{"currency":"EUR","http.req.id":"28488072-b743-44ac-921d-b374327acd8a","http.req.method":"GET","http.req.path":"/product/L9ECAV7KIM","id":"L9ECAV7KIM","message":"serving product page","session":"513dd945-739c-4fe3-8e54-6e6927fbb733","severity":"debug","timestamp":"2026-03-25T12:17:16.578157501Z"}
{"http.req.id":"28488072-b743-44ac-921d-b374327acd8a","http.req.method":"GET","http.req.path":"/product/L9ECAV7KIM","http.resp.bytes":8021,"http.resp.status":200,"http.resp.took_ms":37,"message":"request complete","session":"513dd945-739c-4fe3-8e54-6e6927fbb733","severity":"debug","timestamp":"2026-03-25T12:17:16.615501241Z"}
{"http.req.id":"7bf7f27c-62dc-4f71-9fb0-fa33e0921dd2","http.req.method":"GET","http.req.path":"/product/66VCHSJNUP","message":"request started","session":"a38c2610-1665-4c93-8051-4c451f5de325","severity":"debug","timestamp":"2026-03-25T12:17:16.711893534Z"}
{"currency":"USD","http.req.id":"7bf7f27c-62dc-4f71-9fb0-fa33e0921dd2","http.req.method":"GET","http.req.path":"/product/66VCHSJNUP","id":"66VCHSJNUP","message":"serving product page","session":"a38c2610-1665-4c93-8051-4c451f5de325","severity":"debug","timestamp":"2026-03-25T12:17:16.712038455Z"}
{"http.req.id":"7bf7f27c-62dc-4f71-9fb0-fa33e0921dd2","http.req.method":"GET","http.req.path":"/product/66VCHSJNUP","http.resp.bytes":7956,"http.resp.status":200,"http.resp.took_ms":24,"message":"request complete","session":"a38c2610-1665-4c93-8051-4c451f5de325","severity":"debug","timestamp":"2026-03-25T12:17:16.736817474Z"}
{"http.req.id":"0307f2df-f8ff-4bed-bc57-e385c7586e54","http.req.method":"GET","http.req.path":"/product/L9ECAV7KIM","message":"request started","session":"514e00c6-206e-4c6e-873f-852b796455de","severity":"debug","timestamp":"2026-03-25T12:17:17.354283258Z"}
{"currency":"CAD","http.req.id":"0307f2df-f8ff-4bed-bc57-e385c7586e54","http.req.method":"GET","http.req.path":"/product/L9ECAV7KIM","id":"L9ECAV7KIM","message":"serving product page","session":"514e00c6-206e-4c6e-873f-852b796455de","severity":"debug","timestamp":"2026-03-25T12:17:17.354409963Z"}
{"http.req.id":"0307f2df-f8ff-4bed-bc57-e385c7586e54","http.req.method":"GET","http.req.path":"/product/L9ECAV7KIM","http.resp.bytes":8063,"http.resp.status":200,"http.resp.took_ms":97,"message":"request complete","session":"514e00c6-206e-4c6e-873f-852b796455de","severity":"debug","timestamp":"2026-03-25T12:17:17.45219546Z"}
{"http.req.id":"5dea835c-22ac-46c4-93c5-6c34c60155e8","http.req.method":"GET","http.req.path":"/product/6E92ZMYYFZ","message":"request started","session":"827eab86-1aba-4a15-8740-5fee5900d10f","severity":"debug","timestamp":"2026-03-25T12:17:17.878431164Z"}
{"currency":"USD","http.req.id":"5dea835c-22ac-46c4-93c5-6c34c60155e8","http.req.method":"GET","http.req.path":"/product/6E92ZMYYFZ","id":"6E92ZMYYFZ","message":"serving product page","session":"827eab86-1aba-4a15-8740-5fee5900d10f","severity":"debug","timestamp":"2026-03-25T12:17:17.878621894Z"}
{"http.req.id":"5dea835c-22ac-46c4-93c5-6c34c60155e8","http.req.method":"GET","http.req.path":"/product/6E92ZMYYFZ","http.resp.bytes":7907,"http.resp.status":200,"http.resp.took_ms":30,"message":"request complete","session":"827eab86-1aba-4a15-8740-5fee5900d10f","severity":"debug","timestamp":"2026-03-25T12:17:17.909343436Z"}
{"http.req.id":"6839c78d-6dce-4318-a73e-ca9ff4c70a59","http.req.method":"GET","http.req.path":"/product/0PUK6V6EV0","message":"request started","session":"32217267-98ca-4d66-9fc8-3f088b8def0f","severity":"debug","timestamp":"2026-03-25T12:17:18.286369562Z"}
{"currency":"CAD","http.req.id":"6839c78d-6dce-4318-a73e-ca9ff4c70a59","http.req.method":"GET","http.req.path":"/product/0PUK6V6EV0","id":"0PUK6V6EV0","message":"serving product page","session":"32217267-98ca-4d66-9fc8-3f088b8def0f","severity":"debug","timestamp":"2026-03-25T12:17:18.28655395Z"}
{"http.req.id":"6839c78d-6dce-4318-a73e-ca9ff4c70a59","http.req.method":"GET","http.req.path":"/product/0PUK6V6EV0","http.resp.bytes":7970,"http.resp.status":200,"http.resp.took_ms":26,"message":"request complete","session":"32217267-98ca-4d66-9fc8-3f088b8def0f","severity":"debug","timestamp":"2026-03-25T12:17:18.313155944Z"}
{"http.req.id":"8f4960ea-1340-40ea-b921-25d036570d81","http.req.method":"POST","http.req.path":"/cart","message":"request started","session":"32217267-98ca-4d66-9fc8-3f088b8def0f","severity":"debug","timestamp":"2026-03-25T12:17:18.314789407Z"}
{"http.req.id":"8f4960ea-1340-40ea-b921-25d036570d81","http.req.method":"POST","http.req.path":"/cart","message":"adding to cart","product":"0PUK6V6EV0","quantity":1,"session":"32217267-98ca-4d66-9fc8-3f088b8def0f","severity":"debug","timestamp":"2026-03-25T12:17:18.31498786Z"}
{"http.req.id":"8f4960ea-1340-40ea-b921-25d036570d81","http.req.method":"POST","http.req.path":"/cart","http.resp.bytes":0,"http.resp.status":302,"http.resp.took_ms":6,"message":"request complete","session":"32217267-98ca-4d66-9fc8-3f088b8def0f","severity":"debug","timestamp":"2026-03-25T12:17:18.32124383Z"}
{"http.req.id":"e6c15c8d-c3ff-4aef-82de-cbb0b532e8b5","http.req.method":"GET","http.req.path":"/cart","message":"request started","session":"32217267-98ca-4d66-9fc8-3f088b8def0f","severity":"debug","timestamp":"2026-03-25T12:17:18.323169571Z"}
{"http.req.id":"e6c15c8d-c3ff-4aef-82de-cbb0b532e8b5","http.req.method":"GET","http.req.path":"/cart","message":"view user cart","session":"32217267-98ca-4d66-9fc8-3f088b8def0f","severity":"debug","timestamp":"2026-03-25T12:17:18.323292591Z"}
{"http.req.id":"e6c15c8d-c3ff-4aef-82de-cbb0b532e8b5","http.req.method":"GET","http.req.path":"/cart","http.resp.bytes":16432,"http.resp.status":200,"http.resp.took_ms":49,"message":"request complete","session":"32217267-98ca-4d66-9fc8-3f088b8def0f","severity":"debug","timestamp":"2026-03-25T12:17:18.372665193Z"}
{"http.req.id":"15024544-2bb2-4905-bb9a-ae28afde03c3","http.req.method":"GET","http.req.path":"/product/L9ECAV7KIM","message":"request started","session":"a38c2610-1665-4c93-8051-4c451f5de325","severity":"debug","timestamp":"2026-03-25T12:17:18.447877043Z"}
{"currency":"USD","http.req.id":"15024544-2bb2-4905-bb9a-ae28afde03c3","http.req.method":"GET","http.req.path":"/product/L9ECAV7KIM","id":"L9ECAV7KIM","message":"serving product page","session":"a38c2610-1665-4c93-8051-4c451f5de325","severity":"debug","timestamp":"2026-03-25T12:17:18.448041049Z"}
{"http.req.id":"15024544-2bb2-4905-bb9a-ae28afde03c3","http.req.method":"GET","http.req.path":"/product/L9ECAV7KIM","http.resp.bytes":7934,"http.resp.status":200,"http.resp.took_ms":105,"message":"request complete","session":"a38c2610-1665-4c93-8051-4c451f5de325","severity":"debug","timestamp":"2026-03-25T12:17:18.55335956Z"}
{"http.req.id":"bb362957-b22e-408a-ae1f-4ae9982a1bfe","http.req.method":"GET","http.req.path":"/cart","message":"request started","session":"694745d8-a179-4c65-83d6-9ed873a7b94b","severity":"debug","timestamp":"2026-03-25T12:17:18.862929925Z"}
{"http.req.id":"bb362957-b22e-408a-ae1f-4ae9982a1bfe","http.req.method":"GET","http.req.path":"/cart","message":"view user cart","session":"694745d8-a179-4c65-83d6-9ed873a7b94b","severity":"debug","timestamp":"2026-03-25T12:17:18.863049777Z"}
{"http.req.id":"bb362957-b22e-408a-ae1f-4ae9982a1bfe","http.req.method":"GET","http.req.path":"/cart","http.resp.bytes":6883,"http.resp.status":200,"http.resp.took_ms":23,"message":"request complete","session":"694745d8-a179-4c65-83d6-9ed873a7b94b","severity":"debug","timestamp":"2026-03-25T12:17:18.886786549Z"}
{"http.req.id":"92ebcbf6-9ad1-4038-8ab3-d5549d0ea4bd","http.req.method":"GET","http.req.path":"/cart","message":"request started","session":"a38c2610-1665-4c93-8051-4c451f5de325","severity":"debug","timestamp":"2026-03-25T12:17:19.608449809Z"}
{"http.req.id":"92ebcbf6-9ad1-4038-8ab3-d5549d0ea4bd","http.req.method":"GET","http.req.path":"/cart","message":"view user cart","session":"a38c2610-1665-4c93-8051-4c451f5de325","severity":"debug","timestamp":"2026-03-25T12:17:19.608571893Z"}
{"http.req.id":"92ebcbf6-9ad1-4038-8ab3-d5549d0ea4bd","http.req.method":"GET","http.req.path":"/cart","http.resp.bytes":6911,"http.resp.status":200,"http.resp.took_ms":24,"message":"request complete","session":"a38c2610-1665-4c93-8051-4c451f5de325","severity":"debug","timestamp":"2026-03-25T12:17:19.632542228Z"}
{"http.req.id":"fec5bbb5-0979-43ca-801d-b25018cf3f23","http.req.method":"POST","http.req.path":"/setCurrency","message":"request started","session":"827eab86-1aba-4a15-8740-5fee5900d10f","severity":"debug","timestamp":"2026-03-25T12:17:20.067239944Z"}
{"curr.new":"JPY","curr.old":"USD","http.req.id":"fec5bbb5-0979-43ca-801d-b25018cf3f23","http.req.method":"POST","http.req.path":"/setCurrency","message":"setting currency","session":"827eab86-1aba-4a15-8740-5fee5900d10f","severity":"debug","timestamp":"2026-03-25T12:17:20.067514861Z"}
{"http.req.id":"fec5bbb5-0979-43ca-801d-b25018cf3f23","http.req.method":"POST","http.req.path":"/setCurrency","http.resp.bytes":0,"http.resp.status":302,"http.resp.took_ms":0,"message":"request complete","session":"827eab86-1aba-4a15-8740-5fee5900d10f","severity":"debug","timestamp":"2026-03-25T12:17:20.067570465Z"}
{"http.req.id":"acb61b8a-d263-44e9-b07b-c2190fcd7d22","http.req.method":"GET","http.req.path":"/","message":"request started","session":"827eab86-1aba-4a15-8740-5fee5900d10f","severity":"debug","timestamp":"2026-03-25T12:17:20.069794884Z"}
{"currency":"JPY","http.req.id":"acb61b8a-d263-44e9-b07b-c2190fcd7d22","http.req.method":"GET","http.req.path":"/","message":"home","session":"827eab86-1aba-4a15-8740-5fee5900d10f","severity":"info","timestamp":"2026-03-25T12:17:20.069963514Z"}
env platform is either empty or invalid
{"http.req.id":"acb61b8a-d263-44e9-b07b-c2190fcd7d22","http.req.method":"GET","http.req.path":"/","message":"ENV_PLATFORM is: local","session":"827eab86-1aba-4a15-8740-5fee5900d10f","severity":"debug","timestamp":"2026-03-25T12:17:20.252538817Z"}
{"http.req.id":"acb61b8a-d263-44e9-b07b-c2190fcd7d22","http.req.method":"GET","http.req.path":"/","http.resp.bytes":10529,"http.resp.status":200,"http.resp.took_ms":186,"message":"request complete","session":"827eab86-1aba-4a15-8740-5fee5900d10f","severity":"debug","timestamp":"2026-03-25T12:17:20.256526388Z"}
{"http.req.id":"98aa115d-ec17-41bf-bac9-d886f9b318e1","http.req.method":"GET","http.req.path":"/product/OLJCESPC7Z","message":"request started","session":"694745d8-a179-4c65-83d6-9ed873a7b94b","severity":"debug","timestamp":"2026-03-25T12:17:20.58769272Z"}
{"currency":"EUR","http.req.id":"98aa115d-ec17-41bf-bac9-d886f9b318e1","http.req.method":"GET","http.req.path":"/product/OLJCESPC7Z","id":"OLJCESPC7Z","message":"serving product page","session":"694745d8-a179-4c65-83d6-9ed873a7b94b","severity":"debug","timestamp":"2026-03-25T12:17:20.587817154Z"}
{"http.req.id":"98aa115d-ec17-41bf-bac9-d886f9b318e1","http.req.method":"GET","http.req.path":"/product/OLJCESPC7Z","http.resp.bytes":8005,"http.resp.status":200,"http.resp.took_ms":32,"message":"request complete","session":"694745d8-a179-4c65-83d6-9ed873a7b94b","severity":"debug","timestamp":"2026-03-25T12:17:20.619776004Z"}
{"http.req.id":"932d3a04-8817-42ea-80d5-4eb583ab91d5","http.req.method":"GET","http.req.path":"/product/L9ECAV7KIM","message":"request started","session":"513dd945-739c-4fe3-8e54-6e6927fbb733","severity":"debug","timestamp":"2026-03-25T12:17:20.760048693Z"}
{"currency":"EUR","http.req.id":"932d3a04-8817-42ea-80d5-4eb583ab91d5","http.req.method":"GET","http.req.path":"/product/L9ECAV7KIM","id":"L9ECAV7KIM","message":"serving product page","session":"513dd945-739c-4fe3-8e54-6e6927fbb733","severity":"debug","timestamp":"2026-03-25T12:17:20.760201711Z"}
{"http.req.id":"932d3a04-8817-42ea-80d5-4eb583ab91d5","http.req.method":"GET","http.req.path":"/product/L9ECAV7KIM","http.resp.bytes":8057,"http.resp.status":200,"http.resp.took_ms":27,"message":"request complete","session":"513dd945-739c-4fe3-8e54-6e6927fbb733","severity":"debug","timestamp":"2026-03-25T12:17:20.787811522Z"}
{"http.req.id":"4a1eb050-f86c-4e0b-a228-06a8df41024d","http.req.method":"POST","http.req.path":"/cart","message":"request started","session":"513dd945-739c-4fe3-8e54-6e6927fbb733","severity":"debug","timestamp":"2026-03-25T12:17:20.789754682Z"}
{"http.req.id":"4a1eb050-f86c-4e0b-a228-06a8df41024d","http.req.method":"POST","http.req.path":"/cart","message":"adding to cart","product":"L9ECAV7KIM","quantity":3,"session":"513dd945-739c-4fe3-8e54-6e6927fbb733","severity":"debug","timestamp":"2026-03-25T12:17:20.790014593Z"}
{"http.req.id":"4a1eb050-f86c-4e0b-a228-06a8df41024d","http.req.method":"POST","http.req.path":"/cart","http.resp.bytes":0,"http.resp.status":302,"http.resp.took_ms":5,"message":"request complete","session":"513dd945-739c-4fe3-8e54-6e6927fbb733","severity":"debug","timestamp":"2026-03-25T12:17:20.795168691Z"}
{"http.req.id":"ac6796f7-2295-4b43-b4db-fd32e071f080","http.req.method":"GET","http.req.path":"/cart","message":"request started","session":"513dd945-739c-4fe3-8e54-6e6927fbb733","severity":"debug","timestamp":"2026-03-25T12:17:20.7983277Z"}
{"http.req.id":"ac6796f7-2295-4b43-b4db-fd32e071f080","http.req.method":"GET","http.req.path":"/cart","message":"view user cart","session":"513dd945-739c-4fe3-8e54-6e6927fbb733","severity":"debug","timestamp":"2026-03-25T12:17:20.798464889Z"}
{"http.req.id":"ac6796f7-2295-4b43-b4db-fd32e071f080","http.req.method":"GET","http.req.path":"/cart","http.resp.bytes":17885,"http.resp.status":200,"http.resp.took_ms":85,"message":"request complete","session":"513dd945-739c-4fe3-8e54-6e6927fbb733","severity":"debug","timestamp":"2026-03-25T12:17:20.884182038Z"}
{"http.req.id":"0d2ddf82-3666-4b58-8f07-7017d754ddb6","http.req.method":"GET","http.req.path":"/cart","message":"request started","session":"514e00c6-206e-4c6e-873f-852b796455de","severity":"debug","timestamp":"2026-03-25T12:17:21.069004695Z"}
{"http.req.id":"0d2ddf82-3666-4b58-8f07-7017d754ddb6","http.req.method":"GET","http.req.path":"/cart","message":"view user cart","session":"514e00c6-206e-4c6e-873f-852b796455de","severity":"debug","timestamp":"2026-03-25T12:17:21.069139163Z"}
{"http.req.id":"0d2ddf82-3666-4b58-8f07-7017d754ddb6","http.req.method":"GET","http.req.path":"/cart","http.resp.bytes":16445,"http.resp.status":200,"http.resp.took_ms":79,"message":"request complete","session":"514e00c6-206e-4c6e-873f-852b796455de","severity":"debug","timestamp":"2026-03-25T12:17:21.148789262Z"}
{"http.req.id":"914742cd-b524-428a-9fda-b74f5f7a592a","http.req.method":"GET","http.req.path":"/cart","message":"request started","session":"ecb080bf-5333-403f-9547-c8725d499228","severity":"debug","timestamp":"2026-03-25T12:17:21.448931625Z"}
{"http.req.id":"914742cd-b524-428a-9fda-b74f5f7a592a","http.req.method":"GET","http.req.path":"/cart","message":"view user cart","session":"ecb080bf-5333-403f-9547-c8725d499228","severity":"debug","timestamp":"2026-03-25T12:17:21.449028928Z"}
{"http.req.id":"914742cd-b524-428a-9fda-b74f5f7a592a","http.req.method":"GET","http.req.path":"/cart","http.resp.bytes":19310,"http.resp.status":200,"http.resp.took_ms":37,"message":"request complete","session":"ecb080bf-5333-403f-9547-c8725d499228","severity":"debug","timestamp":"2026-03-25T12:17:21.486423351Z"}
{"http.req.id":"426d8d34-851c-475a-af49-f279fdbb187b","http.req.method":"GET","http.req.path":"/product/OLJCESPC7Z","message":"request started","session":"df4ce93a-5d92-40a8-93c2-540bf11bbb4d","severity":"debug","timestamp":"2026-03-25T12:17:21.562804185Z"}
{"currency":"CAD","http.req.id":"426d8d34-851c-475a-af49-f279fdbb187b","http.req.method":"GET","http.req.path":"/product/OLJCESPC7Z","id":"OLJCESPC7Z","message":"serving product page","session":"df4ce93a-5d92-40a8-93c2-540bf11bbb4d","severity":"debug","timestamp":"2026-03-25T12:17:21.56293512Z"}
{"http.req.id":"426d8d34-851c-475a-af49-f279fdbb187b","http.req.method":"GET","http.req.path":"/product/OLJCESPC7Z","http.resp.bytes":8077,"http.resp.status":200,"http.resp.took_ms":27,"message":"request complete","session":"df4ce93a-5d92-40a8-93c2-540bf11bbb4d","severity":"debug","timestamp":"2026-03-25T12:17:21.590093357Z"}
{"http.req.id":"c9377290-9fc3-438d-8732-00d8932db71d","http.req.method":"POST","http.req.path":"/cart","message":"request started","session":"df4ce93a-5d92-40a8-93c2-540bf11bbb4d","severity":"debug","timestamp":"2026-03-25T12:17:21.591948046Z"}
{"http.req.id":"c9377290-9fc3-438d-8732-00d8932db71d","http.req.method":"POST","http.req.path":"/cart","message":"adding to cart","product":"OLJCESPC7Z","quantity":5,"session":"df4ce93a-5d92-40a8-93c2-540bf11bbb4d","severity":"debug","timestamp":"2026-03-25T12:17:21.592237583Z"}
{"http.req.id":"c9377290-9fc3-438d-8732-00d8932db71d","http.req.method":"POST","http.req.path":"/cart","http.resp.bytes":0,"http.resp.status":302,"http.resp.took_ms":56,"message":"request complete","session":"df4ce93a-5d92-40a8-93c2-540bf11bbb4d","severity":"debug","timestamp":"2026-03-25T12:17:21.648041321Z"}
{"http.req.id":"fe1d3ebf-0fdc-4cb8-a412-fc10cf488fc6","http.req.method":"GET","http.req.path":"/cart","message":"request started","session":"df4ce93a-5d92-40a8-93c2-540bf11bbb4d","severity":"debug","timestamp":"2026-03-25T12:17:21.650611922Z"}
{"http.req.id":"fe1d3ebf-0fdc-4cb8-a412-fc10cf488fc6","http.req.method":"GET","http.req.path":"/cart","message":"view user cart","session":"df4ce93a-5d92-40a8-93c2-540bf11bbb4d","severity":"debug","timestamp":"2026-03-25T12:17:21.650687064Z"}
{"http.req.id":"fe1d3ebf-0fdc-4cb8-a412-fc10cf488fc6","http.req.method":"GET","http.req.path":"/cart","http.resp.bytes":17867,"http.resp.status":200,"http.resp.took_ms":36,"message":"request complete","session":"df4ce93a-5d92-40a8-93c2-540bf11bbb4d","severity":"debug","timestamp":"2026-03-25T12:17:21.687183114Z"}
{"http.req.id":"80c9cf1e-d5b7-4944-8734-99d688ce6dd7","http.req.method":"POST","http.req.path":"/cart/checkout","message":"request started","session":"df4ce93a-5d92-40a8-93c2-540bf11bbb4d","severity":"debug","timestamp":"2026-03-25T12:17:21.751890548Z"}
{"http.req.id":"80c9cf1e-d5b7-4944-8734-99d688ce6dd7","http.req.method":"POST","http.req.path":"/cart/checkout","message":"placing order","session":"df4ce93a-5d92-40a8-93c2-540bf11bbb4d","severity":"debug","timestamp":"2026-03-25T12:17:21.752027526Z"}
{"http.req.id":"80c9cf1e-d5b7-4944-8734-99d688ce6dd7","http.req.method":"POST","http.req.path":"/cart/checkout","message":"order placed","order":"9330d5b3-2844-11f1-a4a0-927ce8a683d8","session":"df4ce93a-5d92-40a8-93c2-540bf11bbb4d","severity":"info","timestamp":"2026-03-25T12:17:21.79073468Z"}
{"http.req.id":"80c9cf1e-d5b7-4944-8734-99d688ce6dd7","http.req.method":"POST","http.req.path":"/cart/checkout","http.resp.bytes":6799,"http.resp.status":200,"http.resp.took_ms":56,"message":"request complete","session":"df4ce93a-5d92-40a8-93c2-540bf11bbb4d","severity":"debug","timestamp":"2026-03-25T12:17:21.807988987Z"}
{"http.req.id":"9e2359a1-4655-408e-8a4c-4cd71fe87682","http.req.method":"GET","http.req.path":"/product/OLJCESPC7Z","message":"request started","session":"fcb2831f-0627-4791-ac1d-23821dc5b140","severity":"debug","timestamp":"2026-03-25T12:17:21.956275464Z"}
{"currency":"CAD","http.req.id":"9e2359a1-4655-408e-8a4c-4cd71fe87682","http.req.method":"GET","http.req.path":"/product/OLJCESPC7Z","id":"OLJCESPC7Z","message":"serving product page","session":"fcb2831f-0627-4791-ac1d-23821dc5b140","severity":"debug","timestamp":"2026-03-25T12:17:21.956468632Z"}
{"http.req.id":"e2997ec4-c5db-4752-9746-1f4c99b64a44","http.req.method":"GET","http.req.path":"/cart","message":"request started","session":"a38c2610-1665-4c93-8051-4c451f5de325","severity":"debug","timestamp":"2026-03-25T12:17:22.047922593Z"}
{"http.req.id":"e2997ec4-c5db-4752-9746-1f4c99b64a44","http.req.method":"GET","http.req.path":"/cart","message":"view user cart","session":"a38c2610-1665-4c93-8051-4c451f5de325","severity":"debug","timestamp":"2026-03-25T12:17:22.04803918Z"}
{"http.req.id":"9e2359a1-4655-408e-8a4c-4cd71fe87682","http.req.method":"GET","http.req.path":"/product/OLJCESPC7Z","http.resp.bytes":8064,"http.resp.status":200,"http.resp.took_ms":92,"message":"request complete","session":"fcb2831f-0627-4791-ac1d-23821dc5b140","severity":"debug","timestamp":"2026-03-25T12:17:22.048875788Z"}
{"http.req.id":"e2997ec4-c5db-4752-9746-1f4c99b64a44","http.req.method":"GET","http.req.path":"/cart","http.resp.bytes":6897,"http.resp.status":200,"http.resp.took_ms":26,"message":"request complete","session":"a38c2610-1665-4c93-8051-4c451f5de325","severity":"debug","timestamp":"2026-03-25T12:17:22.074178843Z"}
{"http.req.id":"319d8323-99e1-4fea-989d-bc30a727bbf2","http.req.method":"GET","http.req.path":"/_healthz","message":"request started","session":"x-liveness-probe","severity":"debug","timestamp":"2026-03-25T12:17:22.959307348Z"}
{"http.req.id":"319d8323-99e1-4fea-989d-bc30a727bbf2","http.req.method":"GET","http.req.path":"/_healthz","http.resp.bytes":2,"http.resp.status":200,"http.resp.took_ms":0,"message":"request complete","session":"x-liveness-probe","severity":"debug","timestamp":"2026-03-25T12:17:22.959447592Z"}
