{"message":"Tracing disabled.","severity":"info","timestamp":"2026-03-25T12:09:21.219527014Z"}
{"message":"Profiling disabled.","severity":"info","timestamp":"2026-03-25T12:09:21.219692601Z"}
{"message":"starting server on :8080","severity":"info","timestamp":"2026-03-25T12:09:21.224189218Z"}
{"http.req.id":"6056e44b-c861-4bc1-abcc-19c4b87ff40d","http.req.method":"GET","http.req.path":"/_healthz","message":"request started","session":"x-readiness-probe","severity":"debug","timestamp":"2026-03-25T12:09:32.530297259Z"}
{"http.req.id":"6056e44b-c861-4bc1-abcc-19c4b87ff40d","http.req.method":"GET","http.req.path":"/_healthz","http.resp.bytes":2,"http.resp.status":200,"http.resp.took_ms":0,"message":"request complete","session":"x-readiness-probe","severity":"debug","timestamp":"2026-03-25T12:09:32.530531741Z"}
{"http.req.id":"5435ddfe-3823-45cb-8acf-4882a6f39a9a","http.req.method":"GET","http.req.path":"/product/66VCHSJNUP","message":"request started","session":"a38c2610-1665-4c93-8051-4c451f5de325","severity":"debug","timestamp":"2026-03-25T12:09:33.573364481Z"}
{"currency":"GBP","http.req.id":"5435ddfe-3823-45cb-8acf-4882a6f39a9a","http.req.method":"GET","http.req.path":"/product/66VCHSJNUP","id":"66VCHSJNUP","message":"serving product page","session":"a38c2610-1665-4c93-8051-4c451f5de325","severity":"debug","timestamp":"2026-03-25T12:09:33.573450265Z"}
{"http.req.id":"5435ddfe-3823-45cb-8acf-4882a6f39a9a","http.req.method":"GET","http.req.path":"/product/66VCHSJNUP","http.resp.bytes":7954,"http.resp.status":200,"http.resp.took_ms":22,"message":"request complete","session":"a38c2610-1665-4c93-8051-4c451f5de325","severity":"debug","timestamp":"2026-03-25T12:09:33.596211245Z"}
{"http.req.id":"dffef2f0-9d85-4692-a371-db39358c779c","http.req.method":"POST","http.req.path":"/cart","message":"request started","session":"514e00c6-206e-4c6e-873f-852b796455de","severity":"debug","timestamp":"2026-03-25T12:09:35.253051631Z"}
{"http.req.id":"dffef2f0-9d85-4692-a371-db39358c779c","http.req.method":"POST","http.req.path":"/cart","message":"adding to cart","product":"OLJCESPC7Z","quantity":3,"session":"514e00c6-206e-4c6e-873f-852b796455de","severity":"debug","timestamp":"2026-03-25T12:09:35.253329741Z"}
{"http.req.id":"dffef2f0-9d85-4692-a371-db39358c779c","http.req.method":"POST","http.req.path":"/cart","http.resp.bytes":0,"http.resp.status":302,"http.resp.took_ms":4,"message":"request complete","session":"514e00c6-206e-4c6e-873f-852b796455de","severity":"debug","timestamp":"2026-03-25T12:09:35.257576378Z"}
{"http.req.id":"3fda5413-47e9-450f-b4b5-88f94a8289b8","http.req.method":"GET","http.req.path":"/cart","message":"request started","session":"514e00c6-206e-4c6e-873f-852b796455de","severity":"debug","timestamp":"2026-03-25T12:09:35.258813637Z"}
{"http.req.id":"3fda5413-47e9-450f-b4b5-88f94a8289b8","http.req.method":"GET","http.req.path":"/cart","message":"view user cart","session":"514e00c6-206e-4c6e-873f-852b796455de","severity":"debug","timestamp":"2026-03-25T12:09:35.258902094Z"}
{"http.req.id":"3fda5413-47e9-450f-b4b5-88f94a8289b8","http.req.method":"GET","http.req.path":"/cart","http.resp.bytes":16363,"http.resp.status":200,"http.resp.took_ms":22,"message":"request complete","session":"514e00c6-206e-4c6e-873f-852b796455de","severity":"debug","timestamp":"2026-03-25T12:09:35.281273567Z"}
{"http.req.id":"5cce3475-8dc7-4d0a-b93c-7ffac716fba7","http.req.method":"POST","http.req.path":"/cart/checkout","message":"request started","session":"514e00c6-206e-4c6e-873f-852b796455de","severity":"debug","timestamp":"2026-03-25T12:09:35.291070699Z"}
{"http.req.id":"5cce3475-8dc7-4d0a-b93c-7ffac716fba7","http.req.method":"POST","http.req.path":"/cart/checkout","message":"placing order","session":"514e00c6-206e-4c6e-873f-852b796455de","severity":"debug","timestamp":"2026-03-25T12:09:35.291182067Z"}
{"http.req.id":"5cce3475-8dc7-4d0a-b93c-7ffac716fba7","http.req.method":"POST","http.req.path":"/cart/checkout","message":"order placed","order":"7d2892cb-2843-11f1-a4a0-927ce8a683d8","session":"514e00c6-206e-4c6e-873f-852b796455de","severity":"info","timestamp":"2026-03-25T12:09:35.327687628Z"}
{"http.req.id":"5cce3475-8dc7-4d0a-b93c-7ffac716fba7","http.req.method":"POST","http.req.path":"/cart/checkout","http.resp.bytes":6711,"http.resp.status":200,"http.resp.took_ms":58,"message":"request complete","session":"514e00c6-206e-4c6e-873f-852b796455de","severity":"debug","timestamp":"2026-03-25T12:09:35.34912049Z"}
{"http.req.id":"fdafc76c-2465-4423-978e-a069ed27d6dd","http.req.method":"GET","http.req.path":"/cart","message":"request started","session":"df4ce93a-5d92-40a8-93c2-540bf11bbb4d","severity":"debug","timestamp":"2026-03-25T12:09:35.803263669Z"}
{"http.req.id":"fdafc76c-2465-4423-978e-a069ed27d6dd","http.req.method":"GET","http.req.path":"/cart","message":"view user cart","session":"df4ce93a-5d92-40a8-93c2-540bf11bbb4d","severity":"debug","timestamp":"2026-03-25T12:09:35.803365261Z"}
{"http.req.id":"fdafc76c-2465-4423-978e-a069ed27d6dd","http.req.method":"GET","http.req.path":"/cart","http.resp.bytes":6809,"http.resp.status":200,"http.resp.took_ms":17,"message":"request complete","session":"df4ce93a-5d92-40a8-93c2-540bf11bbb4d","severity":"debug","timestamp":"2026-03-25T12:09:35.82115504Z"}
{"http.req.id":"9cfced5d-44c0-4029-b60c-46d374c324c0","http.req.method":"GET","http.req.path":"/product/2ZYFJ3GM2N","message":"request started","session":"827eab86-1aba-4a15-8740-5fee5900d10f","severity":"debug","timestamp":"2026-03-25T12:09:35.866770921Z"}
{"currency":"JPY","http.req.id":"9cfced5d-44c0-4029-b60c-46d374c324c0","http.req.method":"GET","http.req.path":"/product/2ZYFJ3GM2N","id":"2ZYFJ3GM2N","message":"serving product page","session":"827eab86-1aba-4a15-8740-5fee5900d10f","severity":"debug","timestamp":"2026-03-25T12:09:35.866906139Z"}
{"http.req.id":"9cfced5d-44c0-4029-b60c-46d374c324c0","http.req.method":"GET","http.req.path":"/product/2ZYFJ3GM2N","http.resp.bytes":8001,"http.resp.status":200,"http.resp.took_ms":52,"message":"request complete","session":"827eab86-1aba-4a15-8740-5fee5900d10f","severity":"debug","timestamp":"2026-03-25T12:09:35.91887613Z"}
{"http.req.id":"26755ae3-a3c1-43d8-a445-f2b12c3ac514","http.req.method":"POST","http.req.path":"/setCurrency","message":"request started","session":"2d3bf3d7-22b5-49c9-8227-12126292f393","severity":"debug","timestamp":"2026-03-25T12:09:36.283267646Z"}
{"curr.new":"TRY","curr.old":"GBP","http.req.id":"26755ae3-a3c1-43d8-a445-f2b12c3ac514","http.req.method":"POST","http.req.path":"/setCurrency","message":"setting currency","session":"2d3bf3d7-22b5-49c9-8227-12126292f393","severity":"debug","timestamp":"2026-03-25T12:09:36.283474964Z"}
{"http.req.id":"26755ae3-a3c1-43d8-a445-f2b12c3ac514","http.req.method":"POST","http.req.path":"/setCurrency","http.resp.bytes":0,"http.resp.status":302,"http.resp.took_ms":0,"message":"request complete","session":"2d3bf3d7-22b5-49c9-8227-12126292f393","severity":"debug","timestamp":"2026-03-25T12:09:36.283618283Z"}
{"http.req.id":"9910d1de-fb27-4430-a2d1-4eb671e7d1aa","http.req.method":"GET","http.req.path":"/","message":"request started","session":"2d3bf3d7-22b5-49c9-8227-12126292f393","severity":"debug","timestamp":"2026-03-25T12:09:36.285360424Z"}
{"currency":"TRY","http.req.id":"9910d1de-fb27-4430-a2d1-4eb671e7d1aa","http.req.method":"GET","http.req.path":"/","message":"home","session":"2d3bf3d7-22b5-49c9-8227-12126292f393","severity":"info","timestamp":"2026-03-25T12:09:36.28540785Z"}
env platform is either empty or invalid
{"http.req.id":"9910d1de-fb27-4430-a2d1-4eb671e7d1aa","http.req.method":"GET","http.req.path":"/","message":"ENV_PLATFORM is: local","session":"2d3bf3d7-22b5-49c9-8227-12126292f393","severity":"debug","timestamp":"2026-03-25T12:09:36.346310147Z"}
{"http.req.id":"9910d1de-fb27-4430-a2d1-4eb671e7d1aa","http.req.method":"GET","http.req.path":"/","http.resp.bytes":10411,"http.resp.status":200,"http.resp.took_ms":64,"message":"request complete","session":"2d3bf3d7-22b5-49c9-8227-12126292f393","severity":"debug","timestamp":"2026-03-25T12:09:36.349663554Z"}
{"http.req.id":"597fc8c4-44c6-41a1-9339-21ef952ec383","http.req.method":"GET","http.req.path":"/product/6E92ZMYYFZ","message":"request started","session":"df4ce93a-5d92-40a8-93c2-540bf11bbb4d","severity":"debug","timestamp":"2026-03-25T12:09:37.2979068Z"}
{"currency":"TRY","http.req.id":"597fc8c4-44c6-41a1-9339-21ef952ec383","http.req.method":"GET","http.req.path":"/product/6E92ZMYYFZ","id":"6E92ZMYYFZ","message":"serving product page","session":"df4ce93a-5d92-40a8-93c2-540bf11bbb4d","severity":"debug","timestamp":"2026-03-25T12:09:37.29805359Z"}
{"http.req.id":"597fc8c4-44c6-41a1-9339-21ef952ec383","http.req.method":"GET","http.req.path":"/product/6E92ZMYYFZ","http.resp.bytes":7890,"http.resp.status":200,"http.resp.took_ms":23,"message":"request complete","session":"df4ce93a-5d92-40a8-93c2-540bf11bbb4d","severity":"debug","timestamp":"2026-03-25T12:09:37.321554393Z"}
{"http.req.id":"cca85858-55ca-4bf7-8f7a-2b6b5408b2c8","http.req.method":"GET","http.req.path":"/product/2ZYFJ3GM2N","message":"request started","session":"2d3bf3d7-22b5-49c9-8227-12126292f393","severity":"debug","timestamp":"2026-03-25T12:09:37.746643237Z"}
{"currency":"TRY","http.req.id":"cca85858-55ca-4bf7-8f7a-2b6b5408b2c8","http.req.method":"GET","http.req.path":"/product/2ZYFJ3GM2N","id":"2ZYFJ3GM2N","message":"serving product page","session":"2d3bf3d7-22b5-49c9-8227-12126292f393","severity":"debug","timestamp":"2026-03-25T12:09:37.746734405Z"}
{"http.req.id":"cca85858-55ca-4bf7-8f7a-2b6b5408b2c8","http.req.method":"GET","http.req.path":"/product/2ZYFJ3GM2N","http.resp.bytes":7935,"http.resp.status":200,"http.resp.took_ms":19,"message":"request complete","session":"2d3bf3d7-22b5-49c9-8227-12126292f393","severity":"debug","timestamp":"2026-03-25T12:09:37.766366938Z"}
{"http.req.id":"aba3a03f-9f37-43d1-a921-3e5a1fdad505","http.req.method":"GET","http.req.path":"/product/9SIQT8TOJO","message":"request started","session":"ecb080bf-5333-403f-9547-c8725d499228","severity":"debug","timestamp":"2026-03-25T12:09:38.074991953Z"}
{"currency":"EUR","http.req.id":"aba3a03f-9f37-43d1-a921-3e5a1fdad505","http.req.method":"GET","http.req.path":"/product/9SIQT8TOJO","id":"9SIQT8TOJO","message":"serving product page","session":"ecb080bf-5333-403f-9547-c8725d499228","severity":"debug","timestamp":"2026-03-25T12:09:38.075133296Z"}
{"http.req.id":"aba3a03f-9f37-43d1-a921-3e5a1fdad505","http.req.method":"GET","http.req.path":"/product/9SIQT8TOJO","http.resp.bytes":8002,"http.resp.status":200,"http.resp.took_ms":21,"message":"request complete","session":"ecb080bf-5333-403f-9547-c8725d499228","severity":"debug","timestamp":"2026-03-25T12:09:38.096975155Z"}
