{"http.req.id":"a801b6ee-1d2e-4d4c-a7a8-281d72dcbc2f","http.req.method":"GET","http.req.path":"/cart","message":"request started","session":"df4ce93a-5d92-40a8-93c2-540bf11bbb4d","severity":"debug","timestamp":"2026-03-25T11:54:26.746568778Z"}
{"http.req.id":"a801b6ee-1d2e-4d4c-a7a8-281d72dcbc2f","http.req.method":"GET","http.req.path":"/cart","message":"view user cart","session":"df4ce93a-5d92-40a8-93c2-540bf11bbb4d","severity":"debug","timestamp":"2026-03-25T11:54:26.746661339Z"}
{"http.req.id":"a801b6ee-1d2e-4d4c-a7a8-281d72dcbc2f","http.req.method":"GET","http.req.path":"/cart","http.resp.bytes":20671,"http.resp.status":200,"http.resp.took_ms":35,"message":"request complete","session":"df4ce93a-5d92-40a8-93c2-540bf11bbb4d","severity":"debug","timestamp":"2026-03-25T11:54:26.78177226Z"}
{"http.req.id":"da73cbae-8c21-4b8c-9384-018a50975b6e","http.req.method":"POST","http.req.path":"/cart/checkout","message":"request started","session":"df4ce93a-5d92-40a8-93c2-540bf11bbb4d","severity":"debug","timestamp":"2026-03-25T11:54:26.785535759Z"}
{"http.req.id":"da73cbae-8c21-4b8c-9384-018a50975b6e","http.req.method":"POST","http.req.path":"/cart/checkout","message":"placing order","session":"df4ce93a-5d92-40a8-93c2-540bf11bbb4d","severity":"debug","timestamp":"2026-03-25T11:54:26.785615204Z"}
{"http.req.id":"da73cbae-8c21-4b8c-9384-018a50975b6e","http.req.method":"POST","http.req.path":"/cart/checkout","message":"order placed","order":"5fa57c27-2841-11f1-a4a0-927ce8a683d8","session":"df4ce93a-5d92-40a8-93c2-540bf11bbb4d","severity":"info","timestamp":"2026-03-25T11:54:26.817473214Z"}
{"http.req.id":"93c821a6-6f92-40fb-bf7c-b9436f1a59f1","http.req.method":"GET","http.req.path":"/cart","message":"request started","session":"513dd945-739c-4fe3-8e54-6e6927fbb733","severity":"debug","timestamp":"2026-03-25T11:54:26.863471726Z"}
{"http.req.id":"93c821a6-6f92-40fb-bf7c-b9436f1a59f1","http.req.method":"GET","http.req.path":"/cart","message":"view user cart","session":"513dd945-739c-4fe3-8e54-6e6927fbb733","severity":"debug","timestamp":"2026-03-25T11:54:26.863547788Z"}
{"http.req.id":"da73cbae-8c21-4b8c-9384-018a50975b6e","http.req.method":"POST","http.req.path":"/cart/checkout","http.resp.bytes":6748,"http.resp.status":200,"http.resp.took_ms":82,"message":"request complete","session":"df4ce93a-5d92-40a8-93c2-540bf11bbb4d","severity":"debug","timestamp":"2026-03-25T11:54:26.868325228Z"}
{"http.req.id":"93c821a6-6f92-40fb-bf7c-b9436f1a59f1","http.req.method":"GET","http.req.path":"/cart","http.resp.bytes":16373,"http.resp.status":200,"http.resp.took_ms":20,"message":"request complete","session":"513dd945-739c-4fe3-8e54-6e6927fbb733","severity":"debug","timestamp":"2026-03-25T11:54:26.884427731Z"}
{"http.req.id":"204ca84a-cb17-41f6-9ece-f196a57149da","http.req.method":"GET","http.req.path":"/product/0PUK6V6EV0","message":"request started","session":"694745d8-a179-4c65-83d6-9ed873a7b94b","severity":"debug","timestamp":"2026-03-25T11:54:28.160664148Z"}
{"currency":"TRY","http.req.id":"204ca84a-cb17-41f6-9ece-f196a57149da","http.req.method":"GET","http.req.path":"/product/0PUK6V6EV0","id":"0PUK6V6EV0","message":"serving product page","session":"694745d8-a179-4c65-83d6-9ed873a7b94b","severity":"debug","timestamp":"2026-03-25T11:54:28.160860326Z"}
{"http.req.id":"204ca84a-cb17-41f6-9ece-f196a57149da","http.req.method":"GET","http.req.path":"/product/0PUK6V6EV0","http.resp.bytes":7889,"http.resp.status":200,"http.resp.took_ms":25,"message":"request complete","session":"694745d8-a179-4c65-83d6-9ed873a7b94b","severity":"debug","timestamp":"2026-03-25T11:54:28.185650812Z"}
{"http.req.id":"5d3520d9-2bd9-45eb-af99-d4dc4ce4a89f","http.req.method":"POST","http.req.path":"/cart","message":"request started","session":"694745d8-a179-4c65-83d6-9ed873a7b94b","severity":"debug","timestamp":"2026-03-25T11:54:28.186994715Z"}
{"http.req.id":"5d3520d9-2bd9-45eb-af99-d4dc4ce4a89f","http.req.method":"POST","http.req.path":"/cart","message":"adding to cart","product":"0PUK6V6EV0","quantity":2,"session":"694745d8-a179-4c65-83d6-9ed873a7b94b","severity":"debug","timestamp":"2026-03-25T11:54:28.187195415Z"}
{"http.req.id":"5d3520d9-2bd9-45eb-af99-d4dc4ce4a89f","http.req.method":"POST","http.req.path":"/cart","http.resp.bytes":0,"http.resp.status":302,"http.resp.took_ms":3,"message":"request complete","session":"694745d8-a179-4c65-83d6-9ed873a7b94b","severity":"debug","timestamp":"2026-03-25T11:54:28.190427942Z"}
{"http.req.id":"46d73be0-1866-4b52-83d7-7e8bd8e66916","http.req.method":"GET","http.req.path":"/cart","message":"request started","session":"694745d8-a179-4c65-83d6-9ed873a7b94b","severity":"debug","timestamp":"2026-03-25T11:54:28.19157664Z"}
{"http.req.id":"46d73be0-1866-4b52-83d7-7e8bd8e66916","http.req.method":"GET","http.req.path":"/cart","message":"view user cart","session":"694745d8-a179-4c65-83d6-9ed873a7b94b","severity":"debug","timestamp":"2026-03-25T11:54:28.191648015Z"}
{"http.req.id":"46d73be0-1866-4b52-83d7-7e8bd8e66916","http.req.method":"GET","http.req.path":"/cart","http.resp.bytes":16424,"http.resp.status":200,"http.resp.took_ms":14,"message":"request complete","session":"694745d8-a179-4c65-83d6-9ed873a7b94b","severity":"debug","timestamp":"2026-03-25T11:54:28.206471078Z"}
{"http.req.id":"7571e909-3ee9-4836-8e75-62d5cf004699","http.req.method":"GET","http.req.path":"/product/6E92ZMYYFZ","message":"request started","session":"a38c2610-1665-4c93-8051-4c451f5de325","severity":"debug","timestamp":"2026-03-25T11:54:29.024032848Z"}
{"currency":"CAD","http.req.id":"7571e909-3ee9-4836-8e75-62d5cf004699","http.req.method":"GET","http.req.path":"/product/6E92ZMYYFZ","id":"6E92ZMYYFZ","message":"serving product page","session":"a38c2610-1665-4c93-8051-4c451f5de325","severity":"debug","timestamp":"2026-03-25T11:54:29.024145997Z"}
{"http.req.id":"7571e909-3ee9-4836-8e75-62d5cf004699","http.req.method":"GET","http.req.path":"/product/6E92ZMYYFZ","http.resp.bytes":7874,"http.resp.status":200,"http.resp.took_ms":15,"message":"request complete","session":"a38c2610-1665-4c93-8051-4c451f5de325","severity":"debug","timestamp":"2026-03-25T11:54:29.039737937Z"}
{"http.req.id":"f1a0e0b4-8d45-4ba9-9dca-ebff6ec5cfe3","http.req.method":"POST","http.req.path":"/cart","message":"request started","session":"a38c2610-1665-4c93-8051-4c451f5de325","severity":"debug","timestamp":"2026-03-25T11:54:29.040624539Z"}
{"http.req.id":"f1a0e0b4-8d45-4ba9-9dca-ebff6ec5cfe3","http.req.method":"POST","http.req.path":"/cart","message":"adding to cart","product":"6E92ZMYYFZ","quantity":10,"session":"a38c2610-1665-4c93-8051-4c451f5de325","severity":"debug","timestamp":"2026-03-25T11:54:29.04075953Z"}
{"http.req.id":"f1a0e0b4-8d45-4ba9-9dca-ebff6ec5cfe3","http.req.method":"POST","http.req.path":"/cart","http.resp.bytes":0,"http.resp.status":302,"http.resp.took_ms":2,"message":"request complete","session":"a38c2610-1665-4c93-8051-4c451f5de325","severity":"debug","timestamp":"2026-03-25T11:54:29.043359126Z"}
{"http.req.id":"3b8106d1-98ca-4f18-a579-10cbca7d47df","http.req.method":"GET","http.req.path":"/cart","message":"request started","session":"a38c2610-1665-4c93-8051-4c451f5de325","severity":"debug","timestamp":"2026-03-25T11:54:29.044501715Z"}
{"http.req.id":"3b8106d1-98ca-4f18-a579-10cbca7d47df","http.req.method":"GET","http.req.path":"/cart","message":"view user cart","session":"a38c2610-1665-4c93-8051-4c451f5de325","severity":"debug","timestamp":"2026-03-25T11:54:29.044569509Z"}
{"http.req.id":"3b8106d1-98ca-4f18-a579-10cbca7d47df","http.req.method":"GET","http.req.path":"/cart","http.resp.bytes":16417,"http.resp.status":200,"http.resp.took_ms":16,"message":"request complete","session":"a38c2610-1665-4c93-8051-4c451f5de325","severity":"debug","timestamp":"2026-03-25T11:54:29.060983601Z"}
{"http.req.id":"c0fe2760-fb67-4828-bc9b-cdd8abf7c1f5","http.req.method":"POST","http.req.path":"/setCurrency","message":"request started","session":"ecb080bf-5333-403f-9547-c8725d499228","severity":"debug","timestamp":"2026-03-25T11:54:29.610645292Z"}
{"curr.new":"JPY","curr.old":"JPY","http.req.id":"c0fe2760-fb67-4828-bc9b-cdd8abf7c1f5","http.req.method":"POST","http.req.path":"/setCurrency","message":"setting currency","session":"ecb080bf-5333-403f-9547-c8725d499228","severity":"debug","timestamp":"2026-03-25T11:54:29.610785182Z"}
{"http.req.id":"c0fe2760-fb67-4828-bc9b-cdd8abf7c1f5","http.req.method":"POST","http.req.path":"/setCurrency","http.resp.bytes":0,"http.resp.status":302,"http.resp.took_ms":0,"message":"request complete","session":"ecb080bf-5333-403f-9547-c8725d499228","severity":"debug","timestamp":"2026-03-25T11:54:29.610820067Z"}
{"http.req.id":"3f13e891-6116-45fa-adfd-6106115cff79","http.req.method":"GET","http.req.path":"/","message":"request started","session":"ecb080bf-5333-403f-9547-c8725d499228","severity":"debug","timestamp":"2026-03-25T11:54:29.612306046Z"}
{"currency":"JPY","http.req.id":"3f13e891-6116-45fa-adfd-6106115cff79","http.req.method":"GET","http.req.path":"/","message":"home","session":"ecb080bf-5333-403f-9547-c8725d499228","severity":"info","timestamp":"2026-03-25T11:54:29.612390029Z"}
env platform is either empty or invalid
{"http.req.id":"3f13e891-6116-45fa-adfd-6106115cff79","http.req.method":"GET","http.req.path":"/","message":"ENV_PLATFORM is: local","session":"ecb080bf-5333-403f-9547-c8725d499228","severity":"debug","timestamp":"2026-03-25T11:54:29.673826592Z"}
{"http.req.id":"3f13e891-6116-45fa-adfd-6106115cff79","http.req.method":"GET","http.req.path":"/","http.resp.bytes":10413,"http.resp.status":200,"http.resp.took_ms":64,"message":"request complete","session":"ecb080bf-5333-403f-9547-c8725d499228","severity":"debug","timestamp":"2026-03-25T11:54:29.677095359Z"}
{"http.req.id":"5e768ab9-3f89-4e39-af41-ca59d59ae15e","http.req.method":"GET","http.req.path":"/_healthz","message":"request started","session":"x-readiness-probe","severity":"debug","timestamp":"2026-03-25T11:54:30.388630112Z"}
{"http.req.id":"5e768ab9-3f89-4e39-af41-ca59d59ae15e","http.req.method":"GET","http.req.path":"/_healthz","http.resp.bytes":2,"http.resp.status":200,"http.resp.took_ms":0,"message":"request complete","session":"x-readiness-probe","severity":"debug","timestamp":"2026-03-25T11:54:30.388841482Z"}
{"http.req.id":"572e0101-f605-4c6b-8750-4c69f6e809ee","http.req.method":"GET","http.req.path":"/product/0PUK6V6EV0","message":"request started","session":"2d3bf3d7-22b5-49c9-8227-12126292f393","severity":"debug","timestamp":"2026-03-25T11:54:30.572667713Z"}
{"currency":"CAD","http.req.id":"572e0101-f605-4c6b-8750-4c69f6e809ee","http.req.method":"GET","http.req.path":"/product/0PUK6V6EV0","id":"0PUK6V6EV0","message":"serving product page","session":"2d3bf3d7-22b5-49c9-8227-12126292f393","severity":"debug","timestamp":"2026-03-25T11:54:30.572772417Z"}
{"http.req.id":"572e0101-f605-4c6b-8750-4c69f6e809ee","http.req.method":"GET","http.req.path":"/product/0PUK6V6EV0","http.resp.bytes":8016,"http.resp.status":200,"http.resp.took_ms":595,"message":"request complete","session":"2d3bf3d7-22b5-49c9-8227-12126292f393","severity":"debug","timestamp":"2026-03-25T11:54:31.168139282Z"}
{"http.req.id":"a0f8d08b-7aaf-4118-93a9-6535f3f9d08e","http.req.method":"GET","http.req.path":"/product/66VCHSJNUP","message":"request started","session":"fcb2831f-0627-4791-ac1d-23821dc5b140","severity":"debug","timestamp":"2026-03-25T11:54:31.386002052Z"}
{"currency":"TRY","http.req.id":"a0f8d08b-7aaf-4118-93a9-6535f3f9d08e","http.req.method":"GET","http.req.path":"/product/66VCHSJNUP","id":"66VCHSJNUP","message":"serving product page","session":"fcb2831f-0627-4791-ac1d-23821dc5b140","severity":"debug","timestamp":"2026-03-25T11:54:31.386084517Z"}
{"http.req.id":"a0f8d08b-7aaf-4118-93a9-6535f3f9d08e","http.req.method":"GET","http.req.path":"/product/66VCHSJNUP","http.resp.bytes":7973,"http.resp.status":200,"http.resp.took_ms":598,"message":"request complete","session":"fcb2831f-0627-4791-ac1d-23821dc5b140","severity":"debug","timestamp":"2026-03-25T11:54:31.98422727Z"}
{"http.req.id":"c1a9c15f-96bf-4ad1-89ca-44843275d168","http.req.method":"GET","http.req.path":"/product/L9ECAV7KIM","message":"request started","session":"514e00c6-206e-4c6e-873f-852b796455de","severity":"debug","timestamp":"2026-03-25T11:54:32.064749912Z"}
{"currency":"GBP","http.req.id":"c1a9c15f-96bf-4ad1-89ca-44843275d168","http.req.method":"GET","http.req.path":"/product/L9ECAV7KIM","id":"L9ECAV7KIM","message":"serving product page","session":"514e00c6-206e-4c6e-873f-852b796455de","severity":"debug","timestamp":"2026-03-25T11:54:32.064844425Z"}
{"http.req.id":"ce9538d2-02d1-4014-84f2-2406987175ea","http.req.method":"POST","http.req.path":"/cart","message":"request started","session":"fcb2831f-0627-4791-ac1d-23821dc5b140","severity":"debug","timestamp":"2026-03-25T11:54:32.064852686Z"}
{"http.req.id":"ce9538d2-02d1-4014-84f2-2406987175ea","http.req.method":"POST","http.req.path":"/cart","message":"adding to cart","product":"66VCHSJNUP","quantity":1,"session":"fcb2831f-0627-4791-ac1d-23821dc5b140","severity":"debug","timestamp":"2026-03-25T11:54:32.065274239Z"}
{"http.req.id":"ce9538d2-02d1-4014-84f2-2406987175ea","http.req.method":"POST","http.req.path":"/cart","http.resp.bytes":0,"http.resp.status":302,"http.resp.took_ms":10,"message":"request complete","session":"fcb2831f-0627-4791-ac1d-23821dc5b140","severity":"debug","timestamp":"2026-03-25T11:54:32.075266044Z"}
{"http.req.id":"0795c87f-4875-41cd-8c3f-2cdb93f87fae","http.req.method":"GET","http.req.path":"/cart","message":"request started","session":"fcb2831f-0627-4791-ac1d-23821dc5b140","severity":"debug","timestamp":"2026-03-25T11:54:32.082570808Z"}
{"http.req.id":"0795c87f-4875-41cd-8c3f-2cdb93f87fae","http.req.method":"GET","http.req.path":"/cart","message":"view user cart","session":"fcb2831f-0627-4791-ac1d-23821dc5b140","severity":"debug","timestamp":"2026-03-25T11:54:32.082636374Z"}
{"http.req.id":"c1a9c15f-96bf-4ad1-89ca-44843275d168","http.req.method":"GET","http.req.path":"/product/L9ECAV7KIM","http.resp.bytes":7968,"http.resp.status":200,"http.resp.took_ms":108,"message":"request complete","session":"514e00c6-206e-4c6e-873f-852b796455de","severity":"debug","timestamp":"2026-03-25T11:54:32.172897235Z"}
{"http.req.id":"1c728be2-697a-4bd5-89ce-0b95b30d0f49","http.req.method":"POST","http.req.path":"/cart","message":"request started","session":"514e00c6-206e-4c6e-873f-852b796455de","severity":"debug","timestamp":"2026-03-25T11:54:32.174752774Z"}
{"http.req.id":"1c728be2-697a-4bd5-89ce-0b95b30d0f49","http.req.method":"POST","http.req.path":"/cart","message":"adding to cart","product":"L9ECAV7KIM","quantity":7,"session":"514e00c6-206e-4c6e-873f-852b796455de","severity":"debug","timestamp":"2026-03-25T11:54:32.175014081Z"}
{"http.req.id":"1c728be2-697a-4bd5-89ce-0b95b30d0f49","http.req.method":"POST","http.req.path":"/cart","http.resp.bytes":0,"http.resp.status":302,"http.resp.took_ms":5,"message":"request complete","session":"514e00c6-206e-4c6e-873f-852b796455de","severity":"debug","timestamp":"2026-03-25T11:54:32.180673831Z"}
{"http.req.id":"371b3aa7-c30e-4800-8e89-1cec48e1b10b","http.req.method":"GET","http.req.path":"/cart","message":"request started","session":"514e00c6-206e-4c6e-873f-852b796455de","severity":"debug","timestamp":"2026-03-25T11:54:32.185290634Z"}
{"http.req.id":"371b3aa7-c30e-4800-8e89-1cec48e1b10b","http.req.method":"GET","http.req.path":"/cart","message":"view user cart","session":"514e00c6-206e-4c6e-873f-852b796455de","severity":"debug","timestamp":"2026-03-25T11:54:32.185338423Z"}
{"http.req.id":"0795c87f-4875-41cd-8c3f-2cdb93f87fae","http.req.method":"GET","http.req.path":"/cart","http.resp.bytes":22123,"http.resp.status":200,"http.resp.took_ms":182,"message":"request complete","session":"fcb2831f-0627-4791-ac1d-23821dc5b140","severity":"debug","timestamp":"2026-03-25T11:54:32.26553313Z"}
{"http.req.id":"371b3aa7-c30e-4800-8e89-1cec48e1b10b","http.req.method":"GET","http.req.path":"/cart","http.resp.bytes":22114,"http.resp.status":200,"http.resp.took_ms":186,"message":"request complete","session":"514e00c6-206e-4c6e-873f-852b796455de","severity":"debug","timestamp":"2026-03-25T11:54:32.372182615Z"}
{"http.req.id":"bf09e7d3-382d-456e-8e68-56c2e36e0992","http.req.method":"POST","http.req.path":"/cart/checkout","message":"request started","session":"514e00c6-206e-4c6e-873f-852b796455de","severity":"debug","timestamp":"2026-03-25T11:54:32.463590141Z"}
{"http.req.id":"bf09e7d3-382d-456e-8e68-56c2e36e0992","http.req.method":"POST","http.req.path":"/cart/checkout","message":"placing order","session":"514e00c6-206e-4c6e-873f-852b796455de","severity":"debug","timestamp":"2026-03-25T11:54:32.463656991Z"}
{"http.req.id":"bf09e7d3-382d-456e-8e68-56c2e36e0992","http.req.method":"POST","http.req.path":"/cart/checkout","message":"order placed","order":"630825a7-2841-11f1-a4a0-927ce8a683d8","session":"514e00c6-206e-4c6e-873f-852b796455de","severity":"info","timestamp":"2026-03-25T11:54:32.665326938Z"}
{"http.req.id":"bf09e7d3-382d-456e-8e68-56c2e36e0992","http.req.method":"POST","http.req.path":"/cart/checkout","http.resp.bytes":6765,"http.resp.status":200,"http.resp.took_ms":303,"message":"request complete","session":"514e00c6-206e-4c6e-873f-852b796455de","severity":"debug","timestamp":"2026-03-25T11:54:32.767525576Z"}
{"http.req.id":"6aa8de88-e544-4dc8-8e83-c5ff0d6eb095","http.req.method":"GET","http.req.path":"/product/0PUK6V6EV0","message":"request started","session":"df4ce93a-5d92-40a8-93c2-540bf11bbb4d","severity":"debug","timestamp":"2026-03-25T11:54:33.266693738Z"}
{"currency":"USD","http.req.id":"6aa8de88-e544-4dc8-8e83-c5ff0d6eb095","http.req.method":"GET","http.req.path":"/product/0PUK6V6EV0","id":"0PUK6V6EV0","message":"serving product page","session":"df4ce93a-5d92-40a8-93c2-540bf11bbb4d","severity":"debug","timestamp":"2026-03-25T11:54:33.266783629Z"}
{"http.req.id":"6aa8de88-e544-4dc8-8e83-c5ff0d6eb095","http.req.method":"GET","http.req.path":"/product/0PUK6V6EV0","http.resp.bytes":7868,"http.resp.status":200,"http.resp.took_ms":21,"message":"request complete","session":"df4ce93a-5d92-40a8-93c2-540bf11bbb4d","severity":"debug","timestamp":"2026-03-25T11:54:33.287857546Z"}
{"http.req.id":"ac57ffc2-d55c-45df-b2a9-6055f2b81471","http.req.method":"POST","http.req.path":"/setCurrency","message":"request started","session":"827eab86-1aba-4a15-8740-5fee5900d10f","severity":"debug","timestamp":"2026-03-25T11:54:33.475377562Z"}
{"curr.new":"JPY","curr.old":"CAD","http.req.id":"ac57ffc2-d55c-45df-b2a9-6055f2b81471","http.req.method":"POST","http.req.path":"/setCurrency","message":"setting currency","session":"827eab86-1aba-4a15-8740-5fee5900d10f","severity":"debug","timestamp":"2026-03-25T11:54:33.475538849Z"}
{"http.req.id":"ac57ffc2-d55c-45df-b2a9-6055f2b81471","http.req.method":"POST","http.req.path":"/setCurrency","http.resp.bytes":0,"http.resp.status":302,"http.resp.took_ms":0,"message":"request complete","session":"827eab86-1aba-4a15-8740-5fee5900d10f","severity":"debug","timestamp":"2026-03-25T11:54:33.475564308Z"}
{"http.req.id":"e5b14b74-737b-4a03-9346-1ba4f08fccdf","http.req.method":"GET","http.req.path":"/","message":"request started","session":"827eab86-1aba-4a15-8740-5fee5900d10f","severity":"debug","timestamp":"2026-03-25T11:54:33.47705414Z"}
{"currency":"JPY","http.req.id":"e5b14b74-737b-4a03-9346-1ba4f08fccdf","http.req.method":"GET","http.req.path":"/","message":"home","session":"827eab86-1aba-4a15-8740-5fee5900d10f","severity":"info","timestamp":"2026-03-25T11:54:33.477138102Z"}
env platform is either empty or invalid
{"http.req.id":"e5b14b74-737b-4a03-9346-1ba4f08fccdf","http.req.method":"GET","http.req.path":"/","message":"ENV_PLATFORM is: local","session":"827eab86-1aba-4a15-8740-5fee5900d10f","severity":"debug","timestamp":"2026-03-25T11:54:33.574913895Z"}
{"http.req.id":"e5b14b74-737b-4a03-9346-1ba4f08fccdf","http.req.method":"GET","http.req.path":"/","http.resp.bytes":10502,"http.resp.status":200,"http.resp.took_ms":101,"message":"request complete","session":"827eab86-1aba-4a15-8740-5fee5900d10f","severity":"debug","timestamp":"2026-03-25T11:54:33.578663583Z"}
{"http.req.id":"6ffdd26e-2054-431e-bb4f-0219093d650b","http.req.method":"GET","http.req.path":"/product/0PUK6V6EV0","message":"request started","session":"513dd945-739c-4fe3-8e54-6e6927fbb733","severity":"debug","timestamp":"2026-03-25T11:54:34.18184683Z"}
{"currency":"JPY","http.req.id":"6ffdd26e-2054-431e-bb4f-0219093d650b","http.req.method":"GET","http.req.path":"/product/0PUK6V6EV0","id":"0PUK6V6EV0","message":"serving product page","session":"513dd945-739c-4fe3-8e54-6e6927fbb733","severity":"debug","timestamp":"2026-03-25T11:54:34.181955561Z"}
{"http.req.id":"6ffdd26e-2054-431e-bb4f-0219093d650b","http.req.method":"GET","http.req.path":"/product/0PUK6V6EV0","http.resp.bytes":7981,"http.resp.status":200,"http.resp.took_ms":90,"message":"request complete","session":"513dd945-739c-4fe3-8e54-6e6927fbb733","severity":"debug","timestamp":"2026-03-25T11:54:34.272510781Z"}
{"http.req.id":"a0754fd1-efaa-4be8-8ae4-9994d0296eed","http.req.method":"POST","http.req.path":"/cart","message":"request started","session":"513dd945-739c-4fe3-8e54-6e6927fbb733","severity":"debug","timestamp":"2026-03-25T11:54:34.273840485Z"}
{"http.req.id":"a0754fd1-efaa-4be8-8ae4-9994d0296eed","http.req.method":"POST","http.req.path":"/cart","message":"adding to cart","product":"0PUK6V6EV0","quantity":1,"session":"513dd945-739c-4fe3-8e54-6e6927fbb733","severity":"debug","timestamp":"2026-03-25T11:54:34.274041105Z"}
{"http.req.id":"a0754fd1-efaa-4be8-8ae4-9994d0296eed","http.req.method":"POST","http.req.path":"/cart","http.resp.bytes":0,"http.resp.status":302,"http.resp.took_ms":4,"message":"request complete","session":"513dd945-739c-4fe3-8e54-6e6927fbb733","severity":"debug","timestamp":"2026-03-25T11:54:34.278624371Z"}
{"http.req.id":"16aaf022-7fe7-45af-8cc6-2fb387fdce24","http.req.method":"GET","http.req.path":"/cart","message":"request started","session":"513dd945-739c-4fe3-8e54-6e6927fbb733","severity":"debug","timestamp":"2026-03-25T11:54:34.279891718Z"}
{"http.req.id":"16aaf022-7fe7-45af-8cc6-2fb387fdce24","http.req.method":"GET","http.req.path":"/cart","message":"view user cart","session":"513dd945-739c-4fe3-8e54-6e6927fbb733","severity":"debug","timestamp":"2026-03-25T11:54:34.279986989Z"}
{"http.req.id":"16aaf022-7fe7-45af-8cc6-2fb387fdce24","http.req.method":"GET","http.req.path":"/cart","http.resp.bytes":17797,"http.resp.status":200,"http.resp.took_ms":202,"message":"request complete","session":"513dd945-739c-4fe3-8e54-6e6927fbb733","severity":"debug","timestamp":"2026-03-25T11:54:34.482010768Z"}
{"http.req.id":"cc0f8145-003c-4bca-b203-d8638305d566","http.req.method":"GET","http.req.path":"/product/1YMWWN1N4O","message":"request started","session":"ecb080bf-5333-403f-9547-c8725d499228","severity":"debug","timestamp":"2026-03-25T11:54:34.769094975Z"}
{"currency":"JPY","http.req.id":"cc0f8145-003c-4bca-b203-d8638305d566","http.req.method":"GET","http.req.path":"/product/1YMWWN1N4O","id":"1YMWWN1N4O","message":"serving product page","session":"ecb080bf-5333-403f-9547-c8725d499228","severity":"debug","timestamp":"2026-03-25T11:54:34.769136762Z"}
{"http.req.id":"cc0f8145-003c-4bca-b203-d8638305d566","http.req.method":"GET","http.req.path":"/product/1YMWWN1N4O","http.resp.bytes":7946,"http.resp.status":200,"http.resp.took_ms":103,"message":"request complete","session":"ecb080bf-5333-403f-9547-c8725d499228","severity":"debug","timestamp":"2026-03-25T11:54:34.872297868Z"}
{"http.req.id":"93039c1e-8aac-479b-aa32-38bc5c61e545","http.req.method":"GET","http.req.path":"/cart","message":"request started","session":"694745d8-a179-4c65-83d6-9ed873a7b94b","severity":"debug","timestamp":"2026-03-25T11:54:34.901489669Z"}
{"http.req.id":"93039c1e-8aac-479b-aa32-38bc5c61e545","http.req.method":"GET","http.req.path":"/cart","message":"view user cart","session":"694745d8-a179-4c65-83d6-9ed873a7b94b","severity":"debug","timestamp":"2026-03-25T11:54:34.901564869Z"}
{"http.req.id":"67c7caa6-d3f0-4cad-9ee3-2903a42728cc","http.req.method":"GET","http.req.path":"/product/L9ECAV7KIM","message":"request started","session":"32217267-98ca-4d66-9fc8-3f088b8def0f","severity":"debug","timestamp":"2026-03-25T11:54:34.902222965Z"}
{"currency":"EUR","http.req.id":"67c7caa6-d3f0-4cad-9ee3-2903a42728cc","http.req.method":"GET","http.req.path":"/product/L9ECAV7KIM","id":"L9ECAV7KIM","message":"serving product page","session":"32217267-98ca-4d66-9fc8-3f088b8def0f","severity":"debug","timestamp":"2026-03-25T11:54:34.902325508Z"}
{"http.req.id":"67c7caa6-d3f0-4cad-9ee3-2903a42728cc","http.req.method":"GET","http.req.path":"/product/L9ECAV7KIM","http.resp.bytes":8000,"http.resp.status":200,"http.resp.took_ms":177,"message":"request complete","session":"32217267-98ca-4d66-9fc8-3f088b8def0f","severity":"debug","timestamp":"2026-03-25T11:54:35.079269103Z"}
{"http.req.id":"efcf6d83-29f3-4a92-bcaf-19970b125ebd","http.req.method":"POST","http.req.path":"/cart","message":"request started","session":"32217267-98ca-4d66-9fc8-3f088b8def0f","severity":"debug","timestamp":"2026-03-25T11:54:35.081714028Z"}
{"http.req.id":"efcf6d83-29f3-4a92-bcaf-19970b125ebd","http.req.method":"POST","http.req.path":"/cart","message":"adding to cart","product":"L9ECAV7KIM","quantity":6,"session":"32217267-98ca-4d66-9fc8-3f088b8def0f","severity":"debug","timestamp":"2026-03-25T11:54:35.081922655Z"}
{"http.req.id":"93039c1e-8aac-479b-aa32-38bc5c61e545","http.req.method":"GET","http.req.path":"/cart","http.resp.bytes":16394,"http.resp.status":200,"http.resp.took_ms":184,"message":"request complete","session":"694745d8-a179-4c65-83d6-9ed873a7b94b","severity":"debug","timestamp":"2026-03-25T11:54:35.086143936Z"}
{"http.req.id":"efcf6d83-29f3-4a92-bcaf-19970b125ebd","http.req.method":"POST","http.req.path":"/cart","http.resp.bytes":0,"http.resp.status":302,"http.resp.took_ms":4,"message":"request complete","session":"32217267-98ca-4d66-9fc8-3f088b8def0f","severity":"debug","timestamp":"2026-03-25T11:54:35.086583844Z"}
{"http.req.id":"3a673d13-3ae2-4fcd-a124-3864cc92fd75","http.req.method":"GET","http.req.path":"/cart","message":"request started","session":"32217267-98ca-4d66-9fc8-3f088b8def0f","severity":"debug","timestamp":"2026-03-25T11:54:35.089193124Z"}
{"http.req.id":"3a673d13-3ae2-4fcd-a124-3864cc92fd75","http.req.method":"GET","http.req.path":"/cart","message":"view user cart","session":"32217267-98ca-4d66-9fc8-3f088b8def0f","severity":"debug","timestamp":"2026-03-25T11:54:35.089299656Z"}
{"http.req.id":"3a673d13-3ae2-4fcd-a124-3864cc92fd75","http.req.method":"GET","http.req.path":"/cart","http.resp.bytes":22119,"http.resp.status":200,"http.resp.took_ms":208,"message":"request complete","session":"32217267-98ca-4d66-9fc8-3f088b8def0f","severity":"debug","timestamp":"2026-03-25T11:54:35.297854954Z"}
{"http.req.id":"7ae5f441-eec1-42fe-a132-49970903a2b8","http.req.method":"GET","http.req.path":"/_healthz","message":"request started","session":"x-liveness-probe","severity":"debug","timestamp":"2026-03-25T11:54:36.175548583Z"}
{"http.req.id":"7ae5f441-eec1-42fe-a132-49970903a2b8","http.req.method":"GET","http.req.path":"/_healthz","http.resp.bytes":2,"http.resp.status":200,"http.resp.took_ms":0,"message":"request complete","session":"x-liveness-probe","severity":"debug","timestamp":"2026-03-25T11:54:36.17612856Z"}
