{"http.req.id":"91aec15b-ea6f-4335-8202-245c0a9ff70c","http.req.method":"GET","http.req.path":"/cart","message":"view user cart","session":"694745d8-a179-4c65-83d6-9ed873a7b94b","severity":"debug","timestamp":"2026-03-25T12:01:17.528435922Z"}
{"http.req.id":"91aec15b-ea6f-4335-8202-245c0a9ff70c","http.req.method":"GET","http.req.path":"/cart","http.resp.bytes":16420,"http.resp.status":200,"http.resp.took_ms":14,"message":"request complete","session":"694745d8-a179-4c65-83d6-9ed873a7b94b","severity":"debug","timestamp":"2026-03-25T12:01:17.542425232Z"}
{"http.req.id":"667ae289-9612-4d29-9dd0-94597a8a0a02","http.req.method":"GET","http.req.path":"/product/1YMWWN1N4O","message":"request started","session":"513dd945-739c-4fe3-8e54-6e6927fbb733","severity":"debug","timestamp":"2026-03-25T12:01:17.71972829Z"}
{"currency":"GBP","http.req.id":"667ae289-9612-4d29-9dd0-94597a8a0a02","http.req.method":"GET","http.req.path":"/product/1YMWWN1N4O","id":"1YMWWN1N4O","message":"serving product page","session":"513dd945-739c-4fe3-8e54-6e6927fbb733","severity":"debug","timestamp":"2026-03-25T12:01:17.719793491Z"}
{"http.req.id":"667ae289-9612-4d29-9dd0-94597a8a0a02","http.req.method":"GET","http.req.path":"/product/1YMWWN1N4O","http.resp.bytes":7917,"http.resp.status":200,"http.resp.took_ms":31,"message":"request complete","session":"513dd945-739c-4fe3-8e54-6e6927fbb733","severity":"debug","timestamp":"2026-03-25T12:01:17.751537114Z"}
{"http.req.id":"7a0fc025-f3a8-4d3f-a130-2f35d7be1f80","http.req.method":"GET","http.req.path":"/cart","message":"request started","session":"32217267-98ca-4d66-9fc8-3f088b8def0f","severity":"debug","timestamp":"2026-03-25T12:01:17.774368799Z"}
{"http.req.id":"7a0fc025-f3a8-4d3f-a130-2f35d7be1f80","http.req.method":"GET","http.req.path":"/cart","message":"view user cart","session":"32217267-98ca-4d66-9fc8-3f088b8def0f","severity":"debug","timestamp":"2026-03-25T12:01:17.77447766Z"}
{"http.req.id":"7a0fc025-f3a8-4d3f-a130-2f35d7be1f80","http.req.method":"GET","http.req.path":"/cart","http.resp.bytes":6802,"http.resp.status":200,"http.resp.took_ms":109,"message":"request complete","session":"32217267-98ca-4d66-9fc8-3f088b8def0f","severity":"debug","timestamp":"2026-03-25T12:01:17.883808918Z"}
{"http.req.id":"2dd33750-030c-4741-abf7-19b00083fa23","http.req.method":"GET","http.req.path":"/cart","message":"request started","session":"827eab86-1aba-4a15-8740-5fee5900d10f","severity":"debug","timestamp":"2026-03-25T12:01:18.742344608Z"}
{"http.req.id":"2dd33750-030c-4741-abf7-19b00083fa23","http.req.method":"GET","http.req.path":"/cart","message":"view user cart","session":"827eab86-1aba-4a15-8740-5fee5900d10f","severity":"debug","timestamp":"2026-03-25T12:01:18.742410053Z"}
{"http.req.id":"2dd33750-030c-4741-abf7-19b00083fa23","http.req.method":"GET","http.req.path":"/cart","http.resp.bytes":16396,"http.resp.status":200,"http.resp.took_ms":13,"message":"request complete","session":"827eab86-1aba-4a15-8740-5fee5900d10f","severity":"debug","timestamp":"2026-03-25T12:01:18.755754264Z"}
{"http.req.id":"8918531b-0c20-4a90-9b47-4059ed0bdb94","http.req.method":"GET","http.req.path":"/product/66VCHSJNUP","message":"request started","session":"ecb080bf-5333-403f-9547-c8725d499228","severity":"debug","timestamp":"2026-03-25T12:01:19.936380658Z"}
{"currency":"GBP","http.req.id":"8918531b-0c20-4a90-9b47-4059ed0bdb94","http.req.method":"GET","http.req.path":"/product/66VCHSJNUP","id":"66VCHSJNUP","message":"serving product page","session":"ecb080bf-5333-403f-9547-c8725d499228","severity":"debug","timestamp":"2026-03-25T12:01:19.936507869Z"}
{"http.req.id":"8918531b-0c20-4a90-9b47-4059ed0bdb94","http.req.method":"GET","http.req.path":"/product/66VCHSJNUP","http.resp.bytes":7866,"http.resp.status":200,"http.resp.took_ms":22,"message":"request complete","session":"ecb080bf-5333-403f-9547-c8725d499228","severity":"debug","timestamp":"2026-03-25T12:01:19.959016852Z"}
{"http.req.id":"f88f8ceb-53a7-4f88-9882-bf6ac92cbff9","http.req.method":"POST","http.req.path":"/setCurrency","message":"request started","session":"32217267-98ca-4d66-9fc8-3f088b8def0f","severity":"debug","timestamp":"2026-03-25T12:01:20.00950484Z"}
{"curr.new":"GBP","curr.old":"GBP","http.req.id":"f88f8ceb-53a7-4f88-9882-bf6ac92cbff9","http.req.method":"POST","http.req.path":"/setCurrency","message":"setting currency","session":"32217267-98ca-4d66-9fc8-3f088b8def0f","severity":"debug","timestamp":"2026-03-25T12:01:20.009649789Z"}
{"http.req.id":"f88f8ceb-53a7-4f88-9882-bf6ac92cbff9","http.req.method":"POST","http.req.path":"/setCurrency","http.resp.bytes":0,"http.resp.status":302,"http.resp.took_ms":0,"message":"request complete","session":"32217267-98ca-4d66-9fc8-3f088b8def0f","severity":"debug","timestamp":"2026-03-25T12:01:20.00969173Z"}
{"http.req.id":"f78ceaa1-3171-4065-80be-7359b1cc8844","http.req.method":"GET","http.req.path":"/","message":"request started","session":"32217267-98ca-4d66-9fc8-3f088b8def0f","severity":"debug","timestamp":"2026-03-25T12:01:20.010689176Z"}
{"currency":"GBP","http.req.id":"f78ceaa1-3171-4065-80be-7359b1cc8844","http.req.method":"GET","http.req.path":"/","message":"home","session":"32217267-98ca-4d66-9fc8-3f088b8def0f","severity":"info","timestamp":"2026-03-25T12:01:20.010753537Z"}
env platform is either empty or invalid
{"http.req.id":"f78ceaa1-3171-4065-80be-7359b1cc8844","http.req.method":"GET","http.req.path":"/","message":"ENV_PLATFORM is: local","session":"32217267-98ca-4d66-9fc8-3f088b8def0f","severity":"debug","timestamp":"2026-03-25T12:01:20.049072467Z"}
{"http.req.id":"f78ceaa1-3171-4065-80be-7359b1cc8844","http.req.method":"GET","http.req.path":"/","http.resp.bytes":10392,"http.resp.status":200,"http.resp.took_ms":40,"message":"request complete","session":"32217267-98ca-4d66-9fc8-3f088b8def0f","severity":"debug","timestamp":"2026-03-25T12:01:20.051348536Z"}
{"http.req.id":"f564d37f-13c8-44e6-9066-905c32d479be","http.req.method":"GET","http.req.path":"/cart","message":"request started","session":"694745d8-a179-4c65-83d6-9ed873a7b94b","severity":"debug","timestamp":"2026-03-25T12:01:20.344134029Z"}
{"http.req.id":"f564d37f-13c8-44e6-9066-905c32d479be","http.req.method":"GET","http.req.path":"/cart","message":"view user cart","session":"694745d8-a179-4c65-83d6-9ed873a7b94b","severity":"debug","timestamp":"2026-03-25T12:01:20.344208052Z"}
{"http.req.id":"f564d37f-13c8-44e6-9066-905c32d479be","http.req.method":"GET","http.req.path":"/cart","http.resp.bytes":16384,"http.resp.status":200,"http.resp.took_ms":14,"message":"request complete","session":"694745d8-a179-4c65-83d6-9ed873a7b94b","severity":"debug","timestamp":"2026-03-25T12:01:20.358848988Z"}
{"http.req.id":"3dc53956-ff22-4c57-9f51-6ddfc0fec0aa","http.req.method":"POST","http.req.path":"/setCurrency","message":"request started","session":"513dd945-739c-4fe3-8e54-6e6927fbb733","severity":"debug","timestamp":"2026-03-25T12:01:20.424163364Z"}
{"curr.new":"EUR","curr.old":"GBP","http.req.id":"3dc53956-ff22-4c57-9f51-6ddfc0fec0aa","http.req.method":"POST","http.req.path":"/setCurrency","message":"setting currency","session":"513dd945-739c-4fe3-8e54-6e6927fbb733","severity":"debug","timestamp":"2026-03-25T12:01:20.42431394Z"}
{"http.req.id":"3dc53956-ff22-4c57-9f51-6ddfc0fec0aa","http.req.method":"POST","http.req.path":"/setCurrency","http.resp.bytes":0,"http.resp.status":302,"http.resp.took_ms":0,"message":"request complete","session":"513dd945-739c-4fe3-8e54-6e6927fbb733","severity":"debug","timestamp":"2026-03-25T12:01:20.424382283Z"}
{"http.req.id":"50dfcb05-d6e0-48a8-9a3d-051da0bf234c","http.req.method":"GET","http.req.path":"/","message":"request started","session":"513dd945-739c-4fe3-8e54-6e6927fbb733","severity":"debug","timestamp":"2026-03-25T12:01:20.425266918Z"}
{"currency":"EUR","http.req.id":"50dfcb05-d6e0-48a8-9a3d-051da0bf234c","http.req.method":"GET","http.req.path":"/","message":"home","session":"513dd945-739c-4fe3-8e54-6e6927fbb733","severity":"info","timestamp":"2026-03-25T12:01:20.425334654Z"}
env platform is either empty or invalid
{"http.req.id":"50dfcb05-d6e0-48a8-9a3d-051da0bf234c","http.req.method":"GET","http.req.path":"/","message":"ENV_PLATFORM is: local","session":"513dd945-739c-4fe3-8e54-6e6927fbb733","severity":"debug","timestamp":"2026-03-25T12:01:20.444720325Z"}
{"http.req.id":"50dfcb05-d6e0-48a8-9a3d-051da0bf234c","http.req.method":"GET","http.req.path":"/","http.resp.bytes":10402,"http.resp.status":200,"http.resp.took_ms":22,"message":"request complete","session":"513dd945-739c-4fe3-8e54-6e6927fbb733","severity":"debug","timestamp":"2026-03-25T12:01:20.447440671Z"}
{"http.req.id":"c8433475-639e-4d8e-96bf-c5e1f094cbb5","http.req.method":"GET","http.req.path":"/_healthz","message":"request started","session":"x-liveness-probe","severity":"debug","timestamp":"2026-03-25T12:01:20.803942662Z"}
{"http.req.id":"c8433475-639e-4d8e-96bf-c5e1f094cbb5","http.req.method":"GET","http.req.path":"/_healthz","http.resp.bytes":2,"http.resp.status":200,"http.resp.took_ms":0,"message":"request complete","session":"x-liveness-probe","severity":"debug","timestamp":"2026-03-25T12:01:20.804064984Z"}
{"http.req.id":"59b6c9af-cc6d-4408-8989-6c1d49dd93c7","http.req.method":"GET","http.req.path":"/product/6E92ZMYYFZ","message":"request started","session":"2d3bf3d7-22b5-49c9-8227-12126292f393","severity":"debug","timestamp":"2026-03-25T12:01:21.319086325Z"}
{"currency":"GBP","http.req.id":"59b6c9af-cc6d-4408-8989-6c1d49dd93c7","http.req.method":"GET","http.req.path":"/product/6E92ZMYYFZ","id":"6E92ZMYYFZ","message":"serving product page","session":"2d3bf3d7-22b5-49c9-8227-12126292f393","severity":"debug","timestamp":"2026-03-25T12:01:21.31917277Z"}
{"http.req.id":"59b6c9af-cc6d-4408-8989-6c1d49dd93c7","http.req.method":"GET","http.req.path":"/product/6E92ZMYYFZ","http.resp.bytes":7951,"http.resp.status":200,"http.resp.took_ms":15,"message":"request complete","session":"2d3bf3d7-22b5-49c9-8227-12126292f393","severity":"debug","timestamp":"2026-03-25T12:01:21.334884062Z"}
{"http.req.id":"68363cec-fb89-4bc0-8ab3-723b43928f70","http.req.method":"POST","http.req.path":"/cart","message":"request started","session":"2d3bf3d7-22b5-49c9-8227-12126292f393","severity":"debug","timestamp":"2026-03-25T12:01:21.336149815Z"}
{"http.req.id":"68363cec-fb89-4bc0-8ab3-723b43928f70","http.req.method":"POST","http.req.path":"/cart","message":"adding to cart","product":"6E92ZMYYFZ","quantity":9,"session":"2d3bf3d7-22b5-49c9-8227-12126292f393","severity":"debug","timestamp":"2026-03-25T12:01:21.336300932Z"}
{"http.req.id":"68363cec-fb89-4bc0-8ab3-723b43928f70","http.req.method":"POST","http.req.path":"/cart","http.resp.bytes":0,"http.resp.status":302,"http.resp.took_ms":3,"message":"request complete","session":"2d3bf3d7-22b5-49c9-8227-12126292f393","severity":"debug","timestamp":"2026-03-25T12:01:21.339863019Z"}
{"http.req.id":"b832dbe4-87c2-4934-bed4-2cec18b184f9","http.req.method":"GET","http.req.path":"/cart","message":"request started","session":"2d3bf3d7-22b5-49c9-8227-12126292f393","severity":"debug","timestamp":"2026-03-25T12:01:21.341115145Z"}
{"http.req.id":"b832dbe4-87c2-4934-bed4-2cec18b184f9","http.req.method":"GET","http.req.path":"/cart","message":"view user cart","session":"2d3bf3d7-22b5-49c9-8227-12126292f393","severity":"debug","timestamp":"2026-03-25T12:01:21.341190015Z"}
{"http.req.id":"b832dbe4-87c2-4934-bed4-2cec18b184f9","http.req.method":"GET","http.req.path":"/cart","http.resp.bytes":20669,"http.resp.status":200,"http.resp.took_ms":21,"message":"request complete","session":"2d3bf3d7-22b5-49c9-8227-12126292f393","severity":"debug","timestamp":"2026-03-25T12:01:21.362575408Z"}
{"http.req.id":"bd33386a-d844-4bbe-a1d9-132a8e55c0ad","http.req.method":"GET","http.req.path":"/product/6E92ZMYYFZ","message":"request started","session":"514e00c6-206e-4c6e-873f-852b796455de","severity":"debug","timestamp":"2026-03-25T12:01:21.963959559Z"}
{"currency":"TRY","http.req.id":"bd33386a-d844-4bbe-a1d9-132a8e55c0ad","http.req.method":"GET","http.req.path":"/product/6E92ZMYYFZ","id":"6E92ZMYYFZ","message":"serving product page","session":"514e00c6-206e-4c6e-873f-852b796455de","severity":"debug","timestamp":"2026-03-25T12:01:21.964043687Z"}
{"http.req.id":"bd33386a-d844-4bbe-a1d9-132a8e55c0ad","http.req.method":"GET","http.req.path":"/product/6E92ZMYYFZ","http.resp.bytes":7874,"http.resp.status":200,"http.resp.took_ms":14,"message":"request complete","session":"514e00c6-206e-4c6e-873f-852b796455de","severity":"debug","timestamp":"2026-03-25T12:01:21.978200555Z"}
{"http.req.id":"4b02c646-ae2b-4f23-b5db-8609ad245a43","http.req.method":"GET","http.req.path":"/cart","message":"request started","session":"694745d8-a179-4c65-83d6-9ed873a7b94b","severity":"debug","timestamp":"2026-03-25T12:01:22.858025987Z"}
{"http.req.id":"4b02c646-ae2b-4f23-b5db-8609ad245a43","http.req.method":"GET","http.req.path":"/cart","message":"view user cart","session":"694745d8-a179-4c65-83d6-9ed873a7b94b","severity":"debug","timestamp":"2026-03-25T12:01:22.858093955Z"}
{"http.req.id":"4b02c646-ae2b-4f23-b5db-8609ad245a43","http.req.method":"GET","http.req.path":"/cart","http.resp.bytes":16384,"http.resp.status":200,"http.resp.took_ms":16,"message":"request complete","session":"694745d8-a179-4c65-83d6-9ed873a7b94b","severity":"debug","timestamp":"2026-03-25T12:01:22.874948411Z"}
{"http.req.id":"794eca40-2e52-41c1-a0d7-5e9118d0c59d","http.req.method":"GET","http.req.path":"/product/9SIQT8TOJO","message":"request started","session":"fcb2831f-0627-4791-ac1d-23821dc5b140","severity":"debug","timestamp":"2026-03-25T12:01:23.706762428Z"}
{"currency":"EUR","http.req.id":"794eca40-2e52-41c1-a0d7-5e9118d0c59d","http.req.method":"GET","http.req.path":"/product/9SIQT8TOJO","id":"9SIQT8TOJO","message":"serving product page","session":"fcb2831f-0627-4791-ac1d-23821dc5b140","severity":"debug","timestamp":"2026-03-25T12:01:23.706915708Z"}
{"http.req.id":"794eca40-2e52-41c1-a0d7-5e9118d0c59d","http.req.method":"GET","http.req.path":"/product/9SIQT8TOJO","http.resp.bytes":8029,"http.resp.status":200,"http.resp.took_ms":16,"message":"request complete","session":"fcb2831f-0627-4791-ac1d-23821dc5b140","severity":"debug","timestamp":"2026-03-25T12:01:23.722831837Z"}
{"http.req.id":"7834d717-cf23-419d-8856-664d76b68150","http.req.method":"GET","http.req.path":"/_healthz","message":"request started","session":"x-readiness-probe","severity":"debug","timestamp":"2026-03-25T12:01:24.042632785Z"}
{"http.req.id":"7834d717-cf23-419d-8856-664d76b68150","http.req.method":"GET","http.req.path":"/_healthz","http.resp.bytes":2,"http.resp.status":200,"http.resp.took_ms":0,"message":"request complete","session":"x-readiness-probe","severity":"debug","timestamp":"2026-03-25T12:01:24.042797679Z"}
{"http.req.id":"7eea09e6-5f11-42dc-9be8-2807a1b66608","http.req.method":"POST","http.req.path":"/setCurrency","message":"request started","session":"2d3bf3d7-22b5-49c9-8227-12126292f393","severity":"debug","timestamp":"2026-03-25T12:01:24.205838927Z"}
{"curr.new":"GBP","curr.old":"GBP","http.req.id":"7eea09e6-5f11-42dc-9be8-2807a1b66608","http.req.method":"POST","http.req.path":"/setCurrency","message":"setting currency","session":"2d3bf3d7-22b5-49c9-8227-12126292f393","severity":"debug","timestamp":"2026-03-25T12:01:24.206080229Z"}
{"http.req.id":"7eea09e6-5f11-42dc-9be8-2807a1b66608","http.req.method":"POST","http.req.path":"/setCurrency","http.resp.bytes":0,"http.resp.status":302,"http.resp.took_ms":0,"message":"request complete","session":"2d3bf3d7-22b5-49c9-8227-12126292f393","severity":"debug","timestamp":"2026-03-25T12:01:24.206180816Z"}
{"http.req.id":"ce8b7689-d4c2-4f25-b6e8-148d2c058b12","http.req.method":"GET","http.req.path":"/","message":"request started","session":"2d3bf3d7-22b5-49c9-8227-12126292f393","severity":"debug","timestamp":"2026-03-25T12:01:24.207362581Z"}
{"currency":"GBP","http.req.id":"ce8b7689-d4c2-4f25-b6e8-148d2c058b12","http.req.method":"GET","http.req.path":"/","message":"home","session":"2d3bf3d7-22b5-49c9-8227-12126292f393","severity":"info","timestamp":"2026-03-25T12:01:24.207464396Z"}
env platform is either empty or invalid
{"http.req.id":"ce8b7689-d4c2-4f25-b6e8-148d2c058b12","http.req.method":"GET","http.req.path":"/","message":"ENV_PLATFORM is: local","session":"2d3bf3d7-22b5-49c9-8227-12126292f393","severity":"debug","timestamp":"2026-03-25T12:01:24.22618742Z"}
{"http.req.id":"ce8b7689-d4c2-4f25-b6e8-148d2c058b12","http.req.method":"GET","http.req.path":"/","http.resp.bytes":10482,"http.resp.status":200,"http.resp.took_ms":21,"message":"request complete","session":"2d3bf3d7-22b5-49c9-8227-12126292f393","severity":"debug","timestamp":"2026-03-25T12:01:24.228931378Z"}
{"http.req.id":"55584fc3-f444-444d-8695-6ccda7ddc83c","http.req.method":"GET","http.req.path":"/product/66VCHSJNUP","message":"request started","session":"32217267-98ca-4d66-9fc8-3f088b8def0f","severity":"debug","timestamp":"2026-03-25T12:01:24.331841695Z"}
{"currency":"GBP","http.req.id":"55584fc3-f444-444d-8695-6ccda7ddc83c","http.req.method":"GET","http.req.path":"/product/66VCHSJNUP","id":"66VCHSJNUP","message":"serving product page","session":"32217267-98ca-4d66-9fc8-3f088b8def0f","severity":"debug","timestamp":"2026-03-25T12:01:24.33198548Z"}
{"http.req.id":"55584fc3-f444-444d-8695-6ccda7ddc83c","http.req.method":"GET","http.req.path":"/product/66VCHSJNUP","http.resp.bytes":7872,"http.resp.status":200,"http.resp.took_ms":21,"message":"request complete","session":"32217267-98ca-4d66-9fc8-3f088b8def0f","severity":"debug","timestamp":"2026-03-25T12:01:24.353449996Z"}
{"http.req.id":"33117ada-5f28-49f1-8a31-ac6ebb3610cb","http.req.method":"GET","http.req.path":"/product/6E92ZMYYFZ","message":"request started","session":"827eab86-1aba-4a15-8740-5fee5900d10f","severity":"debug","timestamp":"2026-03-25T12:01:25.192703268Z"}
{"currency":"CAD","http.req.id":"33117ada-5f28-49f1-8a31-ac6ebb3610cb","http.req.method":"GET","http.req.path":"/product/6E92ZMYYFZ","id":"6E92ZMYYFZ","message":"serving product page","session":"827eab86-1aba-4a15-8740-5fee5900d10f","severity":"debug","timestamp":"2026-03-25T12:01:25.192802705Z"}
{"http.req.id":"33117ada-5f28-49f1-8a31-ac6ebb3610cb","http.req.method":"GET","http.req.path":"/product/6E92ZMYYFZ","http.resp.bytes":7953,"http.resp.status":200,"http.resp.took_ms":13,"message":"request complete","session":"827eab86-1aba-4a15-8740-5fee5900d10f","severity":"debug","timestamp":"2026-03-25T12:01:25.206240515Z"}
{"http.req.id":"013c5348-0efa-42df-a22c-6237e7257949","http.req.method":"GET","http.req.path":"/product/LS4PSXUNUM","message":"request started","session":"df4ce93a-5d92-40a8-93c2-540bf11bbb4d","severity":"debug","timestamp":"2026-03-25T12:01:25.254783809Z"}
{"currency":"CAD","http.req.id":"013c5348-0efa-42df-a22c-6237e7257949","http.req.method":"GET","http.req.path":"/product/LS4PSXUNUM","id":"LS4PSXUNUM","message":"serving product page","session":"df4ce93a-5d92-40a8-93c2-540bf11bbb4d","severity":"debug","timestamp":"2026-03-25T12:01:25.254904504Z"}
{"http.req.id":"013c5348-0efa-42df-a22c-6237e7257949","http.req.method":"GET","http.req.path":"/product/LS4PSXUNUM","http.resp.bytes":7985,"http.resp.status":200,"http.resp.took_ms":14,"message":"request complete","session":"df4ce93a-5d92-40a8-93c2-540bf11bbb4d","severity":"debug","timestamp":"2026-03-25T12:01:25.268887919Z"}
{"http.req.id":"d55e6fdd-2a6a-4bcc-ab6c-39a554ca0ae0","http.req.method":"POST","http.req.path":"/setCurrency","message":"request started","session":"2d3bf3d7-22b5-49c9-8227-12126292f393","severity":"debug","timestamp":"2026-03-25T12:01:25.371976125Z"}
{"curr.new":"TRY","curr.old":"GBP","http.req.id":"d55e6fdd-2a6a-4bcc-ab6c-39a554ca0ae0","http.req.method":"POST","http.req.path":"/setCurrency","message":"setting currency","session":"2d3bf3d7-22b5-49c9-8227-12126292f393","severity":"debug","timestamp":"2026-03-25T12:01:25.372118821Z"}
{"http.req.id":"d55e6fdd-2a6a-4bcc-ab6c-39a554ca0ae0","http.req.method":"POST","http.req.path":"/setCurrency","http.resp.bytes":0,"http.resp.status":302,"http.resp.took_ms":0,"message":"request complete","session":"2d3bf3d7-22b5-49c9-8227-12126292f393","severity":"debug","timestamp":"2026-03-25T12:01:25.372180885Z"}
{"http.req.id":"e279247c-3cbd-4e84-bf61-a2822b3a5398","http.req.method":"GET","http.req.path":"/","message":"request started","session":"2d3bf3d7-22b5-49c9-8227-12126292f393","severity":"debug","timestamp":"2026-03-25T12:01:25.373225712Z"}
{"currency":"TRY","http.req.id":"e279247c-3cbd-4e84-bf61-a2822b3a5398","http.req.method":"GET","http.req.path":"/","message":"home","session":"2d3bf3d7-22b5-49c9-8227-12126292f393","severity":"info","timestamp":"2026-03-25T12:01:25.373292263Z"}
env platform is either empty or invalid
{"http.req.id":"e279247c-3cbd-4e84-bf61-a2822b3a5398","http.req.method":"GET","http.req.path":"/","message":"ENV_PLATFORM is: local","session":"2d3bf3d7-22b5-49c9-8227-12126292f393","severity":"debug","timestamp":"2026-03-25T12:01:25.400246522Z"}
{"http.req.id":"e279247c-3cbd-4e84-bf61-a2822b3a5398","http.req.method":"GET","http.req.path":"/","http.resp.bytes":10501,"http.resp.status":200,"http.resp.took_ms":29,"message":"request complete","session":"2d3bf3d7-22b5-49c9-8227-12126292f393","severity":"debug","timestamp":"2026-03-25T12:01:25.402974979Z"}
{"http.req.id":"031a9d44-7d58-48b7-8791-594444b0750f","http.req.method":"GET","http.req.path":"/product/9SIQT8TOJO","message":"request started","session":"fcb2831f-0627-4791-ac1d-23821dc5b140","severity":"debug","timestamp":"2026-03-25T12:01:25.7742796Z"}
{"currency":"EUR","http.req.id":"031a9d44-7d58-48b7-8791-594444b0750f","http.req.method":"GET","http.req.path":"/product/9SIQT8TOJO","id":"9SIQT8TOJO","message":"serving product page","session":"fcb2831f-0627-4791-ac1d-23821dc5b140","severity":"debug","timestamp":"2026-03-25T12:01:25.774360693Z"}
{"http.req.id":"031a9d44-7d58-48b7-8791-594444b0750f","http.req.method":"GET","http.req.path":"/product/9SIQT8TOJO","http.resp.bytes":8045,"http.resp.status":200,"http.resp.took_ms":17,"message":"request complete","session":"fcb2831f-0627-4791-ac1d-23821dc5b140","severity":"debug","timestamp":"2026-03-25T12:01:25.791542712Z"}
{"http.req.id":"fcba30ec-5010-4163-9c6f-356ee02f8f17","http.req.method":"GET","http.req.path":"/product/2ZYFJ3GM2N","message":"request started","session":"514e00c6-206e-4c6e-873f-852b796455de","severity":"debug","timestamp":"2026-03-25T12:01:26.302983829Z"}
{"currency":"TRY","http.req.id":"fcba30ec-5010-4163-9c6f-356ee02f8f17","http.req.method":"GET","http.req.path":"/product/2ZYFJ3GM2N","id":"2ZYFJ3GM2N","message":"serving product page","session":"514e00c6-206e-4c6e-873f-852b796455de","severity":"debug","timestamp":"2026-03-25T12:01:26.303111466Z"}
{"http.req.id":"fcba30ec-5010-4163-9c6f-356ee02f8f17","http.req.method":"GET","http.req.path":"/product/2ZYFJ3GM2N","http.resp.bytes":7931,"http.resp.status":200,"http.resp.took_ms":16,"message":"request complete","session":"514e00c6-206e-4c6e-873f-852b796455de","severity":"debug","timestamp":"2026-03-25T12:01:26.31966399Z"}
{"http.req.id":"9d669936-e154-432c-8beb-b827f5d1d3d8","http.req.method":"GET","http.req.path":"/","message":"request started","session":"ecb080bf-5333-403f-9547-c8725d499228","severity":"debug","timestamp":"2026-03-25T12:01:28.387650449Z"}
{"currency":"GBP","http.req.id":"9d669936-e154-432c-8beb-b827f5d1d3d8","http.req.method":"GET","http.req.path":"/","message":"home","session":"ecb080bf-5333-403f-9547-c8725d499228","severity":"info","timestamp":"2026-03-25T12:01:28.387767863Z"}
env platform is either empty or invalid
{"http.req.id":"9d669936-e154-432c-8beb-b827f5d1d3d8","http.req.method":"GET","http.req.path":"/","message":"ENV_PLATFORM is: local","session":"ecb080bf-5333-403f-9547-c8725d499228","severity":"debug","timestamp":"2026-03-25T12:01:28.41391394Z"}
{"http.req.id":"9d669936-e154-432c-8beb-b827f5d1d3d8","http.req.method":"GET","http.req.path":"/","http.resp.bytes":10392,"http.resp.status":200,"http.resp.took_ms":31,"message":"request complete","session":"ecb080bf-5333-403f-9547-c8725d499228","severity":"debug","timestamp":"2026-03-25T12:01:28.419252963Z"}
{"http.req.id":"a780c52d-4054-45a0-8eea-b3ac9ddb9d07","http.req.method":"GET","http.req.path":"/product/6E92ZMYYFZ","message":"request started","session":"513dd945-739c-4fe3-8e54-6e6927fbb733","severity":"debug","timestamp":"2026-03-25T12:01:29.011385987Z"}
{"currency":"EUR","http.req.id":"a780c52d-4054-45a0-8eea-b3ac9ddb9d07","http.req.method":"GET","http.req.path":"/product/6E92ZMYYFZ","id":"6E92ZMYYFZ","message":"serving product page","session":"513dd945-739c-4fe3-8e54-6e6927fbb733","severity":"debug","timestamp":"2026-03-25T12:01:29.011485775Z"}
{"http.req.id":"a780c52d-4054-45a0-8eea-b3ac9ddb9d07","http.req.method":"GET","http.req.path":"/product/6E92ZMYYFZ","http.resp.bytes":7855,"http.resp.status":200,"http.resp.took_ms":16,"message":"request complete","session":"513dd945-739c-4fe3-8e54-6e6927fbb733","severity":"debug","timestamp":"2026-03-25T12:01:29.028161053Z"}
{"http.req.id":"64311534-a650-4175-8321-20289fb9fe19","http.req.method":"POST","http.req.path":"/cart","message":"request started","session":"513dd945-739c-4fe3-8e54-6e6927fbb733","severity":"debug","timestamp":"2026-03-25T12:01:29.029362381Z"}
{"http.req.id":"64311534-a650-4175-8321-20289fb9fe19","http.req.method":"POST","http.req.path":"/cart","message":"adding to cart","product":"6E92ZMYYFZ","quantity":9,"session":"513dd945-739c-4fe3-8e54-6e6927fbb733","severity":"debug","timestamp":"2026-03-25T12:01:29.029542561Z"}
{"http.req.id":"64311534-a650-4175-8321-20289fb9fe19","http.req.method":"POST","http.req.path":"/cart","http.resp.bytes":0,"http.resp.status":302,"http.resp.took_ms":4,"message":"request complete","session":"513dd945-739c-4fe3-8e54-6e6927fbb733","severity":"debug","timestamp":"2026-03-25T12:01:29.03343054Z"}
{"http.req.id":"65c4786b-44ae-4c81-a5dc-8498bde6a814","http.req.method":"GET","http.req.path":"/cart","message":"request started","session":"513dd945-739c-4fe3-8e54-6e6927fbb733","severity":"debug","timestamp":"2026-03-25T12:01:29.0346298Z"}
{"http.req.id":"65c4786b-44ae-4c81-a5dc-8498bde6a814","http.req.method":"GET","http.req.path":"/cart","message":"view user cart","session":"513dd945-739c-4fe3-8e54-6e6927fbb733","severity":"debug","timestamp":"2026-03-25T12:01:29.034704583Z"}
{"http.req.id":"65c4786b-44ae-4c81-a5dc-8498bde6a814","http.req.method":"GET","http.req.path":"/cart","http.resp.bytes":16413,"http.resp.status":200,"http.resp.took_ms":16,"message":"request complete","session":"513dd945-739c-4fe3-8e54-6e6927fbb733","severity":"debug","timestamp":"2026-03-25T12:01:29.051469551Z"}
