{"http.req.id":"4df54d06-8158-453a-974a-fa7dd1050399","http.req.method":"GET","http.req.path":"/product/2ZYFJ3GM2N","message":"request started","session":"514e00c6-206e-4c6e-873f-852b796455de","severity":"debug","timestamp":"2026-03-25T12:07:31.954403608Z"}
{"currency":"GBP","http.req.id":"4df54d06-8158-453a-974a-fa7dd1050399","http.req.method":"GET","http.req.path":"/product/2ZYFJ3GM2N","id":"2ZYFJ3GM2N","message":"serving product page","session":"514e00c6-206e-4c6e-873f-852b796455de","severity":"debug","timestamp":"2026-03-25T12:07:31.954500567Z"}
{"http.req.id":"15e07aa5-62e6-4ece-9195-011d98b57b3c","http.req.method":"GET","http.req.path":"/product/0PUK6V6EV0","message":"request started","session":"32217267-98ca-4d66-9fc8-3f088b8def0f","severity":"debug","timestamp":"2026-03-25T12:07:31.963309075Z"}
{"currency":"JPY","http.req.id":"15e07aa5-62e6-4ece-9195-011d98b57b3c","http.req.method":"GET","http.req.path":"/product/0PUK6V6EV0","id":"0PUK6V6EV0","message":"serving product page","session":"32217267-98ca-4d66-9fc8-3f088b8def0f","severity":"debug","timestamp":"2026-03-25T12:07:31.96340203Z"}
{"http.req.id":"4df54d06-8158-453a-974a-fa7dd1050399","http.req.method":"GET","http.req.path":"/product/2ZYFJ3GM2N","http.resp.bytes":8051,"http.resp.status":200,"http.resp.took_ms":17,"message":"request complete","session":"514e00c6-206e-4c6e-873f-852b796455de","severity":"debug","timestamp":"2026-03-25T12:07:31.971706243Z"}
{"http.req.id":"15e07aa5-62e6-4ece-9195-011d98b57b3c","http.req.method":"GET","http.req.path":"/product/0PUK6V6EV0","http.resp.bytes":7954,"http.resp.status":200,"http.resp.took_ms":21,"message":"request complete","session":"32217267-98ca-4d66-9fc8-3f088b8def0f","severity":"debug","timestamp":"2026-03-25T12:07:31.984773394Z"}
{"http.req.id":"837e0af3-230a-45d5-b969-4fdd9592aba7","http.req.method":"GET","http.req.path":"/_healthz","message":"request started","session":"x-readiness-probe","severity":"debug","timestamp":"2026-03-25T12:07:32.116071065Z"}
{"http.req.id":"837e0af3-230a-45d5-b969-4fdd9592aba7","http.req.method":"GET","http.req.path":"/_healthz","http.resp.bytes":2,"http.resp.status":200,"http.resp.took_ms":1,"message":"request complete","session":"x-readiness-probe","severity":"debug","timestamp":"2026-03-25T12:07:32.117087003Z"}
{"http.req.id":"10aa468d-011f-4b7e-8dbc-d7a17190f6d9","http.req.method":"GET","http.req.path":"/product/0PUK6V6EV0","message":"request started","session":"827eab86-1aba-4a15-8740-5fee5900d10f","severity":"debug","timestamp":"2026-03-25T12:07:32.488839674Z"}
{"currency":"USD","http.req.id":"10aa468d-011f-4b7e-8dbc-d7a17190f6d9","http.req.method":"GET","http.req.path":"/product/0PUK6V6EV0","id":"0PUK6V6EV0","message":"serving product page","session":"827eab86-1aba-4a15-8740-5fee5900d10f","severity":"debug","timestamp":"2026-03-25T12:07:32.488973473Z"}
{"http.req.id":"10aa468d-011f-4b7e-8dbc-d7a17190f6d9","http.req.method":"GET","http.req.path":"/product/0PUK6V6EV0","http.resp.bytes":7924,"http.resp.status":200,"http.resp.took_ms":17,"message":"request complete","session":"827eab86-1aba-4a15-8740-5fee5900d10f","severity":"debug","timestamp":"2026-03-25T12:07:32.506152716Z"}
{"http.req.id":"d33132a0-8293-40ad-8338-f7ee1b79260c","http.req.method":"POST","http.req.path":"/cart","message":"request started","session":"827eab86-1aba-4a15-8740-5fee5900d10f","severity":"debug","timestamp":"2026-03-25T12:07:32.507122769Z"}
{"http.req.id":"d33132a0-8293-40ad-8338-f7ee1b79260c","http.req.method":"POST","http.req.path":"/cart","message":"adding to cart","product":"0PUK6V6EV0","quantity":8,"session":"827eab86-1aba-4a15-8740-5fee5900d10f","severity":"debug","timestamp":"2026-03-25T12:07:32.507288376Z"}
{"http.req.id":"d33132a0-8293-40ad-8338-f7ee1b79260c","http.req.method":"POST","http.req.path":"/cart","http.resp.bytes":0,"http.resp.status":302,"http.resp.took_ms":3,"message":"request complete","session":"827eab86-1aba-4a15-8740-5fee5900d10f","severity":"debug","timestamp":"2026-03-25T12:07:32.510466274Z"}
{"http.req.id":"649b4d1d-1c1e-4e94-b472-9d8e9a3fe6ab","http.req.method":"GET","http.req.path":"/cart","message":"request started","session":"827eab86-1aba-4a15-8740-5fee5900d10f","severity":"debug","timestamp":"2026-03-25T12:07:32.512342966Z"}
{"http.req.id":"649b4d1d-1c1e-4e94-b472-9d8e9a3fe6ab","http.req.method":"GET","http.req.path":"/cart","message":"view user cart","session":"827eab86-1aba-4a15-8740-5fee5900d10f","severity":"debug","timestamp":"2026-03-25T12:07:32.512411803Z"}
{"http.req.id":"649b4d1d-1c1e-4e94-b472-9d8e9a3fe6ab","http.req.method":"GET","http.req.path":"/cart","http.resp.bytes":16467,"http.resp.status":200,"http.resp.took_ms":39,"message":"request complete","session":"827eab86-1aba-4a15-8740-5fee5900d10f","severity":"debug","timestamp":"2026-03-25T12:07:32.552075471Z"}
{"http.req.id":"96b56f04-9645-4199-a5ca-d013b20c8261","http.req.method":"POST","http.req.path":"/cart/checkout","message":"request started","session":"827eab86-1aba-4a15-8740-5fee5900d10f","severity":"debug","timestamp":"2026-03-25T12:07:32.5547786Z"}
{"http.req.id":"96b56f04-9645-4199-a5ca-d013b20c8261","http.req.method":"POST","http.req.path":"/cart/checkout","message":"placing order","session":"827eab86-1aba-4a15-8740-5fee5900d10f","severity":"debug","timestamp":"2026-03-25T12:07:32.554845698Z"}
{"http.req.id":"96b56f04-9645-4199-a5ca-d013b20c8261","http.req.method":"POST","http.req.path":"/cart/checkout","message":"order placed","order":"340060d2-2843-11f1-a4a0-927ce8a683d8","session":"827eab86-1aba-4a15-8740-5fee5900d10f","severity":"info","timestamp":"2026-03-25T12:07:32.574211091Z"}
{"http.req.id":"96b56f04-9645-4199-a5ca-d013b20c8261","http.req.method":"POST","http.req.path":"/cart/checkout","http.resp.bytes":6789,"http.resp.status":200,"http.resp.took_ms":28,"message":"request complete","session":"827eab86-1aba-4a15-8740-5fee5900d10f","severity":"debug","timestamp":"2026-03-25T12:07:32.583390836Z"}
{"http.req.id":"d871be9d-297c-4f9a-88d1-a0c4ff87f0df","http.req.method":"GET","http.req.path":"/cart","message":"request started","session":"513dd945-739c-4fe3-8e54-6e6927fbb733","severity":"debug","timestamp":"2026-03-25T12:07:33.917075639Z"}
{"http.req.id":"d871be9d-297c-4f9a-88d1-a0c4ff87f0df","http.req.method":"GET","http.req.path":"/cart","message":"view user cart","session":"513dd945-739c-4fe3-8e54-6e6927fbb733","severity":"debug","timestamp":"2026-03-25T12:07:33.91723572Z"}
{"http.req.id":"d871be9d-297c-4f9a-88d1-a0c4ff87f0df","http.req.method":"GET","http.req.path":"/cart","http.resp.bytes":6885,"http.resp.status":200,"http.resp.took_ms":14,"message":"request complete","session":"513dd945-739c-4fe3-8e54-6e6927fbb733","severity":"debug","timestamp":"2026-03-25T12:07:33.931506378Z"}
{"http.req.id":"6158a085-b095-4957-be88-c39cec2de49c","http.req.method":"GET","http.req.path":"/product/0PUK6V6EV0","message":"request started","session":"ecb080bf-5333-403f-9547-c8725d499228","severity":"debug","timestamp":"2026-03-25T12:07:34.562245813Z"}
{"currency":"TRY","http.req.id":"6158a085-b095-4957-be88-c39cec2de49c","http.req.method":"GET","http.req.path":"/product/0PUK6V6EV0","id":"0PUK6V6EV0","message":"serving product page","session":"ecb080bf-5333-403f-9547-c8725d499228","severity":"debug","timestamp":"2026-03-25T12:07:34.562453175Z"}
{"http.req.id":"6158a085-b095-4957-be88-c39cec2de49c","http.req.method":"GET","http.req.path":"/product/0PUK6V6EV0","http.resp.bytes":8033,"http.resp.status":200,"http.resp.took_ms":17,"message":"request complete","session":"ecb080bf-5333-403f-9547-c8725d499228","severity":"debug","timestamp":"2026-03-25T12:07:34.579520017Z"}
{"http.req.id":"ad1ac568-6102-4bb9-a278-8beb736c626b","http.req.method":"GET","http.req.path":"/cart","message":"request started","session":"2d3bf3d7-22b5-49c9-8227-12126292f393","severity":"debug","timestamp":"2026-03-25T12:07:34.911433653Z"}
{"http.req.id":"ad1ac568-6102-4bb9-a278-8beb736c626b","http.req.method":"GET","http.req.path":"/cart","message":"view user cart","session":"2d3bf3d7-22b5-49c9-8227-12126292f393","severity":"debug","timestamp":"2026-03-25T12:07:34.911554045Z"}
{"http.req.id":"f8562a59-3383-4c33-b4d7-d4b9d274078a","http.req.method":"GET","http.req.path":"/product/1YMWWN1N4O","message":"request started","session":"514e00c6-206e-4c6e-873f-852b796455de","severity":"debug","timestamp":"2026-03-25T12:07:34.915565283Z"}
{"currency":"GBP","http.req.id":"f8562a59-3383-4c33-b4d7-d4b9d274078a","http.req.method":"GET","http.req.path":"/product/1YMWWN1N4O","id":"1YMWWN1N4O","message":"serving product page","session":"514e00c6-206e-4c6e-873f-852b796455de","severity":"debug","timestamp":"2026-03-25T12:07:34.91568931Z"}
{"http.req.id":"ad1ac568-6102-4bb9-a278-8beb736c626b","http.req.method":"GET","http.req.path":"/cart","http.resp.bytes":6850,"http.resp.status":200,"http.resp.took_ms":16,"message":"request complete","session":"2d3bf3d7-22b5-49c9-8227-12126292f393","severity":"debug","timestamp":"2026-03-25T12:07:34.927985538Z"}
{"http.req.id":"f8562a59-3383-4c33-b4d7-d4b9d274078a","http.req.method":"GET","http.req.path":"/product/1YMWWN1N4O","http.resp.bytes":8070,"http.resp.status":200,"http.resp.took_ms":16,"message":"request complete","session":"514e00c6-206e-4c6e-873f-852b796455de","severity":"debug","timestamp":"2026-03-25T12:07:34.932186736Z"}
{"http.req.id":"9bd89b1c-d6a3-4b66-8d33-bc70991800a1","http.req.method":"GET","http.req.path":"/product/9SIQT8TOJO","message":"request started","session":"a38c2610-1665-4c93-8051-4c451f5de325","severity":"debug","timestamp":"2026-03-25T12:07:35.385889255Z"}
{"currency":"JPY","http.req.id":"9bd89b1c-d6a3-4b66-8d33-bc70991800a1","http.req.method":"GET","http.req.path":"/product/9SIQT8TOJO","id":"9SIQT8TOJO","message":"serving product page","session":"a38c2610-1665-4c93-8051-4c451f5de325","severity":"debug","timestamp":"2026-03-25T12:07:35.385983084Z"}
{"http.req.id":"9bd89b1c-d6a3-4b66-8d33-bc70991800a1","http.req.method":"GET","http.req.path":"/product/9SIQT8TOJO","http.resp.bytes":8066,"http.resp.status":200,"http.resp.took_ms":15,"message":"request complete","session":"a38c2610-1665-4c93-8051-4c451f5de325","severity":"debug","timestamp":"2026-03-25T12:07:35.401216999Z"}
{"http.req.id":"59ab4de6-af7b-4e5b-a52a-ea1341c84bd8","http.req.method":"GET","http.req.path":"/cart","message":"request started","session":"32217267-98ca-4d66-9fc8-3f088b8def0f","severity":"debug","timestamp":"2026-03-25T12:07:35.712499143Z"}
{"http.req.id":"59ab4de6-af7b-4e5b-a52a-ea1341c84bd8","http.req.method":"GET","http.req.path":"/cart","message":"view user cart","session":"32217267-98ca-4d66-9fc8-3f088b8def0f","severity":"debug","timestamp":"2026-03-25T12:07:35.712631006Z"}
{"http.req.id":"59ab4de6-af7b-4e5b-a52a-ea1341c84bd8","http.req.method":"GET","http.req.path":"/cart","http.resp.bytes":6878,"http.resp.status":200,"http.resp.took_ms":16,"message":"request complete","session":"32217267-98ca-4d66-9fc8-3f088b8def0f","severity":"debug","timestamp":"2026-03-25T12:07:35.728712152Z"}
{"http.req.id":"d05162db-a005-4fe1-95c9-2ba6d92ede24","http.req.method":"GET","http.req.path":"/product/OLJCESPC7Z","message":"request started","session":"694745d8-a179-4c65-83d6-9ed873a7b94b","severity":"debug","timestamp":"2026-03-25T12:07:37.864262409Z"}
{"currency":"GBP","http.req.id":"d05162db-a005-4fe1-95c9-2ba6d92ede24","http.req.method":"GET","http.req.path":"/product/OLJCESPC7Z","id":"OLJCESPC7Z","message":"serving product page","session":"694745d8-a179-4c65-83d6-9ed873a7b94b","severity":"debug","timestamp":"2026-03-25T12:07:37.864361659Z"}
{"http.req.id":"d05162db-a005-4fe1-95c9-2ba6d92ede24","http.req.method":"GET","http.req.path":"/product/OLJCESPC7Z","http.resp.bytes":8062,"http.resp.status":200,"http.resp.took_ms":14,"message":"request complete","session":"694745d8-a179-4c65-83d6-9ed873a7b94b","severity":"debug","timestamp":"2026-03-25T12:07:37.878642701Z"}
{"http.req.id":"d7064549-ac75-4d76-ab15-f670c192fe06","http.req.method":"GET","http.req.path":"/_healthz","message":"request started","session":"x-liveness-probe","severity":"debug","timestamp":"2026-03-25T12:07:38.858609564Z"}
{"http.req.id":"d7064549-ac75-4d76-ab15-f670c192fe06","http.req.method":"GET","http.req.path":"/_healthz","http.resp.bytes":2,"http.resp.status":200,"http.resp.took_ms":0,"message":"request complete","session":"x-liveness-probe","severity":"debug","timestamp":"2026-03-25T12:07:38.858688518Z"}
{"http.req.id":"c2fffdec-d597-44a1-aac3-dba54ce7141c","http.req.method":"GET","http.req.path":"/product/2ZYFJ3GM2N","message":"request started","session":"df4ce93a-5d92-40a8-93c2-540bf11bbb4d","severity":"debug","timestamp":"2026-03-25T12:07:39.520134125Z"}
{"currency":"TRY","http.req.id":"c2fffdec-d597-44a1-aac3-dba54ce7141c","http.req.method":"GET","http.req.path":"/product/2ZYFJ3GM2N","id":"2ZYFJ3GM2N","message":"serving product page","session":"df4ce93a-5d92-40a8-93c2-540bf11bbb4d","severity":"debug","timestamp":"2026-03-25T12:07:39.520229545Z"}
{"http.req.id":"def29d33-c08d-4ef0-896a-634954c0e46f","http.req.method":"GET","http.req.path":"/product/2ZYFJ3GM2N","message":"request started","session":"514e00c6-206e-4c6e-873f-852b796455de","severity":"debug","timestamp":"2026-03-25T12:07:39.526069743Z"}
{"currency":"GBP","http.req.id":"def29d33-c08d-4ef0-896a-634954c0e46f","http.req.method":"GET","http.req.path":"/product/2ZYFJ3GM2N","id":"2ZYFJ3GM2N","message":"serving product page","session":"514e00c6-206e-4c6e-873f-852b796455de","severity":"debug","timestamp":"2026-03-25T12:07:39.526783024Z"}
{"http.req.id":"c2fffdec-d597-44a1-aac3-dba54ce7141c","http.req.method":"GET","http.req.path":"/product/2ZYFJ3GM2N","http.resp.bytes":7955,"http.resp.status":200,"http.resp.took_ms":35,"message":"request complete","session":"df4ce93a-5d92-40a8-93c2-540bf11bbb4d","severity":"debug","timestamp":"2026-03-25T12:07:39.556113417Z"}
{"http.req.id":"def29d33-c08d-4ef0-896a-634954c0e46f","http.req.method":"GET","http.req.path":"/product/2ZYFJ3GM2N","http.resp.bytes":8081,"http.resp.status":200,"http.resp.took_ms":31,"message":"request complete","session":"514e00c6-206e-4c6e-873f-852b796455de","severity":"debug","timestamp":"2026-03-25T12:07:39.557708541Z"}
{"http.req.id":"870c54fb-6d11-483a-ae0c-58c7be341545","http.req.method":"GET","http.req.path":"/product/66VCHSJNUP","message":"request started","session":"fcb2831f-0627-4791-ac1d-23821dc5b140","severity":"debug","timestamp":"2026-03-25T12:07:39.859813464Z"}
{"currency":"EUR","http.req.id":"870c54fb-6d11-483a-ae0c-58c7be341545","http.req.method":"GET","http.req.path":"/product/66VCHSJNUP","id":"66VCHSJNUP","message":"serving product page","session":"fcb2831f-0627-4791-ac1d-23821dc5b140","severity":"debug","timestamp":"2026-03-25T12:07:39.859919463Z"}
{"http.req.id":"870c54fb-6d11-483a-ae0c-58c7be341545","http.req.method":"GET","http.req.path":"/product/66VCHSJNUP","http.resp.bytes":8033,"http.resp.status":200,"http.resp.took_ms":24,"message":"request complete","session":"fcb2831f-0627-4791-ac1d-23821dc5b140","severity":"debug","timestamp":"2026-03-25T12:07:39.883955998Z"}
{"http.req.id":"144584c2-0c34-45aa-8f58-198c4730254f","http.req.method":"GET","http.req.path":"/product/9SIQT8TOJO","message":"request started","session":"827eab86-1aba-4a15-8740-5fee5900d10f","severity":"debug","timestamp":"2026-03-25T12:07:40.952449009Z"}
{"currency":"USD","http.req.id":"144584c2-0c34-45aa-8f58-198c4730254f","http.req.method":"GET","http.req.path":"/product/9SIQT8TOJO","id":"9SIQT8TOJO","message":"serving product page","session":"827eab86-1aba-4a15-8740-5fee5900d10f","severity":"debug","timestamp":"2026-03-25T12:07:40.952523677Z"}
{"http.req.id":"144584c2-0c34-45aa-8f58-198c4730254f","http.req.method":"GET","http.req.path":"/product/9SIQT8TOJO","http.resp.bytes":8006,"http.resp.status":200,"http.resp.took_ms":27,"message":"request complete","session":"827eab86-1aba-4a15-8740-5fee5900d10f","severity":"debug","timestamp":"2026-03-25T12:07:40.979886089Z"}
{"http.req.id":"63245edf-cc62-4cd4-89e6-758f5a5ff424","http.req.method":"GET","http.req.path":"/product/2ZYFJ3GM2N","message":"request started","session":"2d3bf3d7-22b5-49c9-8227-12126292f393","severity":"debug","timestamp":"2026-03-25T12:07:41.398581294Z"}
{"currency":"GBP","http.req.id":"63245edf-cc62-4cd4-89e6-758f5a5ff424","http.req.method":"GET","http.req.path":"/product/2ZYFJ3GM2N","id":"2ZYFJ3GM2N","message":"serving product page","session":"2d3bf3d7-22b5-49c9-8227-12126292f393","severity":"debug","timestamp":"2026-03-25T12:07:41.398674391Z"}
{"http.req.id":"63245edf-cc62-4cd4-89e6-758f5a5ff424","http.req.method":"GET","http.req.path":"/product/2ZYFJ3GM2N","http.resp.bytes":7986,"http.resp.status":200,"http.resp.took_ms":16,"message":"request complete","session":"2d3bf3d7-22b5-49c9-8227-12126292f393","severity":"debug","timestamp":"2026-03-25T12:07:41.414639449Z"}
{"http.req.id":"bfb438e2-f16f-4cd9-8567-09a0cfb77040","http.req.method":"POST","http.req.path":"/setCurrency","message":"request started","session":"a38c2610-1665-4c93-8051-4c451f5de325","severity":"debug","timestamp":"2026-03-25T12:07:41.449005663Z"}
{"curr.new":"GBP","curr.old":"JPY","http.req.id":"bfb438e2-f16f-4cd9-8567-09a0cfb77040","http.req.method":"POST","http.req.path":"/setCurrency","message":"setting currency","session":"a38c2610-1665-4c93-8051-4c451f5de325","severity":"debug","timestamp":"2026-03-25T12:07:41.449196534Z"}
{"http.req.id":"bfb438e2-f16f-4cd9-8567-09a0cfb77040","http.req.method":"POST","http.req.path":"/setCurrency","http.resp.bytes":0,"http.resp.status":302,"http.resp.took_ms":0,"message":"request complete","session":"a38c2610-1665-4c93-8051-4c451f5de325","severity":"debug","timestamp":"2026-03-25T12:07:41.4492421Z"}
{"http.req.id":"63acd797-789d-4d63-94d7-8fb9f4e78542","http.req.method":"GET","http.req.path":"/","message":"request started","session":"a38c2610-1665-4c93-8051-4c451f5de325","severity":"debug","timestamp":"2026-03-25T12:07:41.450466569Z"}
{"currency":"GBP","http.req.id":"63acd797-789d-4d63-94d7-8fb9f4e78542","http.req.method":"GET","http.req.path":"/","message":"home","session":"a38c2610-1665-4c93-8051-4c451f5de325","severity":"info","timestamp":"2026-03-25T12:07:41.45054273Z"}
{"http.req.id":"c8b3cd24-88bf-49b1-adb1-a89b3c9124f2","http.req.method":"GET","http.req.path":"/product/2ZYFJ3GM2N","message":"request started","session":"513dd945-739c-4fe3-8e54-6e6927fbb733","severity":"debug","timestamp":"2026-03-25T12:07:41.515495995Z"}
{"currency":"TRY","http.req.id":"c8b3cd24-88bf-49b1-adb1-a89b3c9124f2","http.req.method":"GET","http.req.path":"/product/2ZYFJ3GM2N","id":"2ZYFJ3GM2N","message":"serving product page","session":"513dd945-739c-4fe3-8e54-6e6927fbb733","severity":"debug","timestamp":"2026-03-25T12:07:41.51559905Z"}
env platform is either empty or invalid
{"http.req.id":"c8b3cd24-88bf-49b1-adb1-a89b3c9124f2","http.req.method":"GET","http.req.path":"/product/2ZYFJ3GM2N","http.resp.bytes":7977,"http.resp.status":200,"http.resp.took_ms":52,"message":"request complete","session":"513dd945-739c-4fe3-8e54-6e6927fbb733","severity":"debug","timestamp":"2026-03-25T12:07:41.567788243Z"}
{"http.req.id":"63acd797-789d-4d63-94d7-8fb9f4e78542","http.req.method":"GET","http.req.path":"/","message":"ENV_PLATFORM is: local","session":"a38c2610-1665-4c93-8051-4c451f5de325","severity":"debug","timestamp":"2026-03-25T12:07:41.57899879Z"}
{"http.req.id":"63acd797-789d-4d63-94d7-8fb9f4e78542","http.req.method":"GET","http.req.path":"/","http.resp.bytes":10598,"http.resp.status":200,"http.resp.took_ms":131,"message":"request complete","session":"a38c2610-1665-4c93-8051-4c451f5de325","severity":"debug","timestamp":"2026-03-25T12:07:41.582400034Z"}
{"http.req.id":"905fa468-5945-4588-a7c4-f4d87c39bc1a","http.req.method":"GET","http.req.path":"/cart","message":"request started","session":"32217267-98ca-4d66-9fc8-3f088b8def0f","severity":"debug","timestamp":"2026-03-25T12:07:41.745867592Z"}
{"http.req.id":"905fa468-5945-4588-a7c4-f4d87c39bc1a","http.req.method":"GET","http.req.path":"/cart","message":"view user cart","session":"32217267-98ca-4d66-9fc8-3f088b8def0f","severity":"debug","timestamp":"2026-03-25T12:07:41.745940967Z"}
{"http.req.id":"905fa468-5945-4588-a7c4-f4d87c39bc1a","http.req.method":"GET","http.req.path":"/cart","http.resp.bytes":6918,"http.resp.status":200,"http.resp.took_ms":14,"message":"request complete","session":"32217267-98ca-4d66-9fc8-3f088b8def0f","severity":"debug","timestamp":"2026-03-25T12:07:41.760012104Z"}
{"http.req.id":"92aa1621-9a15-45be-acc1-4526087faa70","http.req.method":"GET","http.req.path":"/_healthz","message":"request started","session":"x-readiness-probe","severity":"debug","timestamp":"2026-03-25T12:07:42.110528628Z"}
{"http.req.id":"92aa1621-9a15-45be-acc1-4526087faa70","http.req.method":"GET","http.req.path":"/_healthz","http.resp.bytes":2,"http.resp.status":200,"http.resp.took_ms":0,"message":"request complete","session":"x-readiness-probe","severity":"debug","timestamp":"2026-03-25T12:07:42.111114399Z"}
{"http.req.id":"46f63bc6-ad07-4eee-b983-2d58ebeda3d6","http.req.method":"GET","http.req.path":"/product/0PUK6V6EV0","message":"request started","session":"df4ce93a-5d92-40a8-93c2-540bf11bbb4d","severity":"debug","timestamp":"2026-03-25T12:07:42.809175198Z"}
{"currency":"TRY","http.req.id":"46f63bc6-ad07-4eee-b983-2d58ebeda3d6","http.req.method":"GET","http.req.path":"/product/0PUK6V6EV0","id":"0PUK6V6EV0","message":"serving product page","session":"df4ce93a-5d92-40a8-93c2-540bf11bbb4d","severity":"debug","timestamp":"2026-03-25T12:07:42.809269281Z"}
{"http.req.id":"46f63bc6-ad07-4eee-b983-2d58ebeda3d6","http.req.method":"GET","http.req.path":"/product/0PUK6V6EV0","http.resp.bytes":7951,"http.resp.status":200,"http.resp.took_ms":13,"message":"request complete","session":"df4ce93a-5d92-40a8-93c2-540bf11bbb4d","severity":"debug","timestamp":"2026-03-25T12:07:42.823055209Z"}
{"http.req.id":"75fc4898-809b-49ed-8074-84ec5bd3481d","http.req.method":"GET","http.req.path":"/product/66VCHSJNUP","message":"request started","session":"2d3bf3d7-22b5-49c9-8227-12126292f393","severity":"debug","timestamp":"2026-03-25T12:07:43.065632644Z"}
{"currency":"GBP","http.req.id":"75fc4898-809b-49ed-8074-84ec5bd3481d","http.req.method":"GET","http.req.path":"/product/66VCHSJNUP","id":"66VCHSJNUP","message":"serving product page","session":"2d3bf3d7-22b5-49c9-8227-12126292f393","severity":"debug","timestamp":"2026-03-25T12:07:43.065774377Z"}
{"http.req.id":"75fc4898-809b-49ed-8074-84ec5bd3481d","http.req.method":"GET","http.req.path":"/product/66VCHSJNUP","http.resp.bytes":7938,"http.resp.status":200,"http.resp.took_ms":18,"message":"request complete","session":"2d3bf3d7-22b5-49c9-8227-12126292f393","severity":"debug","timestamp":"2026-03-25T12:07:43.084193082Z"}
{"http.req.id":"727adcd1-c0d0-494f-acf6-9e97dd8550e2","http.req.method":"GET","http.req.path":"/product/66VCHSJNUP","message":"request started","session":"513dd945-739c-4fe3-8e54-6e6927fbb733","severity":"debug","timestamp":"2026-03-25T12:07:43.30182489Z"}
{"currency":"TRY","http.req.id":"727adcd1-c0d0-494f-acf6-9e97dd8550e2","http.req.method":"GET","http.req.path":"/product/66VCHSJNUP","id":"66VCHSJNUP","message":"serving product page","session":"513dd945-739c-4fe3-8e54-6e6927fbb733","severity":"debug","timestamp":"2026-03-25T12:07:43.301951102Z"}
{"http.req.id":"727adcd1-c0d0-494f-acf6-9e97dd8550e2","http.req.method":"GET","http.req.path":"/product/66VCHSJNUP","http.resp.bytes":7923,"http.resp.status":200,"http.resp.took_ms":14,"message":"request complete","session":"513dd945-739c-4fe3-8e54-6e6927fbb733","severity":"debug","timestamp":"2026-03-25T12:07:43.315868487Z"}
{"http.req.id":"678d02d4-5251-4f4a-a216-bf08f9327327","http.req.method":"GET","http.req.path":"/product/0PUK6V6EV0","message":"request started","session":"32217267-98ca-4d66-9fc8-3f088b8def0f","severity":"debug","timestamp":"2026-03-25T12:07:43.39820674Z"}
{"currency":"JPY","http.req.id":"678d02d4-5251-4f4a-a216-bf08f9327327","http.req.method":"GET","http.req.path":"/product/0PUK6V6EV0","id":"0PUK6V6EV0","message":"serving product page","session":"32217267-98ca-4d66-9fc8-3f088b8def0f","severity":"debug","timestamp":"2026-03-25T12:07:43.398293405Z"}
{"http.req.id":"678d02d4-5251-4f4a-a216-bf08f9327327","http.req.method":"GET","http.req.path":"/product/0PUK6V6EV0","http.resp.bytes":7960,"http.resp.status":200,"http.resp.took_ms":14,"message":"request complete","session":"32217267-98ca-4d66-9fc8-3f088b8def0f","severity":"debug","timestamp":"2026-03-25T12:07:43.41254768Z"}
{"http.req.id":"9e5954ab-8ce9-42b1-a502-122b2012da90","http.req.method":"GET","http.req.path":"/product/2ZYFJ3GM2N","message":"request started","session":"ecb080bf-5333-403f-9547-c8725d499228","severity":"debug","timestamp":"2026-03-25T12:07:43.97805715Z"}
{"currency":"TRY","http.req.id":"9e5954ab-8ce9-42b1-a502-122b2012da90","http.req.method":"GET","http.req.path":"/product/2ZYFJ3GM2N","id":"2ZYFJ3GM2N","message":"serving product page","session":"ecb080bf-5333-403f-9547-c8725d499228","severity":"debug","timestamp":"2026-03-25T12:07:43.978145331Z"}
{"http.req.id":"9e5954ab-8ce9-42b1-a502-122b2012da90","http.req.method":"GET","http.req.path":"/product/2ZYFJ3GM2N","http.resp.bytes":8035,"http.resp.status":200,"http.resp.took_ms":15,"message":"request complete","session":"ecb080bf-5333-403f-9547-c8725d499228","severity":"debug","timestamp":"2026-03-25T12:07:43.993763784Z"}
{"http.req.id":"db775076-3fd0-46cd-850b-0bf5a25e058a","http.req.method":"POST","http.req.path":"/cart","message":"request started","session":"ecb080bf-5333-403f-9547-c8725d499228","severity":"debug","timestamp":"2026-03-25T12:07:43.994607924Z"}
{"http.req.id":"db775076-3fd0-46cd-850b-0bf5a25e058a","http.req.method":"POST","http.req.path":"/cart","message":"adding to cart","product":"2ZYFJ3GM2N","quantity":2,"session":"ecb080bf-5333-403f-9547-c8725d499228","severity":"debug","timestamp":"2026-03-25T12:07:43.994740405Z"}
{"http.req.id":"db775076-3fd0-46cd-850b-0bf5a25e058a","http.req.method":"POST","http.req.path":"/cart","http.resp.bytes":0,"http.resp.status":302,"http.resp.took_ms":3,"message":"request complete","session":"ecb080bf-5333-403f-9547-c8725d499228","severity":"debug","timestamp":"2026-03-25T12:07:43.997651145Z"}
{"http.req.id":"82e1792f-e9dc-4c32-b7be-0863387d9347","http.req.method":"GET","http.req.path":"/cart","message":"request started","session":"ecb080bf-5333-403f-9547-c8725d499228","severity":"debug","timestamp":"2026-03-25T12:07:43.998648203Z"}
{"http.req.id":"82e1792f-e9dc-4c32-b7be-0863387d9347","http.req.method":"GET","http.req.path":"/cart","message":"view user cart","session":"ecb080bf-5333-403f-9547-c8725d499228","severity":"debug","timestamp":"2026-03-25T12:07:43.998711128Z"}
{"http.req.id":"82e1792f-e9dc-4c32-b7be-0863387d9347","http.req.method":"GET","http.req.path":"/cart","http.resp.bytes":17890,"http.resp.status":200,"http.resp.took_ms":16,"message":"request complete","session":"ecb080bf-5333-403f-9547-c8725d499228","severity":"debug","timestamp":"2026-03-25T12:07:44.014846928Z"}
{"http.req.id":"52955d5a-7725-4a34-9dcd-9e457b289859","http.req.method":"POST","http.req.path":"/cart/checkout","message":"request started","session":"ecb080bf-5333-403f-9547-c8725d499228","severity":"debug","timestamp":"2026-03-25T12:07:44.016502705Z"}
{"http.req.id":"52955d5a-7725-4a34-9dcd-9e457b289859","http.req.method":"POST","http.req.path":"/cart/checkout","message":"placing order","session":"ecb080bf-5333-403f-9547-c8725d499228","severity":"debug","timestamp":"2026-03-25T12:07:44.01656204Z"}
{"http.req.id":"52955d5a-7725-4a34-9dcd-9e457b289859","http.req.method":"POST","http.req.path":"/cart/checkout","message":"order placed","order":"3ad5458c-2843-11f1-a4a0-927ce8a683d8","session":"ecb080bf-5333-403f-9547-c8725d499228","severity":"info","timestamp":"2026-03-25T12:07:44.160763618Z"}
{"http.req.id":"52955d5a-7725-4a34-9dcd-9e457b289859","http.req.method":"POST","http.req.path":"/cart/checkout","http.resp.bytes":6834,"http.resp.status":200,"http.resp.took_ms":154,"message":"request complete","session":"ecb080bf-5333-403f-9547-c8725d499228","severity":"debug","timestamp":"2026-03-25T12:07:44.171357044Z"}
