{"message":"order confirmation email sent to \"belliott@example.com\"","severity":"info","timestamp":"2026-03-06T05:59:17.281087783Z"}
{"message":"[PlaceOrder] user_id=\"6e21104e-b0bf-4a85-b5c2-ac5af92fa69e\" user_currency=\"TRY\"","severity":"info","timestamp":"2026-03-06T05:59:54.252464926Z"}
{"message":"payment went through (transaction_id: 3e344909-7e22-42ae-8fee-2037ee262677)","severity":"info","timestamp":"2026-03-06T05:59:54.264556476Z"}
{"message":"order confirmation email sent to \"danielcontreras@example.net\"","severity":"info","timestamp":"2026-03-06T05:59:54.268200753Z"}
{"message":"[PlaceOrder] user_id=\"6e21104e-b0bf-4a85-b5c2-ac5af92fa69e\" user_currency=\"TRY\"","severity":"info","timestamp":"2026-03-06T05:59:58.526677735Z"}
{"message":"payment went through (transaction_id: 30746d05-8364-440d-8398-c9e110c41e28)","severity":"info","timestamp":"2026-03-06T05:59:58.532283725Z"}
{"message":"order confirmation email sent to \"blewis@example.com\"","severity":"info","timestamp":"2026-03-06T05:59:58.534980384Z"}
{"message":"[PlaceOrder] user_id=\"f9734e3a-0615-43dc-908b-1b8be30715f4\" user_currency=\"CAD\"","severity":"info","timestamp":"2026-03-06T06:00:29.235788568Z"}
{"message":"payment went through (transaction_id: 6b56f761-7fe1-4eff-8e56-f46b4294a372)","severity":"info","timestamp":"2026-03-06T06:00:29.245072143Z"}
{"message":"order confirmation email sent to \"wlozano@example.org\"","severity":"info","timestamp":"2026-03-06T06:00:29.247956558Z"}
{"message":"[PlaceOrder] user_id=\"6e21104e-b0bf-4a85-b5c2-ac5af92fa69e\" user_currency=\"JPY\"","severity":"info","timestamp":"2026-03-06T06:00:34.82417747Z"}
{"message":"payment went through (transaction_id: 22d00ae4-3971-4ab1-abec-56effc83075d)","severity":"info","timestamp":"2026-03-06T06:00:34.832865354Z"}
{"message":"order confirmation email sent to \"scottjohnson@example.net\"","severity":"info","timestamp":"2026-03-06T06:00:34.836685378Z"}
{"message":"[PlaceOrder] user_id=\"ec0b6821-5225-4ee8-8ec0-1e3bbbdffabb\" user_currency=\"EUR\"","severity":"info","timestamp":"2026-03-06T06:00:38.415544558Z"}
{"message":"payment went through (transaction_id: ebc9ce6b-f143-4dd1-8baf-656d02dd72d3)","severity":"info","timestamp":"2026-03-06T06:00:38.430595086Z"}
{"message":"order confirmation email sent to \"dillonlisa@example.net\"","severity":"info","timestamp":"2026-03-06T06:00:38.437115556Z"}
{"message":"[PlaceOrder] user_id=\"b1a1fb98-93d6-41f8-9605-e0c8a82d1d3c\" user_currency=\"EUR\"","severity":"info","timestamp":"2026-03-06T06:00:41.518486674Z"}
{"message":"payment went through (transaction_id: 8babf4ff-6501-4b82-9546-f94b7f060448)","severity":"info","timestamp":"2026-03-06T06:00:41.531753348Z"}
{"message":"order confirmation email sent to \"mary26@example.org\"","severity":"info","timestamp":"2026-03-06T06:00:41.53593609Z"}
{"message":"[PlaceOrder] user_id=\"d7d3227d-0824-4f40-a472-c039f0192426\" user_currency=\"JPY\"","severity":"info","timestamp":"2026-03-06T06:01:07.524547251Z"}
{"message":"payment went through (transaction_id: 50b5a577-844e-43e7-a147-0c284b138384)","severity":"info","timestamp":"2026-03-06T06:01:07.538307674Z"}
{"message":"order confirmation email sent to \"adamjones@example.com\"","severity":"info","timestamp":"2026-03-06T06:01:07.541824939Z"}
{"message":"[PlaceOrder] user_id=\"b1a1fb98-93d6-41f8-9605-e0c8a82d1d3c\" user_currency=\"EUR\"","severity":"info","timestamp":"2026-03-06T06:01:12.925083876Z"}
{"message":"payment went through (transaction_id: 1f0e7081-7628-43b9-b1de-81af93e08fe6)","severity":"info","timestamp":"2026-03-06T06:01:12.936836597Z"}
{"message":"order confirmation email sent to \"leslie08@example.net\"","severity":"info","timestamp":"2026-03-06T06:01:12.940110989Z"}
{"message":"[PlaceOrder] user_id=\"d7d3227d-0824-4f40-a472-c039f0192426\" user_currency=\"JPY\"","severity":"info","timestamp":"2026-03-06T06:01:20.331626905Z"}
{"message":"payment went through (transaction_id: ddb9f615-77e6-44ff-90be-7bff64cf015e)","severity":"info","timestamp":"2026-03-06T06:01:20.340760811Z"}
{"message":"order confirmation email sent to \"donnaharvey@example.org\"","severity":"info","timestamp":"2026-03-06T06:01:20.347241082Z"}
{"message":"[PlaceOrder] user_id=\"3e105862-e07a-48bd-9f67-033f05224f8f\" user_currency=\"CAD\"","severity":"info","timestamp":"2026-03-06T06:01:22.984033622Z"}
{"message":"payment went through (transaction_id: 82c24644-c875-4382-a748-c8c7909cda61)","severity":"info","timestamp":"2026-03-06T06:01:22.999680144Z"}
{"message":"order confirmation email sent to \"matthew75@example.com\"","severity":"info","timestamp":"2026-03-06T06:01:23.004740871Z"}
{"message":"[PlaceOrder] user_id=\"d7d3227d-0824-4f40-a472-c039f0192426\" user_currency=\"JPY\"","severity":"info","timestamp":"2026-03-06T06:01:46.425298024Z"}
{"message":"payment went through (transaction_id: e7b8b062-3677-4867-80f4-3f919ba8c745)","severity":"info","timestamp":"2026-03-06T06:01:46.43961817Z"}
{"message":"order confirmation email sent to \"colleen53@example.org\"","severity":"info","timestamp":"2026-03-06T06:01:46.445135943Z"}
{"message":"[PlaceOrder] user_id=\"eed418e8-7ab1-4992-b9a1-40aeb0d3dc43\" user_currency=\"TRY\"","severity":"info","timestamp":"2026-03-06T06:01:52.452965402Z"}
{"message":"payment went through (transaction_id: 3f210d94-c1b3-4711-b29c-3aeea9f33ab8)","severity":"info","timestamp":"2026-03-06T06:01:52.467705922Z"}
{"message":"order confirmation email sent to \"uobrien@example.net\"","severity":"info","timestamp":"2026-03-06T06:01:52.472154501Z"}
{"message":"[PlaceOrder] user_id=\"0994b18b-93e7-4775-a2c5-e29dc0e6d5bb\" user_currency=\"JPY\"","severity":"info","timestamp":"2026-03-06T06:02:12.014144204Z"}
{"message":"payment went through (transaction_id: e542233b-4efe-493e-9962-cb76ef907210)","severity":"info","timestamp":"2026-03-06T06:02:12.028351011Z"}
{"message":"order confirmation email sent to \"justin17@example.net\"","severity":"info","timestamp":"2026-03-06T06:02:12.034069523Z"}
{"message":"[PlaceOrder] user_id=\"f9734e3a-0615-43dc-908b-1b8be30715f4\" user_currency=\"TRY\"","severity":"info","timestamp":"2026-03-06T06:02:33.131479368Z"}
{"message":"payment went through (transaction_id: 8243d614-1fb0-4d51-8dcd-7ce93b721ed1)","severity":"info","timestamp":"2026-03-06T06:02:33.155712733Z"}
{"message":"order confirmation email sent to \"gary11@example.com\"","severity":"info","timestamp":"2026-03-06T06:02:33.164521224Z"}
{"message":"[PlaceOrder] user_id=\"fa2d8e54-c567-4c66-b702-8bb183ef4a46\" user_currency=\"GBP\"","severity":"info","timestamp":"2026-03-06T06:02:39.115239918Z"}
{"message":"payment went through (transaction_id: 06cb7697-deaf-4ac5-a5a4-9213f4136970)","severity":"info","timestamp":"2026-03-06T06:02:39.135002196Z"}
{"message":"order confirmation email sent to \"griffithbetty@example.org\"","severity":"info","timestamp":"2026-03-06T06:02:39.139481174Z"}
{"message":"[PlaceOrder] user_id=\"ec0b6821-5225-4ee8-8ec0-1e3bbbdffabb\" user_currency=\"USD\"","severity":"info","timestamp":"2026-03-06T06:02:45.309779964Z"}
{"message":"payment went through (transaction_id: 28448577-6fb1-48df-be6b-03874e43320e)","severity":"info","timestamp":"2026-03-06T06:02:45.32889811Z"}
{"message":"order confirmation email sent to \"kmacdonald@example.org\"","severity":"info","timestamp":"2026-03-06T06:02:45.33639841Z"}
{"message":"[PlaceOrder] user_id=\"3e105862-e07a-48bd-9f67-033f05224f8f\" user_currency=\"TRY\"","severity":"info","timestamp":"2026-03-06T06:02:46.829872631Z"}
{"message":"payment went through (transaction_id: 13ec3aa6-50bd-4861-a994-22330478053a)","severity":"info","timestamp":"2026-03-06T06:02:46.837119245Z"}
{"message":"order confirmation email sent to \"rmorris@example.org\"","severity":"info","timestamp":"2026-03-06T06:02:46.839694562Z"}
{"message":"[PlaceOrder] user_id=\"3e105862-e07a-48bd-9f67-033f05224f8f\" user_currency=\"TRY\"","severity":"info","timestamp":"2026-03-06T06:02:53.432182007Z"}
{"message":"payment went through (transaction_id: 8a367d36-dc68-4155-91f8-bcc3a2e4020d)","severity":"info","timestamp":"2026-03-06T06:02:53.437620275Z"}
{"message":"order confirmation email sent to \"jasonosborne@example.org\"","severity":"info","timestamp":"2026-03-06T06:02:53.440176581Z"}
{"message":"[PlaceOrder] user_id=\"0994b18b-93e7-4775-a2c5-e29dc0e6d5bb\" user_currency=\"GBP\"","severity":"info","timestamp":"2026-03-06T06:03:19.472514909Z"}
{"message":"payment went through (transaction_id: 473f6417-6d9c-4a49-a889-9af6fd8054c6)","severity":"info","timestamp":"2026-03-06T06:03:19.477973242Z"}
{"message":"order confirmation email sent to \"collin50@example.com\"","severity":"info","timestamp":"2026-03-06T06:03:19.480785984Z"}
{"message":"[PlaceOrder] user_id=\"f9734e3a-0615-43dc-908b-1b8be30715f4\" user_currency=\"TRY\"","severity":"info","timestamp":"2026-03-06T06:03:29.052180538Z"}
{"message":"payment went through (transaction_id: 6b85e3b2-fb09-4dd1-8dbd-d79ec77a093a)","severity":"info","timestamp":"2026-03-06T06:03:29.05988386Z"}
{"message":"order confirmation email sent to \"khowell@example.com\"","severity":"info","timestamp":"2026-03-06T06:03:29.063372823Z"}
{"message":"[PlaceOrder] user_id=\"b1a1fb98-93d6-41f8-9605-e0c8a82d1d3c\" user_currency=\"JPY\"","severity":"info","timestamp":"2026-03-06T06:04:01.690476978Z"}
{"message":"payment went through (transaction_id: 86f99ed0-2904-4694-b12d-6de289057f88)","severity":"info","timestamp":"2026-03-06T06:04:01.700579941Z"}
{"message":"order confirmation email sent to \"rcantu@example.org\"","severity":"info","timestamp":"2026-03-06T06:04:01.704003165Z"}
{"message":"[PlaceOrder] user_id=\"eed418e8-7ab1-4992-b9a1-40aeb0d3dc43\" user_currency=\"USD\"","severity":"info","timestamp":"2026-03-06T06:04:02.332969125Z"}
{"message":"payment went through (transaction_id: 2061291e-422a-4cf5-b5bf-d693b03f8300)","severity":"info","timestamp":"2026-03-06T06:04:02.341263664Z"}
{"message":"order confirmation email sent to \"williamsandoval@example.org\"","severity":"info","timestamp":"2026-03-06T06:04:02.344643722Z"}
{"message":"[PlaceOrder] user_id=\"eed418e8-7ab1-4992-b9a1-40aeb0d3dc43\" user_currency=\"USD\"","severity":"info","timestamp":"2026-03-06T06:04:07.381252474Z"}
{"message":"payment went through (transaction_id: 85bc4670-9e08-4479-a388-170a0def1e95)","severity":"info","timestamp":"2026-03-06T06:04:07.387146871Z"}
{"message":"order confirmation email sent to \"matthew88@example.net\"","severity":"info","timestamp":"2026-03-06T06:04:07.391067896Z"}
{"message":"[PlaceOrder] user_id=\"b1a1fb98-93d6-41f8-9605-e0c8a82d1d3c\" user_currency=\"JPY\"","severity":"info","timestamp":"2026-03-06T06:04:17.826503811Z"}
{"message":"payment went through (transaction_id: 9ece1178-d203-44f7-87e3-964146d75fc2)","severity":"info","timestamp":"2026-03-06T06:04:17.840937384Z"}
{"message":"order confirmation email sent to \"christophermyers@example.org\"","severity":"info","timestamp":"2026-03-06T06:04:17.846272Z"}
{"message":"[PlaceOrder] user_id=\"b1a1fb98-93d6-41f8-9605-e0c8a82d1d3c\" user_currency=\"JPY\"","severity":"info","timestamp":"2026-03-06T06:04:26.722923522Z"}
{"message":"payment went through (transaction_id: c06dbeb1-d09f-4c43-af74-eca5c0403205)","severity":"info","timestamp":"2026-03-06T06:04:26.730120162Z"}
{"message":"order confirmation email sent to \"warrenevan@example.net\"","severity":"info","timestamp":"2026-03-06T06:04:26.735031158Z"}
{"message":"[PlaceOrder] user_id=\"f9734e3a-0615-43dc-908b-1b8be30715f4\" user_currency=\"TRY\"","severity":"info","timestamp":"2026-03-06T06:04:28.226766754Z"}
{"message":"payment went through (transaction_id: a58e1976-ed3c-476b-8bae-63aa86bdf074)","severity":"info","timestamp":"2026-03-06T06:04:28.240075753Z"}
{"message":"order confirmation email sent to \"ujenkins@example.net\"","severity":"info","timestamp":"2026-03-06T06:04:28.244377986Z"}
{"message":"[PlaceOrder] user_id=\"ec0b6821-5225-4ee8-8ec0-1e3bbbdffabb\" user_currency=\"USD\"","severity":"info","timestamp":"2026-03-06T06:04:48.137747645Z"}
{"message":"payment went through (transaction_id: 502b61ba-985e-4a1d-a4e3-50e2ff0e1d7e)","severity":"info","timestamp":"2026-03-06T06:04:48.155976188Z"}
{"message":"order confirmation email sent to \"silvasara@example.com\"","severity":"info","timestamp":"2026-03-06T06:04:48.165475832Z"}
{"message":"[PlaceOrder] user_id=\"89995d91-ad5c-4838-8317-c04497a5d805\" user_currency=\"GBP\"","severity":"info","timestamp":"2026-03-06T06:04:52.546405604Z"}
{"message":"payment went through (transaction_id: 07a7b45e-f40a-4274-a5de-afa7e27f6096)","severity":"info","timestamp":"2026-03-06T06:04:52.621129178Z"}
{"message":"order confirmation email sent to \"jeremy62@example.net\"","severity":"info","timestamp":"2026-03-06T06:04:52.629828276Z"}
{"message":"[PlaceOrder] user_id=\"b1a1fb98-93d6-41f8-9605-e0c8a82d1d3c\" user_currency=\"JPY\"","severity":"info","timestamp":"2026-03-06T06:05:04.714606802Z"}
{"message":"payment went through (transaction_id: e18ae322-62ba-4601-b25f-9403462d11a4)","severity":"info","timestamp":"2026-03-06T06:05:04.721854274Z"}
{"message":"order confirmation email sent to \"vpreston@example.net\"","severity":"info","timestamp":"2026-03-06T06:05:04.725575847Z"}
{"message":"[PlaceOrder] user_id=\"ec0b6821-5225-4ee8-8ec0-1e3bbbdffabb\" user_currency=\"USD\"","severity":"info","timestamp":"2026-03-06T06:05:11.816238816Z"}
{"message":"payment went through (transaction_id: aedf9d77-8fc1-4a24-a3f1-ac8cd0f593f6)","severity":"info","timestamp":"2026-03-06T06:05:11.826111591Z"}
{"message":"order confirmation email sent to \"stephanierich@example.org\"","severity":"info","timestamp":"2026-03-06T06:05:11.831708379Z"}
{"message":"[PlaceOrder] user_id=\"fa2d8e54-c567-4c66-b702-8bb183ef4a46\" user_currency=\"JPY\"","severity":"info","timestamp":"2026-03-06T06:05:18.651165191Z"}
{"message":"payment went through (transaction_id: 1ebe09a2-8cfb-4c2d-8d21-52a2dbfb2a7f)","severity":"info","timestamp":"2026-03-06T06:05:18.658489459Z"}
{"message":"order confirmation email sent to \"randallsmith@example.org\"","severity":"info","timestamp":"2026-03-06T06:05:18.662661028Z"}
{"message":"[PlaceOrder] user_id=\"eed418e8-7ab1-4992-b9a1-40aeb0d3dc43\" user_currency=\"TRY\"","severity":"info","timestamp":"2026-03-06T06:05:21.078332562Z"}
{"message":"payment went through (transaction_id: 3bca4ceb-8550-4498-93a7-e12a771790eb)","severity":"info","timestamp":"2026-03-06T06:05:21.087143014Z"}
{"message":"order confirmation email sent to \"kmills@example.com\"","severity":"info","timestamp":"2026-03-06T06:05:21.090073043Z"}
{"message":"[PlaceOrder] user_id=\"89995d91-ad5c-4838-8317-c04497a5d805\" user_currency=\"GBP\"","severity":"info","timestamp":"2026-03-06T06:05:55.377706685Z"}
{"message":"payment went through (transaction_id: fc0e2eb5-db8e-453a-aa31-87a6759b553f)","severity":"info","timestamp":"2026-03-06T06:05:55.387589241Z"}
{"message":"order confirmation email sent to \"madams@example.com\"","severity":"info","timestamp":"2026-03-06T06:05:55.390598031Z"}
