{"currency":"TRY","http.req.id":"11295fda-5608-40fe-90ed-662051d3eed1","http.req.method":"GET","http.req.path":"/product/0PUK6V6EV0","id":"0PUK6V6EV0","message":"serving product page","session":"0994b18b-93e7-4775-a2c5-e29dc0e6d5bb","severity":"debug","timestamp":"2026-03-06T06:05:48.484040112Z"}
{"http.req.id":"11295fda-5608-40fe-90ed-662051d3eed1","http.req.method":"GET","http.req.path":"/product/0PUK6V6EV0","http.resp.bytes":8072,"http.resp.status":200,"http.resp.took_ms":12,"message":"request complete","session":"0994b18b-93e7-4775-a2c5-e29dc0e6d5bb","severity":"debug","timestamp":"2026-03-06T06:05:48.496744252Z"}
{"http.req.id":"8566dc6e-2e7a-4451-9aae-7e87a356e8e0","http.req.method":"GET","http.req.path":"/product/9SIQT8TOJO","message":"request started","session":"b1a1fb98-93d6-41f8-9605-e0c8a82d1d3c","severity":"debug","timestamp":"2026-03-06T06:05:48.73296978Z"}
{"currency":"USD","http.req.id":"8566dc6e-2e7a-4451-9aae-7e87a356e8e0","http.req.method":"GET","http.req.path":"/product/9SIQT8TOJO","id":"9SIQT8TOJO","message":"serving product page","session":"b1a1fb98-93d6-41f8-9605-e0c8a82d1d3c","severity":"debug","timestamp":"2026-03-06T06:05:48.733032351Z"}
{"http.req.id":"8566dc6e-2e7a-4451-9aae-7e87a356e8e0","http.req.method":"GET","http.req.path":"/product/9SIQT8TOJO","http.resp.bytes":8110,"http.resp.status":200,"http.resp.took_ms":14,"message":"request complete","session":"b1a1fb98-93d6-41f8-9605-e0c8a82d1d3c","severity":"debug","timestamp":"2026-03-06T06:05:48.747723255Z"}
{"http.req.id":"21f8c6d9-fe41-4c89-a543-738dc5053cd9","http.req.method":"GET","http.req.path":"/cart","message":"request started","session":"eed418e8-7ab1-4992-b9a1-40aeb0d3dc43","severity":"debug","timestamp":"2026-03-06T06:05:49.280376053Z"}
{"http.req.id":"21f8c6d9-fe41-4c89-a543-738dc5053cd9","http.req.method":"GET","http.req.path":"/cart","message":"view user cart","session":"eed418e8-7ab1-4992-b9a1-40aeb0d3dc43","severity":"debug","timestamp":"2026-03-06T06:05:49.280449607Z"}
{"http.req.id":"21f8c6d9-fe41-4c89-a543-738dc5053cd9","http.req.method":"GET","http.req.path":"/cart","http.resp.bytes":16483,"http.resp.status":200,"http.resp.took_ms":16,"message":"request complete","session":"eed418e8-7ab1-4992-b9a1-40aeb0d3dc43","severity":"debug","timestamp":"2026-03-06T06:05:49.296768571Z"}
{"http.req.id":"a35b409f-f4f4-4f2e-a18c-96bc5d6893b8","http.req.method":"GET","http.req.path":"/_healthz","message":"request started","session":"x-liveness-probe","severity":"debug","timestamp":"2026-03-06T06:05:50.246277633Z"}
{"http.req.id":"a35b409f-f4f4-4f2e-a18c-96bc5d6893b8","http.req.method":"GET","http.req.path":"/_healthz","http.resp.bytes":2,"http.resp.status":200,"http.resp.took_ms":0,"message":"request complete","session":"x-liveness-probe","severity":"debug","timestamp":"2026-03-06T06:05:50.246414524Z"}
{"http.req.id":"58fcbda5-0d0d-4d9f-b3a8-6bae1d3774c6","http.req.method":"GET","http.req.path":"/product/L9ECAV7KIM","message":"request started","session":"f9734e3a-0615-43dc-908b-1b8be30715f4","severity":"debug","timestamp":"2026-03-06T06:05:51.419880713Z"}
{"currency":"TRY","http.req.id":"58fcbda5-0d0d-4d9f-b3a8-6bae1d3774c6","http.req.method":"GET","http.req.path":"/product/L9ECAV7KIM","id":"L9ECAV7KIM","message":"serving product page","session":"f9734e3a-0615-43dc-908b-1b8be30715f4","severity":"debug","timestamp":"2026-03-06T06:05:51.419951295Z"}
{"http.req.id":"58fcbda5-0d0d-4d9f-b3a8-6bae1d3774c6","http.req.method":"GET","http.req.path":"/product/L9ECAV7KIM","http.resp.bytes":7927,"http.resp.status":200,"http.resp.took_ms":14,"message":"request complete","session":"f9734e3a-0615-43dc-908b-1b8be30715f4","severity":"debug","timestamp":"2026-03-06T06:05:51.434157336Z"}
{"http.req.id":"7140c710-45b8-4c7e-8abe-6b260f21ba5f","http.req.method":"GET","http.req.path":"/product/2ZYFJ3GM2N","message":"request started","session":"b1a1fb98-93d6-41f8-9605-e0c8a82d1d3c","severity":"debug","timestamp":"2026-03-06T06:05:51.654530682Z"}
{"currency":"USD","http.req.id":"7140c710-45b8-4c7e-8abe-6b260f21ba5f","http.req.method":"GET","http.req.path":"/product/2ZYFJ3GM2N","id":"2ZYFJ3GM2N","message":"serving product page","session":"b1a1fb98-93d6-41f8-9605-e0c8a82d1d3c","severity":"debug","timestamp":"2026-03-06T06:05:51.65459587Z"}
{"http.req.id":"7140c710-45b8-4c7e-8abe-6b260f21ba5f","http.req.method":"GET","http.req.path":"/product/2ZYFJ3GM2N","http.resp.bytes":8036,"http.resp.status":200,"http.resp.took_ms":16,"message":"request complete","session":"b1a1fb98-93d6-41f8-9605-e0c8a82d1d3c","severity":"debug","timestamp":"2026-03-06T06:05:51.670702179Z"}
{"http.req.id":"2031ac17-874a-4956-95bb-ade3f3278dfa","http.req.method":"GET","http.req.path":"/product/OLJCESPC7Z","message":"request started","session":"ec0b6821-5225-4ee8-8ec0-1e3bbbdffabb","severity":"debug","timestamp":"2026-03-06T06:05:52.030656155Z"}
{"currency":"TRY","http.req.id":"2031ac17-874a-4956-95bb-ade3f3278dfa","http.req.method":"GET","http.req.path":"/product/OLJCESPC7Z","id":"OLJCESPC7Z","message":"serving product page","session":"ec0b6821-5225-4ee8-8ec0-1e3bbbdffabb","severity":"debug","timestamp":"2026-03-06T06:05:52.030696675Z"}
{"http.req.id":"2031ac17-874a-4956-95bb-ade3f3278dfa","http.req.method":"GET","http.req.path":"/product/OLJCESPC7Z","http.resp.bytes":8072,"http.resp.status":200,"http.resp.took_ms":9,"message":"request complete","session":"ec0b6821-5225-4ee8-8ec0-1e3bbbdffabb","severity":"debug","timestamp":"2026-03-06T06:05:52.040447978Z"}
{"http.req.id":"21a7e79d-4dc1-4ffd-bbd3-0a88210e2c83","http.req.method":"POST","http.req.path":"/cart","message":"request started","session":"ec0b6821-5225-4ee8-8ec0-1e3bbbdffabb","severity":"debug","timestamp":"2026-03-06T06:05:52.041068372Z"}
{"http.req.id":"21a7e79d-4dc1-4ffd-bbd3-0a88210e2c83","http.req.method":"POST","http.req.path":"/cart","message":"adding to cart","product":"OLJCESPC7Z","quantity":7,"session":"ec0b6821-5225-4ee8-8ec0-1e3bbbdffabb","severity":"debug","timestamp":"2026-03-06T06:05:52.041170446Z"}
{"http.req.id":"21a7e79d-4dc1-4ffd-bbd3-0a88210e2c83","http.req.method":"POST","http.req.path":"/cart","http.resp.bytes":0,"http.resp.status":302,"http.resp.took_ms":2,"message":"request complete","session":"ec0b6821-5225-4ee8-8ec0-1e3bbbdffabb","severity":"debug","timestamp":"2026-03-06T06:05:52.043600789Z"}
{"http.req.id":"e103cf4d-fe7c-4d46-9535-c8523a665207","http.req.method":"GET","http.req.path":"/cart","message":"request started","session":"ec0b6821-5225-4ee8-8ec0-1e3bbbdffabb","severity":"debug","timestamp":"2026-03-06T06:05:52.045879199Z"}
{"http.req.id":"e103cf4d-fe7c-4d46-9535-c8523a665207","http.req.method":"GET","http.req.path":"/cart","message":"view user cart","session":"ec0b6821-5225-4ee8-8ec0-1e3bbbdffabb","severity":"debug","timestamp":"2026-03-06T06:05:52.045970711Z"}
{"http.req.id":"e103cf4d-fe7c-4d46-9535-c8523a665207","http.req.method":"GET","http.req.path":"/cart","http.resp.bytes":19317,"http.resp.status":200,"http.resp.took_ms":14,"message":"request complete","session":"ec0b6821-5225-4ee8-8ec0-1e3bbbdffabb","severity":"debug","timestamp":"2026-03-06T06:05:52.060048647Z"}
{"http.req.id":"61e5af5a-91c0-4eca-a346-04bfbd356a1e","http.req.method":"GET","http.req.path":"/product/1YMWWN1N4O","message":"request started","session":"d7d3227d-0824-4f40-a472-c039f0192426","severity":"debug","timestamp":"2026-03-06T06:05:52.712106061Z"}
{"currency":"JPY","http.req.id":"61e5af5a-91c0-4eca-a346-04bfbd356a1e","http.req.method":"GET","http.req.path":"/product/1YMWWN1N4O","id":"1YMWWN1N4O","message":"serving product page","session":"d7d3227d-0824-4f40-a472-c039f0192426","severity":"debug","timestamp":"2026-03-06T06:05:52.712211647Z"}
{"http.req.id":"61e5af5a-91c0-4eca-a346-04bfbd356a1e","http.req.method":"GET","http.req.path":"/product/1YMWWN1N4O","http.resp.bytes":8104,"http.resp.status":200,"http.resp.took_ms":14,"message":"request complete","session":"d7d3227d-0824-4f40-a472-c039f0192426","severity":"debug","timestamp":"2026-03-06T06:05:52.726204038Z"}
{"http.req.id":"e83cd4d6-28d5-460e-bd14-838c37ed53ea","http.req.method":"GET","http.req.path":"/cart","message":"request started","session":"fa2d8e54-c567-4c66-b702-8bb183ef4a46","severity":"debug","timestamp":"2026-03-06T06:05:52.812810916Z"}
{"http.req.id":"e83cd4d6-28d5-460e-bd14-838c37ed53ea","http.req.method":"GET","http.req.path":"/cart","message":"view user cart","session":"fa2d8e54-c567-4c66-b702-8bb183ef4a46","severity":"debug","timestamp":"2026-03-06T06:05:52.81290189Z"}
{"http.req.id":"e83cd4d6-28d5-460e-bd14-838c37ed53ea","http.req.method":"GET","http.req.path":"/cart","http.resp.bytes":6895,"http.resp.status":200,"http.resp.took_ms":12,"message":"request complete","session":"fa2d8e54-c567-4c66-b702-8bb183ef4a46","severity":"debug","timestamp":"2026-03-06T06:05:52.825700131Z"}
{"http.req.id":"b83d5b65-179f-4b16-a39e-d756816c420c","http.req.method":"GET","http.req.path":"/","message":"request started","session":"3e105862-e07a-48bd-9f67-033f05224f8f","severity":"debug","timestamp":"2026-03-06T06:05:52.909652363Z"}
{"currency":"GBP","http.req.id":"b83d5b65-179f-4b16-a39e-d756816c420c","http.req.method":"GET","http.req.path":"/","message":"home","session":"3e105862-e07a-48bd-9f67-033f05224f8f","severity":"info","timestamp":"2026-03-06T06:05:52.909760984Z"}
env platform is either empty or invalid
{"http.req.id":"cd6832d5-7407-41f0-a8f3-bdde3acf5e9a","http.req.method":"GET","http.req.path":"/_healthz","message":"request started","session":"x-readiness-probe","severity":"debug","timestamp":"2026-03-06T06:05:52.975210059Z"}
{"http.req.id":"cd6832d5-7407-41f0-a8f3-bdde3acf5e9a","http.req.method":"GET","http.req.path":"/_healthz","http.resp.bytes":2,"http.resp.status":200,"http.resp.took_ms":0,"message":"request complete","session":"x-readiness-probe","severity":"debug","timestamp":"2026-03-06T06:05:52.975316458Z"}
{"http.req.id":"b83d5b65-179f-4b16-a39e-d756816c420c","http.req.method":"GET","http.req.path":"/","message":"ENV_PLATFORM is: local","session":"3e105862-e07a-48bd-9f67-033f05224f8f","severity":"debug","timestamp":"2026-03-06T06:05:53.089227851Z"}
{"http.req.id":"b83d5b65-179f-4b16-a39e-d756816c420c","http.req.method":"GET","http.req.path":"/","http.resp.bytes":10598,"http.resp.status":200,"http.resp.took_ms":182,"message":"request complete","session":"3e105862-e07a-48bd-9f67-033f05224f8f","severity":"debug","timestamp":"2026-03-06T06:05:53.091930422Z"}
{"http.req.id":"713afe06-4046-416f-aea0-61d69ff3b0fa","http.req.method":"GET","http.req.path":"/product/L9ECAV7KIM","message":"request started","session":"b1a1fb98-93d6-41f8-9605-e0c8a82d1d3c","severity":"debug","timestamp":"2026-03-06T06:05:53.309863434Z"}
{"currency":"USD","http.req.id":"713afe06-4046-416f-aea0-61d69ff3b0fa","http.req.method":"GET","http.req.path":"/product/L9ECAV7KIM","id":"L9ECAV7KIM","message":"serving product page","session":"b1a1fb98-93d6-41f8-9605-e0c8a82d1d3c","severity":"debug","timestamp":"2026-03-06T06:05:53.30993384Z"}
{"http.req.id":"713afe06-4046-416f-aea0-61d69ff3b0fa","http.req.method":"GET","http.req.path":"/product/L9ECAV7KIM","http.resp.bytes":8060,"http.resp.status":200,"http.resp.took_ms":11,"message":"request complete","session":"b1a1fb98-93d6-41f8-9605-e0c8a82d1d3c","severity":"debug","timestamp":"2026-03-06T06:05:53.32112201Z"}
{"http.req.id":"99a9c07b-bb13-4d1e-bb1a-36f75b661081","http.req.method":"POST","http.req.path":"/cart","message":"request started","session":"b1a1fb98-93d6-41f8-9605-e0c8a82d1d3c","severity":"debug","timestamp":"2026-03-06T06:05:53.321834027Z"}
{"http.req.id":"99a9c07b-bb13-4d1e-bb1a-36f75b661081","http.req.method":"POST","http.req.path":"/cart","message":"adding to cart","product":"L9ECAV7KIM","quantity":2,"session":"b1a1fb98-93d6-41f8-9605-e0c8a82d1d3c","severity":"debug","timestamp":"2026-03-06T06:05:53.32194095Z"}
{"http.req.id":"99a9c07b-bb13-4d1e-bb1a-36f75b661081","http.req.method":"POST","http.req.path":"/cart","http.resp.bytes":0,"http.resp.status":302,"http.resp.took_ms":1,"message":"request complete","session":"b1a1fb98-93d6-41f8-9605-e0c8a82d1d3c","severity":"debug","timestamp":"2026-03-06T06:05:53.323731236Z"}
{"http.req.id":"67896b6e-40d5-4556-9a59-5f8a97d8241b","http.req.method":"GET","http.req.path":"/cart","message":"request started","session":"b1a1fb98-93d6-41f8-9605-e0c8a82d1d3c","severity":"debug","timestamp":"2026-03-06T06:05:53.324392319Z"}
{"http.req.id":"67896b6e-40d5-4556-9a59-5f8a97d8241b","http.req.method":"GET","http.req.path":"/cart","message":"view user cart","session":"b1a1fb98-93d6-41f8-9605-e0c8a82d1d3c","severity":"debug","timestamp":"2026-03-06T06:05:53.324441074Z"}
{"http.req.id":"67896b6e-40d5-4556-9a59-5f8a97d8241b","http.req.method":"GET","http.req.path":"/cart","http.resp.bytes":17896,"http.resp.status":200,"http.resp.took_ms":14,"message":"request complete","session":"b1a1fb98-93d6-41f8-9605-e0c8a82d1d3c","severity":"debug","timestamp":"2026-03-06T06:05:53.338523382Z"}
{"http.req.id":"2dd32dcf-3d9f-4eb3-979e-fe0b579c2783","http.req.method":"GET","http.req.path":"/product/LS4PSXUNUM","message":"request started","session":"6e21104e-b0bf-4a85-b5c2-ac5af92fa69e","severity":"debug","timestamp":"2026-03-06T06:05:53.647976367Z"}
{"currency":"EUR","http.req.id":"2dd32dcf-3d9f-4eb3-979e-fe0b579c2783","http.req.method":"GET","http.req.path":"/product/LS4PSXUNUM","id":"LS4PSXUNUM","message":"serving product page","session":"6e21104e-b0bf-4a85-b5c2-ac5af92fa69e","severity":"debug","timestamp":"2026-03-06T06:05:53.648044761Z"}
{"http.req.id":"2dd32dcf-3d9f-4eb3-979e-fe0b579c2783","http.req.method":"GET","http.req.path":"/product/LS4PSXUNUM","http.resp.bytes":8063,"http.resp.status":200,"http.resp.took_ms":11,"message":"request complete","session":"6e21104e-b0bf-4a85-b5c2-ac5af92fa69e","severity":"debug","timestamp":"2026-03-06T06:05:53.65950602Z"}
{"http.req.id":"0eadf2c3-dab0-4a12-9c38-69b07617023e","http.req.method":"GET","http.req.path":"/product/2ZYFJ3GM2N","message":"request started","session":"89995d91-ad5c-4838-8317-c04497a5d805","severity":"debug","timestamp":"2026-03-06T06:05:55.345385275Z"}
{"currency":"GBP","http.req.id":"0eadf2c3-dab0-4a12-9c38-69b07617023e","http.req.method":"GET","http.req.path":"/product/2ZYFJ3GM2N","id":"2ZYFJ3GM2N","message":"serving product page","session":"89995d91-ad5c-4838-8317-c04497a5d805","severity":"debug","timestamp":"2026-03-06T06:05:55.345477092Z"}
{"http.req.id":"0eadf2c3-dab0-4a12-9c38-69b07617023e","http.req.method":"GET","http.req.path":"/product/2ZYFJ3GM2N","http.resp.bytes":8082,"http.resp.status":200,"http.resp.took_ms":12,"message":"request complete","session":"89995d91-ad5c-4838-8317-c04497a5d805","severity":"debug","timestamp":"2026-03-06T06:05:55.357793726Z"}
{"http.req.id":"2d686697-9f99-40ff-9cd0-8366c0a6de58","http.req.method":"POST","http.req.path":"/cart","message":"request started","session":"89995d91-ad5c-4838-8317-c04497a5d805","severity":"debug","timestamp":"2026-03-06T06:05:55.358466053Z"}
{"http.req.id":"2d686697-9f99-40ff-9cd0-8366c0a6de58","http.req.method":"POST","http.req.path":"/cart","message":"adding to cart","product":"2ZYFJ3GM2N","quantity":5,"session":"89995d91-ad5c-4838-8317-c04497a5d805","severity":"debug","timestamp":"2026-03-06T06:05:55.358562858Z"}
{"http.req.id":"2d686697-9f99-40ff-9cd0-8366c0a6de58","http.req.method":"POST","http.req.path":"/cart","http.resp.bytes":0,"http.resp.status":302,"http.resp.took_ms":2,"message":"request complete","session":"89995d91-ad5c-4838-8317-c04497a5d805","severity":"debug","timestamp":"2026-03-06T06:05:55.360791121Z"}
{"http.req.id":"959a1d67-f9d1-4e28-8fba-2216bd854266","http.req.method":"GET","http.req.path":"/cart","message":"request started","session":"89995d91-ad5c-4838-8317-c04497a5d805","severity":"debug","timestamp":"2026-03-06T06:05:55.362245665Z"}
{"http.req.id":"959a1d67-f9d1-4e28-8fba-2216bd854266","http.req.method":"GET","http.req.path":"/cart","message":"view user cart","session":"89995d91-ad5c-4838-8317-c04497a5d805","severity":"debug","timestamp":"2026-03-06T06:05:55.362300179Z"}
{"http.req.id":"959a1d67-f9d1-4e28-8fba-2216bd854266","http.req.method":"GET","http.req.path":"/cart","http.resp.bytes":19329,"http.resp.status":200,"http.resp.took_ms":13,"message":"request complete","session":"89995d91-ad5c-4838-8317-c04497a5d805","severity":"debug","timestamp":"2026-03-06T06:05:55.375883817Z"}
{"http.req.id":"aa3e9a24-c0e6-429f-a0d4-4a10f2c01113","http.req.method":"POST","http.req.path":"/cart/checkout","message":"request started","session":"89995d91-ad5c-4838-8317-c04497a5d805","severity":"debug","timestamp":"2026-03-06T06:05:55.377099137Z"}
{"http.req.id":"aa3e9a24-c0e6-429f-a0d4-4a10f2c01113","http.req.method":"POST","http.req.path":"/cart/checkout","message":"placing order","session":"89995d91-ad5c-4838-8317-c04497a5d805","severity":"debug","timestamp":"2026-03-06T06:05:55.377147262Z"}
{"http.req.id":"aa3e9a24-c0e6-429f-a0d4-4a10f2c01113","http.req.method":"POST","http.req.path":"/cart/checkout","message":"order placed","order":"89a0888f-1922-11f1-af47-fabc357e427c","session":"89995d91-ad5c-4838-8317-c04497a5d805","severity":"info","timestamp":"2026-03-06T06:05:55.390997512Z"}
{"http.req.id":"aa3e9a24-c0e6-429f-a0d4-4a10f2c01113","http.req.method":"POST","http.req.path":"/cart/checkout","http.resp.bytes":6798,"http.resp.status":200,"http.resp.took_ms":32,"message":"request complete","session":"89995d91-ad5c-4838-8317-c04497a5d805","severity":"debug","timestamp":"2026-03-06T06:05:55.409655327Z"}
{"http.req.id":"6664ab3d-6323-4e35-8ab9-4804bcbbed24","http.req.method":"GET","http.req.path":"/product/OLJCESPC7Z","message":"request started","session":"ec0b6821-5225-4ee8-8ec0-1e3bbbdffabb","severity":"debug","timestamp":"2026-03-06T06:05:55.869392788Z"}
{"currency":"TRY","http.req.id":"6664ab3d-6323-4e35-8ab9-4804bcbbed24","http.req.method":"GET","http.req.path":"/product/OLJCESPC7Z","id":"OLJCESPC7Z","message":"serving product page","session":"ec0b6821-5225-4ee8-8ec0-1e3bbbdffabb","severity":"debug","timestamp":"2026-03-06T06:05:55.869454423Z"}
{"http.req.id":"6664ab3d-6323-4e35-8ab9-4804bcbbed24","http.req.method":"GET","http.req.path":"/product/OLJCESPC7Z","http.resp.bytes":8090,"http.resp.status":200,"http.resp.took_ms":11,"message":"request complete","session":"ec0b6821-5225-4ee8-8ec0-1e3bbbdffabb","severity":"debug","timestamp":"2026-03-06T06:05:55.881372763Z"}
{"http.req.id":"740b7031-2d08-42ea-a399-cc4c93a8d8d3","http.req.method":"GET","http.req.path":"/product/1YMWWN1N4O","message":"request started","session":"eed418e8-7ab1-4992-b9a1-40aeb0d3dc43","severity":"debug","timestamp":"2026-03-06T06:05:55.902547585Z"}
{"currency":"TRY","http.req.id":"740b7031-2d08-42ea-a399-cc4c93a8d8d3","http.req.method":"GET","http.req.path":"/product/1YMWWN1N4O","id":"1YMWWN1N4O","message":"serving product page","session":"eed418e8-7ab1-4992-b9a1-40aeb0d3dc43","severity":"debug","timestamp":"2026-03-06T06:05:55.902609981Z"}
{"http.req.id":"740b7031-2d08-42ea-a399-cc4c93a8d8d3","http.req.method":"GET","http.req.path":"/product/1YMWWN1N4O","http.resp.bytes":8036,"http.resp.status":200,"http.resp.took_ms":12,"message":"request complete","session":"eed418e8-7ab1-4992-b9a1-40aeb0d3dc43","severity":"debug","timestamp":"2026-03-06T06:05:55.914848902Z"}
{"http.req.id":"a9c2eec8-2553-4188-a16d-5746dd35018c","http.req.method":"GET","http.req.path":"/","message":"request started","session":"0994b18b-93e7-4775-a2c5-e29dc0e6d5bb","severity":"debug","timestamp":"2026-03-06T06:05:56.342708626Z"}
{"currency":"TRY","http.req.id":"a9c2eec8-2553-4188-a16d-5746dd35018c","http.req.method":"GET","http.req.path":"/","message":"home","session":"0994b18b-93e7-4775-a2c5-e29dc0e6d5bb","severity":"info","timestamp":"2026-03-06T06:05:56.342771925Z"}
env platform is either empty or invalid
{"http.req.id":"a9c2eec8-2553-4188-a16d-5746dd35018c","http.req.method":"GET","http.req.path":"/","message":"ENV_PLATFORM is: local","session":"0994b18b-93e7-4775-a2c5-e29dc0e6d5bb","severity":"debug","timestamp":"2026-03-06T06:05:56.358911543Z"}
{"http.req.id":"a9c2eec8-2553-4188-a16d-5746dd35018c","http.req.method":"GET","http.req.path":"/","http.resp.bytes":10616,"http.resp.status":200,"http.resp.took_ms":19,"message":"request complete","session":"0994b18b-93e7-4775-a2c5-e29dc0e6d5bb","severity":"debug","timestamp":"2026-03-06T06:05:56.36211331Z"}
{"http.req.id":"9caf5176-6f59-4222-938e-5f92a8f8112a","http.req.method":"GET","http.req.path":"/cart","message":"request started","session":"f9734e3a-0615-43dc-908b-1b8be30715f4","severity":"debug","timestamp":"2026-03-06T06:05:56.507829217Z"}
{"http.req.id":"9caf5176-6f59-4222-938e-5f92a8f8112a","http.req.method":"GET","http.req.path":"/cart","message":"view user cart","session":"f9734e3a-0615-43dc-908b-1b8be30715f4","severity":"debug","timestamp":"2026-03-06T06:05:56.5079188Z"}
{"http.req.id":"9caf5176-6f59-4222-938e-5f92a8f8112a","http.req.method":"GET","http.req.path":"/cart","http.resp.bytes":6915,"http.resp.status":200,"http.resp.took_ms":13,"message":"request complete","session":"f9734e3a-0615-43dc-908b-1b8be30715f4","severity":"debug","timestamp":"2026-03-06T06:05:56.521271959Z"}
{"http.req.id":"fe3e6342-0dc9-4f6e-9e97-014da7f17124","http.req.method":"GET","http.req.path":"/product/1YMWWN1N4O","message":"request started","session":"6e21104e-b0bf-4a85-b5c2-ac5af92fa69e","severity":"debug","timestamp":"2026-03-06T06:05:57.290294141Z"}
{"currency":"EUR","http.req.id":"fe3e6342-0dc9-4f6e-9e97-014da7f17124","http.req.method":"GET","http.req.path":"/product/1YMWWN1N4O","id":"1YMWWN1N4O","message":"serving product page","session":"6e21104e-b0bf-4a85-b5c2-ac5af92fa69e","severity":"debug","timestamp":"2026-03-06T06:05:57.290418625Z"}
{"http.req.id":"fe3e6342-0dc9-4f6e-9e97-014da7f17124","http.req.method":"GET","http.req.path":"/product/1YMWWN1N4O","http.resp.bytes":8103,"http.resp.status":200,"http.resp.took_ms":15,"message":"request complete","session":"6e21104e-b0bf-4a85-b5c2-ac5af92fa69e","severity":"debug","timestamp":"2026-03-06T06:05:57.306106237Z"}
{"http.req.id":"45bd1427-493c-42a4-873a-3d4442a29741","http.req.method":"GET","http.req.path":"/product/6E92ZMYYFZ","message":"request started","session":"d7d3227d-0824-4f40-a472-c039f0192426","severity":"debug","timestamp":"2026-03-06T06:05:58.562675995Z"}
{"currency":"JPY","http.req.id":"45bd1427-493c-42a4-873a-3d4442a29741","http.req.method":"GET","http.req.path":"/product/6E92ZMYYFZ","id":"6E92ZMYYFZ","message":"serving product page","session":"d7d3227d-0824-4f40-a472-c039f0192426","severity":"debug","timestamp":"2026-03-06T06:05:58.562724539Z"}
{"http.req.id":"45bd1427-493c-42a4-873a-3d4442a29741","http.req.method":"GET","http.req.path":"/product/6E92ZMYYFZ","http.resp.bytes":8036,"http.resp.status":200,"http.resp.took_ms":12,"message":"request complete","session":"d7d3227d-0824-4f40-a472-c039f0192426","severity":"debug","timestamp":"2026-03-06T06:05:58.575067233Z"}
{"http.req.id":"99d4ed81-79bd-443d-a8c2-a04977965743","http.req.method":"GET","http.req.path":"/_healthz","message":"request started","session":"x-liveness-probe","severity":"debug","timestamp":"2026-03-06T06:06:00.246861092Z"}
{"http.req.id":"99d4ed81-79bd-443d-a8c2-a04977965743","http.req.method":"GET","http.req.path":"/_healthz","http.resp.bytes":2,"http.resp.status":200,"http.resp.took_ms":0,"message":"request complete","session":"x-liveness-probe","severity":"debug","timestamp":"2026-03-06T06:06:00.246952172Z"}
{"http.req.id":"5230513f-6832-461f-b668-038b97496bb8","http.req.method":"GET","http.req.path":"/product/2ZYFJ3GM2N","message":"request started","session":"89995d91-ad5c-4838-8317-c04497a5d805","severity":"debug","timestamp":"2026-03-06T06:06:00.410381657Z"}
{"currency":"GBP","http.req.id":"5230513f-6832-461f-b668-038b97496bb8","http.req.method":"GET","http.req.path":"/product/2ZYFJ3GM2N","id":"2ZYFJ3GM2N","message":"serving product page","session":"89995d91-ad5c-4838-8317-c04497a5d805","severity":"debug","timestamp":"2026-03-06T06:06:00.410495673Z"}
{"http.req.id":"5230513f-6832-461f-b668-038b97496bb8","http.req.method":"GET","http.req.path":"/product/2ZYFJ3GM2N","http.resp.bytes":7960,"http.resp.status":200,"http.resp.took_ms":19,"message":"request complete","session":"89995d91-ad5c-4838-8317-c04497a5d805","severity":"debug","timestamp":"2026-03-06T06:06:00.430251741Z"}
{"http.req.id":"a147cd77-a324-4a05-8ae3-708a5491ba0a","http.req.method":"POST","http.req.path":"/cart","message":"request started","session":"89995d91-ad5c-4838-8317-c04497a5d805","severity":"debug","timestamp":"2026-03-06T06:06:00.43110889Z"}
{"http.req.id":"a147cd77-a324-4a05-8ae3-708a5491ba0a","http.req.method":"POST","http.req.path":"/cart","message":"adding to cart","product":"2ZYFJ3GM2N","quantity":10,"session":"89995d91-ad5c-4838-8317-c04497a5d805","severity":"debug","timestamp":"2026-03-06T06:06:00.431224334Z"}
{"http.req.id":"a147cd77-a324-4a05-8ae3-708a5491ba0a","http.req.method":"POST","http.req.path":"/cart","http.resp.bytes":0,"http.resp.status":302,"http.resp.took_ms":2,"message":"request complete","session":"89995d91-ad5c-4838-8317-c04497a5d805","severity":"debug","timestamp":"2026-03-06T06:06:00.433872235Z"}
{"http.req.id":"5c3414b8-53c2-44af-b941-9709d25753d5","http.req.method":"GET","http.req.path":"/cart","message":"request started","session":"89995d91-ad5c-4838-8317-c04497a5d805","severity":"debug","timestamp":"2026-03-06T06:06:00.434701436Z"}
{"http.req.id":"5c3414b8-53c2-44af-b941-9709d25753d5","http.req.method":"GET","http.req.path":"/cart","message":"view user cart","session":"89995d91-ad5c-4838-8317-c04497a5d805","severity":"debug","timestamp":"2026-03-06T06:06:00.434769323Z"}
{"http.req.id":"5c3414b8-53c2-44af-b941-9709d25753d5","http.req.method":"GET","http.req.path":"/cart","http.resp.bytes":16480,"http.resp.status":200,"http.resp.took_ms":16,"message":"request complete","session":"89995d91-ad5c-4838-8317-c04497a5d805","severity":"debug","timestamp":"2026-03-06T06:06:00.451406843Z"}
{"http.req.id":"a195eb06-03e3-40ae-825a-6985339c1375","http.req.method":"GET","http.req.path":"/cart","message":"request started","session":"b1a1fb98-93d6-41f8-9605-e0c8a82d1d3c","severity":"debug","timestamp":"2026-03-06T06:06:01.093692398Z"}
{"http.req.id":"a195eb06-03e3-40ae-825a-6985339c1375","http.req.method":"GET","http.req.path":"/cart","message":"view user cart","session":"b1a1fb98-93d6-41f8-9605-e0c8a82d1d3c","severity":"debug","timestamp":"2026-03-06T06:06:01.093768069Z"}
{"http.req.id":"a195eb06-03e3-40ae-825a-6985339c1375","http.req.method":"GET","http.req.path":"/cart","http.resp.bytes":17892,"http.resp.status":200,"http.resp.took_ms":33,"message":"request complete","session":"b1a1fb98-93d6-41f8-9605-e0c8a82d1d3c","severity":"debug","timestamp":"2026-03-06T06:06:01.126800042Z"}
{"http.req.id":"79bcc4c7-f33e-4258-85f8-70832bdc30aa","http.req.method":"GET","http.req.path":"/product/2ZYFJ3GM2N","message":"request started","session":"3e105862-e07a-48bd-9f67-033f05224f8f","severity":"debug","timestamp":"2026-03-06T06:06:01.901491936Z"}
{"currency":"GBP","http.req.id":"79bcc4c7-f33e-4258-85f8-70832bdc30aa","http.req.method":"GET","http.req.path":"/product/2ZYFJ3GM2N","id":"2ZYFJ3GM2N","message":"serving product page","session":"3e105862-e07a-48bd-9f67-033f05224f8f","severity":"debug","timestamp":"2026-03-06T06:06:01.901575456Z"}
{"http.req.id":"79bcc4c7-f33e-4258-85f8-70832bdc30aa","http.req.method":"GET","http.req.path":"/product/2ZYFJ3GM2N","http.resp.bytes":8070,"http.resp.status":200,"http.resp.took_ms":16,"message":"request complete","session":"3e105862-e07a-48bd-9f67-033f05224f8f","severity":"debug","timestamp":"2026-03-06T06:06:01.918194654Z"}
