{"http.req.id":"4880e73f-3908-46e4-b42f-535f4ce41618","http.req.method":"GET","http.req.path":"/cart","message":"request started","session":"ecb080bf-5333-403f-9547-c8725d499228","severity":"debug","timestamp":"2026-03-25T12:10:13.544864249Z"}
{"http.req.id":"4880e73f-3908-46e4-b42f-535f4ce41618","http.req.method":"GET","http.req.path":"/cart","message":"view user cart","session":"ecb080bf-5333-403f-9547-c8725d499228","severity":"debug","timestamp":"2026-03-25T12:10:13.54496147Z"}
{"http.req.id":"4880e73f-3908-46e4-b42f-535f4ce41618","http.req.method":"GET","http.req.path":"/cart","http.resp.bytes":19251,"http.resp.status":200,"http.resp.took_ms":108,"message":"request complete","session":"ecb080bf-5333-403f-9547-c8725d499228","severity":"debug","timestamp":"2026-03-25T12:10:13.653804146Z"}
{"http.req.id":"caf8a4a4-c78b-4141-bd1b-0fa9710a9b1c","http.req.method":"GET","http.req.path":"/product/L9ECAV7KIM","message":"request started","session":"827eab86-1aba-4a15-8740-5fee5900d10f","severity":"debug","timestamp":"2026-03-25T12:10:13.699494664Z"}
{"currency":"JPY","http.req.id":"caf8a4a4-c78b-4141-bd1b-0fa9710a9b1c","http.req.method":"GET","http.req.path":"/product/L9ECAV7KIM","id":"L9ECAV7KIM","message":"serving product page","session":"827eab86-1aba-4a15-8740-5fee5900d10f","severity":"debug","timestamp":"2026-03-25T12:10:13.699573745Z"}
{"http.req.id":"caf8a4a4-c78b-4141-bd1b-0fa9710a9b1c","http.req.method":"GET","http.req.path":"/product/L9ECAV7KIM","http.resp.bytes":7976,"http.resp.status":200,"http.resp.took_ms":56,"message":"request complete","session":"827eab86-1aba-4a15-8740-5fee5900d10f","severity":"debug","timestamp":"2026-03-25T12:10:13.755898567Z"}
{"http.req.id":"0474f613-7821-42ac-9ead-fa16858fc5e6","http.req.method":"GET","http.req.path":"/product/6E92ZMYYFZ","message":"request started","session":"32217267-98ca-4d66-9fc8-3f088b8def0f","severity":"debug","timestamp":"2026-03-25T12:10:13.995949897Z"}
{"currency":"EUR","http.req.id":"0474f613-7821-42ac-9ead-fa16858fc5e6","http.req.method":"GET","http.req.path":"/product/6E92ZMYYFZ","id":"6E92ZMYYFZ","message":"serving product page","session":"32217267-98ca-4d66-9fc8-3f088b8def0f","severity":"debug","timestamp":"2026-03-25T12:10:13.99608551Z"}
{"http.req.id":"0474f613-7821-42ac-9ead-fa16858fc5e6","http.req.method":"GET","http.req.path":"/product/6E92ZMYYFZ","http.resp.bytes":7937,"http.resp.status":200,"http.resp.took_ms":16,"message":"request complete","session":"32217267-98ca-4d66-9fc8-3f088b8def0f","severity":"debug","timestamp":"2026-03-25T12:10:14.012573921Z"}
{"http.req.id":"87ef90ec-6fd1-4d19-8ef1-171147f90f5a","http.req.method":"GET","http.req.path":"/_healthz","message":"request started","session":"x-readiness-probe","severity":"debug","timestamp":"2026-03-25T12:10:14.162728536Z"}
{"http.req.id":"87ef90ec-6fd1-4d19-8ef1-171147f90f5a","http.req.method":"GET","http.req.path":"/_healthz","http.resp.bytes":2,"http.resp.status":200,"http.resp.took_ms":0,"message":"request complete","session":"x-readiness-probe","severity":"debug","timestamp":"2026-03-25T12:10:14.162868499Z"}
{"http.req.id":"4aaec46d-3a38-4b35-8a4c-7557a19187fe","http.req.method":"GET","http.req.path":"/product/9SIQT8TOJO","message":"request started","session":"fcb2831f-0627-4791-ac1d-23821dc5b140","severity":"debug","timestamp":"2026-03-25T12:10:14.212405449Z"}
{"currency":"EUR","http.req.id":"4aaec46d-3a38-4b35-8a4c-7557a19187fe","http.req.method":"GET","http.req.path":"/product/9SIQT8TOJO","id":"9SIQT8TOJO","message":"serving product page","session":"fcb2831f-0627-4791-ac1d-23821dc5b140","severity":"debug","timestamp":"2026-03-25T12:10:14.212507045Z"}
{"http.req.id":"4aaec46d-3a38-4b35-8a4c-7557a19187fe","http.req.method":"GET","http.req.path":"/product/9SIQT8TOJO","http.resp.bytes":8034,"http.resp.status":200,"http.resp.took_ms":16,"message":"request complete","session":"fcb2831f-0627-4791-ac1d-23821dc5b140","severity":"debug","timestamp":"2026-03-25T12:10:14.22877644Z"}
{"http.req.id":"aca81a48-1a4c-4923-9a3e-e9c995b5c80c","http.req.method":"GET","http.req.path":"/product/6E92ZMYYFZ","message":"request started","session":"694745d8-a179-4c65-83d6-9ed873a7b94b","severity":"debug","timestamp":"2026-03-25T12:10:14.684972255Z"}
{"currency":"CAD","http.req.id":"aca81a48-1a4c-4923-9a3e-e9c995b5c80c","http.req.method":"GET","http.req.path":"/product/6E92ZMYYFZ","id":"6E92ZMYYFZ","message":"serving product page","session":"694745d8-a179-4c65-83d6-9ed873a7b94b","severity":"debug","timestamp":"2026-03-25T12:10:14.685082925Z"}
{"http.req.id":"aca81a48-1a4c-4923-9a3e-e9c995b5c80c","http.req.method":"GET","http.req.path":"/product/6E92ZMYYFZ","http.resp.bytes":7965,"http.resp.status":200,"http.resp.took_ms":17,"message":"request complete","session":"694745d8-a179-4c65-83d6-9ed873a7b94b","severity":"debug","timestamp":"2026-03-25T12:10:14.702923134Z"}
{"http.req.id":"4422b5a9-7a02-437c-b4b1-4d407239139e","http.req.method":"POST","http.req.path":"/cart","message":"request started","session":"694745d8-a179-4c65-83d6-9ed873a7b94b","severity":"debug","timestamp":"2026-03-25T12:10:14.703928685Z"}
{"http.req.id":"4422b5a9-7a02-437c-b4b1-4d407239139e","http.req.method":"POST","http.req.path":"/cart","message":"adding to cart","product":"6E92ZMYYFZ","quantity":1,"session":"694745d8-a179-4c65-83d6-9ed873a7b94b","severity":"debug","timestamp":"2026-03-25T12:10:14.704176026Z"}
{"http.req.id":"4422b5a9-7a02-437c-b4b1-4d407239139e","http.req.method":"POST","http.req.path":"/cart","http.resp.bytes":0,"http.resp.status":302,"http.resp.took_ms":4,"message":"request complete","session":"694745d8-a179-4c65-83d6-9ed873a7b94b","severity":"debug","timestamp":"2026-03-25T12:10:14.70837906Z"}
{"http.req.id":"f5f9fc00-879a-47c3-bdcf-7a7d298caac5","http.req.method":"GET","http.req.path":"/cart","message":"request started","session":"694745d8-a179-4c65-83d6-9ed873a7b94b","severity":"debug","timestamp":"2026-03-25T12:10:14.709758569Z"}
{"http.req.id":"f5f9fc00-879a-47c3-bdcf-7a7d298caac5","http.req.method":"GET","http.req.path":"/cart","message":"view user cart","session":"694745d8-a179-4c65-83d6-9ed873a7b94b","severity":"debug","timestamp":"2026-03-25T12:10:14.709846682Z"}
{"http.req.id":"f5f9fc00-879a-47c3-bdcf-7a7d298caac5","http.req.method":"GET","http.req.path":"/cart","http.resp.bytes":16402,"http.resp.status":200,"http.resp.took_ms":42,"message":"request complete","session":"694745d8-a179-4c65-83d6-9ed873a7b94b","severity":"debug","timestamp":"2026-03-25T12:10:14.752413458Z"}
{"http.req.id":"73f6a128-0bd9-4a19-b508-504ef7efea5e","http.req.method":"GET","http.req.path":"/cart","message":"request started","session":"827eab86-1aba-4a15-8740-5fee5900d10f","severity":"debug","timestamp":"2026-03-25T12:10:14.888855047Z"}
{"http.req.id":"73f6a128-0bd9-4a19-b508-504ef7efea5e","http.req.method":"GET","http.req.path":"/cart","message":"view user cart","session":"827eab86-1aba-4a15-8740-5fee5900d10f","severity":"debug","timestamp":"2026-03-25T12:10:14.888939831Z"}
{"http.req.id":"73f6a128-0bd9-4a19-b508-504ef7efea5e","http.req.method":"GET","http.req.path":"/cart","http.resp.bytes":16424,"http.resp.status":200,"http.resp.took_ms":18,"message":"request complete","session":"827eab86-1aba-4a15-8740-5fee5900d10f","severity":"debug","timestamp":"2026-03-25T12:10:14.907052909Z"}
{"http.req.id":"07605ecc-002a-4d86-b8d7-1b2b4f487685","http.req.method":"GET","http.req.path":"/product/L9ECAV7KIM","message":"request started","session":"827eab86-1aba-4a15-8740-5fee5900d10f","severity":"debug","timestamp":"2026-03-25T12:10:16.22973803Z"}
{"currency":"JPY","http.req.id":"07605ecc-002a-4d86-b8d7-1b2b4f487685","http.req.method":"GET","http.req.path":"/product/L9ECAV7KIM","id":"L9ECAV7KIM","message":"serving product page","session":"827eab86-1aba-4a15-8740-5fee5900d10f","severity":"debug","timestamp":"2026-03-25T12:10:16.229841706Z"}
{"http.req.id":"07605ecc-002a-4d86-b8d7-1b2b4f487685","http.req.method":"GET","http.req.path":"/product/L9ECAV7KIM","http.resp.bytes":8000,"http.resp.status":200,"http.resp.took_ms":21,"message":"request complete","session":"827eab86-1aba-4a15-8740-5fee5900d10f","severity":"debug","timestamp":"2026-03-25T12:10:16.250899486Z"}
{"http.req.id":"1d37ba25-6c00-4b9d-892a-e36bbfe27578","http.req.method":"GET","http.req.path":"/product/LS4PSXUNUM","message":"request started","session":"df4ce93a-5d92-40a8-93c2-540bf11bbb4d","severity":"debug","timestamp":"2026-03-25T12:10:16.414004419Z"}
{"currency":"TRY","http.req.id":"1d37ba25-6c00-4b9d-892a-e36bbfe27578","http.req.method":"GET","http.req.path":"/product/LS4PSXUNUM","id":"LS4PSXUNUM","message":"serving product page","session":"df4ce93a-5d92-40a8-93c2-540bf11bbb4d","severity":"debug","timestamp":"2026-03-25T12:10:16.414108884Z"}
{"http.req.id":"1d37ba25-6c00-4b9d-892a-e36bbfe27578","http.req.method":"GET","http.req.path":"/product/LS4PSXUNUM","http.resp.bytes":7912,"http.resp.status":200,"http.resp.took_ms":21,"message":"request complete","session":"df4ce93a-5d92-40a8-93c2-540bf11bbb4d","severity":"debug","timestamp":"2026-03-25T12:10:16.435026213Z"}
{"http.req.id":"25e62d4a-8701-452f-a24e-2a728f7837ee","http.req.method":"GET","http.req.path":"/product/0PUK6V6EV0","message":"request started","session":"ecb080bf-5333-403f-9547-c8725d499228","severity":"debug","timestamp":"2026-03-25T12:10:16.843654932Z"}
{"currency":"EUR","http.req.id":"25e62d4a-8701-452f-a24e-2a728f7837ee","http.req.method":"GET","http.req.path":"/product/0PUK6V6EV0","id":"0PUK6V6EV0","message":"serving product page","session":"ecb080bf-5333-403f-9547-c8725d499228","severity":"debug","timestamp":"2026-03-25T12:10:16.843858396Z"}
{"http.req.id":"25e62d4a-8701-452f-a24e-2a728f7837ee","http.req.method":"GET","http.req.path":"/product/0PUK6V6EV0","http.resp.bytes":8024,"http.resp.status":200,"http.resp.took_ms":25,"message":"request complete","session":"ecb080bf-5333-403f-9547-c8725d499228","severity":"debug","timestamp":"2026-03-25T12:10:16.868869217Z"}
{"http.req.id":"0405e7d6-aaf4-41bc-8c54-704a5f508a2c","http.req.method":"GET","http.req.path":"/product/0PUK6V6EV0","message":"request started","session":"2d3bf3d7-22b5-49c9-8227-12126292f393","severity":"debug","timestamp":"2026-03-25T12:10:16.906956872Z"}
{"currency":"JPY","http.req.id":"0405e7d6-aaf4-41bc-8c54-704a5f508a2c","http.req.method":"GET","http.req.path":"/product/0PUK6V6EV0","id":"0PUK6V6EV0","message":"serving product page","session":"2d3bf3d7-22b5-49c9-8227-12126292f393","severity":"debug","timestamp":"2026-03-25T12:10:16.907079189Z"}
{"http.req.id":"0405e7d6-aaf4-41bc-8c54-704a5f508a2c","http.req.method":"GET","http.req.path":"/product/0PUK6V6EV0","http.resp.bytes":7916,"http.resp.status":200,"http.resp.took_ms":22,"message":"request complete","session":"2d3bf3d7-22b5-49c9-8227-12126292f393","severity":"debug","timestamp":"2026-03-25T12:10:16.928987441Z"}
{"http.req.id":"e8f9dab7-bd17-48a3-a4c3-25b6942fb8ca","http.req.method":"GET","http.req.path":"/product/OLJCESPC7Z","message":"request started","session":"fcb2831f-0627-4791-ac1d-23821dc5b140","severity":"debug","timestamp":"2026-03-25T12:10:17.69475939Z"}
{"currency":"EUR","http.req.id":"e8f9dab7-bd17-48a3-a4c3-25b6942fb8ca","http.req.method":"GET","http.req.path":"/product/OLJCESPC7Z","id":"OLJCESPC7Z","message":"serving product page","session":"fcb2831f-0627-4791-ac1d-23821dc5b140","severity":"debug","timestamp":"2026-03-25T12:10:17.694881411Z"}
{"http.req.id":"e8f9dab7-bd17-48a3-a4c3-25b6942fb8ca","http.req.method":"GET","http.req.path":"/product/OLJCESPC7Z","http.resp.bytes":7995,"http.resp.status":200,"http.resp.took_ms":23,"message":"request complete","session":"fcb2831f-0627-4791-ac1d-23821dc5b140","severity":"debug","timestamp":"2026-03-25T12:10:17.718413094Z"}
{"http.req.id":"69a1ff5d-e626-4bef-b162-579f5f7c4f43","http.req.method":"GET","http.req.path":"/product/L9ECAV7KIM","message":"request started","session":"827eab86-1aba-4a15-8740-5fee5900d10f","severity":"debug","timestamp":"2026-03-25T12:10:17.868102324Z"}
{"currency":"JPY","http.req.id":"69a1ff5d-e626-4bef-b162-579f5f7c4f43","http.req.method":"GET","http.req.path":"/product/L9ECAV7KIM","id":"L9ECAV7KIM","message":"serving product page","session":"827eab86-1aba-4a15-8740-5fee5900d10f","severity":"debug","timestamp":"2026-03-25T12:10:17.868258245Z"}
{"http.req.id":"69a1ff5d-e626-4bef-b162-579f5f7c4f43","http.req.method":"GET","http.req.path":"/product/L9ECAV7KIM","http.resp.bytes":7998,"http.resp.status":200,"http.resp.took_ms":23,"message":"request complete","session":"827eab86-1aba-4a15-8740-5fee5900d10f","severity":"debug","timestamp":"2026-03-25T12:10:17.891189393Z"}
{"http.req.id":"f002bdcb-f37b-4dda-80ed-224243cd77d2","http.req.method":"POST","http.req.path":"/cart","message":"request started","session":"827eab86-1aba-4a15-8740-5fee5900d10f","severity":"debug","timestamp":"2026-03-25T12:10:17.892729274Z"}
{"http.req.id":"f002bdcb-f37b-4dda-80ed-224243cd77d2","http.req.method":"POST","http.req.path":"/cart","message":"adding to cart","product":"L9ECAV7KIM","quantity":8,"session":"827eab86-1aba-4a15-8740-5fee5900d10f","severity":"debug","timestamp":"2026-03-25T12:10:17.892945768Z"}
{"http.req.id":"f002bdcb-f37b-4dda-80ed-224243cd77d2","http.req.method":"POST","http.req.path":"/cart","http.resp.bytes":0,"http.resp.status":302,"http.resp.took_ms":7,"message":"request complete","session":"827eab86-1aba-4a15-8740-5fee5900d10f","severity":"debug","timestamp":"2026-03-25T12:10:17.899743624Z"}
{"http.req.id":"f3e30fca-7215-44bc-90c6-7f9616b28116","http.req.method":"GET","http.req.path":"/cart","message":"request started","session":"827eab86-1aba-4a15-8740-5fee5900d10f","severity":"debug","timestamp":"2026-03-25T12:10:17.90165245Z"}
{"http.req.id":"f3e30fca-7215-44bc-90c6-7f9616b28116","http.req.method":"GET","http.req.path":"/cart","message":"view user cart","session":"827eab86-1aba-4a15-8740-5fee5900d10f","severity":"debug","timestamp":"2026-03-25T12:10:17.901735226Z"}
{"http.req.id":"f3e30fca-7215-44bc-90c6-7f9616b28116","http.req.method":"GET","http.req.path":"/cart","http.resp.bytes":17856,"http.resp.status":200,"http.resp.took_ms":56,"message":"request complete","session":"827eab86-1aba-4a15-8740-5fee5900d10f","severity":"debug","timestamp":"2026-03-25T12:10:17.958017625Z"}
{"http.req.id":"2f723a70-270b-4b58-a851-6a09286a0cf8","http.req.method":"POST","http.req.path":"/cart/checkout","message":"request started","session":"827eab86-1aba-4a15-8740-5fee5900d10f","severity":"debug","timestamp":"2026-03-25T12:10:17.961955606Z"}
{"http.req.id":"2f723a70-270b-4b58-a851-6a09286a0cf8","http.req.method":"POST","http.req.path":"/cart/checkout","message":"placing order","session":"827eab86-1aba-4a15-8740-5fee5900d10f","severity":"debug","timestamp":"2026-03-25T12:10:17.96207584Z"}
{"http.req.id":"2f723a70-270b-4b58-a851-6a09286a0cf8","http.req.method":"POST","http.req.path":"/cart/checkout","message":"order placed","order":"96978a72-2843-11f1-a4a0-927ce8a683d8","session":"827eab86-1aba-4a15-8740-5fee5900d10f","severity":"info","timestamp":"2026-03-25T12:10:17.987481543Z"}
{"http.req.id":"2f723a70-270b-4b58-a851-6a09286a0cf8","http.req.method":"POST","http.req.path":"/cart/checkout","http.resp.bytes":6764,"http.resp.status":200,"http.resp.took_ms":37,"message":"request complete","session":"827eab86-1aba-4a15-8740-5fee5900d10f","severity":"debug","timestamp":"2026-03-25T12:10:17.999266145Z"}
{"http.req.id":"96af3587-dca2-48ff-9b38-61df45150801","http.req.method":"GET","http.req.path":"/cart","message":"request started","session":"514e00c6-206e-4c6e-873f-852b796455de","severity":"debug","timestamp":"2026-03-25T12:10:18.063162072Z"}
{"http.req.id":"96af3587-dca2-48ff-9b38-61df45150801","http.req.method":"GET","http.req.path":"/cart","message":"view user cart","session":"514e00c6-206e-4c6e-873f-852b796455de","severity":"debug","timestamp":"2026-03-25T12:10:18.063268068Z"}
{"http.req.id":"96af3587-dca2-48ff-9b38-61df45150801","http.req.method":"GET","http.req.path":"/cart","http.resp.bytes":16391,"http.resp.status":200,"http.resp.took_ms":24,"message":"request complete","session":"514e00c6-206e-4c6e-873f-852b796455de","severity":"debug","timestamp":"2026-03-25T12:10:18.088103412Z"}
{"http.req.id":"141e3cc3-6f9f-46cc-b726-3fb65a7eef72","http.req.method":"GET","http.req.path":"/product/L9ECAV7KIM","message":"request started","session":"a38c2610-1665-4c93-8051-4c451f5de325","severity":"debug","timestamp":"2026-03-25T12:10:18.510560586Z"}
{"currency":"GBP","http.req.id":"141e3cc3-6f9f-46cc-b726-3fb65a7eef72","http.req.method":"GET","http.req.path":"/product/L9ECAV7KIM","id":"L9ECAV7KIM","message":"serving product page","session":"a38c2610-1665-4c93-8051-4c451f5de325","severity":"debug","timestamp":"2026-03-25T12:10:18.510647547Z"}
{"http.req.id":"141e3cc3-6f9f-46cc-b726-3fb65a7eef72","http.req.method":"GET","http.req.path":"/product/L9ECAV7KIM","http.resp.bytes":7916,"http.resp.status":200,"http.resp.took_ms":22,"message":"request complete","session":"a38c2610-1665-4c93-8051-4c451f5de325","severity":"debug","timestamp":"2026-03-25T12:10:18.533166994Z"}
{"http.req.id":"ffcfc7d1-ce1b-4608-82ad-b79bfbfa1ce1","http.req.method":"POST","http.req.path":"/cart","message":"request started","session":"a38c2610-1665-4c93-8051-4c451f5de325","severity":"debug","timestamp":"2026-03-25T12:10:18.54896842Z"}
{"http.req.id":"ffcfc7d1-ce1b-4608-82ad-b79bfbfa1ce1","http.req.method":"POST","http.req.path":"/cart","message":"adding to cart","product":"L9ECAV7KIM","quantity":4,"session":"a38c2610-1665-4c93-8051-4c451f5de325","severity":"debug","timestamp":"2026-03-25T12:10:18.549176664Z"}
{"http.req.id":"ffcfc7d1-ce1b-4608-82ad-b79bfbfa1ce1","http.req.method":"POST","http.req.path":"/cart","http.resp.bytes":0,"http.resp.status":302,"http.resp.took_ms":5,"message":"request complete","session":"a38c2610-1665-4c93-8051-4c451f5de325","severity":"debug","timestamp":"2026-03-25T12:10:18.554605047Z"}
{"http.req.id":"a2180b30-cea2-4fe2-bb80-1d5175dd010e","http.req.method":"GET","http.req.path":"/cart","message":"request started","session":"a38c2610-1665-4c93-8051-4c451f5de325","severity":"debug","timestamp":"2026-03-25T12:10:18.556292844Z"}
{"http.req.id":"a2180b30-cea2-4fe2-bb80-1d5175dd010e","http.req.method":"GET","http.req.path":"/cart","message":"view user cart","session":"a38c2610-1665-4c93-8051-4c451f5de325","severity":"debug","timestamp":"2026-03-25T12:10:18.556381168Z"}
{"http.req.id":"a2180b30-cea2-4fe2-bb80-1d5175dd010e","http.req.method":"GET","http.req.path":"/cart","http.resp.bytes":16373,"http.resp.status":200,"http.resp.took_ms":29,"message":"request complete","session":"a38c2610-1665-4c93-8051-4c451f5de325","severity":"debug","timestamp":"2026-03-25T12:10:18.58531361Z"}
{"http.req.id":"40f10fc1-57dc-408c-91c7-37b788f94182","http.req.method":"GET","http.req.path":"/product/6E92ZMYYFZ","message":"request started","session":"df4ce93a-5d92-40a8-93c2-540bf11bbb4d","severity":"debug","timestamp":"2026-03-25T12:10:18.990449312Z"}
{"currency":"TRY","http.req.id":"40f10fc1-57dc-408c-91c7-37b788f94182","http.req.method":"GET","http.req.path":"/product/6E92ZMYYFZ","id":"6E92ZMYYFZ","message":"serving product page","session":"df4ce93a-5d92-40a8-93c2-540bf11bbb4d","severity":"debug","timestamp":"2026-03-25T12:10:18.990566119Z"}
{"http.req.id":"40f10fc1-57dc-408c-91c7-37b788f94182","http.req.method":"GET","http.req.path":"/product/6E92ZMYYFZ","http.resp.bytes":7882,"http.resp.status":200,"http.resp.took_ms":157,"message":"request complete","session":"df4ce93a-5d92-40a8-93c2-540bf11bbb4d","severity":"debug","timestamp":"2026-03-25T12:10:19.148318912Z"}
{"http.req.id":"665d0ecf-bef7-433a-94f3-c678ae581136","http.req.method":"GET","http.req.path":"/product/6E92ZMYYFZ","message":"request started","session":"513dd945-739c-4fe3-8e54-6e6927fbb733","severity":"debug","timestamp":"2026-03-25T12:10:19.793681962Z"}
{"currency":"USD","http.req.id":"665d0ecf-bef7-433a-94f3-c678ae581136","http.req.method":"GET","http.req.path":"/product/6E92ZMYYFZ","id":"6E92ZMYYFZ","message":"serving product page","session":"513dd945-739c-4fe3-8e54-6e6927fbb733","severity":"debug","timestamp":"2026-03-25T12:10:19.79378892Z"}
{"http.req.id":"665d0ecf-bef7-433a-94f3-c678ae581136","http.req.method":"GET","http.req.path":"/product/6E92ZMYYFZ","http.resp.bytes":7853,"http.resp.status":200,"http.resp.took_ms":18,"message":"request complete","session":"513dd945-739c-4fe3-8e54-6e6927fbb733","severity":"debug","timestamp":"2026-03-25T12:10:19.812539651Z"}
{"http.req.id":"422fdda8-4a59-4f33-9242-99531318f8d8","http.req.method":"GET","http.req.path":"/product/6E92ZMYYFZ","message":"request started","session":"694745d8-a179-4c65-83d6-9ed873a7b94b","severity":"debug","timestamp":"2026-03-25T12:10:20.313213865Z"}
{"currency":"CAD","http.req.id":"422fdda8-4a59-4f33-9242-99531318f8d8","http.req.method":"GET","http.req.path":"/product/6E92ZMYYFZ","id":"6E92ZMYYFZ","message":"serving product page","session":"694745d8-a179-4c65-83d6-9ed873a7b94b","severity":"debug","timestamp":"2026-03-25T12:10:20.313313376Z"}
{"http.req.id":"422fdda8-4a59-4f33-9242-99531318f8d8","http.req.method":"GET","http.req.path":"/product/6E92ZMYYFZ","http.resp.bytes":7983,"http.resp.status":200,"http.resp.took_ms":18,"message":"request complete","session":"694745d8-a179-4c65-83d6-9ed873a7b94b","severity":"debug","timestamp":"2026-03-25T12:10:20.331802883Z"}
{"http.req.id":"8ed1dd43-7c29-41f0-ab2c-aeba312003c8","http.req.method":"GET","http.req.path":"/product/1YMWWN1N4O","message":"request started","session":"a38c2610-1665-4c93-8051-4c451f5de325","severity":"debug","timestamp":"2026-03-25T12:10:20.412699862Z"}
{"currency":"GBP","http.req.id":"8ed1dd43-7c29-41f0-ab2c-aeba312003c8","http.req.method":"GET","http.req.path":"/product/1YMWWN1N4O","id":"1YMWWN1N4O","message":"serving product page","session":"a38c2610-1665-4c93-8051-4c451f5de325","severity":"debug","timestamp":"2026-03-25T12:10:20.412814761Z"}
{"http.req.id":"8ed1dd43-7c29-41f0-ab2c-aeba312003c8","http.req.method":"GET","http.req.path":"/product/1YMWWN1N4O","http.resp.bytes":8008,"http.resp.status":200,"http.resp.took_ms":19,"message":"request complete","session":"a38c2610-1665-4c93-8051-4c451f5de325","severity":"debug","timestamp":"2026-03-25T12:10:20.432143898Z"}
{"http.req.id":"b93b2160-71a2-473a-9cd0-7283a9d2738d","http.req.method":"GET","http.req.path":"/_healthz","message":"request started","session":"x-liveness-probe","severity":"debug","timestamp":"2026-03-25T12:10:20.757829009Z"}
{"http.req.id":"b93b2160-71a2-473a-9cd0-7283a9d2738d","http.req.method":"GET","http.req.path":"/_healthz","http.resp.bytes":2,"http.resp.status":200,"http.resp.took_ms":0,"message":"request complete","session":"x-liveness-probe","severity":"debug","timestamp":"2026-03-25T12:10:20.757963907Z"}
{"http.req.id":"361df7a2-ea6b-45b9-a837-2d9ffffd86db","http.req.method":"GET","http.req.path":"/","message":"request started","session":"ecb080bf-5333-403f-9547-c8725d499228","severity":"debug","timestamp":"2026-03-25T12:10:21.110392748Z"}
{"currency":"EUR","http.req.id":"361df7a2-ea6b-45b9-a837-2d9ffffd86db","http.req.method":"GET","http.req.path":"/","message":"home","session":"ecb080bf-5333-403f-9547-c8725d499228","severity":"info","timestamp":"2026-03-25T12:10:21.110491483Z"}
env platform is either empty or invalid
{"http.req.id":"361df7a2-ea6b-45b9-a837-2d9ffffd86db","http.req.method":"GET","http.req.path":"/","message":"ENV_PLATFORM is: local","session":"ecb080bf-5333-403f-9547-c8725d499228","severity":"debug","timestamp":"2026-03-25T12:10:21.269753134Z"}
{"http.req.id":"361df7a2-ea6b-45b9-a837-2d9ffffd86db","http.req.method":"GET","http.req.path":"/","http.resp.bytes":10492,"http.resp.status":200,"http.resp.took_ms":163,"message":"request complete","session":"ecb080bf-5333-403f-9547-c8725d499228","severity":"debug","timestamp":"2026-03-25T12:10:21.273558717Z"}
{"http.req.id":"e8037577-9887-4098-bbf3-defed86b37e0","http.req.method":"GET","http.req.path":"/product/OLJCESPC7Z","message":"request started","session":"32217267-98ca-4d66-9fc8-3f088b8def0f","severity":"debug","timestamp":"2026-03-25T12:10:21.369352134Z"}
{"currency":"EUR","http.req.id":"e8037577-9887-4098-bbf3-defed86b37e0","http.req.method":"GET","http.req.path":"/product/OLJCESPC7Z","id":"OLJCESPC7Z","message":"serving product page","session":"32217267-98ca-4d66-9fc8-3f088b8def0f","severity":"debug","timestamp":"2026-03-25T12:10:21.369470894Z"}
{"http.req.id":"e8037577-9887-4098-bbf3-defed86b37e0","http.req.method":"GET","http.req.path":"/product/OLJCESPC7Z","http.resp.bytes":8013,"http.resp.status":200,"http.resp.took_ms":23,"message":"request complete","session":"32217267-98ca-4d66-9fc8-3f088b8def0f","severity":"debug","timestamp":"2026-03-25T12:10:21.39275886Z"}
{"http.req.id":"c8fbf687-4f22-4259-828d-06c87301d7c9","http.req.method":"POST","http.req.path":"/cart","message":"request started","session":"32217267-98ca-4d66-9fc8-3f088b8def0f","severity":"debug","timestamp":"2026-03-25T12:10:21.3942713Z"}
{"http.req.id":"c8fbf687-4f22-4259-828d-06c87301d7c9","http.req.method":"POST","http.req.path":"/cart","message":"adding to cart","product":"OLJCESPC7Z","quantity":5,"session":"32217267-98ca-4d66-9fc8-3f088b8def0f","severity":"debug","timestamp":"2026-03-25T12:10:21.394421586Z"}
{"http.req.id":"c8fbf687-4f22-4259-828d-06c87301d7c9","http.req.method":"POST","http.req.path":"/cart","http.resp.bytes":0,"http.resp.status":302,"http.resp.took_ms":3,"message":"request complete","session":"32217267-98ca-4d66-9fc8-3f088b8def0f","severity":"debug","timestamp":"2026-03-25T12:10:21.398167804Z"}
{"http.req.id":"1b20ddca-9122-465d-8a91-29d82f6bb565","http.req.method":"GET","http.req.path":"/cart","message":"request started","session":"32217267-98ca-4d66-9fc8-3f088b8def0f","severity":"debug","timestamp":"2026-03-25T12:10:21.39970511Z"}
{"http.req.id":"1b20ddca-9122-465d-8a91-29d82f6bb565","http.req.method":"GET","http.req.path":"/cart","message":"view user cart","session":"32217267-98ca-4d66-9fc8-3f088b8def0f","severity":"debug","timestamp":"2026-03-25T12:10:21.39977334Z"}
{"http.req.id":"1b20ddca-9122-465d-8a91-29d82f6bb565","http.req.method":"GET","http.req.path":"/cart","http.resp.bytes":20697,"http.resp.status":200,"http.resp.took_ms":64,"message":"request complete","session":"32217267-98ca-4d66-9fc8-3f088b8def0f","severity":"debug","timestamp":"2026-03-25T12:10:21.464257009Z"}
{"http.req.id":"0e917351-f998-4c2b-a804-bae71648d3fd","http.req.method":"GET","http.req.path":"/product/L9ECAV7KIM","message":"request started","session":"fcb2831f-0627-4791-ac1d-23821dc5b140","severity":"debug","timestamp":"2026-03-25T12:10:22.431692301Z"}
{"currency":"EUR","http.req.id":"0e917351-f998-4c2b-a804-bae71648d3fd","http.req.method":"GET","http.req.path":"/product/L9ECAV7KIM","id":"L9ECAV7KIM","message":"serving product page","session":"fcb2831f-0627-4791-ac1d-23821dc5b140","severity":"debug","timestamp":"2026-03-25T12:10:22.431805168Z"}
{"http.req.id":"0e917351-f998-4c2b-a804-bae71648d3fd","http.req.method":"GET","http.req.path":"/product/L9ECAV7KIM","http.resp.bytes":8000,"http.resp.status":200,"http.resp.took_ms":19,"message":"request complete","session":"fcb2831f-0627-4791-ac1d-23821dc5b140","severity":"debug","timestamp":"2026-03-25T12:10:22.451443052Z"}
{"http.req.id":"60c8d833-7a88-4769-84b2-6c3cd942c11c","http.req.method":"GET","http.req.path":"/product/LS4PSXUNUM","message":"request started","session":"32217267-98ca-4d66-9fc8-3f088b8def0f","severity":"debug","timestamp":"2026-03-25T12:10:23.088617249Z"}
{"currency":"EUR","http.req.id":"60c8d833-7a88-4769-84b2-6c3cd942c11c","http.req.method":"GET","http.req.path":"/product/LS4PSXUNUM","id":"LS4PSXUNUM","message":"serving product page","session":"32217267-98ca-4d66-9fc8-3f088b8def0f","severity":"debug","timestamp":"2026-03-25T12:10:23.088708175Z"}
{"http.req.id":"60c8d833-7a88-4769-84b2-6c3cd942c11c","http.req.method":"GET","http.req.path":"/product/LS4PSXUNUM","http.resp.bytes":7979,"http.resp.status":200,"http.resp.took_ms":35,"message":"request complete","session":"32217267-98ca-4d66-9fc8-3f088b8def0f","severity":"debug","timestamp":"2026-03-25T12:10:23.124564527Z"}
