{"message":"order confirmation email sent to \"marcus44@example.com\"","severity":"info","timestamp":"2026-03-25T11:54:13.6100588Z"}
{"message":"[PlaceOrder] user_id=\"ecb080bf-5333-403f-9547-c8725d499228\" user_currency=\"JPY\"","severity":"info","timestamp":"2026-03-25T11:54:17.580011851Z"}
{"message":"payment went through (transaction_id: 18dc4079-c666-4c02-abff-e91f6e1b417e)","severity":"info","timestamp":"2026-03-25T11:54:17.597851387Z"}
{"message":"order confirmation email sent to \"jandrews@example.net\"","severity":"info","timestamp":"2026-03-25T11:54:17.604682258Z"}
{"message":"[PlaceOrder] user_id=\"df4ce93a-5d92-40a8-93c2-540bf11bbb4d\" user_currency=\"USD\"","severity":"info","timestamp":"2026-03-25T11:54:26.786130689Z"}
{"message":"payment went through (transaction_id: 33a0525b-4076-4808-bc1f-928f2d1e931c)","severity":"info","timestamp":"2026-03-25T11:54:26.80746803Z"}
{"message":"order confirmation email sent to \"richardbush@example.com\"","severity":"info","timestamp":"2026-03-25T11:54:26.817058366Z"}
{"message":"[PlaceOrder] user_id=\"514e00c6-206e-4c6e-873f-852b796455de\" user_currency=\"GBP\"","severity":"info","timestamp":"2026-03-25T11:54:32.465916633Z"}
{"message":"payment went through (transaction_id: 2d53b5b1-7a04-48a7-bf45-8164ca3e6b74)","severity":"info","timestamp":"2026-03-25T11:54:32.567156213Z"}
{"message":"order confirmation email sent to \"darlenefuller@example.org\"","severity":"info","timestamp":"2026-03-25T11:54:32.664939195Z"}
{"message":"[PlaceOrder] user_id=\"694745d8-a179-4c65-83d6-9ed873a7b94b\" user_currency=\"EUR\"","severity":"info","timestamp":"2026-03-25T11:55:22.102786595Z"}
{"message":"payment went through (transaction_id: 03396cf9-24c1-4491-be8e-0ea110dc4d1d)","severity":"info","timestamp":"2026-03-25T11:55:22.121532745Z"}
{"message":"order confirmation email sent to \"margarethall@example.net\"","severity":"info","timestamp":"2026-03-25T11:55:22.126511128Z"}
{"message":"[PlaceOrder] user_id=\"514e00c6-206e-4c6e-873f-852b796455de\" user_currency=\"TRY\"","severity":"info","timestamp":"2026-03-25T11:55:34.228338001Z"}
{"message":"payment went through (transaction_id: b3980b2f-7a29-406e-9b0d-91671e8c172a)","severity":"info","timestamp":"2026-03-25T11:55:34.245663787Z"}
{"message":"order confirmation email sent to \"brittanysolis@example.org\"","severity":"info","timestamp":"2026-03-25T11:55:34.250854886Z"}
{"message":"[PlaceOrder] user_id=\"694745d8-a179-4c65-83d6-9ed873a7b94b\" user_currency=\"TRY\"","severity":"info","timestamp":"2026-03-25T11:55:48.123503385Z"}
{"message":"payment went through (transaction_id: b7f533d4-9a2f-40de-a3ba-87d87ab49db9)","severity":"info","timestamp":"2026-03-25T11:55:48.132200277Z"}
{"message":"order confirmation email sent to \"sharon78@example.org\"","severity":"info","timestamp":"2026-03-25T11:55:48.137014452Z"}
{"message":"[PlaceOrder] user_id=\"827eab86-1aba-4a15-8740-5fee5900d10f\" user_currency=\"GBP\"","severity":"info","timestamp":"2026-03-25T11:55:51.963499669Z"}
{"message":"payment went through (transaction_id: 01b76a2e-5c64-48d9-a52d-8da31c167f97)","severity":"info","timestamp":"2026-03-25T11:55:51.978675402Z"}
{"message":"order confirmation email sent to \"fanderson@example.com\"","severity":"info","timestamp":"2026-03-25T11:55:51.98346322Z"}
{"message":"[PlaceOrder] user_id=\"ecb080bf-5333-403f-9547-c8725d499228\" user_currency=\"TRY\"","severity":"info","timestamp":"2026-03-25T11:55:54.753467224Z"}
{"message":"payment went through (transaction_id: c6f1284c-8a90-48ea-8373-a27e47ac4d4b)","severity":"info","timestamp":"2026-03-25T11:55:54.770096131Z"}
{"message":"order confirmation email sent to \"twilson@example.net\"","severity":"info","timestamp":"2026-03-25T11:55:54.775902655Z"}
{"message":"[PlaceOrder] user_id=\"513dd945-739c-4fe3-8e54-6e6927fbb733\" user_currency=\"CAD\"","severity":"info","timestamp":"2026-03-25T11:55:57.432097615Z"}
{"message":"payment went through (transaction_id: b4b82dd9-edff-4e13-a4b5-90ab1b38cfe3)","severity":"info","timestamp":"2026-03-25T11:55:57.528733373Z"}
{"message":"order confirmation email sent to \"alyssa16@example.net\"","severity":"info","timestamp":"2026-03-25T11:55:57.534216348Z"}
{"message":"[PlaceOrder] user_id=\"a38c2610-1665-4c93-8051-4c451f5de325\" user_currency=\"JPY\"","severity":"info","timestamp":"2026-03-25T11:56:12.551160329Z"}
{"message":"payment went through (transaction_id: f88d5c4e-99c7-474b-ada4-54627e0885aa)","severity":"info","timestamp":"2026-03-25T11:56:12.560693776Z"}
{"message":"order confirmation email sent to \"garrettgreen@example.com\"","severity":"info","timestamp":"2026-03-25T11:56:12.56519394Z"}
{"message":"[PlaceOrder] user_id=\"fcb2831f-0627-4791-ac1d-23821dc5b140\" user_currency=\"JPY\"","severity":"info","timestamp":"2026-03-25T11:56:24.205314101Z"}
{"message":"payment went through (transaction_id: 7ecb8526-200b-42ca-851b-e65f702dae54)","severity":"info","timestamp":"2026-03-25T11:56:24.309914369Z"}
{"message":"order confirmation email sent to \"qchavez@example.org\"","severity":"info","timestamp":"2026-03-25T11:56:24.316879963Z"}
{"message":"[PlaceOrder] user_id=\"513dd945-739c-4fe3-8e54-6e6927fbb733\" user_currency=\"GBP\"","severity":"info","timestamp":"2026-03-25T11:56:31.46035114Z"}
{"message":"payment went through (transaction_id: e4e612d7-8de0-4317-bdf4-802fa5e79a90)","severity":"info","timestamp":"2026-03-25T11:56:31.470607545Z"}
{"message":"order confirmation email sent to \"rachelthompson@example.net\"","severity":"info","timestamp":"2026-03-25T11:56:31.474284258Z"}
{"message":"[PlaceOrder] user_id=\"32217267-98ca-4d66-9fc8-3f088b8def0f\" user_currency=\"JPY\"","severity":"info","timestamp":"2026-03-25T11:56:32.10704089Z"}
{"message":"payment went through (transaction_id: 0921cee8-a987-4c20-b821-671630cf7e21)","severity":"info","timestamp":"2026-03-25T11:56:32.13168205Z"}
{"message":"order confirmation email sent to \"thomas98@example.com\"","severity":"info","timestamp":"2026-03-25T11:56:32.135894774Z"}
{"message":"[PlaceOrder] user_id=\"827eab86-1aba-4a15-8740-5fee5900d10f\" user_currency=\"GBP\"","severity":"info","timestamp":"2026-03-25T11:56:51.40548019Z"}
{"message":"payment went through (transaction_id: c8ddd315-c35c-426d-a99e-97a738e61ac3)","severity":"info","timestamp":"2026-03-25T11:56:51.422968386Z"}
{"message":"order confirmation email sent to \"william33@example.com\"","severity":"info","timestamp":"2026-03-25T11:56:51.428021965Z"}
{"message":"[PlaceOrder] user_id=\"a38c2610-1665-4c93-8051-4c451f5de325\" user_currency=\"JPY\"","severity":"info","timestamp":"2026-03-25T11:57:03.108178556Z"}
{"message":"payment went through (transaction_id: e012f660-f88c-45fa-baef-af4c8eb9ac06)","severity":"info","timestamp":"2026-03-25T11:57:03.1162988Z"}
{"message":"order confirmation email sent to \"yharris@example.net\"","severity":"info","timestamp":"2026-03-25T11:57:03.120448476Z"}
{"message":"[PlaceOrder] user_id=\"2d3bf3d7-22b5-49c9-8227-12126292f393\" user_currency=\"GBP\"","severity":"info","timestamp":"2026-03-25T11:57:12.431637788Z"}
{"message":"payment went through (transaction_id: ea76d867-de0a-4ec0-9388-ca20d6ac960f)","severity":"info","timestamp":"2026-03-25T11:57:12.445078971Z"}
{"message":"order confirmation email sent to \"colongabriela@example.net\"","severity":"info","timestamp":"2026-03-25T11:57:12.450923745Z"}
{"message":"[PlaceOrder] user_id=\"2d3bf3d7-22b5-49c9-8227-12126292f393\" user_currency=\"GBP\"","severity":"info","timestamp":"2026-03-25T11:57:20.29711544Z"}
{"message":"payment went through (transaction_id: 517c6c3f-9d0d-444a-9a61-bc5bfa5267b4)","severity":"info","timestamp":"2026-03-25T11:57:20.311476778Z"}
{"message":"order confirmation email sent to \"tiffanymiller@example.net\"","severity":"info","timestamp":"2026-03-25T11:57:20.320053774Z"}
{"message":"[PlaceOrder] user_id=\"df4ce93a-5d92-40a8-93c2-540bf11bbb4d\" user_currency=\"USD\"","severity":"info","timestamp":"2026-03-25T11:57:31.490737979Z"}
{"message":"payment went through (transaction_id: 83c12030-4d7d-4045-b850-0146ce9e18e9)","severity":"info","timestamp":"2026-03-25T11:57:31.518055667Z"}
{"message":"order confirmation email sent to \"leegeorge@example.net\"","severity":"info","timestamp":"2026-03-25T11:57:31.523720396Z"}
{"message":"[PlaceOrder] user_id=\"694745d8-a179-4c65-83d6-9ed873a7b94b\" user_currency=\"USD\"","severity":"info","timestamp":"2026-03-25T11:57:39.49140429Z"}
{"message":"payment went through (transaction_id: a1005524-dfc8-4e77-bf50-ecc6ec4ff756)","severity":"info","timestamp":"2026-03-25T11:57:39.51191753Z"}
{"message":"order confirmation email sent to \"michael74@example.org\"","severity":"info","timestamp":"2026-03-25T11:57:39.520491869Z"}
{"message":"[PlaceOrder] user_id=\"fcb2831f-0627-4791-ac1d-23821dc5b140\" user_currency=\"JPY\"","severity":"info","timestamp":"2026-03-25T11:57:59.751538897Z"}
{"message":"payment went through (transaction_id: e0d08fc2-2e38-4c59-abd0-cf568e6306e1)","severity":"info","timestamp":"2026-03-25T11:57:59.763367104Z"}
{"message":"order confirmation email sent to \"gloria75@example.net\"","severity":"info","timestamp":"2026-03-25T11:57:59.782105019Z"}
{"message":"[PlaceOrder] user_id=\"513dd945-739c-4fe3-8e54-6e6927fbb733\" user_currency=\"TRY\"","severity":"info","timestamp":"2026-03-25T11:58:25.757454182Z"}
{"message":"payment went through (transaction_id: df1a9e36-9904-48c8-a556-a50d6fff38a3)","severity":"info","timestamp":"2026-03-25T11:58:25.769717846Z"}
{"message":"order confirmation email sent to \"stephanie51@example.com\"","severity":"info","timestamp":"2026-03-25T11:58:25.774148694Z"}
{"message":"[PlaceOrder] user_id=\"513dd945-739c-4fe3-8e54-6e6927fbb733\" user_currency=\"TRY\"","severity":"info","timestamp":"2026-03-25T11:58:35.001243622Z"}
{"message":"payment went through (transaction_id: 111c7daf-94ec-42b1-bbfd-3093ad3b0a68)","severity":"info","timestamp":"2026-03-25T11:58:35.093703736Z"}
{"message":"order confirmation email sent to \"velezmichael@example.org\"","severity":"info","timestamp":"2026-03-25T11:58:35.099632628Z"}
{"message":"[PlaceOrder] user_id=\"a38c2610-1665-4c93-8051-4c451f5de325\" user_currency=\"EUR\"","severity":"info","timestamp":"2026-03-25T11:59:01.095363262Z"}
{"message":"payment went through (transaction_id: dd6fd555-57d5-4edb-8d9c-fc60423d8e19)","severity":"info","timestamp":"2026-03-25T11:59:01.182720947Z"}
{"message":"order confirmation email sent to \"meyerconnie@example.net\"","severity":"info","timestamp":"2026-03-25T11:59:01.190424966Z"}
{"message":"[PlaceOrder] user_id=\"513dd945-739c-4fe3-8e54-6e6927fbb733\" user_currency=\"CAD\"","severity":"info","timestamp":"2026-03-25T11:59:10.579288571Z"}
{"message":"payment went through (transaction_id: 9410d690-d4e9-4b26-9540-38208f257d28)","severity":"info","timestamp":"2026-03-25T11:59:10.588659441Z"}
{"message":"order confirmation email sent to \"david01@example.com\"","severity":"info","timestamp":"2026-03-25T11:59:10.594029309Z"}
{"message":"[PlaceOrder] user_id=\"694745d8-a179-4c65-83d6-9ed873a7b94b\" user_currency=\"EUR\"","severity":"info","timestamp":"2026-03-25T11:59:13.588978578Z"}
{"message":"payment went through (transaction_id: 80a01f84-f828-4ccd-90de-6a1979a4bc9c)","severity":"info","timestamp":"2026-03-25T11:59:13.597315607Z"}
{"message":"order confirmation email sent to \"mccannalejandro@example.com\"","severity":"info","timestamp":"2026-03-25T11:59:13.609255147Z"}
{"message":"[PlaceOrder] user_id=\"827eab86-1aba-4a15-8740-5fee5900d10f\" user_currency=\"TRY\"","severity":"info","timestamp":"2026-03-25T11:59:19.483910048Z"}
{"message":"payment went through (transaction_id: 275267da-0385-4ddb-8f85-3d38d710fbcc)","severity":"info","timestamp":"2026-03-25T11:59:19.498965289Z"}
{"message":"order confirmation email sent to \"debrajohnson@example.com\"","severity":"info","timestamp":"2026-03-25T11:59:19.50399786Z"}
{"message":"[PlaceOrder] user_id=\"513dd945-739c-4fe3-8e54-6e6927fbb733\" user_currency=\"CAD\"","severity":"info","timestamp":"2026-03-25T11:59:29.339272736Z"}
{"message":"payment went through (transaction_id: c15817a8-6a68-4ae2-84d1-314213bfa48d)","severity":"info","timestamp":"2026-03-25T11:59:29.352684376Z"}
{"message":"order confirmation email sent to \"jmorales@example.com\"","severity":"info","timestamp":"2026-03-25T11:59:29.35756214Z"}
{"message":"[PlaceOrder] user_id=\"694745d8-a179-4c65-83d6-9ed873a7b94b\" user_currency=\"EUR\"","severity":"info","timestamp":"2026-03-25T11:59:32.045991706Z"}
{"message":"payment went through (transaction_id: 8e0bc705-df0c-4175-b7c6-ed004b74b981)","severity":"info","timestamp":"2026-03-25T11:59:32.05766634Z"}
{"message":"order confirmation email sent to \"mathewssheila@example.org\"","severity":"info","timestamp":"2026-03-25T11:59:32.062211147Z"}
{"message":"[PlaceOrder] user_id=\"513dd945-739c-4fe3-8e54-6e6927fbb733\" user_currency=\"JPY\"","severity":"info","timestamp":"2026-03-25T11:59:49.603359563Z"}
{"message":"payment went through (transaction_id: 62b6fa52-e8b7-4226-abdd-6eb76c3e9967)","severity":"info","timestamp":"2026-03-25T11:59:49.610659401Z"}
{"message":"order confirmation email sent to \"butlervictoria@example.com\"","severity":"info","timestamp":"2026-03-25T11:59:49.614625372Z"}
{"message":"[PlaceOrder] user_id=\"514e00c6-206e-4c6e-873f-852b796455de\" user_currency=\"TRY\"","severity":"info","timestamp":"2026-03-25T12:00:02.541566056Z"}
{"message":"payment went through (transaction_id: 55fdbf6a-2981-42e1-b2d3-a3bb5d706956)","severity":"info","timestamp":"2026-03-25T12:00:02.551698812Z"}
{"message":"order confirmation email sent to \"kennethbrady@example.net\"","severity":"info","timestamp":"2026-03-25T12:00:02.573303999Z"}
{"message":"[PlaceOrder] user_id=\"ecb080bf-5333-403f-9547-c8725d499228\" user_currency=\"JPY\"","severity":"info","timestamp":"2026-03-25T12:00:18.722371403Z"}
{"message":"payment went through (transaction_id: fd7912b0-ef69-4180-8fc9-d3ec9beb7a4b)","severity":"info","timestamp":"2026-03-25T12:00:18.735591111Z"}
{"message":"order confirmation email sent to \"sharondavis@example.com\"","severity":"info","timestamp":"2026-03-25T12:00:18.740194869Z"}
{"message":"[PlaceOrder] user_id=\"513dd945-739c-4fe3-8e54-6e6927fbb733\" user_currency=\"JPY\"","severity":"info","timestamp":"2026-03-25T12:00:29.341983021Z"}
{"message":"payment went through (transaction_id: 820ea835-fa12-44dc-913c-f097810caaf4)","severity":"info","timestamp":"2026-03-25T12:00:29.373129008Z"}
{"message":"order confirmation email sent to \"jasonjuarez@example.org\"","severity":"info","timestamp":"2026-03-25T12:00:29.379248213Z"}
{"message":"[PlaceOrder] user_id=\"514e00c6-206e-4c6e-873f-852b796455de\" user_currency=\"TRY\"","severity":"info","timestamp":"2026-03-25T12:00:32.160579137Z"}
{"message":"payment went through (transaction_id: 6a904522-74cc-49c2-9e4d-63babcb56949)","severity":"info","timestamp":"2026-03-25T12:00:32.16951079Z"}
{"message":"order confirmation email sent to \"millerphillip@example.net\"","severity":"info","timestamp":"2026-03-25T12:00:32.173285511Z"}
