{"http.req.id":"c03a22ec-be2d-49d9-894b-03705abc4cbf","http.req.method":"GET","http.req.path":"/product/2ZYFJ3GM2N","http.resp.bytes":8005,"http.resp.status":200,"http.resp.took_ms":291,"message":"request complete","session":"df4ce93a-5d92-40a8-93c2-540bf11bbb4d","severity":"debug","timestamp":"2026-03-25T12:03:04.985510234Z"}
{"http.req.id":"81dc09ac-3b28-4cbb-beba-1f6e80afa0f3","http.req.method":"POST","http.req.path":"/cart","message":"request started","session":"df4ce93a-5d92-40a8-93c2-540bf11bbb4d","severity":"debug","timestamp":"2026-03-25T12:03:04.987016337Z"}
{"http.req.id":"81dc09ac-3b28-4cbb-beba-1f6e80afa0f3","http.req.method":"POST","http.req.path":"/cart","message":"adding to cart","product":"2ZYFJ3GM2N","quantity":6,"session":"df4ce93a-5d92-40a8-93c2-540bf11bbb4d","severity":"debug","timestamp":"2026-03-25T12:03:04.987195772Z"}
{"http.req.id":"81dc09ac-3b28-4cbb-beba-1f6e80afa0f3","http.req.method":"POST","http.req.path":"/cart","http.resp.bytes":0,"http.resp.status":302,"http.resp.took_ms":4,"message":"request complete","session":"df4ce93a-5d92-40a8-93c2-540bf11bbb4d","severity":"debug","timestamp":"2026-03-25T12:03:04.991391274Z"}
{"http.req.id":"8d16c9fd-1e31-493c-b296-044029706052","http.req.method":"GET","http.req.path":"/cart","message":"request started","session":"df4ce93a-5d92-40a8-93c2-540bf11bbb4d","severity":"debug","timestamp":"2026-03-25T12:03:05.056855619Z"}
{"http.req.id":"8d16c9fd-1e31-493c-b296-044029706052","http.req.method":"GET","http.req.path":"/cart","message":"view user cart","session":"df4ce93a-5d92-40a8-93c2-540bf11bbb4d","severity":"debug","timestamp":"2026-03-25T12:03:05.056906688Z"}
{"http.req.id":"0f028eb3-a789-4fde-8519-9ead924754c1","http.req.method":"GET","http.req.path":"/product/1YMWWN1N4O","message":"request started","session":"fcb2831f-0627-4791-ac1d-23821dc5b140","severity":"debug","timestamp":"2026-03-25T12:03:05.257967644Z"}
{"currency":"USD","http.req.id":"0f028eb3-a789-4fde-8519-9ead924754c1","http.req.method":"GET","http.req.path":"/product/1YMWWN1N4O","id":"1YMWWN1N4O","message":"serving product page","session":"fcb2831f-0627-4791-ac1d-23821dc5b140","severity":"debug","timestamp":"2026-03-25T12:03:05.258045628Z"}
{"http.req.id":"2706a3b5-69ae-47ec-a165-2c7f7131fcb5","http.req.method":"GET","http.req.path":"/product/0PUK6V6EV0","message":"request started","session":"32217267-98ca-4d66-9fc8-3f088b8def0f","severity":"debug","timestamp":"2026-03-25T12:03:05.648275867Z"}
{"currency":"GBP","http.req.id":"2706a3b5-69ae-47ec-a165-2c7f7131fcb5","http.req.method":"GET","http.req.path":"/product/0PUK6V6EV0","id":"0PUK6V6EV0","message":"serving product page","session":"32217267-98ca-4d66-9fc8-3f088b8def0f","severity":"debug","timestamp":"2026-03-25T12:03:05.648369182Z"}
{"http.req.id":"e885391f-6a39-4cb1-983e-294bb931cb00","http.req.method":"GET","http.req.path":"/product/1YMWWN1N4O","message":"request started","session":"694745d8-a179-4c65-83d6-9ed873a7b94b","severity":"debug","timestamp":"2026-03-25T12:03:05.768761135Z"}
{"currency":"JPY","http.req.id":"e885391f-6a39-4cb1-983e-294bb931cb00","http.req.method":"GET","http.req.path":"/product/1YMWWN1N4O","id":"1YMWWN1N4O","message":"serving product page","session":"694745d8-a179-4c65-83d6-9ed873a7b94b","severity":"debug","timestamp":"2026-03-25T12:03:05.769122962Z"}
{"http.req.id":"8d16c9fd-1e31-493c-b296-044029706052","http.req.method":"GET","http.req.path":"/cart","http.resp.bytes":17830,"http.resp.status":200,"http.resp.took_ms":715,"message":"request complete","session":"df4ce93a-5d92-40a8-93c2-540bf11bbb4d","severity":"debug","timestamp":"2026-03-25T12:03:05.771853473Z"}
{"http.req.id":"4f22fbc9-fe1c-444c-b2c9-561e9e312289","http.req.method":"POST","http.req.path":"/cart/checkout","message":"request started","session":"df4ce93a-5d92-40a8-93c2-540bf11bbb4d","severity":"debug","timestamp":"2026-03-25T12:03:05.778811349Z"}
{"http.req.id":"4f22fbc9-fe1c-444c-b2c9-561e9e312289","http.req.method":"POST","http.req.path":"/cart/checkout","message":"placing order","session":"df4ce93a-5d92-40a8-93c2-540bf11bbb4d","severity":"debug","timestamp":"2026-03-25T12:03:05.778910461Z"}
{"http.req.id":"4f22fbc9-fe1c-444c-b2c9-561e9e312289","http.req.method":"POST","http.req.path":"/cart/checkout","message":"order placed","order":"94fd9dfd-2842-11f1-a4a0-927ce8a683d8","session":"df4ce93a-5d92-40a8-93c2-540bf11bbb4d","severity":"info","timestamp":"2026-03-25T12:03:05.800139573Z"}
{"http.req.id":"3eeb92cd-51d7-4bc6-93e2-2e9cc73f3ec6","http.req.method":"GET","http.req.path":"/_healthz","message":"request started","session":"x-liveness-probe","severity":"debug","timestamp":"2026-03-25T12:03:05.862827122Z"}
{"http.req.id":"3eeb92cd-51d7-4bc6-93e2-2e9cc73f3ec6","http.req.method":"GET","http.req.path":"/_healthz","http.resp.bytes":2,"http.resp.status":200,"http.resp.took_ms":0,"message":"request complete","session":"x-liveness-probe","severity":"debug","timestamp":"2026-03-25T12:03:05.862902245Z"}
{"http.req.id":"0f028eb3-a789-4fde-8519-9ead924754c1","http.req.method":"GET","http.req.path":"/product/1YMWWN1N4O","http.resp.bytes":7982,"http.resp.status":200,"http.resp.took_ms":610,"message":"request complete","session":"fcb2831f-0627-4791-ac1d-23821dc5b140","severity":"debug","timestamp":"2026-03-25T12:03:05.8684709Z"}
{"http.req.id":"2706a3b5-69ae-47ec-a165-2c7f7131fcb5","http.req.method":"GET","http.req.path":"/product/0PUK6V6EV0","http.resp.bytes":7926,"http.resp.status":200,"http.resp.took_ms":515,"message":"request complete","session":"32217267-98ca-4d66-9fc8-3f088b8def0f","severity":"debug","timestamp":"2026-03-25T12:03:06.163381605Z"}
{"http.req.id":"43e17261-5e81-4e97-96c4-1e1c055ba914","http.req.method":"GET","http.req.path":"/product/2ZYFJ3GM2N","message":"request started","session":"513dd945-739c-4fe3-8e54-6e6927fbb733","severity":"debug","timestamp":"2026-03-25T12:03:06.387432716Z"}
{"currency":"TRY","http.req.id":"43e17261-5e81-4e97-96c4-1e1c055ba914","http.req.method":"GET","http.req.path":"/product/2ZYFJ3GM2N","id":"2ZYFJ3GM2N","message":"serving product page","session":"513dd945-739c-4fe3-8e54-6e6927fbb733","severity":"debug","timestamp":"2026-03-25T12:03:06.387569283Z"}
{"http.req.id":"e885391f-6a39-4cb1-983e-294bb931cb00","http.req.method":"GET","http.req.path":"/product/1YMWWN1N4O","http.resp.bytes":7930,"http.resp.status":200,"http.resp.took_ms":695,"message":"request complete","session":"694745d8-a179-4c65-83d6-9ed873a7b94b","severity":"debug","timestamp":"2026-03-25T12:03:06.464192239Z"}
{"http.req.id":"4f22fbc9-fe1c-444c-b2c9-561e9e312289","http.req.method":"POST","http.req.path":"/cart/checkout","http.resp.bytes":6770,"http.resp.status":200,"http.resp.took_ms":689,"message":"request complete","session":"df4ce93a-5d92-40a8-93c2-540bf11bbb4d","severity":"debug","timestamp":"2026-03-25T12:03:06.468442454Z"}
{"http.req.id":"43e17261-5e81-4e97-96c4-1e1c055ba914","http.req.method":"GET","http.req.path":"/product/2ZYFJ3GM2N","http.resp.bytes":7991,"http.resp.status":200,"http.resp.took_ms":83,"message":"request complete","session":"513dd945-739c-4fe3-8e54-6e6927fbb733","severity":"debug","timestamp":"2026-03-25T12:03:06.470592211Z"}
{"http.req.id":"5ead02be-8404-4150-9ca2-931741965b82","http.req.method":"GET","http.req.path":"/_healthz","message":"request started","session":"x-readiness-probe","severity":"debug","timestamp":"2026-03-25T12:03:09.116189712Z"}
{"http.req.id":"5ead02be-8404-4150-9ca2-931741965b82","http.req.method":"GET","http.req.path":"/_healthz","http.resp.bytes":2,"http.resp.status":200,"http.resp.took_ms":0,"message":"request complete","session":"x-readiness-probe","severity":"debug","timestamp":"2026-03-25T12:03:09.116377375Z"}
{"http.req.id":"099213c8-417f-4832-a43e-3d21ca12e3b8","http.req.method":"GET","http.req.path":"/product/6E92ZMYYFZ","message":"request started","session":"2d3bf3d7-22b5-49c9-8227-12126292f393","severity":"debug","timestamp":"2026-03-25T12:03:09.162253622Z"}
{"currency":"GBP","http.req.id":"099213c8-417f-4832-a43e-3d21ca12e3b8","http.req.method":"GET","http.req.path":"/product/6E92ZMYYFZ","id":"6E92ZMYYFZ","message":"serving product page","session":"2d3bf3d7-22b5-49c9-8227-12126292f393","severity":"debug","timestamp":"2026-03-25T12:03:09.16245649Z"}
{"http.req.id":"099213c8-417f-4832-a43e-3d21ca12e3b8","http.req.method":"GET","http.req.path":"/product/6E92ZMYYFZ","http.resp.bytes":7937,"http.resp.status":200,"http.resp.took_ms":107,"message":"request complete","session":"2d3bf3d7-22b5-49c9-8227-12126292f393","severity":"debug","timestamp":"2026-03-25T12:03:09.269570931Z"}
{"http.req.id":"f99cd32c-008d-491a-ab7d-3158d29ab8fa","http.req.method":"GET","http.req.path":"/product/L9ECAV7KIM","message":"request started","session":"a38c2610-1665-4c93-8051-4c451f5de325","severity":"debug","timestamp":"2026-03-25T12:03:09.636626782Z"}
{"currency":"TRY","http.req.id":"f99cd32c-008d-491a-ab7d-3158d29ab8fa","http.req.method":"GET","http.req.path":"/product/L9ECAV7KIM","id":"L9ECAV7KIM","message":"serving product page","session":"a38c2610-1665-4c93-8051-4c451f5de325","severity":"debug","timestamp":"2026-03-25T12:03:09.636722457Z"}
{"http.req.id":"f99cd32c-008d-491a-ab7d-3158d29ab8fa","http.req.method":"GET","http.req.path":"/product/L9ECAV7KIM","http.resp.bytes":7996,"http.resp.status":200,"http.resp.took_ms":28,"message":"request complete","session":"a38c2610-1665-4c93-8051-4c451f5de325","severity":"debug","timestamp":"2026-03-25T12:03:09.665406238Z"}
{"http.req.id":"f9a57632-e360-405f-9fc5-47984d0fa94b","http.req.method":"GET","http.req.path":"/cart","message":"request started","session":"ecb080bf-5333-403f-9547-c8725d499228","severity":"debug","timestamp":"2026-03-25T12:03:10.275401948Z"}
{"http.req.id":"f9a57632-e360-405f-9fc5-47984d0fa94b","http.req.method":"GET","http.req.path":"/cart","message":"view user cart","session":"ecb080bf-5333-403f-9547-c8725d499228","severity":"debug","timestamp":"2026-03-25T12:03:10.275518187Z"}
{"http.req.id":"f9a57632-e360-405f-9fc5-47984d0fa94b","http.req.method":"GET","http.req.path":"/cart","http.resp.bytes":20670,"http.resp.status":200,"http.resp.took_ms":101,"message":"request complete","session":"ecb080bf-5333-403f-9547-c8725d499228","severity":"debug","timestamp":"2026-03-25T12:03:10.377211546Z"}
{"http.req.id":"16b7f98b-fa62-4962-9f42-e5001459f63d","http.req.method":"GET","http.req.path":"/product/L9ECAV7KIM","message":"request started","session":"694745d8-a179-4c65-83d6-9ed873a7b94b","severity":"debug","timestamp":"2026-03-25T12:03:10.429014197Z"}
{"currency":"JPY","http.req.id":"16b7f98b-fa62-4962-9f42-e5001459f63d","http.req.method":"GET","http.req.path":"/product/L9ECAV7KIM","id":"L9ECAV7KIM","message":"serving product page","session":"694745d8-a179-4c65-83d6-9ed873a7b94b","severity":"debug","timestamp":"2026-03-25T12:03:10.429185464Z"}
{"http.req.id":"16b7f98b-fa62-4962-9f42-e5001459f63d","http.req.method":"GET","http.req.path":"/product/L9ECAV7KIM","http.resp.bytes":7881,"http.resp.status":200,"http.resp.took_ms":37,"message":"request complete","session":"694745d8-a179-4c65-83d6-9ed873a7b94b","severity":"debug","timestamp":"2026-03-25T12:03:10.466345247Z"}
{"http.req.id":"136b6234-de35-48de-8b26-abef27a984a6","http.req.method":"POST","http.req.path":"/cart","message":"request started","session":"694745d8-a179-4c65-83d6-9ed873a7b94b","severity":"debug","timestamp":"2026-03-25T12:03:10.46757913Z"}
{"http.req.id":"136b6234-de35-48de-8b26-abef27a984a6","http.req.method":"POST","http.req.path":"/cart","message":"adding to cart","product":"L9ECAV7KIM","quantity":10,"session":"694745d8-a179-4c65-83d6-9ed873a7b94b","severity":"debug","timestamp":"2026-03-25T12:03:10.467790097Z"}
{"http.req.id":"136b6234-de35-48de-8b26-abef27a984a6","http.req.method":"POST","http.req.path":"/cart","http.resp.bytes":0,"http.resp.status":302,"http.resp.took_ms":3,"message":"request complete","session":"694745d8-a179-4c65-83d6-9ed873a7b94b","severity":"debug","timestamp":"2026-03-25T12:03:10.470922821Z"}
{"http.req.id":"3edbaa48-c183-4d51-9722-d603d4cdb658","http.req.method":"GET","http.req.path":"/cart","message":"request started","session":"694745d8-a179-4c65-83d6-9ed873a7b94b","severity":"debug","timestamp":"2026-03-25T12:03:10.471958694Z"}
{"http.req.id":"3edbaa48-c183-4d51-9722-d603d4cdb658","http.req.method":"GET","http.req.path":"/cart","message":"view user cart","session":"694745d8-a179-4c65-83d6-9ed873a7b94b","severity":"debug","timestamp":"2026-03-25T12:03:10.472035754Z"}
{"http.req.id":"3edbaa48-c183-4d51-9722-d603d4cdb658","http.req.method":"GET","http.req.path":"/cart","http.resp.bytes":16429,"http.resp.status":200,"http.resp.took_ms":205,"message":"request complete","session":"694745d8-a179-4c65-83d6-9ed873a7b94b","severity":"debug","timestamp":"2026-03-25T12:03:10.67789313Z"}
{"http.req.id":"2c22ca54-5589-4ad3-863b-efe0256a942f","http.req.method":"GET","http.req.path":"/product/LS4PSXUNUM","message":"request started","session":"827eab86-1aba-4a15-8740-5fee5900d10f","severity":"debug","timestamp":"2026-03-25T12:03:11.320266802Z"}
{"currency":"EUR","http.req.id":"2c22ca54-5589-4ad3-863b-efe0256a942f","http.req.method":"GET","http.req.path":"/product/LS4PSXUNUM","id":"LS4PSXUNUM","message":"serving product page","session":"827eab86-1aba-4a15-8740-5fee5900d10f","severity":"debug","timestamp":"2026-03-25T12:03:11.320423797Z"}
{"http.req.id":"2c22ca54-5589-4ad3-863b-efe0256a942f","http.req.method":"GET","http.req.path":"/product/LS4PSXUNUM","http.resp.bytes":7979,"http.resp.status":200,"http.resp.took_ms":151,"message":"request complete","session":"827eab86-1aba-4a15-8740-5fee5900d10f","severity":"debug","timestamp":"2026-03-25T12:03:11.471836366Z"}
{"http.req.id":"30220f9f-d6de-4e8a-ada9-5604cc9b24c0","http.req.method":"POST","http.req.path":"/cart","message":"request started","session":"827eab86-1aba-4a15-8740-5fee5900d10f","severity":"debug","timestamp":"2026-03-25T12:03:11.473566187Z"}
{"http.req.id":"30220f9f-d6de-4e8a-ada9-5604cc9b24c0","http.req.method":"POST","http.req.path":"/cart","message":"adding to cart","product":"LS4PSXUNUM","quantity":6,"session":"827eab86-1aba-4a15-8740-5fee5900d10f","severity":"debug","timestamp":"2026-03-25T12:03:11.473767698Z"}
{"http.req.id":"30220f9f-d6de-4e8a-ada9-5604cc9b24c0","http.req.method":"POST","http.req.path":"/cart","http.resp.bytes":0,"http.resp.status":302,"http.resp.took_ms":4,"message":"request complete","session":"827eab86-1aba-4a15-8740-5fee5900d10f","severity":"debug","timestamp":"2026-03-25T12:03:11.477870966Z"}
{"http.req.id":"10dbf842-7b86-493b-b1f5-b61ea469c2cb","http.req.method":"GET","http.req.path":"/cart","message":"request started","session":"827eab86-1aba-4a15-8740-5fee5900d10f","severity":"debug","timestamp":"2026-03-25T12:03:11.479194507Z"}
{"http.req.id":"10dbf842-7b86-493b-b1f5-b61ea469c2cb","http.req.method":"GET","http.req.path":"/cart","message":"view user cart","session":"827eab86-1aba-4a15-8740-5fee5900d10f","severity":"debug","timestamp":"2026-03-25T12:03:11.479278556Z"}
{"http.req.id":"10dbf842-7b86-493b-b1f5-b61ea469c2cb","http.req.method":"GET","http.req.path":"/cart","http.resp.bytes":19264,"http.resp.status":200,"http.resp.took_ms":202,"message":"request complete","session":"827eab86-1aba-4a15-8740-5fee5900d10f","severity":"debug","timestamp":"2026-03-25T12:03:11.682075408Z"}
{"http.req.id":"4cd32758-9f7f-4bda-aa4f-9f9ea32ee300","http.req.method":"GET","http.req.path":"/product/2ZYFJ3GM2N","message":"request started","session":"fcb2831f-0627-4791-ac1d-23821dc5b140","severity":"debug","timestamp":"2026-03-25T12:03:11.746071883Z"}
{"currency":"USD","http.req.id":"4cd32758-9f7f-4bda-aa4f-9f9ea32ee300","http.req.method":"GET","http.req.path":"/product/2ZYFJ3GM2N","id":"2ZYFJ3GM2N","message":"serving product page","session":"fcb2831f-0627-4791-ac1d-23821dc5b140","severity":"debug","timestamp":"2026-03-25T12:03:11.74619084Z"}
{"http.req.id":"4cd32758-9f7f-4bda-aa4f-9f9ea32ee300","http.req.method":"GET","http.req.path":"/product/2ZYFJ3GM2N","http.resp.bytes":8016,"http.resp.status":200,"http.resp.took_ms":123,"message":"request complete","session":"fcb2831f-0627-4791-ac1d-23821dc5b140","severity":"debug","timestamp":"2026-03-25T12:03:11.869326319Z"}
{"http.req.id":"248f493a-6d74-4398-968a-7f5a94c4ac5c","http.req.method":"GET","http.req.path":"/product/9SIQT8TOJO","message":"request started","session":"694745d8-a179-4c65-83d6-9ed873a7b94b","severity":"debug","timestamp":"2026-03-25T12:03:12.558589305Z"}
{"currency":"JPY","http.req.id":"248f493a-6d74-4398-968a-7f5a94c4ac5c","http.req.method":"GET","http.req.path":"/product/9SIQT8TOJO","id":"9SIQT8TOJO","message":"serving product page","session":"694745d8-a179-4c65-83d6-9ed873a7b94b","severity":"debug","timestamp":"2026-03-25T12:03:12.558641022Z"}
{"http.req.id":"3424f5fb-fb11-463b-b516-f54a10048bc3","http.req.method":"GET","http.req.path":"/product/9SIQT8TOJO","message":"request started","session":"513dd945-739c-4fe3-8e54-6e6927fbb733","severity":"debug","timestamp":"2026-03-25T12:03:12.616814752Z"}
{"currency":"TRY","http.req.id":"3424f5fb-fb11-463b-b516-f54a10048bc3","http.req.method":"GET","http.req.path":"/product/9SIQT8TOJO","id":"9SIQT8TOJO","message":"serving product page","session":"513dd945-739c-4fe3-8e54-6e6927fbb733","severity":"debug","timestamp":"2026-03-25T12:03:12.61693437Z"}
{"http.req.id":"248f493a-6d74-4398-968a-7f5a94c4ac5c","http.req.method":"GET","http.req.path":"/product/9SIQT8TOJO","http.resp.bytes":7994,"http.resp.status":200,"http.resp.took_ms":98,"message":"request complete","session":"694745d8-a179-4c65-83d6-9ed873a7b94b","severity":"debug","timestamp":"2026-03-25T12:03:12.656903682Z"}
{"http.req.id":"3424f5fb-fb11-463b-b516-f54a10048bc3","http.req.method":"GET","http.req.path":"/product/9SIQT8TOJO","http.resp.bytes":8001,"http.resp.status":200,"http.resp.took_ms":147,"message":"request complete","session":"513dd945-739c-4fe3-8e54-6e6927fbb733","severity":"debug","timestamp":"2026-03-25T12:03:12.76442156Z"}
{"http.req.id":"0bcce609-0772-4a80-9f83-6a8a478a8bf8","http.req.method":"GET","http.req.path":"/cart","message":"request started","session":"ecb080bf-5333-403f-9547-c8725d499228","severity":"debug","timestamp":"2026-03-25T12:03:13.070050444Z"}
{"http.req.id":"0bcce609-0772-4a80-9f83-6a8a478a8bf8","http.req.method":"GET","http.req.path":"/cart","message":"view user cart","session":"ecb080bf-5333-403f-9547-c8725d499228","severity":"debug","timestamp":"2026-03-25T12:03:13.0701491Z"}
{"http.req.id":"0bcce609-0772-4a80-9f83-6a8a478a8bf8","http.req.method":"GET","http.req.path":"/cart","http.resp.bytes":20676,"http.resp.status":200,"http.resp.took_ms":212,"message":"request complete","session":"ecb080bf-5333-403f-9547-c8725d499228","severity":"debug","timestamp":"2026-03-25T12:03:13.282098953Z"}
{"http.req.id":"d18f5394-714a-4bb2-8799-7f7a289998eb","http.req.method":"GET","http.req.path":"/product/9SIQT8TOJO","message":"request started","session":"df4ce93a-5d92-40a8-93c2-540bf11bbb4d","severity":"debug","timestamp":"2026-03-25T12:03:13.505838259Z"}
{"currency":"TRY","http.req.id":"d18f5394-714a-4bb2-8799-7f7a289998eb","http.req.method":"GET","http.req.path":"/product/9SIQT8TOJO","id":"9SIQT8TOJO","message":"serving product page","session":"df4ce93a-5d92-40a8-93c2-540bf11bbb4d","severity":"debug","timestamp":"2026-03-25T12:03:13.505931582Z"}
{"http.req.id":"1f450cbe-0542-4edd-8536-6a6796bfac06","http.req.method":"GET","http.req.path":"/product/LS4PSXUNUM","message":"request started","session":"32217267-98ca-4d66-9fc8-3f088b8def0f","severity":"debug","timestamp":"2026-03-25T12:03:13.542621159Z"}
{"currency":"GBP","http.req.id":"1f450cbe-0542-4edd-8536-6a6796bfac06","http.req.method":"GET","http.req.path":"/product/LS4PSXUNUM","id":"LS4PSXUNUM","message":"serving product page","session":"32217267-98ca-4d66-9fc8-3f088b8def0f","severity":"debug","timestamp":"2026-03-25T12:03:13.542725202Z"}
{"http.req.id":"bd88afcb-4adb-46c1-babe-2313770d89e0","http.req.method":"GET","http.req.path":"/product/LS4PSXUNUM","message":"request started","session":"514e00c6-206e-4c6e-873f-852b796455de","severity":"debug","timestamp":"2026-03-25T12:03:13.658446037Z"}
{"currency":"USD","http.req.id":"bd88afcb-4adb-46c1-babe-2313770d89e0","http.req.method":"GET","http.req.path":"/product/LS4PSXUNUM","id":"LS4PSXUNUM","message":"serving product page","session":"514e00c6-206e-4c6e-873f-852b796455de","severity":"debug","timestamp":"2026-03-25T12:03:13.658550646Z"}
{"http.req.id":"1f450cbe-0542-4edd-8536-6a6796bfac06","http.req.method":"GET","http.req.path":"/product/LS4PSXUNUM","http.resp.bytes":7873,"http.resp.status":200,"http.resp.took_ms":323,"message":"request complete","session":"32217267-98ca-4d66-9fc8-3f088b8def0f","severity":"debug","timestamp":"2026-03-25T12:03:13.86639715Z"}
{"http.req.id":"d18f5394-714a-4bb2-8799-7f7a289998eb","http.req.method":"GET","http.req.path":"/product/9SIQT8TOJO","http.resp.bytes":7915,"http.resp.status":200,"http.resp.took_ms":361,"message":"request complete","session":"df4ce93a-5d92-40a8-93c2-540bf11bbb4d","severity":"debug","timestamp":"2026-03-25T12:03:13.867722772Z"}
{"http.req.id":"bd88afcb-4adb-46c1-babe-2313770d89e0","http.req.method":"GET","http.req.path":"/product/LS4PSXUNUM","http.resp.bytes":7877,"http.resp.status":200,"http.resp.took_ms":212,"message":"request complete","session":"514e00c6-206e-4c6e-873f-852b796455de","severity":"debug","timestamp":"2026-03-25T12:03:13.871197549Z"}
{"http.req.id":"127004f0-754a-43c7-be95-ddae87400d6b","http.req.method":"GET","http.req.path":"/product/LS4PSXUNUM","message":"request started","session":"2d3bf3d7-22b5-49c9-8227-12126292f393","severity":"debug","timestamp":"2026-03-25T12:03:15.456947962Z"}
{"currency":"GBP","http.req.id":"127004f0-754a-43c7-be95-ddae87400d6b","http.req.method":"GET","http.req.path":"/product/LS4PSXUNUM","id":"LS4PSXUNUM","message":"serving product page","session":"2d3bf3d7-22b5-49c9-8227-12126292f393","severity":"debug","timestamp":"2026-03-25T12:03:15.45701317Z"}
{"http.req.id":"127004f0-754a-43c7-be95-ddae87400d6b","http.req.method":"GET","http.req.path":"/product/LS4PSXUNUM","http.resp.bytes":8007,"http.resp.status":200,"http.resp.took_ms":21,"message":"request complete","session":"2d3bf3d7-22b5-49c9-8227-12126292f393","severity":"debug","timestamp":"2026-03-25T12:03:15.478613254Z"}
{"http.req.id":"98353d84-8343-4dda-99f3-5fc4c9e80d7e","http.req.method":"GET","http.req.path":"/_healthz","message":"request started","session":"x-liveness-probe","severity":"debug","timestamp":"2026-03-25T12:03:15.862655335Z"}
{"http.req.id":"98353d84-8343-4dda-99f3-5fc4c9e80d7e","http.req.method":"GET","http.req.path":"/_healthz","http.resp.bytes":2,"http.resp.status":200,"http.resp.took_ms":0,"message":"request complete","session":"x-liveness-probe","severity":"debug","timestamp":"2026-03-25T12:03:15.862734396Z"}
{"http.req.id":"d9db8f24-0668-469c-8cc0-95f4bf476c05","http.req.method":"GET","http.req.path":"/product/1YMWWN1N4O","message":"request started","session":"827eab86-1aba-4a15-8740-5fee5900d10f","severity":"debug","timestamp":"2026-03-25T12:03:16.470722295Z"}
{"currency":"EUR","http.req.id":"d9db8f24-0668-469c-8cc0-95f4bf476c05","http.req.method":"GET","http.req.path":"/product/1YMWWN1N4O","id":"1YMWWN1N4O","message":"serving product page","session":"827eab86-1aba-4a15-8740-5fee5900d10f","severity":"debug","timestamp":"2026-03-25T12:03:16.470823795Z"}
{"http.req.id":"d9db8f24-0668-469c-8cc0-95f4bf476c05","http.req.method":"GET","http.req.path":"/product/1YMWWN1N4O","http.resp.bytes":8023,"http.resp.status":200,"http.resp.took_ms":95,"message":"request complete","session":"827eab86-1aba-4a15-8740-5fee5900d10f","severity":"debug","timestamp":"2026-03-25T12:03:16.566032176Z"}
{"http.req.id":"d13b700f-dd5b-411c-8ee6-ecc4078a6b95","http.req.method":"POST","http.req.path":"/cart","message":"request started","session":"827eab86-1aba-4a15-8740-5fee5900d10f","severity":"debug","timestamp":"2026-03-25T12:03:16.572573179Z"}
{"http.req.id":"d13b700f-dd5b-411c-8ee6-ecc4078a6b95","http.req.method":"POST","http.req.path":"/cart","message":"adding to cart","product":"1YMWWN1N4O","quantity":10,"session":"827eab86-1aba-4a15-8740-5fee5900d10f","severity":"debug","timestamp":"2026-03-25T12:03:16.572749171Z"}
{"http.req.id":"d13b700f-dd5b-411c-8ee6-ecc4078a6b95","http.req.method":"POST","http.req.path":"/cart","http.resp.bytes":0,"http.resp.status":302,"http.resp.took_ms":3,"message":"request complete","session":"827eab86-1aba-4a15-8740-5fee5900d10f","severity":"debug","timestamp":"2026-03-25T12:03:16.57634759Z"}
{"http.req.id":"e20d8b39-57d7-4548-99e3-4245f20ff644","http.req.method":"GET","http.req.path":"/cart","message":"request started","session":"827eab86-1aba-4a15-8740-5fee5900d10f","severity":"debug","timestamp":"2026-03-25T12:03:16.577440904Z"}
{"http.req.id":"e20d8b39-57d7-4548-99e3-4245f20ff644","http.req.method":"GET","http.req.path":"/cart","message":"view user cart","session":"827eab86-1aba-4a15-8740-5fee5900d10f","severity":"debug","timestamp":"2026-03-25T12:03:16.577516128Z"}
{"http.req.id":"e20d8b39-57d7-4548-99e3-4245f20ff644","http.req.method":"GET","http.req.path":"/cart","http.resp.bytes":20696,"http.resp.status":200,"http.resp.took_ms":204,"message":"request complete","session":"827eab86-1aba-4a15-8740-5fee5900d10f","severity":"debug","timestamp":"2026-03-25T12:03:16.781637459Z"}
{"http.req.id":"931da79b-f6fc-415c-9ac3-e57e7b4a89b4","http.req.method":"POST","http.req.path":"/setCurrency","message":"request started","session":"513dd945-739c-4fe3-8e54-6e6927fbb733","severity":"debug","timestamp":"2026-03-25T12:03:17.257836453Z"}
{"curr.new":"TRY","curr.old":"TRY","http.req.id":"931da79b-f6fc-415c-9ac3-e57e7b4a89b4","http.req.method":"POST","http.req.path":"/setCurrency","message":"setting currency","session":"513dd945-739c-4fe3-8e54-6e6927fbb733","severity":"debug","timestamp":"2026-03-25T12:03:17.258062085Z"}
{"http.req.id":"931da79b-f6fc-415c-9ac3-e57e7b4a89b4","http.req.method":"POST","http.req.path":"/setCurrency","http.resp.bytes":0,"http.resp.status":302,"http.resp.took_ms":0,"message":"request complete","session":"513dd945-739c-4fe3-8e54-6e6927fbb733","severity":"debug","timestamp":"2026-03-25T12:03:17.258089384Z"}
{"http.req.id":"b2aab14f-6578-4e6f-a718-7e6a1e87176b","http.req.method":"GET","http.req.path":"/","message":"request started","session":"513dd945-739c-4fe3-8e54-6e6927fbb733","severity":"debug","timestamp":"2026-03-25T12:03:17.259458772Z"}
{"currency":"TRY","http.req.id":"b2aab14f-6578-4e6f-a718-7e6a1e87176b","http.req.method":"GET","http.req.path":"/","message":"home","session":"513dd945-739c-4fe3-8e54-6e6927fbb733","severity":"info","timestamp":"2026-03-25T12:03:17.259501438Z"}
env platform is either empty or invalid
{"http.req.id":"b2aab14f-6578-4e6f-a718-7e6a1e87176b","http.req.method":"GET","http.req.path":"/","message":"ENV_PLATFORM is: local","session":"513dd945-739c-4fe3-8e54-6e6927fbb733","severity":"debug","timestamp":"2026-03-25T12:03:17.31150635Z"}
{"http.req.id":"b2aab14f-6578-4e6f-a718-7e6a1e87176b","http.req.method":"GET","http.req.path":"/","http.resp.bytes":10501,"http.resp.status":200,"http.resp.took_ms":54,"message":"request complete","session":"513dd945-739c-4fe3-8e54-6e6927fbb733","severity":"debug","timestamp":"2026-03-25T12:03:17.314418276Z"}
{"http.req.id":"a8a940e7-feeb-4bad-8f94-d101e5159c21","http.req.method":"GET","http.req.path":"/cart","message":"request started","session":"df4ce93a-5d92-40a8-93c2-540bf11bbb4d","severity":"debug","timestamp":"2026-03-25T12:03:17.41118054Z"}
{"http.req.id":"a8a940e7-feeb-4bad-8f94-d101e5159c21","http.req.method":"GET","http.req.path":"/cart","message":"view user cart","session":"df4ce93a-5d92-40a8-93c2-540bf11bbb4d","severity":"debug","timestamp":"2026-03-25T12:03:17.411299864Z"}
{"http.req.id":"a8a940e7-feeb-4bad-8f94-d101e5159c21","http.req.method":"GET","http.req.path":"/cart","http.resp.bytes":6805,"http.resp.status":200,"http.resp.took_ms":53,"message":"request complete","session":"df4ce93a-5d92-40a8-93c2-540bf11bbb4d","severity":"debug","timestamp":"2026-03-25T12:03:17.465027565Z"}
