{"http.req.id":"1da7a9c1-3b47-4406-89c9-236c79e447ee","http.req.method":"GET","http.req.path":"/cart","http.resp.bytes":16394,"http.resp.status":200,"http.resp.took_ms":209,"message":"request complete","session":"ecb080bf-5333-403f-9547-c8725d499228","severity":"debug","timestamp":"2026-03-25T12:07:03.867213144Z"}
{"http.req.id":"7eed90c8-f5d7-48e6-8755-ec37bb9f2dea","http.req.method":"GET","http.req.path":"/cart","http.resp.bytes":16396,"http.resp.status":200,"http.resp.took_ms":103,"message":"request complete","session":"694745d8-a179-4c65-83d6-9ed873a7b94b","severity":"debug","timestamp":"2026-03-25T12:07:03.867654913Z"}
{"http.req.id":"23be7dc2-cc89-4dca-bde1-f205c9d68320","http.req.method":"POST","http.req.path":"/cart/checkout","message":"request started","session":"694745d8-a179-4c65-83d6-9ed873a7b94b","severity":"debug","timestamp":"2026-03-25T12:07:03.874509442Z"}
{"http.req.id":"23be7dc2-cc89-4dca-bde1-f205c9d68320","http.req.method":"POST","http.req.path":"/cart/checkout","message":"placing order","session":"694745d8-a179-4c65-83d6-9ed873a7b94b","severity":"debug","timestamp":"2026-03-25T12:07:03.874642659Z"}
{"http.req.id":"aeca60e6-743e-4415-93d7-7b5b15a22c36","http.req.method":"GET","http.req.path":"/cart","http.resp.bytes":6812,"http.resp.status":200,"http.resp.took_ms":101,"message":"request complete","session":"32217267-98ca-4d66-9fc8-3f088b8def0f","severity":"debug","timestamp":"2026-03-25T12:07:03.951792274Z"}
{"http.req.id":"6d347946-30f1-4b09-8780-02f456c30f5c","http.req.method":"POST","http.req.path":"/cart/checkout","message":"order placed","order":"22e45f5b-2843-11f1-a4a0-927ce8a683d8","session":"a38c2610-1665-4c93-8051-4c451f5de325","severity":"info","timestamp":"2026-03-25T12:07:03.957860056Z"}
{"http.req.id":"6d347946-30f1-4b09-8780-02f456c30f5c","http.req.method":"POST","http.req.path":"/cart/checkout","http.resp.bytes":6733,"http.resp.status":200,"http.resp.took_ms":134,"message":"request complete","session":"a38c2610-1665-4c93-8051-4c451f5de325","severity":"debug","timestamp":"2026-03-25T12:07:03.98492751Z"}
{"http.req.id":"23be7dc2-cc89-4dca-bde1-f205c9d68320","http.req.method":"POST","http.req.path":"/cart/checkout","message":"order placed","order":"22e82718-2843-11f1-a4a0-927ce8a683d8","session":"694745d8-a179-4c65-83d6-9ed873a7b94b","severity":"info","timestamp":"2026-03-25T12:07:04.072646419Z"}
{"http.req.id":"23be7dc2-cc89-4dca-bde1-f205c9d68320","http.req.method":"POST","http.req.path":"/cart/checkout","http.resp.bytes":6735,"http.resp.status":200,"http.resp.took_ms":212,"message":"request complete","session":"694745d8-a179-4c65-83d6-9ed873a7b94b","severity":"debug","timestamp":"2026-03-25T12:07:04.086537325Z"}
{"http.req.id":"a2aa6bdc-2236-4f2b-a8b2-f95b33c9e982","http.req.method":"GET","http.req.path":"/product/6E92ZMYYFZ","message":"request started","session":"fcb2831f-0627-4791-ac1d-23821dc5b140","severity":"debug","timestamp":"2026-03-25T12:07:04.961492822Z"}
{"currency":"EUR","http.req.id":"a2aa6bdc-2236-4f2b-a8b2-f95b33c9e982","http.req.method":"GET","http.req.path":"/product/6E92ZMYYFZ","id":"6E92ZMYYFZ","message":"serving product page","session":"fcb2831f-0627-4791-ac1d-23821dc5b140","severity":"debug","timestamp":"2026-03-25T12:07:04.961562673Z"}
{"http.req.id":"a2aa6bdc-2236-4f2b-a8b2-f95b33c9e982","http.req.method":"GET","http.req.path":"/product/6E92ZMYYFZ","http.resp.bytes":7887,"http.resp.status":200,"http.resp.took_ms":17,"message":"request complete","session":"fcb2831f-0627-4791-ac1d-23821dc5b140","severity":"debug","timestamp":"2026-03-25T12:07:04.978825229Z"}
{"http.req.id":"e41ed6f3-14b7-40d5-89c8-36cd7affe675","http.req.method":"GET","http.req.path":"/product/0PUK6V6EV0","message":"request started","session":"a38c2610-1665-4c93-8051-4c451f5de325","severity":"debug","timestamp":"2026-03-25T12:07:05.565255573Z"}
{"currency":"JPY","http.req.id":"e41ed6f3-14b7-40d5-89c8-36cd7affe675","http.req.method":"GET","http.req.path":"/product/0PUK6V6EV0","id":"0PUK6V6EV0","message":"serving product page","session":"a38c2610-1665-4c93-8051-4c451f5de325","severity":"debug","timestamp":"2026-03-25T12:07:05.565354521Z"}
{"http.req.id":"e41ed6f3-14b7-40d5-89c8-36cd7affe675","http.req.method":"GET","http.req.path":"/product/0PUK6V6EV0","http.resp.bytes":7916,"http.resp.status":200,"http.resp.took_ms":20,"message":"request complete","session":"a38c2610-1665-4c93-8051-4c451f5de325","severity":"debug","timestamp":"2026-03-25T12:07:05.585542003Z"}
{"http.req.id":"fef28972-dee7-4da7-b3e1-8c6a173547dc","http.req.method":"POST","http.req.path":"/cart","message":"request started","session":"a38c2610-1665-4c93-8051-4c451f5de325","severity":"debug","timestamp":"2026-03-25T12:07:05.586974351Z"}
{"http.req.id":"fef28972-dee7-4da7-b3e1-8c6a173547dc","http.req.method":"POST","http.req.path":"/cart","message":"adding to cart","product":"0PUK6V6EV0","quantity":7,"session":"a38c2610-1665-4c93-8051-4c451f5de325","severity":"debug","timestamp":"2026-03-25T12:07:05.587122668Z"}
{"http.req.id":"fef28972-dee7-4da7-b3e1-8c6a173547dc","http.req.method":"POST","http.req.path":"/cart","http.resp.bytes":0,"http.resp.status":302,"http.resp.took_ms":3,"message":"request complete","session":"a38c2610-1665-4c93-8051-4c451f5de325","severity":"debug","timestamp":"2026-03-25T12:07:05.590303604Z"}
{"http.req.id":"559ab255-a09f-46d4-a42f-2187c36a9d21","http.req.method":"GET","http.req.path":"/cart","message":"request started","session":"a38c2610-1665-4c93-8051-4c451f5de325","severity":"debug","timestamp":"2026-03-25T12:07:05.591471702Z"}
{"http.req.id":"559ab255-a09f-46d4-a42f-2187c36a9d21","http.req.method":"GET","http.req.path":"/cart","message":"view user cart","session":"a38c2610-1665-4c93-8051-4c451f5de325","severity":"debug","timestamp":"2026-03-25T12:07:05.591521385Z"}
{"http.req.id":"559ab255-a09f-46d4-a42f-2187c36a9d21","http.req.method":"GET","http.req.path":"/cart","http.resp.bytes":16390,"http.resp.status":200,"http.resp.took_ms":16,"message":"request complete","session":"a38c2610-1665-4c93-8051-4c451f5de325","severity":"debug","timestamp":"2026-03-25T12:07:05.608456112Z"}
{"http.req.id":"7a5686e1-e0ff-49f4-9e9b-49262d8547d8","http.req.method":"POST","http.req.path":"/setCurrency","message":"request started","session":"694745d8-a179-4c65-83d6-9ed873a7b94b","severity":"debug","timestamp":"2026-03-25T12:07:05.611871159Z"}
{"curr.new":"USD","curr.old":"TRY","http.req.id":"7a5686e1-e0ff-49f4-9e9b-49262d8547d8","http.req.method":"POST","http.req.path":"/setCurrency","message":"setting currency","session":"694745d8-a179-4c65-83d6-9ed873a7b94b","severity":"debug","timestamp":"2026-03-25T12:07:05.612031761Z"}
{"http.req.id":"7a5686e1-e0ff-49f4-9e9b-49262d8547d8","http.req.method":"POST","http.req.path":"/setCurrency","http.resp.bytes":0,"http.resp.status":302,"http.resp.took_ms":0,"message":"request complete","session":"694745d8-a179-4c65-83d6-9ed873a7b94b","severity":"debug","timestamp":"2026-03-25T12:07:05.612104935Z"}
{"http.req.id":"9333c0f8-7c1d-4797-9ad5-d7f734cf90e2","http.req.method":"GET","http.req.path":"/","message":"request started","session":"694745d8-a179-4c65-83d6-9ed873a7b94b","severity":"debug","timestamp":"2026-03-25T12:07:05.61328862Z"}
{"currency":"USD","http.req.id":"9333c0f8-7c1d-4797-9ad5-d7f734cf90e2","http.req.method":"GET","http.req.path":"/","message":"home","session":"694745d8-a179-4c65-83d6-9ed873a7b94b","severity":"info","timestamp":"2026-03-25T12:07:05.613364667Z"}
env platform is either empty or invalid
{"http.req.id":"9333c0f8-7c1d-4797-9ad5-d7f734cf90e2","http.req.method":"GET","http.req.path":"/","message":"ENV_PLATFORM is: local","session":"694745d8-a179-4c65-83d6-9ed873a7b94b","severity":"debug","timestamp":"2026-03-25T12:07:05.67024712Z"}
{"http.req.id":"9333c0f8-7c1d-4797-9ad5-d7f734cf90e2","http.req.method":"GET","http.req.path":"/","http.resp.bytes":10383,"http.resp.status":200,"http.resp.took_ms":73,"message":"request complete","session":"694745d8-a179-4c65-83d6-9ed873a7b94b","severity":"debug","timestamp":"2026-03-25T12:07:05.687099707Z"}
{"http.req.id":"603eb03e-d376-4749-b7fc-1e2db4382e3c","http.req.method":"GET","http.req.path":"/product/0PUK6V6EV0","message":"request started","session":"827eab86-1aba-4a15-8740-5fee5900d10f","severity":"debug","timestamp":"2026-03-25T12:07:05.965711501Z"}
{"currency":"USD","http.req.id":"603eb03e-d376-4749-b7fc-1e2db4382e3c","http.req.method":"GET","http.req.path":"/product/0PUK6V6EV0","id":"0PUK6V6EV0","message":"serving product page","session":"827eab86-1aba-4a15-8740-5fee5900d10f","severity":"debug","timestamp":"2026-03-25T12:07:05.965800393Z"}
{"http.req.id":"603eb03e-d376-4749-b7fc-1e2db4382e3c","http.req.method":"GET","http.req.path":"/product/0PUK6V6EV0","http.resp.bytes":7888,"http.resp.status":200,"http.resp.took_ms":18,"message":"request complete","session":"827eab86-1aba-4a15-8740-5fee5900d10f","severity":"debug","timestamp":"2026-03-25T12:07:05.983824214Z"}
{"http.req.id":"52dd4b8f-8696-4a59-816a-afbdb5d93883","http.req.method":"GET","http.req.path":"/_healthz","message":"request started","session":"x-liveness-probe","severity":"debug","timestamp":"2026-03-25T12:07:07.25604835Z"}
{"http.req.id":"52dd4b8f-8696-4a59-816a-afbdb5d93883","http.req.method":"GET","http.req.path":"/_healthz","http.resp.bytes":2,"http.resp.status":200,"http.resp.took_ms":0,"message":"request complete","session":"x-liveness-probe","severity":"debug","timestamp":"2026-03-25T12:07:07.25615604Z"}
{"http.req.id":"cbf96c16-460a-487e-8c33-0502638d3913","http.req.method":"GET","http.req.path":"/product/LS4PSXUNUM","message":"request started","session":"fcb2831f-0627-4791-ac1d-23821dc5b140","severity":"debug","timestamp":"2026-03-25T12:07:08.118707909Z"}
{"currency":"EUR","http.req.id":"cbf96c16-460a-487e-8c33-0502638d3913","http.req.method":"GET","http.req.path":"/product/LS4PSXUNUM","id":"LS4PSXUNUM","message":"serving product page","session":"fcb2831f-0627-4791-ac1d-23821dc5b140","severity":"debug","timestamp":"2026-03-25T12:07:08.118823298Z"}
{"http.req.id":"cbf96c16-460a-487e-8c33-0502638d3913","http.req.method":"GET","http.req.path":"/product/LS4PSXUNUM","http.resp.bytes":7873,"http.resp.status":200,"http.resp.took_ms":16,"message":"request complete","session":"fcb2831f-0627-4791-ac1d-23821dc5b140","severity":"debug","timestamp":"2026-03-25T12:07:08.13534457Z"}
{"http.req.id":"efab0b7d-bb2d-466c-8da8-5ab0e02d3472","http.req.method":"GET","http.req.path":"/product/6E92ZMYYFZ","message":"request started","session":"2d3bf3d7-22b5-49c9-8227-12126292f393","severity":"debug","timestamp":"2026-03-25T12:07:08.306771148Z"}
{"currency":"EUR","http.req.id":"efab0b7d-bb2d-466c-8da8-5ab0e02d3472","http.req.method":"GET","http.req.path":"/product/6E92ZMYYFZ","id":"6E92ZMYYFZ","message":"serving product page","session":"2d3bf3d7-22b5-49c9-8227-12126292f393","severity":"debug","timestamp":"2026-03-25T12:07:08.306860879Z"}
{"http.req.id":"efab0b7d-bb2d-466c-8da8-5ab0e02d3472","http.req.method":"GET","http.req.path":"/product/6E92ZMYYFZ","http.resp.bytes":7875,"http.resp.status":200,"http.resp.took_ms":14,"message":"request complete","session":"2d3bf3d7-22b5-49c9-8227-12126292f393","severity":"debug","timestamp":"2026-03-25T12:07:08.321611423Z"}
{"http.req.id":"dbcbb3a2-82d5-49e1-a3b4-e4275496ac62","http.req.method":"GET","http.req.path":"/product/1YMWWN1N4O","message":"request started","session":"513dd945-739c-4fe3-8e54-6e6927fbb733","severity":"debug","timestamp":"2026-03-25T12:07:09.160395545Z"}
{"currency":"TRY","http.req.id":"dbcbb3a2-82d5-49e1-a3b4-e4275496ac62","http.req.method":"GET","http.req.path":"/product/1YMWWN1N4O","id":"1YMWWN1N4O","message":"serving product page","session":"513dd945-739c-4fe3-8e54-6e6927fbb733","severity":"debug","timestamp":"2026-03-25T12:07:09.16053234Z"}
{"http.req.id":"dbcbb3a2-82d5-49e1-a3b4-e4275496ac62","http.req.method":"GET","http.req.path":"/product/1YMWWN1N4O","http.resp.bytes":7930,"http.resp.status":200,"http.resp.took_ms":21,"message":"request complete","session":"513dd945-739c-4fe3-8e54-6e6927fbb733","severity":"debug","timestamp":"2026-03-25T12:07:09.18228693Z"}
{"http.req.id":"f99082e4-8fad-49b4-b40c-cc7c338ea14c","http.req.method":"GET","http.req.path":"/product/9SIQT8TOJO","message":"request started","session":"a38c2610-1665-4c93-8051-4c451f5de325","severity":"debug","timestamp":"2026-03-25T12:07:09.743340278Z"}
{"currency":"JPY","http.req.id":"f99082e4-8fad-49b4-b40c-cc7c338ea14c","http.req.method":"GET","http.req.path":"/product/9SIQT8TOJO","id":"9SIQT8TOJO","message":"serving product page","session":"a38c2610-1665-4c93-8051-4c451f5de325","severity":"debug","timestamp":"2026-03-25T12:07:09.743468466Z"}
{"http.req.id":"f99082e4-8fad-49b4-b40c-cc7c338ea14c","http.req.method":"GET","http.req.path":"/product/9SIQT8TOJO","http.resp.bytes":8033,"http.resp.status":200,"http.resp.took_ms":19,"message":"request complete","session":"a38c2610-1665-4c93-8051-4c451f5de325","severity":"debug","timestamp":"2026-03-25T12:07:09.76242328Z"}
{"http.req.id":"af212d5e-e922-4e03-a537-25cfc832e50d","http.req.method":"POST","http.req.path":"/setCurrency","message":"request started","session":"ecb080bf-5333-403f-9547-c8725d499228","severity":"debug","timestamp":"2026-03-25T12:07:09.774089369Z"}
{"curr.new":"TRY","curr.old":"TRY","http.req.id":"af212d5e-e922-4e03-a537-25cfc832e50d","http.req.method":"POST","http.req.path":"/setCurrency","message":"setting currency","session":"ecb080bf-5333-403f-9547-c8725d499228","severity":"debug","timestamp":"2026-03-25T12:07:09.774318763Z"}
{"http.req.id":"af212d5e-e922-4e03-a537-25cfc832e50d","http.req.method":"POST","http.req.path":"/setCurrency","http.resp.bytes":0,"http.resp.status":302,"http.resp.took_ms":0,"message":"request complete","session":"ecb080bf-5333-403f-9547-c8725d499228","severity":"debug","timestamp":"2026-03-25T12:07:09.774366453Z"}
{"http.req.id":"20d0c6bb-42db-4355-a3a0-e063fd29fbd6","http.req.method":"GET","http.req.path":"/","message":"request started","session":"ecb080bf-5333-403f-9547-c8725d499228","severity":"debug","timestamp":"2026-03-25T12:07:09.775623736Z"}
{"currency":"TRY","http.req.id":"20d0c6bb-42db-4355-a3a0-e063fd29fbd6","http.req.method":"GET","http.req.path":"/","message":"home","session":"ecb080bf-5333-403f-9547-c8725d499228","severity":"info","timestamp":"2026-03-25T12:07:09.775727157Z"}
env platform is either empty or invalid
{"http.req.id":"20d0c6bb-42db-4355-a3a0-e063fd29fbd6","http.req.method":"GET","http.req.path":"/","message":"ENV_PLATFORM is: local","session":"ecb080bf-5333-403f-9547-c8725d499228","severity":"debug","timestamp":"2026-03-25T12:07:09.801687439Z"}
{"http.req.id":"20d0c6bb-42db-4355-a3a0-e063fd29fbd6","http.req.method":"GET","http.req.path":"/","http.resp.bytes":10500,"http.resp.status":200,"http.resp.took_ms":28,"message":"request complete","session":"ecb080bf-5333-403f-9547-c8725d499228","severity":"debug","timestamp":"2026-03-25T12:07:09.80400416Z"}
{"http.req.id":"c6a28aed-de82-4b9c-9ce5-4b1a1fa8e451","http.req.method":"GET","http.req.path":"/product/66VCHSJNUP","message":"request started","session":"827eab86-1aba-4a15-8740-5fee5900d10f","severity":"debug","timestamp":"2026-03-25T12:07:10.159021721Z"}
{"currency":"USD","http.req.id":"c6a28aed-de82-4b9c-9ce5-4b1a1fa8e451","http.req.method":"GET","http.req.path":"/product/66VCHSJNUP","id":"66VCHSJNUP","message":"serving product page","session":"827eab86-1aba-4a15-8740-5fee5900d10f","severity":"debug","timestamp":"2026-03-25T12:07:10.15921148Z"}
{"http.req.id":"c6a28aed-de82-4b9c-9ce5-4b1a1fa8e451","http.req.method":"GET","http.req.path":"/product/66VCHSJNUP","http.resp.bytes":7874,"http.resp.status":200,"http.resp.took_ms":16,"message":"request complete","session":"827eab86-1aba-4a15-8740-5fee5900d10f","severity":"debug","timestamp":"2026-03-25T12:07:10.175092874Z"}
{"http.req.id":"69ab5711-8781-4814-9923-60a5a41e1e22","http.req.method":"GET","http.req.path":"/_healthz","message":"request started","session":"x-readiness-probe","severity":"debug","timestamp":"2026-03-25T12:07:10.509170626Z"}
{"http.req.id":"69ab5711-8781-4814-9923-60a5a41e1e22","http.req.method":"GET","http.req.path":"/_healthz","http.resp.bytes":2,"http.resp.status":200,"http.resp.took_ms":0,"message":"request complete","session":"x-readiness-probe","severity":"debug","timestamp":"2026-03-25T12:07:10.509293323Z"}
{"http.req.id":"610dd684-81d6-4ed9-a42e-82c00da97a01","http.req.method":"GET","http.req.path":"/cart","message":"request started","session":"32217267-98ca-4d66-9fc8-3f088b8def0f","severity":"debug","timestamp":"2026-03-25T12:07:10.664295325Z"}
{"http.req.id":"610dd684-81d6-4ed9-a42e-82c00da97a01","http.req.method":"GET","http.req.path":"/cart","message":"view user cart","session":"32217267-98ca-4d66-9fc8-3f088b8def0f","severity":"debug","timestamp":"2026-03-25T12:07:10.664388169Z"}
{"http.req.id":"610dd684-81d6-4ed9-a42e-82c00da97a01","http.req.method":"GET","http.req.path":"/cart","http.resp.bytes":6844,"http.resp.status":200,"http.resp.took_ms":18,"message":"request complete","session":"32217267-98ca-4d66-9fc8-3f088b8def0f","severity":"debug","timestamp":"2026-03-25T12:07:10.682968385Z"}
{"message":"Failed to fetch the Zone of the node where the pod is scheduledGet \"http://169.254.169.254/computeMetadata/v1/instance/zone\": dial tcp 169.254.169.254:80: i/o timeout","severity":"error","timestamp":"2026-03-25T12:07:11.663776496Z"}
{"cluster":"","hostname":"frontend-694b9f76cd-m7sj7","message":"Loaded deployment details","severity":"debug","timestamp":"2026-03-25T12:07:11.663908894Z","zone":""}
{"http.req.id":"8efd4a8f-7c3e-46a1-ab0d-9f03b7853425","http.req.method":"GET","http.req.path":"/product/2ZYFJ3GM2N","message":"request started","session":"df4ce93a-5d92-40a8-93c2-540bf11bbb4d","severity":"debug","timestamp":"2026-03-25T12:07:11.980469535Z"}
{"currency":"TRY","http.req.id":"8efd4a8f-7c3e-46a1-ab0d-9f03b7853425","http.req.method":"GET","http.req.path":"/product/2ZYFJ3GM2N","id":"2ZYFJ3GM2N","message":"serving product page","session":"df4ce93a-5d92-40a8-93c2-540bf11bbb4d","severity":"debug","timestamp":"2026-03-25T12:07:11.980548965Z"}
{"http.req.id":"8efd4a8f-7c3e-46a1-ab0d-9f03b7853425","http.req.method":"GET","http.req.path":"/product/2ZYFJ3GM2N","http.resp.bytes":7973,"http.resp.status":200,"http.resp.took_ms":19,"message":"request complete","session":"df4ce93a-5d92-40a8-93c2-540bf11bbb4d","severity":"debug","timestamp":"2026-03-25T12:07:12.00039217Z"}
{"http.req.id":"7a78ea96-4815-4217-970d-5f7fc4669ec0","http.req.method":"GET","http.req.path":"/product/0PUK6V6EV0","message":"request started","session":"827eab86-1aba-4a15-8740-5fee5900d10f","severity":"debug","timestamp":"2026-03-25T12:07:12.243342708Z"}
{"currency":"USD","http.req.id":"7a78ea96-4815-4217-970d-5f7fc4669ec0","http.req.method":"GET","http.req.path":"/product/0PUK6V6EV0","id":"0PUK6V6EV0","message":"serving product page","session":"827eab86-1aba-4a15-8740-5fee5900d10f","severity":"debug","timestamp":"2026-03-25T12:07:12.243440188Z"}
{"http.req.id":"7a78ea96-4815-4217-970d-5f7fc4669ec0","http.req.method":"GET","http.req.path":"/product/0PUK6V6EV0","http.resp.bytes":7966,"http.resp.status":200,"http.resp.took_ms":28,"message":"request complete","session":"827eab86-1aba-4a15-8740-5fee5900d10f","severity":"debug","timestamp":"2026-03-25T12:07:12.271966108Z"}
{"http.req.id":"3bd1c7fd-75c4-4294-8288-be079a202fdb","http.req.method":"GET","http.req.path":"/product/9SIQT8TOJO","message":"request started","session":"694745d8-a179-4c65-83d6-9ed873a7b94b","severity":"debug","timestamp":"2026-03-25T12:07:12.274792595Z"}
{"currency":"USD","http.req.id":"3bd1c7fd-75c4-4294-8288-be079a202fdb","http.req.method":"GET","http.req.path":"/product/9SIQT8TOJO","id":"9SIQT8TOJO","message":"serving product page","session":"694745d8-a179-4c65-83d6-9ed873a7b94b","severity":"debug","timestamp":"2026-03-25T12:07:12.274895287Z"}
{"http.req.id":"3bd1c7fd-75c4-4294-8288-be079a202fdb","http.req.method":"GET","http.req.path":"/product/9SIQT8TOJO","http.resp.bytes":7974,"http.resp.status":200,"http.resp.took_ms":103,"message":"request complete","session":"694745d8-a179-4c65-83d6-9ed873a7b94b","severity":"debug","timestamp":"2026-03-25T12:07:12.378515803Z"}
{"http.req.id":"138c4cb3-4ca7-4f85-82a8-b0e1a1c25782","http.req.method":"GET","http.req.path":"/product/0PUK6V6EV0","message":"request started","session":"514e00c6-206e-4c6e-873f-852b796455de","severity":"debug","timestamp":"2026-03-25T12:07:13.507877622Z"}
{"currency":"GBP","http.req.id":"138c4cb3-4ca7-4f85-82a8-b0e1a1c25782","http.req.method":"GET","http.req.path":"/product/0PUK6V6EV0","id":"0PUK6V6EV0","message":"serving product page","session":"514e00c6-206e-4c6e-873f-852b796455de","severity":"debug","timestamp":"2026-03-25T12:07:13.507970779Z"}
{"http.req.id":"138c4cb3-4ca7-4f85-82a8-b0e1a1c25782","http.req.method":"GET","http.req.path":"/product/0PUK6V6EV0","http.resp.bytes":7964,"http.resp.status":200,"http.resp.took_ms":18,"message":"request complete","session":"514e00c6-206e-4c6e-873f-852b796455de","severity":"debug","timestamp":"2026-03-25T12:07:13.52682164Z"}
{"http.req.id":"af9a0fe0-77f7-4a81-8dca-7fdcc307a163","http.req.method":"GET","http.req.path":"/product/66VCHSJNUP","message":"request started","session":"2d3bf3d7-22b5-49c9-8227-12126292f393","severity":"debug","timestamp":"2026-03-25T12:07:14.679212382Z"}
{"currency":"EUR","http.req.id":"af9a0fe0-77f7-4a81-8dca-7fdcc307a163","http.req.method":"GET","http.req.path":"/product/66VCHSJNUP","id":"66VCHSJNUP","message":"serving product page","session":"2d3bf3d7-22b5-49c9-8227-12126292f393","severity":"debug","timestamp":"2026-03-25T12:07:14.679305636Z"}
{"http.req.id":"af9a0fe0-77f7-4a81-8dca-7fdcc307a163","http.req.method":"GET","http.req.path":"/product/66VCHSJNUP","http.resp.bytes":7966,"http.resp.status":200,"http.resp.took_ms":36,"message":"request complete","session":"2d3bf3d7-22b5-49c9-8227-12126292f393","severity":"debug","timestamp":"2026-03-25T12:07:14.716127717Z"}
{"http.req.id":"482746d5-db2f-4f12-941a-c639e4abed7e","http.req.method":"POST","http.req.path":"/cart","message":"request started","session":"2d3bf3d7-22b5-49c9-8227-12126292f393","severity":"debug","timestamp":"2026-03-25T12:07:14.717267082Z"}
{"http.req.id":"482746d5-db2f-4f12-941a-c639e4abed7e","http.req.method":"POST","http.req.path":"/cart","message":"adding to cart","product":"66VCHSJNUP","quantity":4,"session":"2d3bf3d7-22b5-49c9-8227-12126292f393","severity":"debug","timestamp":"2026-03-25T12:07:14.717452376Z"}
{"http.req.id":"482746d5-db2f-4f12-941a-c639e4abed7e","http.req.method":"POST","http.req.path":"/cart","http.resp.bytes":0,"http.resp.status":302,"http.resp.took_ms":32,"message":"request complete","session":"2d3bf3d7-22b5-49c9-8227-12126292f393","severity":"debug","timestamp":"2026-03-25T12:07:14.7500523Z"}
{"http.req.id":"38bc0d3a-da9f-440c-a005-a020fe5a78ce","http.req.method":"GET","http.req.path":"/cart","message":"request started","session":"2d3bf3d7-22b5-49c9-8227-12126292f393","severity":"debug","timestamp":"2026-03-25T12:07:14.751452297Z"}
{"http.req.id":"38bc0d3a-da9f-440c-a005-a020fe5a78ce","http.req.method":"GET","http.req.path":"/cart","message":"view user cart","session":"2d3bf3d7-22b5-49c9-8227-12126292f393","severity":"debug","timestamp":"2026-03-25T12:07:14.751534986Z"}
{"http.req.id":"38bc0d3a-da9f-440c-a005-a020fe5a78ce","http.req.method":"GET","http.req.path":"/cart","http.resp.bytes":16465,"http.resp.status":200,"http.resp.took_ms":21,"message":"request complete","session":"2d3bf3d7-22b5-49c9-8227-12126292f393","severity":"debug","timestamp":"2026-03-25T12:07:14.773278138Z"}
{"http.req.id":"30cf19bc-5aaa-42ca-8273-dd800068e8e2","http.req.method":"POST","http.req.path":"/cart/checkout","message":"request started","session":"2d3bf3d7-22b5-49c9-8227-12126292f393","severity":"debug","timestamp":"2026-03-25T12:07:14.77521995Z"}
{"http.req.id":"30cf19bc-5aaa-42ca-8273-dd800068e8e2","http.req.method":"POST","http.req.path":"/cart/checkout","message":"placing order","session":"2d3bf3d7-22b5-49c9-8227-12126292f393","severity":"debug","timestamp":"2026-03-25T12:07:14.775300567Z"}
{"http.req.id":"30cf19bc-5aaa-42ca-8273-dd800068e8e2","http.req.method":"POST","http.req.path":"/cart/checkout","message":"order placed","order":"29676ce4-2843-11f1-a4a0-927ce8a683d8","session":"2d3bf3d7-22b5-49c9-8227-12126292f393","severity":"info","timestamp":"2026-03-25T12:07:14.849938554Z"}
{"http.req.id":"30cf19bc-5aaa-42ca-8273-dd800068e8e2","http.req.method":"POST","http.req.path":"/cart/checkout","http.resp.bytes":6830,"http.resp.status":200,"http.resp.took_ms":84,"message":"request complete","session":"2d3bf3d7-22b5-49c9-8227-12126292f393","severity":"debug","timestamp":"2026-03-25T12:07:14.859605033Z"}
{"http.req.id":"15479b23-012c-422d-bcf5-baf069d91d46","http.req.method":"GET","http.req.path":"/product/1YMWWN1N4O","message":"request started","session":"a38c2610-1665-4c93-8051-4c451f5de325","severity":"debug","timestamp":"2026-03-25T12:07:15.329447929Z"}
{"currency":"JPY","http.req.id":"15479b23-012c-422d-bcf5-baf069d91d46","http.req.method":"GET","http.req.path":"/product/1YMWWN1N4O","id":"1YMWWN1N4O","message":"serving product page","session":"a38c2610-1665-4c93-8051-4c451f5de325","severity":"debug","timestamp":"2026-03-25T12:07:15.329539239Z"}
{"http.req.id":"50e59bc6-6c70-4cf8-8932-7954f6a5248f","http.req.method":"GET","http.req.path":"/product/6E92ZMYYFZ","message":"request started","session":"fcb2831f-0627-4791-ac1d-23821dc5b140","severity":"debug","timestamp":"2026-03-25T12:07:15.35627447Z"}
{"currency":"EUR","http.req.id":"50e59bc6-6c70-4cf8-8932-7954f6a5248f","http.req.method":"GET","http.req.path":"/product/6E92ZMYYFZ","id":"6E92ZMYYFZ","message":"serving product page","session":"fcb2831f-0627-4791-ac1d-23821dc5b140","severity":"debug","timestamp":"2026-03-25T12:07:15.356349712Z"}
{"http.req.id":"15479b23-012c-422d-bcf5-baf069d91d46","http.req.method":"GET","http.req.path":"/product/1YMWWN1N4O","http.resp.bytes":8077,"http.resp.status":200,"http.resp.took_ms":34,"message":"request complete","session":"a38c2610-1665-4c93-8051-4c451f5de325","severity":"debug","timestamp":"2026-03-25T12:07:15.364088035Z"}
{"http.req.id":"50e59bc6-6c70-4cf8-8932-7954f6a5248f","http.req.method":"GET","http.req.path":"/product/6E92ZMYYFZ","http.resp.bytes":7931,"http.resp.status":200,"http.resp.took_ms":19,"message":"request complete","session":"fcb2831f-0627-4791-ac1d-23821dc5b140","severity":"debug","timestamp":"2026-03-25T12:07:15.375662304Z"}
{"http.req.id":"ca4f4404-8cb0-48ff-a0f6-fa3d490cde3c","http.req.method":"GET","http.req.path":"/product/OLJCESPC7Z","message":"request started","session":"df4ce93a-5d92-40a8-93c2-540bf11bbb4d","severity":"debug","timestamp":"2026-03-25T12:07:15.981586525Z"}
{"currency":"TRY","http.req.id":"ca4f4404-8cb0-48ff-a0f6-fa3d490cde3c","http.req.method":"GET","http.req.path":"/product/OLJCESPC7Z","id":"OLJCESPC7Z","message":"serving product page","session":"df4ce93a-5d92-40a8-93c2-540bf11bbb4d","severity":"debug","timestamp":"2026-03-25T12:07:15.981710314Z"}
{"http.req.id":"ca4f4404-8cb0-48ff-a0f6-fa3d490cde3c","http.req.method":"GET","http.req.path":"/product/OLJCESPC7Z","http.resp.bytes":7992,"http.resp.status":200,"http.resp.took_ms":27,"message":"request complete","session":"df4ce93a-5d92-40a8-93c2-540bf11bbb4d","severity":"debug","timestamp":"2026-03-25T12:07:16.009545273Z"}
{"http.req.id":"cca75123-dcdb-4ef7-aaa8-e12f018ff6c5","http.req.method":"GET","http.req.path":"/_healthz","message":"request started","session":"x-liveness-probe","severity":"debug","timestamp":"2026-03-25T12:07:17.256508387Z"}
{"http.req.id":"cca75123-dcdb-4ef7-aaa8-e12f018ff6c5","http.req.method":"GET","http.req.path":"/_healthz","http.resp.bytes":2,"http.resp.status":200,"http.resp.took_ms":0,"message":"request complete","session":"x-liveness-probe","severity":"debug","timestamp":"2026-03-25T12:07:17.256612173Z"}
