{"http.req.id":"74c7a8e6-c0f6-4c9b-934d-33f2e3149175","http.req.method":"GET","http.req.path":"/cart","message":"view user cart","session":"a38c2610-1665-4c93-8051-4c451f5de325","severity":"debug","timestamp":"2026-03-25T12:02:56.677155031Z"}
{"http.req.id":"74c7a8e6-c0f6-4c9b-934d-33f2e3149175","http.req.method":"GET","http.req.path":"/cart","http.resp.bytes":16414,"http.resp.status":200,"http.resp.took_ms":302,"message":"request complete","session":"a38c2610-1665-4c93-8051-4c451f5de325","severity":"debug","timestamp":"2026-03-25T12:02:56.97915285Z"}
{"http.req.id":"e3895013-f56c-4b13-979b-213a46030bd5","http.req.method":"GET","http.req.path":"/cart","message":"request started","session":"fcb2831f-0627-4791-ac1d-23821dc5b140","severity":"debug","timestamp":"2026-03-25T12:02:57.378415417Z"}
{"http.req.id":"e3895013-f56c-4b13-979b-213a46030bd5","http.req.method":"GET","http.req.path":"/cart","message":"view user cart","session":"fcb2831f-0627-4791-ac1d-23821dc5b140","severity":"debug","timestamp":"2026-03-25T12:02:57.378505457Z"}
{"http.req.id":"bc405f7a-f5d7-45e7-9554-1695d4de852f","http.req.method":"GET","http.req.path":"/product/9SIQT8TOJO","message":"request started","session":"df4ce93a-5d92-40a8-93c2-540bf11bbb4d","severity":"debug","timestamp":"2026-03-25T12:02:57.516975037Z"}
{"currency":"TRY","http.req.id":"bc405f7a-f5d7-45e7-9554-1695d4de852f","http.req.method":"GET","http.req.path":"/product/9SIQT8TOJO","id":"9SIQT8TOJO","message":"serving product page","session":"df4ce93a-5d92-40a8-93c2-540bf11bbb4d","severity":"debug","timestamp":"2026-03-25T12:02:57.517121841Z"}
{"http.req.id":"97b9dfc0-3134-4d0e-9928-7f9cf0ee96c7","http.req.method":"GET","http.req.path":"/product/OLJCESPC7Z","message":"request started","session":"2d3bf3d7-22b5-49c9-8227-12126292f393","severity":"debug","timestamp":"2026-03-25T12:02:57.572233521Z"}
{"currency":"GBP","http.req.id":"97b9dfc0-3134-4d0e-9928-7f9cf0ee96c7","http.req.method":"GET","http.req.path":"/product/OLJCESPC7Z","id":"OLJCESPC7Z","message":"serving product page","session":"2d3bf3d7-22b5-49c9-8227-12126292f393","severity":"debug","timestamp":"2026-03-25T12:02:57.572325841Z"}
{"http.req.id":"e3895013-f56c-4b13-979b-213a46030bd5","http.req.method":"GET","http.req.path":"/cart","http.resp.bytes":20676,"http.resp.status":200,"http.resp.took_ms":205,"message":"request complete","session":"fcb2831f-0627-4791-ac1d-23821dc5b140","severity":"debug","timestamp":"2026-03-25T12:02:57.584321333Z"}
{"http.req.id":"97b9dfc0-3134-4d0e-9928-7f9cf0ee96c7","http.req.method":"GET","http.req.path":"/product/OLJCESPC7Z","http.resp.bytes":8041,"http.resp.status":200,"http.resp.took_ms":95,"message":"request complete","session":"2d3bf3d7-22b5-49c9-8227-12126292f393","severity":"debug","timestamp":"2026-03-25T12:02:57.667410006Z"}
{"http.req.id":"bc405f7a-f5d7-45e7-9554-1695d4de852f","http.req.method":"GET","http.req.path":"/product/9SIQT8TOJO","http.resp.bytes":7967,"http.resp.status":200,"http.resp.took_ms":349,"message":"request complete","session":"df4ce93a-5d92-40a8-93c2-540bf11bbb4d","severity":"debug","timestamp":"2026-03-25T12:02:57.866599131Z"}
{"http.req.id":"79d5981c-5e4e-4de3-9c44-10c2d3f322af","http.req.method":"POST","http.req.path":"/cart","message":"request started","session":"df4ce93a-5d92-40a8-93c2-540bf11bbb4d","severity":"debug","timestamp":"2026-03-25T12:02:57.868107961Z"}
{"http.req.id":"79d5981c-5e4e-4de3-9c44-10c2d3f322af","http.req.method":"POST","http.req.path":"/cart","message":"adding to cart","product":"9SIQT8TOJO","quantity":1,"session":"df4ce93a-5d92-40a8-93c2-540bf11bbb4d","severity":"debug","timestamp":"2026-03-25T12:02:57.868241259Z"}
{"http.req.id":"79d5981c-5e4e-4de3-9c44-10c2d3f322af","http.req.method":"POST","http.req.path":"/cart","http.resp.bytes":0,"http.resp.status":302,"http.resp.took_ms":4,"message":"request complete","session":"df4ce93a-5d92-40a8-93c2-540bf11bbb4d","severity":"debug","timestamp":"2026-03-25T12:02:57.872151883Z"}
{"http.req.id":"4a7046f2-ea95-4fee-936c-31eeabb6f8b2","http.req.method":"GET","http.req.path":"/cart","message":"request started","session":"df4ce93a-5d92-40a8-93c2-540bf11bbb4d","severity":"debug","timestamp":"2026-03-25T12:02:57.87403578Z"}
{"http.req.id":"4a7046f2-ea95-4fee-936c-31eeabb6f8b2","http.req.method":"GET","http.req.path":"/cart","message":"view user cart","session":"df4ce93a-5d92-40a8-93c2-540bf11bbb4d","severity":"debug","timestamp":"2026-03-25T12:02:57.874129299Z"}
{"http.req.id":"b4dbf2a1-a557-408d-9ec0-44340504e3ad","http.req.method":"GET","http.req.path":"/product/0PUK6V6EV0","message":"request started","session":"32217267-98ca-4d66-9fc8-3f088b8def0f","severity":"debug","timestamp":"2026-03-25T12:02:57.875044487Z"}
{"currency":"GBP","http.req.id":"b4dbf2a1-a557-408d-9ec0-44340504e3ad","http.req.method":"GET","http.req.path":"/product/0PUK6V6EV0","id":"0PUK6V6EV0","message":"serving product page","session":"32217267-98ca-4d66-9fc8-3f088b8def0f","severity":"debug","timestamp":"2026-03-25T12:02:57.875121816Z"}
{"http.req.id":"4a7046f2-ea95-4fee-936c-31eeabb6f8b2","http.req.method":"GET","http.req.path":"/cart","http.resp.bytes":16406,"http.resp.status":200,"http.resp.took_ms":295,"message":"request complete","session":"df4ce93a-5d92-40a8-93c2-540bf11bbb4d","severity":"debug","timestamp":"2026-03-25T12:02:58.169223778Z"}
{"http.req.id":"b4dbf2a1-a557-408d-9ec0-44340504e3ad","http.req.method":"GET","http.req.path":"/product/0PUK6V6EV0","http.resp.bytes":7874,"http.resp.status":200,"http.resp.took_ms":494,"message":"request complete","session":"32217267-98ca-4d66-9fc8-3f088b8def0f","severity":"debug","timestamp":"2026-03-25T12:02:58.369973307Z"}
{"http.req.id":"b3c7ec8c-d21e-4dcb-923a-f45be1a8b13e","http.req.method":"POST","http.req.path":"/cart","message":"request started","session":"32217267-98ca-4d66-9fc8-3f088b8def0f","severity":"debug","timestamp":"2026-03-25T12:02:58.371113491Z"}
{"http.req.id":"b3c7ec8c-d21e-4dcb-923a-f45be1a8b13e","http.req.method":"POST","http.req.path":"/cart","message":"adding to cart","product":"0PUK6V6EV0","quantity":6,"session":"32217267-98ca-4d66-9fc8-3f088b8def0f","severity":"debug","timestamp":"2026-03-25T12:02:58.371325096Z"}
{"http.req.id":"b3c7ec8c-d21e-4dcb-923a-f45be1a8b13e","http.req.method":"POST","http.req.path":"/cart","http.resp.bytes":0,"http.resp.status":302,"http.resp.took_ms":4,"message":"request complete","session":"32217267-98ca-4d66-9fc8-3f088b8def0f","severity":"debug","timestamp":"2026-03-25T12:02:58.375503705Z"}
{"http.req.id":"01fc988f-826e-4f4b-8981-5f1bc03416f9","http.req.method":"GET","http.req.path":"/cart","message":"request started","session":"32217267-98ca-4d66-9fc8-3f088b8def0f","severity":"debug","timestamp":"2026-03-25T12:02:58.377835206Z"}
{"http.req.id":"01fc988f-826e-4f4b-8981-5f1bc03416f9","http.req.method":"GET","http.req.path":"/cart","message":"view user cart","session":"32217267-98ca-4d66-9fc8-3f088b8def0f","severity":"debug","timestamp":"2026-03-25T12:02:58.377944609Z"}
{"http.req.id":"01fc988f-826e-4f4b-8981-5f1bc03416f9","http.req.method":"GET","http.req.path":"/cart","http.resp.bytes":16407,"http.resp.status":200,"http.resp.took_ms":90,"message":"request complete","session":"32217267-98ca-4d66-9fc8-3f088b8def0f","severity":"debug","timestamp":"2026-03-25T12:02:58.468621273Z"}
{"http.req.id":"ff4cfdcb-b6e5-406d-9154-e16532bcd6b9","http.req.method":"POST","http.req.path":"/cart/checkout","message":"request started","session":"32217267-98ca-4d66-9fc8-3f088b8def0f","severity":"debug","timestamp":"2026-03-25T12:02:58.470640565Z"}
{"http.req.id":"ff4cfdcb-b6e5-406d-9154-e16532bcd6b9","http.req.method":"POST","http.req.path":"/cart/checkout","message":"placing order","session":"32217267-98ca-4d66-9fc8-3f088b8def0f","severity":"debug","timestamp":"2026-03-25T12:02:58.470710247Z"}
{"http.req.id":"ff4cfdcb-b6e5-406d-9154-e16532bcd6b9","http.req.method":"POST","http.req.path":"/cart/checkout","message":"order placed","order":"90a27389-2842-11f1-a4a0-927ce8a683d8","session":"32217267-98ca-4d66-9fc8-3f088b8def0f","severity":"info","timestamp":"2026-03-25T12:02:58.485842673Z"}
{"http.req.id":"bdd06e48-94bc-4097-9f4c-747c35f1ef55","http.req.method":"GET","http.req.path":"/product/0PUK6V6EV0","message":"request started","session":"514e00c6-206e-4c6e-873f-852b796455de","severity":"debug","timestamp":"2026-03-25T12:02:58.646708388Z"}
{"currency":"USD","http.req.id":"bdd06e48-94bc-4097-9f4c-747c35f1ef55","http.req.method":"GET","http.req.path":"/product/0PUK6V6EV0","id":"0PUK6V6EV0","message":"serving product page","session":"514e00c6-206e-4c6e-873f-852b796455de","severity":"debug","timestamp":"2026-03-25T12:02:58.646804348Z"}
{"http.req.id":"ff4cfdcb-b6e5-406d-9154-e16532bcd6b9","http.req.method":"POST","http.req.path":"/cart/checkout","http.resp.bytes":6727,"http.resp.status":200,"http.resp.took_ms":198,"message":"request complete","session":"32217267-98ca-4d66-9fc8-3f088b8def0f","severity":"debug","timestamp":"2026-03-25T12:02:58.669308048Z"}
{"http.req.id":"bdd06e48-94bc-4097-9f4c-747c35f1ef55","http.req.method":"GET","http.req.path":"/product/0PUK6V6EV0","http.resp.bytes":7878,"http.resp.status":200,"http.resp.took_ms":26,"message":"request complete","session":"514e00c6-206e-4c6e-873f-852b796455de","severity":"debug","timestamp":"2026-03-25T12:02:58.672793397Z"}
{"http.req.id":"43bd094d-6075-4999-b3df-27b8ab87663c","http.req.method":"GET","http.req.path":"/_healthz","message":"request started","session":"x-readiness-probe","severity":"debug","timestamp":"2026-03-25T12:02:59.115730506Z"}
{"http.req.id":"43bd094d-6075-4999-b3df-27b8ab87663c","http.req.method":"GET","http.req.path":"/_healthz","http.resp.bytes":2,"http.resp.status":200,"http.resp.took_ms":0,"message":"request complete","session":"x-readiness-probe","severity":"debug","timestamp":"2026-03-25T12:02:59.115818002Z"}
{"http.req.id":"86c06c03-e1fa-459e-b6ca-daed67230036","http.req.method":"GET","http.req.path":"/product/66VCHSJNUP","message":"request started","session":"2d3bf3d7-22b5-49c9-8227-12126292f393","severity":"debug","timestamp":"2026-03-25T12:02:59.800169377Z"}
{"currency":"GBP","http.req.id":"86c06c03-e1fa-459e-b6ca-daed67230036","http.req.method":"GET","http.req.path":"/product/66VCHSJNUP","id":"66VCHSJNUP","message":"serving product page","session":"2d3bf3d7-22b5-49c9-8227-12126292f393","severity":"debug","timestamp":"2026-03-25T12:02:59.800244164Z"}
{"http.req.id":"86c06c03-e1fa-459e-b6ca-daed67230036","http.req.method":"GET","http.req.path":"/product/66VCHSJNUP","http.resp.bytes":7968,"http.resp.status":200,"http.resp.took_ms":68,"message":"request complete","session":"2d3bf3d7-22b5-49c9-8227-12126292f393","severity":"debug","timestamp":"2026-03-25T12:02:59.868711173Z"}
{"http.req.id":"cfe116cd-d87e-44d2-93f2-d277c18955c4","http.req.method":"POST","http.req.path":"/setCurrency","message":"request started","session":"513dd945-739c-4fe3-8e54-6e6927fbb733","severity":"debug","timestamp":"2026-03-25T12:03:00.510213926Z"}
{"curr.new":"TRY","curr.old":"USD","http.req.id":"cfe116cd-d87e-44d2-93f2-d277c18955c4","http.req.method":"POST","http.req.path":"/setCurrency","message":"setting currency","session":"513dd945-739c-4fe3-8e54-6e6927fbb733","severity":"debug","timestamp":"2026-03-25T12:03:00.510357637Z"}
{"http.req.id":"cfe116cd-d87e-44d2-93f2-d277c18955c4","http.req.method":"POST","http.req.path":"/setCurrency","http.resp.bytes":0,"http.resp.status":302,"http.resp.took_ms":0,"message":"request complete","session":"513dd945-739c-4fe3-8e54-6e6927fbb733","severity":"debug","timestamp":"2026-03-25T12:03:00.510395835Z"}
{"http.req.id":"8f4a6aae-6f7c-4615-a1bb-210569880e50","http.req.method":"GET","http.req.path":"/","message":"request started","session":"513dd945-739c-4fe3-8e54-6e6927fbb733","severity":"debug","timestamp":"2026-03-25T12:03:00.511378164Z"}
{"currency":"TRY","http.req.id":"8f4a6aae-6f7c-4615-a1bb-210569880e50","http.req.method":"GET","http.req.path":"/","message":"home","session":"513dd945-739c-4fe3-8e54-6e6927fbb733","severity":"info","timestamp":"2026-03-25T12:03:00.511453309Z"}
env platform is either empty or invalid
{"http.req.id":"8f4a6aae-6f7c-4615-a1bb-210569880e50","http.req.method":"GET","http.req.path":"/","message":"ENV_PLATFORM is: local","session":"513dd945-739c-4fe3-8e54-6e6927fbb733","severity":"debug","timestamp":"2026-03-25T12:03:00.545519433Z"}
{"http.req.id":"8f4a6aae-6f7c-4615-a1bb-210569880e50","http.req.method":"GET","http.req.path":"/","http.resp.bytes":10501,"http.resp.status":200,"http.resp.took_ms":36,"message":"request complete","session":"513dd945-739c-4fe3-8e54-6e6927fbb733","severity":"debug","timestamp":"2026-03-25T12:03:00.548011454Z"}
{"http.req.id":"c9fb0967-9d12-4755-8761-4276c3e0ef4f","http.req.method":"GET","http.req.path":"/product/2ZYFJ3GM2N","message":"request started","session":"df4ce93a-5d92-40a8-93c2-540bf11bbb4d","severity":"debug","timestamp":"2026-03-25T12:03:01.645061509Z"}
{"currency":"TRY","http.req.id":"c9fb0967-9d12-4755-8761-4276c3e0ef4f","http.req.method":"GET","http.req.path":"/product/2ZYFJ3GM2N","id":"2ZYFJ3GM2N","message":"serving product page","session":"df4ce93a-5d92-40a8-93c2-540bf11bbb4d","severity":"debug","timestamp":"2026-03-25T12:03:01.645163315Z"}
{"http.req.id":"5499fd3b-e590-4392-a2ba-3b9b3e5f41e7","http.req.method":"GET","http.req.path":"/cart","message":"request started","session":"ecb080bf-5333-403f-9547-c8725d499228","severity":"debug","timestamp":"2026-03-25T12:03:01.689872042Z"}
{"http.req.id":"5499fd3b-e590-4392-a2ba-3b9b3e5f41e7","http.req.method":"GET","http.req.path":"/cart","message":"view user cart","session":"ecb080bf-5333-403f-9547-c8725d499228","severity":"debug","timestamp":"2026-03-25T12:03:01.689949075Z"}
{"http.req.id":"c9fb0967-9d12-4755-8761-4276c3e0ef4f","http.req.method":"GET","http.req.path":"/product/2ZYFJ3GM2N","http.resp.bytes":7990,"http.resp.status":200,"http.resp.took_ms":236,"message":"request complete","session":"df4ce93a-5d92-40a8-93c2-540bf11bbb4d","severity":"debug","timestamp":"2026-03-25T12:03:01.881656362Z"}
{"http.req.id":"7855e80a-bb94-430b-a8c5-ab5d98a3faaa","http.req.method":"POST","http.req.path":"/cart","message":"request started","session":"df4ce93a-5d92-40a8-93c2-540bf11bbb4d","severity":"debug","timestamp":"2026-03-25T12:03:01.885857668Z"}
{"http.req.id":"7855e80a-bb94-430b-a8c5-ab5d98a3faaa","http.req.method":"POST","http.req.path":"/cart","message":"adding to cart","product":"2ZYFJ3GM2N","quantity":9,"session":"df4ce93a-5d92-40a8-93c2-540bf11bbb4d","severity":"debug","timestamp":"2026-03-25T12:03:01.886098903Z"}
{"http.req.id":"7855e80a-bb94-430b-a8c5-ab5d98a3faaa","http.req.method":"POST","http.req.path":"/cart","http.resp.bytes":0,"http.resp.status":302,"http.resp.took_ms":74,"message":"request complete","session":"df4ce93a-5d92-40a8-93c2-540bf11bbb4d","severity":"debug","timestamp":"2026-03-25T12:03:01.96014417Z"}
{"http.req.id":"2d51bfbb-2a59-426a-83c2-c53495b3bafb","http.req.method":"GET","http.req.path":"/cart","message":"request started","session":"df4ce93a-5d92-40a8-93c2-540bf11bbb4d","severity":"debug","timestamp":"2026-03-25T12:03:01.961919541Z"}
{"http.req.id":"2d51bfbb-2a59-426a-83c2-c53495b3bafb","http.req.method":"GET","http.req.path":"/cart","message":"view user cart","session":"df4ce93a-5d92-40a8-93c2-540bf11bbb4d","severity":"debug","timestamp":"2026-03-25T12:03:01.962004458Z"}
{"http.req.id":"5499fd3b-e590-4392-a2ba-3b9b3e5f41e7","http.req.method":"GET","http.req.path":"/cart","http.resp.bytes":20654,"http.resp.status":200,"http.resp.took_ms":371,"message":"request complete","session":"ecb080bf-5333-403f-9547-c8725d499228","severity":"debug","timestamp":"2026-03-25T12:03:02.061668268Z"}
{"http.req.id":"2d51bfbb-2a59-426a-83c2-c53495b3bafb","http.req.method":"GET","http.req.path":"/cart","http.resp.bytes":17855,"http.resp.status":200,"http.resp.took_ms":118,"message":"request complete","session":"df4ce93a-5d92-40a8-93c2-540bf11bbb4d","severity":"debug","timestamp":"2026-03-25T12:03:02.079941457Z"}
{"http.req.id":"b1d79e64-225e-4113-b0f7-571e0a9877fa","http.req.method":"GET","http.req.path":"/cart","message":"request started","session":"694745d8-a179-4c65-83d6-9ed873a7b94b","severity":"debug","timestamp":"2026-03-25T12:03:02.279151935Z"}
{"http.req.id":"b1d79e64-225e-4113-b0f7-571e0a9877fa","http.req.method":"GET","http.req.path":"/cart","message":"view user cart","session":"694745d8-a179-4c65-83d6-9ed873a7b94b","severity":"debug","timestamp":"2026-03-25T12:03:02.279216226Z"}
{"http.req.id":"92d91ffa-fb22-4439-adaf-7fd39a90065a","http.req.method":"GET","http.req.path":"/cart","message":"request started","session":"827eab86-1aba-4a15-8740-5fee5900d10f","severity":"debug","timestamp":"2026-03-25T12:03:02.36689862Z"}
{"http.req.id":"92d91ffa-fb22-4439-adaf-7fd39a90065a","http.req.method":"GET","http.req.path":"/cart","message":"view user cart","session":"827eab86-1aba-4a15-8740-5fee5900d10f","severity":"debug","timestamp":"2026-03-25T12:03:02.367007Z"}
{"http.req.id":"b1d79e64-225e-4113-b0f7-571e0a9877fa","http.req.method":"GET","http.req.path":"/cart","http.resp.bytes":6832,"http.resp.status":200,"http.resp.took_ms":190,"message":"request complete","session":"694745d8-a179-4c65-83d6-9ed873a7b94b","severity":"debug","timestamp":"2026-03-25T12:03:02.469544025Z"}
{"http.req.id":"4b3e80a8-1db9-44d5-b786-6faa3b48d8c7","http.req.method":"GET","http.req.path":"/cart","message":"request started","session":"513dd945-739c-4fe3-8e54-6e6927fbb733","severity":"debug","timestamp":"2026-03-25T12:03:02.484328535Z"}
{"http.req.id":"4b3e80a8-1db9-44d5-b786-6faa3b48d8c7","http.req.method":"GET","http.req.path":"/cart","message":"view user cart","session":"513dd945-739c-4fe3-8e54-6e6927fbb733","severity":"debug","timestamp":"2026-03-25T12:03:02.484465172Z"}
{"http.req.id":"2edcc25d-0f6e-48de-bf47-0ca32f1b6fb9","http.req.method":"GET","http.req.path":"/product/L9ECAV7KIM","message":"request started","session":"a38c2610-1665-4c93-8051-4c451f5de325","severity":"debug","timestamp":"2026-03-25T12:03:02.612599649Z"}
{"currency":"TRY","http.req.id":"2edcc25d-0f6e-48de-bf47-0ca32f1b6fb9","http.req.method":"GET","http.req.path":"/product/L9ECAV7KIM","id":"L9ECAV7KIM","message":"serving product page","session":"a38c2610-1665-4c93-8051-4c451f5de325","severity":"debug","timestamp":"2026-03-25T12:03:02.612709736Z"}
{"http.req.id":"2edcc25d-0f6e-48de-bf47-0ca32f1b6fb9","http.req.method":"GET","http.req.path":"/product/L9ECAV7KIM","http.resp.bytes":7956,"http.resp.status":200,"http.resp.took_ms":162,"message":"request complete","session":"a38c2610-1665-4c93-8051-4c451f5de325","severity":"debug","timestamp":"2026-03-25T12:03:02.775527543Z"}
{"http.req.id":"92d91ffa-fb22-4439-adaf-7fd39a90065a","http.req.method":"GET","http.req.path":"/cart","http.resp.bytes":17809,"http.resp.status":200,"http.resp.took_ms":409,"message":"request complete","session":"827eab86-1aba-4a15-8740-5fee5900d10f","severity":"debug","timestamp":"2026-03-25T12:03:02.776055239Z"}
{"http.req.id":"4b3e80a8-1db9-44d5-b786-6faa3b48d8c7","http.req.method":"GET","http.req.path":"/cart","http.resp.bytes":19245,"http.resp.status":200,"http.resp.took_ms":391,"message":"request complete","session":"513dd945-739c-4fe3-8e54-6e6927fbb733","severity":"debug","timestamp":"2026-03-25T12:03:02.875956229Z"}
{"http.req.id":"571be3a4-2550-44a5-89c8-a3c2ac35db3f","http.req.method":"GET","http.req.path":"/product/2ZYFJ3GM2N","message":"request started","session":"514e00c6-206e-4c6e-873f-852b796455de","severity":"debug","timestamp":"2026-03-25T12:03:04.586576477Z"}
{"currency":"USD","http.req.id":"571be3a4-2550-44a5-89c8-a3c2ac35db3f","http.req.method":"GET","http.req.path":"/product/2ZYFJ3GM2N","id":"2ZYFJ3GM2N","message":"serving product page","session":"514e00c6-206e-4c6e-873f-852b796455de","severity":"debug","timestamp":"2026-03-25T12:03:04.586668437Z"}
{"http.req.id":"c03a22ec-be2d-49d9-894b-03705abc4cbf","http.req.method":"GET","http.req.path":"/product/2ZYFJ3GM2N","message":"request started","session":"df4ce93a-5d92-40a8-93c2-540bf11bbb4d","severity":"debug","timestamp":"2026-03-25T12:03:04.693610706Z"}
{"currency":"TRY","http.req.id":"c03a22ec-be2d-49d9-894b-03705abc4cbf","http.req.method":"GET","http.req.path":"/product/2ZYFJ3GM2N","id":"2ZYFJ3GM2N","message":"serving product page","session":"df4ce93a-5d92-40a8-93c2-540bf11bbb4d","severity":"debug","timestamp":"2026-03-25T12:03:04.69370078Z"}
{"http.req.id":"571be3a4-2550-44a5-89c8-a3c2ac35db3f","http.req.method":"GET","http.req.path":"/product/2ZYFJ3GM2N","http.resp.bytes":7898,"http.resp.status":200,"http.resp.took_ms":388,"message":"request complete","session":"514e00c6-206e-4c6e-873f-852b796455de","severity":"debug","timestamp":"2026-03-25T12:03:04.97553574Z"}
{"http.req.id":"c03a22ec-be2d-49d9-894b-03705abc4cbf","http.req.method":"GET","http.req.path":"/product/2ZYFJ3GM2N","http.resp.bytes":8005,"http.resp.status":200,"http.resp.took_ms":291,"message":"request complete","session":"df4ce93a-5d92-40a8-93c2-540bf11bbb4d","severity":"debug","timestamp":"2026-03-25T12:03:04.985510234Z"}
{"http.req.id":"81dc09ac-3b28-4cbb-beba-1f6e80afa0f3","http.req.method":"POST","http.req.path":"/cart","message":"request started","session":"df4ce93a-5d92-40a8-93c2-540bf11bbb4d","severity":"debug","timestamp":"2026-03-25T12:03:04.987016337Z"}
{"http.req.id":"81dc09ac-3b28-4cbb-beba-1f6e80afa0f3","http.req.method":"POST","http.req.path":"/cart","message":"adding to cart","product":"2ZYFJ3GM2N","quantity":6,"session":"df4ce93a-5d92-40a8-93c2-540bf11bbb4d","severity":"debug","timestamp":"2026-03-25T12:03:04.987195772Z"}
{"http.req.id":"81dc09ac-3b28-4cbb-beba-1f6e80afa0f3","http.req.method":"POST","http.req.path":"/cart","http.resp.bytes":0,"http.resp.status":302,"http.resp.took_ms":4,"message":"request complete","session":"df4ce93a-5d92-40a8-93c2-540bf11bbb4d","severity":"debug","timestamp":"2026-03-25T12:03:04.991391274Z"}
{"http.req.id":"8d16c9fd-1e31-493c-b296-044029706052","http.req.method":"GET","http.req.path":"/cart","message":"request started","session":"df4ce93a-5d92-40a8-93c2-540bf11bbb4d","severity":"debug","timestamp":"2026-03-25T12:03:05.056855619Z"}
{"http.req.id":"8d16c9fd-1e31-493c-b296-044029706052","http.req.method":"GET","http.req.path":"/cart","message":"view user cart","session":"df4ce93a-5d92-40a8-93c2-540bf11bbb4d","severity":"debug","timestamp":"2026-03-25T12:03:05.056906688Z"}
{"http.req.id":"0f028eb3-a789-4fde-8519-9ead924754c1","http.req.method":"GET","http.req.path":"/product/1YMWWN1N4O","message":"request started","session":"fcb2831f-0627-4791-ac1d-23821dc5b140","severity":"debug","timestamp":"2026-03-25T12:03:05.257967644Z"}
{"currency":"USD","http.req.id":"0f028eb3-a789-4fde-8519-9ead924754c1","http.req.method":"GET","http.req.path":"/product/1YMWWN1N4O","id":"1YMWWN1N4O","message":"serving product page","session":"fcb2831f-0627-4791-ac1d-23821dc5b140","severity":"debug","timestamp":"2026-03-25T12:03:05.258045628Z"}
{"http.req.id":"2706a3b5-69ae-47ec-a165-2c7f7131fcb5","http.req.method":"GET","http.req.path":"/product/0PUK6V6EV0","message":"request started","session":"32217267-98ca-4d66-9fc8-3f088b8def0f","severity":"debug","timestamp":"2026-03-25T12:03:05.648275867Z"}
{"currency":"GBP","http.req.id":"2706a3b5-69ae-47ec-a165-2c7f7131fcb5","http.req.method":"GET","http.req.path":"/product/0PUK6V6EV0","id":"0PUK6V6EV0","message":"serving product page","session":"32217267-98ca-4d66-9fc8-3f088b8def0f","severity":"debug","timestamp":"2026-03-25T12:03:05.648369182Z"}
{"http.req.id":"e885391f-6a39-4cb1-983e-294bb931cb00","http.req.method":"GET","http.req.path":"/product/1YMWWN1N4O","message":"request started","session":"694745d8-a179-4c65-83d6-9ed873a7b94b","severity":"debug","timestamp":"2026-03-25T12:03:05.768761135Z"}
{"currency":"JPY","http.req.id":"e885391f-6a39-4cb1-983e-294bb931cb00","http.req.method":"GET","http.req.path":"/product/1YMWWN1N4O","id":"1YMWWN1N4O","message":"serving product page","session":"694745d8-a179-4c65-83d6-9ed873a7b94b","severity":"debug","timestamp":"2026-03-25T12:03:05.769122962Z"}
{"http.req.id":"8d16c9fd-1e31-493c-b296-044029706052","http.req.method":"GET","http.req.path":"/cart","http.resp.bytes":17830,"http.resp.status":200,"http.resp.took_ms":715,"message":"request complete","session":"df4ce93a-5d92-40a8-93c2-540bf11bbb4d","severity":"debug","timestamp":"2026-03-25T12:03:05.771853473Z"}
{"http.req.id":"4f22fbc9-fe1c-444c-b2c9-561e9e312289","http.req.method":"POST","http.req.path":"/cart/checkout","message":"request started","session":"df4ce93a-5d92-40a8-93c2-540bf11bbb4d","severity":"debug","timestamp":"2026-03-25T12:03:05.778811349Z"}
{"http.req.id":"4f22fbc9-fe1c-444c-b2c9-561e9e312289","http.req.method":"POST","http.req.path":"/cart/checkout","message":"placing order","session":"df4ce93a-5d92-40a8-93c2-540bf11bbb4d","severity":"debug","timestamp":"2026-03-25T12:03:05.778910461Z"}
{"http.req.id":"4f22fbc9-fe1c-444c-b2c9-561e9e312289","http.req.method":"POST","http.req.path":"/cart/checkout","message":"order placed","order":"94fd9dfd-2842-11f1-a4a0-927ce8a683d8","session":"df4ce93a-5d92-40a8-93c2-540bf11bbb4d","severity":"info","timestamp":"2026-03-25T12:03:05.800139573Z"}
{"http.req.id":"3eeb92cd-51d7-4bc6-93e2-2e9cc73f3ec6","http.req.method":"GET","http.req.path":"/_healthz","message":"request started","session":"x-liveness-probe","severity":"debug","timestamp":"2026-03-25T12:03:05.862827122Z"}
{"http.req.id":"3eeb92cd-51d7-4bc6-93e2-2e9cc73f3ec6","http.req.method":"GET","http.req.path":"/_healthz","http.resp.bytes":2,"http.resp.status":200,"http.resp.took_ms":0,"message":"request complete","session":"x-liveness-probe","severity":"debug","timestamp":"2026-03-25T12:03:05.862902245Z"}
{"http.req.id":"0f028eb3-a789-4fde-8519-9ead924754c1","http.req.method":"GET","http.req.path":"/product/1YMWWN1N4O","http.resp.bytes":7982,"http.resp.status":200,"http.resp.took_ms":610,"message":"request complete","session":"fcb2831f-0627-4791-ac1d-23821dc5b140","severity":"debug","timestamp":"2026-03-25T12:03:05.8684709Z"}
{"http.req.id":"2706a3b5-69ae-47ec-a165-2c7f7131fcb5","http.req.method":"GET","http.req.path":"/product/0PUK6V6EV0","http.resp.bytes":7926,"http.resp.status":200,"http.resp.took_ms":515,"message":"request complete","session":"32217267-98ca-4d66-9fc8-3f088b8def0f","severity":"debug","timestamp":"2026-03-25T12:03:06.163381605Z"}
{"http.req.id":"43e17261-5e81-4e97-96c4-1e1c055ba914","http.req.method":"GET","http.req.path":"/product/2ZYFJ3GM2N","message":"request started","session":"513dd945-739c-4fe3-8e54-6e6927fbb733","severity":"debug","timestamp":"2026-03-25T12:03:06.387432716Z"}
{"currency":"TRY","http.req.id":"43e17261-5e81-4e97-96c4-1e1c055ba914","http.req.method":"GET","http.req.path":"/product/2ZYFJ3GM2N","id":"2ZYFJ3GM2N","message":"serving product page","session":"513dd945-739c-4fe3-8e54-6e6927fbb733","severity":"debug","timestamp":"2026-03-25T12:03:06.387569283Z"}
{"http.req.id":"e885391f-6a39-4cb1-983e-294bb931cb00","http.req.method":"GET","http.req.path":"/product/1YMWWN1N4O","http.resp.bytes":7930,"http.resp.status":200,"http.resp.took_ms":695,"message":"request complete","session":"694745d8-a179-4c65-83d6-9ed873a7b94b","severity":"debug","timestamp":"2026-03-25T12:03:06.464192239Z"}
{"http.req.id":"4f22fbc9-fe1c-444c-b2c9-561e9e312289","http.req.method":"POST","http.req.path":"/cart/checkout","http.resp.bytes":6770,"http.resp.status":200,"http.resp.took_ms":689,"message":"request complete","session":"df4ce93a-5d92-40a8-93c2-540bf11bbb4d","severity":"debug","timestamp":"2026-03-25T12:03:06.468442454Z"}
{"http.req.id":"43e17261-5e81-4e97-96c4-1e1c055ba914","http.req.method":"GET","http.req.path":"/product/2ZYFJ3GM2N","http.resp.bytes":7991,"http.resp.status":200,"http.resp.took_ms":83,"message":"request complete","session":"513dd945-739c-4fe3-8e54-6e6927fbb733","severity":"debug","timestamp":"2026-03-25T12:03:06.470592211Z"}
