{"http.req.id":"a780c52d-4054-45a0-8eea-b3ac9ddb9d07","http.req.method":"GET","http.req.path":"/product/6E92ZMYYFZ","http.resp.bytes":7855,"http.resp.status":200,"http.resp.took_ms":16,"message":"request complete","session":"513dd945-739c-4fe3-8e54-6e6927fbb733","severity":"debug","timestamp":"2026-03-25T12:01:29.028161053Z"}
{"http.req.id":"64311534-a650-4175-8321-20289fb9fe19","http.req.method":"POST","http.req.path":"/cart","message":"request started","session":"513dd945-739c-4fe3-8e54-6e6927fbb733","severity":"debug","timestamp":"2026-03-25T12:01:29.029362381Z"}
{"http.req.id":"64311534-a650-4175-8321-20289fb9fe19","http.req.method":"POST","http.req.path":"/cart","message":"adding to cart","product":"6E92ZMYYFZ","quantity":9,"session":"513dd945-739c-4fe3-8e54-6e6927fbb733","severity":"debug","timestamp":"2026-03-25T12:01:29.029542561Z"}
{"http.req.id":"64311534-a650-4175-8321-20289fb9fe19","http.req.method":"POST","http.req.path":"/cart","http.resp.bytes":0,"http.resp.status":302,"http.resp.took_ms":4,"message":"request complete","session":"513dd945-739c-4fe3-8e54-6e6927fbb733","severity":"debug","timestamp":"2026-03-25T12:01:29.03343054Z"}
{"http.req.id":"65c4786b-44ae-4c81-a5dc-8498bde6a814","http.req.method":"GET","http.req.path":"/cart","message":"request started","session":"513dd945-739c-4fe3-8e54-6e6927fbb733","severity":"debug","timestamp":"2026-03-25T12:01:29.0346298Z"}
{"http.req.id":"65c4786b-44ae-4c81-a5dc-8498bde6a814","http.req.method":"GET","http.req.path":"/cart","message":"view user cart","session":"513dd945-739c-4fe3-8e54-6e6927fbb733","severity":"debug","timestamp":"2026-03-25T12:01:29.034704583Z"}
{"http.req.id":"65c4786b-44ae-4c81-a5dc-8498bde6a814","http.req.method":"GET","http.req.path":"/cart","http.resp.bytes":16413,"http.resp.status":200,"http.resp.took_ms":16,"message":"request complete","session":"513dd945-739c-4fe3-8e54-6e6927fbb733","severity":"debug","timestamp":"2026-03-25T12:01:29.051469551Z"}
{"http.req.id":"34ae274b-df7f-4522-9475-d2e4e9f9ff55","http.req.method":"GET","http.req.path":"/","message":"request started","session":"2d3bf3d7-22b5-49c9-8227-12126292f393","severity":"debug","timestamp":"2026-03-25T12:01:29.320563076Z"}
{"currency":"TRY","http.req.id":"34ae274b-df7f-4522-9475-d2e4e9f9ff55","http.req.method":"GET","http.req.path":"/","message":"home","session":"2d3bf3d7-22b5-49c9-8227-12126292f393","severity":"info","timestamp":"2026-03-25T12:01:29.321564584Z"}
env platform is either empty or invalid
{"http.req.id":"34ae274b-df7f-4522-9475-d2e4e9f9ff55","http.req.method":"GET","http.req.path":"/","message":"ENV_PLATFORM is: local","session":"2d3bf3d7-22b5-49c9-8227-12126292f393","severity":"debug","timestamp":"2026-03-25T12:01:29.388570268Z"}
{"http.req.id":"34ae274b-df7f-4522-9475-d2e4e9f9ff55","http.req.method":"GET","http.req.path":"/","http.resp.bytes":10501,"http.resp.status":200,"http.resp.took_ms":71,"message":"request complete","session":"2d3bf3d7-22b5-49c9-8227-12126292f393","severity":"debug","timestamp":"2026-03-25T12:01:29.391920916Z"}
{"http.req.id":"ada6e97c-7bd0-4003-953a-f004df996c58","http.req.method":"GET","http.req.path":"/cart","message":"request started","session":"32217267-98ca-4d66-9fc8-3f088b8def0f","severity":"debug","timestamp":"2026-03-25T12:01:29.528474082Z"}
{"http.req.id":"ada6e97c-7bd0-4003-953a-f004df996c58","http.req.method":"GET","http.req.path":"/cart","message":"view user cart","session":"32217267-98ca-4d66-9fc8-3f088b8def0f","severity":"debug","timestamp":"2026-03-25T12:01:29.528571704Z"}
{"http.req.id":"ada6e97c-7bd0-4003-953a-f004df996c58","http.req.method":"GET","http.req.path":"/cart","http.resp.bytes":6854,"http.resp.status":200,"http.resp.took_ms":14,"message":"request complete","session":"32217267-98ca-4d66-9fc8-3f088b8def0f","severity":"debug","timestamp":"2026-03-25T12:01:29.542635778Z"}
{"http.req.id":"6fa59e21-a6a2-4d64-ad85-ab72cc6bbe4e","http.req.method":"GET","http.req.path":"/product/9SIQT8TOJO","message":"request started","session":"827eab86-1aba-4a15-8740-5fee5900d10f","severity":"debug","timestamp":"2026-03-25T12:01:30.330084875Z"}
{"currency":"CAD","http.req.id":"6fa59e21-a6a2-4d64-ad85-ab72cc6bbe4e","http.req.method":"GET","http.req.path":"/product/9SIQT8TOJO","id":"9SIQT8TOJO","message":"serving product page","session":"827eab86-1aba-4a15-8740-5fee5900d10f","severity":"debug","timestamp":"2026-03-25T12:01:30.330221014Z"}
{"http.req.id":"6fa59e21-a6a2-4d64-ad85-ab72cc6bbe4e","http.req.method":"GET","http.req.path":"/product/9SIQT8TOJO","http.resp.bytes":8019,"http.resp.status":200,"http.resp.took_ms":27,"message":"request complete","session":"827eab86-1aba-4a15-8740-5fee5900d10f","severity":"debug","timestamp":"2026-03-25T12:01:30.357734493Z"}
{"http.req.id":"69e1dbf8-270b-4208-9b8c-393e02279410","http.req.method":"GET","http.req.path":"/cart","message":"request started","session":"694745d8-a179-4c65-83d6-9ed873a7b94b","severity":"debug","timestamp":"2026-03-25T12:01:30.751078142Z"}
{"http.req.id":"69e1dbf8-270b-4208-9b8c-393e02279410","http.req.method":"GET","http.req.path":"/cart","message":"view user cart","session":"694745d8-a179-4c65-83d6-9ed873a7b94b","severity":"debug","timestamp":"2026-03-25T12:01:30.751165776Z"}
{"http.req.id":"69e1dbf8-270b-4208-9b8c-393e02279410","http.req.method":"GET","http.req.path":"/cart","http.resp.bytes":16396,"http.resp.status":200,"http.resp.took_ms":17,"message":"request complete","session":"694745d8-a179-4c65-83d6-9ed873a7b94b","severity":"debug","timestamp":"2026-03-25T12:01:30.76843978Z"}
{"http.req.id":"a019162c-ce67-4f4c-a874-834c754d23d6","http.req.method":"GET","http.req.path":"/","message":"request started","session":"513dd945-739c-4fe3-8e54-6e6927fbb733","severity":"debug","timestamp":"2026-03-25T12:01:30.769427933Z"}
{"currency":"EUR","http.req.id":"a019162c-ce67-4f4c-a874-834c754d23d6","http.req.method":"GET","http.req.path":"/","message":"home","session":"513dd945-739c-4fe3-8e54-6e6927fbb733","severity":"info","timestamp":"2026-03-25T12:01:30.769509028Z"}
{"http.req.id":"0b6aeef9-9851-4e20-ba58-b3152b29180c","http.req.method":"GET","http.req.path":"/_healthz","message":"request started","session":"x-liveness-probe","severity":"debug","timestamp":"2026-03-25T12:01:30.789354874Z"}
{"http.req.id":"0b6aeef9-9851-4e20-ba58-b3152b29180c","http.req.method":"GET","http.req.path":"/_healthz","http.resp.bytes":2,"http.resp.status":200,"http.resp.took_ms":0,"message":"request complete","session":"x-liveness-probe","severity":"debug","timestamp":"2026-03-25T12:01:30.789698266Z"}
{"http.req.id":"35886b64-50ef-4d0c-b715-b3dddab3bc89","http.req.method":"GET","http.req.path":"/product/0PUK6V6EV0","message":"request started","session":"514e00c6-206e-4c6e-873f-852b796455de","severity":"debug","timestamp":"2026-03-25T12:01:30.797173619Z"}
{"currency":"TRY","http.req.id":"35886b64-50ef-4d0c-b715-b3dddab3bc89","http.req.method":"GET","http.req.path":"/product/0PUK6V6EV0","id":"0PUK6V6EV0","message":"serving product page","session":"514e00c6-206e-4c6e-873f-852b796455de","severity":"debug","timestamp":"2026-03-25T12:01:30.797273388Z"}
env platform is either empty or invalid
{"http.req.id":"a019162c-ce67-4f4c-a874-834c754d23d6","http.req.method":"GET","http.req.path":"/","message":"ENV_PLATFORM is: local","session":"513dd945-739c-4fe3-8e54-6e6927fbb733","severity":"debug","timestamp":"2026-03-25T12:01:30.803787707Z"}
{"http.req.id":"a019162c-ce67-4f4c-a874-834c754d23d6","http.req.method":"GET","http.req.path":"/","http.resp.bytes":10491,"http.resp.status":200,"http.resp.took_ms":114,"message":"request complete","session":"513dd945-739c-4fe3-8e54-6e6927fbb733","severity":"debug","timestamp":"2026-03-25T12:01:30.883795485Z"}
{"http.req.id":"35886b64-50ef-4d0c-b715-b3dddab3bc89","http.req.method":"GET","http.req.path":"/product/0PUK6V6EV0","http.resp.bytes":7921,"http.resp.status":200,"http.resp.took_ms":97,"message":"request complete","session":"514e00c6-206e-4c6e-873f-852b796455de","severity":"debug","timestamp":"2026-03-25T12:01:30.894577069Z"}
{"http.req.id":"74151e2b-7317-4063-b823-ddde5c22d3ea","http.req.method":"POST","http.req.path":"/cart","message":"request started","session":"514e00c6-206e-4c6e-873f-852b796455de","severity":"debug","timestamp":"2026-03-25T12:01:30.895604188Z"}
{"http.req.id":"74151e2b-7317-4063-b823-ddde5c22d3ea","http.req.method":"POST","http.req.path":"/cart","message":"adding to cart","product":"0PUK6V6EV0","quantity":1,"session":"514e00c6-206e-4c6e-873f-852b796455de","severity":"debug","timestamp":"2026-03-25T12:01:30.896605177Z"}
{"http.req.id":"74151e2b-7317-4063-b823-ddde5c22d3ea","http.req.method":"POST","http.req.path":"/cart","http.resp.bytes":0,"http.resp.status":302,"http.resp.took_ms":8,"message":"request complete","session":"514e00c6-206e-4c6e-873f-852b796455de","severity":"debug","timestamp":"2026-03-25T12:01:30.90363476Z"}
{"http.req.id":"4d4e859b-aae4-41db-bc41-9be142b1de8c","http.req.method":"GET","http.req.path":"/cart","message":"request started","session":"514e00c6-206e-4c6e-873f-852b796455de","severity":"debug","timestamp":"2026-03-25T12:01:30.904670682Z"}
{"http.req.id":"4d4e859b-aae4-41db-bc41-9be142b1de8c","http.req.method":"GET","http.req.path":"/cart","message":"view user cart","session":"514e00c6-206e-4c6e-873f-852b796455de","severity":"debug","timestamp":"2026-03-25T12:01:30.904809204Z"}
{"http.req.id":"4d4e859b-aae4-41db-bc41-9be142b1de8c","http.req.method":"GET","http.req.path":"/cart","http.resp.bytes":16406,"http.resp.status":200,"http.resp.took_ms":85,"message":"request complete","session":"514e00c6-206e-4c6e-873f-852b796455de","severity":"debug","timestamp":"2026-03-25T12:01:30.989719459Z"}
{"http.req.id":"909070de-6946-475f-9c06-fbb1da00f473","http.req.method":"GET","http.req.path":"/","message":"request started","session":"fcb2831f-0627-4791-ac1d-23821dc5b140","severity":"debug","timestamp":"2026-03-25T12:01:31.493883137Z"}
{"currency":"EUR","http.req.id":"909070de-6946-475f-9c06-fbb1da00f473","http.req.method":"GET","http.req.path":"/","message":"home","session":"fcb2831f-0627-4791-ac1d-23821dc5b140","severity":"info","timestamp":"2026-03-25T12:01:31.494053707Z"}
env platform is either empty or invalid
{"http.req.id":"909070de-6946-475f-9c06-fbb1da00f473","http.req.method":"GET","http.req.path":"/","message":"ENV_PLATFORM is: local","session":"fcb2831f-0627-4791-ac1d-23821dc5b140","severity":"debug","timestamp":"2026-03-25T12:01:31.517600388Z"}
{"http.req.id":"909070de-6946-475f-9c06-fbb1da00f473","http.req.method":"GET","http.req.path":"/","http.resp.bytes":10491,"http.resp.status":200,"http.resp.took_ms":26,"message":"request complete","session":"fcb2831f-0627-4791-ac1d-23821dc5b140","severity":"debug","timestamp":"2026-03-25T12:01:31.520031062Z"}
{"http.req.id":"83b17a11-17f8-4fda-970d-b1d516e36490","http.req.method":"GET","http.req.path":"/product/2ZYFJ3GM2N","message":"request started","session":"df4ce93a-5d92-40a8-93c2-540bf11bbb4d","severity":"debug","timestamp":"2026-03-25T12:01:32.371310812Z"}
{"currency":"CAD","http.req.id":"83b17a11-17f8-4fda-970d-b1d516e36490","http.req.method":"GET","http.req.path":"/product/2ZYFJ3GM2N","id":"2ZYFJ3GM2N","message":"serving product page","session":"df4ce93a-5d92-40a8-93c2-540bf11bbb4d","severity":"debug","timestamp":"2026-03-25T12:01:32.371442931Z"}
{"http.req.id":"83b17a11-17f8-4fda-970d-b1d516e36490","http.req.method":"GET","http.req.path":"/product/2ZYFJ3GM2N","http.resp.bytes":8002,"http.resp.status":200,"http.resp.took_ms":17,"message":"request complete","session":"df4ce93a-5d92-40a8-93c2-540bf11bbb4d","severity":"debug","timestamp":"2026-03-25T12:01:32.388463166Z"}
{"http.req.id":"d51946a2-b53b-4322-9f06-91ef9c357f80","http.req.method":"GET","http.req.path":"/product/0PUK6V6EV0","message":"request started","session":"694745d8-a179-4c65-83d6-9ed873a7b94b","severity":"debug","timestamp":"2026-03-25T12:01:32.96383182Z"}
{"currency":"TRY","http.req.id":"d51946a2-b53b-4322-9f06-91ef9c357f80","http.req.method":"GET","http.req.path":"/product/0PUK6V6EV0","id":"0PUK6V6EV0","message":"serving product page","session":"694745d8-a179-4c65-83d6-9ed873a7b94b","severity":"debug","timestamp":"2026-03-25T12:01:32.963938526Z"}
{"http.req.id":"d51946a2-b53b-4322-9f06-91ef9c357f80","http.req.method":"GET","http.req.path":"/product/0PUK6V6EV0","http.resp.bytes":8012,"http.resp.status":200,"http.resp.took_ms":13,"message":"request complete","session":"694745d8-a179-4c65-83d6-9ed873a7b94b","severity":"debug","timestamp":"2026-03-25T12:01:32.977413488Z"}
{"http.req.id":"ceef1464-7a9d-48bd-8732-f9b11777246e","http.req.method":"GET","http.req.path":"/","message":"request started","session":"827eab86-1aba-4a15-8740-5fee5900d10f","severity":"debug","timestamp":"2026-03-25T12:01:33.82035911Z"}
{"currency":"CAD","http.req.id":"ceef1464-7a9d-48bd-8732-f9b11777246e","http.req.method":"GET","http.req.path":"/","message":"home","session":"827eab86-1aba-4a15-8740-5fee5900d10f","severity":"info","timestamp":"2026-03-25T12:01:33.820456921Z"}
env platform is either empty or invalid
{"http.req.id":"ceef1464-7a9d-48bd-8732-f9b11777246e","http.req.method":"GET","http.req.path":"/","message":"ENV_PLATFORM is: local","session":"827eab86-1aba-4a15-8740-5fee5900d10f","severity":"debug","timestamp":"2026-03-25T12:01:33.842253804Z"}
{"http.req.id":"ceef1464-7a9d-48bd-8732-f9b11777246e","http.req.method":"GET","http.req.path":"/","http.resp.bytes":10474,"http.resp.status":200,"http.resp.took_ms":24,"message":"request complete","session":"827eab86-1aba-4a15-8740-5fee5900d10f","severity":"debug","timestamp":"2026-03-25T12:01:33.84529528Z"}
{"http.req.id":"86bca872-5365-4863-9b11-ba0243a69e3c","http.req.method":"GET","http.req.path":"/_healthz","message":"request started","session":"x-readiness-probe","severity":"debug","timestamp":"2026-03-25T12:01:34.042916145Z"}
{"http.req.id":"86bca872-5365-4863-9b11-ba0243a69e3c","http.req.method":"GET","http.req.path":"/_healthz","http.resp.bytes":2,"http.resp.status":200,"http.resp.took_ms":0,"message":"request complete","session":"x-readiness-probe","severity":"debug","timestamp":"2026-03-25T12:01:34.043421218Z"}
{"http.req.id":"e04002e5-697a-499a-a0d6-b654afde7f55","http.req.method":"GET","http.req.path":"/cart","message":"request started","session":"fcb2831f-0627-4791-ac1d-23821dc5b140","severity":"debug","timestamp":"2026-03-25T12:01:35.852266225Z"}
{"http.req.id":"e04002e5-697a-499a-a0d6-b654afde7f55","http.req.method":"GET","http.req.path":"/cart","message":"view user cart","session":"fcb2831f-0627-4791-ac1d-23821dc5b140","severity":"debug","timestamp":"2026-03-25T12:01:35.852361749Z"}
{"http.req.id":"e04002e5-697a-499a-a0d6-b654afde7f55","http.req.method":"GET","http.req.path":"/cart","http.resp.bytes":16397,"http.resp.status":200,"http.resp.took_ms":15,"message":"request complete","session":"fcb2831f-0627-4791-ac1d-23821dc5b140","severity":"debug","timestamp":"2026-03-25T12:01:35.868118257Z"}
{"http.req.id":"eac47de6-2704-45d1-a207-c3ad6284b8b3","http.req.method":"POST","http.req.path":"/setCurrency","message":"request started","session":"2d3bf3d7-22b5-49c9-8227-12126292f393","severity":"debug","timestamp":"2026-03-25T12:01:36.418114783Z"}
{"curr.new":"USD","curr.old":"TRY","http.req.id":"eac47de6-2704-45d1-a207-c3ad6284b8b3","http.req.method":"POST","http.req.path":"/setCurrency","message":"setting currency","session":"2d3bf3d7-22b5-49c9-8227-12126292f393","severity":"debug","timestamp":"2026-03-25T12:01:36.418287661Z"}
{"http.req.id":"eac47de6-2704-45d1-a207-c3ad6284b8b3","http.req.method":"POST","http.req.path":"/setCurrency","http.resp.bytes":0,"http.resp.status":302,"http.resp.took_ms":0,"message":"request complete","session":"2d3bf3d7-22b5-49c9-8227-12126292f393","severity":"debug","timestamp":"2026-03-25T12:01:36.418318265Z"}
{"http.req.id":"5e75a47c-2a8b-4a4d-8ba0-4b3b90b303d5","http.req.method":"GET","http.req.path":"/","message":"request started","session":"2d3bf3d7-22b5-49c9-8227-12126292f393","severity":"debug","timestamp":"2026-03-25T12:01:36.419648384Z"}
{"currency":"USD","http.req.id":"5e75a47c-2a8b-4a4d-8ba0-4b3b90b303d5","http.req.method":"GET","http.req.path":"/","message":"home","session":"2d3bf3d7-22b5-49c9-8227-12126292f393","severity":"info","timestamp":"2026-03-25T12:01:36.419736671Z"}
env platform is either empty or invalid
{"http.req.id":"5e75a47c-2a8b-4a4d-8ba0-4b3b90b303d5","http.req.method":"GET","http.req.path":"/","message":"ENV_PLATFORM is: local","session":"2d3bf3d7-22b5-49c9-8227-12126292f393","severity":"debug","timestamp":"2026-03-25T12:01:36.488505732Z"}
{"http.req.id":"5e75a47c-2a8b-4a4d-8ba0-4b3b90b303d5","http.req.method":"GET","http.req.path":"/","http.resp.bytes":10473,"http.resp.status":200,"http.resp.took_ms":72,"message":"request complete","session":"2d3bf3d7-22b5-49c9-8227-12126292f393","severity":"debug","timestamp":"2026-03-25T12:01:36.492234196Z"}
{"http.req.id":"476be60a-d760-48f5-874e-c9ded8d85dca","http.req.method":"GET","http.req.path":"/product/6E92ZMYYFZ","message":"request started","session":"ecb080bf-5333-403f-9547-c8725d499228","severity":"debug","timestamp":"2026-03-25T12:01:37.565455873Z"}
{"currency":"GBP","http.req.id":"476be60a-d760-48f5-874e-c9ded8d85dca","http.req.method":"GET","http.req.path":"/product/6E92ZMYYFZ","id":"6E92ZMYYFZ","message":"serving product page","session":"ecb080bf-5333-403f-9547-c8725d499228","severity":"debug","timestamp":"2026-03-25T12:01:37.565579288Z"}
{"http.req.id":"476be60a-d760-48f5-874e-c9ded8d85dca","http.req.method":"GET","http.req.path":"/product/6E92ZMYYFZ","http.resp.bytes":7865,"http.resp.status":200,"http.resp.took_ms":16,"message":"request complete","session":"ecb080bf-5333-403f-9547-c8725d499228","severity":"debug","timestamp":"2026-03-25T12:01:37.581755602Z"}
{"http.req.id":"254a4061-9573-48b7-8dfe-326e1c05038f","http.req.method":"POST","http.req.path":"/cart","message":"request started","session":"ecb080bf-5333-403f-9547-c8725d499228","severity":"debug","timestamp":"2026-03-25T12:01:37.583189843Z"}
{"http.req.id":"254a4061-9573-48b7-8dfe-326e1c05038f","http.req.method":"POST","http.req.path":"/cart","message":"adding to cart","product":"6E92ZMYYFZ","quantity":2,"session":"ecb080bf-5333-403f-9547-c8725d499228","severity":"debug","timestamp":"2026-03-25T12:01:37.583342169Z"}
{"http.req.id":"254a4061-9573-48b7-8dfe-326e1c05038f","http.req.method":"POST","http.req.path":"/cart","http.resp.bytes":0,"http.resp.status":302,"http.resp.took_ms":2,"message":"request complete","session":"ecb080bf-5333-403f-9547-c8725d499228","severity":"debug","timestamp":"2026-03-25T12:01:37.586010723Z"}
{"http.req.id":"57827a43-ceff-41b9-b5f9-dc60485402d5","http.req.method":"GET","http.req.path":"/cart","message":"request started","session":"ecb080bf-5333-403f-9547-c8725d499228","severity":"debug","timestamp":"2026-03-25T12:01:37.587589607Z"}
{"http.req.id":"57827a43-ceff-41b9-b5f9-dc60485402d5","http.req.method":"GET","http.req.path":"/cart","message":"view user cart","session":"ecb080bf-5333-403f-9547-c8725d499228","severity":"debug","timestamp":"2026-03-25T12:01:37.587664436Z"}
{"http.req.id":"254158d3-f7c5-40e5-b744-cc6784a355e5","http.req.method":"GET","http.req.path":"/product/9SIQT8TOJO","message":"request started","session":"513dd945-739c-4fe3-8e54-6e6927fbb733","severity":"debug","timestamp":"2026-03-25T12:01:37.683525355Z"}
{"currency":"EUR","http.req.id":"254158d3-f7c5-40e5-b744-cc6784a355e5","http.req.method":"GET","http.req.path":"/product/9SIQT8TOJO","id":"9SIQT8TOJO","message":"serving product page","session":"513dd945-739c-4fe3-8e54-6e6927fbb733","severity":"debug","timestamp":"2026-03-25T12:01:37.683686687Z"}
{"http.req.id":"57827a43-ceff-41b9-b5f9-dc60485402d5","http.req.method":"GET","http.req.path":"/cart","http.resp.bytes":16369,"http.resp.status":200,"http.resp.took_ms":103,"message":"request complete","session":"ecb080bf-5333-403f-9547-c8725d499228","severity":"debug","timestamp":"2026-03-25T12:01:37.690639173Z"}
{"http.req.id":"620e7895-1aa5-467e-866a-5b54d1f84eef","http.req.method":"GET","http.req.path":"/product/0PUK6V6EV0","message":"request started","session":"df4ce93a-5d92-40a8-93c2-540bf11bbb4d","severity":"debug","timestamp":"2026-03-25T12:01:37.713803515Z"}
{"currency":"CAD","http.req.id":"620e7895-1aa5-467e-866a-5b54d1f84eef","http.req.method":"GET","http.req.path":"/product/0PUK6V6EV0","id":"0PUK6V6EV0","message":"serving product page","session":"df4ce93a-5d92-40a8-93c2-540bf11bbb4d","severity":"debug","timestamp":"2026-03-25T12:01:37.713905268Z"}
{"http.req.id":"254158d3-f7c5-40e5-b744-cc6784a355e5","http.req.method":"GET","http.req.path":"/product/9SIQT8TOJO","http.resp.bytes":8035,"http.resp.status":200,"http.resp.took_ms":100,"message":"request complete","session":"513dd945-739c-4fe3-8e54-6e6927fbb733","severity":"debug","timestamp":"2026-03-25T12:01:37.784170455Z"}
{"http.req.id":"620e7895-1aa5-467e-866a-5b54d1f84eef","http.req.method":"GET","http.req.path":"/product/0PUK6V6EV0","http.resp.bytes":7984,"http.resp.status":200,"http.resp.took_ms":92,"message":"request complete","session":"df4ce93a-5d92-40a8-93c2-540bf11bbb4d","severity":"debug","timestamp":"2026-03-25T12:01:37.806364391Z"}
{"http.req.id":"fcfe00bc-cd2a-4b8a-9350-707284cf007f","http.req.method":"GET","http.req.path":"/product/2ZYFJ3GM2N","message":"request started","session":"32217267-98ca-4d66-9fc8-3f088b8def0f","severity":"debug","timestamp":"2026-03-25T12:01:38.096108468Z"}
{"currency":"GBP","http.req.id":"fcfe00bc-cd2a-4b8a-9350-707284cf007f","http.req.method":"GET","http.req.path":"/product/2ZYFJ3GM2N","id":"2ZYFJ3GM2N","message":"serving product page","session":"32217267-98ca-4d66-9fc8-3f088b8def0f","severity":"debug","timestamp":"2026-03-25T12:01:38.096201997Z"}
{"http.req.id":"fcfe00bc-cd2a-4b8a-9350-707284cf007f","http.req.method":"GET","http.req.path":"/product/2ZYFJ3GM2N","http.resp.bytes":7920,"http.resp.status":200,"http.resp.took_ms":19,"message":"request complete","session":"32217267-98ca-4d66-9fc8-3f088b8def0f","severity":"debug","timestamp":"2026-03-25T12:01:38.115196763Z"}
{"http.req.id":"dce5ba44-8ddf-4646-b5ac-b33842c5fb4e","http.req.method":"GET","http.req.path":"/product/LS4PSXUNUM","message":"request started","session":"514e00c6-206e-4c6e-873f-852b796455de","severity":"debug","timestamp":"2026-03-25T12:01:40.70348414Z"}
{"currency":"TRY","http.req.id":"dce5ba44-8ddf-4646-b5ac-b33842c5fb4e","http.req.method":"GET","http.req.path":"/product/LS4PSXUNUM","id":"LS4PSXUNUM","message":"serving product page","session":"514e00c6-206e-4c6e-873f-852b796455de","severity":"debug","timestamp":"2026-03-25T12:01:40.703577292Z"}
{"http.req.id":"dce5ba44-8ddf-4646-b5ac-b33842c5fb4e","http.req.method":"GET","http.req.path":"/product/LS4PSXUNUM","http.resp.bytes":7985,"http.resp.status":200,"http.resp.took_ms":18,"message":"request complete","session":"514e00c6-206e-4c6e-873f-852b796455de","severity":"debug","timestamp":"2026-03-25T12:01:40.722340078Z"}
{"http.req.id":"5d124c68-2ba0-4fa0-b7d5-b078a94e8b82","http.req.method":"POST","http.req.path":"/setCurrency","message":"request started","session":"827eab86-1aba-4a15-8740-5fee5900d10f","severity":"debug","timestamp":"2026-03-25T12:01:40.764304574Z"}
{"curr.new":"GBP","curr.old":"CAD","http.req.id":"5d124c68-2ba0-4fa0-b7d5-b078a94e8b82","http.req.method":"POST","http.req.path":"/setCurrency","message":"setting currency","session":"827eab86-1aba-4a15-8740-5fee5900d10f","severity":"debug","timestamp":"2026-03-25T12:01:40.764478098Z"}
{"http.req.id":"5d124c68-2ba0-4fa0-b7d5-b078a94e8b82","http.req.method":"POST","http.req.path":"/setCurrency","http.resp.bytes":0,"http.resp.status":302,"http.resp.took_ms":0,"message":"request complete","session":"827eab86-1aba-4a15-8740-5fee5900d10f","severity":"debug","timestamp":"2026-03-25T12:01:40.764525446Z"}
{"http.req.id":"7c390545-8454-43e2-a065-e125fc51f994","http.req.method":"GET","http.req.path":"/","message":"request started","session":"827eab86-1aba-4a15-8740-5fee5900d10f","severity":"debug","timestamp":"2026-03-25T12:01:40.766367576Z"}
{"currency":"GBP","http.req.id":"7c390545-8454-43e2-a065-e125fc51f994","http.req.method":"GET","http.req.path":"/","message":"home","session":"827eab86-1aba-4a15-8740-5fee5900d10f","severity":"info","timestamp":"2026-03-25T12:01:40.766481588Z"}
{"http.req.id":"3fd422bc-66aa-4820-8852-2c7ce1fe141b","http.req.method":"GET","http.req.path":"/_healthz","message":"request started","session":"x-liveness-probe","severity":"debug","timestamp":"2026-03-25T12:01:40.883568173Z"}
{"http.req.id":"3fd422bc-66aa-4820-8852-2c7ce1fe141b","http.req.method":"GET","http.req.path":"/_healthz","http.resp.bytes":2,"http.resp.status":200,"http.resp.took_ms":0,"message":"request complete","session":"x-liveness-probe","severity":"debug","timestamp":"2026-03-25T12:01:40.883691619Z"}
env platform is either empty or invalid
{"http.req.id":"7c390545-8454-43e2-a065-e125fc51f994","http.req.method":"GET","http.req.path":"/","message":"ENV_PLATFORM is: local","session":"827eab86-1aba-4a15-8740-5fee5900d10f","severity":"debug","timestamp":"2026-03-25T12:01:40.937999285Z"}
{"http.req.id":"7c390545-8454-43e2-a065-e125fc51f994","http.req.method":"GET","http.req.path":"/","http.resp.bytes":10481,"http.resp.status":200,"http.resp.took_ms":175,"message":"request complete","session":"827eab86-1aba-4a15-8740-5fee5900d10f","severity":"debug","timestamp":"2026-03-25T12:01:40.941397282Z"}
{"http.req.id":"f271a330-a286-420b-8edc-450a5ddd7e63","http.req.method":"GET","http.req.path":"/product/1YMWWN1N4O","message":"request started","session":"2d3bf3d7-22b5-49c9-8227-12126292f393","severity":"debug","timestamp":"2026-03-25T12:01:40.997183472Z"}
{"currency":"USD","http.req.id":"f271a330-a286-420b-8edc-450a5ddd7e63","http.req.method":"GET","http.req.path":"/product/1YMWWN1N4O","id":"1YMWWN1N4O","message":"serving product page","session":"2d3bf3d7-22b5-49c9-8227-12126292f393","severity":"debug","timestamp":"2026-03-25T12:01:40.997293588Z"}
{"http.req.id":"f271a330-a286-420b-8edc-450a5ddd7e63","http.req.method":"GET","http.req.path":"/product/1YMWWN1N4O","http.resp.bytes":7996,"http.resp.status":200,"http.resp.took_ms":17,"message":"request complete","session":"2d3bf3d7-22b5-49c9-8227-12126292f393","severity":"debug","timestamp":"2026-03-25T12:01:41.014485123Z"}
