{"http.req.id":"ca6e808e-8c09-4cd8-b54c-281febbab80e","http.req.method":"GET","http.req.path":"/","message":"request started","session":"ecb080bf-5333-403f-9547-c8725d499228","severity":"debug","timestamp":"2026-03-25T12:13:41.593606143Z"}
{"currency":"USD","http.req.id":"ca6e808e-8c09-4cd8-b54c-281febbab80e","http.req.method":"GET","http.req.path":"/","message":"home","session":"ecb080bf-5333-403f-9547-c8725d499228","severity":"info","timestamp":"2026-03-25T12:13:41.593720921Z"}
{"http.req.id":"e28e1cf6-fe71-4eb0-857f-e45d8d120a8c","http.req.method":"GET","http.req.path":"/product/1YMWWN1N4O","http.resp.bytes":7918,"http.resp.status":200,"http.resp.took_ms":20,"message":"request complete","session":"2d3bf3d7-22b5-49c9-8227-12126292f393","severity":"debug","timestamp":"2026-03-25T12:13:41.609527167Z"}
env platform is either empty or invalid
{"http.req.id":"ca6e808e-8c09-4cd8-b54c-281febbab80e","http.req.method":"GET","http.req.path":"/","message":"ENV_PLATFORM is: local","session":"ecb080bf-5333-403f-9547-c8725d499228","severity":"debug","timestamp":"2026-03-25T12:13:41.616555436Z"}
{"http.req.id":"ca6e808e-8c09-4cd8-b54c-281febbab80e","http.req.method":"GET","http.req.path":"/","http.resp.bytes":10473,"http.resp.status":200,"http.resp.took_ms":46,"message":"request complete","session":"ecb080bf-5333-403f-9547-c8725d499228","severity":"debug","timestamp":"2026-03-25T12:13:41.640089774Z"}
{"http.req.id":"4b5bce98-2d03-4628-ba06-3d0d4c5565e2","http.req.method":"GET","http.req.path":"/product/0PUK6V6EV0","message":"request started","session":"32217267-98ca-4d66-9fc8-3f088b8def0f","severity":"debug","timestamp":"2026-03-25T12:13:42.168052838Z"}
{"currency":"CAD","http.req.id":"4b5bce98-2d03-4628-ba06-3d0d4c5565e2","http.req.method":"GET","http.req.path":"/product/0PUK6V6EV0","id":"0PUK6V6EV0","message":"serving product page","session":"32217267-98ca-4d66-9fc8-3f088b8def0f","severity":"debug","timestamp":"2026-03-25T12:13:42.168185441Z"}
{"http.req.id":"4b5bce98-2d03-4628-ba06-3d0d4c5565e2","http.req.method":"GET","http.req.path":"/product/0PUK6V6EV0","http.resp.bytes":8020,"http.resp.status":200,"http.resp.took_ms":77,"message":"request complete","session":"32217267-98ca-4d66-9fc8-3f088b8def0f","severity":"debug","timestamp":"2026-03-25T12:13:42.245142378Z"}
{"http.req.id":"6e4ecfcb-b15c-4feb-9153-68f0054f744f","http.req.method":"GET","http.req.path":"/product/9SIQT8TOJO","message":"request started","session":"fcb2831f-0627-4791-ac1d-23821dc5b140","severity":"debug","timestamp":"2026-03-25T12:13:42.271271499Z"}
{"currency":"GBP","http.req.id":"6e4ecfcb-b15c-4feb-9153-68f0054f744f","http.req.method":"GET","http.req.path":"/product/9SIQT8TOJO","id":"9SIQT8TOJO","message":"serving product page","session":"fcb2831f-0627-4791-ac1d-23821dc5b140","severity":"debug","timestamp":"2026-03-25T12:13:42.271343418Z"}
{"http.req.id":"6e4ecfcb-b15c-4feb-9153-68f0054f744f","http.req.method":"GET","http.req.path":"/product/9SIQT8TOJO","http.resp.bytes":7998,"http.resp.status":200,"http.resp.took_ms":18,"message":"request complete","session":"fcb2831f-0627-4791-ac1d-23821dc5b140","severity":"debug","timestamp":"2026-03-25T12:13:42.29023208Z"}
{"http.req.id":"c745baf7-4e81-45fd-92c0-2c124dcb8ab7","http.req.method":"GET","http.req.path":"/product/0PUK6V6EV0","message":"request started","session":"df4ce93a-5d92-40a8-93c2-540bf11bbb4d","severity":"debug","timestamp":"2026-03-25T12:13:42.463773538Z"}
{"currency":"USD","http.req.id":"c745baf7-4e81-45fd-92c0-2c124dcb8ab7","http.req.method":"GET","http.req.path":"/product/0PUK6V6EV0","id":"0PUK6V6EV0","message":"serving product page","session":"df4ce93a-5d92-40a8-93c2-540bf11bbb4d","severity":"debug","timestamp":"2026-03-25T12:13:42.46393316Z"}
{"http.req.id":"c745baf7-4e81-45fd-92c0-2c124dcb8ab7","http.req.method":"GET","http.req.path":"/product/0PUK6V6EV0","http.resp.bytes":7868,"http.resp.status":200,"http.resp.took_ms":279,"message":"request complete","session":"df4ce93a-5d92-40a8-93c2-540bf11bbb4d","severity":"debug","timestamp":"2026-03-25T12:13:42.742885048Z"}
{"http.req.id":"f6364720-01d4-4fea-ab58-9f3225306cf0","http.req.method":"POST","http.req.path":"/setCurrency","message":"request started","session":"827eab86-1aba-4a15-8740-5fee5900d10f","severity":"debug","timestamp":"2026-03-25T12:13:42.939981558Z"}
{"curr.new":"CAD","curr.old":"CAD","http.req.id":"f6364720-01d4-4fea-ab58-9f3225306cf0","http.req.method":"POST","http.req.path":"/setCurrency","message":"setting currency","session":"827eab86-1aba-4a15-8740-5fee5900d10f","severity":"debug","timestamp":"2026-03-25T12:13:42.940153239Z"}
{"http.req.id":"f6364720-01d4-4fea-ab58-9f3225306cf0","http.req.method":"POST","http.req.path":"/setCurrency","http.resp.bytes":0,"http.resp.status":302,"http.resp.took_ms":0,"message":"request complete","session":"827eab86-1aba-4a15-8740-5fee5900d10f","severity":"debug","timestamp":"2026-03-25T12:13:42.940202933Z"}
{"http.req.id":"4a2db2b4-851d-44a1-9dd3-2aa01aef504d","http.req.method":"GET","http.req.path":"/","message":"request started","session":"827eab86-1aba-4a15-8740-5fee5900d10f","severity":"debug","timestamp":"2026-03-25T12:13:42.959002608Z"}
{"currency":"CAD","http.req.id":"4a2db2b4-851d-44a1-9dd3-2aa01aef504d","http.req.method":"GET","http.req.path":"/","message":"home","session":"827eab86-1aba-4a15-8740-5fee5900d10f","severity":"info","timestamp":"2026-03-25T12:13:42.959094642Z"}
env platform is either empty or invalid
{"http.req.id":"4a2db2b4-851d-44a1-9dd3-2aa01aef504d","http.req.method":"GET","http.req.path":"/","message":"ENV_PLATFORM is: local","session":"827eab86-1aba-4a15-8740-5fee5900d10f","severity":"debug","timestamp":"2026-03-25T12:13:43.140282146Z"}
{"http.req.id":"4a2db2b4-851d-44a1-9dd3-2aa01aef504d","http.req.method":"GET","http.req.path":"/","http.resp.bytes":10475,"http.resp.status":200,"http.resp.took_ms":185,"message":"request complete","session":"827eab86-1aba-4a15-8740-5fee5900d10f","severity":"debug","timestamp":"2026-03-25T12:13:43.144514324Z"}
{"http.req.id":"55d28b8d-95cc-4323-8ba3-c65e4c8d3883","http.req.method":"GET","http.req.path":"/product/2ZYFJ3GM2N","message":"request started","session":"513dd945-739c-4fe3-8e54-6e6927fbb733","severity":"debug","timestamp":"2026-03-25T12:13:43.874966344Z"}
{"currency":"JPY","http.req.id":"55d28b8d-95cc-4323-8ba3-c65e4c8d3883","http.req.method":"GET","http.req.path":"/product/2ZYFJ3GM2N","id":"2ZYFJ3GM2N","message":"serving product page","session":"513dd945-739c-4fe3-8e54-6e6927fbb733","severity":"debug","timestamp":"2026-03-25T12:13:43.875068642Z"}
{"http.req.id":"4cc31fe3-7eed-44aa-a2b8-e5581d506e70","http.req.method":"POST","http.req.path":"/setCurrency","message":"request started","session":"32217267-98ca-4d66-9fc8-3f088b8def0f","severity":"debug","timestamp":"2026-03-25T12:13:43.903703242Z"}
{"curr.new":"USD","curr.old":"CAD","http.req.id":"4cc31fe3-7eed-44aa-a2b8-e5581d506e70","http.req.method":"POST","http.req.path":"/setCurrency","message":"setting currency","session":"32217267-98ca-4d66-9fc8-3f088b8def0f","severity":"debug","timestamp":"2026-03-25T12:13:43.903897203Z"}
{"http.req.id":"4cc31fe3-7eed-44aa-a2b8-e5581d506e70","http.req.method":"POST","http.req.path":"/setCurrency","http.resp.bytes":0,"http.resp.status":302,"http.resp.took_ms":0,"message":"request complete","session":"32217267-98ca-4d66-9fc8-3f088b8def0f","severity":"debug","timestamp":"2026-03-25T12:13:43.903941827Z"}
{"http.req.id":"a23936bf-0daa-4e1b-960b-0f67709aba63","http.req.method":"GET","http.req.path":"/","message":"request started","session":"32217267-98ca-4d66-9fc8-3f088b8def0f","severity":"debug","timestamp":"2026-03-25T12:13:43.940319172Z"}
{"currency":"USD","http.req.id":"a23936bf-0daa-4e1b-960b-0f67709aba63","http.req.method":"GET","http.req.path":"/","message":"home","session":"32217267-98ca-4d66-9fc8-3f088b8def0f","severity":"info","timestamp":"2026-03-25T12:13:43.940439807Z"}
{"http.req.id":"55d28b8d-95cc-4323-8ba3-c65e4c8d3883","http.req.method":"GET","http.req.path":"/product/2ZYFJ3GM2N","http.resp.bytes":8030,"http.resp.status":200,"http.resp.took_ms":83,"message":"request complete","session":"513dd945-739c-4fe3-8e54-6e6927fbb733","severity":"debug","timestamp":"2026-03-25T12:13:43.958088635Z"}
env platform is either empty or invalid
{"http.req.id":"a23936bf-0daa-4e1b-960b-0f67709aba63","http.req.method":"GET","http.req.path":"/","message":"ENV_PLATFORM is: local","session":"32217267-98ca-4d66-9fc8-3f088b8def0f","severity":"debug","timestamp":"2026-03-25T12:13:44.062016725Z"}
{"http.req.id":"a23936bf-0daa-4e1b-960b-0f67709aba63","http.req.method":"GET","http.req.path":"/","http.resp.bytes":10473,"http.resp.status":200,"http.resp.took_ms":125,"message":"request complete","session":"32217267-98ca-4d66-9fc8-3f088b8def0f","severity":"debug","timestamp":"2026-03-25T12:13:44.065690403Z"}
{"http.req.id":"249c5608-ff1d-4fee-ab81-42d39dd6fc7e","http.req.method":"GET","http.req.path":"/product/L9ECAV7KIM","message":"request started","session":"694745d8-a179-4c65-83d6-9ed873a7b94b","severity":"debug","timestamp":"2026-03-25T12:13:44.241181676Z"}
{"currency":"GBP","http.req.id":"249c5608-ff1d-4fee-ab81-42d39dd6fc7e","http.req.method":"GET","http.req.path":"/product/L9ECAV7KIM","id":"L9ECAV7KIM","message":"serving product page","session":"694745d8-a179-4c65-83d6-9ed873a7b94b","severity":"debug","timestamp":"2026-03-25T12:13:44.241615875Z"}
{"http.req.id":"249c5608-ff1d-4fee-ab81-42d39dd6fc7e","http.req.method":"GET","http.req.path":"/product/L9ECAV7KIM","http.resp.bytes":7900,"http.resp.status":200,"http.resp.took_ms":109,"message":"request complete","session":"694745d8-a179-4c65-83d6-9ed873a7b94b","severity":"debug","timestamp":"2026-03-25T12:13:44.350329096Z"}
{"http.req.id":"a99df3de-4a44-48ee-a370-18f53c9a8a4f","http.req.method":"GET","http.req.path":"/_healthz","message":"request started","session":"x-readiness-probe","severity":"debug","timestamp":"2026-03-25T12:13:44.356880174Z"}
{"http.req.id":"a99df3de-4a44-48ee-a370-18f53c9a8a4f","http.req.method":"GET","http.req.path":"/_healthz","http.resp.bytes":2,"http.resp.status":200,"http.resp.took_ms":0,"message":"request complete","session":"x-readiness-probe","severity":"debug","timestamp":"2026-03-25T12:13:44.356988152Z"}
{"http.req.id":"4b03e712-ff17-4873-a47e-8fda0aa964d9","http.req.method":"GET","http.req.path":"/product/66VCHSJNUP","message":"request started","session":"2d3bf3d7-22b5-49c9-8227-12126292f393","severity":"debug","timestamp":"2026-03-25T12:13:45.455205644Z"}
{"currency":"JPY","http.req.id":"4b03e712-ff17-4873-a47e-8fda0aa964d9","http.req.method":"GET","http.req.path":"/product/66VCHSJNUP","id":"66VCHSJNUP","message":"serving product page","session":"2d3bf3d7-22b5-49c9-8227-12126292f393","severity":"debug","timestamp":"2026-03-25T12:13:45.45532576Z"}
{"http.req.id":"4b03e712-ff17-4873-a47e-8fda0aa964d9","http.req.method":"GET","http.req.path":"/product/66VCHSJNUP","http.resp.bytes":7882,"http.resp.status":200,"http.resp.took_ms":40,"message":"request complete","session":"2d3bf3d7-22b5-49c9-8227-12126292f393","severity":"debug","timestamp":"2026-03-25T12:13:45.495417554Z"}
{"http.req.id":"19d36f1b-20ac-472b-b0af-3b019c94ae4c","http.req.method":"GET","http.req.path":"/cart","message":"request started","session":"ecb080bf-5333-403f-9547-c8725d499228","severity":"debug","timestamp":"2026-03-25T12:13:46.083657419Z"}
{"http.req.id":"19d36f1b-20ac-472b-b0af-3b019c94ae4c","http.req.method":"GET","http.req.path":"/cart","message":"view user cart","session":"ecb080bf-5333-403f-9547-c8725d499228","severity":"debug","timestamp":"2026-03-25T12:13:46.083761335Z"}
{"http.req.id":"19d36f1b-20ac-472b-b0af-3b019c94ae4c","http.req.method":"GET","http.req.path":"/cart","http.resp.bytes":23159,"http.resp.status":200,"http.resp.took_ms":37,"message":"request complete","session":"ecb080bf-5333-403f-9547-c8725d499228","severity":"debug","timestamp":"2026-03-25T12:13:46.120973305Z"}
{"http.req.id":"9b59fa3d-7fe1-4b5c-9f08-a97cfd8e5500","http.req.method":"GET","http.req.path":"/product/1YMWWN1N4O","message":"request started","session":"513dd945-739c-4fe3-8e54-6e6927fbb733","severity":"debug","timestamp":"2026-03-25T12:13:46.253382123Z"}
{"currency":"JPY","http.req.id":"9b59fa3d-7fe1-4b5c-9f08-a97cfd8e5500","http.req.method":"GET","http.req.path":"/product/1YMWWN1N4O","id":"1YMWWN1N4O","message":"serving product page","session":"513dd945-739c-4fe3-8e54-6e6927fbb733","severity":"debug","timestamp":"2026-03-25T12:13:46.253534428Z"}
{"http.req.id":"9b59fa3d-7fe1-4b5c-9f08-a97cfd8e5500","http.req.method":"GET","http.req.path":"/product/1YMWWN1N4O","http.resp.bytes":8008,"http.resp.status":200,"http.resp.took_ms":26,"message":"request complete","session":"513dd945-739c-4fe3-8e54-6e6927fbb733","severity":"debug","timestamp":"2026-03-25T12:13:46.279666309Z"}
{"http.req.id":"ded5af91-ef01-47e2-af36-9f6907dbb8b9","http.req.method":"GET","http.req.path":"/product/6E92ZMYYFZ","message":"request started","session":"827eab86-1aba-4a15-8740-5fee5900d10f","severity":"debug","timestamp":"2026-03-25T12:13:46.715932695Z"}
{"currency":"CAD","http.req.id":"ded5af91-ef01-47e2-af36-9f6907dbb8b9","http.req.method":"GET","http.req.path":"/product/6E92ZMYYFZ","id":"6E92ZMYYFZ","message":"serving product page","session":"827eab86-1aba-4a15-8740-5fee5900d10f","severity":"debug","timestamp":"2026-03-25T12:13:46.716063679Z"}
{"http.req.id":"ded5af91-ef01-47e2-af36-9f6907dbb8b9","http.req.method":"GET","http.req.path":"/product/6E92ZMYYFZ","http.resp.bytes":7964,"http.resp.status":200,"http.resp.took_ms":22,"message":"request complete","session":"827eab86-1aba-4a15-8740-5fee5900d10f","severity":"debug","timestamp":"2026-03-25T12:13:46.738766063Z"}
{"http.req.id":"ecb3ff40-0781-4136-93ad-ecc092b8f332","http.req.method":"GET","http.req.path":"/product/1YMWWN1N4O","message":"request started","session":"513dd945-739c-4fe3-8e54-6e6927fbb733","severity":"debug","timestamp":"2026-03-25T12:13:47.479870967Z"}
{"currency":"JPY","http.req.id":"ecb3ff40-0781-4136-93ad-ecc092b8f332","http.req.method":"GET","http.req.path":"/product/1YMWWN1N4O","id":"1YMWWN1N4O","message":"serving product page","session":"513dd945-739c-4fe3-8e54-6e6927fbb733","severity":"debug","timestamp":"2026-03-25T12:13:47.479985406Z"}
{"http.req.id":"ecb3ff40-0781-4136-93ad-ecc092b8f332","http.req.method":"GET","http.req.path":"/product/1YMWWN1N4O","http.resp.bytes":7990,"http.resp.status":200,"http.resp.took_ms":21,"message":"request complete","session":"513dd945-739c-4fe3-8e54-6e6927fbb733","severity":"debug","timestamp":"2026-03-25T12:13:47.501006428Z"}
{"http.req.id":"ca7a1b9e-dbb1-499e-8399-b09a289ea993","http.req.method":"GET","http.req.path":"/product/2ZYFJ3GM2N","message":"request started","session":"fcb2831f-0627-4791-ac1d-23821dc5b140","severity":"debug","timestamp":"2026-03-25T12:13:47.759388986Z"}
{"currency":"GBP","http.req.id":"ca7a1b9e-dbb1-499e-8399-b09a289ea993","http.req.method":"GET","http.req.path":"/product/2ZYFJ3GM2N","id":"2ZYFJ3GM2N","message":"serving product page","session":"fcb2831f-0627-4791-ac1d-23821dc5b140","severity":"debug","timestamp":"2026-03-25T12:13:47.759525347Z"}
{"http.req.id":"ca7a1b9e-dbb1-499e-8399-b09a289ea993","http.req.method":"GET","http.req.path":"/product/2ZYFJ3GM2N","http.resp.bytes":8018,"http.resp.status":200,"http.resp.took_ms":24,"message":"request complete","session":"fcb2831f-0627-4791-ac1d-23821dc5b140","severity":"debug","timestamp":"2026-03-25T12:13:47.783579578Z"}
{"http.req.id":"d9aa9360-334e-4dbf-98d6-0bd71ab8e11f","http.req.method":"POST","http.req.path":"/setCurrency","message":"request started","session":"a38c2610-1665-4c93-8051-4c451f5de325","severity":"debug","timestamp":"2026-03-25T12:13:48.129637592Z"}
{"curr.new":"USD","curr.old":"GBP","http.req.id":"d9aa9360-334e-4dbf-98d6-0bd71ab8e11f","http.req.method":"POST","http.req.path":"/setCurrency","message":"setting currency","session":"a38c2610-1665-4c93-8051-4c451f5de325","severity":"debug","timestamp":"2026-03-25T12:13:48.129880056Z"}
{"http.req.id":"d9aa9360-334e-4dbf-98d6-0bd71ab8e11f","http.req.method":"POST","http.req.path":"/setCurrency","http.resp.bytes":0,"http.resp.status":302,"http.resp.took_ms":0,"message":"request complete","session":"a38c2610-1665-4c93-8051-4c451f5de325","severity":"debug","timestamp":"2026-03-25T12:13:48.12992209Z"}
{"http.req.id":"60f1fec2-a20c-4c98-b828-eeda6323e87e","http.req.method":"GET","http.req.path":"/","message":"request started","session":"a38c2610-1665-4c93-8051-4c451f5de325","severity":"debug","timestamp":"2026-03-25T12:13:48.131557934Z"}
{"currency":"USD","http.req.id":"60f1fec2-a20c-4c98-b828-eeda6323e87e","http.req.method":"GET","http.req.path":"/","message":"home","session":"a38c2610-1665-4c93-8051-4c451f5de325","severity":"info","timestamp":"2026-03-25T12:13:48.131711499Z"}
{"http.req.id":"71ec9394-18aa-4ef9-a387-4d205ce0a188","http.req.method":"GET","http.req.path":"/product/9SIQT8TOJO","message":"request started","session":"694745d8-a179-4c65-83d6-9ed873a7b94b","severity":"debug","timestamp":"2026-03-25T12:13:48.152857247Z"}
{"currency":"GBP","http.req.id":"71ec9394-18aa-4ef9-a387-4d205ce0a188","http.req.method":"GET","http.req.path":"/product/9SIQT8TOJO","id":"9SIQT8TOJO","message":"serving product page","session":"694745d8-a179-4c65-83d6-9ed873a7b94b","severity":"debug","timestamp":"2026-03-25T12:13:48.152974048Z"}
env platform is either empty or invalid
{"http.req.id":"60f1fec2-a20c-4c98-b828-eeda6323e87e","http.req.method":"GET","http.req.path":"/","message":"ENV_PLATFORM is: local","session":"a38c2610-1665-4c93-8051-4c451f5de325","severity":"debug","timestamp":"2026-03-25T12:13:48.167716661Z"}
{"http.req.id":"60f1fec2-a20c-4c98-b828-eeda6323e87e","http.req.method":"GET","http.req.path":"/","http.resp.bytes":10473,"http.resp.status":200,"http.resp.took_ms":39,"message":"request complete","session":"a38c2610-1665-4c93-8051-4c451f5de325","severity":"debug","timestamp":"2026-03-25T12:13:48.171294277Z"}
{"http.req.id":"71ec9394-18aa-4ef9-a387-4d205ce0a188","http.req.method":"GET","http.req.path":"/product/9SIQT8TOJO","http.resp.bytes":7928,"http.resp.status":200,"http.resp.took_ms":92,"message":"request complete","session":"694745d8-a179-4c65-83d6-9ed873a7b94b","severity":"debug","timestamp":"2026-03-25T12:13:48.245015418Z"}
{"http.req.id":"a3f289bb-72aa-45bb-ab32-c63e442768ef","http.req.method":"GET","http.req.path":"/","message":"request started","session":"df4ce93a-5d92-40a8-93c2-540bf11bbb4d","severity":"debug","timestamp":"2026-03-25T12:13:49.202213463Z"}
{"currency":"USD","http.req.id":"a3f289bb-72aa-45bb-ab32-c63e442768ef","http.req.method":"GET","http.req.path":"/","message":"home","session":"df4ce93a-5d92-40a8-93c2-540bf11bbb4d","severity":"info","timestamp":"2026-03-25T12:13:49.202314737Z"}
env platform is either empty or invalid
{"http.req.id":"a3f289bb-72aa-45bb-ab32-c63e442768ef","http.req.method":"GET","http.req.path":"/","message":"ENV_PLATFORM is: local","session":"df4ce93a-5d92-40a8-93c2-540bf11bbb4d","severity":"debug","timestamp":"2026-03-25T12:13:49.229509675Z"}
{"http.req.id":"a3f289bb-72aa-45bb-ab32-c63e442768ef","http.req.method":"GET","http.req.path":"/","http.resp.bytes":10383,"http.resp.status":200,"http.resp.took_ms":30,"message":"request complete","session":"df4ce93a-5d92-40a8-93c2-540bf11bbb4d","severity":"debug","timestamp":"2026-03-25T12:13:49.232689895Z"}
{"http.req.id":"98facea9-43b4-4503-a872-ecdc3652b205","http.req.method":"GET","http.req.path":"/product/6E92ZMYYFZ","message":"request started","session":"514e00c6-206e-4c6e-873f-852b796455de","severity":"debug","timestamp":"2026-03-25T12:13:49.506692424Z"}
{"currency":"TRY","http.req.id":"98facea9-43b4-4503-a872-ecdc3652b205","http.req.method":"GET","http.req.path":"/product/6E92ZMYYFZ","id":"6E92ZMYYFZ","message":"serving product page","session":"514e00c6-206e-4c6e-873f-852b796455de","severity":"debug","timestamp":"2026-03-25T12:13:49.506813275Z"}
{"http.req.id":"98facea9-43b4-4503-a872-ecdc3652b205","http.req.method":"GET","http.req.path":"/product/6E92ZMYYFZ","http.resp.bytes":7973,"http.resp.status":200,"http.resp.took_ms":19,"message":"request complete","session":"514e00c6-206e-4c6e-873f-852b796455de","severity":"debug","timestamp":"2026-03-25T12:13:49.526074136Z"}
{"http.req.id":"daec5b45-feda-4223-9221-bff0a41b1f24","http.req.method":"POST","http.req.path":"/cart","message":"request started","session":"514e00c6-206e-4c6e-873f-852b796455de","severity":"debug","timestamp":"2026-03-25T12:13:49.527344131Z"}
{"http.req.id":"daec5b45-feda-4223-9221-bff0a41b1f24","http.req.method":"POST","http.req.path":"/cart","message":"adding to cart","product":"6E92ZMYYFZ","quantity":9,"session":"514e00c6-206e-4c6e-873f-852b796455de","severity":"debug","timestamp":"2026-03-25T12:13:49.527527965Z"}
{"http.req.id":"daec5b45-feda-4223-9221-bff0a41b1f24","http.req.method":"POST","http.req.path":"/cart","http.resp.bytes":0,"http.resp.status":302,"http.resp.took_ms":3,"message":"request complete","session":"514e00c6-206e-4c6e-873f-852b796455de","severity":"debug","timestamp":"2026-03-25T12:13:49.531053468Z"}
{"http.req.id":"ad634ab0-dce8-40a5-9519-e938cd036dd9","http.req.method":"GET","http.req.path":"/cart","message":"request started","session":"514e00c6-206e-4c6e-873f-852b796455de","severity":"debug","timestamp":"2026-03-25T12:13:49.532230538Z"}
{"http.req.id":"ad634ab0-dce8-40a5-9519-e938cd036dd9","http.req.method":"GET","http.req.path":"/cart","message":"view user cart","session":"514e00c6-206e-4c6e-873f-852b796455de","severity":"debug","timestamp":"2026-03-25T12:13:49.532304882Z"}
{"http.req.id":"ad634ab0-dce8-40a5-9519-e938cd036dd9","http.req.method":"GET","http.req.path":"/cart","http.resp.bytes":17803,"http.resp.status":200,"http.resp.took_ms":29,"message":"request complete","session":"514e00c6-206e-4c6e-873f-852b796455de","severity":"debug","timestamp":"2026-03-25T12:13:51.220690508Z"}
{"http.req.id":"cae9d1c9-dfd4-422f-b56f-14cc6317f640","http.req.method":"GET","http.req.path":"/product/9SIQT8TOJO","message":"request started","session":"ecb080bf-5333-403f-9547-c8725d499228","severity":"debug","timestamp":"2026-03-25T12:13:51.643665114Z"}
{"currency":"USD","http.req.id":"cae9d1c9-dfd4-422f-b56f-14cc6317f640","http.req.method":"GET","http.req.path":"/product/9SIQT8TOJO","id":"9SIQT8TOJO","message":"serving product page","session":"ecb080bf-5333-403f-9547-c8725d499228","severity":"debug","timestamp":"2026-03-25T12:13:51.643763365Z"}
{"http.req.id":"cae9d1c9-dfd4-422f-b56f-14cc6317f640","http.req.method":"GET","http.req.path":"/product/9SIQT8TOJO","http.resp.bytes":8030,"http.resp.status":200,"http.resp.took_ms":16,"message":"request complete","session":"ecb080bf-5333-403f-9547-c8725d499228","severity":"debug","timestamp":"2026-03-25T12:13:51.660134307Z"}
{"http.req.id":"ed58e586-b1d7-4bb0-a372-712b115e5273","http.req.method":"GET","http.req.path":"/_healthz","message":"request started","session":"x-liveness-probe","severity":"debug","timestamp":"2026-03-25T12:13:52.609120831Z"}
{"http.req.id":"ed58e586-b1d7-4bb0-a372-712b115e5273","http.req.method":"GET","http.req.path":"/_healthz","http.resp.bytes":2,"http.resp.status":200,"http.resp.took_ms":0,"message":"request complete","session":"x-liveness-probe","severity":"debug","timestamp":"2026-03-25T12:13:52.609243193Z"}
{"http.req.id":"167bcd5c-b5a6-4779-92e8-9163aafef583","http.req.method":"GET","http.req.path":"/product/LS4PSXUNUM","message":"request started","session":"694745d8-a179-4c65-83d6-9ed873a7b94b","severity":"debug","timestamp":"2026-03-25T12:13:52.732781996Z"}
{"currency":"GBP","http.req.id":"167bcd5c-b5a6-4779-92e8-9163aafef583","http.req.method":"GET","http.req.path":"/product/LS4PSXUNUM","id":"LS4PSXUNUM","message":"serving product page","session":"694745d8-a179-4c65-83d6-9ed873a7b94b","severity":"debug","timestamp":"2026-03-25T12:13:52.732850398Z"}
{"http.req.id":"167bcd5c-b5a6-4779-92e8-9163aafef583","http.req.method":"GET","http.req.path":"/product/LS4PSXUNUM","http.resp.bytes":7869,"http.resp.status":200,"http.resp.took_ms":21,"message":"request complete","session":"694745d8-a179-4c65-83d6-9ed873a7b94b","severity":"debug","timestamp":"2026-03-25T12:13:52.754538472Z"}
{"http.req.id":"6e1d0f15-4b89-466c-bdd3-2980ed45985a","http.req.method":"POST","http.req.path":"/cart","message":"request started","session":"694745d8-a179-4c65-83d6-9ed873a7b94b","severity":"debug","timestamp":"2026-03-25T12:13:52.757931824Z"}
{"http.req.id":"6e1d0f15-4b89-466c-bdd3-2980ed45985a","http.req.method":"POST","http.req.path":"/cart","message":"adding to cart","product":"LS4PSXUNUM","quantity":4,"session":"694745d8-a179-4c65-83d6-9ed873a7b94b","severity":"debug","timestamp":"2026-03-25T12:13:52.758324951Z"}
{"http.req.id":"6e1d0f15-4b89-466c-bdd3-2980ed45985a","http.req.method":"POST","http.req.path":"/cart","http.resp.bytes":0,"http.resp.status":302,"http.resp.took_ms":4,"message":"request complete","session":"694745d8-a179-4c65-83d6-9ed873a7b94b","severity":"debug","timestamp":"2026-03-25T12:13:52.762441841Z"}
{"http.req.id":"6bad68e2-acd6-4c5e-b273-9fd0a34507aa","http.req.method":"GET","http.req.path":"/cart","message":"request started","session":"694745d8-a179-4c65-83d6-9ed873a7b94b","severity":"debug","timestamp":"2026-03-25T12:13:52.763654828Z"}
{"http.req.id":"6bad68e2-acd6-4c5e-b273-9fd0a34507aa","http.req.method":"GET","http.req.path":"/cart","message":"view user cart","session":"694745d8-a179-4c65-83d6-9ed873a7b94b","severity":"debug","timestamp":"2026-03-25T12:13:52.763715163Z"}
{"http.req.id":"6bad68e2-acd6-4c5e-b273-9fd0a34507aa","http.req.method":"GET","http.req.path":"/cart","http.resp.bytes":16405,"http.resp.status":200,"http.resp.took_ms":56,"message":"request complete","session":"694745d8-a179-4c65-83d6-9ed873a7b94b","severity":"debug","timestamp":"2026-03-25T12:13:52.820496717Z"}
{"http.req.id":"7af67308-1dcb-4a5b-8d72-e32c1afbd2cd","http.req.method":"POST","http.req.path":"/cart/checkout","message":"request started","session":"694745d8-a179-4c65-83d6-9ed873a7b94b","severity":"debug","timestamp":"2026-03-25T12:13:52.823217361Z"}
{"http.req.id":"7af67308-1dcb-4a5b-8d72-e32c1afbd2cd","http.req.method":"POST","http.req.path":"/cart/checkout","message":"placing order","session":"694745d8-a179-4c65-83d6-9ed873a7b94b","severity":"debug","timestamp":"2026-03-25T12:13:52.823316974Z"}
{"http.req.id":"7af67308-1dcb-4a5b-8d72-e32c1afbd2cd","http.req.method":"POST","http.req.path":"/cart/checkout","message":"order placed","order":"16a8bfea-2844-11f1-a4a0-927ce8a683d8","session":"694745d8-a179-4c65-83d6-9ed873a7b94b","severity":"info","timestamp":"2026-03-25T12:13:52.846603802Z"}
{"http.req.id":"7af67308-1dcb-4a5b-8d72-e32c1afbd2cd","http.req.method":"POST","http.req.path":"/cart/checkout","http.resp.bytes":6763,"http.resp.status":200,"http.resp.took_ms":39,"message":"request complete","session":"694745d8-a179-4c65-83d6-9ed873a7b94b","severity":"debug","timestamp":"2026-03-25T12:13:52.862306135Z"}
