{"http.req.id":"5a3a8248-9b10-4b98-a0c6-aef39763650b","http.req.method":"GET","http.req.path":"/_healthz","message":"request started","session":"x-liveness-probe","severity":"debug","timestamp":"2026-03-06T06:04:20.246000078Z"}
{"http.req.id":"5a3a8248-9b10-4b98-a0c6-aef39763650b","http.req.method":"GET","http.req.path":"/_healthz","http.resp.bytes":2,"http.resp.status":200,"http.resp.took_ms":0,"message":"request complete","session":"x-liveness-probe","severity":"debug","timestamp":"2026-03-06T06:04:20.246111191Z"}
{"http.req.id":"745e21ec-b900-4799-afcf-9cbcf9b93a0c","http.req.method":"POST","http.req.path":"/setCurrency","message":"request started","session":"89995d91-ad5c-4838-8317-c04497a5d805","severity":"debug","timestamp":"2026-03-06T06:04:21.90423796Z"}
{"curr.new":"USD","curr.old":"EUR","http.req.id":"745e21ec-b900-4799-afcf-9cbcf9b93a0c","http.req.method":"POST","http.req.path":"/setCurrency","message":"setting currency","session":"89995d91-ad5c-4838-8317-c04497a5d805","severity":"debug","timestamp":"2026-03-06T06:04:21.904442704Z"}
{"http.req.id":"745e21ec-b900-4799-afcf-9cbcf9b93a0c","http.req.method":"POST","http.req.path":"/setCurrency","http.resp.bytes":0,"http.resp.status":302,"http.resp.took_ms":0,"message":"request complete","session":"89995d91-ad5c-4838-8317-c04497a5d805","severity":"debug","timestamp":"2026-03-06T06:04:21.9045012Z"}
{"http.req.id":"497f133b-8826-4ca7-b192-a75de41f7851","http.req.method":"GET","http.req.path":"/","message":"request started","session":"89995d91-ad5c-4838-8317-c04497a5d805","severity":"debug","timestamp":"2026-03-06T06:04:21.906354358Z"}
{"currency":"USD","http.req.id":"497f133b-8826-4ca7-b192-a75de41f7851","http.req.method":"GET","http.req.path":"/","message":"home","session":"89995d91-ad5c-4838-8317-c04497a5d805","severity":"info","timestamp":"2026-03-06T06:04:21.90644552Z"}
env platform is either empty or invalid
{"http.req.id":"ffca0bf1-894e-4e82-b75c-b635ca3885f1","http.req.method":"GET","http.req.path":"/product/L9ECAV7KIM","message":"request started","session":"0994b18b-93e7-4775-a2c5-e29dc0e6d5bb","severity":"debug","timestamp":"2026-03-06T06:04:22.020220783Z"}
{"currency":"GBP","http.req.id":"ffca0bf1-894e-4e82-b75c-b635ca3885f1","http.req.method":"GET","http.req.path":"/product/L9ECAV7KIM","id":"L9ECAV7KIM","message":"serving product page","session":"0994b18b-93e7-4775-a2c5-e29dc0e6d5bb","severity":"debug","timestamp":"2026-03-06T06:04:22.020321648Z"}
{"http.req.id":"ffca0bf1-894e-4e82-b75c-b635ca3885f1","http.req.method":"GET","http.req.path":"/product/L9ECAV7KIM","http.resp.bytes":8055,"http.resp.status":200,"http.resp.took_ms":98,"message":"request complete","session":"0994b18b-93e7-4775-a2c5-e29dc0e6d5bb","severity":"debug","timestamp":"2026-03-06T06:04:22.118494384Z"}
{"http.req.id":"497f133b-8826-4ca7-b192-a75de41f7851","http.req.method":"GET","http.req.path":"/","message":"ENV_PLATFORM is: local","session":"89995d91-ad5c-4838-8317-c04497a5d805","severity":"debug","timestamp":"2026-03-06T06:04:22.156871225Z"}
{"http.req.id":"497f133b-8826-4ca7-b192-a75de41f7851","http.req.method":"GET","http.req.path":"/","http.resp.bytes":10589,"http.resp.status":200,"http.resp.took_ms":253,"message":"request complete","session":"89995d91-ad5c-4838-8317-c04497a5d805","severity":"debug","timestamp":"2026-03-06T06:04:22.159877706Z"}
{"http.req.id":"298f823f-2058-4b03-b075-90b16b80302f","http.req.method":"GET","http.req.path":"/product/0PUK6V6EV0","message":"request started","session":"fa2d8e54-c567-4c66-b702-8bb183ef4a46","severity":"debug","timestamp":"2026-03-06T06:04:22.89850209Z"}
{"currency":"GBP","http.req.id":"298f823f-2058-4b03-b075-90b16b80302f","http.req.method":"GET","http.req.path":"/product/0PUK6V6EV0","id":"0PUK6V6EV0","message":"serving product page","session":"fa2d8e54-c567-4c66-b702-8bb183ef4a46","severity":"debug","timestamp":"2026-03-06T06:04:22.898601606Z"}
{"http.req.id":"298f823f-2058-4b03-b075-90b16b80302f","http.req.method":"GET","http.req.path":"/product/0PUK6V6EV0","http.resp.bytes":8056,"http.resp.status":200,"http.resp.took_ms":36,"message":"request complete","session":"fa2d8e54-c567-4c66-b702-8bb183ef4a46","severity":"debug","timestamp":"2026-03-06T06:04:22.935290032Z"}
{"http.req.id":"854aa9e5-b239-440c-815f-7ee1d8dd29cb","http.req.method":"GET","http.req.path":"/_healthz","message":"request started","session":"x-readiness-probe","severity":"debug","timestamp":"2026-03-06T06:04:22.976044992Z"}
{"http.req.id":"854aa9e5-b239-440c-815f-7ee1d8dd29cb","http.req.method":"GET","http.req.path":"/_healthz","http.resp.bytes":2,"http.resp.status":200,"http.resp.took_ms":0,"message":"request complete","session":"x-readiness-probe","severity":"debug","timestamp":"2026-03-06T06:04:22.976174219Z"}
{"http.req.id":"4baae5bc-1690-4229-930d-ce77a15b84dc","http.req.method":"GET","http.req.path":"/product/1YMWWN1N4O","message":"request started","session":"ec0b6821-5225-4ee8-8ec0-1e3bbbdffabb","severity":"debug","timestamp":"2026-03-06T06:04:23.297536489Z"}
{"currency":"USD","http.req.id":"4baae5bc-1690-4229-930d-ce77a15b84dc","http.req.method":"GET","http.req.path":"/product/1YMWWN1N4O","id":"1YMWWN1N4O","message":"serving product page","session":"ec0b6821-5225-4ee8-8ec0-1e3bbbdffabb","severity":"debug","timestamp":"2026-03-06T06:04:23.297647024Z"}
{"http.req.id":"4baae5bc-1690-4229-930d-ce77a15b84dc","http.req.method":"GET","http.req.path":"/product/1YMWWN1N4O","http.resp.bytes":8044,"http.resp.status":200,"http.resp.took_ms":25,"message":"request complete","session":"ec0b6821-5225-4ee8-8ec0-1e3bbbdffabb","severity":"debug","timestamp":"2026-03-06T06:04:23.3231729Z"}
{"http.req.id":"cc33374d-ea68-4478-a332-b48923f09ae2","http.req.method":"GET","http.req.path":"/product/LS4PSXUNUM","message":"request started","session":"6e21104e-b0bf-4a85-b5c2-ac5af92fa69e","severity":"debug","timestamp":"2026-03-06T06:04:23.863623138Z"}
{"currency":"GBP","http.req.id":"cc33374d-ea68-4478-a332-b48923f09ae2","http.req.method":"GET","http.req.path":"/product/LS4PSXUNUM","id":"LS4PSXUNUM","message":"serving product page","session":"6e21104e-b0bf-4a85-b5c2-ac5af92fa69e","severity":"debug","timestamp":"2026-03-06T06:04:23.86371679Z"}
{"http.req.id":"cc33374d-ea68-4478-a332-b48923f09ae2","http.req.method":"GET","http.req.path":"/product/LS4PSXUNUM","http.resp.bytes":8047,"http.resp.status":200,"http.resp.took_ms":152,"message":"request complete","session":"6e21104e-b0bf-4a85-b5c2-ac5af92fa69e","severity":"debug","timestamp":"2026-03-06T06:04:24.01622046Z"}
{"http.req.id":"d3e6f146-27d1-4b5d-b91f-c3331b7b8207","http.req.method":"GET","http.req.path":"/product/1YMWWN1N4O","message":"request started","session":"fa2d8e54-c567-4c66-b702-8bb183ef4a46","severity":"debug","timestamp":"2026-03-06T06:04:25.070258504Z"}
{"currency":"GBP","http.req.id":"d3e6f146-27d1-4b5d-b91f-c3331b7b8207","http.req.method":"GET","http.req.path":"/product/1YMWWN1N4O","id":"1YMWWN1N4O","message":"serving product page","session":"fa2d8e54-c567-4c66-b702-8bb183ef4a46","severity":"debug","timestamp":"2026-03-06T06:04:25.070340264Z"}
{"http.req.id":"d3e6f146-27d1-4b5d-b91f-c3331b7b8207","http.req.method":"GET","http.req.path":"/product/1YMWWN1N4O","http.resp.bytes":8091,"http.resp.status":200,"http.resp.took_ms":51,"message":"request complete","session":"fa2d8e54-c567-4c66-b702-8bb183ef4a46","severity":"debug","timestamp":"2026-03-06T06:04:25.121884002Z"}
{"http.req.id":"01a652e3-f24a-464e-8d67-57c1eca998c2","http.req.method":"GET","http.req.path":"/cart","message":"request started","session":"3e105862-e07a-48bd-9f67-033f05224f8f","severity":"debug","timestamp":"2026-03-06T06:04:25.682059305Z"}
{"http.req.id":"01a652e3-f24a-464e-8d67-57c1eca998c2","http.req.method":"GET","http.req.path":"/cart","message":"view user cart","session":"3e105862-e07a-48bd-9f67-033f05224f8f","severity":"debug","timestamp":"2026-03-06T06:04:25.682187211Z"}
{"http.req.id":"01a652e3-f24a-464e-8d67-57c1eca998c2","http.req.method":"GET","http.req.path":"/cart","http.resp.bytes":16480,"http.resp.status":200,"http.resp.took_ms":37,"message":"request complete","session":"3e105862-e07a-48bd-9f67-033f05224f8f","severity":"debug","timestamp":"2026-03-06T06:04:25.719812901Z"}
{"http.req.id":"7b429d90-e9ac-40ec-8e62-08d6a8abd26c","http.req.method":"GET","http.req.path":"/cart","message":"request started","session":"fa2d8e54-c567-4c66-b702-8bb183ef4a46","severity":"debug","timestamp":"2026-03-06T06:04:26.159948408Z"}
{"http.req.id":"7b429d90-e9ac-40ec-8e62-08d6a8abd26c","http.req.method":"GET","http.req.path":"/cart","message":"view user cart","session":"fa2d8e54-c567-4c66-b702-8bb183ef4a46","severity":"debug","timestamp":"2026-03-06T06:04:26.160074457Z"}
{"http.req.id":"0b97fdab-f466-492d-a89d-a154a663aaa4","http.req.method":"GET","http.req.path":"/product/6E92ZMYYFZ","message":"request started","session":"b1a1fb98-93d6-41f8-9605-e0c8a82d1d3c","severity":"debug","timestamp":"2026-03-06T06:04:26.378697748Z"}
{"currency":"JPY","http.req.id":"0b97fdab-f466-492d-a89d-a154a663aaa4","http.req.method":"GET","http.req.path":"/product/6E92ZMYYFZ","id":"6E92ZMYYFZ","message":"serving product page","session":"b1a1fb98-93d6-41f8-9605-e0c8a82d1d3c","severity":"debug","timestamp":"2026-03-06T06:04:26.378785857Z"}
{"http.req.id":"0b97fdab-f466-492d-a89d-a154a663aaa4","http.req.method":"GET","http.req.path":"/product/6E92ZMYYFZ","http.resp.bytes":7934,"http.resp.status":200,"http.resp.took_ms":146,"message":"request complete","session":"b1a1fb98-93d6-41f8-9605-e0c8a82d1d3c","severity":"debug","timestamp":"2026-03-06T06:04:26.52543606Z"}
{"http.req.id":"f6216bff-afc7-4c97-861e-eb0ec5a01ce2","http.req.method":"POST","http.req.path":"/cart","message":"request started","session":"b1a1fb98-93d6-41f8-9605-e0c8a82d1d3c","severity":"debug","timestamp":"2026-03-06T06:04:26.527039876Z"}
{"http.req.id":"f6216bff-afc7-4c97-861e-eb0ec5a01ce2","http.req.method":"POST","http.req.path":"/cart","message":"adding to cart","product":"6E92ZMYYFZ","quantity":9,"session":"b1a1fb98-93d6-41f8-9605-e0c8a82d1d3c","severity":"debug","timestamp":"2026-03-06T06:04:26.527238764Z"}
{"http.req.id":"f6216bff-afc7-4c97-861e-eb0ec5a01ce2","http.req.method":"POST","http.req.path":"/cart","http.resp.bytes":0,"http.resp.status":302,"http.resp.took_ms":5,"message":"request complete","session":"b1a1fb98-93d6-41f8-9605-e0c8a82d1d3c","severity":"debug","timestamp":"2026-03-06T06:04:26.53234045Z"}
{"http.req.id":"4b571b6c-5524-41fd-b3f2-c8b63f3684ff","http.req.method":"GET","http.req.path":"/cart","message":"request started","session":"b1a1fb98-93d6-41f8-9605-e0c8a82d1d3c","severity":"debug","timestamp":"2026-03-06T06:04:26.533642334Z"}
{"http.req.id":"4b571b6c-5524-41fd-b3f2-c8b63f3684ff","http.req.method":"GET","http.req.path":"/cart","message":"view user cart","session":"b1a1fb98-93d6-41f8-9605-e0c8a82d1d3c","severity":"debug","timestamp":"2026-03-06T06:04:26.533722641Z"}
{"http.req.id":"7b429d90-e9ac-40ec-8e62-08d6a8abd26c","http.req.method":"GET","http.req.path":"/cart","http.resp.bytes":17903,"http.resp.status":200,"http.resp.took_ms":374,"message":"request complete","session":"fa2d8e54-c567-4c66-b702-8bb183ef4a46","severity":"debug","timestamp":"2026-03-06T06:04:26.534082982Z"}
{"http.req.id":"4b571b6c-5524-41fd-b3f2-c8b63f3684ff","http.req.method":"GET","http.req.path":"/cart","http.resp.bytes":16469,"http.resp.status":200,"http.resp.took_ms":186,"message":"request complete","session":"b1a1fb98-93d6-41f8-9605-e0c8a82d1d3c","severity":"debug","timestamp":"2026-03-06T06:04:26.720044852Z"}
{"http.req.id":"63e7d608-be08-4922-84f6-768e496a814b","http.req.method":"POST","http.req.path":"/cart/checkout","message":"request started","session":"b1a1fb98-93d6-41f8-9605-e0c8a82d1d3c","severity":"debug","timestamp":"2026-03-06T06:04:26.721707741Z"}
{"http.req.id":"63e7d608-be08-4922-84f6-768e496a814b","http.req.method":"POST","http.req.path":"/cart/checkout","message":"placing order","session":"b1a1fb98-93d6-41f8-9605-e0c8a82d1d3c","severity":"debug","timestamp":"2026-03-06T06:04:26.721793539Z"}
{"http.req.id":"63e7d608-be08-4922-84f6-768e496a814b","http.req.method":"POST","http.req.path":"/cart/checkout","message":"order placed","order":"54c8e2b7-1922-11f1-af47-fabc357e427c","session":"b1a1fb98-93d6-41f8-9605-e0c8a82d1d3c","severity":"info","timestamp":"2026-03-06T06:04:26.735528939Z"}
{"http.req.id":"63e7d608-be08-4922-84f6-768e496a814b","http.req.method":"POST","http.req.path":"/cart/checkout","http.resp.bytes":6828,"http.resp.status":200,"http.resp.took_ms":93,"message":"request complete","session":"b1a1fb98-93d6-41f8-9605-e0c8a82d1d3c","severity":"debug","timestamp":"2026-03-06T06:04:26.814717519Z"}
{"http.req.id":"0eba2195-0b41-4ac7-9159-672d0c12f9d7","http.req.method":"GET","http.req.path":"/product/6E92ZMYYFZ","message":"request started","session":"eed418e8-7ab1-4992-b9a1-40aeb0d3dc43","severity":"debug","timestamp":"2026-03-06T06:04:26.950027513Z"}
{"currency":"USD","http.req.id":"0eba2195-0b41-4ac7-9159-672d0c12f9d7","http.req.method":"GET","http.req.path":"/product/6E92ZMYYFZ","id":"6E92ZMYYFZ","message":"serving product page","session":"eed418e8-7ab1-4992-b9a1-40aeb0d3dc43","severity":"debug","timestamp":"2026-03-06T06:04:26.950080247Z"}
{"http.req.id":"0eba2195-0b41-4ac7-9159-672d0c12f9d7","http.req.method":"GET","http.req.path":"/product/6E92ZMYYFZ","http.resp.bytes":7999,"http.resp.status":200,"http.resp.took_ms":165,"message":"request complete","session":"eed418e8-7ab1-4992-b9a1-40aeb0d3dc43","severity":"debug","timestamp":"2026-03-06T06:04:27.115539857Z"}
{"http.req.id":"0b40b25e-8ef0-446d-9a0c-9ee08cbb83fe","http.req.method":"GET","http.req.path":"/product/2ZYFJ3GM2N","message":"request started","session":"89995d91-ad5c-4838-8317-c04497a5d805","severity":"debug","timestamp":"2026-03-06T06:04:27.659254109Z"}
{"currency":"USD","http.req.id":"0b40b25e-8ef0-446d-9a0c-9ee08cbb83fe","http.req.method":"GET","http.req.path":"/product/2ZYFJ3GM2N","id":"2ZYFJ3GM2N","message":"serving product page","session":"89995d91-ad5c-4838-8317-c04497a5d805","severity":"debug","timestamp":"2026-03-06T06:04:27.659319747Z"}
{"http.req.id":"0b40b25e-8ef0-446d-9a0c-9ee08cbb83fe","http.req.method":"GET","http.req.path":"/product/2ZYFJ3GM2N","http.resp.bytes":8046,"http.resp.status":200,"http.resp.took_ms":59,"message":"request complete","session":"89995d91-ad5c-4838-8317-c04497a5d805","severity":"debug","timestamp":"2026-03-06T06:04:27.719006203Z"}
{"http.req.id":"e20bd20f-ac70-4415-afc2-64fe3f0d3a8c","http.req.method":"GET","http.req.path":"/product/2ZYFJ3GM2N","message":"request started","session":"f9734e3a-0615-43dc-908b-1b8be30715f4","severity":"debug","timestamp":"2026-03-06T06:04:27.859348074Z"}
{"currency":"TRY","http.req.id":"e20bd20f-ac70-4415-afc2-64fe3f0d3a8c","http.req.method":"GET","http.req.path":"/product/2ZYFJ3GM2N","id":"2ZYFJ3GM2N","message":"serving product page","session":"f9734e3a-0615-43dc-908b-1b8be30715f4","severity":"debug","timestamp":"2026-03-06T06:04:27.859429259Z"}
{"http.req.id":"35ee613b-0717-4d2f-afb2-25ec7b9ca074","http.req.method":"GET","http.req.path":"/cart","message":"request started","session":"d7d3227d-0824-4f40-a472-c039f0192426","severity":"debug","timestamp":"2026-03-06T06:04:27.883538955Z"}
{"http.req.id":"35ee613b-0717-4d2f-afb2-25ec7b9ca074","http.req.method":"GET","http.req.path":"/cart","message":"view user cart","session":"d7d3227d-0824-4f40-a472-c039f0192426","severity":"debug","timestamp":"2026-03-06T06:04:27.883604314Z"}
{"http.req.id":"e20bd20f-ac70-4415-afc2-64fe3f0d3a8c","http.req.method":"GET","http.req.path":"/product/2ZYFJ3GM2N","http.resp.bytes":8090,"http.resp.status":200,"http.resp.took_ms":181,"message":"request complete","session":"f9734e3a-0615-43dc-908b-1b8be30715f4","severity":"debug","timestamp":"2026-03-06T06:04:28.041266698Z"}
{"http.req.id":"64bf00f7-6921-454b-a6a2-53ace219d5b7","http.req.method":"POST","http.req.path":"/cart","message":"request started","session":"f9734e3a-0615-43dc-908b-1b8be30715f4","severity":"debug","timestamp":"2026-03-06T06:04:28.04265793Z"}
{"http.req.id":"64bf00f7-6921-454b-a6a2-53ace219d5b7","http.req.method":"POST","http.req.path":"/cart","message":"adding to cart","product":"2ZYFJ3GM2N","quantity":10,"session":"f9734e3a-0615-43dc-908b-1b8be30715f4","severity":"debug","timestamp":"2026-03-06T06:04:28.042848165Z"}
{"http.req.id":"64bf00f7-6921-454b-a6a2-53ace219d5b7","http.req.method":"POST","http.req.path":"/cart","http.resp.bytes":0,"http.resp.status":302,"http.resp.took_ms":3,"message":"request complete","session":"f9734e3a-0615-43dc-908b-1b8be30715f4","severity":"debug","timestamp":"2026-03-06T06:04:28.04625492Z"}
{"http.req.id":"9df8d734-2336-428c-a941-c7e7e125c7dd","http.req.method":"GET","http.req.path":"/cart","message":"request started","session":"f9734e3a-0615-43dc-908b-1b8be30715f4","severity":"debug","timestamp":"2026-03-06T06:04:28.047781918Z"}
{"http.req.id":"9df8d734-2336-428c-a941-c7e7e125c7dd","http.req.method":"GET","http.req.path":"/cart","message":"view user cart","session":"f9734e3a-0615-43dc-908b-1b8be30715f4","severity":"debug","timestamp":"2026-03-06T06:04:28.047868173Z"}
{"http.req.id":"35ee613b-0717-4d2f-afb2-25ec7b9ca074","http.req.method":"GET","http.req.path":"/cart","http.resp.bytes":17902,"http.resp.status":200,"http.resp.took_ms":238,"message":"request complete","session":"d7d3227d-0824-4f40-a472-c039f0192426","severity":"debug","timestamp":"2026-03-06T06:04:28.12225561Z"}
{"http.req.id":"9df8d734-2336-428c-a941-c7e7e125c7dd","http.req.method":"GET","http.req.path":"/cart","http.resp.bytes":17911,"http.resp.status":200,"http.resp.took_ms":175,"message":"request complete","session":"f9734e3a-0615-43dc-908b-1b8be30715f4","severity":"debug","timestamp":"2026-03-06T06:04:28.223473878Z"}
{"http.req.id":"73f4f43b-5b83-4bf4-b912-556780b7d224","http.req.method":"POST","http.req.path":"/cart/checkout","message":"request started","session":"f9734e3a-0615-43dc-908b-1b8be30715f4","severity":"debug","timestamp":"2026-03-06T06:04:28.226083386Z"}
{"http.req.id":"73f4f43b-5b83-4bf4-b912-556780b7d224","http.req.method":"POST","http.req.path":"/cart/checkout","message":"placing order","session":"f9734e3a-0615-43dc-908b-1b8be30715f4","severity":"debug","timestamp":"2026-03-06T06:04:28.22615752Z"}
{"http.req.id":"73f4f43b-5b83-4bf4-b912-556780b7d224","http.req.method":"POST","http.req.path":"/cart/checkout","message":"order placed","order":"55ae5a6c-1922-11f1-af47-fabc357e427c","session":"f9734e3a-0615-43dc-908b-1b8be30715f4","severity":"info","timestamp":"2026-03-06T06:04:28.245554012Z"}
{"http.req.id":"73f4f43b-5b83-4bf4-b912-556780b7d224","http.req.method":"POST","http.req.path":"/cart/checkout","http.resp.bytes":6834,"http.resp.status":200,"http.resp.took_ms":93,"message":"request complete","session":"f9734e3a-0615-43dc-908b-1b8be30715f4","severity":"debug","timestamp":"2026-03-06T06:04:28.319080812Z"}
{"http.req.id":"fc1089e1-817f-42ba-80ff-59f53b3426a7","http.req.method":"POST","http.req.path":"/setCurrency","message":"request started","session":"6e21104e-b0bf-4a85-b5c2-ac5af92fa69e","severity":"debug","timestamp":"2026-03-06T06:04:29.22442132Z"}
{"curr.new":"JPY","curr.old":"GBP","http.req.id":"fc1089e1-817f-42ba-80ff-59f53b3426a7","http.req.method":"POST","http.req.path":"/setCurrency","message":"setting currency","session":"6e21104e-b0bf-4a85-b5c2-ac5af92fa69e","severity":"debug","timestamp":"2026-03-06T06:04:29.22452412Z"}
{"http.req.id":"fc1089e1-817f-42ba-80ff-59f53b3426a7","http.req.method":"POST","http.req.path":"/setCurrency","http.resp.bytes":0,"http.resp.status":302,"http.resp.took_ms":0,"message":"request complete","session":"6e21104e-b0bf-4a85-b5c2-ac5af92fa69e","severity":"debug","timestamp":"2026-03-06T06:04:29.224551038Z"}
{"http.req.id":"45e2cdc1-379e-414a-8d9d-8125b5f2095c","http.req.method":"GET","http.req.path":"/","message":"request started","session":"6e21104e-b0bf-4a85-b5c2-ac5af92fa69e","severity":"debug","timestamp":"2026-03-06T06:04:29.225680664Z"}
{"currency":"JPY","http.req.id":"45e2cdc1-379e-414a-8d9d-8125b5f2095c","http.req.method":"GET","http.req.path":"/","message":"home","session":"6e21104e-b0bf-4a85-b5c2-ac5af92fa69e","severity":"info","timestamp":"2026-03-06T06:04:29.225747474Z"}
env platform is either empty or invalid
{"http.req.id":"72310340-67a8-45e7-aa0b-ae681a8515e6","http.req.method":"GET","http.req.path":"/product/0PUK6V6EV0","message":"request started","session":"fa2d8e54-c567-4c66-b702-8bb183ef4a46","severity":"debug","timestamp":"2026-03-06T06:04:29.277476054Z"}
{"currency":"GBP","http.req.id":"72310340-67a8-45e7-aa0b-ae681a8515e6","http.req.method":"GET","http.req.path":"/product/0PUK6V6EV0","id":"0PUK6V6EV0","message":"serving product page","session":"fa2d8e54-c567-4c66-b702-8bb183ef4a46","severity":"debug","timestamp":"2026-03-06T06:04:29.277703405Z"}
{"http.req.id":"72310340-67a8-45e7-aa0b-ae681a8515e6","http.req.method":"GET","http.req.path":"/product/0PUK6V6EV0","http.resp.bytes":8024,"http.resp.status":200,"http.resp.took_ms":40,"message":"request complete","session":"fa2d8e54-c567-4c66-b702-8bb183ef4a46","severity":"debug","timestamp":"2026-03-06T06:04:29.317538025Z"}
{"http.req.id":"eb5eadfb-9b51-44d0-a0df-7d971b3e13bb","http.req.method":"GET","http.req.path":"/cart","message":"request started","session":"0994b18b-93e7-4775-a2c5-e29dc0e6d5bb","severity":"debug","timestamp":"2026-03-06T06:04:29.680065406Z"}
{"http.req.id":"eb5eadfb-9b51-44d0-a0df-7d971b3e13bb","http.req.method":"GET","http.req.path":"/cart","message":"view user cart","session":"0994b18b-93e7-4775-a2c5-e29dc0e6d5bb","severity":"debug","timestamp":"2026-03-06T06:04:29.680198776Z"}
{"http.req.id":"eb5eadfb-9b51-44d0-a0df-7d971b3e13bb","http.req.method":"GET","http.req.path":"/cart","http.resp.bytes":17888,"http.resp.status":200,"http.resp.took_ms":141,"message":"request complete","session":"0994b18b-93e7-4775-a2c5-e29dc0e6d5bb","severity":"debug","timestamp":"2026-03-06T06:04:29.821148722Z"}
{"http.req.id":"e46e67e5-1d27-4bda-8f7c-581a31824d51","http.req.method":"GET","http.req.path":"/product/9SIQT8TOJO","message":"request started","session":"3e105862-e07a-48bd-9f67-033f05224f8f","severity":"debug","timestamp":"2026-03-06T06:04:29.927418238Z"}
{"currency":"JPY","http.req.id":"e46e67e5-1d27-4bda-8f7c-581a31824d51","http.req.method":"GET","http.req.path":"/product/9SIQT8TOJO","id":"9SIQT8TOJO","message":"serving product page","session":"3e105862-e07a-48bd-9f67-033f05224f8f","severity":"debug","timestamp":"2026-03-06T06:04:29.927524776Z"}
{"http.req.id":"e46e67e5-1d27-4bda-8f7c-581a31824d51","http.req.method":"GET","http.req.path":"/product/9SIQT8TOJO","http.resp.bytes":8089,"http.resp.status":200,"http.resp.took_ms":92,"message":"request complete","session":"3e105862-e07a-48bd-9f67-033f05224f8f","severity":"debug","timestamp":"2026-03-06T06:04:30.020259445Z"}
{"http.req.id":"3e284f75-7bc9-42e7-aa46-8a4e0b20f905","http.req.method":"GET","http.req.path":"/_healthz","message":"request started","session":"x-liveness-probe","severity":"debug","timestamp":"2026-03-06T06:04:30.24629305Z"}
{"http.req.id":"3e284f75-7bc9-42e7-aa46-8a4e0b20f905","http.req.method":"GET","http.req.path":"/_healthz","http.resp.bytes":2,"http.resp.status":200,"http.resp.took_ms":0,"message":"request complete","session":"x-liveness-probe","severity":"debug","timestamp":"2026-03-06T06:04:30.246388146Z"}
{"http.req.id":"a15e1cd2-2c80-444b-a971-9dd4d6982f35","http.req.method":"GET","http.req.path":"/product/9SIQT8TOJO","message":"request started","session":"b1a1fb98-93d6-41f8-9605-e0c8a82d1d3c","severity":"debug","timestamp":"2026-03-06T06:04:30.349000156Z"}
{"currency":"JPY","http.req.id":"a15e1cd2-2c80-444b-a971-9dd4d6982f35","http.req.method":"GET","http.req.path":"/product/9SIQT8TOJO","id":"9SIQT8TOJO","message":"serving product page","session":"b1a1fb98-93d6-41f8-9605-e0c8a82d1d3c","severity":"debug","timestamp":"2026-03-06T06:04:30.349068582Z"}
{"http.req.id":"a15e1cd2-2c80-444b-a971-9dd4d6982f35","http.req.method":"GET","http.req.path":"/product/9SIQT8TOJO","http.resp.bytes":7968,"http.resp.status":200,"http.resp.took_ms":67,"message":"request complete","session":"b1a1fb98-93d6-41f8-9605-e0c8a82d1d3c","severity":"debug","timestamp":"2026-03-06T06:04:30.416032883Z"}
{"http.req.id":"4d467286-c00c-449b-8e88-0ff33761920c","http.req.method":"GET","http.req.path":"/product/1YMWWN1N4O","message":"request started","session":"89995d91-ad5c-4838-8317-c04497a5d805","severity":"debug","timestamp":"2026-03-06T06:04:31.15493548Z"}
{"currency":"USD","http.req.id":"4d467286-c00c-449b-8e88-0ff33761920c","http.req.method":"GET","http.req.path":"/product/1YMWWN1N4O","id":"1YMWWN1N4O","message":"serving product page","session":"89995d91-ad5c-4838-8317-c04497a5d805","severity":"debug","timestamp":"2026-03-06T06:04:31.155033829Z"}
{"http.req.id":"4d467286-c00c-449b-8e88-0ff33761920c","http.req.method":"GET","http.req.path":"/product/1YMWWN1N4O","http.resp.bytes":8062,"http.resp.status":200,"http.resp.took_ms":64,"message":"request complete","session":"89995d91-ad5c-4838-8317-c04497a5d805","severity":"debug","timestamp":"2026-03-06T06:04:31.219348374Z"}
{"http.req.id":"cb29a4cb-be71-48f7-992d-b7dbc3275ca9","http.req.method":"GET","http.req.path":"/product/2ZYFJ3GM2N","message":"request started","session":"ec0b6821-5225-4ee8-8ec0-1e3bbbdffabb","severity":"debug","timestamp":"2026-03-06T06:04:31.229548152Z"}
{"currency":"USD","http.req.id":"cb29a4cb-be71-48f7-992d-b7dbc3275ca9","http.req.method":"GET","http.req.path":"/product/2ZYFJ3GM2N","id":"2ZYFJ3GM2N","message":"serving product page","session":"ec0b6821-5225-4ee8-8ec0-1e3bbbdffabb","severity":"debug","timestamp":"2026-03-06T06:04:31.229623389Z"}
{"http.req.id":"cb29a4cb-be71-48f7-992d-b7dbc3275ca9","http.req.method":"GET","http.req.path":"/product/2ZYFJ3GM2N","http.resp.bytes":8062,"http.resp.status":200,"http.resp.took_ms":188,"message":"request complete","session":"ec0b6821-5225-4ee8-8ec0-1e3bbbdffabb","severity":"debug","timestamp":"2026-03-06T06:04:31.417644183Z"}
{"http.req.id":"30b2ce65-f6af-4e4e-a5c0-08d72cb49fc5","http.req.method":"POST","http.req.path":"/cart","message":"request started","session":"ec0b6821-5225-4ee8-8ec0-1e3bbbdffabb","severity":"debug","timestamp":"2026-03-06T06:04:31.418808198Z"}
{"http.req.id":"30b2ce65-f6af-4e4e-a5c0-08d72cb49fc5","http.req.method":"POST","http.req.path":"/cart","message":"adding to cart","product":"2ZYFJ3GM2N","quantity":4,"session":"ec0b6821-5225-4ee8-8ec0-1e3bbbdffabb","severity":"debug","timestamp":"2026-03-06T06:04:31.418897172Z"}
{"http.req.id":"30b2ce65-f6af-4e4e-a5c0-08d72cb49fc5","http.req.method":"POST","http.req.path":"/cart","http.resp.bytes":0,"http.resp.status":302,"http.resp.took_ms":2,"message":"request complete","session":"ec0b6821-5225-4ee8-8ec0-1e3bbbdffabb","severity":"debug","timestamp":"2026-03-06T06:04:31.421454284Z"}
{"http.req.id":"df993032-a45f-4568-b04a-d97d9d9f6ad5","http.req.method":"GET","http.req.path":"/cart","message":"request started","session":"ec0b6821-5225-4ee8-8ec0-1e3bbbdffabb","severity":"debug","timestamp":"2026-03-06T06:04:31.422766591Z"}
{"http.req.id":"df993032-a45f-4568-b04a-d97d9d9f6ad5","http.req.method":"GET","http.req.path":"/cart","message":"view user cart","session":"ec0b6821-5225-4ee8-8ec0-1e3bbbdffabb","severity":"debug","timestamp":"2026-03-06T06:04:31.422857042Z"}
{"http.req.id":"df993032-a45f-4568-b04a-d97d9d9f6ad5","http.req.method":"GET","http.req.path":"/cart","http.resp.bytes":19313,"http.resp.status":200,"http.resp.took_ms":99,"message":"request complete","session":"ec0b6821-5225-4ee8-8ec0-1e3bbbdffabb","severity":"debug","timestamp":"2026-03-06T06:04:31.521805842Z"}
