{"http.req.id":"94221ca2-7f49-4d8d-85b9-56bd980d631c","http.req.method":"GET","http.req.path":"/product/66VCHSJNUP","http.resp.bytes":8028,"http.resp.status":200,"http.resp.took_ms":13,"message":"request complete","session":"ec0b6821-5225-4ee8-8ec0-1e3bbbdffabb","severity":"debug","timestamp":"2026-03-06T06:04:05.458022376Z"}
{"http.req.id":"16873c9f-a9b1-417b-aa5b-6615f9ab73e4","http.req.method":"GET","http.req.path":"/cart","message":"request started","session":"0994b18b-93e7-4775-a2c5-e29dc0e6d5bb","severity":"debug","timestamp":"2026-03-06T06:04:05.535139878Z"}
{"http.req.id":"16873c9f-a9b1-417b-aa5b-6615f9ab73e4","http.req.method":"GET","http.req.path":"/cart","message":"view user cart","session":"0994b18b-93e7-4775-a2c5-e29dc0e6d5bb","severity":"debug","timestamp":"2026-03-06T06:04:05.535190903Z"}
{"http.req.id":"16873c9f-a9b1-417b-aa5b-6615f9ab73e4","http.req.method":"GET","http.req.path":"/cart","http.resp.bytes":17870,"http.resp.status":200,"http.resp.took_ms":15,"message":"request complete","session":"0994b18b-93e7-4775-a2c5-e29dc0e6d5bb","severity":"debug","timestamp":"2026-03-06T06:04:05.550847678Z"}
{"http.req.id":"ea6af689-7068-43e2-8560-fe7488acce48","http.req.method":"GET","http.req.path":"/product/LS4PSXUNUM","message":"request started","session":"6e21104e-b0bf-4a85-b5c2-ac5af92fa69e","severity":"debug","timestamp":"2026-03-06T06:04:06.093285039Z"}
{"currency":"GBP","http.req.id":"ea6af689-7068-43e2-8560-fe7488acce48","http.req.method":"GET","http.req.path":"/product/LS4PSXUNUM","id":"LS4PSXUNUM","message":"serving product page","session":"6e21104e-b0bf-4a85-b5c2-ac5af92fa69e","severity":"debug","timestamp":"2026-03-06T06:04:06.09335621Z"}
{"http.req.id":"ea6af689-7068-43e2-8560-fe7488acce48","http.req.method":"GET","http.req.path":"/product/LS4PSXUNUM","http.resp.bytes":8047,"http.resp.status":200,"http.resp.took_ms":24,"message":"request complete","session":"6e21104e-b0bf-4a85-b5c2-ac5af92fa69e","severity":"debug","timestamp":"2026-03-06T06:04:06.117702795Z"}
{"http.req.id":"63b8a8dc-c466-4f0e-9ece-49d406c2f3d8","http.req.method":"GET","http.req.path":"/product/66VCHSJNUP","message":"request started","session":"89995d91-ad5c-4838-8317-c04497a5d805","severity":"debug","timestamp":"2026-03-06T06:04:06.219344938Z"}
{"currency":"EUR","http.req.id":"63b8a8dc-c466-4f0e-9ece-49d406c2f3d8","http.req.method":"GET","http.req.path":"/product/66VCHSJNUP","id":"66VCHSJNUP","message":"serving product page","session":"89995d91-ad5c-4838-8317-c04497a5d805","severity":"debug","timestamp":"2026-03-06T06:04:06.219416609Z"}
{"http.req.id":"63b8a8dc-c466-4f0e-9ece-49d406c2f3d8","http.req.method":"GET","http.req.path":"/product/66VCHSJNUP","http.resp.bytes":8074,"http.resp.status":200,"http.resp.took_ms":12,"message":"request complete","session":"89995d91-ad5c-4838-8317-c04497a5d805","severity":"debug","timestamp":"2026-03-06T06:04:06.232106259Z"}
{"http.req.id":"d9694bb3-6170-439d-b5bb-06b8a1032de6","http.req.method":"POST","http.req.path":"/cart","message":"request started","session":"89995d91-ad5c-4838-8317-c04497a5d805","severity":"debug","timestamp":"2026-03-06T06:04:06.232857544Z"}
{"http.req.id":"d9694bb3-6170-439d-b5bb-06b8a1032de6","http.req.method":"POST","http.req.path":"/cart","message":"adding to cart","product":"66VCHSJNUP","quantity":3,"session":"89995d91-ad5c-4838-8317-c04497a5d805","severity":"debug","timestamp":"2026-03-06T06:04:06.232960587Z"}
{"http.req.id":"d9694bb3-6170-439d-b5bb-06b8a1032de6","http.req.method":"POST","http.req.path":"/cart","http.resp.bytes":0,"http.resp.status":302,"http.resp.took_ms":2,"message":"request complete","session":"89995d91-ad5c-4838-8317-c04497a5d805","severity":"debug","timestamp":"2026-03-06T06:04:06.234990919Z"}
{"http.req.id":"63e061ef-ef9e-4fc4-bbae-214411f3e47d","http.req.method":"GET","http.req.path":"/cart","message":"request started","session":"89995d91-ad5c-4838-8317-c04497a5d805","severity":"debug","timestamp":"2026-03-06T06:04:06.235768865Z"}
{"http.req.id":"63e061ef-ef9e-4fc4-bbae-214411f3e47d","http.req.method":"GET","http.req.path":"/cart","message":"view user cart","session":"89995d91-ad5c-4838-8317-c04497a5d805","severity":"debug","timestamp":"2026-03-06T06:04:06.235816738Z"}
{"http.req.id":"63e061ef-ef9e-4fc4-bbae-214411f3e47d","http.req.method":"GET","http.req.path":"/cart","http.resp.bytes":23229,"http.resp.status":200,"http.resp.took_ms":18,"message":"request complete","session":"89995d91-ad5c-4838-8317-c04497a5d805","severity":"debug","timestamp":"2026-03-06T06:04:06.253816572Z"}
{"http.req.id":"ce32bfec-787b-4127-8b3c-d28571724138","http.req.method":"GET","http.req.path":"/product/9SIQT8TOJO","message":"request started","session":"6e21104e-b0bf-4a85-b5c2-ac5af92fa69e","severity":"debug","timestamp":"2026-03-06T06:04:07.182481546Z"}
{"currency":"GBP","http.req.id":"ce32bfec-787b-4127-8b3c-d28571724138","http.req.method":"GET","http.req.path":"/product/9SIQT8TOJO","id":"9SIQT8TOJO","message":"serving product page","session":"6e21104e-b0bf-4a85-b5c2-ac5af92fa69e","severity":"debug","timestamp":"2026-03-06T06:04:07.182578582Z"}
{"http.req.id":"ce32bfec-787b-4127-8b3c-d28571724138","http.req.method":"GET","http.req.path":"/product/9SIQT8TOJO","http.resp.bytes":8060,"http.resp.status":200,"http.resp.took_ms":14,"message":"request complete","session":"6e21104e-b0bf-4a85-b5c2-ac5af92fa69e","severity":"debug","timestamp":"2026-03-06T06:04:07.196784096Z"}
{"http.req.id":"76414d44-5dce-40f5-9e17-b465d4bd63de","http.req.method":"GET","http.req.path":"/product/L9ECAV7KIM","message":"request started","session":"eed418e8-7ab1-4992-b9a1-40aeb0d3dc43","severity":"debug","timestamp":"2026-03-06T06:04:07.348705984Z"}
{"currency":"USD","http.req.id":"76414d44-5dce-40f5-9e17-b465d4bd63de","http.req.method":"GET","http.req.path":"/product/L9ECAV7KIM","id":"L9ECAV7KIM","message":"serving product page","session":"eed418e8-7ab1-4992-b9a1-40aeb0d3dc43","severity":"debug","timestamp":"2026-03-06T06:04:07.348769904Z"}
{"http.req.id":"76414d44-5dce-40f5-9e17-b465d4bd63de","http.req.method":"GET","http.req.path":"/product/L9ECAV7KIM","http.resp.bytes":7986,"http.resp.status":200,"http.resp.took_ms":14,"message":"request complete","session":"eed418e8-7ab1-4992-b9a1-40aeb0d3dc43","severity":"debug","timestamp":"2026-03-06T06:04:07.362829777Z"}
{"http.req.id":"6d450fee-dd70-4f32-81a1-17417af8cd89","http.req.method":"POST","http.req.path":"/cart","message":"request started","session":"eed418e8-7ab1-4992-b9a1-40aeb0d3dc43","severity":"debug","timestamp":"2026-03-06T06:04:07.363726377Z"}
{"http.req.id":"6d450fee-dd70-4f32-81a1-17417af8cd89","http.req.method":"POST","http.req.path":"/cart","message":"adding to cart","product":"L9ECAV7KIM","quantity":2,"session":"eed418e8-7ab1-4992-b9a1-40aeb0d3dc43","severity":"debug","timestamp":"2026-03-06T06:04:07.363851636Z"}
{"http.req.id":"6d450fee-dd70-4f32-81a1-17417af8cd89","http.req.method":"POST","http.req.path":"/cart","http.resp.bytes":0,"http.resp.status":302,"http.resp.took_ms":2,"message":"request complete","session":"eed418e8-7ab1-4992-b9a1-40aeb0d3dc43","severity":"debug","timestamp":"2026-03-06T06:04:07.366107752Z"}
{"http.req.id":"dbae4d54-0572-405c-8422-b239b76046c6","http.req.method":"GET","http.req.path":"/cart","message":"request started","session":"eed418e8-7ab1-4992-b9a1-40aeb0d3dc43","severity":"debug","timestamp":"2026-03-06T06:04:07.366744977Z"}
{"http.req.id":"dbae4d54-0572-405c-8422-b239b76046c6","http.req.method":"GET","http.req.path":"/cart","message":"view user cart","session":"eed418e8-7ab1-4992-b9a1-40aeb0d3dc43","severity":"debug","timestamp":"2026-03-06T06:04:07.366789855Z"}
{"http.req.id":"dbae4d54-0572-405c-8422-b239b76046c6","http.req.method":"GET","http.req.path":"/cart","http.resp.bytes":16477,"http.resp.status":200,"http.resp.took_ms":12,"message":"request complete","session":"eed418e8-7ab1-4992-b9a1-40aeb0d3dc43","severity":"debug","timestamp":"2026-03-06T06:04:07.379260505Z"}
{"http.req.id":"b47abc49-c4ca-4756-8ef1-13b379c3af56","http.req.method":"POST","http.req.path":"/cart/checkout","message":"request started","session":"eed418e8-7ab1-4992-b9a1-40aeb0d3dc43","severity":"debug","timestamp":"2026-03-06T06:04:07.380719476Z"}
{"http.req.id":"b47abc49-c4ca-4756-8ef1-13b379c3af56","http.req.method":"POST","http.req.path":"/cart/checkout","message":"placing order","session":"eed418e8-7ab1-4992-b9a1-40aeb0d3dc43","severity":"debug","timestamp":"2026-03-06T06:04:07.380774112Z"}
{"http.req.id":"b47abc49-c4ca-4756-8ef1-13b379c3af56","http.req.method":"POST","http.req.path":"/cart/checkout","message":"order placed","order":"494193de-1922-11f1-af47-fabc357e427c","session":"eed418e8-7ab1-4992-b9a1-40aeb0d3dc43","severity":"info","timestamp":"2026-03-06T06:04:07.391384214Z"}
{"http.req.id":"b47abc49-c4ca-4756-8ef1-13b379c3af56","http.req.method":"POST","http.req.path":"/cart/checkout","http.resp.bytes":6801,"http.resp.status":200,"http.resp.took_ms":17,"message":"request complete","session":"eed418e8-7ab1-4992-b9a1-40aeb0d3dc43","severity":"debug","timestamp":"2026-03-06T06:04:07.397788948Z"}
{"http.req.id":"ae66f903-f717-48d5-980b-56f2c49fd3d5","http.req.method":"GET","http.req.path":"/product/0PUK6V6EV0","message":"request started","session":"f9734e3a-0615-43dc-908b-1b8be30715f4","severity":"debug","timestamp":"2026-03-06T06:04:07.589094652Z"}
{"currency":"TRY","http.req.id":"ae66f903-f717-48d5-980b-56f2c49fd3d5","http.req.method":"GET","http.req.path":"/product/0PUK6V6EV0","id":"0PUK6V6EV0","message":"serving product page","session":"f9734e3a-0615-43dc-908b-1b8be30715f4","severity":"debug","timestamp":"2026-03-06T06:04:07.589338599Z"}
{"http.req.id":"ae66f903-f717-48d5-980b-56f2c49fd3d5","http.req.method":"GET","http.req.path":"/product/0PUK6V6EV0","http.resp.bytes":7955,"http.resp.status":200,"http.resp.took_ms":19,"message":"request complete","session":"f9734e3a-0615-43dc-908b-1b8be30715f4","severity":"debug","timestamp":"2026-03-06T06:04:07.608125361Z"}
{"http.req.id":"f2628119-6835-4336-a03f-536dfdef2d9c","http.req.method":"POST","http.req.path":"/setCurrency","message":"request started","session":"3e105862-e07a-48bd-9f67-033f05224f8f","severity":"debug","timestamp":"2026-03-06T06:04:07.669054892Z"}
{"curr.new":"TRY","curr.old":"TRY","http.req.id":"f2628119-6835-4336-a03f-536dfdef2d9c","http.req.method":"POST","http.req.path":"/setCurrency","message":"setting currency","session":"3e105862-e07a-48bd-9f67-033f05224f8f","severity":"debug","timestamp":"2026-03-06T06:04:07.669418872Z"}
{"http.req.id":"f2628119-6835-4336-a03f-536dfdef2d9c","http.req.method":"POST","http.req.path":"/setCurrency","http.resp.bytes":0,"http.resp.status":302,"http.resp.took_ms":0,"message":"request complete","session":"3e105862-e07a-48bd-9f67-033f05224f8f","severity":"debug","timestamp":"2026-03-06T06:04:07.669489331Z"}
{"http.req.id":"2e7c40f2-3db2-4219-bf78-e36cb1f318b3","http.req.method":"GET","http.req.path":"/","message":"request started","session":"3e105862-e07a-48bd-9f67-033f05224f8f","severity":"debug","timestamp":"2026-03-06T06:04:07.672423723Z"}
{"currency":"TRY","http.req.id":"2e7c40f2-3db2-4219-bf78-e36cb1f318b3","http.req.method":"GET","http.req.path":"/","message":"home","session":"3e105862-e07a-48bd-9f67-033f05224f8f","severity":"info","timestamp":"2026-03-06T06:04:07.672591574Z"}
env platform is either empty or invalid
{"http.req.id":"fbf153ef-a775-4fce-be76-fc077e78c905","http.req.method":"POST","http.req.path":"/setCurrency","message":"request started","session":"d7d3227d-0824-4f40-a472-c039f0192426","severity":"debug","timestamp":"2026-03-06T06:04:09.265723917Z"}
{"curr.new":"EUR","curr.old":"TRY","http.req.id":"fbf153ef-a775-4fce-be76-fc077e78c905","http.req.method":"POST","http.req.path":"/setCurrency","message":"setting currency","session":"d7d3227d-0824-4f40-a472-c039f0192426","severity":"debug","timestamp":"2026-03-06T06:04:09.265987635Z"}
{"http.req.id":"fbf153ef-a775-4fce-be76-fc077e78c905","http.req.method":"POST","http.req.path":"/setCurrency","http.resp.bytes":0,"http.resp.status":302,"http.resp.took_ms":0,"message":"request complete","session":"d7d3227d-0824-4f40-a472-c039f0192426","severity":"debug","timestamp":"2026-03-06T06:04:09.266041828Z"}
{"http.req.id":"188eecee-f8fa-4719-88c1-287775d0c193","http.req.method":"GET","http.req.path":"/","message":"request started","session":"d7d3227d-0824-4f40-a472-c039f0192426","severity":"debug","timestamp":"2026-03-06T06:04:09.267583217Z"}
{"currency":"EUR","http.req.id":"188eecee-f8fa-4719-88c1-287775d0c193","http.req.method":"GET","http.req.path":"/","message":"home","session":"d7d3227d-0824-4f40-a472-c039f0192426","severity":"info","timestamp":"2026-03-06T06:04:09.267736312Z"}
env platform is either empty or invalid
{"http.req.id":"527ef34f-1a91-4a12-8ad4-e103a3ae7a05","http.req.method":"GET","http.req.path":"/product/9SIQT8TOJO","message":"request started","session":"89995d91-ad5c-4838-8317-c04497a5d805","severity":"debug","timestamp":"2026-03-06T06:04:10.223129472Z"}
{"currency":"EUR","http.req.id":"527ef34f-1a91-4a12-8ad4-e103a3ae7a05","http.req.method":"GET","http.req.path":"/product/9SIQT8TOJO","id":"9SIQT8TOJO","message":"serving product page","session":"89995d91-ad5c-4838-8317-c04497a5d805","severity":"debug","timestamp":"2026-03-06T06:04:10.223186243Z"}
{"http.req.id":"527ef34f-1a91-4a12-8ad4-e103a3ae7a05","http.req.method":"GET","http.req.path":"/product/9SIQT8TOJO","http.resp.bytes":8096,"http.resp.status":200,"http.resp.took_ms":10,"message":"request complete","session":"89995d91-ad5c-4838-8317-c04497a5d805","severity":"debug","timestamp":"2026-03-06T06:04:10.233965297Z"}
{"http.req.id":"7d7dc905-f6bb-49f4-a9c0-5fb12233f414","http.req.method":"GET","http.req.path":"/_healthz","message":"request started","session":"x-liveness-probe","severity":"debug","timestamp":"2026-03-06T06:04:10.245414112Z"}
{"http.req.id":"7d7dc905-f6bb-49f4-a9c0-5fb12233f414","http.req.method":"GET","http.req.path":"/_healthz","http.resp.bytes":2,"http.resp.status":200,"http.resp.took_ms":0,"message":"request complete","session":"x-liveness-probe","severity":"debug","timestamp":"2026-03-06T06:04:10.24548129Z"}
{"http.req.id":"2d60e8ac-a606-4fb2-b0da-b4bec1f7fdc8","http.req.method":"GET","http.req.path":"/product/9SIQT8TOJO","message":"request started","session":"eed418e8-7ab1-4992-b9a1-40aeb0d3dc43","severity":"debug","timestamp":"2026-03-06T06:04:10.533218861Z"}
{"currency":"USD","http.req.id":"2d60e8ac-a606-4fb2-b0da-b4bec1f7fdc8","http.req.method":"GET","http.req.path":"/product/9SIQT8TOJO","id":"9SIQT8TOJO","message":"serving product page","session":"eed418e8-7ab1-4992-b9a1-40aeb0d3dc43","severity":"debug","timestamp":"2026-03-06T06:04:10.533324787Z"}
{"http.req.id":"2d60e8ac-a606-4fb2-b0da-b4bec1f7fdc8","http.req.method":"GET","http.req.path":"/product/9SIQT8TOJO","http.resp.bytes":8000,"http.resp.status":200,"http.resp.took_ms":13,"message":"request complete","session":"eed418e8-7ab1-4992-b9a1-40aeb0d3dc43","severity":"debug","timestamp":"2026-03-06T06:04:10.546280074Z"}
{"http.req.id":"2e7c40f2-3db2-4219-bf78-e36cb1f318b3","http.req.method":"GET","http.req.path":"/","message":"ENV_PLATFORM is: local","session":"3e105862-e07a-48bd-9f67-033f05224f8f","severity":"debug","timestamp":"2026-03-06T06:04:10.814210382Z"}
{"http.req.id":"2e7c40f2-3db2-4219-bf78-e36cb1f318b3","http.req.method":"GET","http.req.path":"/","http.resp.bytes":10616,"http.resp.status":200,"http.resp.took_ms":3144,"message":"request complete","session":"3e105862-e07a-48bd-9f67-033f05224f8f","severity":"debug","timestamp":"2026-03-06T06:04:10.81681071Z"}
{"http.req.id":"188eecee-f8fa-4719-88c1-287775d0c193","http.req.method":"GET","http.req.path":"/","message":"ENV_PLATFORM is: local","session":"d7d3227d-0824-4f40-a472-c039f0192426","severity":"debug","timestamp":"2026-03-06T06:04:11.035415769Z"}
{"http.req.id":"188eecee-f8fa-4719-88c1-287775d0c193","http.req.method":"GET","http.req.path":"/","http.resp.bytes":10608,"http.resp.status":200,"http.resp.took_ms":1770,"message":"request complete","session":"d7d3227d-0824-4f40-a472-c039f0192426","severity":"debug","timestamp":"2026-03-06T06:04:11.038524761Z"}
{"http.req.id":"ce339315-ea0a-4f04-9390-795c4c163413","http.req.method":"GET","http.req.path":"/product/2ZYFJ3GM2N","message":"request started","session":"ec0b6821-5225-4ee8-8ec0-1e3bbbdffabb","severity":"debug","timestamp":"2026-03-06T06:04:11.534491443Z"}
{"currency":"USD","http.req.id":"ce339315-ea0a-4f04-9390-795c4c163413","http.req.method":"GET","http.req.path":"/product/2ZYFJ3GM2N","id":"2ZYFJ3GM2N","message":"serving product page","session":"ec0b6821-5225-4ee8-8ec0-1e3bbbdffabb","severity":"debug","timestamp":"2026-03-06T06:04:11.534551589Z"}
{"http.req.id":"ce339315-ea0a-4f04-9390-795c4c163413","http.req.method":"GET","http.req.path":"/product/2ZYFJ3GM2N","http.resp.bytes":8100,"http.resp.status":200,"http.resp.took_ms":14,"message":"request complete","session":"ec0b6821-5225-4ee8-8ec0-1e3bbbdffabb","severity":"debug","timestamp":"2026-03-06T06:04:11.54856688Z"}
{"http.req.id":"15770c34-12d4-4259-b331-c237f28d3dd1","http.req.method":"POST","http.req.path":"/cart","message":"request started","session":"ec0b6821-5225-4ee8-8ec0-1e3bbbdffabb","severity":"debug","timestamp":"2026-03-06T06:04:11.549451142Z"}
{"http.req.id":"15770c34-12d4-4259-b331-c237f28d3dd1","http.req.method":"POST","http.req.path":"/cart","message":"adding to cart","product":"2ZYFJ3GM2N","quantity":3,"session":"ec0b6821-5225-4ee8-8ec0-1e3bbbdffabb","severity":"debug","timestamp":"2026-03-06T06:04:11.549587084Z"}
{"http.req.id":"15770c34-12d4-4259-b331-c237f28d3dd1","http.req.method":"POST","http.req.path":"/cart","http.resp.bytes":0,"http.resp.status":302,"http.resp.took_ms":2,"message":"request complete","session":"ec0b6821-5225-4ee8-8ec0-1e3bbbdffabb","severity":"debug","timestamp":"2026-03-06T06:04:11.55204562Z"}
{"http.req.id":"e7713e0a-14f9-416d-b6dc-34780d006cb2","http.req.method":"GET","http.req.path":"/cart","message":"request started","session":"ec0b6821-5225-4ee8-8ec0-1e3bbbdffabb","severity":"debug","timestamp":"2026-03-06T06:04:11.552981917Z"}
{"http.req.id":"e7713e0a-14f9-416d-b6dc-34780d006cb2","http.req.method":"GET","http.req.path":"/cart","message":"view user cart","session":"ec0b6821-5225-4ee8-8ec0-1e3bbbdffabb","severity":"debug","timestamp":"2026-03-06T06:04:11.553030712Z"}
{"http.req.id":"e7713e0a-14f9-416d-b6dc-34780d006cb2","http.req.method":"GET","http.req.path":"/cart","http.resp.bytes":19291,"http.resp.status":200,"http.resp.took_ms":17,"message":"request complete","session":"ec0b6821-5225-4ee8-8ec0-1e3bbbdffabb","severity":"debug","timestamp":"2026-03-06T06:04:11.570853138Z"}
{"http.req.id":"de5353d3-1b30-4532-837c-c66494b5eb27","http.req.method":"GET","http.req.path":"/cart","message":"request started","session":"b1a1fb98-93d6-41f8-9605-e0c8a82d1d3c","severity":"debug","timestamp":"2026-03-06T06:04:12.29020748Z"}
{"http.req.id":"de5353d3-1b30-4532-837c-c66494b5eb27","http.req.method":"GET","http.req.path":"/cart","message":"view user cart","session":"b1a1fb98-93d6-41f8-9605-e0c8a82d1d3c","severity":"debug","timestamp":"2026-03-06T06:04:12.290311107Z"}
{"http.req.id":"de5353d3-1b30-4532-837c-c66494b5eb27","http.req.method":"GET","http.req.path":"/cart","http.resp.bytes":6860,"http.resp.status":200,"http.resp.took_ms":13,"message":"request complete","session":"b1a1fb98-93d6-41f8-9605-e0c8a82d1d3c","severity":"debug","timestamp":"2026-03-06T06:04:12.303290621Z"}
{"http.req.id":"98645bc5-8e8c-4255-aeb7-5c267598c7e1","http.req.method":"GET","http.req.path":"/_healthz","message":"request started","session":"x-readiness-probe","severity":"debug","timestamp":"2026-03-06T06:04:12.975298995Z"}
{"http.req.id":"98645bc5-8e8c-4255-aeb7-5c267598c7e1","http.req.method":"GET","http.req.path":"/_healthz","http.resp.bytes":2,"http.resp.status":200,"http.resp.took_ms":0,"message":"request complete","session":"x-readiness-probe","severity":"debug","timestamp":"2026-03-06T06:04:12.975399505Z"}
{"http.req.id":"0da8f25e-f49a-48f5-be36-fddcedaccefe","http.req.method":"GET","http.req.path":"/cart","message":"request started","session":"89995d91-ad5c-4838-8317-c04497a5d805","severity":"debug","timestamp":"2026-03-06T06:04:13.515196861Z"}
{"http.req.id":"0da8f25e-f49a-48f5-be36-fddcedaccefe","http.req.method":"GET","http.req.path":"/cart","message":"view user cart","session":"89995d91-ad5c-4838-8317-c04497a5d805","severity":"debug","timestamp":"2026-03-06T06:04:13.515301299Z"}
{"http.req.id":"0da8f25e-f49a-48f5-be36-fddcedaccefe","http.req.method":"GET","http.req.path":"/cart","http.resp.bytes":23229,"http.resp.status":200,"http.resp.took_ms":112,"message":"request complete","session":"89995d91-ad5c-4838-8317-c04497a5d805","severity":"debug","timestamp":"2026-03-06T06:04:13.627515552Z"}
{"http.req.id":"e75b5c9a-ce86-479f-870d-a48a9db722a4","http.req.method":"GET","http.req.path":"/product/L9ECAV7KIM","message":"request started","session":"eed418e8-7ab1-4992-b9a1-40aeb0d3dc43","severity":"debug","timestamp":"2026-03-06T06:04:13.810624886Z"}
{"currency":"USD","http.req.id":"e75b5c9a-ce86-479f-870d-a48a9db722a4","http.req.method":"GET","http.req.path":"/product/L9ECAV7KIM","id":"L9ECAV7KIM","message":"serving product page","session":"eed418e8-7ab1-4992-b9a1-40aeb0d3dc43","severity":"debug","timestamp":"2026-03-06T06:04:13.810694357Z"}
{"http.req.id":"e75b5c9a-ce86-479f-870d-a48a9db722a4","http.req.method":"GET","http.req.path":"/product/L9ECAV7KIM","http.resp.bytes":7924,"http.resp.status":200,"http.resp.took_ms":33,"message":"request complete","session":"eed418e8-7ab1-4992-b9a1-40aeb0d3dc43","severity":"debug","timestamp":"2026-03-06T06:04:13.844034828Z"}
{"http.req.id":"610150ad-988f-465f-bbca-3dafca5b23bc","http.req.method":"POST","http.req.path":"/cart","message":"request started","session":"eed418e8-7ab1-4992-b9a1-40aeb0d3dc43","severity":"debug","timestamp":"2026-03-06T06:04:13.910851506Z"}
{"http.req.id":"610150ad-988f-465f-bbca-3dafca5b23bc","http.req.method":"POST","http.req.path":"/cart","message":"adding to cart","product":"L9ECAV7KIM","quantity":10,"session":"eed418e8-7ab1-4992-b9a1-40aeb0d3dc43","severity":"debug","timestamp":"2026-03-06T06:04:13.911124193Z"}
{"http.req.id":"045d851b-7b95-42ef-b77b-f1350f1d1379","http.req.method":"GET","http.req.path":"/product/9SIQT8TOJO","message":"request started","session":"fa2d8e54-c567-4c66-b702-8bb183ef4a46","severity":"debug","timestamp":"2026-03-06T06:04:13.911467546Z"}
{"currency":"GBP","http.req.id":"045d851b-7b95-42ef-b77b-f1350f1d1379","http.req.method":"GET","http.req.path":"/product/9SIQT8TOJO","id":"9SIQT8TOJO","message":"serving product page","session":"fa2d8e54-c567-4c66-b702-8bb183ef4a46","severity":"debug","timestamp":"2026-03-06T06:04:13.911521456Z"}
{"http.req.id":"610150ad-988f-465f-bbca-3dafca5b23bc","http.req.method":"POST","http.req.path":"/cart","http.resp.bytes":0,"http.resp.status":302,"http.resp.took_ms":3,"message":"request complete","session":"eed418e8-7ab1-4992-b9a1-40aeb0d3dc43","severity":"debug","timestamp":"2026-03-06T06:04:13.91482772Z"}
{"http.req.id":"589a0602-33af-4617-a114-c3fe6edba92c","http.req.method":"GET","http.req.path":"/cart","message":"request started","session":"eed418e8-7ab1-4992-b9a1-40aeb0d3dc43","severity":"debug","timestamp":"2026-03-06T06:04:13.918269442Z"}
{"http.req.id":"589a0602-33af-4617-a114-c3fe6edba92c","http.req.method":"GET","http.req.path":"/cart","message":"view user cart","session":"eed418e8-7ab1-4992-b9a1-40aeb0d3dc43","severity":"debug","timestamp":"2026-03-06T06:04:13.918345165Z"}
{"http.req.id":"045d851b-7b95-42ef-b77b-f1350f1d1379","http.req.method":"GET","http.req.path":"/product/9SIQT8TOJO","http.resp.bytes":8098,"http.resp.status":200,"http.resp.took_ms":106,"message":"request complete","session":"fa2d8e54-c567-4c66-b702-8bb183ef4a46","severity":"debug","timestamp":"2026-03-06T06:04:14.017853668Z"}
{"http.req.id":"589a0602-33af-4617-a114-c3fe6edba92c","http.req.method":"GET","http.req.path":"/cart","http.resp.bytes":16462,"http.resp.status":200,"http.resp.took_ms":109,"message":"request complete","session":"eed418e8-7ab1-4992-b9a1-40aeb0d3dc43","severity":"debug","timestamp":"2026-03-06T06:04:14.027974109Z"}
{"http.req.id":"7db08b57-d0b2-42d6-a102-02339bd485a4","http.req.method":"GET","http.req.path":"/product/6E92ZMYYFZ","message":"request started","session":"6e21104e-b0bf-4a85-b5c2-ac5af92fa69e","severity":"debug","timestamp":"2026-03-06T06:04:14.545623945Z"}
{"currency":"GBP","http.req.id":"7db08b57-d0b2-42d6-a102-02339bd485a4","http.req.method":"GET","http.req.path":"/product/6E92ZMYYFZ","id":"6E92ZMYYFZ","message":"serving product page","session":"6e21104e-b0bf-4a85-b5c2-ac5af92fa69e","severity":"debug","timestamp":"2026-03-06T06:04:14.545697488Z"}
{"http.req.id":"7db08b57-d0b2-42d6-a102-02339bd485a4","http.req.method":"GET","http.req.path":"/product/6E92ZMYYFZ","http.resp.bytes":8025,"http.resp.status":200,"http.resp.took_ms":71,"message":"request complete","session":"6e21104e-b0bf-4a85-b5c2-ac5af92fa69e","severity":"debug","timestamp":"2026-03-06T06:04:14.617240734Z"}
{"http.req.id":"50e6f30d-395b-4440-8549-53bcde392e71","http.req.method":"POST","http.req.path":"/cart","message":"request started","session":"6e21104e-b0bf-4a85-b5c2-ac5af92fa69e","severity":"debug","timestamp":"2026-03-06T06:04:14.61857944Z"}
{"http.req.id":"50e6f30d-395b-4440-8549-53bcde392e71","http.req.method":"POST","http.req.path":"/cart","message":"adding to cart","product":"6E92ZMYYFZ","quantity":7,"session":"6e21104e-b0bf-4a85-b5c2-ac5af92fa69e","severity":"debug","timestamp":"2026-03-06T06:04:14.618749564Z"}
{"http.req.id":"50e6f30d-395b-4440-8549-53bcde392e71","http.req.method":"POST","http.req.path":"/cart","http.resp.bytes":0,"http.resp.status":302,"http.resp.took_ms":4,"message":"request complete","session":"6e21104e-b0bf-4a85-b5c2-ac5af92fa69e","severity":"debug","timestamp":"2026-03-06T06:04:14.623197542Z"}
{"http.req.id":"35a73899-2c01-490c-b6ff-1597c685895f","http.req.method":"GET","http.req.path":"/product/66VCHSJNUP","message":"request started","session":"0994b18b-93e7-4775-a2c5-e29dc0e6d5bb","severity":"debug","timestamp":"2026-03-06T06:04:14.623473488Z"}
{"currency":"GBP","http.req.id":"35a73899-2c01-490c-b6ff-1597c685895f","http.req.method":"GET","http.req.path":"/product/66VCHSJNUP","id":"66VCHSJNUP","message":"serving product page","session":"0994b18b-93e7-4775-a2c5-e29dc0e6d5bb","severity":"debug","timestamp":"2026-03-06T06:04:14.623597105Z"}
{"http.req.id":"133f932d-23ac-4059-a970-1608d5baf292","http.req.method":"GET","http.req.path":"/cart","message":"request started","session":"6e21104e-b0bf-4a85-b5c2-ac5af92fa69e","severity":"debug","timestamp":"2026-03-06T06:04:14.624711278Z"}
{"http.req.id":"133f932d-23ac-4059-a970-1608d5baf292","http.req.method":"GET","http.req.path":"/cart","message":"view user cart","session":"6e21104e-b0bf-4a85-b5c2-ac5af92fa69e","severity":"debug","timestamp":"2026-03-06T06:04:14.624794184Z"}
{"http.req.id":"35a73899-2c01-490c-b6ff-1597c685895f","http.req.method":"GET","http.req.path":"/product/66VCHSJNUP","http.resp.bytes":8023,"http.resp.status":200,"http.resp.took_ms":105,"message":"request complete","session":"0994b18b-93e7-4775-a2c5-e29dc0e6d5bb","severity":"debug","timestamp":"2026-03-06T06:04:14.728706266Z"}
{"http.req.id":"133f932d-23ac-4059-a970-1608d5baf292","http.req.method":"GET","http.req.path":"/cart","http.resp.bytes":17850,"http.resp.status":200,"http.resp.took_ms":108,"message":"request complete","session":"6e21104e-b0bf-4a85-b5c2-ac5af92fa69e","severity":"debug","timestamp":"2026-03-06T06:04:14.732930742Z"}
