{"http.req.id":"fb7ba488-ae75-404b-9f76-021eb54c0960","http.req.method":"GET","http.req.path":"/product/9SIQT8TOJO","message":"request started","session":"fcb2831f-0627-4791-ac1d-23821dc5b140","severity":"debug","timestamp":"2026-03-25T12:14:55.694251207Z"}
{"currency":"GBP","http.req.id":"fb7ba488-ae75-404b-9f76-021eb54c0960","http.req.method":"GET","http.req.path":"/product/9SIQT8TOJO","id":"9SIQT8TOJO","message":"serving product page","session":"fcb2831f-0627-4791-ac1d-23821dc5b140","severity":"debug","timestamp":"2026-03-25T12:14:55.694371896Z"}
{"http.req.id":"fb7ba488-ae75-404b-9f76-021eb54c0960","http.req.method":"GET","http.req.path":"/product/9SIQT8TOJO","http.resp.bytes":8034,"http.resp.status":200,"http.resp.took_ms":40,"message":"request complete","session":"fcb2831f-0627-4791-ac1d-23821dc5b140","severity":"debug","timestamp":"2026-03-25T12:14:55.734249654Z"}
{"http.req.id":"90382b40-b815-43f1-b371-f402d11f67b3","http.req.method":"GET","http.req.path":"/product/LS4PSXUNUM","message":"request started","session":"df4ce93a-5d92-40a8-93c2-540bf11bbb4d","severity":"debug","timestamp":"2026-03-25T12:14:56.023756591Z"}
{"currency":"USD","http.req.id":"90382b40-b815-43f1-b371-f402d11f67b3","http.req.method":"GET","http.req.path":"/product/LS4PSXUNUM","id":"LS4PSXUNUM","message":"serving product page","session":"df4ce93a-5d92-40a8-93c2-540bf11bbb4d","severity":"debug","timestamp":"2026-03-25T12:14:56.023968964Z"}
{"http.req.id":"5195e07d-de55-4448-8fd2-f13b4506d87a","http.req.method":"GET","http.req.path":"/cart","message":"request started","session":"514e00c6-206e-4c6e-873f-852b796455de","severity":"debug","timestamp":"2026-03-25T12:14:56.029640931Z"}
{"http.req.id":"5195e07d-de55-4448-8fd2-f13b4506d87a","http.req.method":"GET","http.req.path":"/cart","message":"view user cart","session":"514e00c6-206e-4c6e-873f-852b796455de","severity":"debug","timestamp":"2026-03-25T12:14:56.029771915Z"}
{"http.req.id":"90382b40-b815-43f1-b371-f402d11f67b3","http.req.method":"GET","http.req.path":"/product/LS4PSXUNUM","http.resp.bytes":7895,"http.resp.status":200,"http.resp.took_ms":34,"message":"request complete","session":"df4ce93a-5d92-40a8-93c2-540bf11bbb4d","severity":"debug","timestamp":"2026-03-25T12:14:56.058128626Z"}
{"http.req.id":"5195e07d-de55-4448-8fd2-f13b4506d87a","http.req.method":"GET","http.req.path":"/cart","http.resp.bytes":16418,"http.resp.status":200,"http.resp.took_ms":232,"message":"request complete","session":"514e00c6-206e-4c6e-873f-852b796455de","severity":"debug","timestamp":"2026-03-25T12:14:56.262218067Z"}
{"http.req.id":"27290e11-2a17-4cbf-badb-e09fbfb93a22","http.req.method":"GET","http.req.path":"/product/OLJCESPC7Z","message":"request started","session":"694745d8-a179-4c65-83d6-9ed873a7b94b","severity":"debug","timestamp":"2026-03-25T12:14:57.143919972Z"}
{"currency":"GBP","http.req.id":"27290e11-2a17-4cbf-badb-e09fbfb93a22","http.req.method":"GET","http.req.path":"/product/OLJCESPC7Z","id":"OLJCESPC7Z","message":"serving product page","session":"694745d8-a179-4c65-83d6-9ed873a7b94b","severity":"debug","timestamp":"2026-03-25T12:14:57.144074182Z"}
{"http.req.id":"27290e11-2a17-4cbf-badb-e09fbfb93a22","http.req.method":"GET","http.req.path":"/product/OLJCESPC7Z","http.resp.bytes":8044,"http.resp.status":200,"http.resp.took_ms":51,"message":"request complete","session":"694745d8-a179-4c65-83d6-9ed873a7b94b","severity":"debug","timestamp":"2026-03-25T12:14:57.19525246Z"}
{"http.req.id":"32133096-063d-4057-a653-b88814a5355f","http.req.method":"GET","http.req.path":"/product/66VCHSJNUP","message":"request started","session":"513dd945-739c-4fe3-8e54-6e6927fbb733","severity":"debug","timestamp":"2026-03-25T12:14:57.232673387Z"}
{"currency":"JPY","http.req.id":"32133096-063d-4057-a653-b88814a5355f","http.req.method":"GET","http.req.path":"/product/66VCHSJNUP","id":"66VCHSJNUP","message":"serving product page","session":"513dd945-739c-4fe3-8e54-6e6927fbb733","severity":"debug","timestamp":"2026-03-25T12:14:57.232814016Z"}
{"http.req.id":"32133096-063d-4057-a653-b88814a5355f","http.req.method":"GET","http.req.path":"/product/66VCHSJNUP","http.resp.bytes":7958,"http.resp.status":200,"http.resp.took_ms":29,"message":"request complete","session":"513dd945-739c-4fe3-8e54-6e6927fbb733","severity":"debug","timestamp":"2026-03-25T12:14:57.262539874Z"}
{"http.req.id":"2626654a-63f3-406b-9b6b-d37954cad686","http.req.method":"POST","http.req.path":"/cart","message":"request started","session":"513dd945-739c-4fe3-8e54-6e6927fbb733","severity":"debug","timestamp":"2026-03-25T12:14:57.264478764Z"}
{"http.req.id":"2626654a-63f3-406b-9b6b-d37954cad686","http.req.method":"POST","http.req.path":"/cart","message":"adding to cart","product":"66VCHSJNUP","quantity":5,"session":"513dd945-739c-4fe3-8e54-6e6927fbb733","severity":"debug","timestamp":"2026-03-25T12:14:57.26471364Z"}
{"http.req.id":"2626654a-63f3-406b-9b6b-d37954cad686","http.req.method":"POST","http.req.path":"/cart","http.resp.bytes":0,"http.resp.status":302,"http.resp.took_ms":5,"message":"request complete","session":"513dd945-739c-4fe3-8e54-6e6927fbb733","severity":"debug","timestamp":"2026-03-25T12:14:57.269660125Z"}
{"http.req.id":"0947293c-e062-46e0-8512-2b182b188ccf","http.req.method":"GET","http.req.path":"/cart","message":"request started","session":"513dd945-739c-4fe3-8e54-6e6927fbb733","severity":"debug","timestamp":"2026-03-25T12:14:57.271461015Z"}
{"http.req.id":"0947293c-e062-46e0-8512-2b182b188ccf","http.req.method":"GET","http.req.path":"/cart","message":"view user cart","session":"513dd945-739c-4fe3-8e54-6e6927fbb733","severity":"debug","timestamp":"2026-03-25T12:14:57.271586288Z"}
{"http.req.id":"0947293c-e062-46e0-8512-2b182b188ccf","http.req.method":"GET","http.req.path":"/cart","http.resp.bytes":19257,"http.resp.status":200,"http.resp.took_ms":96,"message":"request complete","session":"513dd945-739c-4fe3-8e54-6e6927fbb733","severity":"debug","timestamp":"2026-03-25T12:14:59.034357597Z"}
{"http.req.id":"4efc7cee-97cd-4b93-bad7-52b4fcfb810f","http.req.method":"POST","http.req.path":"/cart/checkout","message":"request started","session":"513dd945-739c-4fe3-8e54-6e6927fbb733","severity":"debug","timestamp":"2026-03-25T12:14:59.038875376Z"}
{"http.req.id":"4efc7cee-97cd-4b93-bad7-52b4fcfb810f","http.req.method":"POST","http.req.path":"/cart/checkout","message":"placing order","session":"513dd945-739c-4fe3-8e54-6e6927fbb733","severity":"debug","timestamp":"2026-03-25T12:14:59.038941663Z"}
{"http.req.id":"55742876-b6ee-45f3-bf49-40199f5dbb0c","http.req.method":"GET","http.req.path":"/product/2ZYFJ3GM2N","message":"request started","session":"827eab86-1aba-4a15-8740-5fee5900d10f","severity":"debug","timestamp":"2026-03-25T12:14:59.056709717Z"}
{"currency":"GBP","http.req.id":"55742876-b6ee-45f3-bf49-40199f5dbb0c","http.req.method":"GET","http.req.path":"/product/2ZYFJ3GM2N","id":"2ZYFJ3GM2N","message":"serving product page","session":"827eab86-1aba-4a15-8740-5fee5900d10f","severity":"debug","timestamp":"2026-03-25T12:14:59.056861156Z"}
{"http.req.id":"4efc7cee-97cd-4b93-bad7-52b4fcfb810f","http.req.method":"POST","http.req.path":"/cart/checkout","message":"order placed","order":"3e207d2d-2844-11f1-a4a0-927ce8a683d8","session":"513dd945-739c-4fe3-8e54-6e6927fbb733","severity":"info","timestamp":"2026-03-25T12:14:59.123489471Z"}
{"http.req.id":"4efc7cee-97cd-4b93-bad7-52b4fcfb810f","http.req.method":"POST","http.req.path":"/cart/checkout","http.resp.bytes":6751,"http.resp.status":200,"http.resp.took_ms":101,"message":"request complete","session":"513dd945-739c-4fe3-8e54-6e6927fbb733","severity":"debug","timestamp":"2026-03-25T12:14:59.140647577Z"}
{"http.req.id":"55742876-b6ee-45f3-bf49-40199f5dbb0c","http.req.method":"GET","http.req.path":"/product/2ZYFJ3GM2N","http.resp.bytes":8004,"http.resp.status":200,"http.resp.took_ms":89,"message":"request complete","session":"827eab86-1aba-4a15-8740-5fee5900d10f","severity":"debug","timestamp":"2026-03-25T12:14:59.14607601Z"}
{"http.req.id":"f70c5c63-ce4b-4975-81b0-0dbab5143b5b","http.req.method":"GET","http.req.path":"/_healthz","message":"request started","session":"x-readiness-probe","severity":"debug","timestamp":"2026-03-25T12:14:59.338566663Z"}
{"http.req.id":"f70c5c63-ce4b-4975-81b0-0dbab5143b5b","http.req.method":"GET","http.req.path":"/_healthz","http.resp.bytes":2,"http.resp.status":200,"http.resp.took_ms":0,"message":"request complete","session":"x-readiness-probe","severity":"debug","timestamp":"2026-03-25T12:14:59.338762945Z"}
{"http.req.id":"0d8a3714-0ab6-4f27-864b-b8982e83e7a3","http.req.method":"GET","http.req.path":"/product/OLJCESPC7Z","message":"request started","session":"fcb2831f-0627-4791-ac1d-23821dc5b140","severity":"debug","timestamp":"2026-03-25T12:14:59.341018829Z"}
{"currency":"GBP","http.req.id":"0d8a3714-0ab6-4f27-864b-b8982e83e7a3","http.req.method":"GET","http.req.path":"/product/OLJCESPC7Z","id":"OLJCESPC7Z","message":"serving product page","session":"fcb2831f-0627-4791-ac1d-23821dc5b140","severity":"debug","timestamp":"2026-03-25T12:14:59.341090609Z"}
{"http.req.id":"0d8a3714-0ab6-4f27-864b-b8982e83e7a3","http.req.method":"GET","http.req.path":"/product/OLJCESPC7Z","http.resp.bytes":8025,"http.resp.status":200,"http.resp.took_ms":29,"message":"request complete","session":"fcb2831f-0627-4791-ac1d-23821dc5b140","severity":"debug","timestamp":"2026-03-25T12:14:59.37052189Z"}
{"http.req.id":"67429ccd-5aaf-47ec-a1b9-561b03bdc495","http.req.method":"POST","http.req.path":"/cart","message":"request started","session":"fcb2831f-0627-4791-ac1d-23821dc5b140","severity":"debug","timestamp":"2026-03-25T12:14:59.372108057Z"}
{"http.req.id":"67429ccd-5aaf-47ec-a1b9-561b03bdc495","http.req.method":"POST","http.req.path":"/cart","message":"adding to cart","product":"OLJCESPC7Z","quantity":4,"session":"fcb2831f-0627-4791-ac1d-23821dc5b140","severity":"debug","timestamp":"2026-03-25T12:14:59.372321105Z"}
{"http.req.id":"67429ccd-5aaf-47ec-a1b9-561b03bdc495","http.req.method":"POST","http.req.path":"/cart","http.resp.bytes":0,"http.resp.status":302,"http.resp.took_ms":6,"message":"request complete","session":"fcb2831f-0627-4791-ac1d-23821dc5b140","severity":"debug","timestamp":"2026-03-25T12:14:59.378247992Z"}
{"http.req.id":"62b9c555-707a-4c96-bb44-a407de7f3f85","http.req.method":"GET","http.req.path":"/cart","message":"request started","session":"fcb2831f-0627-4791-ac1d-23821dc5b140","severity":"debug","timestamp":"2026-03-25T12:14:59.379870005Z"}
{"http.req.id":"62b9c555-707a-4c96-bb44-a407de7f3f85","http.req.method":"GET","http.req.path":"/cart","message":"view user cart","session":"fcb2831f-0627-4791-ac1d-23821dc5b140","severity":"debug","timestamp":"2026-03-25T12:14:59.379977228Z"}
{"http.req.id":"62b9c555-707a-4c96-bb44-a407de7f3f85","http.req.method":"GET","http.req.path":"/cart","http.resp.bytes":25276,"http.resp.status":200,"http.resp.took_ms":169,"message":"request complete","session":"fcb2831f-0627-4791-ac1d-23821dc5b140","severity":"debug","timestamp":"2026-03-25T12:14:59.549539928Z"}
{"http.req.id":"60f7999e-ddb4-475a-af8f-47fa0570b83a","http.req.method":"GET","http.req.path":"/product/LS4PSXUNUM","message":"request started","session":"32217267-98ca-4d66-9fc8-3f088b8def0f","severity":"debug","timestamp":"2026-03-25T12:14:59.604632306Z"}
{"currency":"EUR","http.req.id":"60f7999e-ddb4-475a-af8f-47fa0570b83a","http.req.method":"GET","http.req.path":"/product/LS4PSXUNUM","id":"LS4PSXUNUM","message":"serving product page","session":"32217267-98ca-4d66-9fc8-3f088b8def0f","severity":"debug","timestamp":"2026-03-25T12:14:59.604740644Z"}
{"http.req.id":"60f7999e-ddb4-475a-af8f-47fa0570b83a","http.req.method":"GET","http.req.path":"/product/LS4PSXUNUM","http.resp.bytes":7903,"http.resp.status":200,"http.resp.took_ms":38,"message":"request complete","session":"32217267-98ca-4d66-9fc8-3f088b8def0f","severity":"debug","timestamp":"2026-03-25T12:14:59.642775235Z"}
{"http.req.id":"09552a71-9277-4fb5-ba0f-8b7f09e93c07","http.req.method":"GET","http.req.path":"/","message":"request started","session":"2d3bf3d7-22b5-49c9-8227-12126292f393","severity":"debug","timestamp":"2026-03-25T12:14:59.724897946Z"}
{"currency":"CAD","http.req.id":"09552a71-9277-4fb5-ba0f-8b7f09e93c07","http.req.method":"GET","http.req.path":"/","message":"home","session":"2d3bf3d7-22b5-49c9-8227-12126292f393","severity":"info","timestamp":"2026-03-25T12:14:59.724949087Z"}
{"http.req.id":"cd022e63-e54e-415b-b451-c15ee576e180","http.req.method":"POST","http.req.path":"/setCurrency","message":"request started","session":"514e00c6-206e-4c6e-873f-852b796455de","severity":"debug","timestamp":"2026-03-25T12:14:59.810585967Z"}
{"curr.new":"GBP","curr.old":"JPY","http.req.id":"cd022e63-e54e-415b-b451-c15ee576e180","http.req.method":"POST","http.req.path":"/setCurrency","message":"setting currency","session":"514e00c6-206e-4c6e-873f-852b796455de","severity":"debug","timestamp":"2026-03-25T12:14:59.810782912Z"}
{"http.req.id":"cd022e63-e54e-415b-b451-c15ee576e180","http.req.method":"POST","http.req.path":"/setCurrency","http.resp.bytes":0,"http.resp.status":302,"http.resp.took_ms":0,"message":"request complete","session":"514e00c6-206e-4c6e-873f-852b796455de","severity":"debug","timestamp":"2026-03-25T12:14:59.810827579Z"}
{"http.req.id":"7b1dd5c0-21e1-4276-8aaa-88f75d263cce","http.req.method":"GET","http.req.path":"/","message":"request started","session":"514e00c6-206e-4c6e-873f-852b796455de","severity":"debug","timestamp":"2026-03-25T12:14:59.813554215Z"}
{"currency":"GBP","http.req.id":"7b1dd5c0-21e1-4276-8aaa-88f75d263cce","http.req.method":"GET","http.req.path":"/","message":"home","session":"514e00c6-206e-4c6e-873f-852b796455de","severity":"info","timestamp":"2026-03-25T12:14:59.813710743Z"}
env platform is either empty or invalid
{"http.req.id":"09552a71-9277-4fb5-ba0f-8b7f09e93c07","http.req.method":"GET","http.req.path":"/","message":"ENV_PLATFORM is: local","session":"2d3bf3d7-22b5-49c9-8227-12126292f393","severity":"debug","timestamp":"2026-03-25T12:14:59.835172835Z"}
{"http.req.id":"09552a71-9277-4fb5-ba0f-8b7f09e93c07","http.req.method":"GET","http.req.path":"/","http.resp.bytes":10474,"http.resp.status":200,"http.resp.took_ms":115,"message":"request complete","session":"2d3bf3d7-22b5-49c9-8227-12126292f393","severity":"debug","timestamp":"2026-03-25T12:14:59.840871941Z"}
env platform is either empty or invalid
{"http.req.id":"7b1dd5c0-21e1-4276-8aaa-88f75d263cce","http.req.method":"GET","http.req.path":"/","message":"ENV_PLATFORM is: local","session":"514e00c6-206e-4c6e-873f-852b796455de","severity":"debug","timestamp":"2026-03-25T12:14:59.947815368Z"}
{"http.req.id":"7b1dd5c0-21e1-4276-8aaa-88f75d263cce","http.req.method":"GET","http.req.path":"/","http.resp.bytes":10481,"http.resp.status":200,"http.resp.took_ms":138,"message":"request complete","session":"514e00c6-206e-4c6e-873f-852b796455de","severity":"debug","timestamp":"2026-03-25T12:14:59.952180285Z"}
{"http.req.id":"b5677ae8-df6c-4957-92b8-5c13a41cb71f","http.req.method":"GET","http.req.path":"/product/2ZYFJ3GM2N","message":"request started","session":"ecb080bf-5333-403f-9547-c8725d499228","severity":"debug","timestamp":"2026-03-25T12:15:00.316205678Z"}
{"currency":"USD","http.req.id":"b5677ae8-df6c-4957-92b8-5c13a41cb71f","http.req.method":"GET","http.req.path":"/product/2ZYFJ3GM2N","id":"2ZYFJ3GM2N","message":"serving product page","session":"ecb080bf-5333-403f-9547-c8725d499228","severity":"debug","timestamp":"2026-03-25T12:15:00.316278345Z"}
{"http.req.id":"b5677ae8-df6c-4957-92b8-5c13a41cb71f","http.req.method":"GET","http.req.path":"/product/2ZYFJ3GM2N","http.resp.bytes":7914,"http.resp.status":200,"http.resp.took_ms":26,"message":"request complete","session":"ecb080bf-5333-403f-9547-c8725d499228","severity":"debug","timestamp":"2026-03-25T12:15:00.342715398Z"}
{"http.req.id":"050534c2-1047-488c-bd51-5dc1789a183e","http.req.method":"POST","http.req.path":"/setCurrency","message":"request started","session":"513dd945-739c-4fe3-8e54-6e6927fbb733","severity":"debug","timestamp":"2026-03-25T12:15:01.898799611Z"}
{"curr.new":"JPY","curr.old":"JPY","http.req.id":"050534c2-1047-488c-bd51-5dc1789a183e","http.req.method":"POST","http.req.path":"/setCurrency","message":"setting currency","session":"513dd945-739c-4fe3-8e54-6e6927fbb733","severity":"debug","timestamp":"2026-03-25T12:15:01.899094604Z"}
{"http.req.id":"050534c2-1047-488c-bd51-5dc1789a183e","http.req.method":"POST","http.req.path":"/setCurrency","http.resp.bytes":0,"http.resp.status":302,"http.resp.took_ms":0,"message":"request complete","session":"513dd945-739c-4fe3-8e54-6e6927fbb733","severity":"debug","timestamp":"2026-03-25T12:15:01.899205002Z"}
{"http.req.id":"adbfa97d-83e6-4e70-9e79-e8ca68d4fe07","http.req.method":"GET","http.req.path":"/","message":"request started","session":"513dd945-739c-4fe3-8e54-6e6927fbb733","severity":"debug","timestamp":"2026-03-25T12:15:01.901123757Z"}
{"currency":"JPY","http.req.id":"adbfa97d-83e6-4e70-9e79-e8ca68d4fe07","http.req.method":"GET","http.req.path":"/","message":"home","session":"513dd945-739c-4fe3-8e54-6e6927fbb733","severity":"info","timestamp":"2026-03-25T12:15:01.901202341Z"}
env platform is either empty or invalid
{"http.req.id":"adbfa97d-83e6-4e70-9e79-e8ca68d4fe07","http.req.method":"GET","http.req.path":"/","message":"ENV_PLATFORM is: local","session":"513dd945-739c-4fe3-8e54-6e6927fbb733","severity":"debug","timestamp":"2026-03-25T12:15:02.129147642Z"}
{"http.req.id":"adbfa97d-83e6-4e70-9e79-e8ca68d4fe07","http.req.method":"GET","http.req.path":"/","http.resp.bytes":10413,"http.resp.status":200,"http.resp.took_ms":251,"message":"request complete","session":"513dd945-739c-4fe3-8e54-6e6927fbb733","severity":"debug","timestamp":"2026-03-25T12:15:02.152509358Z"}
{"http.req.id":"59cd862d-5522-485a-a6fa-ae5985565c0d","http.req.method":"GET","http.req.path":"/product/1YMWWN1N4O","message":"request started","session":"fcb2831f-0627-4791-ac1d-23821dc5b140","severity":"debug","timestamp":"2026-03-25T12:15:02.353136775Z"}
{"currency":"GBP","http.req.id":"59cd862d-5522-485a-a6fa-ae5985565c0d","http.req.method":"GET","http.req.path":"/product/1YMWWN1N4O","id":"1YMWWN1N4O","message":"serving product page","session":"fcb2831f-0627-4791-ac1d-23821dc5b140","severity":"debug","timestamp":"2026-03-25T12:15:02.353232254Z"}
{"http.req.id":"59cd862d-5522-485a-a6fa-ae5985565c0d","http.req.method":"GET","http.req.path":"/product/1YMWWN1N4O","http.resp.bytes":7993,"http.resp.status":200,"http.resp.took_ms":28,"message":"request complete","session":"fcb2831f-0627-4791-ac1d-23821dc5b140","severity":"debug","timestamp":"2026-03-25T12:15:02.382037171Z"}
{"http.req.id":"fe057c3a-f973-4e95-8eac-ba983c3904a5","http.req.method":"GET","http.req.path":"/product/L9ECAV7KIM","message":"request started","session":"2d3bf3d7-22b5-49c9-8227-12126292f393","severity":"debug","timestamp":"2026-03-25T12:15:03.648388716Z"}
{"currency":"CAD","http.req.id":"fe057c3a-f973-4e95-8eac-ba983c3904a5","http.req.method":"GET","http.req.path":"/product/L9ECAV7KIM","id":"L9ECAV7KIM","message":"serving product page","session":"2d3bf3d7-22b5-49c9-8227-12126292f393","severity":"debug","timestamp":"2026-03-25T12:15:03.648526269Z"}
{"http.req.id":"fe057c3a-f973-4e95-8eac-ba983c3904a5","http.req.method":"GET","http.req.path":"/product/L9ECAV7KIM","http.resp.bytes":7976,"http.resp.status":200,"http.resp.took_ms":28,"message":"request complete","session":"2d3bf3d7-22b5-49c9-8227-12126292f393","severity":"debug","timestamp":"2026-03-25T12:15:03.677199778Z"}
{"http.req.id":"85964122-b3cf-4d69-ba8b-5b72303501db","http.req.method":"GET","http.req.path":"/product/L9ECAV7KIM","message":"request started","session":"a38c2610-1665-4c93-8051-4c451f5de325","severity":"debug","timestamp":"2026-03-25T12:15:05.532018256Z"}
{"currency":"USD","http.req.id":"85964122-b3cf-4d69-ba8b-5b72303501db","http.req.method":"GET","http.req.path":"/product/L9ECAV7KIM","id":"L9ECAV7KIM","message":"serving product page","session":"a38c2610-1665-4c93-8051-4c451f5de325","severity":"debug","timestamp":"2026-03-25T12:15:05.532140792Z"}
{"http.req.id":"85964122-b3cf-4d69-ba8b-5b72303501db","http.req.method":"GET","http.req.path":"/product/L9ECAV7KIM","http.resp.bytes":7876,"http.resp.status":200,"http.resp.took_ms":24,"message":"request complete","session":"a38c2610-1665-4c93-8051-4c451f5de325","severity":"debug","timestamp":"2026-03-25T12:15:05.556511906Z"}
{"http.req.id":"dca82e6c-8153-4c21-b5a5-44f76d8e4877","http.req.method":"GET","http.req.path":"/_healthz","message":"request started","session":"x-liveness-probe","severity":"debug","timestamp":"2026-03-25T12:15:05.934876943Z"}
{"http.req.id":"dca82e6c-8153-4c21-b5a5-44f76d8e4877","http.req.method":"GET","http.req.path":"/_healthz","http.resp.bytes":2,"http.resp.status":200,"http.resp.took_ms":0,"message":"request complete","session":"x-liveness-probe","severity":"debug","timestamp":"2026-03-25T12:15:05.93504789Z"}
{"http.req.id":"43ef2006-67bc-445f-9511-8acb8c635961","http.req.method":"GET","http.req.path":"/product/6E92ZMYYFZ","message":"request started","session":"513dd945-739c-4fe3-8e54-6e6927fbb733","severity":"debug","timestamp":"2026-03-25T12:15:06.077507826Z"}
{"currency":"JPY","http.req.id":"43ef2006-67bc-445f-9511-8acb8c635961","http.req.method":"GET","http.req.path":"/product/6E92ZMYYFZ","id":"6E92ZMYYFZ","message":"serving product page","session":"513dd945-739c-4fe3-8e54-6e6927fbb733","severity":"debug","timestamp":"2026-03-25T12:15:06.077607465Z"}
{"http.req.id":"43ef2006-67bc-445f-9511-8acb8c635961","http.req.method":"GET","http.req.path":"/product/6E92ZMYYFZ","http.resp.bytes":7850,"http.resp.status":200,"http.resp.took_ms":21,"message":"request complete","session":"513dd945-739c-4fe3-8e54-6e6927fbb733","severity":"debug","timestamp":"2026-03-25T12:15:06.098847853Z"}
{"http.req.id":"2f09077b-e3c4-4b52-a5b2-54ad55c45332","http.req.method":"GET","http.req.path":"/product/0PUK6V6EV0","message":"request started","session":"827eab86-1aba-4a15-8740-5fee5900d10f","severity":"debug","timestamp":"2026-03-25T12:15:06.831821166Z"}
{"currency":"GBP","http.req.id":"2f09077b-e3c4-4b52-a5b2-54ad55c45332","http.req.method":"GET","http.req.path":"/product/0PUK6V6EV0","id":"0PUK6V6EV0","message":"serving product page","session":"827eab86-1aba-4a15-8740-5fee5900d10f","severity":"debug","timestamp":"2026-03-25T12:15:06.831916356Z"}
{"http.req.id":"2f09077b-e3c4-4b52-a5b2-54ad55c45332","http.req.method":"GET","http.req.path":"/product/0PUK6V6EV0","http.resp.bytes":7966,"http.resp.status":200,"http.resp.took_ms":21,"message":"request complete","session":"827eab86-1aba-4a15-8740-5fee5900d10f","severity":"debug","timestamp":"2026-03-25T12:15:06.853752685Z"}
{"http.req.id":"a432cd3b-d979-4f47-afd1-d411c9b87fdb","http.req.method":"GET","http.req.path":"/product/66VCHSJNUP","message":"request started","session":"df4ce93a-5d92-40a8-93c2-540bf11bbb4d","severity":"debug","timestamp":"2026-03-25T12:15:07.078944784Z"}
{"currency":"USD","http.req.id":"a432cd3b-d979-4f47-afd1-d411c9b87fdb","http.req.method":"GET","http.req.path":"/product/66VCHSJNUP","id":"66VCHSJNUP","message":"serving product page","session":"df4ce93a-5d92-40a8-93c2-540bf11bbb4d","severity":"debug","timestamp":"2026-03-25T12:15:07.079060029Z"}
{"http.req.id":"a432cd3b-d979-4f47-afd1-d411c9b87fdb","http.req.method":"GET","http.req.path":"/product/66VCHSJNUP","http.resp.bytes":7862,"http.resp.status":200,"http.resp.took_ms":32,"message":"request complete","session":"df4ce93a-5d92-40a8-93c2-540bf11bbb4d","severity":"debug","timestamp":"2026-03-25T12:15:07.111326186Z"}
{"http.req.id":"29717582-b0b3-403e-8b28-3d8996e9fa67","http.req.method":"GET","http.req.path":"/cart","message":"request started","session":"a38c2610-1665-4c93-8051-4c451f5de325","severity":"debug","timestamp":"2026-03-25T12:15:07.155169591Z"}
{"http.req.id":"29717582-b0b3-403e-8b28-3d8996e9fa67","http.req.method":"GET","http.req.path":"/cart","message":"view user cart","session":"a38c2610-1665-4c93-8051-4c451f5de325","severity":"debug","timestamp":"2026-03-25T12:15:07.155345535Z"}
{"http.req.id":"29717582-b0b3-403e-8b28-3d8996e9fa67","http.req.method":"GET","http.req.path":"/cart","http.resp.bytes":6815,"http.resp.status":200,"http.resp.took_ms":31,"message":"request complete","session":"a38c2610-1665-4c93-8051-4c451f5de325","severity":"debug","timestamp":"2026-03-25T12:15:07.186307352Z"}
{"http.req.id":"b42b638a-221e-4fc9-a9eb-d68611a47019","http.req.method":"GET","http.req.path":"/product/9SIQT8TOJO","message":"request started","session":"ecb080bf-5333-403f-9547-c8725d499228","severity":"debug","timestamp":"2026-03-25T12:15:08.05983223Z"}
{"currency":"USD","http.req.id":"b42b638a-221e-4fc9-a9eb-d68611a47019","http.req.method":"GET","http.req.path":"/product/9SIQT8TOJO","id":"9SIQT8TOJO","message":"serving product page","session":"ecb080bf-5333-403f-9547-c8725d499228","severity":"debug","timestamp":"2026-03-25T12:15:08.059909537Z"}
{"http.req.id":"b42b638a-221e-4fc9-a9eb-d68611a47019","http.req.method":"GET","http.req.path":"/product/9SIQT8TOJO","http.resp.bytes":7904,"http.resp.status":200,"http.resp.took_ms":21,"message":"request complete","session":"ecb080bf-5333-403f-9547-c8725d499228","severity":"debug","timestamp":"2026-03-25T12:15:08.080997219Z"}
{"http.req.id":"4d307f77-6e5c-460e-83f8-da13fd1f159e","http.req.method":"GET","http.req.path":"/product/OLJCESPC7Z","message":"request started","session":"694745d8-a179-4c65-83d6-9ed873a7b94b","severity":"debug","timestamp":"2026-03-25T12:15:08.093903009Z"}
{"currency":"GBP","http.req.id":"4d307f77-6e5c-460e-83f8-da13fd1f159e","http.req.method":"GET","http.req.path":"/product/OLJCESPC7Z","id":"OLJCESPC7Z","message":"serving product page","session":"694745d8-a179-4c65-83d6-9ed873a7b94b","severity":"debug","timestamp":"2026-03-25T12:15:08.094028766Z"}
{"http.req.id":"4d307f77-6e5c-460e-83f8-da13fd1f159e","http.req.method":"GET","http.req.path":"/product/OLJCESPC7Z","http.resp.bytes":8024,"http.resp.status":200,"http.resp.took_ms":33,"message":"request complete","session":"694745d8-a179-4c65-83d6-9ed873a7b94b","severity":"debug","timestamp":"2026-03-25T12:15:08.12780711Z"}
{"http.req.id":"a215ac0a-8838-4b4d-a3c2-8bf549b839b2","http.req.method":"GET","http.req.path":"/","message":"request started","session":"fcb2831f-0627-4791-ac1d-23821dc5b140","severity":"debug","timestamp":"2026-03-25T12:15:08.327867246Z"}
{"currency":"GBP","http.req.id":"a215ac0a-8838-4b4d-a3c2-8bf549b839b2","http.req.method":"GET","http.req.path":"/","message":"home","session":"fcb2831f-0627-4791-ac1d-23821dc5b140","severity":"info","timestamp":"2026-03-25T12:15:08.327974852Z"}
env platform is either empty or invalid
{"http.req.id":"a215ac0a-8838-4b4d-a3c2-8bf549b839b2","http.req.method":"GET","http.req.path":"/","message":"ENV_PLATFORM is: local","session":"fcb2831f-0627-4791-ac1d-23821dc5b140","severity":"debug","timestamp":"2026-03-25T12:15:08.358362882Z"}
{"http.req.id":"a215ac0a-8838-4b4d-a3c2-8bf549b839b2","http.req.method":"GET","http.req.path":"/","http.resp.bytes":10482,"http.resp.status":200,"http.resp.took_ms":36,"message":"request complete","session":"fcb2831f-0627-4791-ac1d-23821dc5b140","severity":"debug","timestamp":"2026-03-25T12:15:08.364198328Z"}
