{"http.req.id":"e49714d9-b119-41a8-baca-a706d9c5d07d","http.req.method":"GET","http.req.path":"/product/9SIQT8TOJO","message":"request started","session":"694745d8-a179-4c65-83d6-9ed873a7b94b","severity":"debug","timestamp":"2026-03-25T12:14:38.775196499Z"}
{"currency":"GBP","http.req.id":"e49714d9-b119-41a8-baca-a706d9c5d07d","http.req.method":"GET","http.req.path":"/product/9SIQT8TOJO","id":"9SIQT8TOJO","message":"serving product page","session":"694745d8-a179-4c65-83d6-9ed873a7b94b","severity":"debug","timestamp":"2026-03-25T12:14:38.77530316Z"}
{"http.req.id":"e49714d9-b119-41a8-baca-a706d9c5d07d","http.req.method":"GET","http.req.path":"/product/9SIQT8TOJO","http.resp.bytes":8027,"http.resp.status":200,"http.resp.took_ms":500,"message":"request complete","session":"694745d8-a179-4c65-83d6-9ed873a7b94b","severity":"debug","timestamp":"2026-03-25T12:14:39.276702318Z"}
{"http.req.id":"772dfa89-46d0-48b7-b5f6-32dbf851e8b2","http.req.method":"GET","http.req.path":"/product/0PUK6V6EV0","message":"request started","session":"2d3bf3d7-22b5-49c9-8227-12126292f393","severity":"debug","timestamp":"2026-03-25T12:14:39.919308533Z"}
{"currency":"CAD","http.req.id":"772dfa89-46d0-48b7-b5f6-32dbf851e8b2","http.req.method":"GET","http.req.path":"/product/0PUK6V6EV0","id":"0PUK6V6EV0","message":"serving product page","session":"2d3bf3d7-22b5-49c9-8227-12126292f393","severity":"debug","timestamp":"2026-03-25T12:14:39.92178953Z"}
{"http.req.id":"8312730c-09af-4ab9-83a3-65da748d72e0","http.req.method":"GET","http.req.path":"/product/LS4PSXUNUM","message":"request started","session":"fcb2831f-0627-4791-ac1d-23821dc5b140","severity":"debug","timestamp":"2026-03-25T12:14:40.057921136Z"}
{"currency":"GBP","http.req.id":"8312730c-09af-4ab9-83a3-65da748d72e0","http.req.method":"GET","http.req.path":"/product/LS4PSXUNUM","id":"LS4PSXUNUM","message":"serving product page","session":"fcb2831f-0627-4791-ac1d-23821dc5b140","severity":"debug","timestamp":"2026-03-25T12:14:40.058128561Z"}
{"http.req.id":"1c0bb452-78c2-41d2-bacf-bfb9b2bc6f1d","http.req.method":"GET","http.req.path":"/","message":"request started","session":"32217267-98ca-4d66-9fc8-3f088b8def0f","severity":"debug","timestamp":"2026-03-25T12:14:40.057956184Z"}
{"currency":"EUR","http.req.id":"1c0bb452-78c2-41d2-bacf-bfb9b2bc6f1d","http.req.method":"GET","http.req.path":"/","message":"home","session":"32217267-98ca-4d66-9fc8-3f088b8def0f","severity":"info","timestamp":"2026-03-25T12:14:40.058860768Z"}
{"http.req.id":"772dfa89-46d0-48b7-b5f6-32dbf851e8b2","http.req.method":"GET","http.req.path":"/product/0PUK6V6EV0","http.resp.bytes":7876,"http.resp.status":200,"http.resp.took_ms":238,"message":"request complete","session":"2d3bf3d7-22b5-49c9-8227-12126292f393","severity":"debug","timestamp":"2026-03-25T12:14:40.158071429Z"}
{"http.req.id":"8312730c-09af-4ab9-83a3-65da748d72e0","http.req.method":"GET","http.req.path":"/product/LS4PSXUNUM","http.resp.bytes":7993,"http.resp.status":200,"http.resp.took_ms":198,"message":"request complete","session":"fcb2831f-0627-4791-ac1d-23821dc5b140","severity":"debug","timestamp":"2026-03-25T12:14:40.256745837Z"}
{"http.req.id":"803211ac-939a-496c-a4af-1aeb8bb5cf77","http.req.method":"POST","http.req.path":"/cart","message":"request started","session":"fcb2831f-0627-4791-ac1d-23821dc5b140","severity":"debug","timestamp":"2026-03-25T12:14:40.260945193Z"}
{"http.req.id":"803211ac-939a-496c-a4af-1aeb8bb5cf77","http.req.method":"POST","http.req.path":"/cart","message":"adding to cart","product":"LS4PSXUNUM","quantity":2,"session":"fcb2831f-0627-4791-ac1d-23821dc5b140","severity":"debug","timestamp":"2026-03-25T12:14:40.261200154Z"}
{"http.req.id":"803211ac-939a-496c-a4af-1aeb8bb5cf77","http.req.method":"POST","http.req.path":"/cart","http.resp.bytes":0,"http.resp.status":302,"http.resp.took_ms":6,"message":"request complete","session":"fcb2831f-0627-4791-ac1d-23821dc5b140","severity":"debug","timestamp":"2026-03-25T12:14:40.267369566Z"}
{"http.req.id":"f80d981f-7040-4a5a-9285-1eb494dec43b","http.req.method":"GET","http.req.path":"/cart","message":"request started","session":"fcb2831f-0627-4791-ac1d-23821dc5b140","severity":"debug","timestamp":"2026-03-25T12:14:40.272888199Z"}
{"http.req.id":"f80d981f-7040-4a5a-9285-1eb494dec43b","http.req.method":"GET","http.req.path":"/cart","message":"view user cart","session":"fcb2831f-0627-4791-ac1d-23821dc5b140","severity":"debug","timestamp":"2026-03-25T12:14:40.272958401Z"}
env platform is either empty or invalid
{"http.req.id":"1c0bb452-78c2-41d2-bacf-bfb9b2bc6f1d","http.req.method":"GET","http.req.path":"/","message":"ENV_PLATFORM is: local","session":"32217267-98ca-4d66-9fc8-3f088b8def0f","severity":"debug","timestamp":"2026-03-25T12:14:40.373485488Z"}
{"http.req.id":"1c0bb452-78c2-41d2-bacf-bfb9b2bc6f1d","http.req.method":"GET","http.req.path":"/","http.resp.bytes":10402,"http.resp.status":200,"http.resp.took_ms":323,"message":"request complete","session":"32217267-98ca-4d66-9fc8-3f088b8def0f","severity":"debug","timestamp":"2026-03-25T12:14:40.381956606Z"}
{"http.req.id":"930d3145-8c1b-463f-bb5f-ac6dddc22a47","http.req.method":"GET","http.req.path":"/product/2ZYFJ3GM2N","message":"request started","session":"a38c2610-1665-4c93-8051-4c451f5de325","severity":"debug","timestamp":"2026-03-25T12:14:40.476860687Z"}
{"currency":"USD","http.req.id":"930d3145-8c1b-463f-bb5f-ac6dddc22a47","http.req.method":"GET","http.req.path":"/product/2ZYFJ3GM2N","id":"2ZYFJ3GM2N","message":"serving product page","session":"a38c2610-1665-4c93-8051-4c451f5de325","severity":"debug","timestamp":"2026-03-25T12:14:40.476942854Z"}
{"http.req.id":"f80d981f-7040-4a5a-9285-1eb494dec43b","http.req.method":"GET","http.req.path":"/cart","http.resp.bytes":24221,"http.resp.status":200,"http.resp.took_ms":204,"message":"request complete","session":"fcb2831f-0627-4791-ac1d-23821dc5b140","severity":"debug","timestamp":"2026-03-25T12:14:40.477486594Z"}
{"http.req.id":"930d3145-8c1b-463f-bb5f-ac6dddc22a47","http.req.method":"GET","http.req.path":"/product/2ZYFJ3GM2N","http.resp.bytes":7936,"http.resp.status":200,"http.resp.took_ms":95,"message":"request complete","session":"a38c2610-1665-4c93-8051-4c451f5de325","severity":"debug","timestamp":"2026-03-25T12:14:40.572354941Z"}
{"http.req.id":"a41fb5a8-3b29-4f11-b985-afd2ddadbaa4","http.req.method":"GET","http.req.path":"/product/9SIQT8TOJO","message":"request started","session":"514e00c6-206e-4c6e-873f-852b796455de","severity":"debug","timestamp":"2026-03-25T12:14:41.484250919Z"}
{"currency":"JPY","http.req.id":"a41fb5a8-3b29-4f11-b985-afd2ddadbaa4","http.req.method":"GET","http.req.path":"/product/9SIQT8TOJO","id":"9SIQT8TOJO","message":"serving product page","session":"514e00c6-206e-4c6e-873f-852b796455de","severity":"debug","timestamp":"2026-03-25T12:14:41.484364459Z"}
{"http.req.id":"a41fb5a8-3b29-4f11-b985-afd2ddadbaa4","http.req.method":"GET","http.req.path":"/product/9SIQT8TOJO","http.resp.bytes":7920,"http.resp.status":200,"http.resp.took_ms":21,"message":"request complete","session":"514e00c6-206e-4c6e-873f-852b796455de","severity":"debug","timestamp":"2026-03-25T12:14:41.505670312Z"}
{"http.req.id":"50fd4f06-989d-4a7e-9304-193a3c47e712","http.req.method":"GET","http.req.path":"/product/LS4PSXUNUM","message":"request started","session":"ecb080bf-5333-403f-9547-c8725d499228","severity":"debug","timestamp":"2026-03-25T12:14:43.044044202Z"}
{"currency":"USD","http.req.id":"50fd4f06-989d-4a7e-9304-193a3c47e712","http.req.method":"GET","http.req.path":"/product/LS4PSXUNUM","id":"LS4PSXUNUM","message":"serving product page","session":"ecb080bf-5333-403f-9547-c8725d499228","severity":"debug","timestamp":"2026-03-25T12:14:43.045399615Z"}
{"http.req.id":"cad1efae-1647-4afd-9f01-b032e71114e0","http.req.method":"GET","http.req.path":"/product/LS4PSXUNUM","message":"request started","session":"513dd945-739c-4fe3-8e54-6e6927fbb733","severity":"debug","timestamp":"2026-03-25T12:14:43.05583113Z"}
{"currency":"JPY","http.req.id":"cad1efae-1647-4afd-9f01-b032e71114e0","http.req.method":"GET","http.req.path":"/product/LS4PSXUNUM","id":"LS4PSXUNUM","message":"serving product page","session":"513dd945-739c-4fe3-8e54-6e6927fbb733","severity":"debug","timestamp":"2026-03-25T12:14:43.055953136Z"}
{"http.req.id":"50fd4f06-989d-4a7e-9304-193a3c47e712","http.req.method":"GET","http.req.path":"/product/LS4PSXUNUM","http.resp.bytes":7967,"http.resp.status":200,"http.resp.took_ms":33,"message":"request complete","session":"ecb080bf-5333-403f-9547-c8725d499228","severity":"debug","timestamp":"2026-03-25T12:14:43.077619641Z"}
{"http.req.id":"b22343ee-7437-4a3d-9829-237f161deee8","http.req.method":"POST","http.req.path":"/cart","message":"request started","session":"ecb080bf-5333-403f-9547-c8725d499228","severity":"debug","timestamp":"2026-03-25T12:14:43.156787951Z"}
{"http.req.id":"b22343ee-7437-4a3d-9829-237f161deee8","http.req.method":"POST","http.req.path":"/cart","message":"adding to cart","product":"LS4PSXUNUM","quantity":8,"session":"ecb080bf-5333-403f-9547-c8725d499228","severity":"debug","timestamp":"2026-03-25T12:14:43.156992474Z"}
{"http.req.id":"b22343ee-7437-4a3d-9829-237f161deee8","http.req.method":"POST","http.req.path":"/cart","http.resp.bytes":0,"http.resp.status":302,"http.resp.took_ms":3,"message":"request complete","session":"ecb080bf-5333-403f-9547-c8725d499228","severity":"debug","timestamp":"2026-03-25T12:14:43.160677376Z"}
{"http.req.id":"0d21f0ad-19b9-4429-9087-c526f61a40e4","http.req.method":"GET","http.req.path":"/cart","message":"request started","session":"ecb080bf-5333-403f-9547-c8725d499228","severity":"debug","timestamp":"2026-03-25T12:14:43.162151447Z"}
{"http.req.id":"0d21f0ad-19b9-4429-9087-c526f61a40e4","http.req.method":"GET","http.req.path":"/cart","message":"view user cart","session":"ecb080bf-5333-403f-9547-c8725d499228","severity":"debug","timestamp":"2026-03-25T12:14:43.162252583Z"}
{"http.req.id":"cad1efae-1647-4afd-9f01-b032e71114e0","http.req.method":"GET","http.req.path":"/product/LS4PSXUNUM","http.resp.bytes":7983,"http.resp.status":200,"http.resp.took_ms":109,"message":"request complete","session":"513dd945-739c-4fe3-8e54-6e6927fbb733","severity":"debug","timestamp":"2026-03-25T12:14:43.165636853Z"}
{"http.req.id":"80888b9e-1a5a-4809-bf68-be31e5b7529e","http.req.method":"GET","http.req.path":"/product/2ZYFJ3GM2N","message":"request started","session":"694745d8-a179-4c65-83d6-9ed873a7b94b","severity":"debug","timestamp":"2026-03-25T12:14:43.179226576Z"}
{"currency":"GBP","http.req.id":"80888b9e-1a5a-4809-bf68-be31e5b7529e","http.req.method":"GET","http.req.path":"/product/2ZYFJ3GM2N","id":"2ZYFJ3GM2N","message":"serving product page","session":"694745d8-a179-4c65-83d6-9ed873a7b94b","severity":"debug","timestamp":"2026-03-25T12:14:43.179292267Z"}
{"http.req.id":"ed935c6c-becc-425d-a441-fed794b88d3e","http.req.method":"GET","http.req.path":"/product/9SIQT8TOJO","message":"request started","session":"df4ce93a-5d92-40a8-93c2-540bf11bbb4d","severity":"debug","timestamp":"2026-03-25T12:14:43.256649568Z"}
{"currency":"USD","http.req.id":"ed935c6c-becc-425d-a441-fed794b88d3e","http.req.method":"GET","http.req.path":"/product/9SIQT8TOJO","id":"9SIQT8TOJO","message":"serving product page","session":"df4ce93a-5d92-40a8-93c2-540bf11bbb4d","severity":"debug","timestamp":"2026-03-25T12:14:43.256785379Z"}
{"http.req.id":"ed935c6c-becc-425d-a441-fed794b88d3e","http.req.method":"GET","http.req.path":"/product/9SIQT8TOJO","http.resp.bytes":7938,"http.resp.status":200,"http.resp.took_ms":101,"message":"request complete","session":"df4ce93a-5d92-40a8-93c2-540bf11bbb4d","severity":"debug","timestamp":"2026-03-25T12:14:43.358363552Z"}
{"http.req.id":"6b945d1a-bcc2-423a-aa61-d488f99edb98","http.req.method":"GET","http.req.path":"/product/6E92ZMYYFZ","message":"request started","session":"2d3bf3d7-22b5-49c9-8227-12126292f393","severity":"debug","timestamp":"2026-03-25T12:14:43.360960472Z"}
{"currency":"CAD","http.req.id":"6b945d1a-bcc2-423a-aa61-d488f99edb98","http.req.method":"GET","http.req.path":"/product/6E92ZMYYFZ","id":"6E92ZMYYFZ","message":"serving product page","session":"2d3bf3d7-22b5-49c9-8227-12126292f393","severity":"debug","timestamp":"2026-03-25T12:14:43.361127064Z"}
{"http.req.id":"80888b9e-1a5a-4809-bf68-be31e5b7529e","http.req.method":"GET","http.req.path":"/product/2ZYFJ3GM2N","http.resp.bytes":7989,"http.resp.status":200,"http.resp.took_ms":183,"message":"request complete","session":"694745d8-a179-4c65-83d6-9ed873a7b94b","severity":"debug","timestamp":"2026-03-25T12:14:43.362935021Z"}
{"http.req.id":"0d21f0ad-19b9-4429-9087-c526f61a40e4","http.req.method":"GET","http.req.path":"/cart","http.resp.bytes":23160,"http.resp.status":200,"http.resp.took_ms":317,"message":"request complete","session":"ecb080bf-5333-403f-9547-c8725d499228","severity":"debug","timestamp":"2026-03-25T12:14:43.479191117Z"}
{"http.req.id":"9ddb8ad2-4413-41f0-bd3a-d879cf9a7f31","http.req.method":"POST","http.req.path":"/cart/checkout","message":"request started","session":"ecb080bf-5333-403f-9547-c8725d499228","severity":"debug","timestamp":"2026-03-25T12:14:43.556660899Z"}
{"http.req.id":"9ddb8ad2-4413-41f0-bd3a-d879cf9a7f31","http.req.method":"POST","http.req.path":"/cart/checkout","message":"placing order","session":"ecb080bf-5333-403f-9547-c8725d499228","severity":"debug","timestamp":"2026-03-25T12:14:43.55679654Z"}
{"http.req.id":"6b945d1a-bcc2-423a-aa61-d488f99edb98","http.req.method":"GET","http.req.path":"/product/6E92ZMYYFZ","http.resp.bytes":7860,"http.resp.status":200,"http.resp.took_ms":196,"message":"request complete","session":"2d3bf3d7-22b5-49c9-8227-12126292f393","severity":"debug","timestamp":"2026-03-25T12:14:43.557843727Z"}
{"http.req.id":"13739f9e-3bbe-4399-8fa3-92d441036425","http.req.method":"POST","http.req.path":"/cart","message":"request started","session":"2d3bf3d7-22b5-49c9-8227-12126292f393","severity":"debug","timestamp":"2026-03-25T12:14:43.559591508Z"}
{"http.req.id":"13739f9e-3bbe-4399-8fa3-92d441036425","http.req.method":"POST","http.req.path":"/cart","message":"adding to cart","product":"6E92ZMYYFZ","quantity":1,"session":"2d3bf3d7-22b5-49c9-8227-12126292f393","severity":"debug","timestamp":"2026-03-25T12:14:43.559825354Z"}
{"http.req.id":"13739f9e-3bbe-4399-8fa3-92d441036425","http.req.method":"POST","http.req.path":"/cart","http.resp.bytes":0,"http.resp.status":302,"http.resp.took_ms":4,"message":"request complete","session":"2d3bf3d7-22b5-49c9-8227-12126292f393","severity":"debug","timestamp":"2026-03-25T12:14:43.564078731Z"}
{"http.req.id":"239ceedc-7b90-46d8-a3fb-9f470a6a17ab","http.req.method":"GET","http.req.path":"/cart","message":"request started","session":"2d3bf3d7-22b5-49c9-8227-12126292f393","severity":"debug","timestamp":"2026-03-25T12:14:43.566001919Z"}
{"http.req.id":"239ceedc-7b90-46d8-a3fb-9f470a6a17ab","http.req.method":"GET","http.req.path":"/cart","message":"view user cart","session":"2d3bf3d7-22b5-49c9-8227-12126292f393","severity":"debug","timestamp":"2026-03-25T12:14:43.566115378Z"}
{"http.req.id":"239ceedc-7b90-46d8-a3fb-9f470a6a17ab","http.req.method":"GET","http.req.path":"/cart","http.resp.bytes":16382,"http.resp.status":200,"http.resp.took_ms":194,"message":"request complete","session":"2d3bf3d7-22b5-49c9-8227-12126292f393","severity":"debug","timestamp":"2026-03-25T12:14:43.760841574Z"}
{"http.req.id":"9ddb8ad2-4413-41f0-bd3a-d879cf9a7f31","http.req.method":"POST","http.req.path":"/cart/checkout","message":"order placed","order":"34e62237-2844-11f1-a4a0-927ce8a683d8","session":"ecb080bf-5333-403f-9547-c8725d499228","severity":"info","timestamp":"2026-03-25T12:14:43.761087366Z"}
{"http.req.id":"9ddb8ad2-4413-41f0-bd3a-d879cf9a7f31","http.req.method":"POST","http.req.path":"/cart/checkout","http.resp.bytes":6722,"http.resp.status":200,"http.resp.took_ms":220,"message":"request complete","session":"ecb080bf-5333-403f-9547-c8725d499228","severity":"debug","timestamp":"2026-03-25T12:14:43.776820707Z"}
{"http.req.id":"857c8286-a00c-40c8-8f32-55bd66448075","http.req.method":"GET","http.req.path":"/_healthz","message":"request started","session":"x-liveness-probe","severity":"debug","timestamp":"2026-03-25T12:14:44.267983731Z"}
{"http.req.id":"857c8286-a00c-40c8-8f32-55bd66448075","http.req.method":"GET","http.req.path":"/_healthz","http.resp.bytes":2,"http.resp.status":200,"http.resp.took_ms":0,"message":"request complete","session":"x-liveness-probe","severity":"debug","timestamp":"2026-03-25T12:14:44.268105212Z"}
{"http.req.id":"b41f06d8-52d4-4f42-8346-c6947a121f62","http.req.method":"GET","http.req.path":"/product/LS4PSXUNUM","message":"request started","session":"827eab86-1aba-4a15-8740-5fee5900d10f","severity":"debug","timestamp":"2026-03-25T12:14:44.884434639Z"}
{"currency":"USD","http.req.id":"b41f06d8-52d4-4f42-8346-c6947a121f62","http.req.method":"GET","http.req.path":"/product/LS4PSXUNUM","id":"LS4PSXUNUM","message":"serving product page","session":"827eab86-1aba-4a15-8740-5fee5900d10f","severity":"debug","timestamp":"2026-03-25T12:14:44.884578713Z"}
{"http.req.id":"b41f06d8-52d4-4f42-8346-c6947a121f62","http.req.method":"GET","http.req.path":"/product/LS4PSXUNUM","http.resp.bytes":7983,"http.resp.status":200,"http.resp.took_ms":25,"message":"request complete","session":"827eab86-1aba-4a15-8740-5fee5900d10f","severity":"debug","timestamp":"2026-03-25T12:14:44.910171211Z"}
{"http.req.id":"03d1445a-7964-4ec8-9b94-dd496add136a","http.req.method":"GET","http.req.path":"/product/2ZYFJ3GM2N","message":"request started","session":"a38c2610-1665-4c93-8051-4c451f5de325","severity":"debug","timestamp":"2026-03-25T12:14:45.119135555Z"}
{"currency":"USD","http.req.id":"03d1445a-7964-4ec8-9b94-dd496add136a","http.req.method":"GET","http.req.path":"/product/2ZYFJ3GM2N","id":"2ZYFJ3GM2N","message":"serving product page","session":"a38c2610-1665-4c93-8051-4c451f5de325","severity":"debug","timestamp":"2026-03-25T12:14:45.119256538Z"}
{"http.req.id":"03d1445a-7964-4ec8-9b94-dd496add136a","http.req.method":"GET","http.req.path":"/product/2ZYFJ3GM2N","http.resp.bytes":7910,"http.resp.status":200,"http.resp.took_ms":22,"message":"request complete","session":"a38c2610-1665-4c93-8051-4c451f5de325","severity":"debug","timestamp":"2026-03-25T12:14:45.141325089Z"}
{"http.req.id":"a1c365b8-2e1e-4116-ac97-e74fa8a14090","http.req.method":"POST","http.req.path":"/cart","message":"request started","session":"a38c2610-1665-4c93-8051-4c451f5de325","severity":"debug","timestamp":"2026-03-25T12:14:45.142629163Z"}
{"http.req.id":"a1c365b8-2e1e-4116-ac97-e74fa8a14090","http.req.method":"POST","http.req.path":"/cart","message":"adding to cart","product":"2ZYFJ3GM2N","quantity":9,"session":"a38c2610-1665-4c93-8051-4c451f5de325","severity":"debug","timestamp":"2026-03-25T12:14:45.142912534Z"}
{"http.req.id":"a1c365b8-2e1e-4116-ac97-e74fa8a14090","http.req.method":"POST","http.req.path":"/cart","http.resp.bytes":0,"http.resp.status":302,"http.resp.took_ms":5,"message":"request complete","session":"a38c2610-1665-4c93-8051-4c451f5de325","severity":"debug","timestamp":"2026-03-25T12:14:45.148020787Z"}
{"http.req.id":"07dc79b4-d70f-4760-9e10-7aaca8c509e6","http.req.method":"GET","http.req.path":"/cart","message":"request started","session":"a38c2610-1665-4c93-8051-4c451f5de325","severity":"debug","timestamp":"2026-03-25T12:14:45.149508953Z"}
{"http.req.id":"07dc79b4-d70f-4760-9e10-7aaca8c509e6","http.req.method":"GET","http.req.path":"/cart","message":"view user cart","session":"a38c2610-1665-4c93-8051-4c451f5de325","severity":"debug","timestamp":"2026-03-25T12:14:45.149628468Z"}
{"http.req.id":"07dc79b4-d70f-4760-9e10-7aaca8c509e6","http.req.method":"GET","http.req.path":"/cart","http.resp.bytes":16407,"http.resp.status":200,"http.resp.took_ms":26,"message":"request complete","session":"a38c2610-1665-4c93-8051-4c451f5de325","severity":"debug","timestamp":"2026-03-25T12:14:45.175831983Z"}
{"http.req.id":"28e58651-0c60-41bd-988d-04cd859f0452","http.req.method":"POST","http.req.path":"/cart/checkout","message":"request started","session":"a38c2610-1665-4c93-8051-4c451f5de325","severity":"debug","timestamp":"2026-03-25T12:14:45.17951588Z"}
{"http.req.id":"28e58651-0c60-41bd-988d-04cd859f0452","http.req.method":"POST","http.req.path":"/cart/checkout","message":"placing order","session":"a38c2610-1665-4c93-8051-4c451f5de325","severity":"debug","timestamp":"2026-03-25T12:14:45.179636762Z"}
{"http.req.id":"28e58651-0c60-41bd-988d-04cd859f0452","http.req.method":"POST","http.req.path":"/cart/checkout","message":"order placed","order":"35ddda5e-2844-11f1-a4a0-927ce8a683d8","session":"a38c2610-1665-4c93-8051-4c451f5de325","severity":"info","timestamp":"2026-03-25T12:14:45.204594139Z"}
{"http.req.id":"28e58651-0c60-41bd-988d-04cd859f0452","http.req.method":"POST","http.req.path":"/cart/checkout","http.resp.bytes":6725,"http.resp.status":200,"http.resp.took_ms":44,"message":"request complete","session":"a38c2610-1665-4c93-8051-4c451f5de325","severity":"debug","timestamp":"2026-03-25T12:14:45.224007661Z"}
{"http.req.id":"6f46f66f-5845-4ece-9282-a3132a199547","http.req.method":"GET","http.req.path":"/cart","message":"request started","session":"fcb2831f-0627-4791-ac1d-23821dc5b140","severity":"debug","timestamp":"2026-03-25T12:14:45.772849584Z"}
{"http.req.id":"6f46f66f-5845-4ece-9282-a3132a199547","http.req.method":"GET","http.req.path":"/cart","message":"view user cart","session":"fcb2831f-0627-4791-ac1d-23821dc5b140","severity":"debug","timestamp":"2026-03-25T12:14:45.772928784Z"}
{"http.req.id":"6f46f66f-5845-4ece-9282-a3132a199547","http.req.method":"GET","http.req.path":"/cart","http.resp.bytes":24221,"http.resp.status":200,"http.resp.took_ms":193,"message":"request complete","session":"fcb2831f-0627-4791-ac1d-23821dc5b140","severity":"debug","timestamp":"2026-03-25T12:14:45.966787912Z"}
{"http.req.id":"bc5ca756-e2d4-4470-bbc5-6202d5e295eb","http.req.method":"GET","http.req.path":"/product/LS4PSXUNUM","message":"request started","session":"df4ce93a-5d92-40a8-93c2-540bf11bbb4d","severity":"debug","timestamp":"2026-03-25T12:14:47.068314427Z"}
{"currency":"USD","http.req.id":"bc5ca756-e2d4-4470-bbc5-6202d5e295eb","http.req.method":"GET","http.req.path":"/product/LS4PSXUNUM","id":"LS4PSXUNUM","message":"serving product page","session":"df4ce93a-5d92-40a8-93c2-540bf11bbb4d","severity":"debug","timestamp":"2026-03-25T12:14:47.068459955Z"}
{"http.req.id":"bc5ca756-e2d4-4470-bbc5-6202d5e295eb","http.req.method":"GET","http.req.path":"/product/LS4PSXUNUM","http.resp.bytes":7901,"http.resp.status":200,"http.resp.took_ms":29,"message":"request complete","session":"df4ce93a-5d92-40a8-93c2-540bf11bbb4d","severity":"debug","timestamp":"2026-03-25T12:14:47.098140774Z"}
{"http.req.id":"db6c0c29-f9d0-462a-9328-367ea56dd1ee","http.req.method":"GET","http.req.path":"/_healthz","message":"request started","session":"x-readiness-probe","severity":"debug","timestamp":"2026-03-25T12:14:47.673119742Z"}
{"http.req.id":"db6c0c29-f9d0-462a-9328-367ea56dd1ee","http.req.method":"GET","http.req.path":"/_healthz","http.resp.bytes":2,"http.resp.status":200,"http.resp.took_ms":0,"message":"request complete","session":"x-readiness-probe","severity":"debug","timestamp":"2026-03-25T12:14:47.673410335Z"}
{"http.req.id":"749d141c-24c0-433f-8ae8-375faff598fd","http.req.method":"GET","http.req.path":"/product/OLJCESPC7Z","message":"request started","session":"32217267-98ca-4d66-9fc8-3f088b8def0f","severity":"debug","timestamp":"2026-03-25T12:14:48.042484854Z"}
{"currency":"EUR","http.req.id":"749d141c-24c0-433f-8ae8-375faff598fd","http.req.method":"GET","http.req.path":"/product/OLJCESPC7Z","id":"OLJCESPC7Z","message":"serving product page","session":"32217267-98ca-4d66-9fc8-3f088b8def0f","severity":"debug","timestamp":"2026-03-25T12:14:48.042586873Z"}
{"http.req.id":"749d141c-24c0-433f-8ae8-375faff598fd","http.req.method":"GET","http.req.path":"/product/OLJCESPC7Z","http.resp.bytes":7943,"http.resp.status":200,"http.resp.took_ms":59,"message":"request complete","session":"32217267-98ca-4d66-9fc8-3f088b8def0f","severity":"debug","timestamp":"2026-03-25T12:14:48.10153587Z"}
{"http.req.id":"d1d4d475-ef4f-40b2-8807-9fd1569be05f","http.req.method":"GET","http.req.path":"/product/L9ECAV7KIM","message":"request started","session":"514e00c6-206e-4c6e-873f-852b796455de","severity":"debug","timestamp":"2026-03-25T12:14:49.783753884Z"}
{"currency":"JPY","http.req.id":"d1d4d475-ef4f-40b2-8807-9fd1569be05f","http.req.method":"GET","http.req.path":"/product/L9ECAV7KIM","id":"L9ECAV7KIM","message":"serving product page","session":"514e00c6-206e-4c6e-873f-852b796455de","severity":"debug","timestamp":"2026-03-25T12:14:49.783887212Z"}
{"http.req.id":"d1d4d475-ef4f-40b2-8807-9fd1569be05f","http.req.method":"GET","http.req.path":"/product/L9ECAV7KIM","http.resp.bytes":7895,"http.resp.status":200,"http.resp.took_ms":35,"message":"request complete","session":"514e00c6-206e-4c6e-873f-852b796455de","severity":"debug","timestamp":"2026-03-25T12:14:49.819346087Z"}
{"http.req.id":"65c85421-abf5-47a8-9346-8846b8444d62","http.req.method":"POST","http.req.path":"/cart","message":"request started","session":"514e00c6-206e-4c6e-873f-852b796455de","severity":"debug","timestamp":"2026-03-25T12:14:49.821124453Z"}
{"http.req.id":"65c85421-abf5-47a8-9346-8846b8444d62","http.req.method":"POST","http.req.path":"/cart","message":"adding to cart","product":"L9ECAV7KIM","quantity":8,"session":"514e00c6-206e-4c6e-873f-852b796455de","severity":"debug","timestamp":"2026-03-25T12:14:49.821349583Z"}
{"http.req.id":"65c85421-abf5-47a8-9346-8846b8444d62","http.req.method":"POST","http.req.path":"/cart","http.resp.bytes":0,"http.resp.status":302,"http.resp.took_ms":4,"message":"request complete","session":"514e00c6-206e-4c6e-873f-852b796455de","severity":"debug","timestamp":"2026-03-25T12:14:49.825810843Z"}
{"http.req.id":"4fd8832c-c42b-486a-b79a-88b6ceb20cc2","http.req.method":"GET","http.req.path":"/cart","message":"request started","session":"514e00c6-206e-4c6e-873f-852b796455de","severity":"debug","timestamp":"2026-03-25T12:14:49.827435355Z"}
{"http.req.id":"4fd8832c-c42b-486a-b79a-88b6ceb20cc2","http.req.method":"GET","http.req.path":"/cart","message":"view user cart","session":"514e00c6-206e-4c6e-873f-852b796455de","severity":"debug","timestamp":"2026-03-25T12:14:49.827526132Z"}
{"http.req.id":"4fd8832c-c42b-486a-b79a-88b6ceb20cc2","http.req.method":"GET","http.req.path":"/cart","http.resp.bytes":16392,"http.resp.status":200,"http.resp.took_ms":45,"message":"request complete","session":"514e00c6-206e-4c6e-873f-852b796455de","severity":"debug","timestamp":"2026-03-25T12:14:49.872805435Z"}
{"http.req.id":"410237dd-a9b2-49f7-afda-1bc283802fc7","http.req.method":"GET","http.req.path":"/cart","message":"request started","session":"ecb080bf-5333-403f-9547-c8725d499228","severity":"debug","timestamp":"2026-03-25T12:14:49.980667775Z"}
{"http.req.id":"410237dd-a9b2-49f7-afda-1bc283802fc7","http.req.method":"GET","http.req.path":"/cart","message":"view user cart","session":"ecb080bf-5333-403f-9547-c8725d499228","severity":"debug","timestamp":"2026-03-25T12:14:49.980734583Z"}
{"http.req.id":"410237dd-a9b2-49f7-afda-1bc283802fc7","http.req.method":"GET","http.req.path":"/cart","http.resp.bytes":6799,"http.resp.status":200,"http.resp.took_ms":25,"message":"request complete","session":"ecb080bf-5333-403f-9547-c8725d499228","severity":"debug","timestamp":"2026-03-25T12:14:50.006648704Z"}
{"http.req.id":"c606d79a-12ed-42cf-87ae-16315e6418fd","http.req.method":"GET","http.req.path":"/product/1YMWWN1N4O","message":"request started","session":"df4ce93a-5d92-40a8-93c2-540bf11bbb4d","severity":"debug","timestamp":"2026-03-25T12:14:50.069795293Z"}
{"currency":"USD","http.req.id":"c606d79a-12ed-42cf-87ae-16315e6418fd","http.req.method":"GET","http.req.path":"/product/1YMWWN1N4O","id":"1YMWWN1N4O","message":"serving product page","session":"df4ce93a-5d92-40a8-93c2-540bf11bbb4d","severity":"debug","timestamp":"2026-03-25T12:14:50.069939514Z"}
