{"http.req.id":"54bb9944-6d1c-4870-bfcd-15c5b5130471","http.req.method":"GET","http.req.path":"/cart","http.resp.bytes":19334,"http.resp.status":200,"http.resp.took_ms":143,"message":"request complete","session":"513dd945-739c-4fe3-8e54-6e6927fbb733","severity":"debug","timestamp":"2026-03-25T12:17:29.858783971Z"}
{"http.req.id":"b911d08a-baa6-4552-98d7-c1e76614e132","http.req.method":"POST","http.req.path":"/cart/checkout","message":"request started","session":"513dd945-739c-4fe3-8e54-6e6927fbb733","severity":"debug","timestamp":"2026-03-25T12:17:29.864560184Z"}
{"http.req.id":"b911d08a-baa6-4552-98d7-c1e76614e132","http.req.method":"POST","http.req.path":"/cart/checkout","message":"placing order","session":"513dd945-739c-4fe3-8e54-6e6927fbb733","severity":"debug","timestamp":"2026-03-25T12:17:29.864680634Z"}
{"http.req.id":"b911d08a-baa6-4552-98d7-c1e76614e132","http.req.method":"POST","http.req.path":"/cart/checkout","message":"order placed","order":"9806c6f2-2844-11f1-a4a0-927ce8a683d8","session":"513dd945-739c-4fe3-8e54-6e6927fbb733","severity":"info","timestamp":"2026-03-25T12:17:29.948833428Z"}
{"http.req.id":"d744a313-1fd0-442d-8ebc-84963a9c0de7","http.req.method":"GET","http.req.path":"/product/2ZYFJ3GM2N","http.resp.bytes":8097,"http.resp.status":200,"http.resp.took_ms":177,"message":"request complete","session":"fcb2831f-0627-4791-ac1d-23821dc5b140","severity":"debug","timestamp":"2026-03-25T12:17:29.954189489Z"}
{"http.req.id":"8c6c5711-9aaa-4f8c-a7ef-9390e0cf10d4","http.req.method":"GET","http.req.path":"/cart","message":"request started","session":"694745d8-a179-4c65-83d6-9ed873a7b94b","severity":"debug","timestamp":"2026-03-25T12:17:29.961009953Z"}
{"http.req.id":"8c6c5711-9aaa-4f8c-a7ef-9390e0cf10d4","http.req.method":"GET","http.req.path":"/cart","message":"view user cart","session":"694745d8-a179-4c65-83d6-9ed873a7b94b","severity":"debug","timestamp":"2026-03-25T12:17:29.961207841Z"}
{"http.req.id":"b911d08a-baa6-4552-98d7-c1e76614e132","http.req.method":"POST","http.req.path":"/cart/checkout","http.resp.bytes":6805,"http.resp.status":200,"http.resp.took_ms":100,"message":"request complete","session":"513dd945-739c-4fe3-8e54-6e6927fbb733","severity":"debug","timestamp":"2026-03-25T12:17:29.964598285Z"}
{"http.req.id":"9fe2e892-943b-4564-8156-4a7fd4949bb2","http.req.method":"GET","http.req.path":"/product/L9ECAV7KIM","message":"request started","session":"ecb080bf-5333-403f-9547-c8725d499228","severity":"debug","timestamp":"2026-03-25T12:17:30.04999868Z"}
{"currency":"GBP","http.req.id":"9fe2e892-943b-4564-8156-4a7fd4949bb2","http.req.method":"GET","http.req.path":"/product/L9ECAV7KIM","id":"L9ECAV7KIM","message":"serving product page","session":"ecb080bf-5333-403f-9547-c8725d499228","severity":"debug","timestamp":"2026-03-25T12:17:30.050112296Z"}
{"http.req.id":"8c6c5711-9aaa-4f8c-a7ef-9390e0cf10d4","http.req.method":"GET","http.req.path":"/cart","http.resp.bytes":6893,"http.resp.status":200,"http.resp.took_ms":97,"message":"request complete","session":"694745d8-a179-4c65-83d6-9ed873a7b94b","severity":"debug","timestamp":"2026-03-25T12:17:30.058715637Z"}
{"http.req.id":"9fe2e892-943b-4564-8156-4a7fd4949bb2","http.req.method":"GET","http.req.path":"/product/L9ECAV7KIM","http.resp.bytes":8024,"http.resp.status":200,"http.resp.took_ms":100,"message":"request complete","session":"ecb080bf-5333-403f-9547-c8725d499228","severity":"debug","timestamp":"2026-03-25T12:17:30.150915574Z"}
{"http.req.id":"a6fe2ef6-ab39-4599-b9a0-c465c7464934","http.req.method":"POST","http.req.path":"/cart","message":"request started","session":"ecb080bf-5333-403f-9547-c8725d499228","severity":"debug","timestamp":"2026-03-25T12:17:30.15236528Z"}
{"http.req.id":"a6fe2ef6-ab39-4599-b9a0-c465c7464934","http.req.method":"POST","http.req.path":"/cart","message":"adding to cart","product":"L9ECAV7KIM","quantity":1,"session":"ecb080bf-5333-403f-9547-c8725d499228","severity":"debug","timestamp":"2026-03-25T12:17:30.152741641Z"}
{"http.req.id":"a6fe2ef6-ab39-4599-b9a0-c465c7464934","http.req.method":"POST","http.req.path":"/cart","http.resp.bytes":0,"http.resp.status":302,"http.resp.took_ms":13,"message":"request complete","session":"ecb080bf-5333-403f-9547-c8725d499228","severity":"debug","timestamp":"2026-03-25T12:17:30.16642313Z"}
{"http.req.id":"fba4e524-414d-43e2-a82f-fe0b89e41475","http.req.method":"GET","http.req.path":"/cart","message":"request started","session":"ecb080bf-5333-403f-9547-c8725d499228","severity":"debug","timestamp":"2026-03-25T12:17:30.249504627Z"}
{"http.req.id":"fba4e524-414d-43e2-a82f-fe0b89e41475","http.req.method":"GET","http.req.path":"/cart","message":"view user cart","session":"ecb080bf-5333-403f-9547-c8725d499228","severity":"debug","timestamp":"2026-03-25T12:17:30.249633049Z"}
{"http.req.id":"fba4e524-414d-43e2-a82f-fe0b89e41475","http.req.method":"GET","http.req.path":"/cart","http.resp.bytes":19304,"http.resp.status":200,"http.resp.took_ms":110,"message":"request complete","session":"ecb080bf-5333-403f-9547-c8725d499228","severity":"debug","timestamp":"2026-03-25T12:17:30.360085364Z"}
{"http.req.id":"5182fa51-62ae-4dbc-a8a1-d41425df2589","http.req.method":"POST","http.req.path":"/setCurrency","message":"request started","session":"827eab86-1aba-4a15-8740-5fee5900d10f","severity":"debug","timestamp":"2026-03-25T12:17:30.584269854Z"}
{"curr.new":"USD","curr.old":"JPY","http.req.id":"5182fa51-62ae-4dbc-a8a1-d41425df2589","http.req.method":"POST","http.req.path":"/setCurrency","message":"setting currency","session":"827eab86-1aba-4a15-8740-5fee5900d10f","severity":"debug","timestamp":"2026-03-25T12:17:30.584506981Z"}
{"http.req.id":"5182fa51-62ae-4dbc-a8a1-d41425df2589","http.req.method":"POST","http.req.path":"/setCurrency","http.resp.bytes":0,"http.resp.status":302,"http.resp.took_ms":0,"message":"request complete","session":"827eab86-1aba-4a15-8740-5fee5900d10f","severity":"debug","timestamp":"2026-03-25T12:17:30.584570915Z"}
{"http.req.id":"ac6d3a60-0768-4a5d-aa17-81db9eabec18","http.req.method":"GET","http.req.path":"/","message":"request started","session":"827eab86-1aba-4a15-8740-5fee5900d10f","severity":"debug","timestamp":"2026-03-25T12:17:30.586248601Z"}
{"currency":"USD","http.req.id":"ac6d3a60-0768-4a5d-aa17-81db9eabec18","http.req.method":"GET","http.req.path":"/","message":"home","session":"827eab86-1aba-4a15-8740-5fee5900d10f","severity":"info","timestamp":"2026-03-25T12:17:30.586353553Z"}
env platform is either empty or invalid
{"http.req.id":"ac6d3a60-0768-4a5d-aa17-81db9eabec18","http.req.method":"GET","http.req.path":"/","message":"ENV_PLATFORM is: local","session":"827eab86-1aba-4a15-8740-5fee5900d10f","severity":"debug","timestamp":"2026-03-25T12:17:30.664889935Z"}
{"http.req.id":"ac6d3a60-0768-4a5d-aa17-81db9eabec18","http.req.method":"GET","http.req.path":"/","http.resp.bytes":10499,"http.resp.status":200,"http.resp.took_ms":82,"message":"request complete","session":"827eab86-1aba-4a15-8740-5fee5900d10f","severity":"debug","timestamp":"2026-03-25T12:17:30.668784191Z"}
{"http.req.id":"e49eef45-f648-404f-9e2d-985c884354d4","http.req.method":"GET","http.req.path":"/product/9SIQT8TOJO","message":"request started","session":"514e00c6-206e-4c6e-873f-852b796455de","severity":"debug","timestamp":"2026-03-25T12:17:31.23027287Z"}
{"currency":"CAD","http.req.id":"e49eef45-f648-404f-9e2d-985c884354d4","http.req.method":"GET","http.req.path":"/product/9SIQT8TOJO","id":"9SIQT8TOJO","message":"serving product page","session":"514e00c6-206e-4c6e-873f-852b796455de","severity":"debug","timestamp":"2026-03-25T12:17:31.230422674Z"}
{"http.req.id":"e49eef45-f648-404f-9e2d-985c884354d4","http.req.method":"GET","http.req.path":"/product/9SIQT8TOJO","http.resp.bytes":8078,"http.resp.status":200,"http.resp.took_ms":25,"message":"request complete","session":"514e00c6-206e-4c6e-873f-852b796455de","severity":"debug","timestamp":"2026-03-25T12:17:31.255930289Z"}
{"http.req.id":"bba3e1c4-6adb-42da-93fe-13b47baf8197","http.req.method":"GET","http.req.path":"/cart","message":"request started","session":"a38c2610-1665-4c93-8051-4c451f5de325","severity":"debug","timestamp":"2026-03-25T12:17:31.541773086Z"}
{"http.req.id":"bba3e1c4-6adb-42da-93fe-13b47baf8197","http.req.method":"GET","http.req.path":"/cart","message":"view user cart","session":"a38c2610-1665-4c93-8051-4c451f5de325","severity":"debug","timestamp":"2026-03-25T12:17:31.541887086Z"}
{"http.req.id":"bba3e1c4-6adb-42da-93fe-13b47baf8197","http.req.method":"GET","http.req.path":"/cart","http.resp.bytes":6897,"http.resp.status":200,"http.resp.took_ms":23,"message":"request complete","session":"a38c2610-1665-4c93-8051-4c451f5de325","severity":"debug","timestamp":"2026-03-25T12:17:31.565422576Z"}
{"http.req.id":"c5a9fce8-12e1-4199-8359-c2f8185c4d10","http.req.method":"GET","http.req.path":"/product/9SIQT8TOJO","message":"request started","session":"df4ce93a-5d92-40a8-93c2-540bf11bbb4d","severity":"debug","timestamp":"2026-03-25T12:17:31.625738884Z"}
{"currency":"CAD","http.req.id":"c5a9fce8-12e1-4199-8359-c2f8185c4d10","http.req.method":"GET","http.req.path":"/product/9SIQT8TOJO","id":"9SIQT8TOJO","message":"serving product page","session":"df4ce93a-5d92-40a8-93c2-540bf11bbb4d","severity":"debug","timestamp":"2026-03-25T12:17:31.625918126Z"}
{"http.req.id":"c5a9fce8-12e1-4199-8359-c2f8185c4d10","http.req.method":"GET","http.req.path":"/product/9SIQT8TOJO","http.resp.bytes":7992,"http.resp.status":200,"http.resp.took_ms":25,"message":"request complete","session":"df4ce93a-5d92-40a8-93c2-540bf11bbb4d","severity":"debug","timestamp":"2026-03-25T12:17:31.651343839Z"}
{"http.req.id":"857dc9bc-3982-4ec0-b051-31d274937ffd","http.req.method":"GET","http.req.path":"/","message":"request started","session":"513dd945-739c-4fe3-8e54-6e6927fbb733","severity":"debug","timestamp":"2026-03-25T12:17:32.271137292Z"}
{"currency":"EUR","http.req.id":"857dc9bc-3982-4ec0-b051-31d274937ffd","http.req.method":"GET","http.req.path":"/","message":"home","session":"513dd945-739c-4fe3-8e54-6e6927fbb733","severity":"info","timestamp":"2026-03-25T12:17:32.271250885Z"}
env platform is either empty or invalid
{"http.req.id":"857dc9bc-3982-4ec0-b051-31d274937ffd","http.req.method":"GET","http.req.path":"/","message":"ENV_PLATFORM is: local","session":"513dd945-739c-4fe3-8e54-6e6927fbb733","severity":"debug","timestamp":"2026-03-25T12:17:32.357161691Z"}
{"http.req.id":"857dc9bc-3982-4ec0-b051-31d274937ffd","http.req.method":"GET","http.req.path":"/","http.resp.bytes":10518,"http.resp.status":200,"http.resp.took_ms":90,"message":"request complete","session":"513dd945-739c-4fe3-8e54-6e6927fbb733","severity":"debug","timestamp":"2026-03-25T12:17:32.361347642Z"}
{"http.req.id":"c8e598fa-02e7-4fe3-ac8b-8067dad87bba","http.req.method":"GET","http.req.path":"/_healthz","message":"request started","session":"x-liveness-probe","severity":"debug","timestamp":"2026-03-25T12:17:32.959982967Z"}
{"http.req.id":"c8e598fa-02e7-4fe3-ac8b-8067dad87bba","http.req.method":"GET","http.req.path":"/_healthz","http.resp.bytes":2,"http.resp.status":200,"http.resp.took_ms":0,"message":"request complete","session":"x-liveness-probe","severity":"debug","timestamp":"2026-03-25T12:17:32.960158543Z"}
{"http.req.id":"34e354ac-d1bf-439f-b799-31cf6fed4218","http.req.method":"GET","http.req.path":"/","message":"request started","session":"fcb2831f-0627-4791-ac1d-23821dc5b140","severity":"debug","timestamp":"2026-03-25T12:17:33.272190157Z"}
{"currency":"CAD","http.req.id":"34e354ac-d1bf-439f-b799-31cf6fed4218","http.req.method":"GET","http.req.path":"/","message":"home","session":"fcb2831f-0627-4791-ac1d-23821dc5b140","severity":"info","timestamp":"2026-03-25T12:17:33.272290596Z"}
env platform is either empty or invalid
{"http.req.id":"34e354ac-d1bf-439f-b799-31cf6fed4218","http.req.method":"GET","http.req.path":"/","message":"ENV_PLATFORM is: local","session":"fcb2831f-0627-4791-ac1d-23821dc5b140","severity":"debug","timestamp":"2026-03-25T12:17:33.359177404Z"}
{"http.req.id":"34e354ac-d1bf-439f-b799-31cf6fed4218","http.req.method":"GET","http.req.path":"/","http.resp.bytes":10590,"http.resp.status":200,"http.resp.took_ms":90,"message":"request complete","session":"fcb2831f-0627-4791-ac1d-23821dc5b140","severity":"debug","timestamp":"2026-03-25T12:17:33.362369931Z"}
{"http.req.id":"0540a6f0-0d8f-4b1b-855a-80ed54523a74","http.req.method":"GET","http.req.path":"/product/L9ECAV7KIM","message":"request started","session":"32217267-98ca-4d66-9fc8-3f088b8def0f","severity":"debug","timestamp":"2026-03-25T12:17:34.16863003Z"}
{"currency":"CAD","http.req.id":"0540a6f0-0d8f-4b1b-855a-80ed54523a74","http.req.method":"GET","http.req.path":"/product/L9ECAV7KIM","id":"L9ECAV7KIM","message":"serving product page","session":"32217267-98ca-4d66-9fc8-3f088b8def0f","severity":"debug","timestamp":"2026-03-25T12:17:34.168742876Z"}
{"http.req.id":"0540a6f0-0d8f-4b1b-855a-80ed54523a74","http.req.method":"GET","http.req.path":"/product/L9ECAV7KIM","http.resp.bytes":8046,"http.resp.status":200,"http.resp.took_ms":21,"message":"request complete","session":"32217267-98ca-4d66-9fc8-3f088b8def0f","severity":"debug","timestamp":"2026-03-25T12:17:34.190155181Z"}
{"http.req.id":"0b3fe8cd-5be3-4e5d-b844-93df2ac2fa64","http.req.method":"GET","http.req.path":"/product/LS4PSXUNUM","message":"request started","session":"fcb2831f-0627-4791-ac1d-23821dc5b140","severity":"debug","timestamp":"2026-03-25T12:17:34.961906451Z"}
{"currency":"CAD","http.req.id":"0b3fe8cd-5be3-4e5d-b844-93df2ac2fa64","http.req.method":"GET","http.req.path":"/product/LS4PSXUNUM","id":"LS4PSXUNUM","message":"serving product page","session":"fcb2831f-0627-4791-ac1d-23821dc5b140","severity":"debug","timestamp":"2026-03-25T12:17:34.96198442Z"}
{"http.req.id":"0b3fe8cd-5be3-4e5d-b844-93df2ac2fa64","http.req.method":"GET","http.req.path":"/product/LS4PSXUNUM","http.resp.bytes":8046,"http.resp.status":200,"http.resp.took_ms":100,"message":"request complete","session":"fcb2831f-0627-4791-ac1d-23821dc5b140","severity":"debug","timestamp":"2026-03-25T12:17:35.062049713Z"}
{"http.req.id":"4dbc8b06-c4ed-4768-98c5-26379e8929c3","http.req.method":"GET","http.req.path":"/product/66VCHSJNUP","message":"request started","session":"a38c2610-1665-4c93-8051-4c451f5de325","severity":"debug","timestamp":"2026-03-25T12:17:35.444301447Z"}
{"currency":"USD","http.req.id":"4dbc8b06-c4ed-4768-98c5-26379e8929c3","http.req.method":"GET","http.req.path":"/product/66VCHSJNUP","id":"66VCHSJNUP","message":"serving product page","session":"a38c2610-1665-4c93-8051-4c451f5de325","severity":"debug","timestamp":"2026-03-25T12:17:35.4443929Z"}
{"http.req.id":"4dbc8b06-c4ed-4768-98c5-26379e8929c3","http.req.method":"GET","http.req.path":"/product/66VCHSJNUP","http.resp.bytes":7968,"http.resp.status":200,"http.resp.took_ms":27,"message":"request complete","session":"a38c2610-1665-4c93-8051-4c451f5de325","severity":"debug","timestamp":"2026-03-25T12:17:35.471887071Z"}
{"http.req.id":"80860715-76cc-4286-847b-350a2f2deec3","http.req.method":"GET","http.req.path":"/product/66VCHSJNUP","message":"request started","session":"df4ce93a-5d92-40a8-93c2-540bf11bbb4d","severity":"debug","timestamp":"2026-03-25T12:17:35.643147679Z"}
{"currency":"CAD","http.req.id":"80860715-76cc-4286-847b-350a2f2deec3","http.req.method":"GET","http.req.path":"/product/66VCHSJNUP","id":"66VCHSJNUP","message":"serving product page","session":"df4ce93a-5d92-40a8-93c2-540bf11bbb4d","severity":"debug","timestamp":"2026-03-25T12:17:35.643280786Z"}
{"http.req.id":"80860715-76cc-4286-847b-350a2f2deec3","http.req.method":"GET","http.req.path":"/product/66VCHSJNUP","http.resp.bytes":7916,"http.resp.status":200,"http.resp.took_ms":27,"message":"request complete","session":"df4ce93a-5d92-40a8-93c2-540bf11bbb4d","severity":"debug","timestamp":"2026-03-25T12:17:35.670825479Z"}
{"http.req.id":"403fa4b2-afbf-49de-8cf7-1eed84bcdb11","http.req.method":"GET","http.req.path":"/cart","message":"request started","session":"32217267-98ca-4d66-9fc8-3f088b8def0f","severity":"debug","timestamp":"2026-03-25T12:17:35.819794894Z"}
{"http.req.id":"403fa4b2-afbf-49de-8cf7-1eed84bcdb11","http.req.method":"GET","http.req.path":"/cart","message":"view user cart","session":"32217267-98ca-4d66-9fc8-3f088b8def0f","severity":"debug","timestamp":"2026-03-25T12:17:35.819911529Z"}
{"http.req.id":"403fa4b2-afbf-49de-8cf7-1eed84bcdb11","http.req.method":"GET","http.req.path":"/cart","http.resp.bytes":16442,"http.resp.status":200,"http.resp.took_ms":30,"message":"request complete","session":"32217267-98ca-4d66-9fc8-3f088b8def0f","severity":"debug","timestamp":"2026-03-25T12:17:35.85008946Z"}
{"http.req.id":"3c0df77d-3a4f-4477-9d22-fbe662bd7c02","http.req.method":"GET","http.req.path":"/product/L9ECAV7KIM","message":"request started","session":"2d3bf3d7-22b5-49c9-8227-12126292f393","severity":"debug","timestamp":"2026-03-25T12:17:36.074763721Z"}
{"currency":"EUR","http.req.id":"3c0df77d-3a4f-4477-9d22-fbe662bd7c02","http.req.method":"GET","http.req.path":"/product/L9ECAV7KIM","id":"L9ECAV7KIM","message":"serving product page","session":"2d3bf3d7-22b5-49c9-8227-12126292f393","severity":"debug","timestamp":"2026-03-25T12:17:36.074880077Z"}
{"http.req.id":"3c0df77d-3a4f-4477-9d22-fbe662bd7c02","http.req.method":"GET","http.req.path":"/product/L9ECAV7KIM","http.resp.bytes":8064,"http.resp.status":200,"http.resp.took_ms":23,"message":"request complete","session":"2d3bf3d7-22b5-49c9-8227-12126292f393","severity":"debug","timestamp":"2026-03-25T12:17:36.098397685Z"}
{"http.req.id":"3eb2ce32-91b1-4de9-83c6-d658cf4fa394","http.req.method":"POST","http.req.path":"/cart","message":"request started","session":"2d3bf3d7-22b5-49c9-8227-12126292f393","severity":"debug","timestamp":"2026-03-25T12:17:36.100640968Z"}
{"http.req.id":"3eb2ce32-91b1-4de9-83c6-d658cf4fa394","http.req.method":"POST","http.req.path":"/cart","message":"adding to cart","product":"L9ECAV7KIM","quantity":10,"session":"2d3bf3d7-22b5-49c9-8227-12126292f393","severity":"debug","timestamp":"2026-03-25T12:17:36.101567257Z"}
{"http.req.id":"3eb2ce32-91b1-4de9-83c6-d658cf4fa394","http.req.method":"POST","http.req.path":"/cart","http.resp.bytes":0,"http.resp.status":302,"http.resp.took_ms":5,"message":"request complete","session":"2d3bf3d7-22b5-49c9-8227-12126292f393","severity":"debug","timestamp":"2026-03-25T12:17:36.105780755Z"}
{"http.req.id":"5c6b24a4-9a55-4a06-b3d9-c72fe2bec9aa","http.req.method":"GET","http.req.path":"/cart","message":"request started","session":"2d3bf3d7-22b5-49c9-8227-12126292f393","severity":"debug","timestamp":"2026-03-25T12:17:36.147684485Z"}
{"http.req.id":"5c6b24a4-9a55-4a06-b3d9-c72fe2bec9aa","http.req.method":"GET","http.req.path":"/cart","message":"view user cart","session":"2d3bf3d7-22b5-49c9-8227-12126292f393","severity":"debug","timestamp":"2026-03-25T12:17:36.147782711Z"}
{"http.req.id":"5c6b24a4-9a55-4a06-b3d9-c72fe2bec9aa","http.req.method":"GET","http.req.path":"/cart","http.resp.bytes":19335,"http.resp.status":200,"http.resp.took_ms":103,"message":"request complete","session":"2d3bf3d7-22b5-49c9-8227-12126292f393","severity":"debug","timestamp":"2026-03-25T12:17:36.251593032Z"}
{"http.req.id":"54fc949a-07c1-42de-bfeb-6ff342a090bf","http.req.method":"GET","http.req.path":"/_healthz","message":"request started","session":"x-readiness-probe","severity":"debug","timestamp":"2026-03-25T12:17:36.362736539Z"}
{"http.req.id":"54fc949a-07c1-42de-bfeb-6ff342a090bf","http.req.method":"GET","http.req.path":"/_healthz","http.resp.bytes":2,"http.resp.status":200,"http.resp.took_ms":0,"message":"request complete","session":"x-readiness-probe","severity":"debug","timestamp":"2026-03-25T12:17:36.362872246Z"}
{"http.req.id":"ecca7b98-cb57-4558-b1fe-6fffffe0e27f","http.req.method":"POST","http.req.path":"/setCurrency","message":"request started","session":"827eab86-1aba-4a15-8740-5fee5900d10f","severity":"debug","timestamp":"2026-03-25T12:17:36.830506206Z"}
{"curr.new":"JPY","curr.old":"USD","http.req.id":"ecca7b98-cb57-4558-b1fe-6fffffe0e27f","http.req.method":"POST","http.req.path":"/setCurrency","message":"setting currency","session":"827eab86-1aba-4a15-8740-5fee5900d10f","severity":"debug","timestamp":"2026-03-25T12:17:36.830798973Z"}
{"http.req.id":"ecca7b98-cb57-4558-b1fe-6fffffe0e27f","http.req.method":"POST","http.req.path":"/setCurrency","http.resp.bytes":0,"http.resp.status":302,"http.resp.took_ms":0,"message":"request complete","session":"827eab86-1aba-4a15-8740-5fee5900d10f","severity":"debug","timestamp":"2026-03-25T12:17:36.830862796Z"}
{"http.req.id":"0a1b301e-a30f-4013-8d7e-2d7704b44bd9","http.req.method":"GET","http.req.path":"/","message":"request started","session":"827eab86-1aba-4a15-8740-5fee5900d10f","severity":"debug","timestamp":"2026-03-25T12:17:36.832682731Z"}
{"currency":"JPY","http.req.id":"0a1b301e-a30f-4013-8d7e-2d7704b44bd9","http.req.method":"GET","http.req.path":"/","message":"home","session":"827eab86-1aba-4a15-8740-5fee5900d10f","severity":"info","timestamp":"2026-03-25T12:17:36.83279301Z"}
env platform is either empty or invalid
{"http.req.id":"92c1da1d-a81f-4796-bf95-d3e6763db79a","http.req.method":"GET","http.req.path":"/product/OLJCESPC7Z","message":"request started","session":"694745d8-a179-4c65-83d6-9ed873a7b94b","severity":"debug","timestamp":"2026-03-25T12:17:36.953105244Z"}
{"currency":"EUR","http.req.id":"92c1da1d-a81f-4796-bf95-d3e6763db79a","http.req.method":"GET","http.req.path":"/product/OLJCESPC7Z","id":"OLJCESPC7Z","message":"serving product page","session":"694745d8-a179-4c65-83d6-9ed873a7b94b","severity":"debug","timestamp":"2026-03-25T12:17:36.953175529Z"}
{"http.req.id":"0a1b301e-a30f-4013-8d7e-2d7704b44bd9","http.req.method":"GET","http.req.path":"/","message":"ENV_PLATFORM is: local","session":"827eab86-1aba-4a15-8740-5fee5900d10f","severity":"debug","timestamp":"2026-03-25T12:17:36.971402296Z"}
{"http.req.id":"0a1b301e-a30f-4013-8d7e-2d7704b44bd9","http.req.method":"GET","http.req.path":"/","http.resp.bytes":10529,"http.resp.status":200,"http.resp.took_ms":143,"message":"request complete","session":"827eab86-1aba-4a15-8740-5fee5900d10f","severity":"debug","timestamp":"2026-03-25T12:17:36.975848088Z"}
{"http.req.id":"92c1da1d-a81f-4796-bf95-d3e6763db79a","http.req.method":"GET","http.req.path":"/product/OLJCESPC7Z","http.resp.bytes":8003,"http.resp.status":200,"http.resp.took_ms":102,"message":"request complete","session":"694745d8-a179-4c65-83d6-9ed873a7b94b","severity":"debug","timestamp":"2026-03-25T12:17:37.055248608Z"}
{"http.req.id":"d3577fae-cb41-4a04-baf1-9255bbdaf235","http.req.method":"GET","http.req.path":"/","message":"request started","session":"514e00c6-206e-4c6e-873f-852b796455de","severity":"debug","timestamp":"2026-03-25T12:17:38.194645603Z"}
{"currency":"CAD","http.req.id":"d3577fae-cb41-4a04-baf1-9255bbdaf235","http.req.method":"GET","http.req.path":"/","message":"home","session":"514e00c6-206e-4c6e-873f-852b796455de","severity":"info","timestamp":"2026-03-25T12:17:38.194770868Z"}
env platform is either empty or invalid
{"http.req.id":"d3577fae-cb41-4a04-baf1-9255bbdaf235","http.req.method":"GET","http.req.path":"/","message":"ENV_PLATFORM is: local","session":"514e00c6-206e-4c6e-873f-852b796455de","severity":"debug","timestamp":"2026-03-25T12:17:38.253993949Z"}
{"http.req.id":"d3577fae-cb41-4a04-baf1-9255bbdaf235","http.req.method":"GET","http.req.path":"/","http.resp.bytes":10591,"http.resp.status":200,"http.resp.took_ms":65,"message":"request complete","session":"514e00c6-206e-4c6e-873f-852b796455de","severity":"debug","timestamp":"2026-03-25T12:17:38.259891461Z"}
{"http.req.id":"e1c52672-9cfd-4c34-9d05-a2a297414501","http.req.method":"GET","http.req.path":"/","message":"request started","session":"df4ce93a-5d92-40a8-93c2-540bf11bbb4d","severity":"debug","timestamp":"2026-03-25T12:17:38.591056629Z"}
{"currency":"CAD","http.req.id":"e1c52672-9cfd-4c34-9d05-a2a297414501","http.req.method":"GET","http.req.path":"/","message":"home","session":"df4ce93a-5d92-40a8-93c2-540bf11bbb4d","severity":"info","timestamp":"2026-03-25T12:17:38.591170751Z"}
env platform is either empty or invalid
{"http.req.id":"e1c52672-9cfd-4c34-9d05-a2a297414501","http.req.method":"GET","http.req.path":"/","message":"ENV_PLATFORM is: local","session":"df4ce93a-5d92-40a8-93c2-540bf11bbb4d","severity":"debug","timestamp":"2026-03-25T12:17:38.666011642Z"}
{"http.req.id":"e1c52672-9cfd-4c34-9d05-a2a297414501","http.req.method":"GET","http.req.path":"/","http.resp.bytes":10501,"http.resp.status":200,"http.resp.took_ms":79,"message":"request complete","session":"df4ce93a-5d92-40a8-93c2-540bf11bbb4d","severity":"debug","timestamp":"2026-03-25T12:17:38.670081918Z"}
{"http.req.id":"7dfb29ef-6b50-4c1d-86f8-a6d20e2fe6e9","http.req.method":"GET","http.req.path":"/product/LS4PSXUNUM","message":"request started","session":"ecb080bf-5333-403f-9547-c8725d499228","severity":"debug","timestamp":"2026-03-25T12:17:38.675729308Z"}
{"currency":"GBP","http.req.id":"7dfb29ef-6b50-4c1d-86f8-a6d20e2fe6e9","http.req.method":"GET","http.req.path":"/product/LS4PSXUNUM","id":"LS4PSXUNUM","message":"serving product page","session":"ecb080bf-5333-403f-9547-c8725d499228","severity":"debug","timestamp":"2026-03-25T12:17:38.675852566Z"}
{"http.req.id":"7dfb29ef-6b50-4c1d-86f8-a6d20e2fe6e9","http.req.method":"GET","http.req.path":"/product/LS4PSXUNUM","http.resp.bytes":8031,"http.resp.status":200,"http.resp.took_ms":91,"message":"request complete","session":"ecb080bf-5333-403f-9547-c8725d499228","severity":"debug","timestamp":"2026-03-25T12:17:38.767313041Z"}
{"http.req.id":"b4d51168-65b3-4d2a-86ec-9a3bfb3d7ed4","http.req.method":"GET","http.req.path":"/product/0PUK6V6EV0","message":"request started","session":"fcb2831f-0627-4791-ac1d-23821dc5b140","severity":"debug","timestamp":"2026-03-25T12:17:39.884578018Z"}
{"currency":"CAD","http.req.id":"b4d51168-65b3-4d2a-86ec-9a3bfb3d7ed4","http.req.method":"GET","http.req.path":"/product/0PUK6V6EV0","id":"0PUK6V6EV0","message":"serving product page","session":"fcb2831f-0627-4791-ac1d-23821dc5b140","severity":"debug","timestamp":"2026-03-25T12:17:39.884715156Z"}
{"http.req.id":"b4d51168-65b3-4d2a-86ec-9a3bfb3d7ed4","http.req.method":"GET","http.req.path":"/product/0PUK6V6EV0","http.resp.bytes":8059,"http.resp.status":200,"http.resp.took_ms":21,"message":"request complete","session":"fcb2831f-0627-4791-ac1d-23821dc5b140","severity":"debug","timestamp":"2026-03-25T12:17:39.906201915Z"}
