{"message":"Tracing disabled.","severity":"info","timestamp":"2026-03-25T11:52:31.91743288Z"}
{"message":"Profiling disabled.","severity":"info","timestamp":"2026-03-25T11:52:31.91785739Z"}
{"message":"starting server on :8080","severity":"info","timestamp":"2026-03-25T11:52:32.40647309Z"}
{"http.req.id":"4df76c47-f734-4bfd-bb94-00192f704f5e","http.req.method":"GET","http.req.path":"/_healthz","message":"request started","session":"x-readiness-probe","severity":"debug","timestamp":"2026-03-25T11:52:45.563938174Z"}
{"http.req.id":"4df76c47-f734-4bfd-bb94-00192f704f5e","http.req.method":"GET","http.req.path":"/_healthz","http.resp.bytes":2,"http.resp.status":200,"http.resp.took_ms":0,"message":"request complete","session":"x-readiness-probe","severity":"debug","timestamp":"2026-03-25T11:52:45.564041739Z"}
{"http.req.id":"d4ebf7dc-d157-49df-8697-4b600055eaf6","http.req.method":"GET","http.req.path":"/product/6E92ZMYYFZ","message":"request started","session":"32217267-98ca-4d66-9fc8-3f088b8def0f","severity":"debug","timestamp":"2026-03-25T11:52:46.295728186Z"}
{"currency":"USD","http.req.id":"d4ebf7dc-d157-49df-8697-4b600055eaf6","http.req.method":"GET","http.req.path":"/product/6E92ZMYYFZ","id":"6E92ZMYYFZ","message":"serving product page","session":"32217267-98ca-4d66-9fc8-3f088b8def0f","severity":"debug","timestamp":"2026-03-25T11:52:46.295846057Z"}
{"http.req.id":"d4ebf7dc-d157-49df-8697-4b600055eaf6","http.req.method":"GET","http.req.path":"/product/6E92ZMYYFZ","http.resp.bytes":7853,"http.resp.status":200,"http.resp.took_ms":26,"message":"request complete","session":"32217267-98ca-4d66-9fc8-3f088b8def0f","severity":"debug","timestamp":"2026-03-25T11:52:46.321952744Z"}
{"http.req.id":"91dc7446-ced2-4413-a756-83d9402cd9a9","http.req.method":"POST","http.req.path":"/cart","message":"request started","session":"32217267-98ca-4d66-9fc8-3f088b8def0f","severity":"debug","timestamp":"2026-03-25T11:52:46.323525438Z"}
{"http.req.id":"91dc7446-ced2-4413-a756-83d9402cd9a9","http.req.method":"POST","http.req.path":"/cart","message":"adding to cart","product":"6E92ZMYYFZ","quantity":3,"session":"32217267-98ca-4d66-9fc8-3f088b8def0f","severity":"debug","timestamp":"2026-03-25T11:52:46.324004078Z"}
{"http.req.id":"91dc7446-ced2-4413-a756-83d9402cd9a9","http.req.method":"POST","http.req.path":"/cart","http.resp.bytes":0,"http.resp.status":302,"http.resp.took_ms":24,"message":"request complete","session":"32217267-98ca-4d66-9fc8-3f088b8def0f","severity":"debug","timestamp":"2026-03-25T11:52:46.347950249Z"}
{"http.req.id":"a2c14875-ba71-49a0-afbf-9eaa1516e90d","http.req.method":"GET","http.req.path":"/cart","message":"request started","session":"32217267-98ca-4d66-9fc8-3f088b8def0f","severity":"debug","timestamp":"2026-03-25T11:52:46.349340631Z"}
{"http.req.id":"a2c14875-ba71-49a0-afbf-9eaa1516e90d","http.req.method":"GET","http.req.path":"/cart","message":"view user cart","session":"32217267-98ca-4d66-9fc8-3f088b8def0f","severity":"debug","timestamp":"2026-03-25T11:52:46.34942905Z"}
{"http.req.id":"a2c14875-ba71-49a0-afbf-9eaa1516e90d","http.req.method":"GET","http.req.path":"/cart","http.resp.bytes":16341,"http.resp.status":200,"http.resp.took_ms":99,"message":"request complete","session":"32217267-98ca-4d66-9fc8-3f088b8def0f","severity":"debug","timestamp":"2026-03-25T11:52:46.448969488Z"}
{"http.req.id":"0d55c1e7-4a39-4d56-9b3f-cc6a4d1e428b","http.req.method":"GET","http.req.path":"/cart","message":"request started","session":"514e00c6-206e-4c6e-873f-852b796455de","severity":"debug","timestamp":"2026-03-25T11:52:46.689022019Z"}
{"http.req.id":"0d55c1e7-4a39-4d56-9b3f-cc6a4d1e428b","http.req.method":"GET","http.req.path":"/cart","message":"view user cart","session":"514e00c6-206e-4c6e-873f-852b796455de","severity":"debug","timestamp":"2026-03-25T11:52:46.689111712Z"}
{"http.req.id":"d3d7327c-f084-4c3b-8c80-49fd85abac0b","http.req.method":"GET","http.req.path":"/product/LS4PSXUNUM","message":"request started","session":"a38c2610-1665-4c93-8051-4c451f5de325","severity":"debug","timestamp":"2026-03-25T11:52:46.705647005Z"}
{"currency":"JPY","http.req.id":"d3d7327c-f084-4c3b-8c80-49fd85abac0b","http.req.method":"GET","http.req.path":"/product/LS4PSXUNUM","id":"LS4PSXUNUM","message":"serving product page","session":"a38c2610-1665-4c93-8051-4c451f5de325","severity":"debug","timestamp":"2026-03-25T11:52:46.705756319Z"}
{"http.req.id":"0d55c1e7-4a39-4d56-9b3f-cc6a4d1e428b","http.req.method":"GET","http.req.path":"/cart","http.resp.bytes":19218,"http.resp.status":200,"http.resp.took_ms":29,"message":"request complete","session":"514e00c6-206e-4c6e-873f-852b796455de","severity":"debug","timestamp":"2026-03-25T11:52:46.718190833Z"}
{"http.req.id":"d3d7327c-f084-4c3b-8c80-49fd85abac0b","http.req.method":"GET","http.req.path":"/product/LS4PSXUNUM","http.resp.bytes":7961,"http.resp.status":200,"http.resp.took_ms":44,"message":"request complete","session":"a38c2610-1665-4c93-8051-4c451f5de325","severity":"debug","timestamp":"2026-03-25T11:52:46.75038739Z"}
{"http.req.id":"c9f89a97-c6cc-468d-b16c-9f0b7c91ab6e","http.req.method":"GET","http.req.path":"/product/6E92ZMYYFZ","message":"request started","session":"fcb2831f-0627-4791-ac1d-23821dc5b140","severity":"debug","timestamp":"2026-03-25T11:52:46.838692142Z"}
{"currency":"GBP","http.req.id":"c9f89a97-c6cc-468d-b16c-9f0b7c91ab6e","http.req.method":"GET","http.req.path":"/product/6E92ZMYYFZ","id":"6E92ZMYYFZ","message":"serving product page","session":"fcb2831f-0627-4791-ac1d-23821dc5b140","severity":"debug","timestamp":"2026-03-25T11:52:46.838783012Z"}
{"http.req.id":"c9f89a97-c6cc-468d-b16c-9f0b7c91ab6e","http.req.method":"GET","http.req.path":"/product/6E92ZMYYFZ","http.resp.bytes":7937,"http.resp.status":200,"http.resp.took_ms":21,"message":"request complete","session":"fcb2831f-0627-4791-ac1d-23821dc5b140","severity":"debug","timestamp":"2026-03-25T11:52:46.859765524Z"}
{"http.req.id":"c2c7aa03-03e7-47f6-abf6-f5cc54a6375a","http.req.method":"GET","http.req.path":"/cart","message":"request started","session":"2d3bf3d7-22b5-49c9-8227-12126292f393","severity":"debug","timestamp":"2026-03-25T11:52:46.884822897Z"}
{"http.req.id":"c2c7aa03-03e7-47f6-abf6-f5cc54a6375a","http.req.method":"GET","http.req.path":"/cart","message":"view user cart","session":"2d3bf3d7-22b5-49c9-8227-12126292f393","severity":"debug","timestamp":"2026-03-25T11:52:46.884926329Z"}
{"http.req.id":"c2c7aa03-03e7-47f6-abf6-f5cc54a6375a","http.req.method":"GET","http.req.path":"/cart","http.resp.bytes":19258,"http.resp.status":200,"http.resp.took_ms":64,"message":"request complete","session":"2d3bf3d7-22b5-49c9-8227-12126292f393","severity":"debug","timestamp":"2026-03-25T11:52:46.94927Z"}
{"http.req.id":"ee72b560-afcc-4cf5-8500-c9e3df1f88ef","http.req.method":"GET","http.req.path":"/","message":"request started","session":"ecb080bf-5333-403f-9547-c8725d499228","severity":"debug","timestamp":"2026-03-25T11:52:47.595321561Z"}
{"currency":"JPY","http.req.id":"ee72b560-afcc-4cf5-8500-c9e3df1f88ef","http.req.method":"GET","http.req.path":"/","message":"home","session":"ecb080bf-5333-403f-9547-c8725d499228","severity":"info","timestamp":"2026-03-25T11:52:47.595399998Z"}
env platform is either empty or invalid
{"http.req.id":"ee72b560-afcc-4cf5-8500-c9e3df1f88ef","http.req.method":"GET","http.req.path":"/","message":"ENV_PLATFORM is: local","session":"ecb080bf-5333-403f-9547-c8725d499228","severity":"debug","timestamp":"2026-03-25T11:52:47.75760675Z"}
{"http.req.id":"ee72b560-afcc-4cf5-8500-c9e3df1f88ef","http.req.method":"GET","http.req.path":"/","http.resp.bytes":10503,"http.resp.status":200,"http.resp.took_ms":165,"message":"request complete","session":"ecb080bf-5333-403f-9547-c8725d499228","severity":"debug","timestamp":"2026-03-25T11:52:47.761274287Z"}
{"http.req.id":"c7d14f02-c044-4073-b146-5602413b47a1","http.req.method":"POST","http.req.path":"/setCurrency","message":"request started","session":"df4ce93a-5d92-40a8-93c2-540bf11bbb4d","severity":"debug","timestamp":"2026-03-25T11:52:47.924427073Z"}
{"curr.new":"USD","curr.old":"CAD","http.req.id":"c7d14f02-c044-4073-b146-5602413b47a1","http.req.method":"POST","http.req.path":"/setCurrency","message":"setting currency","session":"df4ce93a-5d92-40a8-93c2-540bf11bbb4d","severity":"debug","timestamp":"2026-03-25T11:52:47.924680409Z"}
{"http.req.id":"c7d14f02-c044-4073-b146-5602413b47a1","http.req.method":"POST","http.req.path":"/setCurrency","http.resp.bytes":0,"http.resp.status":302,"http.resp.took_ms":0,"message":"request complete","session":"df4ce93a-5d92-40a8-93c2-540bf11bbb4d","severity":"debug","timestamp":"2026-03-25T11:52:47.924764824Z"}
{"http.req.id":"15a071c0-4885-496e-bc20-d9b8969bd528","http.req.method":"GET","http.req.path":"/","message":"request started","session":"df4ce93a-5d92-40a8-93c2-540bf11bbb4d","severity":"debug","timestamp":"2026-03-25T11:52:47.926435043Z"}
{"currency":"USD","http.req.id":"15a071c0-4885-496e-bc20-d9b8969bd528","http.req.method":"GET","http.req.path":"/","message":"home","session":"df4ce93a-5d92-40a8-93c2-540bf11bbb4d","severity":"info","timestamp":"2026-03-25T11:52:47.926528121Z"}
env platform is either empty or invalid
{"http.req.id":"15a071c0-4885-496e-bc20-d9b8969bd528","http.req.method":"GET","http.req.path":"/","message":"ENV_PLATFORM is: local","session":"df4ce93a-5d92-40a8-93c2-540bf11bbb4d","severity":"debug","timestamp":"2026-03-25T11:52:47.954132746Z"}
{"http.req.id":"15a071c0-4885-496e-bc20-d9b8969bd528","http.req.method":"GET","http.req.path":"/","http.resp.bytes":10472,"http.resp.status":200,"http.resp.took_ms":31,"message":"request complete","session":"df4ce93a-5d92-40a8-93c2-540bf11bbb4d","severity":"debug","timestamp":"2026-03-25T11:52:47.957567658Z"}
{"http.req.id":"073c6630-56c3-4870-be9a-c8cea2f634a3","http.req.method":"GET","http.req.path":"/product/6E92ZMYYFZ","message":"request started","session":"513dd945-739c-4fe3-8e54-6e6927fbb733","severity":"debug","timestamp":"2026-03-25T11:52:47.973749194Z"}
{"currency":"GBP","http.req.id":"073c6630-56c3-4870-be9a-c8cea2f634a3","http.req.method":"GET","http.req.path":"/product/6E92ZMYYFZ","id":"6E92ZMYYFZ","message":"serving product page","session":"513dd945-739c-4fe3-8e54-6e6927fbb733","severity":"debug","timestamp":"2026-03-25T11:52:47.973844382Z"}
{"http.req.id":"073c6630-56c3-4870-be9a-c8cea2f634a3","http.req.method":"GET","http.req.path":"/product/6E92ZMYYFZ","http.resp.bytes":7950,"http.resp.status":200,"http.resp.took_ms":19,"message":"request complete","session":"513dd945-739c-4fe3-8e54-6e6927fbb733","severity":"debug","timestamp":"2026-03-25T11:52:47.993044643Z"}
{"http.req.id":"81dc06d6-1466-4121-bbcc-671c4a553e43","http.req.method":"POST","http.req.path":"/cart","message":"request started","session":"513dd945-739c-4fe3-8e54-6e6927fbb733","severity":"debug","timestamp":"2026-03-25T11:52:47.994500834Z"}
{"http.req.id":"81dc06d6-1466-4121-bbcc-671c4a553e43","http.req.method":"POST","http.req.path":"/cart","message":"adding to cart","product":"6E92ZMYYFZ","quantity":6,"session":"513dd945-739c-4fe3-8e54-6e6927fbb733","severity":"debug","timestamp":"2026-03-25T11:52:47.994723651Z"}
{"http.req.id":"81dc06d6-1466-4121-bbcc-671c4a553e43","http.req.method":"POST","http.req.path":"/cart","http.resp.bytes":0,"http.resp.status":302,"http.resp.took_ms":3,"message":"request complete","session":"513dd945-739c-4fe3-8e54-6e6927fbb733","severity":"debug","timestamp":"2026-03-25T11:52:47.998444784Z"}
{"http.req.id":"518e4c9b-9442-4066-b101-c40684a1c16b","http.req.method":"GET","http.req.path":"/cart","message":"request started","session":"513dd945-739c-4fe3-8e54-6e6927fbb733","severity":"debug","timestamp":"2026-03-25T11:52:47.999777157Z"}
{"http.req.id":"518e4c9b-9442-4066-b101-c40684a1c16b","http.req.method":"GET","http.req.path":"/cart","message":"view user cart","session":"513dd945-739c-4fe3-8e54-6e6927fbb733","severity":"debug","timestamp":"2026-03-25T11:52:47.999856553Z"}
{"http.req.id":"518e4c9b-9442-4066-b101-c40684a1c16b","http.req.method":"GET","http.req.path":"/cart","http.resp.bytes":17787,"http.resp.status":200,"http.resp.took_ms":56,"message":"request complete","session":"513dd945-739c-4fe3-8e54-6e6927fbb733","severity":"debug","timestamp":"2026-03-25T11:52:48.056145637Z"}
{"http.req.id":"5dc3a6ed-fa36-4acf-b079-945631897c67","http.req.method":"GET","http.req.path":"/product/LS4PSXUNUM","message":"request started","session":"2d3bf3d7-22b5-49c9-8227-12126292f393","severity":"debug","timestamp":"2026-03-25T11:52:48.245838619Z"}
{"currency":"GBP","http.req.id":"5dc3a6ed-fa36-4acf-b079-945631897c67","http.req.method":"GET","http.req.path":"/product/LS4PSXUNUM","id":"LS4PSXUNUM","message":"serving product page","session":"2d3bf3d7-22b5-49c9-8227-12126292f393","severity":"debug","timestamp":"2026-03-25T11:52:48.24592598Z"}
{"http.req.id":"5dc3a6ed-fa36-4acf-b079-945631897c67","http.req.method":"GET","http.req.path":"/product/LS4PSXUNUM","http.resp.bytes":7977,"http.resp.status":200,"http.resp.took_ms":17,"message":"request complete","session":"2d3bf3d7-22b5-49c9-8227-12126292f393","severity":"debug","timestamp":"2026-03-25T11:52:48.263295414Z"}
{"http.req.id":"af6bdf7d-9ee7-475d-a8ba-951d7a813e9e","http.req.method":"GET","http.req.path":"/product/1YMWWN1N4O","message":"request started","session":"32217267-98ca-4d66-9fc8-3f088b8def0f","severity":"debug","timestamp":"2026-03-25T11:52:48.503015368Z"}
{"currency":"USD","http.req.id":"af6bdf7d-9ee7-475d-a8ba-951d7a813e9e","http.req.method":"GET","http.req.path":"/product/1YMWWN1N4O","id":"1YMWWN1N4O","message":"serving product page","session":"32217267-98ca-4d66-9fc8-3f088b8def0f","severity":"debug","timestamp":"2026-03-25T11:52:48.503556696Z"}
{"http.req.id":"af6bdf7d-9ee7-475d-a8ba-951d7a813e9e","http.req.method":"GET","http.req.path":"/product/1YMWWN1N4O","http.resp.bytes":8019,"http.resp.status":200,"http.resp.took_ms":17,"message":"request complete","session":"32217267-98ca-4d66-9fc8-3f088b8def0f","severity":"debug","timestamp":"2026-03-25T11:52:48.520946189Z"}
