{"http.req.id":"07d642dc-fa6e-4c80-9041-da52a528fd13","http.req.method":"GET","http.req.path":"/product/OLJCESPC7Z","http.resp.bytes":7965,"http.resp.status":200,"http.resp.took_ms":61,"message":"request complete","session":"fcb2831f-0627-4791-ac1d-23821dc5b140","severity":"debug","timestamp":"2026-03-25T12:07:19.153446825Z"}
{"http.req.id":"b2e7979e-53d7-4959-ac67-e6ba63527f7e","http.req.method":"GET","http.req.path":"/cart","message":"request started","session":"32217267-98ca-4d66-9fc8-3f088b8def0f","severity":"debug","timestamp":"2026-03-25T12:07:19.899132115Z"}
{"http.req.id":"b2e7979e-53d7-4959-ac67-e6ba63527f7e","http.req.method":"GET","http.req.path":"/cart","message":"view user cart","session":"32217267-98ca-4d66-9fc8-3f088b8def0f","severity":"debug","timestamp":"2026-03-25T12:07:19.899218533Z"}
{"http.req.id":"b2e7979e-53d7-4959-ac67-e6ba63527f7e","http.req.method":"GET","http.req.path":"/cart","http.resp.bytes":6872,"http.resp.status":200,"http.resp.took_ms":15,"message":"request complete","session":"32217267-98ca-4d66-9fc8-3f088b8def0f","severity":"debug","timestamp":"2026-03-25T12:07:19.915069888Z"}
{"http.req.id":"e4e4e47e-6101-41b8-9281-8d1f5c19b7d8","http.req.method":"GET","http.req.path":"/_healthz","message":"request started","session":"x-readiness-probe","severity":"debug","timestamp":"2026-03-25T12:07:20.509817361Z"}
{"http.req.id":"e4e4e47e-6101-41b8-9281-8d1f5c19b7d8","http.req.method":"GET","http.req.path":"/_healthz","http.resp.bytes":2,"http.resp.status":200,"http.resp.took_ms":0,"message":"request complete","session":"x-readiness-probe","severity":"debug","timestamp":"2026-03-25T12:07:20.510020632Z"}
{"http.req.id":"ff12f0b6-9227-47e6-98fb-62a876f7b659","http.req.method":"GET","http.req.path":"/product/6E92ZMYYFZ","message":"request started","session":"827eab86-1aba-4a15-8740-5fee5900d10f","severity":"debug","timestamp":"2026-03-25T12:07:22.465401496Z"}
{"currency":"USD","http.req.id":"ff12f0b6-9227-47e6-98fb-62a876f7b659","http.req.method":"GET","http.req.path":"/product/6E92ZMYYFZ","id":"6E92ZMYYFZ","message":"serving product page","session":"827eab86-1aba-4a15-8740-5fee5900d10f","severity":"debug","timestamp":"2026-03-25T12:07:22.465481336Z"}
{"http.req.id":"ff12f0b6-9227-47e6-98fb-62a876f7b659","http.req.method":"GET","http.req.path":"/product/6E92ZMYYFZ","http.resp.bytes":7945,"http.resp.status":200,"http.resp.took_ms":15,"message":"request complete","session":"827eab86-1aba-4a15-8740-5fee5900d10f","severity":"debug","timestamp":"2026-03-25T12:07:22.481362088Z"}
{"http.req.id":"27e373e2-1793-4e28-a009-09dfa5f5fbab","http.req.method":"GET","http.req.path":"/product/6E92ZMYYFZ","message":"request started","session":"694745d8-a179-4c65-83d6-9ed873a7b94b","severity":"debug","timestamp":"2026-03-25T12:07:23.101178447Z"}
{"currency":"USD","http.req.id":"27e373e2-1793-4e28-a009-09dfa5f5fbab","http.req.method":"GET","http.req.path":"/product/6E92ZMYYFZ","id":"6E92ZMYYFZ","message":"serving product page","session":"694745d8-a179-4c65-83d6-9ed873a7b94b","severity":"debug","timestamp":"2026-03-25T12:07:23.1012992Z"}
{"http.req.id":"27e373e2-1793-4e28-a009-09dfa5f5fbab","http.req.method":"GET","http.req.path":"/product/6E92ZMYYFZ","http.resp.bytes":7919,"http.resp.status":200,"http.resp.took_ms":18,"message":"request complete","session":"694745d8-a179-4c65-83d6-9ed873a7b94b","severity":"debug","timestamp":"2026-03-25T12:07:23.119269519Z"}
{"http.req.id":"f323534e-a978-4c83-b9f1-ecace55eff0c","http.req.method":"POST","http.req.path":"/cart","message":"request started","session":"694745d8-a179-4c65-83d6-9ed873a7b94b","severity":"debug","timestamp":"2026-03-25T12:07:23.120155315Z"}
{"http.req.id":"f323534e-a978-4c83-b9f1-ecace55eff0c","http.req.method":"POST","http.req.path":"/cart","message":"adding to cart","product":"6E92ZMYYFZ","quantity":5,"session":"694745d8-a179-4c65-83d6-9ed873a7b94b","severity":"debug","timestamp":"2026-03-25T12:07:23.120310637Z"}
{"http.req.id":"f323534e-a978-4c83-b9f1-ecace55eff0c","http.req.method":"POST","http.req.path":"/cart","http.resp.bytes":0,"http.resp.status":302,"http.resp.took_ms":3,"message":"request complete","session":"694745d8-a179-4c65-83d6-9ed873a7b94b","severity":"debug","timestamp":"2026-03-25T12:07:23.123739493Z"}
{"http.req.id":"e55252f5-7fb5-4879-b7b6-1fac5c76de9d","http.req.method":"GET","http.req.path":"/cart","message":"request started","session":"694745d8-a179-4c65-83d6-9ed873a7b94b","severity":"debug","timestamp":"2026-03-25T12:07:23.124834847Z"}
{"http.req.id":"e55252f5-7fb5-4879-b7b6-1fac5c76de9d","http.req.method":"GET","http.req.path":"/cart","message":"view user cart","session":"694745d8-a179-4c65-83d6-9ed873a7b94b","severity":"debug","timestamp":"2026-03-25T12:07:23.124908208Z"}
{"http.req.id":"e55252f5-7fb5-4879-b7b6-1fac5c76de9d","http.req.method":"GET","http.req.path":"/cart","http.resp.bytes":16441,"http.resp.status":200,"http.resp.took_ms":15,"message":"request complete","session":"694745d8-a179-4c65-83d6-9ed873a7b94b","severity":"debug","timestamp":"2026-03-25T12:07:23.139950843Z"}
{"http.req.id":"3eda87aa-59e1-40a9-8882-9d5a917ff9e7","http.req.method":"GET","http.req.path":"/product/2ZYFJ3GM2N","message":"request started","session":"32217267-98ca-4d66-9fc8-3f088b8def0f","severity":"debug","timestamp":"2026-03-25T12:07:24.550741441Z"}
{"currency":"JPY","http.req.id":"3eda87aa-59e1-40a9-8882-9d5a917ff9e7","http.req.method":"GET","http.req.path":"/product/2ZYFJ3GM2N","id":"2ZYFJ3GM2N","message":"serving product page","session":"32217267-98ca-4d66-9fc8-3f088b8def0f","severity":"debug","timestamp":"2026-03-25T12:07:24.550835564Z"}
{"http.req.id":"3eda87aa-59e1-40a9-8882-9d5a917ff9e7","http.req.method":"GET","http.req.path":"/product/2ZYFJ3GM2N","http.resp.bytes":7976,"http.resp.status":200,"http.resp.took_ms":15,"message":"request complete","session":"32217267-98ca-4d66-9fc8-3f088b8def0f","severity":"debug","timestamp":"2026-03-25T12:07:24.566557975Z"}
{"http.req.id":"c68f2bb1-fe17-42ce-a284-3065bfcf81fe","http.req.method":"GET","http.req.path":"/product/2ZYFJ3GM2N","message":"request started","session":"514e00c6-206e-4c6e-873f-852b796455de","severity":"debug","timestamp":"2026-03-25T12:07:24.619106871Z"}
{"currency":"GBP","http.req.id":"c68f2bb1-fe17-42ce-a284-3065bfcf81fe","http.req.method":"GET","http.req.path":"/product/2ZYFJ3GM2N","id":"2ZYFJ3GM2N","message":"serving product page","session":"514e00c6-206e-4c6e-873f-852b796455de","severity":"debug","timestamp":"2026-03-25T12:07:24.619191199Z"}
{"http.req.id":"c68f2bb1-fe17-42ce-a284-3065bfcf81fe","http.req.method":"GET","http.req.path":"/product/2ZYFJ3GM2N","http.resp.bytes":7974,"http.resp.status":200,"http.resp.took_ms":16,"message":"request complete","session":"514e00c6-206e-4c6e-873f-852b796455de","severity":"debug","timestamp":"2026-03-25T12:07:24.635305504Z"}
{"http.req.id":"a55f62bb-71d1-4a89-902c-4b71e944b627","http.req.method":"POST","http.req.path":"/cart","message":"request started","session":"514e00c6-206e-4c6e-873f-852b796455de","severity":"debug","timestamp":"2026-03-25T12:07:24.636149489Z"}
{"http.req.id":"a55f62bb-71d1-4a89-902c-4b71e944b627","http.req.method":"POST","http.req.path":"/cart","message":"adding to cart","product":"2ZYFJ3GM2N","quantity":5,"session":"514e00c6-206e-4c6e-873f-852b796455de","severity":"debug","timestamp":"2026-03-25T12:07:24.636280876Z"}
{"http.req.id":"a55f62bb-71d1-4a89-902c-4b71e944b627","http.req.method":"POST","http.req.path":"/cart","http.resp.bytes":0,"http.resp.status":302,"http.resp.took_ms":2,"message":"request complete","session":"514e00c6-206e-4c6e-873f-852b796455de","severity":"debug","timestamp":"2026-03-25T12:07:24.63893736Z"}
{"http.req.id":"60446bd0-a542-4098-8c7c-847d471d7e02","http.req.method":"GET","http.req.path":"/cart","message":"request started","session":"514e00c6-206e-4c6e-873f-852b796455de","severity":"debug","timestamp":"2026-03-25T12:07:24.640148677Z"}
{"http.req.id":"60446bd0-a542-4098-8c7c-847d471d7e02","http.req.method":"GET","http.req.path":"/cart","message":"view user cart","session":"514e00c6-206e-4c6e-873f-852b796455de","severity":"debug","timestamp":"2026-03-25T12:07:24.640226516Z"}
{"http.req.id":"60446bd0-a542-4098-8c7c-847d471d7e02","http.req.method":"GET","http.req.path":"/cart","http.resp.bytes":16460,"http.resp.status":200,"http.resp.took_ms":18,"message":"request complete","session":"514e00c6-206e-4c6e-873f-852b796455de","severity":"debug","timestamp":"2026-03-25T12:07:24.658150415Z"}
{"http.req.id":"1208c0a1-afa2-402f-bdbe-c436e57bae23","http.req.method":"POST","http.req.path":"/setCurrency","message":"request started","session":"2d3bf3d7-22b5-49c9-8227-12126292f393","severity":"debug","timestamp":"2026-03-25T12:07:25.041161973Z"}
{"curr.new":"USD","curr.old":"EUR","http.req.id":"1208c0a1-afa2-402f-bdbe-c436e57bae23","http.req.method":"POST","http.req.path":"/setCurrency","message":"setting currency","session":"2d3bf3d7-22b5-49c9-8227-12126292f393","severity":"debug","timestamp":"2026-03-25T12:07:25.041408341Z"}
{"http.req.id":"1208c0a1-afa2-402f-bdbe-c436e57bae23","http.req.method":"POST","http.req.path":"/setCurrency","http.resp.bytes":0,"http.resp.status":302,"http.resp.took_ms":0,"message":"request complete","session":"2d3bf3d7-22b5-49c9-8227-12126292f393","severity":"debug","timestamp":"2026-03-25T12:07:25.04146199Z"}
{"http.req.id":"90edc141-8fa3-49ba-a9d5-8bde0d9d1696","http.req.method":"GET","http.req.path":"/","message":"request started","session":"2d3bf3d7-22b5-49c9-8227-12126292f393","severity":"debug","timestamp":"2026-03-25T12:07:25.04297388Z"}
{"currency":"USD","http.req.id":"90edc141-8fa3-49ba-a9d5-8bde0d9d1696","http.req.method":"GET","http.req.path":"/","message":"home","session":"2d3bf3d7-22b5-49c9-8227-12126292f393","severity":"info","timestamp":"2026-03-25T12:07:25.043103119Z"}
env platform is either empty or invalid
{"http.req.id":"90edc141-8fa3-49ba-a9d5-8bde0d9d1696","http.req.method":"GET","http.req.path":"/","message":"ENV_PLATFORM is: local","session":"2d3bf3d7-22b5-49c9-8227-12126292f393","severity":"debug","timestamp":"2026-03-25T12:07:25.097805392Z"}
{"http.req.id":"90edc141-8fa3-49ba-a9d5-8bde0d9d1696","http.req.method":"GET","http.req.path":"/","http.resp.bytes":10499,"http.resp.status":200,"http.resp.took_ms":61,"message":"request complete","session":"2d3bf3d7-22b5-49c9-8227-12126292f393","severity":"debug","timestamp":"2026-03-25T12:07:25.10456158Z"}
{"http.req.id":"72ff37de-c5f9-455f-bcd4-bfba72c2620a","http.req.method":"GET","http.req.path":"/","message":"request started","session":"df4ce93a-5d92-40a8-93c2-540bf11bbb4d","severity":"debug","timestamp":"2026-03-25T12:07:25.580795094Z"}
{"currency":"TRY","http.req.id":"72ff37de-c5f9-455f-bcd4-bfba72c2620a","http.req.method":"GET","http.req.path":"/","message":"home","session":"df4ce93a-5d92-40a8-93c2-540bf11bbb4d","severity":"info","timestamp":"2026-03-25T12:07:25.580872698Z"}
env platform is either empty or invalid
{"http.req.id":"72ff37de-c5f9-455f-bcd4-bfba72c2620a","http.req.method":"GET","http.req.path":"/","message":"ENV_PLATFORM is: local","session":"df4ce93a-5d92-40a8-93c2-540bf11bbb4d","severity":"debug","timestamp":"2026-03-25T12:07:25.607148999Z"}
{"http.req.id":"72ff37de-c5f9-455f-bcd4-bfba72c2620a","http.req.method":"GET","http.req.path":"/","http.resp.bytes":10527,"http.resp.status":200,"http.resp.took_ms":28,"message":"request complete","session":"df4ce93a-5d92-40a8-93c2-540bf11bbb4d","severity":"debug","timestamp":"2026-03-25T12:07:25.609486952Z"}
{"http.req.id":"6c60379e-fe36-46fa-89e1-bf398f607668","http.req.method":"GET","http.req.path":"/product/2ZYFJ3GM2N","message":"request started","session":"ecb080bf-5333-403f-9547-c8725d499228","severity":"debug","timestamp":"2026-03-25T12:07:25.802171883Z"}
{"currency":"TRY","http.req.id":"6c60379e-fe36-46fa-89e1-bf398f607668","http.req.method":"GET","http.req.path":"/product/2ZYFJ3GM2N","id":"2ZYFJ3GM2N","message":"serving product page","session":"ecb080bf-5333-403f-9547-c8725d499228","severity":"debug","timestamp":"2026-03-25T12:07:25.802249902Z"}
{"http.req.id":"6c60379e-fe36-46fa-89e1-bf398f607668","http.req.method":"GET","http.req.path":"/product/2ZYFJ3GM2N","http.resp.bytes":8054,"http.resp.status":200,"http.resp.took_ms":31,"message":"request complete","session":"ecb080bf-5333-403f-9547-c8725d499228","severity":"debug","timestamp":"2026-03-25T12:07:25.833871775Z"}
{"http.req.id":"2eddaa46-ca63-4033-abd3-d66e23af6644","http.req.method":"POST","http.req.path":"/cart","message":"request started","session":"ecb080bf-5333-403f-9547-c8725d499228","severity":"debug","timestamp":"2026-03-25T12:07:25.83777106Z"}
{"http.req.id":"2eddaa46-ca63-4033-abd3-d66e23af6644","http.req.method":"POST","http.req.path":"/cart","message":"adding to cart","product":"2ZYFJ3GM2N","quantity":7,"session":"ecb080bf-5333-403f-9547-c8725d499228","severity":"debug","timestamp":"2026-03-25T12:07:25.837939264Z"}
{"http.req.id":"2eddaa46-ca63-4033-abd3-d66e23af6644","http.req.method":"POST","http.req.path":"/cart","http.resp.bytes":0,"http.resp.status":302,"http.resp.took_ms":16,"message":"request complete","session":"ecb080bf-5333-403f-9547-c8725d499228","severity":"debug","timestamp":"2026-03-25T12:07:25.854740045Z"}
{"http.req.id":"9367f92d-a69e-4f1a-b290-09a1e8389656","http.req.method":"GET","http.req.path":"/cart","message":"request started","session":"ecb080bf-5333-403f-9547-c8725d499228","severity":"debug","timestamp":"2026-03-25T12:07:25.856445667Z"}
{"http.req.id":"9367f92d-a69e-4f1a-b290-09a1e8389656","http.req.method":"GET","http.req.path":"/cart","message":"view user cart","session":"ecb080bf-5333-403f-9547-c8725d499228","severity":"debug","timestamp":"2026-03-25T12:07:25.856501106Z"}
{"http.req.id":"9367f92d-a69e-4f1a-b290-09a1e8389656","http.req.method":"GET","http.req.path":"/cart","http.resp.bytes":17881,"http.resp.status":200,"http.resp.took_ms":124,"message":"request complete","session":"ecb080bf-5333-403f-9547-c8725d499228","severity":"debug","timestamp":"2026-03-25T12:07:25.980458748Z"}
{"http.req.id":"45607db3-7843-4495-acc1-4609a6b59098","http.req.method":"GET","http.req.path":"/product/6E92ZMYYFZ","message":"request started","session":"fcb2831f-0627-4791-ac1d-23821dc5b140","severity":"debug","timestamp":"2026-03-25T12:07:26.131274199Z"}
{"currency":"EUR","http.req.id":"45607db3-7843-4495-acc1-4609a6b59098","http.req.method":"GET","http.req.path":"/product/6E92ZMYYFZ","id":"6E92ZMYYFZ","message":"serving product page","session":"fcb2831f-0627-4791-ac1d-23821dc5b140","severity":"debug","timestamp":"2026-03-25T12:07:26.131412204Z"}
{"http.req.id":"45607db3-7843-4495-acc1-4609a6b59098","http.req.method":"GET","http.req.path":"/product/6E92ZMYYFZ","http.resp.bytes":7957,"http.resp.status":200,"http.resp.took_ms":22,"message":"request complete","session":"fcb2831f-0627-4791-ac1d-23821dc5b140","severity":"debug","timestamp":"2026-03-25T12:07:26.153729448Z"}
{"http.req.id":"faec5427-0a62-45a7-b419-d74dea27f67e","http.req.method":"GET","http.req.path":"/product/1YMWWN1N4O","message":"request started","session":"a38c2610-1665-4c93-8051-4c451f5de325","severity":"debug","timestamp":"2026-03-25T12:07:26.96775538Z"}
{"currency":"JPY","http.req.id":"faec5427-0a62-45a7-b419-d74dea27f67e","http.req.method":"GET","http.req.path":"/product/1YMWWN1N4O","id":"1YMWWN1N4O","message":"serving product page","session":"a38c2610-1665-4c93-8051-4c451f5de325","severity":"debug","timestamp":"2026-03-25T12:07:26.96783549Z"}
{"http.req.id":"faec5427-0a62-45a7-b419-d74dea27f67e","http.req.method":"GET","http.req.path":"/product/1YMWWN1N4O","http.resp.bytes":8073,"http.resp.status":200,"http.resp.took_ms":84,"message":"request complete","session":"a38c2610-1665-4c93-8051-4c451f5de325","severity":"debug","timestamp":"2026-03-25T12:07:27.052454393Z"}
{"http.req.id":"9e4bb70f-f0c2-4c1e-9c8f-f1069b53eb41","http.req.method":"POST","http.req.path":"/cart","message":"request started","session":"a38c2610-1665-4c93-8051-4c451f5de325","severity":"debug","timestamp":"2026-03-25T12:07:27.054230472Z"}
{"http.req.id":"9e4bb70f-f0c2-4c1e-9c8f-f1069b53eb41","http.req.method":"POST","http.req.path":"/cart","message":"adding to cart","product":"1YMWWN1N4O","quantity":8,"session":"a38c2610-1665-4c93-8051-4c451f5de325","severity":"debug","timestamp":"2026-03-25T12:07:27.054440565Z"}
{"http.req.id":"9e4bb70f-f0c2-4c1e-9c8f-f1069b53eb41","http.req.method":"POST","http.req.path":"/cart","http.resp.bytes":0,"http.resp.status":302,"http.resp.took_ms":4,"message":"request complete","session":"a38c2610-1665-4c93-8051-4c451f5de325","severity":"debug","timestamp":"2026-03-25T12:07:27.059058205Z"}
{"http.req.id":"eab05366-dfba-4553-96ff-17550eb2b09e","http.req.method":"GET","http.req.path":"/cart","message":"request started","session":"a38c2610-1665-4c93-8051-4c451f5de325","severity":"debug","timestamp":"2026-03-25T12:07:27.061872761Z"}
{"http.req.id":"eab05366-dfba-4553-96ff-17550eb2b09e","http.req.method":"GET","http.req.path":"/cart","message":"view user cart","session":"a38c2610-1665-4c93-8051-4c451f5de325","severity":"debug","timestamp":"2026-03-25T12:07:27.061937683Z"}
{"http.req.id":"32133794-083a-4727-ad81-9cca53cca5b1","http.req.method":"GET","http.req.path":"/cart","message":"request started","session":"513dd945-739c-4fe3-8e54-6e6927fbb733","severity":"debug","timestamp":"2026-03-25T12:07:27.091430779Z"}
{"http.req.id":"32133794-083a-4727-ad81-9cca53cca5b1","http.req.method":"GET","http.req.path":"/cart","message":"view user cart","session":"513dd945-739c-4fe3-8e54-6e6927fbb733","severity":"debug","timestamp":"2026-03-25T12:07:27.091537864Z"}
{"http.req.id":"eab05366-dfba-4553-96ff-17550eb2b09e","http.req.method":"GET","http.req.path":"/cart","http.resp.bytes":17880,"http.resp.status":200,"http.resp.took_ms":90,"message":"request complete","session":"a38c2610-1665-4c93-8051-4c451f5de325","severity":"debug","timestamp":"2026-03-25T12:07:27.152772119Z"}
{"http.req.id":"32133794-083a-4727-ad81-9cca53cca5b1","http.req.method":"GET","http.req.path":"/cart","http.resp.bytes":6869,"http.resp.status":200,"http.resp.took_ms":78,"message":"request complete","session":"513dd945-739c-4fe3-8e54-6e6927fbb733","severity":"debug","timestamp":"2026-03-25T12:07:27.169430655Z"}
{"http.req.id":"53b47301-e599-4437-8734-2c831a29729a","http.req.method":"GET","http.req.path":"/cart","message":"request started","session":"827eab86-1aba-4a15-8740-5fee5900d10f","severity":"debug","timestamp":"2026-03-25T12:07:27.338726134Z"}
{"http.req.id":"53b47301-e599-4437-8734-2c831a29729a","http.req.method":"GET","http.req.path":"/cart","message":"view user cart","session":"827eab86-1aba-4a15-8740-5fee5900d10f","severity":"debug","timestamp":"2026-03-25T12:07:27.338787858Z"}
{"http.req.id":"53b47301-e599-4437-8734-2c831a29729a","http.req.method":"GET","http.req.path":"/cart","http.resp.bytes":6891,"http.resp.status":200,"http.resp.took_ms":25,"message":"request complete","session":"827eab86-1aba-4a15-8740-5fee5900d10f","severity":"debug","timestamp":"2026-03-25T12:07:27.363967131Z"}
{"http.req.id":"4d07b077-f5b8-41c1-820e-80f0e17020c0","http.req.method":"POST","http.req.path":"/setCurrency","message":"request started","session":"2d3bf3d7-22b5-49c9-8227-12126292f393","severity":"debug","timestamp":"2026-03-25T12:07:27.932272937Z"}
{"curr.new":"GBP","curr.old":"USD","http.req.id":"4d07b077-f5b8-41c1-820e-80f0e17020c0","http.req.method":"POST","http.req.path":"/setCurrency","message":"setting currency","session":"2d3bf3d7-22b5-49c9-8227-12126292f393","severity":"debug","timestamp":"2026-03-25T12:07:27.932429249Z"}
{"http.req.id":"4d07b077-f5b8-41c1-820e-80f0e17020c0","http.req.method":"POST","http.req.path":"/setCurrency","http.resp.bytes":0,"http.resp.status":302,"http.resp.took_ms":0,"message":"request complete","session":"2d3bf3d7-22b5-49c9-8227-12126292f393","severity":"debug","timestamp":"2026-03-25T12:07:27.932461584Z"}
{"http.req.id":"3c3a2f3d-4092-40a1-9e4f-c2087b66526f","http.req.method":"GET","http.req.path":"/","message":"request started","session":"2d3bf3d7-22b5-49c9-8227-12126292f393","severity":"debug","timestamp":"2026-03-25T12:07:27.933721499Z"}
{"currency":"GBP","http.req.id":"3c3a2f3d-4092-40a1-9e4f-c2087b66526f","http.req.method":"GET","http.req.path":"/","message":"home","session":"2d3bf3d7-22b5-49c9-8227-12126292f393","severity":"info","timestamp":"2026-03-25T12:07:27.933801116Z"}
env platform is either empty or invalid
{"http.req.id":"3c3a2f3d-4092-40a1-9e4f-c2087b66526f","http.req.method":"GET","http.req.path":"/","message":"ENV_PLATFORM is: local","session":"2d3bf3d7-22b5-49c9-8227-12126292f393","severity":"debug","timestamp":"2026-03-25T12:07:27.953769098Z"}
{"http.req.id":"3c3a2f3d-4092-40a1-9e4f-c2087b66526f","http.req.method":"GET","http.req.path":"/","http.resp.bytes":10508,"http.resp.status":200,"http.resp.took_ms":25,"message":"request complete","session":"2d3bf3d7-22b5-49c9-8227-12126292f393","severity":"debug","timestamp":"2026-03-25T12:07:27.958984207Z"}
{"http.req.id":"c45714dd-dc9d-4c21-bb6b-d916e1cdd7db","http.req.method":"POST","http.req.path":"/setCurrency","message":"request started","session":"694745d8-a179-4c65-83d6-9ed873a7b94b","severity":"debug","timestamp":"2026-03-25T12:07:28.013230291Z"}
{"curr.new":"GBP","curr.old":"USD","http.req.id":"c45714dd-dc9d-4c21-bb6b-d916e1cdd7db","http.req.method":"POST","http.req.path":"/setCurrency","message":"setting currency","session":"694745d8-a179-4c65-83d6-9ed873a7b94b","severity":"debug","timestamp":"2026-03-25T12:07:28.013433789Z"}
{"http.req.id":"c45714dd-dc9d-4c21-bb6b-d916e1cdd7db","http.req.method":"POST","http.req.path":"/setCurrency","http.resp.bytes":0,"http.resp.status":302,"http.resp.took_ms":0,"message":"request complete","session":"694745d8-a179-4c65-83d6-9ed873a7b94b","severity":"debug","timestamp":"2026-03-25T12:07:28.01351241Z"}
{"http.req.id":"f80e4556-6a99-41a7-a576-d8b98a6a9042","http.req.method":"GET","http.req.path":"/","message":"request started","session":"694745d8-a179-4c65-83d6-9ed873a7b94b","severity":"debug","timestamp":"2026-03-25T12:07:28.014958704Z"}
{"currency":"GBP","http.req.id":"f80e4556-6a99-41a7-a576-d8b98a6a9042","http.req.method":"GET","http.req.path":"/","message":"home","session":"694745d8-a179-4c65-83d6-9ed873a7b94b","severity":"info","timestamp":"2026-03-25T12:07:28.015040667Z"}
env platform is either empty or invalid
{"http.req.id":"f80e4556-6a99-41a7-a576-d8b98a6a9042","http.req.method":"GET","http.req.path":"/","message":"ENV_PLATFORM is: local","session":"694745d8-a179-4c65-83d6-9ed873a7b94b","severity":"debug","timestamp":"2026-03-25T12:07:28.056169674Z"}
{"http.req.id":"f80e4556-6a99-41a7-a576-d8b98a6a9042","http.req.method":"GET","http.req.path":"/","http.resp.bytes":10597,"http.resp.status":200,"http.resp.took_ms":44,"message":"request complete","session":"694745d8-a179-4c65-83d6-9ed873a7b94b","severity":"debug","timestamp":"2026-03-25T12:07:28.059419152Z"}
{"http.req.id":"75251063-7373-4107-9c98-ecb255171c7e","http.req.method":"GET","http.req.path":"/_healthz","message":"request started","session":"x-liveness-probe","severity":"debug","timestamp":"2026-03-25T12:07:28.857524703Z"}
{"http.req.id":"75251063-7373-4107-9c98-ecb255171c7e","http.req.method":"GET","http.req.path":"/_healthz","http.resp.bytes":2,"http.resp.status":200,"http.resp.took_ms":0,"message":"request complete","session":"x-liveness-probe","severity":"debug","timestamp":"2026-03-25T12:07:28.857636163Z"}
{"http.req.id":"877eecb0-d073-40bb-8479-6b1b6befec19","http.req.method":"GET","http.req.path":"/product/OLJCESPC7Z","message":"request started","session":"df4ce93a-5d92-40a8-93c2-540bf11bbb4d","severity":"debug","timestamp":"2026-03-25T12:07:30.823940721Z"}
{"currency":"TRY","http.req.id":"877eecb0-d073-40bb-8479-6b1b6befec19","http.req.method":"GET","http.req.path":"/product/OLJCESPC7Z","id":"OLJCESPC7Z","message":"serving product page","session":"df4ce93a-5d92-40a8-93c2-540bf11bbb4d","severity":"debug","timestamp":"2026-03-25T12:07:30.82405919Z"}
{"http.req.id":"83b2e9cd-85a8-4fe5-8b6e-9e0224dbeebd","http.req.method":"GET","http.req.path":"/product/66VCHSJNUP","message":"request started","session":"fcb2831f-0627-4791-ac1d-23821dc5b140","severity":"debug","timestamp":"2026-03-25T12:07:30.837609847Z"}
{"currency":"EUR","http.req.id":"83b2e9cd-85a8-4fe5-8b6e-9e0224dbeebd","http.req.method":"GET","http.req.path":"/product/66VCHSJNUP","id":"66VCHSJNUP","message":"serving product page","session":"fcb2831f-0627-4791-ac1d-23821dc5b140","severity":"debug","timestamp":"2026-03-25T12:07:30.837698535Z"}
{"http.req.id":"877eecb0-d073-40bb-8479-6b1b6befec19","http.req.method":"GET","http.req.path":"/product/OLJCESPC7Z","http.resp.bytes":7974,"http.resp.status":200,"http.resp.took_ms":133,"message":"request complete","session":"df4ce93a-5d92-40a8-93c2-540bf11bbb4d","severity":"debug","timestamp":"2026-03-25T12:07:30.957236633Z"}
{"http.req.id":"83b2e9cd-85a8-4fe5-8b6e-9e0224dbeebd","http.req.method":"GET","http.req.path":"/product/66VCHSJNUP","http.resp.bytes":7956,"http.resp.status":200,"http.resp.took_ms":122,"message":"request complete","session":"fcb2831f-0627-4791-ac1d-23821dc5b140","severity":"debug","timestamp":"2026-03-25T12:07:30.960052919Z"}
{"http.req.id":"0ba3c746-3357-462f-8dfa-060e13659000","http.req.method":"POST","http.req.path":"/cart","message":"request started","session":"fcb2831f-0627-4791-ac1d-23821dc5b140","severity":"debug","timestamp":"2026-03-25T12:07:30.962145163Z"}
{"http.req.id":"0ba3c746-3357-462f-8dfa-060e13659000","http.req.method":"POST","http.req.path":"/cart","message":"adding to cart","product":"66VCHSJNUP","quantity":7,"session":"fcb2831f-0627-4791-ac1d-23821dc5b140","severity":"debug","timestamp":"2026-03-25T12:07:30.962352823Z"}
{"http.req.id":"0ba3c746-3357-462f-8dfa-060e13659000","http.req.method":"POST","http.req.path":"/cart","http.resp.bytes":0,"http.resp.status":302,"http.resp.took_ms":5,"message":"request complete","session":"fcb2831f-0627-4791-ac1d-23821dc5b140","severity":"debug","timestamp":"2026-03-25T12:07:30.96747599Z"}
{"http.req.id":"574e3faf-5ce9-4777-9502-7715a9d1d7ac","http.req.method":"GET","http.req.path":"/cart","message":"request started","session":"fcb2831f-0627-4791-ac1d-23821dc5b140","severity":"debug","timestamp":"2026-03-25T12:07:30.969104031Z"}
{"http.req.id":"574e3faf-5ce9-4777-9502-7715a9d1d7ac","http.req.method":"GET","http.req.path":"/cart","message":"view user cart","session":"fcb2831f-0627-4791-ac1d-23821dc5b140","severity":"debug","timestamp":"2026-03-25T12:07:30.969164304Z"}
{"http.req.id":"574e3faf-5ce9-4777-9502-7715a9d1d7ac","http.req.method":"GET","http.req.path":"/cart","http.resp.bytes":16453,"http.resp.status":200,"http.resp.took_ms":83,"message":"request complete","session":"fcb2831f-0627-4791-ac1d-23821dc5b140","severity":"debug","timestamp":"2026-03-25T12:07:31.052906179Z"}
