{"http.req.id":"37048038-aa85-4945-8767-05c170cf1e5b","http.req.method":"POST","http.req.path":"/cart/checkout","message":"order placed","order":"db08ea1c-2842-11f1-a4a0-927ce8a683d8","session":"df4ce93a-5d92-40a8-93c2-540bf11bbb4d","severity":"info","timestamp":"2026-03-25T12:05:03.330332578Z"}
{"http.req.id":"37048038-aa85-4945-8767-05c170cf1e5b","http.req.method":"POST","http.req.path":"/cart/checkout","http.resp.bytes":6731,"http.resp.status":200,"http.resp.took_ms":119,"message":"request complete","session":"df4ce93a-5d92-40a8-93c2-540bf11bbb4d","severity":"debug","timestamp":"2026-03-25T12:05:03.41234688Z"}
{"http.req.id":"95be4085-a14f-42e9-b150-5960230574a9","http.req.method":"GET","http.req.path":"/product/OLJCESPC7Z","message":"request started","session":"ecb080bf-5333-403f-9547-c8725d499228","severity":"debug","timestamp":"2026-03-25T12:05:03.886140014Z"}
{"currency":"EUR","http.req.id":"95be4085-a14f-42e9-b150-5960230574a9","http.req.method":"GET","http.req.path":"/product/OLJCESPC7Z","id":"OLJCESPC7Z","message":"serving product page","session":"ecb080bf-5333-403f-9547-c8725d499228","severity":"debug","timestamp":"2026-03-25T12:05:03.886279489Z"}
{"http.req.id":"95be4085-a14f-42e9-b150-5960230574a9","http.req.method":"GET","http.req.path":"/product/OLJCESPC7Z","http.resp.bytes":7895,"http.resp.status":200,"http.resp.took_ms":19,"message":"request complete","session":"ecb080bf-5333-403f-9547-c8725d499228","severity":"debug","timestamp":"2026-03-25T12:05:03.905493456Z"}
{"http.req.id":"00ee58a1-f476-4380-804c-c5c6b97548a3","http.req.method":"GET","http.req.path":"/_healthz","message":"request started","session":"x-readiness-probe","severity":"debug","timestamp":"2026-03-25T12:05:04.046820465Z"}
{"http.req.id":"00ee58a1-f476-4380-804c-c5c6b97548a3","http.req.method":"GET","http.req.path":"/_healthz","http.resp.bytes":2,"http.resp.status":200,"http.resp.took_ms":0,"message":"request complete","session":"x-readiness-probe","severity":"debug","timestamp":"2026-03-25T12:05:04.046942294Z"}
{"http.req.id":"600b9608-93b8-42c3-9a8b-325cbc8cc9bf","http.req.method":"POST","http.req.path":"/setCurrency","message":"request started","session":"694745d8-a179-4c65-83d6-9ed873a7b94b","severity":"debug","timestamp":"2026-03-25T12:05:04.696219252Z"}
{"curr.new":"EUR","curr.old":"JPY","http.req.id":"600b9608-93b8-42c3-9a8b-325cbc8cc9bf","http.req.method":"POST","http.req.path":"/setCurrency","message":"setting currency","session":"694745d8-a179-4c65-83d6-9ed873a7b94b","severity":"debug","timestamp":"2026-03-25T12:05:04.696359601Z"}
{"http.req.id":"600b9608-93b8-42c3-9a8b-325cbc8cc9bf","http.req.method":"POST","http.req.path":"/setCurrency","http.resp.bytes":0,"http.resp.status":302,"http.resp.took_ms":0,"message":"request complete","session":"694745d8-a179-4c65-83d6-9ed873a7b94b","severity":"debug","timestamp":"2026-03-25T12:05:04.696393958Z"}
{"http.req.id":"aa76e014-7c13-4ca1-9eec-3fe1745ceb8a","http.req.method":"GET","http.req.path":"/","message":"request started","session":"694745d8-a179-4c65-83d6-9ed873a7b94b","severity":"debug","timestamp":"2026-03-25T12:05:04.697665968Z"}
{"currency":"EUR","http.req.id":"aa76e014-7c13-4ca1-9eec-3fe1745ceb8a","http.req.method":"GET","http.req.path":"/","message":"home","session":"694745d8-a179-4c65-83d6-9ed873a7b94b","severity":"info","timestamp":"2026-03-25T12:05:04.697754269Z"}
env platform is either empty or invalid
{"http.req.id":"aa76e014-7c13-4ca1-9eec-3fe1745ceb8a","http.req.method":"GET","http.req.path":"/","message":"ENV_PLATFORM is: local","session":"694745d8-a179-4c65-83d6-9ed873a7b94b","severity":"debug","timestamp":"2026-03-25T12:05:04.718211775Z"}
{"http.req.id":"aa76e014-7c13-4ca1-9eec-3fe1745ceb8a","http.req.method":"GET","http.req.path":"/","http.resp.bytes":10491,"http.resp.status":200,"http.resp.took_ms":23,"message":"request complete","session":"694745d8-a179-4c65-83d6-9ed873a7b94b","severity":"debug","timestamp":"2026-03-25T12:05:04.721583997Z"}
{"http.req.id":"7d25e796-f06a-4076-bf68-e3822725e480","http.req.method":"GET","http.req.path":"/product/LS4PSXUNUM","message":"request started","session":"fcb2831f-0627-4791-ac1d-23821dc5b140","severity":"debug","timestamp":"2026-03-25T12:05:05.09945158Z"}
{"currency":"USD","http.req.id":"7d25e796-f06a-4076-bf68-e3822725e480","http.req.method":"GET","http.req.path":"/product/LS4PSXUNUM","id":"LS4PSXUNUM","message":"serving product page","session":"fcb2831f-0627-4791-ac1d-23821dc5b140","severity":"debug","timestamp":"2026-03-25T12:05:05.099813952Z"}
{"http.req.id":"7d25e796-f06a-4076-bf68-e3822725e480","http.req.method":"GET","http.req.path":"/product/LS4PSXUNUM","http.resp.bytes":7984,"http.resp.status":200,"http.resp.took_ms":17,"message":"request complete","session":"fcb2831f-0627-4791-ac1d-23821dc5b140","severity":"debug","timestamp":"2026-03-25T12:05:05.116574549Z"}
{"http.req.id":"48d0299f-ed43-489c-bf43-a99ecdfa5173","http.req.method":"POST","http.req.path":"/setCurrency","message":"request started","session":"32217267-98ca-4d66-9fc8-3f088b8def0f","severity":"debug","timestamp":"2026-03-25T12:05:08.363992923Z"}
{"curr.new":"GBP","curr.old":"CAD","http.req.id":"48d0299f-ed43-489c-bf43-a99ecdfa5173","http.req.method":"POST","http.req.path":"/setCurrency","message":"setting currency","session":"32217267-98ca-4d66-9fc8-3f088b8def0f","severity":"debug","timestamp":"2026-03-25T12:05:08.364142824Z"}
{"http.req.id":"48d0299f-ed43-489c-bf43-a99ecdfa5173","http.req.method":"POST","http.req.path":"/setCurrency","http.resp.bytes":0,"http.resp.status":302,"http.resp.took_ms":0,"message":"request complete","session":"32217267-98ca-4d66-9fc8-3f088b8def0f","severity":"debug","timestamp":"2026-03-25T12:05:08.364181291Z"}
{"http.req.id":"6b0c8e74-09f8-43ec-87ff-2f908f3087db","http.req.method":"GET","http.req.path":"/","message":"request started","session":"32217267-98ca-4d66-9fc8-3f088b8def0f","severity":"debug","timestamp":"2026-03-25T12:05:08.36553077Z"}
{"currency":"GBP","http.req.id":"6b0c8e74-09f8-43ec-87ff-2f908f3087db","http.req.method":"GET","http.req.path":"/","message":"home","session":"32217267-98ca-4d66-9fc8-3f088b8def0f","severity":"info","timestamp":"2026-03-25T12:05:08.365617884Z"}
env platform is either empty or invalid
{"http.req.id":"6b0c8e74-09f8-43ec-87ff-2f908f3087db","http.req.method":"GET","http.req.path":"/","message":"ENV_PLATFORM is: local","session":"32217267-98ca-4d66-9fc8-3f088b8def0f","severity":"debug","timestamp":"2026-03-25T12:05:08.394435958Z"}
{"http.req.id":"6b0c8e74-09f8-43ec-87ff-2f908f3087db","http.req.method":"GET","http.req.path":"/","http.resp.bytes":10392,"http.resp.status":200,"http.resp.took_ms":97,"message":"request complete","session":"32217267-98ca-4d66-9fc8-3f088b8def0f","severity":"debug","timestamp":"2026-03-25T12:05:08.464277556Z"}
{"http.req.id":"8ecf773c-9eae-4e9a-a2f3-43a1acea3559","http.req.method":"GET","http.req.path":"/product/0PUK6V6EV0","message":"request started","session":"ecb080bf-5333-403f-9547-c8725d499228","severity":"debug","timestamp":"2026-03-25T12:05:09.719834634Z"}
{"currency":"EUR","http.req.id":"8ecf773c-9eae-4e9a-a2f3-43a1acea3559","http.req.method":"GET","http.req.path":"/product/0PUK6V6EV0","id":"0PUK6V6EV0","message":"serving product page","session":"ecb080bf-5333-403f-9547-c8725d499228","severity":"debug","timestamp":"2026-03-25T12:05:09.719948714Z"}
{"http.req.id":"8ecf773c-9eae-4e9a-a2f3-43a1acea3559","http.req.method":"GET","http.req.path":"/product/0PUK6V6EV0","http.resp.bytes":7934,"http.resp.status":200,"http.resp.took_ms":14,"message":"request complete","session":"ecb080bf-5333-403f-9547-c8725d499228","severity":"debug","timestamp":"2026-03-25T12:05:09.7342135Z"}
{"http.req.id":"86c596e6-2c81-4390-92e2-169e7f16cbb9","http.req.method":"GET","http.req.path":"/product/1YMWWN1N4O","message":"request started","session":"694745d8-a179-4c65-83d6-9ed873a7b94b","severity":"debug","timestamp":"2026-03-25T12:05:10.964644295Z"}
{"currency":"EUR","http.req.id":"86c596e6-2c81-4390-92e2-169e7f16cbb9","http.req.method":"GET","http.req.path":"/product/1YMWWN1N4O","id":"1YMWWN1N4O","message":"serving product page","session":"694745d8-a179-4c65-83d6-9ed873a7b94b","severity":"debug","timestamp":"2026-03-25T12:05:10.964735404Z"}
{"http.req.id":"86c596e6-2c81-4390-92e2-169e7f16cbb9","http.req.method":"GET","http.req.path":"/product/1YMWWN1N4O","http.resp.bytes":8006,"http.resp.status":200,"http.resp.took_ms":19,"message":"request complete","session":"694745d8-a179-4c65-83d6-9ed873a7b94b","severity":"debug","timestamp":"2026-03-25T12:05:10.984587424Z"}
{"http.req.id":"f526c4f3-eef3-402d-98e0-93be3f8ad3ca","http.req.method":"GET","http.req.path":"/product/6E92ZMYYFZ","message":"request started","session":"32217267-98ca-4d66-9fc8-3f088b8def0f","severity":"debug","timestamp":"2026-03-25T12:05:11.45980468Z"}
{"currency":"GBP","http.req.id":"f526c4f3-eef3-402d-98e0-93be3f8ad3ca","http.req.method":"GET","http.req.path":"/product/6E92ZMYYFZ","id":"6E92ZMYYFZ","message":"serving product page","session":"32217267-98ca-4d66-9fc8-3f088b8def0f","severity":"debug","timestamp":"2026-03-25T12:05:11.459901093Z"}
{"http.req.id":"f526c4f3-eef3-402d-98e0-93be3f8ad3ca","http.req.method":"GET","http.req.path":"/product/6E92ZMYYFZ","http.resp.bytes":7869,"http.resp.status":200,"http.resp.took_ms":35,"message":"request complete","session":"32217267-98ca-4d66-9fc8-3f088b8def0f","severity":"debug","timestamp":"2026-03-25T12:05:11.495263478Z"}
{"http.req.id":"01521318-d93c-4e49-b0c3-c4760a2bb413","http.req.method":"GET","http.req.path":"/product/2ZYFJ3GM2N","message":"request started","session":"2d3bf3d7-22b5-49c9-8227-12126292f393","severity":"debug","timestamp":"2026-03-25T12:05:11.562892127Z"}
{"currency":"TRY","http.req.id":"01521318-d93c-4e49-b0c3-c4760a2bb413","http.req.method":"GET","http.req.path":"/product/2ZYFJ3GM2N","id":"2ZYFJ3GM2N","message":"serving product page","session":"2d3bf3d7-22b5-49c9-8227-12126292f393","severity":"debug","timestamp":"2026-03-25T12:05:11.563072357Z"}
{"http.req.id":"01521318-d93c-4e49-b0c3-c4760a2bb413","http.req.method":"GET","http.req.path":"/product/2ZYFJ3GM2N","http.resp.bytes":7897,"http.resp.status":200,"http.resp.took_ms":198,"message":"request complete","session":"2d3bf3d7-22b5-49c9-8227-12126292f393","severity":"debug","timestamp":"2026-03-25T12:05:11.761245022Z"}
{"http.req.id":"6e35140a-bc3e-454f-b527-01af009e5f8e","http.req.method":"GET","http.req.path":"/_healthz","message":"request started","session":"x-liveness-probe","severity":"debug","timestamp":"2026-03-25T12:05:12.366723149Z"}
{"http.req.id":"6e35140a-bc3e-454f-b527-01af009e5f8e","http.req.method":"GET","http.req.path":"/_healthz","http.resp.bytes":2,"http.resp.status":200,"http.resp.took_ms":0,"message":"request complete","session":"x-liveness-probe","severity":"debug","timestamp":"2026-03-25T12:05:12.366888426Z"}
{"http.req.id":"ccb4c628-af07-4522-80c4-b8937fef6817","http.req.method":"GET","http.req.path":"/product/1YMWWN1N4O","message":"request started","session":"827eab86-1aba-4a15-8740-5fee5900d10f","severity":"debug","timestamp":"2026-03-25T12:05:12.628376865Z"}
{"currency":"USD","http.req.id":"ccb4c628-af07-4522-80c4-b8937fef6817","http.req.method":"GET","http.req.path":"/product/1YMWWN1N4O","id":"1YMWWN1N4O","message":"serving product page","session":"827eab86-1aba-4a15-8740-5fee5900d10f","severity":"debug","timestamp":"2026-03-25T12:05:12.628487987Z"}
{"http.req.id":"ccb4c628-af07-4522-80c4-b8937fef6817","http.req.method":"GET","http.req.path":"/product/1YMWWN1N4O","http.resp.bytes":8000,"http.resp.status":200,"http.resp.took_ms":21,"message":"request complete","session":"827eab86-1aba-4a15-8740-5fee5900d10f","severity":"debug","timestamp":"2026-03-25T12:05:12.650327851Z"}
{"http.req.id":"79a167d6-0b7d-403c-9f73-a9c095d8d12d","http.req.method":"GET","http.req.path":"/product/L9ECAV7KIM","message":"request started","session":"513dd945-739c-4fe3-8e54-6e6927fbb733","severity":"debug","timestamp":"2026-03-25T12:05:12.877104123Z"}
{"currency":"USD","http.req.id":"79a167d6-0b7d-403c-9f73-a9c095d8d12d","http.req.method":"GET","http.req.path":"/product/L9ECAV7KIM","id":"L9ECAV7KIM","message":"serving product page","session":"513dd945-739c-4fe3-8e54-6e6927fbb733","severity":"debug","timestamp":"2026-03-25T12:05:12.877222738Z"}
{"http.req.id":"79a167d6-0b7d-403c-9f73-a9c095d8d12d","http.req.method":"GET","http.req.path":"/product/L9ECAV7KIM","http.resp.bytes":7952,"http.resp.status":200,"http.resp.took_ms":19,"message":"request complete","session":"513dd945-739c-4fe3-8e54-6e6927fbb733","severity":"debug","timestamp":"2026-03-25T12:05:12.897002231Z"}
{"http.req.id":"bac2cf6b-5cd7-4638-9e37-280326b075c5","http.req.method":"GET","http.req.path":"/product/0PUK6V6EV0","message":"request started","session":"514e00c6-206e-4c6e-873f-852b796455de","severity":"debug","timestamp":"2026-03-25T12:05:13.305997937Z"}
{"currency":"EUR","http.req.id":"bac2cf6b-5cd7-4638-9e37-280326b075c5","http.req.method":"GET","http.req.path":"/product/0PUK6V6EV0","id":"0PUK6V6EV0","message":"serving product page","session":"514e00c6-206e-4c6e-873f-852b796455de","severity":"debug","timestamp":"2026-03-25T12:05:13.306114126Z"}
{"http.req.id":"bac2cf6b-5cd7-4638-9e37-280326b075c5","http.req.method":"GET","http.req.path":"/product/0PUK6V6EV0","http.resp.bytes":7971,"http.resp.status":200,"http.resp.took_ms":26,"message":"request complete","session":"514e00c6-206e-4c6e-873f-852b796455de","severity":"debug","timestamp":"2026-03-25T12:05:13.332183573Z"}
{"http.req.id":"66bcc1b6-b9bd-4992-adf4-d45a29d95c5d","http.req.method":"GET","http.req.path":"/product/0PUK6V6EV0","message":"request started","session":"df4ce93a-5d92-40a8-93c2-540bf11bbb4d","severity":"debug","timestamp":"2026-03-25T12:05:13.969626108Z"}
{"currency":"USD","http.req.id":"66bcc1b6-b9bd-4992-adf4-d45a29d95c5d","http.req.method":"GET","http.req.path":"/product/0PUK6V6EV0","id":"0PUK6V6EV0","message":"serving product page","session":"df4ce93a-5d92-40a8-93c2-540bf11bbb4d","severity":"debug","timestamp":"2026-03-25T12:05:13.969739816Z"}
{"http.req.id":"66bcc1b6-b9bd-4992-adf4-d45a29d95c5d","http.req.method":"GET","http.req.path":"/product/0PUK6V6EV0","http.resp.bytes":7866,"http.resp.status":200,"http.resp.took_ms":21,"message":"request complete","session":"df4ce93a-5d92-40a8-93c2-540bf11bbb4d","severity":"debug","timestamp":"2026-03-25T12:05:13.991346878Z"}
{"http.req.id":"536060ab-3d37-4e7e-bb5c-60ca99f56134","http.req.method":"GET","http.req.path":"/product/1YMWWN1N4O","message":"request started","session":"a38c2610-1665-4c93-8051-4c451f5de325","severity":"debug","timestamp":"2026-03-25T12:05:14.392895677Z"}
{"currency":"TRY","http.req.id":"536060ab-3d37-4e7e-bb5c-60ca99f56134","http.req.method":"GET","http.req.path":"/product/1YMWWN1N4O","id":"1YMWWN1N4O","message":"serving product page","session":"a38c2610-1665-4c93-8051-4c451f5de325","severity":"debug","timestamp":"2026-03-25T12:05:14.392999123Z"}
{"http.req.id":"536060ab-3d37-4e7e-bb5c-60ca99f56134","http.req.method":"GET","http.req.path":"/product/1YMWWN1N4O","http.resp.bytes":7986,"http.resp.status":200,"http.resp.took_ms":23,"message":"request complete","session":"a38c2610-1665-4c93-8051-4c451f5de325","severity":"debug","timestamp":"2026-03-25T12:05:14.416235933Z"}
{"http.req.id":"ca2eec80-9e21-4c4f-bc96-9a2e491f825b","http.req.method":"GET","http.req.path":"/product/9SIQT8TOJO","message":"request started","session":"ecb080bf-5333-403f-9547-c8725d499228","severity":"debug","timestamp":"2026-03-25T12:05:14.850257666Z"}
{"currency":"EUR","http.req.id":"ca2eec80-9e21-4c4f-bc96-9a2e491f825b","http.req.method":"GET","http.req.path":"/product/9SIQT8TOJO","id":"9SIQT8TOJO","message":"serving product page","session":"ecb080bf-5333-403f-9547-c8725d499228","severity":"debug","timestamp":"2026-03-25T12:05:14.850375864Z"}
{"http.req.id":"ca2eec80-9e21-4c4f-bc96-9a2e491f825b","http.req.method":"GET","http.req.path":"/product/9SIQT8TOJO","http.resp.bytes":7934,"http.resp.status":200,"http.resp.took_ms":20,"message":"request complete","session":"ecb080bf-5333-403f-9547-c8725d499228","severity":"debug","timestamp":"2026-03-25T12:05:14.870526454Z"}
{"http.req.id":"6d9113d9-7a1e-4dd2-8466-012938e8973a","http.req.method":"GET","http.req.path":"/_healthz","message":"request started","session":"x-readiness-probe","severity":"debug","timestamp":"2026-03-25T12:05:15.619498318Z"}
{"http.req.id":"6d9113d9-7a1e-4dd2-8466-012938e8973a","http.req.method":"GET","http.req.path":"/_healthz","http.resp.bytes":2,"http.resp.status":200,"http.resp.took_ms":0,"message":"request complete","session":"x-readiness-probe","severity":"debug","timestamp":"2026-03-25T12:05:15.619932512Z"}
{"http.req.id":"0129c1fa-7c7d-477f-9c67-09f5498b7d63","http.req.method":"GET","http.req.path":"/cart","message":"request started","session":"fcb2831f-0627-4791-ac1d-23821dc5b140","severity":"debug","timestamp":"2026-03-25T12:05:15.95478042Z"}
{"http.req.id":"0129c1fa-7c7d-477f-9c67-09f5498b7d63","http.req.method":"GET","http.req.path":"/cart","message":"view user cart","session":"fcb2831f-0627-4791-ac1d-23821dc5b140","severity":"debug","timestamp":"2026-03-25T12:05:15.954875569Z"}
{"http.req.id":"0129c1fa-7c7d-477f-9c67-09f5498b7d63","http.req.method":"GET","http.req.path":"/cart","http.resp.bytes":16405,"http.resp.status":200,"http.resp.took_ms":20,"message":"request complete","session":"fcb2831f-0627-4791-ac1d-23821dc5b140","severity":"debug","timestamp":"2026-03-25T12:05:15.9749309Z"}
{"http.req.id":"3c62ac18-3243-4d0b-844f-c04477d18b61","http.req.method":"GET","http.req.path":"/product/OLJCESPC7Z","message":"request started","session":"32217267-98ca-4d66-9fc8-3f088b8def0f","severity":"debug","timestamp":"2026-03-25T12:05:16.466359201Z"}
{"currency":"GBP","http.req.id":"3c62ac18-3243-4d0b-844f-c04477d18b61","http.req.method":"GET","http.req.path":"/product/OLJCESPC7Z","id":"OLJCESPC7Z","message":"serving product page","session":"32217267-98ca-4d66-9fc8-3f088b8def0f","severity":"debug","timestamp":"2026-03-25T12:05:16.46646125Z"}
{"http.req.id":"3c62ac18-3243-4d0b-844f-c04477d18b61","http.req.method":"GET","http.req.path":"/product/OLJCESPC7Z","http.resp.bytes":7939,"http.resp.status":200,"http.resp.took_ms":17,"message":"request complete","session":"32217267-98ca-4d66-9fc8-3f088b8def0f","severity":"debug","timestamp":"2026-03-25T12:05:16.484105486Z"}
{"http.req.id":"49411f41-569c-4e6a-a847-15916872ad49","http.req.method":"GET","http.req.path":"/product/2ZYFJ3GM2N","message":"request started","session":"694745d8-a179-4c65-83d6-9ed873a7b94b","severity":"debug","timestamp":"2026-03-25T12:05:17.258457706Z"}
{"currency":"EUR","http.req.id":"49411f41-569c-4e6a-a847-15916872ad49","http.req.method":"GET","http.req.path":"/product/2ZYFJ3GM2N","id":"2ZYFJ3GM2N","message":"serving product page","session":"694745d8-a179-4c65-83d6-9ed873a7b94b","severity":"debug","timestamp":"2026-03-25T12:05:17.258587883Z"}
{"http.req.id":"49411f41-569c-4e6a-a847-15916872ad49","http.req.method":"GET","http.req.path":"/product/2ZYFJ3GM2N","http.resp.bytes":8001,"http.resp.status":200,"http.resp.took_ms":23,"message":"request complete","session":"694745d8-a179-4c65-83d6-9ed873a7b94b","severity":"debug","timestamp":"2026-03-25T12:05:17.282348494Z"}
{"http.req.id":"da7fbb68-8703-4ee4-9b66-6d23e6a470fc","http.req.method":"GET","http.req.path":"/cart","message":"request started","session":"514e00c6-206e-4c6e-873f-852b796455de","severity":"debug","timestamp":"2026-03-25T12:05:18.949521044Z"}
{"http.req.id":"da7fbb68-8703-4ee4-9b66-6d23e6a470fc","http.req.method":"GET","http.req.path":"/cart","message":"view user cart","session":"514e00c6-206e-4c6e-873f-852b796455de","severity":"debug","timestamp":"2026-03-25T12:05:18.949588294Z"}
{"http.req.id":"da7fbb68-8703-4ee4-9b66-6d23e6a470fc","http.req.method":"GET","http.req.path":"/cart","http.resp.bytes":16373,"http.resp.status":200,"http.resp.took_ms":25,"message":"request complete","session":"514e00c6-206e-4c6e-873f-852b796455de","severity":"debug","timestamp":"2026-03-25T12:05:18.97547746Z"}
{"http.req.id":"39a91746-ca12-4060-a10b-bdf40fac1995","http.req.method":"GET","http.req.path":"/product/9SIQT8TOJO","message":"request started","session":"fcb2831f-0627-4791-ac1d-23821dc5b140","severity":"debug","timestamp":"2026-03-25T12:05:19.232904649Z"}
{"currency":"USD","http.req.id":"39a91746-ca12-4060-a10b-bdf40fac1995","http.req.method":"GET","http.req.path":"/product/9SIQT8TOJO","id":"9SIQT8TOJO","message":"serving product page","session":"fcb2831f-0627-4791-ac1d-23821dc5b140","severity":"debug","timestamp":"2026-03-25T12:05:19.233008565Z"}
{"http.req.id":"39a91746-ca12-4060-a10b-bdf40fac1995","http.req.method":"GET","http.req.path":"/product/9SIQT8TOJO","http.resp.bytes":7997,"http.resp.status":200,"http.resp.took_ms":19,"message":"request complete","session":"fcb2831f-0627-4791-ac1d-23821dc5b140","severity":"debug","timestamp":"2026-03-25T12:05:19.252553766Z"}
{"http.req.id":"d612551f-9b7a-455d-b37f-21e7134e1f58","http.req.method":"GET","http.req.path":"/cart","message":"request started","session":"513dd945-739c-4fe3-8e54-6e6927fbb733","severity":"debug","timestamp":"2026-03-25T12:05:20.356275813Z"}
{"http.req.id":"d612551f-9b7a-455d-b37f-21e7134e1f58","http.req.method":"GET","http.req.path":"/cart","message":"view user cart","session":"513dd945-739c-4fe3-8e54-6e6927fbb733","severity":"debug","timestamp":"2026-03-25T12:05:20.356376614Z"}
{"http.req.id":"d612551f-9b7a-455d-b37f-21e7134e1f58","http.req.method":"GET","http.req.path":"/cart","http.resp.bytes":22104,"http.resp.status":200,"http.resp.took_ms":32,"message":"request complete","session":"513dd945-739c-4fe3-8e54-6e6927fbb733","severity":"debug","timestamp":"2026-03-25T12:05:20.389248178Z"}
{"http.req.id":"80b0b146-4472-4e58-9417-eb50820b6631","http.req.method":"GET","http.req.path":"/cart","message":"request started","session":"fcb2831f-0627-4791-ac1d-23821dc5b140","severity":"debug","timestamp":"2026-03-25T12:05:20.777566149Z"}
{"http.req.id":"80b0b146-4472-4e58-9417-eb50820b6631","http.req.method":"GET","http.req.path":"/cart","message":"view user cart","session":"fcb2831f-0627-4791-ac1d-23821dc5b140","severity":"debug","timestamp":"2026-03-25T12:05:20.77765493Z"}
{"http.req.id":"80b0b146-4472-4e58-9417-eb50820b6631","http.req.method":"GET","http.req.path":"/cart","http.resp.bytes":16415,"http.resp.status":200,"http.resp.took_ms":18,"message":"request complete","session":"fcb2831f-0627-4791-ac1d-23821dc5b140","severity":"debug","timestamp":"2026-03-25T12:05:20.796442394Z"}
{"http.req.id":"0d5b2a92-7c80-463d-a8c5-4aa2e257408a","http.req.method":"GET","http.req.path":"/product/1YMWWN1N4O","message":"request started","session":"df4ce93a-5d92-40a8-93c2-540bf11bbb4d","severity":"debug","timestamp":"2026-03-25T12:05:21.161250176Z"}
{"currency":"USD","http.req.id":"0d5b2a92-7c80-463d-a8c5-4aa2e257408a","http.req.method":"GET","http.req.path":"/product/1YMWWN1N4O","id":"1YMWWN1N4O","message":"serving product page","session":"df4ce93a-5d92-40a8-93c2-540bf11bbb4d","severity":"debug","timestamp":"2026-03-25T12:05:21.161413109Z"}
{"http.req.id":"0d5b2a92-7c80-463d-a8c5-4aa2e257408a","http.req.method":"GET","http.req.path":"/product/1YMWWN1N4O","http.resp.bytes":7928,"http.resp.status":200,"http.resp.took_ms":100,"message":"request complete","session":"df4ce93a-5d92-40a8-93c2-540bf11bbb4d","severity":"debug","timestamp":"2026-03-25T12:05:21.261469088Z"}
{"http.req.id":"a023ed36-ad27-4e79-939c-e8a1e5d8b43c","http.req.method":"GET","http.req.path":"/product/6E92ZMYYFZ","message":"request started","session":"2d3bf3d7-22b5-49c9-8227-12126292f393","severity":"debug","timestamp":"2026-03-25T12:05:21.461915621Z"}
{"currency":"TRY","http.req.id":"a023ed36-ad27-4e79-939c-e8a1e5d8b43c","http.req.method":"GET","http.req.path":"/product/6E92ZMYYFZ","id":"6E92ZMYYFZ","message":"serving product page","session":"2d3bf3d7-22b5-49c9-8227-12126292f393","severity":"debug","timestamp":"2026-03-25T12:05:21.461986143Z"}
{"http.req.id":"a023ed36-ad27-4e79-939c-e8a1e5d8b43c","http.req.method":"GET","http.req.path":"/product/6E92ZMYYFZ","http.resp.bytes":7868,"http.resp.status":200,"http.resp.took_ms":19,"message":"request complete","session":"2d3bf3d7-22b5-49c9-8227-12126292f393","severity":"debug","timestamp":"2026-03-25T12:05:21.480970626Z"}
{"http.req.id":"c6198c58-645f-4b96-8764-1d72fc42d813","http.req.method":"GET","http.req.path":"/product/9SIQT8TOJO","message":"request started","session":"694745d8-a179-4c65-83d6-9ed873a7b94b","severity":"debug","timestamp":"2026-03-25T12:05:21.505136192Z"}
{"currency":"EUR","http.req.id":"c6198c58-645f-4b96-8764-1d72fc42d813","http.req.method":"GET","http.req.path":"/product/9SIQT8TOJO","id":"9SIQT8TOJO","message":"serving product page","session":"694745d8-a179-4c65-83d6-9ed873a7b94b","severity":"debug","timestamp":"2026-03-25T12:05:21.505237379Z"}
{"http.req.id":"c6198c58-645f-4b96-8764-1d72fc42d813","http.req.method":"GET","http.req.path":"/product/9SIQT8TOJO","http.resp.bytes":8011,"http.resp.status":200,"http.resp.took_ms":56,"message":"request complete","session":"694745d8-a179-4c65-83d6-9ed873a7b94b","severity":"debug","timestamp":"2026-03-25T12:05:21.561333125Z"}
{"http.req.id":"58c44c3f-3cd1-4bef-b5f7-54879f56c4ee","http.req.method":"GET","http.req.path":"/_healthz","message":"request started","session":"x-liveness-probe","severity":"debug","timestamp":"2026-03-25T12:05:22.366724106Z"}
{"http.req.id":"58c44c3f-3cd1-4bef-b5f7-54879f56c4ee","http.req.method":"GET","http.req.path":"/_healthz","http.resp.bytes":2,"http.resp.status":200,"http.resp.took_ms":0,"message":"request complete","session":"x-liveness-probe","severity":"debug","timestamp":"2026-03-25T12:05:22.366817609Z"}
{"http.req.id":"5b60b59c-8f58-4ea7-beb3-b949199a3e5e","http.req.method":"GET","http.req.path":"/product/9SIQT8TOJO","message":"request started","session":"827eab86-1aba-4a15-8740-5fee5900d10f","severity":"debug","timestamp":"2026-03-25T12:05:22.608610341Z"}
{"currency":"USD","http.req.id":"5b60b59c-8f58-4ea7-beb3-b949199a3e5e","http.req.method":"GET","http.req.path":"/product/9SIQT8TOJO","id":"9SIQT8TOJO","message":"serving product page","session":"827eab86-1aba-4a15-8740-5fee5900d10f","severity":"debug","timestamp":"2026-03-25T12:05:22.608716866Z"}
{"http.req.id":"5b60b59c-8f58-4ea7-beb3-b949199a3e5e","http.req.method":"GET","http.req.path":"/product/9SIQT8TOJO","http.resp.bytes":8010,"http.resp.status":200,"http.resp.took_ms":20,"message":"request complete","session":"827eab86-1aba-4a15-8740-5fee5900d10f","severity":"debug","timestamp":"2026-03-25T12:05:22.629200842Z"}
{"http.req.id":"6fb1f2df-0151-408e-8f7b-7a295a55633e","http.req.method":"GET","http.req.path":"/","message":"request started","session":"a38c2610-1665-4c93-8051-4c451f5de325","severity":"debug","timestamp":"2026-03-25T12:05:22.793665024Z"}
{"currency":"TRY","http.req.id":"6fb1f2df-0151-408e-8f7b-7a295a55633e","http.req.method":"GET","http.req.path":"/","message":"home","session":"a38c2610-1665-4c93-8051-4c451f5de325","severity":"info","timestamp":"2026-03-25T12:05:22.793758553Z"}
env platform is either empty or invalid
{"http.req.id":"6fb1f2df-0151-408e-8f7b-7a295a55633e","http.req.method":"GET","http.req.path":"/","message":"ENV_PLATFORM is: local","session":"a38c2610-1665-4c93-8051-4c451f5de325","severity":"debug","timestamp":"2026-03-25T12:05:22.841269443Z"}
{"http.req.id":"6fb1f2df-0151-408e-8f7b-7a295a55633e","http.req.method":"GET","http.req.path":"/","http.resp.bytes":10501,"http.resp.status":200,"http.resp.took_ms":50,"message":"request complete","session":"a38c2610-1665-4c93-8051-4c451f5de325","severity":"debug","timestamp":"2026-03-25T12:05:22.844097202Z"}
