{"http.req.id":"d461bb4d-4e3f-4bd6-b36f-96381f36dbc7","http.req.method":"GET","http.req.path":"/_healthz","message":"request started","session":"x-readiness-probe","severity":"debug","timestamp":"2026-03-06T06:21:35.520151447Z"}
{"http.req.id":"d461bb4d-4e3f-4bd6-b36f-96381f36dbc7","http.req.method":"GET","http.req.path":"/_healthz","http.resp.bytes":2,"http.resp.status":200,"http.resp.took_ms":0,"message":"request complete","session":"x-readiness-probe","severity":"debug","timestamp":"2026-03-06T06:21:35.520238618Z"}
{"http.req.id":"8e233c32-6656-43d4-823b-d084ad9ffee3","http.req.method":"GET","http.req.path":"/product/LS4PSXUNUM","message":"request started","session":"0994b18b-93e7-4775-a2c5-e29dc0e6d5bb","severity":"debug","timestamp":"2026-03-06T06:21:36.200960055Z"}
{"currency":"USD","http.req.id":"8e233c32-6656-43d4-823b-d084ad9ffee3","http.req.method":"GET","http.req.path":"/product/LS4PSXUNUM","id":"LS4PSXUNUM","message":"serving product page","session":"0994b18b-93e7-4775-a2c5-e29dc0e6d5bb","severity":"debug","timestamp":"2026-03-06T06:21:36.201058977Z"}
{"http.req.id":"8e233c32-6656-43d4-823b-d084ad9ffee3","http.req.method":"GET","http.req.path":"/product/LS4PSXUNUM","http.resp.bytes":7949,"http.resp.status":200,"http.resp.took_ms":19,"message":"request complete","session":"0994b18b-93e7-4775-a2c5-e29dc0e6d5bb","severity":"debug","timestamp":"2026-03-06T06:21:36.220085362Z"}
{"http.req.id":"5ab33fd0-8bea-4eef-856c-777f070ae559","http.req.method":"GET","http.req.path":"/product/OLJCESPC7Z","message":"request started","session":"3e105862-e07a-48bd-9f67-033f05224f8f","severity":"debug","timestamp":"2026-03-06T06:21:36.524949013Z"}
{"currency":"TRY","http.req.id":"5ab33fd0-8bea-4eef-856c-777f070ae559","http.req.method":"GET","http.req.path":"/product/OLJCESPC7Z","id":"OLJCESPC7Z","message":"serving product page","session":"3e105862-e07a-48bd-9f67-033f05224f8f","severity":"debug","timestamp":"2026-03-06T06:21:36.525036974Z"}
{"http.req.id":"5ab33fd0-8bea-4eef-856c-777f070ae559","http.req.method":"GET","http.req.path":"/product/OLJCESPC7Z","http.resp.bytes":8063,"http.resp.status":200,"http.resp.took_ms":18,"message":"request complete","session":"3e105862-e07a-48bd-9f67-033f05224f8f","severity":"debug","timestamp":"2026-03-06T06:21:36.543032475Z"}
{"http.req.id":"3e96da8c-a67b-4205-911f-43b9b30e1d3f","http.req.method":"POST","http.req.path":"/setCurrency","message":"request started","session":"89995d91-ad5c-4838-8317-c04497a5d805","severity":"debug","timestamp":"2026-03-06T06:21:37.338276576Z"}
{"curr.new":"GBP","curr.old":"GBP","http.req.id":"3e96da8c-a67b-4205-911f-43b9b30e1d3f","http.req.method":"POST","http.req.path":"/setCurrency","message":"setting currency","session":"89995d91-ad5c-4838-8317-c04497a5d805","severity":"debug","timestamp":"2026-03-06T06:21:37.338487412Z"}
{"http.req.id":"3e96da8c-a67b-4205-911f-43b9b30e1d3f","http.req.method":"POST","http.req.path":"/setCurrency","http.resp.bytes":0,"http.resp.status":302,"http.resp.took_ms":0,"message":"request complete","session":"89995d91-ad5c-4838-8317-c04497a5d805","severity":"debug","timestamp":"2026-03-06T06:21:37.33854343Z"}
{"http.req.id":"a8a18da8-57ba-48e2-b054-ae425f65b5b5","http.req.method":"GET","http.req.path":"/","message":"request started","session":"89995d91-ad5c-4838-8317-c04497a5d805","severity":"debug","timestamp":"2026-03-06T06:21:37.339962377Z"}
{"currency":"GBP","http.req.id":"a8a18da8-57ba-48e2-b054-ae425f65b5b5","http.req.method":"GET","http.req.path":"/","message":"home","session":"89995d91-ad5c-4838-8317-c04497a5d805","severity":"info","timestamp":"2026-03-06T06:21:37.340041969Z"}
{"http.req.id":"df38fa9f-41b1-4778-9fe0-342b9a01c476","http.req.method":"POST","http.req.path":"/setCurrency","message":"request started","session":"b1a1fb98-93d6-41f8-9605-e0c8a82d1d3c","severity":"debug","timestamp":"2026-03-06T06:21:37.345798697Z"}
{"curr.new":"CAD","curr.old":"JPY","http.req.id":"df38fa9f-41b1-4778-9fe0-342b9a01c476","http.req.method":"POST","http.req.path":"/setCurrency","message":"setting currency","session":"b1a1fb98-93d6-41f8-9605-e0c8a82d1d3c","severity":"debug","timestamp":"2026-03-06T06:21:37.345980574Z"}
{"http.req.id":"df38fa9f-41b1-4778-9fe0-342b9a01c476","http.req.method":"POST","http.req.path":"/setCurrency","http.resp.bytes":0,"http.resp.status":302,"http.resp.took_ms":0,"message":"request complete","session":"b1a1fb98-93d6-41f8-9605-e0c8a82d1d3c","severity":"debug","timestamp":"2026-03-06T06:21:37.346121503Z"}
{"http.req.id":"8473b5e5-b0ed-4943-870e-dc55bbf6e28d","http.req.method":"GET","http.req.path":"/","message":"request started","session":"b1a1fb98-93d6-41f8-9605-e0c8a82d1d3c","severity":"debug","timestamp":"2026-03-06T06:21:37.347237653Z"}
{"currency":"CAD","http.req.id":"8473b5e5-b0ed-4943-870e-dc55bbf6e28d","http.req.method":"GET","http.req.path":"/","message":"home","session":"b1a1fb98-93d6-41f8-9605-e0c8a82d1d3c","severity":"info","timestamp":"2026-03-06T06:21:37.347327402Z"}
env platform is either empty or invalid
{"http.req.id":"a8a18da8-57ba-48e2-b054-ae425f65b5b5","http.req.method":"GET","http.req.path":"/","message":"ENV_PLATFORM is: local","session":"89995d91-ad5c-4838-8317-c04497a5d805","severity":"debug","timestamp":"2026-03-06T06:21:37.366808251Z"}
{"http.req.id":"a8a18da8-57ba-48e2-b054-ae425f65b5b5","http.req.method":"GET","http.req.path":"/","http.resp.bytes":10508,"http.resp.status":200,"http.resp.took_ms":29,"message":"request complete","session":"89995d91-ad5c-4838-8317-c04497a5d805","severity":"debug","timestamp":"2026-03-06T06:21:37.369237159Z"}
env platform is either empty or invalid
{"http.req.id":"8473b5e5-b0ed-4943-870e-dc55bbf6e28d","http.req.method":"GET","http.req.path":"/","message":"ENV_PLATFORM is: local","session":"b1a1fb98-93d6-41f8-9605-e0c8a82d1d3c","severity":"debug","timestamp":"2026-03-06T06:21:37.370682876Z"}
{"http.req.id":"8473b5e5-b0ed-4943-870e-dc55bbf6e28d","http.req.method":"GET","http.req.path":"/","http.resp.bytes":10501,"http.resp.status":200,"http.resp.took_ms":25,"message":"request complete","session":"b1a1fb98-93d6-41f8-9605-e0c8a82d1d3c","severity":"debug","timestamp":"2026-03-06T06:21:37.372611743Z"}
{"http.req.id":"568bfb4b-3810-4fb9-9238-5c60d2e07efc","http.req.method":"GET","http.req.path":"/product/66VCHSJNUP","message":"request started","session":"fa2d8e54-c567-4c66-b702-8bb183ef4a46","severity":"debug","timestamp":"2026-03-06T06:21:38.026789989Z"}
{"currency":"TRY","http.req.id":"568bfb4b-3810-4fb9-9238-5c60d2e07efc","http.req.method":"GET","http.req.path":"/product/66VCHSJNUP","id":"66VCHSJNUP","message":"serving product page","session":"fa2d8e54-c567-4c66-b702-8bb183ef4a46","severity":"debug","timestamp":"2026-03-06T06:21:38.026921121Z"}
{"http.req.id":"a4d2bf8a-0f0f-4c57-b100-00e3c5d7f7a7","http.req.method":"GET","http.req.path":"/product/2ZYFJ3GM2N","message":"request started","session":"ec0b6821-5225-4ee8-8ec0-1e3bbbdffabb","severity":"debug","timestamp":"2026-03-06T06:21:38.036546459Z"}
{"currency":"EUR","http.req.id":"a4d2bf8a-0f0f-4c57-b100-00e3c5d7f7a7","http.req.method":"GET","http.req.path":"/product/2ZYFJ3GM2N","id":"2ZYFJ3GM2N","message":"serving product page","session":"ec0b6821-5225-4ee8-8ec0-1e3bbbdffabb","severity":"debug","timestamp":"2026-03-06T06:21:38.036620204Z"}
{"http.req.id":"568bfb4b-3810-4fb9-9238-5c60d2e07efc","http.req.method":"GET","http.req.path":"/product/66VCHSJNUP","http.resp.bytes":8054,"http.resp.status":200,"http.resp.took_ms":24,"message":"request complete","session":"fa2d8e54-c567-4c66-b702-8bb183ef4a46","severity":"debug","timestamp":"2026-03-06T06:21:38.051463296Z"}
{"http.req.id":"19d23752-1fbd-4c26-8892-54084c02163e","http.req.method":"POST","http.req.path":"/cart","message":"request started","session":"fa2d8e54-c567-4c66-b702-8bb183ef4a46","severity":"debug","timestamp":"2026-03-06T06:21:38.052497273Z"}
{"http.req.id":"19d23752-1fbd-4c26-8892-54084c02163e","http.req.method":"POST","http.req.path":"/cart","message":"adding to cart","product":"66VCHSJNUP","quantity":10,"session":"fa2d8e54-c567-4c66-b702-8bb183ef4a46","severity":"debug","timestamp":"2026-03-06T06:21:38.052605735Z"}
{"http.req.id":"a4d2bf8a-0f0f-4c57-b100-00e3c5d7f7a7","http.req.method":"GET","http.req.path":"/product/2ZYFJ3GM2N","http.resp.bytes":7970,"http.resp.status":200,"http.resp.took_ms":18,"message":"request complete","session":"ec0b6821-5225-4ee8-8ec0-1e3bbbdffabb","severity":"debug","timestamp":"2026-03-06T06:21:38.055328585Z"}
{"http.req.id":"19d23752-1fbd-4c26-8892-54084c02163e","http.req.method":"POST","http.req.path":"/cart","http.resp.bytes":0,"http.resp.status":302,"http.resp.took_ms":3,"message":"request complete","session":"fa2d8e54-c567-4c66-b702-8bb183ef4a46","severity":"debug","timestamp":"2026-03-06T06:21:38.056429502Z"}
{"http.req.id":"69b2163d-e2cd-4fe4-a296-3f43561565f5","http.req.method":"GET","http.req.path":"/cart","message":"request started","session":"fa2d8e54-c567-4c66-b702-8bb183ef4a46","severity":"debug","timestamp":"2026-03-06T06:21:38.058446876Z"}
{"http.req.id":"69b2163d-e2cd-4fe4-a296-3f43561565f5","http.req.method":"GET","http.req.path":"/cart","message":"view user cart","session":"fa2d8e54-c567-4c66-b702-8bb183ef4a46","severity":"debug","timestamp":"2026-03-06T06:21:38.058510186Z"}
{"http.req.id":"69b2163d-e2cd-4fe4-a296-3f43561565f5","http.req.method":"GET","http.req.path":"/cart","http.resp.bytes":17893,"http.resp.status":200,"http.resp.took_ms":17,"message":"request complete","session":"fa2d8e54-c567-4c66-b702-8bb183ef4a46","severity":"debug","timestamp":"2026-03-06T06:21:38.076205707Z"}
{"http.req.id":"ee58f52b-ed95-41fc-bce1-8886043160ae","http.req.method":"GET","http.req.path":"/cart","message":"request started","session":"0994b18b-93e7-4775-a2c5-e29dc0e6d5bb","severity":"debug","timestamp":"2026-03-06T06:21:38.617240472Z"}
{"http.req.id":"ee58f52b-ed95-41fc-bce1-8886043160ae","http.req.method":"GET","http.req.path":"/cart","message":"view user cart","session":"0994b18b-93e7-4775-a2c5-e29dc0e6d5bb","severity":"debug","timestamp":"2026-03-06T06:21:38.617325622Z"}
{"http.req.id":"ee58f52b-ed95-41fc-bce1-8886043160ae","http.req.method":"GET","http.req.path":"/cart","http.resp.bytes":6871,"http.resp.status":200,"http.resp.took_ms":12,"message":"request complete","session":"0994b18b-93e7-4775-a2c5-e29dc0e6d5bb","severity":"debug","timestamp":"2026-03-06T06:21:38.630096552Z"}
{"http.req.id":"f0c7dc1d-e8da-412a-b964-e740c697bc2e","http.req.method":"GET","http.req.path":"/product/0PUK6V6EV0","message":"request started","session":"ec0b6821-5225-4ee8-8ec0-1e3bbbdffabb","severity":"debug","timestamp":"2026-03-06T06:21:41.306877043Z"}
{"currency":"EUR","http.req.id":"f0c7dc1d-e8da-412a-b964-e740c697bc2e","http.req.method":"GET","http.req.path":"/product/0PUK6V6EV0","id":"0PUK6V6EV0","message":"serving product page","session":"ec0b6821-5225-4ee8-8ec0-1e3bbbdffabb","severity":"debug","timestamp":"2026-03-06T06:21:41.306945238Z"}
{"http.req.id":"f0c7dc1d-e8da-412a-b964-e740c697bc2e","http.req.method":"GET","http.req.path":"/product/0PUK6V6EV0","http.resp.bytes":7968,"http.resp.status":200,"http.resp.took_ms":13,"message":"request complete","session":"ec0b6821-5225-4ee8-8ec0-1e3bbbdffabb","severity":"debug","timestamp":"2026-03-06T06:21:41.320419224Z"}
{"http.req.id":"700b173f-193e-4f27-9dd9-3ec6e2f2f05d","http.req.method":"GET","http.req.path":"/","message":"request started","session":"3e105862-e07a-48bd-9f67-033f05224f8f","severity":"debug","timestamp":"2026-03-06T06:21:41.513139381Z"}
{"currency":"TRY","http.req.id":"700b173f-193e-4f27-9dd9-3ec6e2f2f05d","http.req.method":"GET","http.req.path":"/","message":"home","session":"3e105862-e07a-48bd-9f67-033f05224f8f","severity":"info","timestamp":"2026-03-06T06:21:41.513240756Z"}
env platform is either empty or invalid
{"http.req.id":"700b173f-193e-4f27-9dd9-3ec6e2f2f05d","http.req.method":"GET","http.req.path":"/","message":"ENV_PLATFORM is: local","session":"3e105862-e07a-48bd-9f67-033f05224f8f","severity":"debug","timestamp":"2026-03-06T06:21:41.547898527Z"}
{"http.req.id":"700b173f-193e-4f27-9dd9-3ec6e2f2f05d","http.req.method":"GET","http.req.path":"/","http.resp.bytes":10616,"http.resp.status":200,"http.resp.took_ms":37,"message":"request complete","session":"3e105862-e07a-48bd-9f67-033f05224f8f","severity":"debug","timestamp":"2026-03-06T06:21:41.550178599Z"}
{"http.req.id":"985e6dec-c83e-405d-9ac0-2aaded0fc886","http.req.method":"POST","http.req.path":"/setCurrency","message":"request started","session":"eed418e8-7ab1-4992-b9a1-40aeb0d3dc43","severity":"debug","timestamp":"2026-03-06T06:21:41.552368712Z"}
{"curr.new":"EUR","curr.old":"CAD","http.req.id":"985e6dec-c83e-405d-9ac0-2aaded0fc886","http.req.method":"POST","http.req.path":"/setCurrency","message":"setting currency","session":"eed418e8-7ab1-4992-b9a1-40aeb0d3dc43","severity":"debug","timestamp":"2026-03-06T06:21:41.552473724Z"}
{"http.req.id":"985e6dec-c83e-405d-9ac0-2aaded0fc886","http.req.method":"POST","http.req.path":"/setCurrency","http.resp.bytes":0,"http.resp.status":302,"http.resp.took_ms":0,"message":"request complete","session":"eed418e8-7ab1-4992-b9a1-40aeb0d3dc43","severity":"debug","timestamp":"2026-03-06T06:21:41.55249647Z"}
{"http.req.id":"b2766f60-c388-4fcd-954a-46ef8a3c3c48","http.req.method":"GET","http.req.path":"/","message":"request started","session":"eed418e8-7ab1-4992-b9a1-40aeb0d3dc43","severity":"debug","timestamp":"2026-03-06T06:21:41.553514213Z"}
{"currency":"EUR","http.req.id":"b2766f60-c388-4fcd-954a-46ef8a3c3c48","http.req.method":"GET","http.req.path":"/","message":"home","session":"eed418e8-7ab1-4992-b9a1-40aeb0d3dc43","severity":"info","timestamp":"2026-03-06T06:21:41.553569134Z"}
env platform is either empty or invalid
{"http.req.id":"b2766f60-c388-4fcd-954a-46ef8a3c3c48","http.req.method":"GET","http.req.path":"/","message":"ENV_PLATFORM is: local","session":"eed418e8-7ab1-4992-b9a1-40aeb0d3dc43","severity":"debug","timestamp":"2026-03-06T06:21:41.632698658Z"}
{"http.req.id":"b2766f60-c388-4fcd-954a-46ef8a3c3c48","http.req.method":"GET","http.req.path":"/","http.resp.bytes":10518,"http.resp.status":200,"http.resp.took_ms":81,"message":"request complete","session":"eed418e8-7ab1-4992-b9a1-40aeb0d3dc43","severity":"debug","timestamp":"2026-03-06T06:21:41.634750724Z"}
{"http.req.id":"7a954f34-58b3-45fb-a023-ac31316977da","http.req.method":"GET","http.req.path":"/product/9SIQT8TOJO","message":"request started","session":"6e21104e-b0bf-4a85-b5c2-ac5af92fa69e","severity":"debug","timestamp":"2026-03-06T06:21:42.388123291Z"}
{"currency":"EUR","http.req.id":"7a954f34-58b3-45fb-a023-ac31316977da","http.req.method":"GET","http.req.path":"/product/9SIQT8TOJO","id":"9SIQT8TOJO","message":"serving product page","session":"6e21104e-b0bf-4a85-b5c2-ac5af92fa69e","severity":"debug","timestamp":"2026-03-06T06:21:42.388182209Z"}
{"http.req.id":"7a954f34-58b3-45fb-a023-ac31316977da","http.req.method":"GET","http.req.path":"/product/9SIQT8TOJO","http.resp.bytes":8014,"http.resp.status":200,"http.resp.took_ms":10,"message":"request complete","session":"6e21104e-b0bf-4a85-b5c2-ac5af92fa69e","severity":"debug","timestamp":"2026-03-06T06:21:42.398681479Z"}
{"http.req.id":"f8440363-a89d-4e9e-9e32-55369f7757c7","http.req.method":"POST","http.req.path":"/cart","message":"request started","session":"6e21104e-b0bf-4a85-b5c2-ac5af92fa69e","severity":"debug","timestamp":"2026-03-06T06:21:42.399311204Z"}
{"http.req.id":"f8440363-a89d-4e9e-9e32-55369f7757c7","http.req.method":"POST","http.req.path":"/cart","message":"adding to cart","product":"9SIQT8TOJO","quantity":5,"session":"6e21104e-b0bf-4a85-b5c2-ac5af92fa69e","severity":"debug","timestamp":"2026-03-06T06:21:42.399400776Z"}
{"http.req.id":"f8440363-a89d-4e9e-9e32-55369f7757c7","http.req.method":"POST","http.req.path":"/cart","http.resp.bytes":0,"http.resp.status":302,"http.resp.took_ms":2,"message":"request complete","session":"6e21104e-b0bf-4a85-b5c2-ac5af92fa69e","severity":"debug","timestamp":"2026-03-06T06:21:42.401462373Z"}
{"http.req.id":"12fc5a54-6301-4990-b1a0-df31cbe02985","http.req.method":"GET","http.req.path":"/cart","message":"request started","session":"6e21104e-b0bf-4a85-b5c2-ac5af92fa69e","severity":"debug","timestamp":"2026-03-06T06:21:42.402201919Z"}
{"http.req.id":"12fc5a54-6301-4990-b1a0-df31cbe02985","http.req.method":"GET","http.req.path":"/cart","message":"view user cart","session":"6e21104e-b0bf-4a85-b5c2-ac5af92fa69e","severity":"debug","timestamp":"2026-03-06T06:21:42.402245222Z"}
{"http.req.id":"12fc5a54-6301-4990-b1a0-df31cbe02985","http.req.method":"GET","http.req.path":"/cart","http.resp.bytes":16471,"http.resp.status":200,"http.resp.took_ms":11,"message":"request complete","session":"6e21104e-b0bf-4a85-b5c2-ac5af92fa69e","severity":"debug","timestamp":"2026-03-06T06:21:42.41331598Z"}
{"http.req.id":"e0f3faf2-e070-4e65-89a6-0af90b3516e0","http.req.method":"GET","http.req.path":"/product/2ZYFJ3GM2N","message":"request started","session":"ec0b6821-5225-4ee8-8ec0-1e3bbbdffabb","severity":"debug","timestamp":"2026-03-06T06:21:42.589809593Z"}
{"currency":"EUR","http.req.id":"e0f3faf2-e070-4e65-89a6-0af90b3516e0","http.req.method":"GET","http.req.path":"/product/2ZYFJ3GM2N","id":"2ZYFJ3GM2N","message":"serving product page","session":"ec0b6821-5225-4ee8-8ec0-1e3bbbdffabb","severity":"debug","timestamp":"2026-03-06T06:21:42.589901564Z"}
{"http.req.id":"e0f3faf2-e070-4e65-89a6-0af90b3516e0","http.req.method":"GET","http.req.path":"/product/2ZYFJ3GM2N","http.resp.bytes":7986,"http.resp.status":200,"http.resp.took_ms":12,"message":"request complete","session":"ec0b6821-5225-4ee8-8ec0-1e3bbbdffabb","severity":"debug","timestamp":"2026-03-06T06:21:42.60247262Z"}
{"http.req.id":"a85ca538-e255-43f9-ac99-de660748007a","http.req.method":"GET","http.req.path":"/product/6E92ZMYYFZ","message":"request started","session":"f9734e3a-0615-43dc-908b-1b8be30715f4","severity":"debug","timestamp":"2026-03-06T06:21:43.924666607Z"}
{"currency":"CAD","http.req.id":"a85ca538-e255-43f9-ac99-de660748007a","http.req.method":"GET","http.req.path":"/product/6E92ZMYYFZ","id":"6E92ZMYYFZ","message":"serving product page","session":"f9734e3a-0615-43dc-908b-1b8be30715f4","severity":"debug","timestamp":"2026-03-06T06:21:43.924734867Z"}
{"http.req.id":"a85ca538-e255-43f9-ac99-de660748007a","http.req.method":"GET","http.req.path":"/product/6E92ZMYYFZ","http.resp.bytes":7918,"http.resp.status":200,"http.resp.took_ms":12,"message":"request complete","session":"f9734e3a-0615-43dc-908b-1b8be30715f4","severity":"debug","timestamp":"2026-03-06T06:21:43.937651183Z"}
{"http.req.id":"0e0fd36f-28ae-4dfb-a69e-5efb1ba0cfaa","http.req.method":"POST","http.req.path":"/cart","message":"request started","session":"f9734e3a-0615-43dc-908b-1b8be30715f4","severity":"debug","timestamp":"2026-03-06T06:21:43.938659759Z"}
{"http.req.id":"0e0fd36f-28ae-4dfb-a69e-5efb1ba0cfaa","http.req.method":"POST","http.req.path":"/cart","message":"adding to cart","product":"6E92ZMYYFZ","quantity":3,"session":"f9734e3a-0615-43dc-908b-1b8be30715f4","severity":"debug","timestamp":"2026-03-06T06:21:43.938799837Z"}
{"http.req.id":"0e0fd36f-28ae-4dfb-a69e-5efb1ba0cfaa","http.req.method":"POST","http.req.path":"/cart","http.resp.bytes":0,"http.resp.status":302,"http.resp.took_ms":3,"message":"request complete","session":"f9734e3a-0615-43dc-908b-1b8be30715f4","severity":"debug","timestamp":"2026-03-06T06:21:43.94184931Z"}
{"http.req.id":"4e15dbfc-3070-4111-ad5c-25fdc194ee53","http.req.method":"GET","http.req.path":"/cart","message":"request started","session":"f9734e3a-0615-43dc-908b-1b8be30715f4","severity":"debug","timestamp":"2026-03-06T06:21:43.942884728Z"}
{"http.req.id":"4e15dbfc-3070-4111-ad5c-25fdc194ee53","http.req.method":"GET","http.req.path":"/cart","message":"view user cart","session":"f9734e3a-0615-43dc-908b-1b8be30715f4","severity":"debug","timestamp":"2026-03-06T06:21:43.942954514Z"}
{"http.req.id":"4e15dbfc-3070-4111-ad5c-25fdc194ee53","http.req.method":"GET","http.req.path":"/cart","http.resp.bytes":16440,"http.resp.status":200,"http.resp.took_ms":14,"message":"request complete","session":"f9734e3a-0615-43dc-908b-1b8be30715f4","severity":"debug","timestamp":"2026-03-06T06:21:43.957554624Z"}
{"http.req.id":"31d32362-9024-4cb4-a57b-c31e48551810","http.req.method":"GET","http.req.path":"/cart","message":"request started","session":"0994b18b-93e7-4775-a2c5-e29dc0e6d5bb","severity":"debug","timestamp":"2026-03-06T06:21:44.053944497Z"}
{"http.req.id":"31d32362-9024-4cb4-a57b-c31e48551810","http.req.method":"GET","http.req.path":"/cart","message":"view user cart","session":"0994b18b-93e7-4775-a2c5-e29dc0e6d5bb","severity":"debug","timestamp":"2026-03-06T06:21:44.054027714Z"}
{"http.req.id":"31d32362-9024-4cb4-a57b-c31e48551810","http.req.method":"GET","http.req.path":"/cart","http.resp.bytes":6917,"http.resp.status":200,"http.resp.took_ms":11,"message":"request complete","session":"0994b18b-93e7-4775-a2c5-e29dc0e6d5bb","severity":"debug","timestamp":"2026-03-06T06:21:44.065471362Z"}
{"http.req.id":"69b7bcd2-a7b7-461e-b71d-e45ba302c994","http.req.method":"GET","http.req.path":"/_healthz","message":"request started","session":"x-liveness-probe","severity":"debug","timestamp":"2026-03-06T06:21:44.267209297Z"}
{"http.req.id":"69b7bcd2-a7b7-461e-b71d-e45ba302c994","http.req.method":"GET","http.req.path":"/_healthz","http.resp.bytes":2,"http.resp.status":200,"http.resp.took_ms":0,"message":"request complete","session":"x-liveness-probe","severity":"debug","timestamp":"2026-03-06T06:21:44.267286936Z"}
{"http.req.id":"13b602d0-f42d-459b-946c-e841df749c58","http.req.method":"GET","http.req.path":"/","message":"request started","session":"b1a1fb98-93d6-41f8-9605-e0c8a82d1d3c","severity":"debug","timestamp":"2026-03-06T06:21:44.343026389Z"}
{"currency":"CAD","http.req.id":"13b602d0-f42d-459b-946c-e841df749c58","http.req.method":"GET","http.req.path":"/","message":"home","session":"b1a1fb98-93d6-41f8-9605-e0c8a82d1d3c","severity":"info","timestamp":"2026-03-06T06:21:44.343100366Z"}
env platform is either empty or invalid
{"http.req.id":"13b602d0-f42d-459b-946c-e841df749c58","http.req.method":"GET","http.req.path":"/","message":"ENV_PLATFORM is: local","session":"b1a1fb98-93d6-41f8-9605-e0c8a82d1d3c","severity":"debug","timestamp":"2026-03-06T06:21:44.359234099Z"}
{"http.req.id":"13b602d0-f42d-459b-946c-e841df749c58","http.req.method":"GET","http.req.path":"/","http.resp.bytes":10501,"http.resp.status":200,"http.resp.took_ms":18,"message":"request complete","session":"b1a1fb98-93d6-41f8-9605-e0c8a82d1d3c","severity":"debug","timestamp":"2026-03-06T06:21:44.361667456Z"}
{"http.req.id":"b1c4321c-9b79-4679-8baf-1f9a7d480584","http.req.method":"GET","http.req.path":"/product/1YMWWN1N4O","message":"request started","session":"89995d91-ad5c-4838-8317-c04497a5d805","severity":"debug","timestamp":"2026-03-06T06:21:44.582869361Z"}
{"currency":"GBP","http.req.id":"b1c4321c-9b79-4679-8baf-1f9a7d480584","http.req.method":"GET","http.req.path":"/product/1YMWWN1N4O","id":"1YMWWN1N4O","message":"serving product page","session":"89995d91-ad5c-4838-8317-c04497a5d805","severity":"debug","timestamp":"2026-03-06T06:21:44.582952118Z"}
{"http.req.id":"b1c4321c-9b79-4679-8baf-1f9a7d480584","http.req.method":"GET","http.req.path":"/product/1YMWWN1N4O","http.resp.bytes":8009,"http.resp.status":200,"http.resp.took_ms":11,"message":"request complete","session":"89995d91-ad5c-4838-8317-c04497a5d805","severity":"debug","timestamp":"2026-03-06T06:21:44.59424984Z"}
{"http.req.id":"b4e65061-bbcc-4b39-9c22-4111abeb7596","http.req.method":"GET","http.req.path":"/product/L9ECAV7KIM","message":"request started","session":"d7d3227d-0824-4f40-a472-c039f0192426","severity":"debug","timestamp":"2026-03-06T06:21:44.810733259Z"}
{"currency":"JPY","http.req.id":"b4e65061-bbcc-4b39-9c22-4111abeb7596","http.req.method":"GET","http.req.path":"/product/L9ECAV7KIM","id":"L9ECAV7KIM","message":"serving product page","session":"d7d3227d-0824-4f40-a472-c039f0192426","severity":"debug","timestamp":"2026-03-06T06:21:44.810802405Z"}
{"http.req.id":"b4e65061-bbcc-4b39-9c22-4111abeb7596","http.req.method":"GET","http.req.path":"/product/L9ECAV7KIM","http.resp.bytes":7915,"http.resp.status":200,"http.resp.took_ms":11,"message":"request complete","session":"d7d3227d-0824-4f40-a472-c039f0192426","severity":"debug","timestamp":"2026-03-06T06:21:44.822727699Z"}
{"http.req.id":"7ffe26cc-eff5-4dbb-b00a-4451ee468af9","http.req.method":"POST","http.req.path":"/setCurrency","message":"request started","session":"fa2d8e54-c567-4c66-b702-8bb183ef4a46","severity":"debug","timestamp":"2026-03-06T06:21:44.838797509Z"}
{"curr.new":"CAD","curr.old":"TRY","http.req.id":"7ffe26cc-eff5-4dbb-b00a-4451ee468af9","http.req.method":"POST","http.req.path":"/setCurrency","message":"setting currency","session":"fa2d8e54-c567-4c66-b702-8bb183ef4a46","severity":"debug","timestamp":"2026-03-06T06:21:44.838914817Z"}
{"http.req.id":"7ffe26cc-eff5-4dbb-b00a-4451ee468af9","http.req.method":"POST","http.req.path":"/setCurrency","http.resp.bytes":0,"http.resp.status":302,"http.resp.took_ms":0,"message":"request complete","session":"fa2d8e54-c567-4c66-b702-8bb183ef4a46","severity":"debug","timestamp":"2026-03-06T06:21:44.838945178Z"}
{"http.req.id":"84e2ad91-c89d-4438-981f-c3e8b77e7b2d","http.req.method":"GET","http.req.path":"/","message":"request started","session":"fa2d8e54-c567-4c66-b702-8bb183ef4a46","severity":"debug","timestamp":"2026-03-06T06:21:44.839758238Z"}
{"currency":"CAD","http.req.id":"84e2ad91-c89d-4438-981f-c3e8b77e7b2d","http.req.method":"GET","http.req.path":"/","message":"home","session":"fa2d8e54-c567-4c66-b702-8bb183ef4a46","severity":"info","timestamp":"2026-03-06T06:21:44.839808348Z"}
env platform is either empty or invalid
{"http.req.id":"84e2ad91-c89d-4438-981f-c3e8b77e7b2d","http.req.method":"GET","http.req.path":"/","message":"ENV_PLATFORM is: local","session":"fa2d8e54-c567-4c66-b702-8bb183ef4a46","severity":"debug","timestamp":"2026-03-06T06:21:44.855897004Z"}
{"http.req.id":"84e2ad91-c89d-4438-981f-c3e8b77e7b2d","http.req.method":"GET","http.req.path":"/","http.resp.bytes":10591,"http.resp.status":200,"http.resp.took_ms":18,"message":"request complete","session":"fa2d8e54-c567-4c66-b702-8bb183ef4a46","severity":"debug","timestamp":"2026-03-06T06:21:44.858007258Z"}
