{"http.req.id":"98645bc5-8e8c-4255-aeb7-5c267598c7e1","http.req.method":"GET","http.req.path":"/_healthz","http.resp.bytes":2,"http.resp.status":200,"http.resp.took_ms":0,"message":"request complete","session":"x-readiness-probe","severity":"debug","timestamp":"2026-03-06T06:04:12.975399505Z"}
{"http.req.id":"0da8f25e-f49a-48f5-be36-fddcedaccefe","http.req.method":"GET","http.req.path":"/cart","message":"request started","session":"89995d91-ad5c-4838-8317-c04497a5d805","severity":"debug","timestamp":"2026-03-06T06:04:13.515196861Z"}
{"http.req.id":"0da8f25e-f49a-48f5-be36-fddcedaccefe","http.req.method":"GET","http.req.path":"/cart","message":"view user cart","session":"89995d91-ad5c-4838-8317-c04497a5d805","severity":"debug","timestamp":"2026-03-06T06:04:13.515301299Z"}
{"http.req.id":"0da8f25e-f49a-48f5-be36-fddcedaccefe","http.req.method":"GET","http.req.path":"/cart","http.resp.bytes":23229,"http.resp.status":200,"http.resp.took_ms":112,"message":"request complete","session":"89995d91-ad5c-4838-8317-c04497a5d805","severity":"debug","timestamp":"2026-03-06T06:04:13.627515552Z"}
{"http.req.id":"e75b5c9a-ce86-479f-870d-a48a9db722a4","http.req.method":"GET","http.req.path":"/product/L9ECAV7KIM","message":"request started","session":"eed418e8-7ab1-4992-b9a1-40aeb0d3dc43","severity":"debug","timestamp":"2026-03-06T06:04:13.810624886Z"}
{"currency":"USD","http.req.id":"e75b5c9a-ce86-479f-870d-a48a9db722a4","http.req.method":"GET","http.req.path":"/product/L9ECAV7KIM","id":"L9ECAV7KIM","message":"serving product page","session":"eed418e8-7ab1-4992-b9a1-40aeb0d3dc43","severity":"debug","timestamp":"2026-03-06T06:04:13.810694357Z"}
{"http.req.id":"e75b5c9a-ce86-479f-870d-a48a9db722a4","http.req.method":"GET","http.req.path":"/product/L9ECAV7KIM","http.resp.bytes":7924,"http.resp.status":200,"http.resp.took_ms":33,"message":"request complete","session":"eed418e8-7ab1-4992-b9a1-40aeb0d3dc43","severity":"debug","timestamp":"2026-03-06T06:04:13.844034828Z"}
{"http.req.id":"610150ad-988f-465f-bbca-3dafca5b23bc","http.req.method":"POST","http.req.path":"/cart","message":"request started","session":"eed418e8-7ab1-4992-b9a1-40aeb0d3dc43","severity":"debug","timestamp":"2026-03-06T06:04:13.910851506Z"}
{"http.req.id":"610150ad-988f-465f-bbca-3dafca5b23bc","http.req.method":"POST","http.req.path":"/cart","message":"adding to cart","product":"L9ECAV7KIM","quantity":10,"session":"eed418e8-7ab1-4992-b9a1-40aeb0d3dc43","severity":"debug","timestamp":"2026-03-06T06:04:13.911124193Z"}
{"http.req.id":"045d851b-7b95-42ef-b77b-f1350f1d1379","http.req.method":"GET","http.req.path":"/product/9SIQT8TOJO","message":"request started","session":"fa2d8e54-c567-4c66-b702-8bb183ef4a46","severity":"debug","timestamp":"2026-03-06T06:04:13.911467546Z"}
{"currency":"GBP","http.req.id":"045d851b-7b95-42ef-b77b-f1350f1d1379","http.req.method":"GET","http.req.path":"/product/9SIQT8TOJO","id":"9SIQT8TOJO","message":"serving product page","session":"fa2d8e54-c567-4c66-b702-8bb183ef4a46","severity":"debug","timestamp":"2026-03-06T06:04:13.911521456Z"}
{"http.req.id":"610150ad-988f-465f-bbca-3dafca5b23bc","http.req.method":"POST","http.req.path":"/cart","http.resp.bytes":0,"http.resp.status":302,"http.resp.took_ms":3,"message":"request complete","session":"eed418e8-7ab1-4992-b9a1-40aeb0d3dc43","severity":"debug","timestamp":"2026-03-06T06:04:13.91482772Z"}
{"http.req.id":"589a0602-33af-4617-a114-c3fe6edba92c","http.req.method":"GET","http.req.path":"/cart","message":"request started","session":"eed418e8-7ab1-4992-b9a1-40aeb0d3dc43","severity":"debug","timestamp":"2026-03-06T06:04:13.918269442Z"}
{"http.req.id":"589a0602-33af-4617-a114-c3fe6edba92c","http.req.method":"GET","http.req.path":"/cart","message":"view user cart","session":"eed418e8-7ab1-4992-b9a1-40aeb0d3dc43","severity":"debug","timestamp":"2026-03-06T06:04:13.918345165Z"}
{"http.req.id":"045d851b-7b95-42ef-b77b-f1350f1d1379","http.req.method":"GET","http.req.path":"/product/9SIQT8TOJO","http.resp.bytes":8098,"http.resp.status":200,"http.resp.took_ms":106,"message":"request complete","session":"fa2d8e54-c567-4c66-b702-8bb183ef4a46","severity":"debug","timestamp":"2026-03-06T06:04:14.017853668Z"}
{"http.req.id":"589a0602-33af-4617-a114-c3fe6edba92c","http.req.method":"GET","http.req.path":"/cart","http.resp.bytes":16462,"http.resp.status":200,"http.resp.took_ms":109,"message":"request complete","session":"eed418e8-7ab1-4992-b9a1-40aeb0d3dc43","severity":"debug","timestamp":"2026-03-06T06:04:14.027974109Z"}
{"http.req.id":"7db08b57-d0b2-42d6-a102-02339bd485a4","http.req.method":"GET","http.req.path":"/product/6E92ZMYYFZ","message":"request started","session":"6e21104e-b0bf-4a85-b5c2-ac5af92fa69e","severity":"debug","timestamp":"2026-03-06T06:04:14.545623945Z"}
{"currency":"GBP","http.req.id":"7db08b57-d0b2-42d6-a102-02339bd485a4","http.req.method":"GET","http.req.path":"/product/6E92ZMYYFZ","id":"6E92ZMYYFZ","message":"serving product page","session":"6e21104e-b0bf-4a85-b5c2-ac5af92fa69e","severity":"debug","timestamp":"2026-03-06T06:04:14.545697488Z"}
{"http.req.id":"7db08b57-d0b2-42d6-a102-02339bd485a4","http.req.method":"GET","http.req.path":"/product/6E92ZMYYFZ","http.resp.bytes":8025,"http.resp.status":200,"http.resp.took_ms":71,"message":"request complete","session":"6e21104e-b0bf-4a85-b5c2-ac5af92fa69e","severity":"debug","timestamp":"2026-03-06T06:04:14.617240734Z"}
{"http.req.id":"50e6f30d-395b-4440-8549-53bcde392e71","http.req.method":"POST","http.req.path":"/cart","message":"request started","session":"6e21104e-b0bf-4a85-b5c2-ac5af92fa69e","severity":"debug","timestamp":"2026-03-06T06:04:14.61857944Z"}
{"http.req.id":"50e6f30d-395b-4440-8549-53bcde392e71","http.req.method":"POST","http.req.path":"/cart","message":"adding to cart","product":"6E92ZMYYFZ","quantity":7,"session":"6e21104e-b0bf-4a85-b5c2-ac5af92fa69e","severity":"debug","timestamp":"2026-03-06T06:04:14.618749564Z"}
{"http.req.id":"50e6f30d-395b-4440-8549-53bcde392e71","http.req.method":"POST","http.req.path":"/cart","http.resp.bytes":0,"http.resp.status":302,"http.resp.took_ms":4,"message":"request complete","session":"6e21104e-b0bf-4a85-b5c2-ac5af92fa69e","severity":"debug","timestamp":"2026-03-06T06:04:14.623197542Z"}
{"http.req.id":"35a73899-2c01-490c-b6ff-1597c685895f","http.req.method":"GET","http.req.path":"/product/66VCHSJNUP","message":"request started","session":"0994b18b-93e7-4775-a2c5-e29dc0e6d5bb","severity":"debug","timestamp":"2026-03-06T06:04:14.623473488Z"}
{"currency":"GBP","http.req.id":"35a73899-2c01-490c-b6ff-1597c685895f","http.req.method":"GET","http.req.path":"/product/66VCHSJNUP","id":"66VCHSJNUP","message":"serving product page","session":"0994b18b-93e7-4775-a2c5-e29dc0e6d5bb","severity":"debug","timestamp":"2026-03-06T06:04:14.623597105Z"}
{"http.req.id":"133f932d-23ac-4059-a970-1608d5baf292","http.req.method":"GET","http.req.path":"/cart","message":"request started","session":"6e21104e-b0bf-4a85-b5c2-ac5af92fa69e","severity":"debug","timestamp":"2026-03-06T06:04:14.624711278Z"}
{"http.req.id":"133f932d-23ac-4059-a970-1608d5baf292","http.req.method":"GET","http.req.path":"/cart","message":"view user cart","session":"6e21104e-b0bf-4a85-b5c2-ac5af92fa69e","severity":"debug","timestamp":"2026-03-06T06:04:14.624794184Z"}
{"http.req.id":"35a73899-2c01-490c-b6ff-1597c685895f","http.req.method":"GET","http.req.path":"/product/66VCHSJNUP","http.resp.bytes":8023,"http.resp.status":200,"http.resp.took_ms":105,"message":"request complete","session":"0994b18b-93e7-4775-a2c5-e29dc0e6d5bb","severity":"debug","timestamp":"2026-03-06T06:04:14.728706266Z"}
{"http.req.id":"133f932d-23ac-4059-a970-1608d5baf292","http.req.method":"GET","http.req.path":"/cart","http.resp.bytes":17850,"http.resp.status":200,"http.resp.took_ms":108,"message":"request complete","session":"6e21104e-b0bf-4a85-b5c2-ac5af92fa69e","severity":"debug","timestamp":"2026-03-06T06:04:14.732930742Z"}
{"http.req.id":"f73d59e9-69c7-4f2d-adac-e6f306ec926e","http.req.method":"GET","http.req.path":"/product/9SIQT8TOJO","message":"request started","session":"b1a1fb98-93d6-41f8-9605-e0c8a82d1d3c","severity":"debug","timestamp":"2026-03-06T06:04:15.860221367Z"}
{"currency":"JPY","http.req.id":"f73d59e9-69c7-4f2d-adac-e6f306ec926e","http.req.method":"GET","http.req.path":"/product/9SIQT8TOJO","id":"9SIQT8TOJO","message":"serving product page","session":"b1a1fb98-93d6-41f8-9605-e0c8a82d1d3c","severity":"debug","timestamp":"2026-03-06T06:04:15.86032099Z"}
{"http.req.id":"8cec6ea3-270b-49b7-824c-fb3226ca1dcb","http.req.method":"GET","http.req.path":"/cart","message":"request started","session":"ec0b6821-5225-4ee8-8ec0-1e3bbbdffabb","severity":"debug","timestamp":"2026-03-06T06:04:15.897423868Z"}
{"http.req.id":"8cec6ea3-270b-49b7-824c-fb3226ca1dcb","http.req.method":"GET","http.req.path":"/cart","message":"view user cart","session":"ec0b6821-5225-4ee8-8ec0-1e3bbbdffabb","severity":"debug","timestamp":"2026-03-06T06:04:15.897511568Z"}
{"http.req.id":"f73d59e9-69c7-4f2d-adac-e6f306ec926e","http.req.method":"GET","http.req.path":"/product/9SIQT8TOJO","http.resp.bytes":7974,"http.resp.status":200,"http.resp.took_ms":60,"message":"request complete","session":"b1a1fb98-93d6-41f8-9605-e0c8a82d1d3c","severity":"debug","timestamp":"2026-03-06T06:04:15.920448039Z"}
{"http.req.id":"8cec6ea3-270b-49b7-824c-fb3226ca1dcb","http.req.method":"GET","http.req.path":"/cart","http.resp.bytes":19325,"http.resp.status":200,"http.resp.took_ms":38,"message":"request complete","session":"ec0b6821-5225-4ee8-8ec0-1e3bbbdffabb","severity":"debug","timestamp":"2026-03-06T06:04:15.936213203Z"}
{"http.req.id":"b1c7faf0-77ae-4de8-908f-be9ab5a0028c","http.req.method":"GET","http.req.path":"/cart","message":"request started","session":"6e21104e-b0bf-4a85-b5c2-ac5af92fa69e","severity":"debug","timestamp":"2026-03-06T06:04:15.996377777Z"}
{"http.req.id":"b1c7faf0-77ae-4de8-908f-be9ab5a0028c","http.req.method":"GET","http.req.path":"/cart","message":"view user cart","session":"6e21104e-b0bf-4a85-b5c2-ac5af92fa69e","severity":"debug","timestamp":"2026-03-06T06:04:15.996443953Z"}
{"http.req.id":"b1c7faf0-77ae-4de8-908f-be9ab5a0028c","http.req.method":"GET","http.req.path":"/cart","http.resp.bytes":17894,"http.resp.status":200,"http.resp.took_ms":225,"message":"request complete","session":"6e21104e-b0bf-4a85-b5c2-ac5af92fa69e","severity":"debug","timestamp":"2026-03-06T06:04:16.221989435Z"}
{"http.req.id":"25c583b5-85a0-4dad-b045-d8d413c4e66d","http.req.method":"GET","http.req.path":"/product/2ZYFJ3GM2N","message":"request started","session":"f9734e3a-0615-43dc-908b-1b8be30715f4","severity":"debug","timestamp":"2026-03-06T06:04:17.160817678Z"}
{"currency":"TRY","http.req.id":"25c583b5-85a0-4dad-b045-d8d413c4e66d","http.req.method":"GET","http.req.path":"/product/2ZYFJ3GM2N","id":"2ZYFJ3GM2N","message":"serving product page","session":"f9734e3a-0615-43dc-908b-1b8be30715f4","severity":"debug","timestamp":"2026-03-06T06:04:17.160884094Z"}
{"http.req.id":"272b491d-4f53-44be-b9f9-b62dd2ad72af","http.req.method":"GET","http.req.path":"/product/LS4PSXUNUM","message":"request started","session":"b1a1fb98-93d6-41f8-9605-e0c8a82d1d3c","severity":"debug","timestamp":"2026-03-06T06:04:17.197502369Z"}
{"currency":"JPY","http.req.id":"272b491d-4f53-44be-b9f9-b62dd2ad72af","http.req.method":"GET","http.req.path":"/product/LS4PSXUNUM","id":"LS4PSXUNUM","message":"serving product page","session":"b1a1fb98-93d6-41f8-9605-e0c8a82d1d3c","severity":"debug","timestamp":"2026-03-06T06:04:17.197541547Z"}
{"http.req.id":"25c583b5-85a0-4dad-b045-d8d413c4e66d","http.req.method":"GET","http.req.path":"/product/2ZYFJ3GM2N","http.resp.bytes":7965,"http.resp.status":200,"http.resp.took_ms":57,"message":"request complete","session":"f9734e3a-0615-43dc-908b-1b8be30715f4","severity":"debug","timestamp":"2026-03-06T06:04:17.218312225Z"}
{"http.req.id":"272b491d-4f53-44be-b9f9-b62dd2ad72af","http.req.method":"GET","http.req.path":"/product/LS4PSXUNUM","http.resp.bytes":7941,"http.resp.status":200,"http.resp.took_ms":121,"message":"request complete","session":"b1a1fb98-93d6-41f8-9605-e0c8a82d1d3c","severity":"debug","timestamp":"2026-03-06T06:04:17.318657731Z"}
{"http.req.id":"d9e40dec-eb2e-484c-a8b9-7741384a92b7","http.req.method":"POST","http.req.path":"/cart","message":"request started","session":"b1a1fb98-93d6-41f8-9605-e0c8a82d1d3c","severity":"debug","timestamp":"2026-03-06T06:04:17.319513212Z"}
{"http.req.id":"d9e40dec-eb2e-484c-a8b9-7741384a92b7","http.req.method":"POST","http.req.path":"/cart","message":"adding to cart","product":"LS4PSXUNUM","quantity":3,"session":"b1a1fb98-93d6-41f8-9605-e0c8a82d1d3c","severity":"debug","timestamp":"2026-03-06T06:04:17.31961063Z"}
{"http.req.id":"d9e40dec-eb2e-484c-a8b9-7741384a92b7","http.req.method":"POST","http.req.path":"/cart","http.resp.bytes":0,"http.resp.status":302,"http.resp.took_ms":4,"message":"request complete","session":"b1a1fb98-93d6-41f8-9605-e0c8a82d1d3c","severity":"debug","timestamp":"2026-03-06T06:04:17.323639838Z"}
{"http.req.id":"3a4206ba-e7f6-4103-a84f-5f82b3738d8f","http.req.method":"GET","http.req.path":"/cart","message":"request started","session":"b1a1fb98-93d6-41f8-9605-e0c8a82d1d3c","severity":"debug","timestamp":"2026-03-06T06:04:17.324557331Z"}
{"http.req.id":"3a4206ba-e7f6-4103-a84f-5f82b3738d8f","http.req.method":"GET","http.req.path":"/cart","message":"view user cart","session":"b1a1fb98-93d6-41f8-9605-e0c8a82d1d3c","severity":"debug","timestamp":"2026-03-06T06:04:17.324604334Z"}
{"http.req.id":"138f08c0-0545-4429-b1d0-6651bb460719","http.req.method":"GET","http.req.path":"/product/66VCHSJNUP","message":"request started","session":"eed418e8-7ab1-4992-b9a1-40aeb0d3dc43","severity":"debug","timestamp":"2026-03-06T06:04:17.468934766Z"}
{"currency":"USD","http.req.id":"138f08c0-0545-4429-b1d0-6651bb460719","http.req.method":"GET","http.req.path":"/product/66VCHSJNUP","id":"66VCHSJNUP","message":"serving product page","session":"eed418e8-7ab1-4992-b9a1-40aeb0d3dc43","severity":"debug","timestamp":"2026-03-06T06:04:17.469005799Z"}
{"http.req.id":"138f08c0-0545-4429-b1d0-6651bb460719","http.req.method":"GET","http.req.path":"/product/66VCHSJNUP","http.resp.bytes":8014,"http.resp.status":200,"http.resp.took_ms":148,"message":"request complete","session":"eed418e8-7ab1-4992-b9a1-40aeb0d3dc43","severity":"debug","timestamp":"2026-03-06T06:04:17.617803675Z"}
{"http.req.id":"3a4206ba-e7f6-4103-a84f-5f82b3738d8f","http.req.method":"GET","http.req.path":"/cart","http.resp.bytes":16474,"http.resp.status":200,"http.resp.took_ms":495,"message":"request complete","session":"b1a1fb98-93d6-41f8-9605-e0c8a82d1d3c","severity":"debug","timestamp":"2026-03-06T06:04:17.820214193Z"}
{"http.req.id":"cfd2a272-b020-4906-b106-02586a69bfbe","http.req.method":"POST","http.req.path":"/cart/checkout","message":"request started","session":"b1a1fb98-93d6-41f8-9605-e0c8a82d1d3c","severity":"debug","timestamp":"2026-03-06T06:04:17.825635947Z"}
{"http.req.id":"cfd2a272-b020-4906-b106-02586a69bfbe","http.req.method":"POST","http.req.path":"/cart/checkout","message":"placing order","session":"b1a1fb98-93d6-41f8-9605-e0c8a82d1d3c","severity":"debug","timestamp":"2026-03-06T06:04:17.825749539Z"}
{"http.req.id":"cfd2a272-b020-4906-b106-02586a69bfbe","http.req.method":"POST","http.req.path":"/cart/checkout","message":"order placed","order":"4f7b66be-1922-11f1-af47-fabc357e427c","session":"b1a1fb98-93d6-41f8-9605-e0c8a82d1d3c","severity":"info","timestamp":"2026-03-06T06:04:17.846816975Z"}
{"http.req.id":"c5d54a41-1889-4e29-af96-e60991dee4eb","http.req.method":"POST","http.req.path":"/setCurrency","message":"request started","session":"3e105862-e07a-48bd-9f67-033f05224f8f","severity":"debug","timestamp":"2026-03-06T06:04:17.854087537Z"}
{"curr.new":"JPY","curr.old":"TRY","http.req.id":"c5d54a41-1889-4e29-af96-e60991dee4eb","http.req.method":"POST","http.req.path":"/setCurrency","message":"setting currency","session":"3e105862-e07a-48bd-9f67-033f05224f8f","severity":"debug","timestamp":"2026-03-06T06:04:17.854311952Z"}
{"http.req.id":"c5d54a41-1889-4e29-af96-e60991dee4eb","http.req.method":"POST","http.req.path":"/setCurrency","http.resp.bytes":0,"http.resp.status":302,"http.resp.took_ms":0,"message":"request complete","session":"3e105862-e07a-48bd-9f67-033f05224f8f","severity":"debug","timestamp":"2026-03-06T06:04:17.854412068Z"}
{"http.req.id":"5c1bb4b3-b67b-4f96-91df-e56fed25b5e4","http.req.method":"GET","http.req.path":"/","message":"request started","session":"3e105862-e07a-48bd-9f67-033f05224f8f","severity":"debug","timestamp":"2026-03-06T06:04:17.856968494Z"}
{"currency":"JPY","http.req.id":"5c1bb4b3-b67b-4f96-91df-e56fed25b5e4","http.req.method":"GET","http.req.path":"/","message":"home","session":"3e105862-e07a-48bd-9f67-033f05224f8f","severity":"info","timestamp":"2026-03-06T06:04:17.857055844Z"}
env platform is either empty or invalid
{"http.req.id":"cfd2a272-b020-4906-b106-02586a69bfbe","http.req.method":"POST","http.req.path":"/cart/checkout","http.resp.bytes":6795,"http.resp.status":200,"http.resp.took_ms":190,"message":"request complete","session":"b1a1fb98-93d6-41f8-9605-e0c8a82d1d3c","severity":"debug","timestamp":"2026-03-06T06:04:18.015930187Z"}
{"http.req.id":"506b41ce-8ce6-4bb2-a7da-0d5e12deb2ef","http.req.method":"GET","http.req.path":"/product/OLJCESPC7Z","message":"request started","session":"f9734e3a-0615-43dc-908b-1b8be30715f4","severity":"debug","timestamp":"2026-03-06T06:04:19.190615619Z"}
{"currency":"TRY","http.req.id":"506b41ce-8ce6-4bb2-a7da-0d5e12deb2ef","http.req.method":"GET","http.req.path":"/product/OLJCESPC7Z","id":"OLJCESPC7Z","message":"serving product page","session":"f9734e3a-0615-43dc-908b-1b8be30715f4","severity":"debug","timestamp":"2026-03-06T06:04:19.190782551Z"}
{"http.req.id":"aec879f1-6399-483b-ae99-947b831c747b","http.req.method":"GET","http.req.path":"/product/OLJCESPC7Z","message":"request started","session":"d7d3227d-0824-4f40-a472-c039f0192426","severity":"debug","timestamp":"2026-03-06T06:04:19.215452067Z"}
{"currency":"EUR","http.req.id":"aec879f1-6399-483b-ae99-947b831c747b","http.req.method":"GET","http.req.path":"/product/OLJCESPC7Z","id":"OLJCESPC7Z","message":"serving product page","session":"d7d3227d-0824-4f40-a472-c039f0192426","severity":"debug","timestamp":"2026-03-06T06:04:19.215519848Z"}
{"http.req.id":"506b41ce-8ce6-4bb2-a7da-0d5e12deb2ef","http.req.method":"GET","http.req.path":"/product/OLJCESPC7Z","http.resp.bytes":7980,"http.resp.status":200,"http.resp.took_ms":128,"message":"request complete","session":"f9734e3a-0615-43dc-908b-1b8be30715f4","severity":"debug","timestamp":"2026-03-06T06:04:19.319382276Z"}
{"http.req.id":"d2a4d286-ca5d-4589-b66a-03ac2aad5e5b","http.req.method":"POST","http.req.path":"/cart","message":"request started","session":"f9734e3a-0615-43dc-908b-1b8be30715f4","severity":"debug","timestamp":"2026-03-06T06:04:19.320085276Z"}
{"http.req.id":"d2a4d286-ca5d-4589-b66a-03ac2aad5e5b","http.req.method":"POST","http.req.path":"/cart","message":"adding to cart","product":"OLJCESPC7Z","quantity":1,"session":"f9734e3a-0615-43dc-908b-1b8be30715f4","severity":"debug","timestamp":"2026-03-06T06:04:19.320218749Z"}
{"http.req.id":"d2a4d286-ca5d-4589-b66a-03ac2aad5e5b","http.req.method":"POST","http.req.path":"/cart","http.resp.bytes":0,"http.resp.status":302,"http.resp.took_ms":4,"message":"request complete","session":"f9734e3a-0615-43dc-908b-1b8be30715f4","severity":"debug","timestamp":"2026-03-06T06:04:19.324319506Z"}
{"http.req.id":"48b782bb-d079-4460-9c2f-b24a679c5ae0","http.req.method":"GET","http.req.path":"/cart","message":"request started","session":"f9734e3a-0615-43dc-908b-1b8be30715f4","severity":"debug","timestamp":"2026-03-06T06:04:19.325598401Z"}
{"http.req.id":"48b782bb-d079-4460-9c2f-b24a679c5ae0","http.req.method":"GET","http.req.path":"/cart","message":"view user cart","session":"f9734e3a-0615-43dc-908b-1b8be30715f4","severity":"debug","timestamp":"2026-03-06T06:04:19.325648202Z"}
{"http.req.id":"5c1bb4b3-b67b-4f96-91df-e56fed25b5e4","http.req.method":"GET","http.req.path":"/","message":"ENV_PLATFORM is: local","session":"3e105862-e07a-48bd-9f67-033f05224f8f","severity":"debug","timestamp":"2026-03-06T06:04:19.367367249Z"}
{"http.req.id":"5c1bb4b3-b67b-4f96-91df-e56fed25b5e4","http.req.method":"GET","http.req.path":"/","http.resp.bytes":10618,"http.resp.status":200,"http.resp.took_ms":1512,"message":"request complete","session":"3e105862-e07a-48bd-9f67-033f05224f8f","severity":"debug","timestamp":"2026-03-06T06:04:19.369340301Z"}
{"http.req.id":"aec879f1-6399-483b-ae99-947b831c747b","http.req.method":"GET","http.req.path":"/product/OLJCESPC7Z","http.resp.bytes":8071,"http.resp.status":200,"http.resp.took_ms":203,"message":"request complete","session":"d7d3227d-0824-4f40-a472-c039f0192426","severity":"debug","timestamp":"2026-03-06T06:04:19.418668609Z"}
{"http.req.id":"48b782bb-d079-4460-9c2f-b24a679c5ae0","http.req.method":"GET","http.req.path":"/cart","http.resp.bytes":16462,"http.resp.status":200,"http.resp.took_ms":100,"message":"request complete","session":"f9734e3a-0615-43dc-908b-1b8be30715f4","severity":"debug","timestamp":"2026-03-06T06:04:19.42601703Z"}
{"http.req.id":"5a3a8248-9b10-4b98-a0c6-aef39763650b","http.req.method":"GET","http.req.path":"/_healthz","message":"request started","session":"x-liveness-probe","severity":"debug","timestamp":"2026-03-06T06:04:20.246000078Z"}
{"http.req.id":"5a3a8248-9b10-4b98-a0c6-aef39763650b","http.req.method":"GET","http.req.path":"/_healthz","http.resp.bytes":2,"http.resp.status":200,"http.resp.took_ms":0,"message":"request complete","session":"x-liveness-probe","severity":"debug","timestamp":"2026-03-06T06:04:20.246111191Z"}
{"http.req.id":"745e21ec-b900-4799-afcf-9cbcf9b93a0c","http.req.method":"POST","http.req.path":"/setCurrency","message":"request started","session":"89995d91-ad5c-4838-8317-c04497a5d805","severity":"debug","timestamp":"2026-03-06T06:04:21.90423796Z"}
{"curr.new":"USD","curr.old":"EUR","http.req.id":"745e21ec-b900-4799-afcf-9cbcf9b93a0c","http.req.method":"POST","http.req.path":"/setCurrency","message":"setting currency","session":"89995d91-ad5c-4838-8317-c04497a5d805","severity":"debug","timestamp":"2026-03-06T06:04:21.904442704Z"}
{"http.req.id":"745e21ec-b900-4799-afcf-9cbcf9b93a0c","http.req.method":"POST","http.req.path":"/setCurrency","http.resp.bytes":0,"http.resp.status":302,"http.resp.took_ms":0,"message":"request complete","session":"89995d91-ad5c-4838-8317-c04497a5d805","severity":"debug","timestamp":"2026-03-06T06:04:21.9045012Z"}
{"http.req.id":"497f133b-8826-4ca7-b192-a75de41f7851","http.req.method":"GET","http.req.path":"/","message":"request started","session":"89995d91-ad5c-4838-8317-c04497a5d805","severity":"debug","timestamp":"2026-03-06T06:04:21.906354358Z"}
{"currency":"USD","http.req.id":"497f133b-8826-4ca7-b192-a75de41f7851","http.req.method":"GET","http.req.path":"/","message":"home","session":"89995d91-ad5c-4838-8317-c04497a5d805","severity":"info","timestamp":"2026-03-06T06:04:21.90644552Z"}
env platform is either empty or invalid
{"http.req.id":"ffca0bf1-894e-4e82-b75c-b635ca3885f1","http.req.method":"GET","http.req.path":"/product/L9ECAV7KIM","message":"request started","session":"0994b18b-93e7-4775-a2c5-e29dc0e6d5bb","severity":"debug","timestamp":"2026-03-06T06:04:22.020220783Z"}
{"currency":"GBP","http.req.id":"ffca0bf1-894e-4e82-b75c-b635ca3885f1","http.req.method":"GET","http.req.path":"/product/L9ECAV7KIM","id":"L9ECAV7KIM","message":"serving product page","session":"0994b18b-93e7-4775-a2c5-e29dc0e6d5bb","severity":"debug","timestamp":"2026-03-06T06:04:22.020321648Z"}
{"http.req.id":"ffca0bf1-894e-4e82-b75c-b635ca3885f1","http.req.method":"GET","http.req.path":"/product/L9ECAV7KIM","http.resp.bytes":8055,"http.resp.status":200,"http.resp.took_ms":98,"message":"request complete","session":"0994b18b-93e7-4775-a2c5-e29dc0e6d5bb","severity":"debug","timestamp":"2026-03-06T06:04:22.118494384Z"}
{"http.req.id":"497f133b-8826-4ca7-b192-a75de41f7851","http.req.method":"GET","http.req.path":"/","message":"ENV_PLATFORM is: local","session":"89995d91-ad5c-4838-8317-c04497a5d805","severity":"debug","timestamp":"2026-03-06T06:04:22.156871225Z"}
{"http.req.id":"497f133b-8826-4ca7-b192-a75de41f7851","http.req.method":"GET","http.req.path":"/","http.resp.bytes":10589,"http.resp.status":200,"http.resp.took_ms":253,"message":"request complete","session":"89995d91-ad5c-4838-8317-c04497a5d805","severity":"debug","timestamp":"2026-03-06T06:04:22.159877706Z"}
{"http.req.id":"298f823f-2058-4b03-b075-90b16b80302f","http.req.method":"GET","http.req.path":"/product/0PUK6V6EV0","message":"request started","session":"fa2d8e54-c567-4c66-b702-8bb183ef4a46","severity":"debug","timestamp":"2026-03-06T06:04:22.89850209Z"}
{"currency":"GBP","http.req.id":"298f823f-2058-4b03-b075-90b16b80302f","http.req.method":"GET","http.req.path":"/product/0PUK6V6EV0","id":"0PUK6V6EV0","message":"serving product page","session":"fa2d8e54-c567-4c66-b702-8bb183ef4a46","severity":"debug","timestamp":"2026-03-06T06:04:22.898601606Z"}
{"http.req.id":"298f823f-2058-4b03-b075-90b16b80302f","http.req.method":"GET","http.req.path":"/product/0PUK6V6EV0","http.resp.bytes":8056,"http.resp.status":200,"http.resp.took_ms":36,"message":"request complete","session":"fa2d8e54-c567-4c66-b702-8bb183ef4a46","severity":"debug","timestamp":"2026-03-06T06:04:22.935290032Z"}
{"http.req.id":"854aa9e5-b239-440c-815f-7ee1d8dd29cb","http.req.method":"GET","http.req.path":"/_healthz","message":"request started","session":"x-readiness-probe","severity":"debug","timestamp":"2026-03-06T06:04:22.976044992Z"}
{"http.req.id":"854aa9e5-b239-440c-815f-7ee1d8dd29cb","http.req.method":"GET","http.req.path":"/_healthz","http.resp.bytes":2,"http.resp.status":200,"http.resp.took_ms":0,"message":"request complete","session":"x-readiness-probe","severity":"debug","timestamp":"2026-03-06T06:04:22.976174219Z"}
{"http.req.id":"4baae5bc-1690-4229-930d-ce77a15b84dc","http.req.method":"GET","http.req.path":"/product/1YMWWN1N4O","message":"request started","session":"ec0b6821-5225-4ee8-8ec0-1e3bbbdffabb","severity":"debug","timestamp":"2026-03-06T06:04:23.297536489Z"}
{"currency":"USD","http.req.id":"4baae5bc-1690-4229-930d-ce77a15b84dc","http.req.method":"GET","http.req.path":"/product/1YMWWN1N4O","id":"1YMWWN1N4O","message":"serving product page","session":"ec0b6821-5225-4ee8-8ec0-1e3bbbdffabb","severity":"debug","timestamp":"2026-03-06T06:04:23.297647024Z"}
{"http.req.id":"4baae5bc-1690-4229-930d-ce77a15b84dc","http.req.method":"GET","http.req.path":"/product/1YMWWN1N4O","http.resp.bytes":8044,"http.resp.status":200,"http.resp.took_ms":25,"message":"request complete","session":"ec0b6821-5225-4ee8-8ec0-1e3bbbdffabb","severity":"debug","timestamp":"2026-03-06T06:04:23.3231729Z"}
{"http.req.id":"cc33374d-ea68-4478-a332-b48923f09ae2","http.req.method":"GET","http.req.path":"/product/LS4PSXUNUM","message":"request started","session":"6e21104e-b0bf-4a85-b5c2-ac5af92fa69e","severity":"debug","timestamp":"2026-03-06T06:04:23.863623138Z"}
{"currency":"GBP","http.req.id":"cc33374d-ea68-4478-a332-b48923f09ae2","http.req.method":"GET","http.req.path":"/product/LS4PSXUNUM","id":"LS4PSXUNUM","message":"serving product page","session":"6e21104e-b0bf-4a85-b5c2-ac5af92fa69e","severity":"debug","timestamp":"2026-03-06T06:04:23.86371679Z"}
{"http.req.id":"cc33374d-ea68-4478-a332-b48923f09ae2","http.req.method":"GET","http.req.path":"/product/LS4PSXUNUM","http.resp.bytes":8047,"http.resp.status":200,"http.resp.took_ms":152,"message":"request complete","session":"6e21104e-b0bf-4a85-b5c2-ac5af92fa69e","severity":"debug","timestamp":"2026-03-06T06:04:24.01622046Z"}
