GetCartAsync called with userId=b1a1fb98-93d6-41f8-9605-e0c8a82d1d3c
AddItemAsync called with userId=b1a1fb98-93d6-41f8-9605-e0c8a82d1d3c, productId=LS4PSXUNUM, quantity=3
GetCartAsync called with userId=b1a1fb98-93d6-41f8-9605-e0c8a82d1d3c
GetCartAsync called with userId=eed418e8-7ab1-4992-b9a1-40aeb0d3dc43
GetCartAsync called with userId=b1a1fb98-93d6-41f8-9605-e0c8a82d1d3c
EmptyCartAsync called with userId=b1a1fb98-93d6-41f8-9605-e0c8a82d1d3c
GetCartAsync called with userId=3e105862-e07a-48bd-9f67-033f05224f8f
GetCartAsync called with userId=f9734e3a-0615-43dc-908b-1b8be30715f4
GetCartAsync called with userId=d7d3227d-0824-4f40-a472-c039f0192426
AddItemAsync called with userId=f9734e3a-0615-43dc-908b-1b8be30715f4, productId=OLJCESPC7Z, quantity=1
GetCartAsync called with userId=f9734e3a-0615-43dc-908b-1b8be30715f4
Checking CartService Health
GetCartAsync called with userId=89995d91-ad5c-4838-8317-c04497a5d805
GetCartAsync called with userId=0994b18b-93e7-4775-a2c5-e29dc0e6d5bb
Checking CartService Health
GetCartAsync called with userId=fa2d8e54-c567-4c66-b702-8bb183ef4a46
GetCartAsync called with userId=ec0b6821-5225-4ee8-8ec0-1e3bbbdffabb
GetCartAsync called with userId=6e21104e-b0bf-4a85-b5c2-ac5af92fa69e
GetCartAsync called with userId=fa2d8e54-c567-4c66-b702-8bb183ef4a46
GetCartAsync called with userId=3e105862-e07a-48bd-9f67-033f05224f8f
GetCartAsync called with userId=fa2d8e54-c567-4c66-b702-8bb183ef4a46
GetCartAsync called with userId=b1a1fb98-93d6-41f8-9605-e0c8a82d1d3c
AddItemAsync called with userId=b1a1fb98-93d6-41f8-9605-e0c8a82d1d3c, productId=6E92ZMYYFZ, quantity=9
GetCartAsync called with userId=b1a1fb98-93d6-41f8-9605-e0c8a82d1d3c
GetCartAsync called with userId=b1a1fb98-93d6-41f8-9605-e0c8a82d1d3c
EmptyCartAsync called with userId=b1a1fb98-93d6-41f8-9605-e0c8a82d1d3c
GetCartAsync called with userId=eed418e8-7ab1-4992-b9a1-40aeb0d3dc43
GetCartAsync called with userId=89995d91-ad5c-4838-8317-c04497a5d805
GetCartAsync called with userId=f9734e3a-0615-43dc-908b-1b8be30715f4
GetCartAsync called with userId=d7d3227d-0824-4f40-a472-c039f0192426
AddItemAsync called with userId=f9734e3a-0615-43dc-908b-1b8be30715f4, productId=2ZYFJ3GM2N, quantity=10
GetCartAsync called with userId=f9734e3a-0615-43dc-908b-1b8be30715f4
GetCartAsync called with userId=f9734e3a-0615-43dc-908b-1b8be30715f4
EmptyCartAsync called with userId=f9734e3a-0615-43dc-908b-1b8be30715f4
GetCartAsync called with userId=6e21104e-b0bf-4a85-b5c2-ac5af92fa69e
GetCartAsync called with userId=fa2d8e54-c567-4c66-b702-8bb183ef4a46
GetCartAsync called with userId=0994b18b-93e7-4775-a2c5-e29dc0e6d5bb
GetCartAsync called with userId=3e105862-e07a-48bd-9f67-033f05224f8f
Checking CartService Health
GetCartAsync called with userId=b1a1fb98-93d6-41f8-9605-e0c8a82d1d3c
GetCartAsync called with userId=89995d91-ad5c-4838-8317-c04497a5d805
GetCartAsync called with userId=ec0b6821-5225-4ee8-8ec0-1e3bbbdffabb
AddItemAsync called with userId=ec0b6821-5225-4ee8-8ec0-1e3bbbdffabb, productId=2ZYFJ3GM2N, quantity=4
GetCartAsync called with userId=ec0b6821-5225-4ee8-8ec0-1e3bbbdffabb
GetCartAsync called with userId=d7d3227d-0824-4f40-a472-c039f0192426
Checking CartService Health
GetCartAsync called with userId=eed418e8-7ab1-4992-b9a1-40aeb0d3dc43
AddItemAsync called with userId=eed418e8-7ab1-4992-b9a1-40aeb0d3dc43, productId=2ZYFJ3GM2N, quantity=8
GetCartAsync called with userId=eed418e8-7ab1-4992-b9a1-40aeb0d3dc43
GetCartAsync called with userId=fa2d8e54-c567-4c66-b702-8bb183ef4a46
GetCartAsync called with userId=ec0b6821-5225-4ee8-8ec0-1e3bbbdffabb
AddItemAsync called with userId=ec0b6821-5225-4ee8-8ec0-1e3bbbdffabb, productId=L9ECAV7KIM, quantity=10
GetCartAsync called with userId=ec0b6821-5225-4ee8-8ec0-1e3bbbdffabb
GetCartAsync called with userId=89995d91-ad5c-4838-8317-c04497a5d805
GetCartAsync called with userId=ec0b6821-5225-4ee8-8ec0-1e3bbbdffabb
GetCartAsync called with userId=3e105862-e07a-48bd-9f67-033f05224f8f
GetCartAsync called with userId=0994b18b-93e7-4775-a2c5-e29dc0e6d5bb
GetCartAsync called with userId=89995d91-ad5c-4838-8317-c04497a5d805
GetCartAsync called with userId=ec0b6821-5225-4ee8-8ec0-1e3bbbdffabb
GetCartAsync called with userId=b1a1fb98-93d6-41f8-9605-e0c8a82d1d3c
GetCartAsync called with userId=f9734e3a-0615-43dc-908b-1b8be30715f4
GetCartAsync called with userId=fa2d8e54-c567-4c66-b702-8bb183ef4a46
GetCartAsync called with userId=eed418e8-7ab1-4992-b9a1-40aeb0d3dc43
Checking CartService Health
GetCartAsync called with userId=ec0b6821-5225-4ee8-8ec0-1e3bbbdffabb
GetCartAsync called with userId=d7d3227d-0824-4f40-a472-c039f0192426
GetCartAsync called with userId=3e105862-e07a-48bd-9f67-033f05224f8f
Checking CartService Health
GetCartAsync called with userId=b1a1fb98-93d6-41f8-9605-e0c8a82d1d3c
GetCartAsync called with userId=6e21104e-b0bf-4a85-b5c2-ac5af92fa69e
GetCartAsync called with userId=3e105862-e07a-48bd-9f67-033f05224f8f
GetCartAsync called with userId=6e21104e-b0bf-4a85-b5c2-ac5af92fa69e
GetCartAsync called with userId=0994b18b-93e7-4775-a2c5-e29dc0e6d5bb
GetCartAsync called with userId=89995d91-ad5c-4838-8317-c04497a5d805
GetCartAsync called with userId=f9734e3a-0615-43dc-908b-1b8be30715f4
GetCartAsync called with userId=b1a1fb98-93d6-41f8-9605-e0c8a82d1d3c
GetCartAsync called with userId=d7d3227d-0824-4f40-a472-c039f0192426
GetCartAsync called with userId=ec0b6821-5225-4ee8-8ec0-1e3bbbdffabb
AddItemAsync called with userId=ec0b6821-5225-4ee8-8ec0-1e3bbbdffabb, productId=L9ECAV7KIM, quantity=6
GetCartAsync called with userId=ec0b6821-5225-4ee8-8ec0-1e3bbbdffabb
GetCartAsync called with userId=fa2d8e54-c567-4c66-b702-8bb183ef4a46
GetCartAsync called with userId=ec0b6821-5225-4ee8-8ec0-1e3bbbdffabb
EmptyCartAsync called with userId=ec0b6821-5225-4ee8-8ec0-1e3bbbdffabb
GetCartAsync called with userId=6e21104e-b0bf-4a85-b5c2-ac5af92fa69e
GetCartAsync called with userId=0994b18b-93e7-4775-a2c5-e29dc0e6d5bb
AddItemAsync called with userId=0994b18b-93e7-4775-a2c5-e29dc0e6d5bb, productId=2ZYFJ3GM2N, quantity=5
GetCartAsync called with userId=0994b18b-93e7-4775-a2c5-e29dc0e6d5bb
GetCartAsync called with userId=eed418e8-7ab1-4992-b9a1-40aeb0d3dc43
GetCartAsync called with userId=3e105862-e07a-48bd-9f67-033f05224f8f
Checking CartService Health
GetCartAsync called with userId=b1a1fb98-93d6-41f8-9605-e0c8a82d1d3c
GetCartAsync called with userId=89995d91-ad5c-4838-8317-c04497a5d805
AddItemAsync called with userId=89995d91-ad5c-4838-8317-c04497a5d805, productId=0PUK6V6EV0, quantity=10
GetCartAsync called with userId=89995d91-ad5c-4838-8317-c04497a5d805
Checking CartService Health
GetCartAsync called with userId=89995d91-ad5c-4838-8317-c04497a5d805
EmptyCartAsync called with userId=89995d91-ad5c-4838-8317-c04497a5d805
GetCartAsync called with userId=0994b18b-93e7-4775-a2c5-e29dc0e6d5bb
AddItemAsync called with userId=0994b18b-93e7-4775-a2c5-e29dc0e6d5bb, productId=6E92ZMYYFZ, quantity=1
GetCartAsync called with userId=0994b18b-93e7-4775-a2c5-e29dc0e6d5bb
