{"http.req.id":"9691fe65-0e06-41fc-a011-44875110ad5f","http.req.method":"GET","http.req.path":"/cart","message":"request started","session":"6e21104e-b0bf-4a85-b5c2-ac5af92fa69e","severity":"debug","timestamp":"2026-03-06T06:04:43.82733295Z"}
{"http.req.id":"9691fe65-0e06-41fc-a011-44875110ad5f","http.req.method":"GET","http.req.path":"/cart","message":"view user cart","session":"6e21104e-b0bf-4a85-b5c2-ac5af92fa69e","severity":"debug","timestamp":"2026-03-06T06:04:43.827432389Z"}
{"http.req.id":"9691fe65-0e06-41fc-a011-44875110ad5f","http.req.method":"GET","http.req.path":"/cart","http.resp.bytes":17887,"http.resp.status":200,"http.resp.took_ms":106,"message":"request complete","session":"6e21104e-b0bf-4a85-b5c2-ac5af92fa69e","severity":"debug","timestamp":"2026-03-06T06:04:43.933870225Z"}
{"http.req.id":"a9a326af-03e3-48f2-8af5-b7504033fee6","http.req.method":"GET","http.req.path":"/product/9SIQT8TOJO","message":"request started","session":"3e105862-e07a-48bd-9f67-033f05224f8f","severity":"debug","timestamp":"2026-03-06T06:04:45.262405482Z"}
{"currency":"JPY","http.req.id":"a9a326af-03e3-48f2-8af5-b7504033fee6","http.req.method":"GET","http.req.path":"/product/9SIQT8TOJO","id":"9SIQT8TOJO","message":"serving product page","session":"3e105862-e07a-48bd-9f67-033f05224f8f","severity":"debug","timestamp":"2026-03-06T06:04:45.262469752Z"}
{"http.req.id":"a9a326af-03e3-48f2-8af5-b7504033fee6","http.req.method":"GET","http.req.path":"/product/9SIQT8TOJO","http.resp.bytes":8085,"http.resp.status":200,"http.resp.took_ms":52,"message":"request complete","session":"3e105862-e07a-48bd-9f67-033f05224f8f","severity":"debug","timestamp":"2026-03-06T06:04:45.315220075Z"}
{"http.req.id":"e4e7c641-2ff1-48a6-88ff-7af0e513ce13","http.req.method":"GET","http.req.path":"/product/6E92ZMYYFZ","message":"request started","session":"6e21104e-b0bf-4a85-b5c2-ac5af92fa69e","severity":"debug","timestamp":"2026-03-06T06:04:45.613940438Z"}
{"currency":"JPY","http.req.id":"e4e7c641-2ff1-48a6-88ff-7af0e513ce13","http.req.method":"GET","http.req.path":"/product/6E92ZMYYFZ","id":"6E92ZMYYFZ","message":"serving product page","session":"6e21104e-b0bf-4a85-b5c2-ac5af92fa69e","severity":"debug","timestamp":"2026-03-06T06:04:45.614024608Z"}
{"http.req.id":"e4e7c641-2ff1-48a6-88ff-7af0e513ce13","http.req.method":"GET","http.req.path":"/product/6E92ZMYYFZ","http.resp.bytes":8014,"http.resp.status":200,"http.resp.took_ms":103,"message":"request complete","session":"6e21104e-b0bf-4a85-b5c2-ac5af92fa69e","severity":"debug","timestamp":"2026-03-06T06:04:45.717012575Z"}
{"http.req.id":"ad243730-1ac1-4e7c-a87e-92612fc23045","http.req.method":"GET","http.req.path":"/product/L9ECAV7KIM","message":"request started","session":"0994b18b-93e7-4775-a2c5-e29dc0e6d5bb","severity":"debug","timestamp":"2026-03-06T06:04:45.879405313Z"}
{"currency":"EUR","http.req.id":"ad243730-1ac1-4e7c-a87e-92612fc23045","http.req.method":"GET","http.req.path":"/product/L9ECAV7KIM","id":"L9ECAV7KIM","message":"serving product page","session":"0994b18b-93e7-4775-a2c5-e29dc0e6d5bb","severity":"debug","timestamp":"2026-03-06T06:04:45.879466623Z"}
{"http.req.id":"807eba12-4425-40e1-b257-8e95f084cc0e","http.req.method":"POST","http.req.path":"/setCurrency","message":"request started","session":"89995d91-ad5c-4838-8317-c04497a5d805","severity":"debug","timestamp":"2026-03-06T06:04:45.881428699Z"}
{"curr.new":"GBP","curr.old":"USD","http.req.id":"807eba12-4425-40e1-b257-8e95f084cc0e","http.req.method":"POST","http.req.path":"/setCurrency","message":"setting currency","session":"89995d91-ad5c-4838-8317-c04497a5d805","severity":"debug","timestamp":"2026-03-06T06:04:45.88156315Z"}
{"http.req.id":"807eba12-4425-40e1-b257-8e95f084cc0e","http.req.method":"POST","http.req.path":"/setCurrency","http.resp.bytes":0,"http.resp.status":302,"http.resp.took_ms":0,"message":"request complete","session":"89995d91-ad5c-4838-8317-c04497a5d805","severity":"debug","timestamp":"2026-03-06T06:04:45.881625581Z"}
{"http.req.id":"1f5899d5-8651-4408-a275-38711a6030a9","http.req.method":"GET","http.req.path":"/","message":"request started","session":"89995d91-ad5c-4838-8317-c04497a5d805","severity":"debug","timestamp":"2026-03-06T06:04:45.882805861Z"}
{"currency":"GBP","http.req.id":"1f5899d5-8651-4408-a275-38711a6030a9","http.req.method":"GET","http.req.path":"/","message":"home","session":"89995d91-ad5c-4838-8317-c04497a5d805","severity":"info","timestamp":"2026-03-06T06:04:45.882915761Z"}
env platform is either empty or invalid
{"http.req.id":"ad243730-1ac1-4e7c-a87e-92612fc23045","http.req.method":"GET","http.req.path":"/product/L9ECAV7KIM","http.resp.bytes":8037,"http.resp.status":200,"http.resp.took_ms":38,"message":"request complete","session":"0994b18b-93e7-4775-a2c5-e29dc0e6d5bb","severity":"debug","timestamp":"2026-03-06T06:04:45.918244501Z"}
{"http.req.id":"d52368e5-5f9d-4bdc-99c5-991e6de6c58b","http.req.method":"POST","http.req.path":"/setCurrency","message":"request started","session":"f9734e3a-0615-43dc-908b-1b8be30715f4","severity":"debug","timestamp":"2026-03-06T06:04:47.654033729Z"}
{"curr.new":"CAD","curr.old":"TRY","http.req.id":"d52368e5-5f9d-4bdc-99c5-991e6de6c58b","http.req.method":"POST","http.req.path":"/setCurrency","message":"setting currency","session":"f9734e3a-0615-43dc-908b-1b8be30715f4","severity":"debug","timestamp":"2026-03-06T06:04:47.654175973Z"}
{"http.req.id":"d52368e5-5f9d-4bdc-99c5-991e6de6c58b","http.req.method":"POST","http.req.path":"/setCurrency","http.resp.bytes":0,"http.resp.status":302,"http.resp.took_ms":0,"message":"request complete","session":"f9734e3a-0615-43dc-908b-1b8be30715f4","severity":"debug","timestamp":"2026-03-06T06:04:47.654207445Z"}
{"http.req.id":"84d645a8-1795-4adc-9810-49f59a9c433c","http.req.method":"GET","http.req.path":"/","message":"request started","session":"f9734e3a-0615-43dc-908b-1b8be30715f4","severity":"debug","timestamp":"2026-03-06T06:04:47.655302275Z"}
{"currency":"CAD","http.req.id":"84d645a8-1795-4adc-9810-49f59a9c433c","http.req.method":"GET","http.req.path":"/","message":"home","session":"f9734e3a-0615-43dc-908b-1b8be30715f4","severity":"info","timestamp":"2026-03-06T06:04:47.65536543Z"}
env platform is either empty or invalid
{"http.req.id":"99b3e725-7b29-49f7-982a-d3b8050c2f5c","http.req.method":"GET","http.req.path":"/product/2ZYFJ3GM2N","message":"request started","session":"b1a1fb98-93d6-41f8-9605-e0c8a82d1d3c","severity":"debug","timestamp":"2026-03-06T06:04:47.798220608Z"}
{"currency":"JPY","http.req.id":"99b3e725-7b29-49f7-982a-d3b8050c2f5c","http.req.method":"GET","http.req.path":"/product/2ZYFJ3GM2N","id":"2ZYFJ3GM2N","message":"serving product page","session":"b1a1fb98-93d6-41f8-9605-e0c8a82d1d3c","severity":"debug","timestamp":"2026-03-06T06:04:47.798280133Z"}
{"http.req.id":"99b3e725-7b29-49f7-982a-d3b8050c2f5c","http.req.method":"GET","http.req.path":"/product/2ZYFJ3GM2N","http.resp.bytes":7990,"http.resp.status":200,"http.resp.took_ms":17,"message":"request complete","session":"b1a1fb98-93d6-41f8-9605-e0c8a82d1d3c","severity":"debug","timestamp":"2026-03-06T06:04:47.815953527Z"}
{"http.req.id":"1124b0d5-cf77-44be-a3c3-f9a09059bf33","http.req.method":"GET","http.req.path":"/product/66VCHSJNUP","message":"request started","session":"d7d3227d-0824-4f40-a472-c039f0192426","severity":"debug","timestamp":"2026-03-06T06:04:47.945499851Z"}
{"currency":"EUR","http.req.id":"1124b0d5-cf77-44be-a3c3-f9a09059bf33","http.req.method":"GET","http.req.path":"/product/66VCHSJNUP","id":"66VCHSJNUP","message":"serving product page","session":"d7d3227d-0824-4f40-a472-c039f0192426","severity":"debug","timestamp":"2026-03-06T06:04:47.945597446Z"}
{"http.req.id":"c4a42e8a-1f3d-41c3-b14a-ba19adb887e1","http.req.method":"GET","http.req.path":"/product/L9ECAV7KIM","message":"request started","session":"ec0b6821-5225-4ee8-8ec0-1e3bbbdffabb","severity":"debug","timestamp":"2026-03-06T06:04:47.971195994Z"}
{"currency":"USD","http.req.id":"c4a42e8a-1f3d-41c3-b14a-ba19adb887e1","http.req.method":"GET","http.req.path":"/product/L9ECAV7KIM","id":"L9ECAV7KIM","message":"serving product page","session":"ec0b6821-5225-4ee8-8ec0-1e3bbbdffabb","severity":"debug","timestamp":"2026-03-06T06:04:47.971282902Z"}
{"http.req.id":"1124b0d5-cf77-44be-a3c3-f9a09059bf33","http.req.method":"GET","http.req.path":"/product/66VCHSJNUP","http.resp.bytes":8032,"http.resp.status":200,"http.resp.took_ms":76,"message":"request complete","session":"d7d3227d-0824-4f40-a472-c039f0192426","severity":"debug","timestamp":"2026-03-06T06:04:48.022335655Z"}
{"http.req.id":"c4a42e8a-1f3d-41c3-b14a-ba19adb887e1","http.req.method":"GET","http.req.path":"/product/L9ECAV7KIM","http.resp.bytes":8046,"http.resp.status":200,"http.resp.took_ms":54,"message":"request complete","session":"ec0b6821-5225-4ee8-8ec0-1e3bbbdffabb","severity":"debug","timestamp":"2026-03-06T06:04:48.025866021Z"}
{"http.req.id":"42c3c267-1b05-499b-a95f-0854c41d753f","http.req.method":"POST","http.req.path":"/cart","message":"request started","session":"ec0b6821-5225-4ee8-8ec0-1e3bbbdffabb","severity":"debug","timestamp":"2026-03-06T06:04:48.027149181Z"}
{"http.req.id":"42c3c267-1b05-499b-a95f-0854c41d753f","http.req.method":"POST","http.req.path":"/cart","message":"adding to cart","product":"L9ECAV7KIM","quantity":6,"session":"ec0b6821-5225-4ee8-8ec0-1e3bbbdffabb","severity":"debug","timestamp":"2026-03-06T06:04:48.027263429Z"}
{"http.req.id":"42c3c267-1b05-499b-a95f-0854c41d753f","http.req.method":"POST","http.req.path":"/cart","http.resp.bytes":0,"http.resp.status":302,"http.resp.took_ms":3,"message":"request complete","session":"ec0b6821-5225-4ee8-8ec0-1e3bbbdffabb","severity":"debug","timestamp":"2026-03-06T06:04:48.030402547Z"}
{"http.req.id":"5b7a6c42-edb2-45be-b38f-d993dac27221","http.req.method":"GET","http.req.path":"/cart","message":"request started","session":"ec0b6821-5225-4ee8-8ec0-1e3bbbdffabb","severity":"debug","timestamp":"2026-03-06T06:04:48.031822927Z"}
{"http.req.id":"5b7a6c42-edb2-45be-b38f-d993dac27221","http.req.method":"GET","http.req.path":"/cart","message":"view user cart","session":"ec0b6821-5225-4ee8-8ec0-1e3bbbdffabb","severity":"debug","timestamp":"2026-03-06T06:04:48.031892797Z"}
{"http.req.id":"f06b0b67-9237-41ea-b2e9-648e779b88f7","http.req.method":"GET","http.req.path":"/cart","message":"request started","session":"fa2d8e54-c567-4c66-b702-8bb183ef4a46","severity":"debug","timestamp":"2026-03-06T06:04:48.091660481Z"}
{"http.req.id":"f06b0b67-9237-41ea-b2e9-648e779b88f7","http.req.method":"GET","http.req.path":"/cart","message":"view user cart","session":"fa2d8e54-c567-4c66-b702-8bb183ef4a46","severity":"debug","timestamp":"2026-03-06T06:04:48.091763173Z"}
{"http.req.id":"5b7a6c42-edb2-45be-b38f-d993dac27221","http.req.method":"GET","http.req.path":"/cart","http.resp.bytes":20748,"http.resp.status":200,"http.resp.took_ms":103,"message":"request complete","session":"ec0b6821-5225-4ee8-8ec0-1e3bbbdffabb","severity":"debug","timestamp":"2026-03-06T06:04:48.135268829Z"}
{"http.req.id":"5ef206a9-ca46-4030-8b7c-f83e598f583c","http.req.method":"POST","http.req.path":"/cart/checkout","message":"request started","session":"ec0b6821-5225-4ee8-8ec0-1e3bbbdffabb","severity":"debug","timestamp":"2026-03-06T06:04:48.137089065Z"}
{"http.req.id":"5ef206a9-ca46-4030-8b7c-f83e598f583c","http.req.method":"POST","http.req.path":"/cart/checkout","message":"placing order","session":"ec0b6821-5225-4ee8-8ec0-1e3bbbdffabb","severity":"debug","timestamp":"2026-03-06T06:04:48.137157351Z"}
{"http.req.id":"5ef206a9-ca46-4030-8b7c-f83e598f583c","http.req.method":"POST","http.req.path":"/cart/checkout","message":"order placed","order":"618c8733-1922-11f1-af47-fabc357e427c","session":"ec0b6821-5225-4ee8-8ec0-1e3bbbdffabb","severity":"info","timestamp":"2026-03-06T06:04:48.209572768Z"}
{"http.req.id":"8206f03c-3e05-41ef-a780-a1104cd99baa","http.req.method":"GET","http.req.path":"/product/0PUK6V6EV0","message":"request started","session":"6e21104e-b0bf-4a85-b5c2-ac5af92fa69e","severity":"debug","timestamp":"2026-03-06T06:04:48.20972278Z"}
{"currency":"JPY","http.req.id":"8206f03c-3e05-41ef-a780-a1104cd99baa","http.req.method":"GET","http.req.path":"/product/0PUK6V6EV0","id":"0PUK6V6EV0","message":"serving product page","session":"6e21104e-b0bf-4a85-b5c2-ac5af92fa69e","severity":"debug","timestamp":"2026-03-06T06:04:48.209786775Z"}
{"http.req.id":"f06b0b67-9237-41ea-b2e9-648e779b88f7","http.req.method":"GET","http.req.path":"/cart","http.resp.bytes":17875,"http.resp.status":200,"http.resp.took_ms":132,"message":"request complete","session":"fa2d8e54-c567-4c66-b702-8bb183ef4a46","severity":"debug","timestamp":"2026-03-06T06:04:48.223897455Z"}
{"http.req.id":"5ef206a9-ca46-4030-8b7c-f83e598f583c","http.req.method":"POST","http.req.path":"/cart/checkout","http.resp.bytes":6806,"http.resp.status":200,"http.resp.took_ms":289,"message":"request complete","session":"ec0b6821-5225-4ee8-8ec0-1e3bbbdffabb","severity":"debug","timestamp":"2026-03-06T06:04:48.426120137Z"}
{"http.req.id":"8206f03c-3e05-41ef-a780-a1104cd99baa","http.req.method":"GET","http.req.path":"/product/0PUK6V6EV0","http.resp.bytes":8070,"http.resp.status":200,"http.resp.took_ms":306,"message":"request complete","session":"6e21104e-b0bf-4a85-b5c2-ac5af92fa69e","severity":"debug","timestamp":"2026-03-06T06:04:48.515773212Z"}
{"http.req.id":"68389048-6261-4d76-af72-22f899ed026d","http.req.method":"GET","http.req.path":"/product/2ZYFJ3GM2N","message":"request started","session":"0994b18b-93e7-4775-a2c5-e29dc0e6d5bb","severity":"debug","timestamp":"2026-03-06T06:04:49.012479691Z"}
{"currency":"EUR","http.req.id":"68389048-6261-4d76-af72-22f899ed026d","http.req.method":"GET","http.req.path":"/product/2ZYFJ3GM2N","id":"2ZYFJ3GM2N","message":"serving product page","session":"0994b18b-93e7-4775-a2c5-e29dc0e6d5bb","severity":"debug","timestamp":"2026-03-06T06:04:49.012557197Z"}
{"http.req.id":"68389048-6261-4d76-af72-22f899ed026d","http.req.method":"GET","http.req.path":"/product/2ZYFJ3GM2N","http.resp.bytes":8085,"http.resp.status":200,"http.resp.took_ms":103,"message":"request complete","session":"0994b18b-93e7-4775-a2c5-e29dc0e6d5bb","severity":"debug","timestamp":"2026-03-06T06:04:49.116132502Z"}
{"http.req.id":"d6ef426f-ff4b-40ae-82ac-4fb7e5513f6a","http.req.method":"POST","http.req.path":"/cart","message":"request started","session":"0994b18b-93e7-4775-a2c5-e29dc0e6d5bb","severity":"debug","timestamp":"2026-03-06T06:04:49.117185947Z"}
{"http.req.id":"d6ef426f-ff4b-40ae-82ac-4fb7e5513f6a","http.req.method":"POST","http.req.path":"/cart","message":"adding to cart","product":"2ZYFJ3GM2N","quantity":5,"session":"0994b18b-93e7-4775-a2c5-e29dc0e6d5bb","severity":"debug","timestamp":"2026-03-06T06:04:49.117304936Z"}
{"http.req.id":"d6ef426f-ff4b-40ae-82ac-4fb7e5513f6a","http.req.method":"POST","http.req.path":"/cart","http.resp.bytes":0,"http.resp.status":302,"http.resp.took_ms":2,"message":"request complete","session":"0994b18b-93e7-4775-a2c5-e29dc0e6d5bb","severity":"debug","timestamp":"2026-03-06T06:04:49.11989447Z"}
{"http.req.id":"7b2fcbba-d5cf-4ea3-a055-18249219cbee","http.req.method":"GET","http.req.path":"/cart","message":"request started","session":"0994b18b-93e7-4775-a2c5-e29dc0e6d5bb","severity":"debug","timestamp":"2026-03-06T06:04:49.12076186Z"}
{"http.req.id":"7b2fcbba-d5cf-4ea3-a055-18249219cbee","http.req.method":"GET","http.req.path":"/cart","message":"view user cart","session":"0994b18b-93e7-4775-a2c5-e29dc0e6d5bb","severity":"debug","timestamp":"2026-03-06T06:04:49.120812293Z"}
{"http.req.id":"7b2fcbba-d5cf-4ea3-a055-18249219cbee","http.req.method":"GET","http.req.path":"/cart","http.resp.bytes":19321,"http.resp.status":200,"http.resp.took_ms":16,"message":"request complete","session":"0994b18b-93e7-4775-a2c5-e29dc0e6d5bb","severity":"debug","timestamp":"2026-03-06T06:04:49.136833211Z"}
{"http.req.id":"0129d515-3608-4db4-86c5-c7f64b688181","http.req.method":"POST","http.req.path":"/setCurrency","message":"request started","session":"eed418e8-7ab1-4992-b9a1-40aeb0d3dc43","severity":"debug","timestamp":"2026-03-06T06:04:49.384371559Z"}
{"curr.new":"GBP","curr.old":"USD","http.req.id":"0129d515-3608-4db4-86c5-c7f64b688181","http.req.method":"POST","http.req.path":"/setCurrency","message":"setting currency","session":"eed418e8-7ab1-4992-b9a1-40aeb0d3dc43","severity":"debug","timestamp":"2026-03-06T06:04:49.384522586Z"}
{"http.req.id":"0129d515-3608-4db4-86c5-c7f64b688181","http.req.method":"POST","http.req.path":"/setCurrency","http.resp.bytes":0,"http.resp.status":302,"http.resp.took_ms":0,"message":"request complete","session":"eed418e8-7ab1-4992-b9a1-40aeb0d3dc43","severity":"debug","timestamp":"2026-03-06T06:04:49.384559454Z"}
{"http.req.id":"7b5f35b8-4a42-4721-ab9a-734d1cb9e3d2","http.req.method":"GET","http.req.path":"/","message":"request started","session":"eed418e8-7ab1-4992-b9a1-40aeb0d3dc43","severity":"debug","timestamp":"2026-03-06T06:04:49.38571346Z"}
{"currency":"GBP","http.req.id":"7b5f35b8-4a42-4721-ab9a-734d1cb9e3d2","http.req.method":"GET","http.req.path":"/","message":"home","session":"eed418e8-7ab1-4992-b9a1-40aeb0d3dc43","severity":"info","timestamp":"2026-03-06T06:04:49.385757877Z"}
env platform is either empty or invalid
{"http.req.id":"1f5899d5-8651-4408-a275-38711a6030a9","http.req.method":"GET","http.req.path":"/","message":"ENV_PLATFORM is: local","session":"89995d91-ad5c-4838-8317-c04497a5d805","severity":"debug","timestamp":"2026-03-06T06:04:49.904474576Z"}
{"http.req.id":"1f5899d5-8651-4408-a275-38711a6030a9","http.req.method":"GET","http.req.path":"/","http.resp.bytes":10598,"http.resp.status":200,"http.resp.took_ms":4024,"message":"request complete","session":"89995d91-ad5c-4838-8317-c04497a5d805","severity":"debug","timestamp":"2026-03-06T06:04:49.90702589Z"}
{"http.req.id":"b9cee51d-d780-4a40-8fbf-19681b7b979e","http.req.method":"GET","http.req.path":"/product/1YMWWN1N4O","message":"request started","session":"3e105862-e07a-48bd-9f67-033f05224f8f","severity":"debug","timestamp":"2026-03-06T06:04:49.963021579Z"}
{"currency":"JPY","http.req.id":"b9cee51d-d780-4a40-8fbf-19681b7b979e","http.req.method":"GET","http.req.path":"/product/1YMWWN1N4O","id":"1YMWWN1N4O","message":"serving product page","session":"3e105862-e07a-48bd-9f67-033f05224f8f","severity":"debug","timestamp":"2026-03-06T06:04:49.963104374Z"}
{"http.req.id":"b9cee51d-d780-4a40-8fbf-19681b7b979e","http.req.method":"GET","http.req.path":"/product/1YMWWN1N4O","http.resp.bytes":8083,"http.resp.status":200,"http.resp.took_ms":56,"message":"request complete","session":"3e105862-e07a-48bd-9f67-033f05224f8f","severity":"debug","timestamp":"2026-03-06T06:04:50.019331413Z"}
{"http.req.id":"431c3235-5fa3-4ce7-a73e-98552057d00f","http.req.method":"GET","http.req.path":"/_healthz","message":"request started","session":"x-liveness-probe","severity":"debug","timestamp":"2026-03-06T06:04:50.246230135Z"}
{"http.req.id":"431c3235-5fa3-4ce7-a73e-98552057d00f","http.req.method":"GET","http.req.path":"/_healthz","http.resp.bytes":2,"http.resp.status":200,"http.resp.took_ms":0,"message":"request complete","session":"x-liveness-probe","severity":"debug","timestamp":"2026-03-06T06:04:50.246292569Z"}
{"http.req.id":"2efd7546-a368-4d3c-86d9-a13b99775f96","http.req.method":"GET","http.req.path":"/product/L9ECAV7KIM","message":"request started","session":"b1a1fb98-93d6-41f8-9605-e0c8a82d1d3c","severity":"debug","timestamp":"2026-03-06T06:04:51.640342339Z"}
{"currency":"JPY","http.req.id":"2efd7546-a368-4d3c-86d9-a13b99775f96","http.req.method":"GET","http.req.path":"/product/L9ECAV7KIM","id":"L9ECAV7KIM","message":"serving product page","session":"b1a1fb98-93d6-41f8-9605-e0c8a82d1d3c","severity":"debug","timestamp":"2026-03-06T06:04:51.640454456Z"}
{"http.req.id":"84d645a8-1795-4adc-9810-49f59a9c433c","http.req.method":"GET","http.req.path":"/","message":"ENV_PLATFORM is: local","session":"f9734e3a-0615-43dc-908b-1b8be30715f4","severity":"debug","timestamp":"2026-03-06T06:04:51.671323185Z"}
{"http.req.id":"84d645a8-1795-4adc-9810-49f59a9c433c","http.req.method":"GET","http.req.path":"/","http.resp.bytes":10501,"http.resp.status":200,"http.resp.took_ms":4019,"message":"request complete","session":"f9734e3a-0615-43dc-908b-1b8be30715f4","severity":"debug","timestamp":"2026-03-06T06:04:51.674534776Z"}
{"http.req.id":"0fa4967d-782e-4407-9384-caa31c843c4b","http.req.method":"GET","http.req.path":"/product/0PUK6V6EV0","message":"request started","session":"89995d91-ad5c-4838-8317-c04497a5d805","severity":"debug","timestamp":"2026-03-06T06:04:51.736997683Z"}
{"currency":"GBP","http.req.id":"0fa4967d-782e-4407-9384-caa31c843c4b","http.req.method":"GET","http.req.path":"/product/0PUK6V6EV0","id":"0PUK6V6EV0","message":"serving product page","session":"89995d91-ad5c-4838-8317-c04497a5d805","severity":"debug","timestamp":"2026-03-06T06:04:51.737051606Z"}
{"http.req.id":"2efd7546-a368-4d3c-86d9-a13b99775f96","http.req.method":"GET","http.req.path":"/product/L9ECAV7KIM","http.resp.bytes":7983,"http.resp.status":200,"http.resp.took_ms":289,"message":"request complete","session":"b1a1fb98-93d6-41f8-9605-e0c8a82d1d3c","severity":"debug","timestamp":"2026-03-06T06:04:51.930336279Z"}
{"http.req.id":"0fa4967d-782e-4407-9384-caa31c843c4b","http.req.method":"GET","http.req.path":"/product/0PUK6V6EV0","http.resp.bytes":8030,"http.resp.status":200,"http.resp.took_ms":289,"message":"request complete","session":"89995d91-ad5c-4838-8317-c04497a5d805","severity":"debug","timestamp":"2026-03-06T06:04:52.026153593Z"}
{"http.req.id":"2505632e-245a-4581-8d6f-3f3241c4675b","http.req.method":"POST","http.req.path":"/cart","message":"request started","session":"89995d91-ad5c-4838-8317-c04497a5d805","severity":"debug","timestamp":"2026-03-06T06:04:52.027638931Z"}
{"http.req.id":"2505632e-245a-4581-8d6f-3f3241c4675b","http.req.method":"POST","http.req.path":"/cart","message":"adding to cart","product":"0PUK6V6EV0","quantity":10,"session":"89995d91-ad5c-4838-8317-c04497a5d805","severity":"debug","timestamp":"2026-03-06T06:04:52.027840512Z"}
{"http.req.id":"2505632e-245a-4581-8d6f-3f3241c4675b","http.req.method":"POST","http.req.path":"/cart","http.resp.bytes":0,"http.resp.status":302,"http.resp.took_ms":9,"message":"request complete","session":"89995d91-ad5c-4838-8317-c04497a5d805","severity":"debug","timestamp":"2026-03-06T06:04:52.037504593Z"}
{"http.req.id":"b0cc8612-a418-4aaf-b32a-39689e10f3c1","http.req.method":"GET","http.req.path":"/cart","message":"request started","session":"89995d91-ad5c-4838-8317-c04497a5d805","severity":"debug","timestamp":"2026-03-06T06:04:52.03902477Z"}
{"http.req.id":"b0cc8612-a418-4aaf-b32a-39689e10f3c1","http.req.method":"GET","http.req.path":"/cart","message":"view user cart","session":"89995d91-ad5c-4838-8317-c04497a5d805","severity":"debug","timestamp":"2026-03-06T06:04:52.0391665Z"}
{"http.req.id":"b0cc8612-a418-4aaf-b32a-39689e10f3c1","http.req.method":"GET","http.req.path":"/cart","http.resp.bytes":23221,"http.resp.status":200,"http.resp.took_ms":504,"message":"request complete","session":"89995d91-ad5c-4838-8317-c04497a5d805","severity":"debug","timestamp":"2026-03-06T06:04:52.543866199Z"}
{"http.req.id":"945642b6-1fa9-4fd7-9256-675be359e6d7","http.req.method":"POST","http.req.path":"/cart/checkout","message":"request started","session":"89995d91-ad5c-4838-8317-c04497a5d805","severity":"debug","timestamp":"2026-03-06T06:04:52.545668564Z"}
{"http.req.id":"945642b6-1fa9-4fd7-9256-675be359e6d7","http.req.method":"POST","http.req.path":"/cart/checkout","message":"placing order","session":"89995d91-ad5c-4838-8317-c04497a5d805","severity":"debug","timestamp":"2026-03-06T06:04:52.545732061Z"}
{"http.req.id":"945642b6-1fa9-4fd7-9256-675be359e6d7","http.req.method":"POST","http.req.path":"/cart/checkout","message":"order placed","order":"642d3ead-1922-11f1-af47-fabc357e427c","session":"89995d91-ad5c-4838-8317-c04497a5d805","severity":"info","timestamp":"2026-03-06T06:04:52.630367812Z"}
{"http.req.id":"132a9ec3-ecc8-4eae-84b3-a93a817ada5f","http.req.method":"GET","http.req.path":"/product/6E92ZMYYFZ","message":"request started","session":"0994b18b-93e7-4775-a2c5-e29dc0e6d5bb","severity":"debug","timestamp":"2026-03-06T06:04:52.804080807Z"}
{"currency":"EUR","http.req.id":"132a9ec3-ecc8-4eae-84b3-a93a817ada5f","http.req.method":"GET","http.req.path":"/product/6E92ZMYYFZ","id":"6E92ZMYYFZ","message":"serving product page","session":"0994b18b-93e7-4775-a2c5-e29dc0e6d5bb","severity":"debug","timestamp":"2026-03-06T06:04:52.804184649Z"}
{"http.req.id":"c85a0342-47f5-4443-bf1c-43f18252e46a","http.req.method":"GET","http.req.path":"/_healthz","message":"request started","session":"x-readiness-probe","severity":"debug","timestamp":"2026-03-06T06:04:52.976162226Z"}
{"http.req.id":"c85a0342-47f5-4443-bf1c-43f18252e46a","http.req.method":"GET","http.req.path":"/_healthz","http.resp.bytes":2,"http.resp.status":200,"http.resp.took_ms":0,"message":"request complete","session":"x-readiness-probe","severity":"debug","timestamp":"2026-03-06T06:04:52.976268077Z"}
{"http.req.id":"945642b6-1fa9-4fd7-9256-675be359e6d7","http.req.method":"POST","http.req.path":"/cart/checkout","http.resp.bytes":6796,"http.resp.status":200,"http.resp.took_ms":472,"message":"request complete","session":"89995d91-ad5c-4838-8317-c04497a5d805","severity":"debug","timestamp":"2026-03-06T06:04:53.01863525Z"}
{"http.req.id":"132a9ec3-ecc8-4eae-84b3-a93a817ada5f","http.req.method":"GET","http.req.path":"/product/6E92ZMYYFZ","http.resp.bytes":8052,"http.resp.status":200,"http.resp.took_ms":315,"message":"request complete","session":"0994b18b-93e7-4775-a2c5-e29dc0e6d5bb","severity":"debug","timestamp":"2026-03-06T06:04:53.119688105Z"}
{"http.req.id":"20e1a6ec-9df3-44df-96f2-75e7cd2f95c7","http.req.method":"POST","http.req.path":"/cart","message":"request started","session":"0994b18b-93e7-4775-a2c5-e29dc0e6d5bb","severity":"debug","timestamp":"2026-03-06T06:04:53.1210146Z"}
{"http.req.id":"20e1a6ec-9df3-44df-96f2-75e7cd2f95c7","http.req.method":"POST","http.req.path":"/cart","message":"adding to cart","product":"6E92ZMYYFZ","quantity":1,"session":"0994b18b-93e7-4775-a2c5-e29dc0e6d5bb","severity":"debug","timestamp":"2026-03-06T06:04:53.121201961Z"}
{"http.req.id":"20e1a6ec-9df3-44df-96f2-75e7cd2f95c7","http.req.method":"POST","http.req.path":"/cart","http.resp.bytes":0,"http.resp.status":302,"http.resp.took_ms":4,"message":"request complete","session":"0994b18b-93e7-4775-a2c5-e29dc0e6d5bb","severity":"debug","timestamp":"2026-03-06T06:04:53.125183071Z"}
{"http.req.id":"f5d24005-b825-4575-818d-4a0674e40c7c","http.req.method":"GET","http.req.path":"/cart","message":"request started","session":"0994b18b-93e7-4775-a2c5-e29dc0e6d5bb","severity":"debug","timestamp":"2026-03-06T06:04:53.126503925Z"}
{"http.req.id":"f5d24005-b825-4575-818d-4a0674e40c7c","http.req.method":"GET","http.req.path":"/cart","message":"view user cart","session":"0994b18b-93e7-4775-a2c5-e29dc0e6d5bb","severity":"debug","timestamp":"2026-03-06T06:04:53.126644888Z"}
{"http.req.id":"7b5f35b8-4a42-4721-ab9a-734d1cb9e3d2","http.req.method":"GET","http.req.path":"/","message":"ENV_PLATFORM is: local","session":"eed418e8-7ab1-4992-b9a1-40aeb0d3dc43","severity":"debug","timestamp":"2026-03-06T06:04:53.404019479Z"}
