{"message":"order confirmation email sent to \"deckermolly@example.net\"","severity":"info","timestamp":"2026-03-25T12:10:10.865582089Z"}
{"message":"[PlaceOrder] user_id=\"827eab86-1aba-4a15-8740-5fee5900d10f\" user_currency=\"JPY\"","severity":"info","timestamp":"2026-03-25T12:10:17.962868172Z"}
{"message":"payment went through (transaction_id: 6f58bcfc-6378-493d-a76e-037d33b581ef)","severity":"info","timestamp":"2026-03-25T12:10:17.98104675Z"}
{"message":"order confirmation email sent to \"kathleenmadden@example.com\"","severity":"info","timestamp":"2026-03-25T12:10:17.986917512Z"}
{"message":"[PlaceOrder] user_id=\"514e00c6-206e-4c6e-873f-852b796455de\" user_currency=\"GBP\"","severity":"info","timestamp":"2026-03-25T12:10:30.304801548Z"}
{"message":"payment went through (transaction_id: 8006e1f5-a7d1-44d1-91fd-c2c46892d956)","severity":"info","timestamp":"2026-03-25T12:10:30.320769777Z"}
{"message":"order confirmation email sent to \"zfrederick@example.com\"","severity":"info","timestamp":"2026-03-25T12:10:30.326268667Z"}
{"message":"[PlaceOrder] user_id=\"a38c2610-1665-4c93-8051-4c451f5de325\" user_currency=\"GBP\"","severity":"info","timestamp":"2026-03-25T12:10:30.81987479Z"}
{"message":"payment went through (transaction_id: a50cb552-66e9-46bb-838d-6f34841565f0)","severity":"info","timestamp":"2026-03-25T12:10:30.846218019Z"}
{"message":"order confirmation email sent to \"rogerpark@example.org\"","severity":"info","timestamp":"2026-03-25T12:10:30.851895443Z"}
{"message":"[PlaceOrder] user_id=\"df4ce93a-5d92-40a8-93c2-540bf11bbb4d\" user_currency=\"CAD\"","severity":"info","timestamp":"2026-03-25T12:10:35.333774543Z"}
{"message":"payment went through (transaction_id: f65031f8-7800-4641-aa26-e931eabe964f)","severity":"info","timestamp":"2026-03-25T12:10:35.343870199Z"}
{"message":"order confirmation email sent to \"philiprobles@example.net\"","severity":"info","timestamp":"2026-03-25T12:10:35.348465771Z"}
{"message":"[PlaceOrder] user_id=\"2d3bf3d7-22b5-49c9-8227-12126292f393\" user_currency=\"JPY\"","severity":"info","timestamp":"2026-03-25T12:11:22.019337631Z"}
{"message":"payment went through (transaction_id: e86d5629-9137-4c82-9021-bf702407f08a)","severity":"info","timestamp":"2026-03-25T12:11:22.042884429Z"}
{"message":"order confirmation email sent to \"jmcpherson@example.com\"","severity":"info","timestamp":"2026-03-25T12:11:22.112555137Z"}
{"message":"[PlaceOrder] user_id=\"513dd945-739c-4fe3-8e54-6e6927fbb733\" user_currency=\"USD\"","severity":"info","timestamp":"2026-03-25T12:11:22.716580613Z"}
{"message":"payment went through (transaction_id: b13c596a-a42e-4b42-98ec-24fc5644df5f)","severity":"info","timestamp":"2026-03-25T12:11:22.727861334Z"}
{"message":"order confirmation email sent to \"michael53@example.net\"","severity":"info","timestamp":"2026-03-25T12:11:22.732325671Z"}
{"message":"[PlaceOrder] user_id=\"513dd945-739c-4fe3-8e54-6e6927fbb733\" user_currency=\"USD\"","severity":"info","timestamp":"2026-03-25T12:11:45.358164884Z"}
{"message":"payment went through (transaction_id: 6be01005-5c0a-4978-90ad-11ce4c277507)","severity":"info","timestamp":"2026-03-25T12:11:45.370354107Z"}
{"message":"order confirmation email sent to \"taramartin@example.net\"","severity":"info","timestamp":"2026-03-25T12:11:45.375548639Z"}
{"message":"[PlaceOrder] user_id=\"32217267-98ca-4d66-9fc8-3f088b8def0f\" user_currency=\"GBP\"","severity":"info","timestamp":"2026-03-25T12:11:49.07759824Z"}
{"message":"payment went through (transaction_id: 7f50743f-4c9a-4f28-b381-4150e9bb8be4)","severity":"info","timestamp":"2026-03-25T12:11:49.097301328Z"}
{"message":"order confirmation email sent to \"christopher38@example.com\"","severity":"info","timestamp":"2026-03-25T12:11:49.105347307Z"}
{"message":"[PlaceOrder] user_id=\"514e00c6-206e-4c6e-873f-852b796455de\" user_currency=\"USD\"","severity":"info","timestamp":"2026-03-25T12:12:51.194758789Z"}
{"message":"payment went through (transaction_id: 609c1751-6e76-46bd-bb7d-c252d8807eb4)","severity":"info","timestamp":"2026-03-25T12:12:51.211574895Z"}
{"message":"order confirmation email sent to \"terrylinda@example.org\"","severity":"info","timestamp":"2026-03-25T12:12:51.216628627Z"}
{"message":"[PlaceOrder] user_id=\"2d3bf3d7-22b5-49c9-8227-12126292f393\" user_currency=\"TRY\"","severity":"info","timestamp":"2026-03-25T12:12:59.182266893Z"}
{"message":"payment went through (transaction_id: a98402f0-e6c8-490e-99c1-aaad95dfa7b3)","severity":"info","timestamp":"2026-03-25T12:12:59.197891666Z"}
{"message":"order confirmation email sent to \"carrie02@example.com\"","severity":"info","timestamp":"2026-03-25T12:12:59.203868151Z"}
{"message":"[PlaceOrder] user_id=\"df4ce93a-5d92-40a8-93c2-540bf11bbb4d\" user_currency=\"USD\"","severity":"info","timestamp":"2026-03-25T12:13:14.85546591Z"}
{"message":"payment went through (transaction_id: 95c0e1f4-2f6a-463b-af40-88ea822a8563)","severity":"info","timestamp":"2026-03-25T12:13:14.865806626Z"}
{"message":"order confirmation email sent to \"zflores@example.com\"","severity":"info","timestamp":"2026-03-25T12:13:14.869698898Z"}
{"message":"[PlaceOrder] user_id=\"df4ce93a-5d92-40a8-93c2-540bf11bbb4d\" user_currency=\"USD\"","severity":"info","timestamp":"2026-03-25T12:13:33.856311794Z"}
{"message":"payment went through (transaction_id: c3b5ae64-23ca-424d-9722-968014bd6f72)","severity":"info","timestamp":"2026-03-25T12:13:33.86831755Z"}
{"message":"order confirmation email sent to \"connorcampbell@example.com\"","severity":"info","timestamp":"2026-03-25T12:13:33.872714338Z"}
{"message":"[PlaceOrder] user_id=\"694745d8-a179-4c65-83d6-9ed873a7b94b\" user_currency=\"GBP\"","severity":"info","timestamp":"2026-03-25T12:13:36.74288385Z"}
{"message":"payment went through (transaction_id: 4dc39537-6ce1-49a6-8349-18275be14d06)","severity":"info","timestamp":"2026-03-25T12:13:36.773776902Z"}
{"message":"order confirmation email sent to \"abigail51@example.com\"","severity":"info","timestamp":"2026-03-25T12:13:36.843053967Z"}
{"message":"[PlaceOrder] user_id=\"694745d8-a179-4c65-83d6-9ed873a7b94b\" user_currency=\"GBP\"","severity":"info","timestamp":"2026-03-25T12:13:52.824035707Z"}
{"message":"payment went through (transaction_id: 3bf74ea7-d94f-4867-9cce-78fe15366850)","severity":"info","timestamp":"2026-03-25T12:13:52.83695415Z"}
{"message":"order confirmation email sent to \"hburke@example.com\"","severity":"info","timestamp":"2026-03-25T12:13:52.846066247Z"}
{"message":"[PlaceOrder] user_id=\"a38c2610-1665-4c93-8051-4c451f5de325\" user_currency=\"USD\"","severity":"info","timestamp":"2026-03-25T12:14:02.511974235Z"}
{"message":"payment went through (transaction_id: a0bc0d02-90d9-445e-8afe-34c9f3bc12a6)","severity":"info","timestamp":"2026-03-25T12:14:02.609513659Z"}
{"message":"order confirmation email sent to \"iphillips@example.net\"","severity":"info","timestamp":"2026-03-25T12:14:02.615791789Z"}
{"message":"[PlaceOrder] user_id=\"df4ce93a-5d92-40a8-93c2-540bf11bbb4d\" user_currency=\"USD\"","severity":"info","timestamp":"2026-03-25T12:14:13.899254302Z"}
{"message":"payment went through (transaction_id: c7d14d5d-e6e3-44e5-baed-3db3f30f3edd)","severity":"info","timestamp":"2026-03-25T12:14:13.929256399Z"}
{"message":"order confirmation email sent to \"patriciasmith@example.com\"","severity":"info","timestamp":"2026-03-25T12:14:13.935884246Z"}
{"message":"[PlaceOrder] user_id=\"a38c2610-1665-4c93-8051-4c451f5de325\" user_currency=\"USD\"","severity":"info","timestamp":"2026-03-25T12:14:15.130660127Z"}
{"message":"payment went through (transaction_id: c9abc8c3-0044-4b55-a9ab-73d790667d8c)","severity":"info","timestamp":"2026-03-25T12:14:15.306411265Z"}
{"message":"order confirmation email sent to \"charles19@example.net\"","severity":"info","timestamp":"2026-03-25T12:14:15.398101432Z"}
{"message":"[PlaceOrder] user_id=\"32217267-98ca-4d66-9fc8-3f088b8def0f\" user_currency=\"GBP\"","severity":"info","timestamp":"2026-03-25T12:14:17.622212386Z"}
{"message":"payment went through (transaction_id: 8ec1eed9-7ef2-495b-aaee-1f0725830d86)","severity":"info","timestamp":"2026-03-25T12:14:17.644654145Z"}
{"message":"order confirmation email sent to \"mark85@example.com\"","severity":"info","timestamp":"2026-03-25T12:14:17.651186262Z"}
{"message":"[PlaceOrder] user_id=\"2d3bf3d7-22b5-49c9-8227-12126292f393\" user_currency=\"CAD\"","severity":"info","timestamp":"2026-03-25T12:14:29.972729462Z"}
{"message":"payment went through (transaction_id: 368b3739-428c-451a-9ad0-a07a448b20b5)","severity":"info","timestamp":"2026-03-25T12:14:29.993763533Z"}
{"message":"order confirmation email sent to \"xdavis@example.net\"","severity":"info","timestamp":"2026-03-25T12:14:30.000668373Z"}
{"message":"[PlaceOrder] user_id=\"514e00c6-206e-4c6e-873f-852b796455de\" user_currency=\"JPY\"","severity":"info","timestamp":"2026-03-25T12:14:31.062210444Z"}
{"message":"payment went through (transaction_id: 2a8eb8f9-a8eb-4413-a0f9-269ba1cedf69)","severity":"info","timestamp":"2026-03-25T12:14:31.105236426Z"}
{"message":"order confirmation email sent to \"fdavis@example.org\"","severity":"info","timestamp":"2026-03-25T12:14:31.119581407Z"}
{"message":"[PlaceOrder] user_id=\"ecb080bf-5333-403f-9547-c8725d499228\" user_currency=\"USD\"","severity":"info","timestamp":"2026-03-25T12:14:43.557958988Z"}
{"message":"payment went through (transaction_id: 78e722e0-8327-41a7-b598-078ee509c101)","severity":"info","timestamp":"2026-03-25T12:14:43.675381211Z"}
{"message":"order confirmation email sent to \"phelpswilliam@example.com\"","severity":"info","timestamp":"2026-03-25T12:14:43.760520915Z"}
{"message":"[PlaceOrder] user_id=\"a38c2610-1665-4c93-8051-4c451f5de325\" user_currency=\"USD\"","severity":"info","timestamp":"2026-03-25T12:14:45.181411654Z"}
{"message":"payment went through (transaction_id: 4762c2af-1127-40a3-9471-a8f76352ec2a)","severity":"info","timestamp":"2026-03-25T12:14:45.195443082Z"}
{"message":"order confirmation email sent to \"walterssarah@example.org\"","severity":"info","timestamp":"2026-03-25T12:14:45.20392616Z"}
{"message":"[PlaceOrder] user_id=\"513dd945-739c-4fe3-8e54-6e6927fbb733\" user_currency=\"JPY\"","severity":"info","timestamp":"2026-03-25T12:14:59.039933078Z"}
{"message":"payment went through (transaction_id: ce3c16b0-545e-49ae-9889-d26516d3cc5c)","severity":"info","timestamp":"2026-03-25T12:14:59.071531696Z"}
{"message":"order confirmation email sent to \"wilsonthomas@example.org\"","severity":"info","timestamp":"2026-03-25T12:14:59.078436932Z"}
{"message":"[PlaceOrder] user_id=\"513dd945-739c-4fe3-8e54-6e6927fbb733\" user_currency=\"JPY\"","severity":"info","timestamp":"2026-03-25T12:15:12.329211409Z"}
{"message":"payment went through (transaction_id: cf753d33-c0ca-4f21-b667-159374db756a)","severity":"info","timestamp":"2026-03-25T12:15:12.339463588Z"}
{"message":"order confirmation email sent to \"jamie22@example.com\"","severity":"info","timestamp":"2026-03-25T12:15:12.345747827Z"}
{"message":"[PlaceOrder] user_id=\"32217267-98ca-4d66-9fc8-3f088b8def0f\" user_currency=\"EUR\"","severity":"info","timestamp":"2026-03-25T12:15:15.745212249Z"}
{"message":"payment went through (transaction_id: 16ab0ff1-12fb-4af8-97ac-e7f00dbeddb0)","severity":"info","timestamp":"2026-03-25T12:15:15.756785584Z"}
{"message":"order confirmation email sent to \"xlloyd@example.org\"","severity":"info","timestamp":"2026-03-25T12:15:15.76352209Z"}
{"message":"[PlaceOrder] user_id=\"32217267-98ca-4d66-9fc8-3f088b8def0f\" user_currency=\"EUR\"","severity":"info","timestamp":"2026-03-25T12:15:35.875304651Z"}
{"message":"payment went through (transaction_id: 6747a1ea-2fd4-4e4e-bc23-6697f978ae26)","severity":"info","timestamp":"2026-03-25T12:15:35.887737618Z"}
{"message":"order confirmation email sent to \"warnerdaniel@example.org\"","severity":"info","timestamp":"2026-03-25T12:15:35.905710496Z"}
{"message":"[PlaceOrder] user_id=\"df4ce93a-5d92-40a8-93c2-540bf11bbb4d\" user_currency=\"CAD\"","severity":"info","timestamp":"2026-03-25T12:16:13.163420019Z"}
{"message":"payment went through (transaction_id: b949d183-a4d7-4f1c-b761-1f835575e659)","severity":"info","timestamp":"2026-03-25T12:16:13.23652743Z"}
{"message":"order confirmation email sent to \"harperwilliam@example.com\"","severity":"info","timestamp":"2026-03-25T12:16:13.248415126Z"}
{"message":"[PlaceOrder] user_id=\"df4ce93a-5d92-40a8-93c2-540bf11bbb4d\" user_currency=\"CAD\"","severity":"info","timestamp":"2026-03-25T12:16:35.651086165Z"}
{"message":"payment went through (transaction_id: 9eda56c0-852f-4fd4-9ba6-c8ae116f1c88)","severity":"info","timestamp":"2026-03-25T12:16:35.736201632Z"}
{"message":"order confirmation email sent to \"tinahale@example.net\"","severity":"info","timestamp":"2026-03-25T12:16:35.747873929Z"}
{"message":"[PlaceOrder] user_id=\"513dd945-739c-4fe3-8e54-6e6927fbb733\" user_currency=\"USD\"","severity":"info","timestamp":"2026-03-25T12:16:35.950602135Z"}
{"message":"payment went through (transaction_id: 6ce41d5b-0685-4b8c-9a11-e082e1771e3d)","severity":"info","timestamp":"2026-03-25T12:16:35.965777345Z"}
{"message":"order confirmation email sent to \"ramseyjoseph@example.org\"","severity":"info","timestamp":"2026-03-25T12:16:35.974422408Z"}
{"message":"[PlaceOrder] user_id=\"fcb2831f-0627-4791-ac1d-23821dc5b140\" user_currency=\"CAD\"","severity":"info","timestamp":"2026-03-25T12:16:36.557211594Z"}
{"message":"payment went through (transaction_id: 028a441c-ddaa-4e9e-9f02-5efee9db3dbe)","severity":"info","timestamp":"2026-03-25T12:16:36.579191849Z"}
{"message":"order confirmation email sent to \"oking@example.net\"","severity":"info","timestamp":"2026-03-25T12:16:36.589237124Z"}
{"message":"[PlaceOrder] user_id=\"694745d8-a179-4c65-83d6-9ed873a7b94b\" user_currency=\"CAD\"","severity":"info","timestamp":"2026-03-25T12:17:00.827128992Z"}
{"message":"payment went through (transaction_id: cccf972d-c990-4dc1-a898-f700868a69c9)","severity":"info","timestamp":"2026-03-25T12:17:00.843609425Z"}
{"message":"order confirmation email sent to \"ypaul@example.com\"","severity":"info","timestamp":"2026-03-25T12:17:00.850058294Z"}
{"message":"[PlaceOrder] user_id=\"513dd945-739c-4fe3-8e54-6e6927fbb733\" user_currency=\"EUR\"","severity":"info","timestamp":"2026-03-25T12:17:01.551458984Z"}
{"message":"payment went through (transaction_id: 4db30c13-5949-4895-bdac-d2019741c618)","severity":"info","timestamp":"2026-03-25T12:17:01.564259441Z"}
{"message":"order confirmation email sent to \"sfitzgerald@example.com\"","severity":"info","timestamp":"2026-03-25T12:17:01.571768239Z"}
{"message":"[PlaceOrder] user_id=\"513dd945-739c-4fe3-8e54-6e6927fbb733\" user_currency=\"EUR\"","severity":"info","timestamp":"2026-03-25T12:17:02.830519697Z"}
{"message":"payment went through (transaction_id: 753fb8b4-7244-4534-bdfe-6c0b98f33df0)","severity":"info","timestamp":"2026-03-25T12:17:02.852886786Z"}
{"message":"order confirmation email sent to \"jaredwatkins@example.net\"","severity":"info","timestamp":"2026-03-25T12:17:02.860668928Z"}
