{"http.req.id":"fd9516df-6ad2-4065-a849-3eb882a318ce","http.req.method":"GET","http.req.path":"/cart","http.resp.bytes":6883,"http.resp.status":200,"http.resp.took_ms":27,"message":"request complete","session":"32217267-98ca-4d66-9fc8-3f088b8def0f","severity":"debug","timestamp":"2026-03-25T12:16:56.095498614Z"}
{"http.req.id":"d3bebabc-d884-418a-84f6-d5f70f769560","http.req.method":"GET","http.req.path":"/","message":"request started","session":"514e00c6-206e-4c6e-873f-852b796455de","severity":"debug","timestamp":"2026-03-25T12:16:56.242857971Z"}
{"currency":"CAD","http.req.id":"d3bebabc-d884-418a-84f6-d5f70f769560","http.req.method":"GET","http.req.path":"/","message":"home","session":"514e00c6-206e-4c6e-873f-852b796455de","severity":"info","timestamp":"2026-03-25T12:16:56.242961805Z"}
env platform is either empty or invalid
{"http.req.id":"d3bebabc-d884-418a-84f6-d5f70f769560","http.req.method":"GET","http.req.path":"/","message":"ENV_PLATFORM is: local","session":"514e00c6-206e-4c6e-873f-852b796455de","severity":"debug","timestamp":"2026-03-25T12:16:56.426140286Z"}
{"http.req.id":"d3bebabc-d884-418a-84f6-d5f70f769560","http.req.method":"GET","http.req.path":"/","http.resp.bytes":10591,"http.resp.status":200,"http.resp.took_ms":188,"message":"request complete","session":"514e00c6-206e-4c6e-873f-852b796455de","severity":"debug","timestamp":"2026-03-25T12:16:56.431614618Z"}
{"http.req.id":"0ef0eaaf-fcd2-475d-a936-96339c5a6d8a","http.req.method":"GET","http.req.path":"/product/OLJCESPC7Z","message":"request started","session":"513dd945-739c-4fe3-8e54-6e6927fbb733","severity":"debug","timestamp":"2026-03-25T12:16:57.310643112Z"}
{"currency":"EUR","http.req.id":"0ef0eaaf-fcd2-475d-a936-96339c5a6d8a","http.req.method":"GET","http.req.path":"/product/OLJCESPC7Z","id":"OLJCESPC7Z","message":"serving product page","session":"513dd945-739c-4fe3-8e54-6e6927fbb733","severity":"debug","timestamp":"2026-03-25T12:16:57.310821659Z"}
{"http.req.id":"0ef0eaaf-fcd2-475d-a936-96339c5a6d8a","http.req.method":"GET","http.req.path":"/product/OLJCESPC7Z","http.resp.bytes":7995,"http.resp.status":200,"http.resp.took_ms":35,"message":"request complete","session":"513dd945-739c-4fe3-8e54-6e6927fbb733","severity":"debug","timestamp":"2026-03-25T12:16:57.346529541Z"}
{"http.req.id":"10ae42d1-797f-4a53-9137-515831c8d2c5","http.req.method":"GET","http.req.path":"/product/L9ECAV7KIM","message":"request started","session":"2d3bf3d7-22b5-49c9-8227-12126292f393","severity":"debug","timestamp":"2026-03-25T12:16:57.359954947Z"}
{"currency":"EUR","http.req.id":"10ae42d1-797f-4a53-9137-515831c8d2c5","http.req.method":"GET","http.req.path":"/product/L9ECAV7KIM","id":"L9ECAV7KIM","message":"serving product page","session":"2d3bf3d7-22b5-49c9-8227-12126292f393","severity":"debug","timestamp":"2026-03-25T12:16:57.360080725Z"}
{"http.req.id":"10ae42d1-797f-4a53-9137-515831c8d2c5","http.req.method":"GET","http.req.path":"/product/L9ECAV7KIM","http.resp.bytes":8080,"http.resp.status":200,"http.resp.took_ms":65,"message":"request complete","session":"2d3bf3d7-22b5-49c9-8227-12126292f393","severity":"debug","timestamp":"2026-03-25T12:16:57.425659132Z"}
{"http.req.id":"03575bba-0257-4cca-b838-f4a7ff52cbdc","http.req.method":"GET","http.req.path":"/product/1YMWWN1N4O","message":"request started","session":"694745d8-a179-4c65-83d6-9ed873a7b94b","severity":"debug","timestamp":"2026-03-25T12:16:57.443021868Z"}
{"currency":"CAD","http.req.id":"03575bba-0257-4cca-b838-f4a7ff52cbdc","http.req.method":"GET","http.req.path":"/product/1YMWWN1N4O","id":"1YMWWN1N4O","message":"serving product page","session":"694745d8-a179-4c65-83d6-9ed873a7b94b","severity":"debug","timestamp":"2026-03-25T12:16:57.443173963Z"}
{"http.req.id":"03575bba-0257-4cca-b838-f4a7ff52cbdc","http.req.method":"GET","http.req.path":"/product/1YMWWN1N4O","http.resp.bytes":8006,"http.resp.status":200,"http.resp.took_ms":79,"message":"request complete","session":"694745d8-a179-4c65-83d6-9ed873a7b94b","severity":"debug","timestamp":"2026-03-25T12:16:57.522100758Z"}
{"http.req.id":"4cd50e29-3853-4456-ba57-77e0bbe1ebe3","http.req.method":"POST","http.req.path":"/setCurrency","message":"request started","session":"827eab86-1aba-4a15-8740-5fee5900d10f","severity":"debug","timestamp":"2026-03-25T12:16:57.745984571Z"}
{"curr.new":"USD","curr.old":"GBP","http.req.id":"4cd50e29-3853-4456-ba57-77e0bbe1ebe3","http.req.method":"POST","http.req.path":"/setCurrency","message":"setting currency","session":"827eab86-1aba-4a15-8740-5fee5900d10f","severity":"debug","timestamp":"2026-03-25T12:16:57.746245861Z"}
{"http.req.id":"4cd50e29-3853-4456-ba57-77e0bbe1ebe3","http.req.method":"POST","http.req.path":"/setCurrency","http.resp.bytes":0,"http.resp.status":302,"http.resp.took_ms":0,"message":"request complete","session":"827eab86-1aba-4a15-8740-5fee5900d10f","severity":"debug","timestamp":"2026-03-25T12:16:57.746343101Z"}
{"http.req.id":"a23ebd45-241a-4dc9-9e38-7755a845a7a7","http.req.method":"GET","http.req.path":"/","message":"request started","session":"827eab86-1aba-4a15-8740-5fee5900d10f","severity":"debug","timestamp":"2026-03-25T12:16:57.748066436Z"}
{"currency":"USD","http.req.id":"a23ebd45-241a-4dc9-9e38-7755a845a7a7","http.req.method":"GET","http.req.path":"/","message":"home","session":"827eab86-1aba-4a15-8740-5fee5900d10f","severity":"info","timestamp":"2026-03-25T12:16:57.748176979Z"}
env platform is either empty or invalid
{"http.req.id":"a23ebd45-241a-4dc9-9e38-7755a845a7a7","http.req.method":"GET","http.req.path":"/","message":"ENV_PLATFORM is: local","session":"827eab86-1aba-4a15-8740-5fee5900d10f","severity":"debug","timestamp":"2026-03-25T12:16:57.837049148Z"}
{"http.req.id":"a23ebd45-241a-4dc9-9e38-7755a845a7a7","http.req.method":"GET","http.req.path":"/","http.resp.bytes":10499,"http.resp.status":200,"http.resp.took_ms":99,"message":"request complete","session":"827eab86-1aba-4a15-8740-5fee5900d10f","severity":"debug","timestamp":"2026-03-25T12:16:57.847925121Z"}
{"http.req.id":"04fd9f1f-3b0b-436f-83cc-37e9954bb6ef","http.req.method":"GET","http.req.path":"/product/LS4PSXUNUM","message":"request started","session":"df4ce93a-5d92-40a8-93c2-540bf11bbb4d","severity":"debug","timestamp":"2026-03-25T12:16:57.92798112Z"}
{"currency":"CAD","http.req.id":"04fd9f1f-3b0b-436f-83cc-37e9954bb6ef","http.req.method":"GET","http.req.path":"/product/LS4PSXUNUM","id":"LS4PSXUNUM","message":"serving product page","session":"df4ce93a-5d92-40a8-93c2-540bf11bbb4d","severity":"debug","timestamp":"2026-03-25T12:16:57.928131849Z"}
{"http.req.id":"04fd9f1f-3b0b-436f-83cc-37e9954bb6ef","http.req.method":"GET","http.req.path":"/product/LS4PSXUNUM","http.resp.bytes":8050,"http.resp.status":200,"http.resp.took_ms":24,"message":"request complete","session":"df4ce93a-5d92-40a8-93c2-540bf11bbb4d","severity":"debug","timestamp":"2026-03-25T12:16:57.952933529Z"}
{"http.req.id":"4f38f5ab-60c1-4b4d-8b3c-9030ca37a4ad","http.req.method":"POST","http.req.path":"/setCurrency","message":"request started","session":"fcb2831f-0627-4791-ac1d-23821dc5b140","severity":"debug","timestamp":"2026-03-25T12:16:58.896822361Z"}
{"curr.new":"CAD","curr.old":"CAD","http.req.id":"4f38f5ab-60c1-4b4d-8b3c-9030ca37a4ad","http.req.method":"POST","http.req.path":"/setCurrency","message":"setting currency","session":"fcb2831f-0627-4791-ac1d-23821dc5b140","severity":"debug","timestamp":"2026-03-25T12:16:58.897057657Z"}
{"http.req.id":"4f38f5ab-60c1-4b4d-8b3c-9030ca37a4ad","http.req.method":"POST","http.req.path":"/setCurrency","http.resp.bytes":0,"http.resp.status":302,"http.resp.took_ms":0,"message":"request complete","session":"fcb2831f-0627-4791-ac1d-23821dc5b140","severity":"debug","timestamp":"2026-03-25T12:16:58.897123052Z"}
{"http.req.id":"45bd6f3b-8a62-4b5c-94a7-ca2b851d3f5c","http.req.method":"GET","http.req.path":"/","message":"request started","session":"fcb2831f-0627-4791-ac1d-23821dc5b140","severity":"debug","timestamp":"2026-03-25T12:16:58.898864346Z"}
{"currency":"CAD","http.req.id":"45bd6f3b-8a62-4b5c-94a7-ca2b851d3f5c","http.req.method":"GET","http.req.path":"/","message":"home","session":"fcb2831f-0627-4791-ac1d-23821dc5b140","severity":"info","timestamp":"2026-03-25T12:16:58.899012028Z"}
env platform is either empty or invalid
{"http.req.id":"45bd6f3b-8a62-4b5c-94a7-ca2b851d3f5c","http.req.method":"GET","http.req.path":"/","message":"ENV_PLATFORM is: local","session":"fcb2831f-0627-4791-ac1d-23821dc5b140","severity":"debug","timestamp":"2026-03-25T12:16:59.028433487Z"}
{"http.req.id":"45bd6f3b-8a62-4b5c-94a7-ca2b851d3f5c","http.req.method":"GET","http.req.path":"/","http.resp.bytes":10590,"http.resp.status":200,"http.resp.took_ms":134,"message":"request complete","session":"fcb2831f-0627-4791-ac1d-23821dc5b140","severity":"debug","timestamp":"2026-03-25T12:16:59.033126722Z"}
{"http.req.id":"d7612d18-41dd-4eb3-8a85-310e7f8c0299","http.req.method":"GET","http.req.path":"/product/2ZYFJ3GM2N","message":"request started","session":"694745d8-a179-4c65-83d6-9ed873a7b94b","severity":"debug","timestamp":"2026-03-25T12:17:00.517585518Z"}
{"currency":"CAD","http.req.id":"d7612d18-41dd-4eb3-8a85-310e7f8c0299","http.req.method":"GET","http.req.path":"/product/2ZYFJ3GM2N","id":"2ZYFJ3GM2N","message":"serving product page","session":"694745d8-a179-4c65-83d6-9ed873a7b94b","severity":"debug","timestamp":"2026-03-25T12:17:00.517711301Z"}
{"http.req.id":"d7612d18-41dd-4eb3-8a85-310e7f8c0299","http.req.method":"GET","http.req.path":"/product/2ZYFJ3GM2N","http.resp.bytes":7948,"http.resp.status":200,"http.resp.took_ms":101,"message":"request complete","session":"694745d8-a179-4c65-83d6-9ed873a7b94b","severity":"debug","timestamp":"2026-03-25T12:17:00.619089926Z"}
{"http.req.id":"98260f3c-a73c-4d9b-9584-d497cedd6351","http.req.method":"POST","http.req.path":"/cart","message":"request started","session":"694745d8-a179-4c65-83d6-9ed873a7b94b","severity":"debug","timestamp":"2026-03-25T12:17:00.621991463Z"}
{"http.req.id":"98260f3c-a73c-4d9b-9584-d497cedd6351","http.req.method":"POST","http.req.path":"/cart","message":"adding to cart","product":"2ZYFJ3GM2N","quantity":4,"session":"694745d8-a179-4c65-83d6-9ed873a7b94b","severity":"debug","timestamp":"2026-03-25T12:17:00.622193412Z"}
{"http.req.id":"98260f3c-a73c-4d9b-9584-d497cedd6351","http.req.method":"POST","http.req.path":"/cart","http.resp.bytes":0,"http.resp.status":302,"http.resp.took_ms":4,"message":"request complete","session":"694745d8-a179-4c65-83d6-9ed873a7b94b","severity":"debug","timestamp":"2026-03-25T12:17:00.626645993Z"}
{"http.req.id":"85a3a5f1-4884-4da1-ac9e-a09f07426b33","http.req.method":"GET","http.req.path":"/cart","message":"request started","session":"694745d8-a179-4c65-83d6-9ed873a7b94b","severity":"debug","timestamp":"2026-03-25T12:17:00.633469241Z"}
{"http.req.id":"85a3a5f1-4884-4da1-ac9e-a09f07426b33","http.req.method":"GET","http.req.path":"/cart","message":"view user cart","session":"694745d8-a179-4c65-83d6-9ed873a7b94b","severity":"debug","timestamp":"2026-03-25T12:17:00.633576388Z"}
{"http.req.id":"85a3a5f1-4884-4da1-ac9e-a09f07426b33","http.req.method":"GET","http.req.path":"/cart","http.resp.bytes":16464,"http.resp.status":200,"http.resp.took_ms":188,"message":"request complete","session":"694745d8-a179-4c65-83d6-9ed873a7b94b","severity":"debug","timestamp":"2026-03-25T12:17:00.821534236Z"}
{"http.req.id":"50757d85-e70b-443c-9fbc-a477c505ac2e","http.req.method":"POST","http.req.path":"/cart/checkout","message":"request started","session":"694745d8-a179-4c65-83d6-9ed873a7b94b","severity":"debug","timestamp":"2026-03-25T12:17:00.826049115Z"}
{"http.req.id":"50757d85-e70b-443c-9fbc-a477c505ac2e","http.req.method":"POST","http.req.path":"/cart/checkout","message":"placing order","session":"694745d8-a179-4c65-83d6-9ed873a7b94b","severity":"debug","timestamp":"2026-03-25T12:17:00.826187416Z"}
{"http.req.id":"50757d85-e70b-443c-9fbc-a477c505ac2e","http.req.method":"POST","http.req.path":"/cart/checkout","message":"order placed","order":"86b7c03d-2844-11f1-a4a0-927ce8a683d8","session":"694745d8-a179-4c65-83d6-9ed873a7b94b","severity":"info","timestamp":"2026-03-25T12:17:00.850693161Z"}
{"http.req.id":"50757d85-e70b-443c-9fbc-a477c505ac2e","http.req.method":"POST","http.req.path":"/cart/checkout","http.resp.bytes":6827,"http.resp.status":200,"http.resp.took_ms":40,"message":"request complete","session":"694745d8-a179-4c65-83d6-9ed873a7b94b","severity":"debug","timestamp":"2026-03-25T12:17:00.866221924Z"}
{"http.req.id":"94d49dc9-cbcf-4eb8-93b6-5f982d570708","http.req.method":"GET","http.req.path":"/_healthz","message":"request started","session":"x-liveness-probe","severity":"debug","timestamp":"2026-03-25T12:17:01.227317629Z"}
{"http.req.id":"94d49dc9-cbcf-4eb8-93b6-5f982d570708","http.req.method":"GET","http.req.path":"/_healthz","http.resp.bytes":2,"http.resp.status":200,"http.resp.took_ms":0,"message":"request complete","session":"x-liveness-probe","severity":"debug","timestamp":"2026-03-25T12:17:01.227393931Z"}
{"http.req.id":"5a40dee5-5150-42b0-9527-4571f4f84153","http.req.method":"GET","http.req.path":"/product/1YMWWN1N4O","message":"request started","session":"513dd945-739c-4fe3-8e54-6e6927fbb733","severity":"debug","timestamp":"2026-03-25T12:17:01.488109789Z"}
{"currency":"EUR","http.req.id":"5a40dee5-5150-42b0-9527-4571f4f84153","http.req.method":"GET","http.req.path":"/product/1YMWWN1N4O","id":"1YMWWN1N4O","message":"serving product page","session":"513dd945-739c-4fe3-8e54-6e6927fbb733","severity":"debug","timestamp":"2026-03-25T12:17:01.488243157Z"}
{"http.req.id":"5a40dee5-5150-42b0-9527-4571f4f84153","http.req.method":"GET","http.req.path":"/product/1YMWWN1N4O","http.resp.bytes":7965,"http.resp.status":200,"http.resp.took_ms":23,"message":"request complete","session":"513dd945-739c-4fe3-8e54-6e6927fbb733","severity":"debug","timestamp":"2026-03-25T12:17:01.511872435Z"}
{"http.req.id":"db9b0f14-29c3-4c26-b57d-b6555627b726","http.req.method":"POST","http.req.path":"/cart","message":"request started","session":"513dd945-739c-4fe3-8e54-6e6927fbb733","severity":"debug","timestamp":"2026-03-25T12:17:01.513852373Z"}
{"http.req.id":"db9b0f14-29c3-4c26-b57d-b6555627b726","http.req.method":"POST","http.req.path":"/cart","message":"adding to cart","product":"1YMWWN1N4O","quantity":5,"session":"513dd945-739c-4fe3-8e54-6e6927fbb733","severity":"debug","timestamp":"2026-03-25T12:17:01.514086347Z"}
{"http.req.id":"db9b0f14-29c3-4c26-b57d-b6555627b726","http.req.method":"POST","http.req.path":"/cart","http.resp.bytes":0,"http.resp.status":302,"http.resp.took_ms":5,"message":"request complete","session":"513dd945-739c-4fe3-8e54-6e6927fbb733","severity":"debug","timestamp":"2026-03-25T12:17:01.519696398Z"}
{"http.req.id":"3dc88733-9d0a-4b3a-ac37-df8f35cc1126","http.req.method":"GET","http.req.path":"/cart","message":"request started","session":"513dd945-739c-4fe3-8e54-6e6927fbb733","severity":"debug","timestamp":"2026-03-25T12:17:01.521160043Z"}
{"http.req.id":"3dc88733-9d0a-4b3a-ac37-df8f35cc1126","http.req.method":"GET","http.req.path":"/cart","message":"view user cart","session":"513dd945-739c-4fe3-8e54-6e6927fbb733","severity":"debug","timestamp":"2026-03-25T12:17:01.521229741Z"}
{"http.req.id":"3dc88733-9d0a-4b3a-ac37-df8f35cc1126","http.req.method":"GET","http.req.path":"/cart","http.resp.bytes":16483,"http.resp.status":200,"http.resp.took_ms":26,"message":"request complete","session":"513dd945-739c-4fe3-8e54-6e6927fbb733","severity":"debug","timestamp":"2026-03-25T12:17:01.547159045Z"}
{"http.req.id":"4adf1b66-c976-4ae4-8c4e-0f860b8602b9","http.req.method":"POST","http.req.path":"/cart/checkout","message":"request started","session":"513dd945-739c-4fe3-8e54-6e6927fbb733","severity":"debug","timestamp":"2026-03-25T12:17:01.550267553Z"}
{"http.req.id":"4adf1b66-c976-4ae4-8c4e-0f860b8602b9","http.req.method":"POST","http.req.path":"/cart/checkout","message":"placing order","session":"513dd945-739c-4fe3-8e54-6e6927fbb733","severity":"debug","timestamp":"2026-03-25T12:17:01.550335642Z"}
{"http.req.id":"4adf1b66-c976-4ae4-8c4e-0f860b8602b9","http.req.method":"POST","http.req.path":"/cart/checkout","message":"order placed","order":"87264528-2844-11f1-a4a0-927ce8a683d8","session":"513dd945-739c-4fe3-8e54-6e6927fbb733","severity":"info","timestamp":"2026-03-25T12:17:01.572511803Z"}
{"http.req.id":"8015fe61-718b-46bd-a23b-c6462a2861e4","http.req.method":"POST","http.req.path":"/setCurrency","message":"request started","session":"32217267-98ca-4d66-9fc8-3f088b8def0f","severity":"debug","timestamp":"2026-03-25T12:17:01.615877383Z"}
{"curr.new":"CAD","curr.old":"EUR","http.req.id":"8015fe61-718b-46bd-a23b-c6462a2861e4","http.req.method":"POST","http.req.path":"/setCurrency","message":"setting currency","session":"32217267-98ca-4d66-9fc8-3f088b8def0f","severity":"debug","timestamp":"2026-03-25T12:17:01.616038659Z"}
{"http.req.id":"8015fe61-718b-46bd-a23b-c6462a2861e4","http.req.method":"POST","http.req.path":"/setCurrency","http.resp.bytes":0,"http.resp.status":302,"http.resp.took_ms":0,"message":"request complete","session":"32217267-98ca-4d66-9fc8-3f088b8def0f","severity":"debug","timestamp":"2026-03-25T12:17:01.616133606Z"}
{"http.req.id":"82104fd3-043e-4fca-b2f8-74eae7c5dcf0","http.req.method":"GET","http.req.path":"/","message":"request started","session":"32217267-98ca-4d66-9fc8-3f088b8def0f","severity":"debug","timestamp":"2026-03-25T12:17:01.617729138Z"}
{"currency":"CAD","http.req.id":"82104fd3-043e-4fca-b2f8-74eae7c5dcf0","http.req.method":"GET","http.req.path":"/","message":"home","session":"32217267-98ca-4d66-9fc8-3f088b8def0f","severity":"info","timestamp":"2026-03-25T12:17:01.617836199Z"}
{"http.req.id":"4adf1b66-c976-4ae4-8c4e-0f860b8602b9","http.req.method":"POST","http.req.path":"/cart/checkout","http.resp.bytes":6791,"http.resp.status":200,"http.resp.took_ms":72,"message":"request complete","session":"513dd945-739c-4fe3-8e54-6e6927fbb733","severity":"debug","timestamp":"2026-03-25T12:17:01.622569104Z"}
env platform is either empty or invalid
{"http.req.id":"82104fd3-043e-4fca-b2f8-74eae7c5dcf0","http.req.method":"GET","http.req.path":"/","message":"ENV_PLATFORM is: local","session":"32217267-98ca-4d66-9fc8-3f088b8def0f","severity":"debug","timestamp":"2026-03-25T12:17:01.730912368Z"}
{"http.req.id":"82104fd3-043e-4fca-b2f8-74eae7c5dcf0","http.req.method":"GET","http.req.path":"/","http.resp.bytes":10501,"http.resp.status":200,"http.resp.took_ms":122,"message":"request complete","session":"32217267-98ca-4d66-9fc8-3f088b8def0f","severity":"debug","timestamp":"2026-03-25T12:17:01.740633278Z"}
{"http.req.id":"b2f06ad4-5248-4204-a91a-71062c1053af","http.req.method":"GET","http.req.path":"/product/1YMWWN1N4O","message":"request started","session":"df4ce93a-5d92-40a8-93c2-540bf11bbb4d","severity":"debug","timestamp":"2026-03-25T12:17:02.357361274Z"}
{"currency":"CAD","http.req.id":"b2f06ad4-5248-4204-a91a-71062c1053af","http.req.method":"GET","http.req.path":"/product/1YMWWN1N4O","id":"1YMWWN1N4O","message":"serving product page","session":"df4ce93a-5d92-40a8-93c2-540bf11bbb4d","severity":"debug","timestamp":"2026-03-25T12:17:02.357482324Z"}
{"http.req.id":"b2f06ad4-5248-4204-a91a-71062c1053af","http.req.method":"GET","http.req.path":"/product/1YMWWN1N4O","http.resp.bytes":8077,"http.resp.status":200,"http.resp.took_ms":23,"message":"request complete","session":"df4ce93a-5d92-40a8-93c2-540bf11bbb4d","severity":"debug","timestamp":"2026-03-25T12:17:02.381241304Z"}
{"http.req.id":"1ba7c2be-2496-4759-aff0-3569545bc0c7","http.req.method":"GET","http.req.path":"/","message":"request started","session":"a38c2610-1665-4c93-8051-4c451f5de325","severity":"debug","timestamp":"2026-03-25T12:17:02.538264032Z"}
{"currency":"USD","http.req.id":"1ba7c2be-2496-4759-aff0-3569545bc0c7","http.req.method":"GET","http.req.path":"/","message":"home","session":"a38c2610-1665-4c93-8051-4c451f5de325","severity":"info","timestamp":"2026-03-25T12:17:02.538334265Z"}
env platform is either empty or invalid
{"http.req.id":"1ba7c2be-2496-4759-aff0-3569545bc0c7","http.req.method":"GET","http.req.path":"/","message":"ENV_PLATFORM is: local","session":"a38c2610-1665-4c93-8051-4c451f5de325","severity":"debug","timestamp":"2026-03-25T12:17:02.625356663Z"}
{"http.req.id":"1ba7c2be-2496-4759-aff0-3569545bc0c7","http.req.method":"GET","http.req.path":"/","http.resp.bytes":10499,"http.resp.status":200,"http.resp.took_ms":90,"message":"request complete","session":"a38c2610-1665-4c93-8051-4c451f5de325","severity":"debug","timestamp":"2026-03-25T12:17:02.629048621Z"}
{"http.req.id":"bb7b07bf-6438-40f8-b676-ec32fcd58b7b","http.req.method":"GET","http.req.path":"/product/1YMWWN1N4O","message":"request started","session":"513dd945-739c-4fe3-8e54-6e6927fbb733","severity":"debug","timestamp":"2026-03-25T12:17:02.646323644Z"}
{"currency":"EUR","http.req.id":"bb7b07bf-6438-40f8-b676-ec32fcd58b7b","http.req.method":"GET","http.req.path":"/product/1YMWWN1N4O","id":"1YMWWN1N4O","message":"serving product page","session":"513dd945-739c-4fe3-8e54-6e6927fbb733","severity":"debug","timestamp":"2026-03-25T12:17:02.646452954Z"}
{"http.req.id":"bb7b07bf-6438-40f8-b676-ec32fcd58b7b","http.req.method":"GET","http.req.path":"/product/1YMWWN1N4O","http.resp.bytes":7977,"http.resp.status":200,"http.resp.took_ms":70,"message":"request complete","session":"513dd945-739c-4fe3-8e54-6e6927fbb733","severity":"debug","timestamp":"2026-03-25T12:17:02.717121431Z"}
{"http.req.id":"481396f0-c5f9-498a-a517-01deff206da1","http.req.method":"POST","http.req.path":"/cart","message":"request started","session":"513dd945-739c-4fe3-8e54-6e6927fbb733","severity":"debug","timestamp":"2026-03-25T12:17:02.718743049Z"}
{"http.req.id":"481396f0-c5f9-498a-a517-01deff206da1","http.req.method":"POST","http.req.path":"/cart","message":"adding to cart","product":"1YMWWN1N4O","quantity":8,"session":"513dd945-739c-4fe3-8e54-6e6927fbb733","severity":"debug","timestamp":"2026-03-25T12:17:02.71893863Z"}
{"http.req.id":"481396f0-c5f9-498a-a517-01deff206da1","http.req.method":"POST","http.req.path":"/cart","http.resp.bytes":0,"http.resp.status":302,"http.resp.took_ms":4,"message":"request complete","session":"513dd945-739c-4fe3-8e54-6e6927fbb733","severity":"debug","timestamp":"2026-03-25T12:17:02.723727819Z"}
{"http.req.id":"de9b1822-6796-4f78-9a45-43fc097a1b49","http.req.method":"GET","http.req.path":"/cart","message":"request started","session":"513dd945-739c-4fe3-8e54-6e6927fbb733","severity":"debug","timestamp":"2026-03-25T12:17:02.725022175Z"}
{"http.req.id":"de9b1822-6796-4f78-9a45-43fc097a1b49","http.req.method":"GET","http.req.path":"/cart","message":"view user cart","session":"513dd945-739c-4fe3-8e54-6e6927fbb733","severity":"debug","timestamp":"2026-03-25T12:17:02.725152126Z"}
{"http.req.id":"de9b1822-6796-4f78-9a45-43fc097a1b49","http.req.method":"GET","http.req.path":"/cart","http.resp.bytes":16459,"http.resp.status":200,"http.resp.took_ms":99,"message":"request complete","session":"513dd945-739c-4fe3-8e54-6e6927fbb733","severity":"debug","timestamp":"2026-03-25T12:17:02.824162039Z"}
{"http.req.id":"b37f07a9-77e6-4283-828b-eef69c440bcf","http.req.method":"POST","http.req.path":"/cart/checkout","message":"request started","session":"513dd945-739c-4fe3-8e54-6e6927fbb733","severity":"debug","timestamp":"2026-03-25T12:17:02.827874038Z"}
{"http.req.id":"b37f07a9-77e6-4283-828b-eef69c440bcf","http.req.method":"POST","http.req.path":"/cart/checkout","message":"placing order","session":"513dd945-739c-4fe3-8e54-6e6927fbb733","severity":"debug","timestamp":"2026-03-25T12:17:02.827951941Z"}
{"http.req.id":"b4f1dc9d-17f8-43d0-bb53-0eb10616caa8","http.req.method":"GET","http.req.path":"/product/1YMWWN1N4O","message":"request started","session":"ecb080bf-5333-403f-9547-c8725d499228","severity":"debug","timestamp":"2026-03-25T12:17:02.837420169Z"}
{"currency":"GBP","http.req.id":"b4f1dc9d-17f8-43d0-bb53-0eb10616caa8","http.req.method":"GET","http.req.path":"/product/1YMWWN1N4O","id":"1YMWWN1N4O","message":"serving product page","session":"ecb080bf-5333-403f-9547-c8725d499228","severity":"debug","timestamp":"2026-03-25T12:17:02.83782642Z"}
{"http.req.id":"b37f07a9-77e6-4283-828b-eef69c440bcf","http.req.method":"POST","http.req.path":"/cart/checkout","message":"order placed","order":"87e96f7d-2844-11f1-a4a0-927ce8a683d8","session":"513dd945-739c-4fe3-8e54-6e6927fbb733","severity":"info","timestamp":"2026-03-25T12:17:02.916189375Z"}
{"http.req.id":"b4f1dc9d-17f8-43d0-bb53-0eb10616caa8","http.req.method":"GET","http.req.path":"/product/1YMWWN1N4O","http.resp.bytes":8063,"http.resp.status":200,"http.resp.took_ms":100,"message":"request complete","session":"ecb080bf-5333-403f-9547-c8725d499228","severity":"debug","timestamp":"2026-03-25T12:17:02.938135159Z"}
{"http.req.id":"b37f07a9-77e6-4283-828b-eef69c440bcf","http.req.method":"POST","http.req.path":"/cart/checkout","http.resp.bytes":6791,"http.resp.status":200,"http.resp.took_ms":110,"message":"request complete","session":"513dd945-739c-4fe3-8e54-6e6927fbb733","severity":"debug","timestamp":"2026-03-25T12:17:02.938423632Z"}
{"http.req.id":"ca7df9bd-bb30-4486-af4d-4ff02838604a","http.req.method":"POST","http.req.path":"/cart","message":"request started","session":"ecb080bf-5333-403f-9547-c8725d499228","severity":"debug","timestamp":"2026-03-25T12:17:02.940997325Z"}
{"http.req.id":"ca7df9bd-bb30-4486-af4d-4ff02838604a","http.req.method":"POST","http.req.path":"/cart","message":"adding to cart","product":"1YMWWN1N4O","quantity":2,"session":"ecb080bf-5333-403f-9547-c8725d499228","severity":"debug","timestamp":"2026-03-25T12:17:02.941176548Z"}
{"http.req.id":"ca7df9bd-bb30-4486-af4d-4ff02838604a","http.req.method":"POST","http.req.path":"/cart","http.resp.bytes":0,"http.resp.status":302,"http.resp.took_ms":80,"message":"request complete","session":"ecb080bf-5333-403f-9547-c8725d499228","severity":"debug","timestamp":"2026-03-25T12:17:03.021704535Z"}
{"http.req.id":"6ab215cf-270a-4fbe-af94-f93166d70b5d","http.req.method":"GET","http.req.path":"/cart","message":"request started","session":"ecb080bf-5333-403f-9547-c8725d499228","severity":"debug","timestamp":"2026-03-25T12:17:03.023390265Z"}
{"http.req.id":"6ab215cf-270a-4fbe-af94-f93166d70b5d","http.req.method":"GET","http.req.path":"/cart","message":"view user cart","session":"ecb080bf-5333-403f-9547-c8725d499228","severity":"debug","timestamp":"2026-03-25T12:17:03.023507287Z"}
{"http.req.id":"6ab215cf-270a-4fbe-af94-f93166d70b5d","http.req.method":"GET","http.req.path":"/cart","http.resp.bytes":19330,"http.resp.status":200,"http.resp.took_ms":315,"message":"request complete","session":"ecb080bf-5333-403f-9547-c8725d499228","severity":"debug","timestamp":"2026-03-25T12:17:03.339135083Z"}
