{"http.req.id":"e548c311-fe3f-4f44-a3b0-e14e0a0b2a95","http.req.method":"GET","http.req.path":"/product/LS4PSXUNUM","message":"request started","session":"a38c2610-1665-4c93-8051-4c451f5de325","severity":"debug","timestamp":"2026-03-25T12:11:50.52310334Z"}
{"currency":"TRY","http.req.id":"e548c311-fe3f-4f44-a3b0-e14e0a0b2a95","http.req.method":"GET","http.req.path":"/product/LS4PSXUNUM","id":"LS4PSXUNUM","message":"serving product page","session":"a38c2610-1665-4c93-8051-4c451f5de325","severity":"debug","timestamp":"2026-03-25T12:11:50.523208954Z"}
{"http.req.id":"82b4b4e8-20a8-4b15-b70f-a8e95b2a86cc","http.req.method":"POST","http.req.path":"/setCurrency","message":"request started","session":"fcb2831f-0627-4791-ac1d-23821dc5b140","severity":"debug","timestamp":"2026-03-25T12:11:50.544096298Z"}
{"curr.new":"CAD","curr.old":"EUR","http.req.id":"82b4b4e8-20a8-4b15-b70f-a8e95b2a86cc","http.req.method":"POST","http.req.path":"/setCurrency","message":"setting currency","session":"fcb2831f-0627-4791-ac1d-23821dc5b140","severity":"debug","timestamp":"2026-03-25T12:11:50.544286087Z"}
{"http.req.id":"82b4b4e8-20a8-4b15-b70f-a8e95b2a86cc","http.req.method":"POST","http.req.path":"/setCurrency","http.resp.bytes":0,"http.resp.status":302,"http.resp.took_ms":0,"message":"request complete","session":"fcb2831f-0627-4791-ac1d-23821dc5b140","severity":"debug","timestamp":"2026-03-25T12:11:50.544325128Z"}
{"http.req.id":"071d68fe-1211-4ed3-b7cf-6de0a49682c9","http.req.method":"GET","http.req.path":"/","message":"request started","session":"fcb2831f-0627-4791-ac1d-23821dc5b140","severity":"debug","timestamp":"2026-03-25T12:11:50.54602243Z"}
{"currency":"CAD","http.req.id":"071d68fe-1211-4ed3-b7cf-6de0a49682c9","http.req.method":"GET","http.req.path":"/","message":"home","session":"fcb2831f-0627-4791-ac1d-23821dc5b140","severity":"info","timestamp":"2026-03-25T12:11:50.546071645Z"}
{"http.req.id":"e548c311-fe3f-4f44-a3b0-e14e0a0b2a95","http.req.method":"GET","http.req.path":"/product/LS4PSXUNUM","http.resp.bytes":7988,"http.resp.status":200,"http.resp.took_ms":33,"message":"request complete","session":"a38c2610-1665-4c93-8051-4c451f5de325","severity":"debug","timestamp":"2026-03-25T12:11:50.556803967Z"}
env platform is either empty or invalid
{"http.req.id":"071d68fe-1211-4ed3-b7cf-6de0a49682c9","http.req.method":"GET","http.req.path":"/","message":"ENV_PLATFORM is: local","session":"fcb2831f-0627-4791-ac1d-23821dc5b140","severity":"debug","timestamp":"2026-03-25T12:11:50.574202063Z"}
{"http.req.id":"071d68fe-1211-4ed3-b7cf-6de0a49682c9","http.req.method":"GET","http.req.path":"/","http.resp.bytes":10475,"http.resp.status":200,"http.resp.took_ms":31,"message":"request complete","session":"fcb2831f-0627-4791-ac1d-23821dc5b140","severity":"debug","timestamp":"2026-03-25T12:11:50.577198237Z"}
{"http.req.id":"aaf58635-c234-4e98-b109-504aa1daee9e","http.req.method":"GET","http.req.path":"/product/66VCHSJNUP","message":"request started","session":"514e00c6-206e-4c6e-873f-852b796455de","severity":"debug","timestamp":"2026-03-25T12:11:51.695644873Z"}
{"currency":"JPY","http.req.id":"aaf58635-c234-4e98-b109-504aa1daee9e","http.req.method":"GET","http.req.path":"/product/66VCHSJNUP","id":"66VCHSJNUP","message":"serving product page","session":"514e00c6-206e-4c6e-873f-852b796455de","severity":"debug","timestamp":"2026-03-25T12:11:51.69582481Z"}
{"http.req.id":"aaf58635-c234-4e98-b109-504aa1daee9e","http.req.method":"GET","http.req.path":"/product/66VCHSJNUP","http.resp.bytes":7973,"http.resp.status":200,"http.resp.took_ms":277,"message":"request complete","session":"514e00c6-206e-4c6e-873f-852b796455de","severity":"debug","timestamp":"2026-03-25T12:11:51.973251158Z"}
{"http.req.id":"faef20c8-4c6a-412f-98d2-262c841b7f91","http.req.method":"GET","http.req.path":"/product/1YMWWN1N4O","message":"request started","session":"513dd945-739c-4fe3-8e54-6e6927fbb733","severity":"debug","timestamp":"2026-03-25T12:11:52.81944714Z"}
{"currency":"USD","http.req.id":"faef20c8-4c6a-412f-98d2-262c841b7f91","http.req.method":"GET","http.req.path":"/product/1YMWWN1N4O","id":"1YMWWN1N4O","message":"serving product page","session":"513dd945-739c-4fe3-8e54-6e6927fbb733","severity":"debug","timestamp":"2026-03-25T12:11:52.819551893Z"}
{"http.req.id":"faef20c8-4c6a-412f-98d2-262c841b7f91","http.req.method":"GET","http.req.path":"/product/1YMWWN1N4O","http.resp.bytes":7890,"http.resp.status":200,"http.resp.took_ms":151,"message":"request complete","session":"513dd945-739c-4fe3-8e54-6e6927fbb733","severity":"debug","timestamp":"2026-03-25T12:11:52.971290775Z"}
{"http.req.id":"c98a1314-919e-48b1-96bb-b5e57e21e770","http.req.method":"GET","http.req.path":"/cart","message":"request started","session":"827eab86-1aba-4a15-8740-5fee5900d10f","severity":"debug","timestamp":"2026-03-25T12:11:54.047169674Z"}
{"http.req.id":"c98a1314-919e-48b1-96bb-b5e57e21e770","http.req.method":"GET","http.req.path":"/cart","message":"view user cart","session":"827eab86-1aba-4a15-8740-5fee5900d10f","severity":"debug","timestamp":"2026-03-25T12:11:54.049181506Z"}
{"http.req.id":"c98a1314-919e-48b1-96bb-b5e57e21e770","http.req.method":"GET","http.req.path":"/cart","http.resp.bytes":16407,"http.resp.status":200,"http.resp.took_ms":213,"message":"request complete","session":"827eab86-1aba-4a15-8740-5fee5900d10f","severity":"debug","timestamp":"2026-03-25T12:11:54.260233179Z"}
{"http.req.id":"00e3663a-7931-4b7b-8e68-540bb8df3922","http.req.method":"GET","http.req.path":"/cart","message":"request started","session":"fcb2831f-0627-4791-ac1d-23821dc5b140","severity":"debug","timestamp":"2026-03-25T12:11:54.646560425Z"}
{"http.req.id":"00e3663a-7931-4b7b-8e68-540bb8df3922","http.req.method":"GET","http.req.path":"/cart","message":"view user cart","session":"fcb2831f-0627-4791-ac1d-23821dc5b140","severity":"debug","timestamp":"2026-03-25T12:11:54.646662203Z"}
{"http.req.id":"00e3663a-7931-4b7b-8e68-540bb8df3922","http.req.method":"GET","http.req.path":"/cart","http.resp.bytes":23158,"http.resp.status":200,"http.resp.took_ms":201,"message":"request complete","session":"fcb2831f-0627-4791-ac1d-23821dc5b140","severity":"debug","timestamp":"2026-03-25T12:11:54.847891873Z"}
{"http.req.id":"4dc77880-ef67-42fb-b5c9-dbcf18c88bdf","http.req.method":"GET","http.req.path":"/product/LS4PSXUNUM","message":"request started","session":"ecb080bf-5333-403f-9547-c8725d499228","severity":"debug","timestamp":"2026-03-25T12:11:54.919583611Z"}
{"currency":"CAD","http.req.id":"4dc77880-ef67-42fb-b5c9-dbcf18c88bdf","http.req.method":"GET","http.req.path":"/product/LS4PSXUNUM","id":"LS4PSXUNUM","message":"serving product page","session":"ecb080bf-5333-403f-9547-c8725d499228","severity":"debug","timestamp":"2026-03-25T12:11:54.919717856Z"}
{"http.req.id":"4dc77880-ef67-42fb-b5c9-dbcf18c88bdf","http.req.method":"GET","http.req.path":"/product/LS4PSXUNUM","http.resp.bytes":7977,"http.resp.status":200,"http.resp.took_ms":138,"message":"request complete","session":"ecb080bf-5333-403f-9547-c8725d499228","severity":"debug","timestamp":"2026-03-25T12:11:55.057736303Z"}
{"http.req.id":"7547d45d-34db-499e-8af5-613494b2ac11","http.req.method":"GET","http.req.path":"/product/0PUK6V6EV0","message":"request started","session":"df4ce93a-5d92-40a8-93c2-540bf11bbb4d","severity":"debug","timestamp":"2026-03-25T12:11:55.334354287Z"}
{"currency":"EUR","http.req.id":"7547d45d-34db-499e-8af5-613494b2ac11","http.req.method":"GET","http.req.path":"/product/0PUK6V6EV0","id":"0PUK6V6EV0","message":"serving product page","session":"df4ce93a-5d92-40a8-93c2-540bf11bbb4d","severity":"debug","timestamp":"2026-03-25T12:11:55.334524412Z"}
{"http.req.id":"7547d45d-34db-499e-8af5-613494b2ac11","http.req.method":"GET","http.req.path":"/product/0PUK6V6EV0","http.resp.bytes":8003,"http.resp.status":200,"http.resp.took_ms":29,"message":"request complete","session":"df4ce93a-5d92-40a8-93c2-540bf11bbb4d","severity":"debug","timestamp":"2026-03-25T12:11:55.363634597Z"}
{"http.req.id":"01de265a-218e-44b2-86d8-0650f26794d9","http.req.method":"GET","http.req.path":"/_healthz","message":"request started","session":"x-liveness-probe","severity":"debug","timestamp":"2026-03-25T12:11:55.856765592Z"}
{"http.req.id":"01de265a-218e-44b2-86d8-0650f26794d9","http.req.method":"GET","http.req.path":"/_healthz","http.resp.bytes":2,"http.resp.status":200,"http.resp.took_ms":0,"message":"request complete","session":"x-liveness-probe","severity":"debug","timestamp":"2026-03-25T12:11:55.856872632Z"}
{"http.req.id":"ac7bc873-157a-40c1-b0ee-71c6320c1ab1","http.req.method":"GET","http.req.path":"/product/0PUK6V6EV0","message":"request started","session":"694745d8-a179-4c65-83d6-9ed873a7b94b","severity":"debug","timestamp":"2026-03-25T12:11:56.272199208Z"}
{"currency":"TRY","http.req.id":"ac7bc873-157a-40c1-b0ee-71c6320c1ab1","http.req.method":"GET","http.req.path":"/product/0PUK6V6EV0","id":"0PUK6V6EV0","message":"serving product page","session":"694745d8-a179-4c65-83d6-9ed873a7b94b","severity":"debug","timestamp":"2026-03-25T12:11:56.272332421Z"}
{"http.req.id":"ac7bc873-157a-40c1-b0ee-71c6320c1ab1","http.req.method":"GET","http.req.path":"/product/0PUK6V6EV0","http.resp.bytes":7997,"http.resp.status":200,"http.resp.took_ms":93,"message":"request complete","session":"694745d8-a179-4c65-83d6-9ed873a7b94b","severity":"debug","timestamp":"2026-03-25T12:11:56.365264994Z"}
{"http.req.id":"d7310389-60e3-4da2-8462-8f737391ed35","http.req.method":"GET","http.req.path":"/product/9SIQT8TOJO","message":"request started","session":"513dd945-739c-4fe3-8e54-6e6927fbb733","severity":"debug","timestamp":"2026-03-25T12:11:57.011866429Z"}
{"currency":"USD","http.req.id":"d7310389-60e3-4da2-8462-8f737391ed35","http.req.method":"GET","http.req.path":"/product/9SIQT8TOJO","id":"9SIQT8TOJO","message":"serving product page","session":"513dd945-739c-4fe3-8e54-6e6927fbb733","severity":"debug","timestamp":"2026-03-25T12:11:57.011998961Z"}
{"http.req.id":"d7310389-60e3-4da2-8462-8f737391ed35","http.req.method":"GET","http.req.path":"/product/9SIQT8TOJO","http.resp.bytes":7950,"http.resp.status":200,"http.resp.took_ms":254,"message":"request complete","session":"513dd945-739c-4fe3-8e54-6e6927fbb733","severity":"debug","timestamp":"2026-03-25T12:11:57.266184703Z"}
{"http.req.id":"c46ee3c3-b991-42b0-a4c0-5f5106904606","http.req.method":"GET","http.req.path":"/product/0PUK6V6EV0","message":"request started","session":"694745d8-a179-4c65-83d6-9ed873a7b94b","severity":"debug","timestamp":"2026-03-25T12:11:57.709492108Z"}
{"currency":"TRY","http.req.id":"c46ee3c3-b991-42b0-a4c0-5f5106904606","http.req.method":"GET","http.req.path":"/product/0PUK6V6EV0","id":"0PUK6V6EV0","message":"serving product page","session":"694745d8-a179-4c65-83d6-9ed873a7b94b","severity":"debug","timestamp":"2026-03-25T12:11:57.709626835Z"}
{"http.req.id":"c46ee3c3-b991-42b0-a4c0-5f5106904606","http.req.method":"GET","http.req.path":"/product/0PUK6V6EV0","http.resp.bytes":8007,"http.resp.status":200,"http.resp.took_ms":55,"message":"request complete","session":"694745d8-a179-4c65-83d6-9ed873a7b94b","severity":"debug","timestamp":"2026-03-25T12:11:57.76505212Z"}
{"http.req.id":"2b0ec057-3c17-4309-934f-69bc11e928f1","http.req.method":"POST","http.req.path":"/cart","message":"request started","session":"694745d8-a179-4c65-83d6-9ed873a7b94b","severity":"debug","timestamp":"2026-03-25T12:11:57.766746172Z"}
{"http.req.id":"2b0ec057-3c17-4309-934f-69bc11e928f1","http.req.method":"POST","http.req.path":"/cart","message":"adding to cart","product":"0PUK6V6EV0","quantity":9,"session":"694745d8-a179-4c65-83d6-9ed873a7b94b","severity":"debug","timestamp":"2026-03-25T12:11:57.766946385Z"}
{"http.req.id":"2b0ec057-3c17-4309-934f-69bc11e928f1","http.req.method":"POST","http.req.path":"/cart","http.resp.bytes":0,"http.resp.status":302,"http.resp.took_ms":4,"message":"request complete","session":"694745d8-a179-4c65-83d6-9ed873a7b94b","severity":"debug","timestamp":"2026-03-25T12:11:57.771536078Z"}
{"http.req.id":"f6a8abdb-746c-46d1-8e3d-5c592516e94b","http.req.method":"GET","http.req.path":"/cart","message":"request started","session":"694745d8-a179-4c65-83d6-9ed873a7b94b","severity":"debug","timestamp":"2026-03-25T12:11:57.773313725Z"}
{"http.req.id":"f6a8abdb-746c-46d1-8e3d-5c592516e94b","http.req.method":"GET","http.req.path":"/cart","message":"view user cart","session":"694745d8-a179-4c65-83d6-9ed873a7b94b","severity":"debug","timestamp":"2026-03-25T12:11:57.773384614Z"}
{"http.req.id":"ae433f37-e0b3-41a8-a7dd-3a99d491a542","http.req.method":"GET","http.req.path":"/product/OLJCESPC7Z","message":"request started","session":"32217267-98ca-4d66-9fc8-3f088b8def0f","severity":"debug","timestamp":"2026-03-25T12:11:57.811258307Z"}
{"currency":"GBP","http.req.id":"ae433f37-e0b3-41a8-a7dd-3a99d491a542","http.req.method":"GET","http.req.path":"/product/OLJCESPC7Z","id":"OLJCESPC7Z","message":"serving product page","session":"32217267-98ca-4d66-9fc8-3f088b8def0f","severity":"debug","timestamp":"2026-03-25T12:11:57.811358138Z"}
{"http.req.id":"f6a8abdb-746c-46d1-8e3d-5c592516e94b","http.req.method":"GET","http.req.path":"/cart","http.resp.bytes":17823,"http.resp.status":200,"http.resp.took_ms":195,"message":"request complete","session":"694745d8-a179-4c65-83d6-9ed873a7b94b","severity":"debug","timestamp":"2026-03-25T12:11:57.968912485Z"}
{"http.req.id":"336f7ca3-249e-42e8-9b85-9ccf8bf40878","http.req.method":"GET","http.req.path":"/cart","message":"request started","session":"2d3bf3d7-22b5-49c9-8227-12126292f393","severity":"debug","timestamp":"2026-03-25T12:11:58.132129677Z"}
{"http.req.id":"336f7ca3-249e-42e8-9b85-9ccf8bf40878","http.req.method":"GET","http.req.path":"/cart","message":"view user cart","session":"2d3bf3d7-22b5-49c9-8227-12126292f393","severity":"debug","timestamp":"2026-03-25T12:11:58.132218934Z"}
{"http.req.id":"ae433f37-e0b3-41a8-a7dd-3a99d491a542","http.req.method":"GET","http.req.path":"/product/OLJCESPC7Z","http.resp.bytes":7945,"http.resp.status":200,"http.resp.took_ms":442,"message":"request complete","session":"32217267-98ca-4d66-9fc8-3f088b8def0f","severity":"debug","timestamp":"2026-03-25T12:11:58.253627023Z"}
{"http.req.id":"336f7ca3-249e-42e8-9b85-9ccf8bf40878","http.req.method":"GET","http.req.path":"/cart","http.resp.bytes":6832,"http.resp.status":200,"http.resp.took_ms":127,"message":"request complete","session":"2d3bf3d7-22b5-49c9-8227-12126292f393","severity":"debug","timestamp":"2026-03-25T12:11:58.259412365Z"}
{"http.req.id":"3b4dfa38-88ca-44b8-b444-94daa0cf1269","http.req.method":"GET","http.req.path":"/_healthz","message":"request started","session":"x-readiness-probe","severity":"debug","timestamp":"2026-03-25T12:11:59.26552733Z"}
{"http.req.id":"3b4dfa38-88ca-44b8-b444-94daa0cf1269","http.req.method":"GET","http.req.path":"/_healthz","http.resp.bytes":2,"http.resp.status":200,"http.resp.took_ms":0,"message":"request complete","session":"x-readiness-probe","severity":"debug","timestamp":"2026-03-25T12:11:59.26579806Z"}
{"http.req.id":"bbda43bc-3043-499a-8dc8-0186bd8cd288","http.req.method":"GET","http.req.path":"/product/9SIQT8TOJO","message":"request started","session":"ecb080bf-5333-403f-9547-c8725d499228","severity":"debug","timestamp":"2026-03-25T12:11:59.418427063Z"}
{"currency":"CAD","http.req.id":"bbda43bc-3043-499a-8dc8-0186bd8cd288","http.req.method":"GET","http.req.path":"/product/9SIQT8TOJO","id":"9SIQT8TOJO","message":"serving product page","session":"ecb080bf-5333-403f-9547-c8725d499228","severity":"debug","timestamp":"2026-03-25T12:11:59.41876994Z"}
{"http.req.id":"cfd4d6f2-2afe-446f-893e-8d0ce0894820","http.req.method":"GET","http.req.path":"/product/1YMWWN1N4O","message":"request started","session":"32217267-98ca-4d66-9fc8-3f088b8def0f","severity":"debug","timestamp":"2026-03-25T12:11:59.64625837Z"}
{"currency":"GBP","http.req.id":"cfd4d6f2-2afe-446f-893e-8d0ce0894820","http.req.method":"GET","http.req.path":"/product/1YMWWN1N4O","id":"1YMWWN1N4O","message":"serving product page","session":"32217267-98ca-4d66-9fc8-3f088b8def0f","severity":"debug","timestamp":"2026-03-25T12:11:59.646372925Z"}
{"http.req.id":"bbda43bc-3043-499a-8dc8-0186bd8cd288","http.req.method":"GET","http.req.path":"/product/9SIQT8TOJO","http.resp.bytes":7986,"http.resp.status":200,"http.resp.took_ms":246,"message":"request complete","session":"ecb080bf-5333-403f-9547-c8725d499228","severity":"debug","timestamp":"2026-03-25T12:11:59.66451365Z"}
{"http.req.id":"135e669a-df9b-4200-a965-d989e5d9f34e","http.req.method":"GET","http.req.path":"/product/2ZYFJ3GM2N","message":"request started","session":"fcb2831f-0627-4791-ac1d-23821dc5b140","severity":"debug","timestamp":"2026-03-25T12:11:59.749344703Z"}
{"currency":"CAD","http.req.id":"135e669a-df9b-4200-a965-d989e5d9f34e","http.req.method":"GET","http.req.path":"/product/2ZYFJ3GM2N","id":"2ZYFJ3GM2N","message":"serving product page","session":"fcb2831f-0627-4791-ac1d-23821dc5b140","severity":"debug","timestamp":"2026-03-25T12:11:59.749450947Z"}
{"http.req.id":"cfd4d6f2-2afe-446f-893e-8d0ce0894820","http.req.method":"GET","http.req.path":"/product/1YMWWN1N4O","http.resp.bytes":7933,"http.resp.status":200,"http.resp.took_ms":211,"message":"request complete","session":"32217267-98ca-4d66-9fc8-3f088b8def0f","severity":"debug","timestamp":"2026-03-25T12:11:59.857492621Z"}
{"http.req.id":"135e669a-df9b-4200-a965-d989e5d9f34e","http.req.method":"GET","http.req.path":"/product/2ZYFJ3GM2N","http.resp.bytes":8026,"http.resp.status":200,"http.resp.took_ms":303,"message":"request complete","session":"fcb2831f-0627-4791-ac1d-23821dc5b140","severity":"debug","timestamp":"2026-03-25T12:12:00.052838721Z"}
{"http.req.id":"60842975-c2f0-481a-94d5-b2719898334c","http.req.method":"GET","http.req.path":"/product/2ZYFJ3GM2N","message":"request started","session":"a38c2610-1665-4c93-8051-4c451f5de325","severity":"debug","timestamp":"2026-03-25T12:12:00.221793184Z"}
{"currency":"TRY","http.req.id":"60842975-c2f0-481a-94d5-b2719898334c","http.req.method":"GET","http.req.path":"/product/2ZYFJ3GM2N","id":"2ZYFJ3GM2N","message":"serving product page","session":"a38c2610-1665-4c93-8051-4c451f5de325","severity":"debug","timestamp":"2026-03-25T12:12:00.221903535Z"}
{"http.req.id":"60842975-c2f0-481a-94d5-b2719898334c","http.req.method":"GET","http.req.path":"/product/2ZYFJ3GM2N","http.resp.bytes":7981,"http.resp.status":200,"http.resp.took_ms":231,"message":"request complete","session":"a38c2610-1665-4c93-8051-4c451f5de325","severity":"debug","timestamp":"2026-03-25T12:12:00.45351262Z"}
{"http.req.id":"702a1745-64af-4e31-aec1-2575c356949f","http.req.method":"GET","http.req.path":"/cart","message":"request started","session":"514e00c6-206e-4c6e-873f-852b796455de","severity":"debug","timestamp":"2026-03-25T12:12:01.017527536Z"}
{"http.req.id":"702a1745-64af-4e31-aec1-2575c356949f","http.req.method":"GET","http.req.path":"/cart","message":"view user cart","session":"514e00c6-206e-4c6e-873f-852b796455de","severity":"debug","timestamp":"2026-03-25T12:12:01.017624951Z"}
{"http.req.id":"702a1745-64af-4e31-aec1-2575c356949f","http.req.method":"GET","http.req.path":"/cart","http.resp.bytes":16404,"http.resp.status":200,"http.resp.took_ms":244,"message":"request complete","session":"514e00c6-206e-4c6e-873f-852b796455de","severity":"debug","timestamp":"2026-03-25T12:12:01.26169242Z"}
{"http.req.id":"ce42623a-ec11-4900-8e50-bf9001669d9d","http.req.method":"GET","http.req.path":"/product/6E92ZMYYFZ","message":"request started","session":"df4ce93a-5d92-40a8-93c2-540bf11bbb4d","severity":"debug","timestamp":"2026-03-25T12:12:01.50043057Z"}
{"currency":"EUR","http.req.id":"ce42623a-ec11-4900-8e50-bf9001669d9d","http.req.method":"GET","http.req.path":"/product/6E92ZMYYFZ","id":"6E92ZMYYFZ","message":"serving product page","session":"df4ce93a-5d92-40a8-93c2-540bf11bbb4d","severity":"debug","timestamp":"2026-03-25T12:12:01.500539887Z"}
{"http.req.id":"ce42623a-ec11-4900-8e50-bf9001669d9d","http.req.method":"GET","http.req.path":"/product/6E92ZMYYFZ","http.resp.bytes":7960,"http.resp.status":200,"http.resp.took_ms":53,"message":"request complete","session":"df4ce93a-5d92-40a8-93c2-540bf11bbb4d","severity":"debug","timestamp":"2026-03-25T12:12:01.554269785Z"}
{"http.req.id":"c7758bc7-3aff-4718-957a-0703bca3eff0","http.req.method":"GET","http.req.path":"/product/OLJCESPC7Z","message":"request started","session":"513dd945-739c-4fe3-8e54-6e6927fbb733","severity":"debug","timestamp":"2026-03-25T12:12:01.708581423Z"}
{"currency":"USD","http.req.id":"c7758bc7-3aff-4718-957a-0703bca3eff0","http.req.method":"GET","http.req.path":"/product/OLJCESPC7Z","id":"OLJCESPC7Z","message":"serving product page","session":"513dd945-739c-4fe3-8e54-6e6927fbb733","severity":"debug","timestamp":"2026-03-25T12:12:01.708680951Z"}
{"http.req.id":"c7758bc7-3aff-4718-957a-0703bca3eff0","http.req.method":"GET","http.req.path":"/product/OLJCESPC7Z","http.resp.bytes":7921,"http.resp.status":200,"http.resp.took_ms":47,"message":"request complete","session":"513dd945-739c-4fe3-8e54-6e6927fbb733","severity":"debug","timestamp":"2026-03-25T12:12:01.756001673Z"}
{"http.req.id":"18a0a344-d4fb-4f96-a2c6-85f2e926db77","http.req.method":"GET","http.req.path":"/product/1YMWWN1N4O","message":"request started","session":"32217267-98ca-4d66-9fc8-3f088b8def0f","severity":"debug","timestamp":"2026-03-25T12:12:03.254805934Z"}
{"currency":"GBP","http.req.id":"18a0a344-d4fb-4f96-a2c6-85f2e926db77","http.req.method":"GET","http.req.path":"/product/1YMWWN1N4O","id":"1YMWWN1N4O","message":"serving product page","session":"32217267-98ca-4d66-9fc8-3f088b8def0f","severity":"debug","timestamp":"2026-03-25T12:12:03.254960289Z"}
{"http.req.id":"18a0a344-d4fb-4f96-a2c6-85f2e926db77","http.req.method":"GET","http.req.path":"/product/1YMWWN1N4O","http.resp.bytes":7919,"http.resp.status":200,"http.resp.took_ms":100,"message":"request complete","session":"32217267-98ca-4d66-9fc8-3f088b8def0f","severity":"debug","timestamp":"2026-03-25T12:12:03.355234014Z"}
{"http.req.id":"817aa9e7-b77d-4e29-9732-9c1ea06d4e72","http.req.method":"GET","http.req.path":"/product/L9ECAV7KIM","message":"request started","session":"2d3bf3d7-22b5-49c9-8227-12126292f393","severity":"debug","timestamp":"2026-03-25T12:12:03.838556566Z"}
{"currency":"JPY","http.req.id":"817aa9e7-b77d-4e29-9732-9c1ea06d4e72","http.req.method":"GET","http.req.path":"/product/L9ECAV7KIM","id":"L9ECAV7KIM","message":"serving product page","session":"2d3bf3d7-22b5-49c9-8227-12126292f393","severity":"debug","timestamp":"2026-03-25T12:12:03.838671483Z"}
{"http.req.id":"817aa9e7-b77d-4e29-9732-9c1ea06d4e72","http.req.method":"GET","http.req.path":"/product/L9ECAV7KIM","http.resp.bytes":7865,"http.resp.status":200,"http.resp.took_ms":16,"message":"request complete","session":"2d3bf3d7-22b5-49c9-8227-12126292f393","severity":"debug","timestamp":"2026-03-25T12:12:03.855399314Z"}
{"http.req.id":"62ea7a88-fb93-45bc-900c-7f08511d05dc","http.req.method":"POST","http.req.path":"/setCurrency","message":"request started","session":"a38c2610-1665-4c93-8051-4c451f5de325","severity":"debug","timestamp":"2026-03-25T12:12:03.885223775Z"}
{"curr.new":"CAD","curr.old":"TRY","http.req.id":"62ea7a88-fb93-45bc-900c-7f08511d05dc","http.req.method":"POST","http.req.path":"/setCurrency","message":"setting currency","session":"a38c2610-1665-4c93-8051-4c451f5de325","severity":"debug","timestamp":"2026-03-25T12:12:03.885433689Z"}
{"http.req.id":"62ea7a88-fb93-45bc-900c-7f08511d05dc","http.req.method":"POST","http.req.path":"/setCurrency","http.resp.bytes":0,"http.resp.status":302,"http.resp.took_ms":0,"message":"request complete","session":"a38c2610-1665-4c93-8051-4c451f5de325","severity":"debug","timestamp":"2026-03-25T12:12:03.885474685Z"}
{"http.req.id":"ffd73106-b2ed-4e3c-b373-34bedc95c63f","http.req.method":"GET","http.req.path":"/","message":"request started","session":"a38c2610-1665-4c93-8051-4c451f5de325","severity":"debug","timestamp":"2026-03-25T12:12:03.886770011Z"}
{"currency":"CAD","http.req.id":"ffd73106-b2ed-4e3c-b373-34bedc95c63f","http.req.method":"GET","http.req.path":"/","message":"home","session":"a38c2610-1665-4c93-8051-4c451f5de325","severity":"info","timestamp":"2026-03-25T12:12:03.886850385Z"}
env platform is either empty or invalid
{"http.req.id":"ffd73106-b2ed-4e3c-b373-34bedc95c63f","http.req.method":"GET","http.req.path":"/","message":"ENV_PLATFORM is: local","session":"a38c2610-1665-4c93-8051-4c451f5de325","severity":"debug","timestamp":"2026-03-25T12:12:03.932383654Z"}
{"http.req.id":"ffd73106-b2ed-4e3c-b373-34bedc95c63f","http.req.method":"GET","http.req.path":"/","http.resp.bytes":10475,"http.resp.status":200,"http.resp.took_ms":49,"message":"request complete","session":"a38c2610-1665-4c93-8051-4c451f5de325","severity":"debug","timestamp":"2026-03-25T12:12:03.936479184Z"}
{"http.req.id":"62e15aed-e6ce-46c3-88dc-8bc2c90aa2ec","http.req.method":"GET","http.req.path":"/product/2ZYFJ3GM2N","message":"request started","session":"827eab86-1aba-4a15-8740-5fee5900d10f","severity":"debug","timestamp":"2026-03-25T12:12:04.116015164Z"}
{"currency":"CAD","http.req.id":"62e15aed-e6ce-46c3-88dc-8bc2c90aa2ec","http.req.method":"GET","http.req.path":"/product/2ZYFJ3GM2N","id":"2ZYFJ3GM2N","message":"serving product page","session":"827eab86-1aba-4a15-8740-5fee5900d10f","severity":"debug","timestamp":"2026-03-25T12:12:04.116115042Z"}
{"http.req.id":"62e15aed-e6ce-46c3-88dc-8bc2c90aa2ec","http.req.method":"GET","http.req.path":"/product/2ZYFJ3GM2N","http.resp.bytes":8003,"http.resp.status":200,"http.resp.took_ms":37,"message":"request complete","session":"827eab86-1aba-4a15-8740-5fee5900d10f","severity":"debug","timestamp":"2026-03-25T12:12:04.153115649Z"}
{"http.req.id":"7d609231-8786-44ac-ac21-8813e96ac114","http.req.method":"GET","http.req.path":"/_healthz","message":"request started","session":"x-liveness-probe","severity":"debug","timestamp":"2026-03-25T12:12:05.855643632Z"}
{"http.req.id":"7d609231-8786-44ac-ac21-8813e96ac114","http.req.method":"GET","http.req.path":"/_healthz","http.resp.bytes":2,"http.resp.status":200,"http.resp.took_ms":0,"message":"request complete","session":"x-liveness-probe","severity":"debug","timestamp":"2026-03-25T12:12:05.855750299Z"}
{"http.req.id":"de4fad8b-7905-415c-a8ec-68127f41e239","http.req.method":"GET","http.req.path":"/product/1YMWWN1N4O","message":"request started","session":"ecb080bf-5333-403f-9547-c8725d499228","severity":"debug","timestamp":"2026-03-25T12:12:06.526055154Z"}
{"currency":"CAD","http.req.id":"de4fad8b-7905-415c-a8ec-68127f41e239","http.req.method":"GET","http.req.path":"/product/1YMWWN1N4O","id":"1YMWWN1N4O","message":"serving product page","session":"ecb080bf-5333-403f-9547-c8725d499228","severity":"debug","timestamp":"2026-03-25T12:12:06.526168898Z"}
{"http.req.id":"de4fad8b-7905-415c-a8ec-68127f41e239","http.req.method":"GET","http.req.path":"/product/1YMWWN1N4O","http.resp.bytes":8040,"http.resp.status":200,"http.resp.took_ms":128,"message":"request complete","session":"ecb080bf-5333-403f-9547-c8725d499228","severity":"debug","timestamp":"2026-03-25T12:12:06.654626963Z"}
{"http.req.id":"fb356c8d-7af0-4883-ae32-6eed97882fd1","http.req.method":"GET","http.req.path":"/product/LS4PSXUNUM","message":"request started","session":"2d3bf3d7-22b5-49c9-8227-12126292f393","severity":"debug","timestamp":"2026-03-25T12:12:06.724649292Z"}
{"currency":"JPY","http.req.id":"fb356c8d-7af0-4883-ae32-6eed97882fd1","http.req.method":"GET","http.req.path":"/product/LS4PSXUNUM","id":"LS4PSXUNUM","message":"serving product page","session":"2d3bf3d7-22b5-49c9-8227-12126292f393","severity":"debug","timestamp":"2026-03-25T12:12:06.724759092Z"}
{"http.req.id":"fb356c8d-7af0-4883-ae32-6eed97882fd1","http.req.method":"GET","http.req.path":"/product/LS4PSXUNUM","http.resp.bytes":7907,"http.resp.status":200,"http.resp.took_ms":132,"message":"request complete","session":"2d3bf3d7-22b5-49c9-8227-12126292f393","severity":"debug","timestamp":"2026-03-25T12:12:06.856890986Z"}
