{"http.req.id":"a94f16cc-d12c-49b8-996b-5c41180928fa","http.req.method":"GET","http.req.path":"/cart","message":"view user cart","session":"513dd945-739c-4fe3-8e54-6e6927fbb733","severity":"debug","timestamp":"2026-03-25T12:09:41.508115359Z"}
{"http.req.id":"a94f16cc-d12c-49b8-996b-5c41180928fa","http.req.method":"GET","http.req.path":"/cart","http.resp.bytes":6833,"http.resp.status":200,"http.resp.took_ms":16,"message":"request complete","session":"513dd945-739c-4fe3-8e54-6e6927fbb733","severity":"debug","timestamp":"2026-03-25T12:09:41.52497284Z"}
{"http.req.id":"f3f57f49-daea-49a7-8d34-8331030b6c6e","http.req.method":"GET","http.req.path":"/product/9SIQT8TOJO","message":"request started","session":"fcb2831f-0627-4791-ac1d-23821dc5b140","severity":"debug","timestamp":"2026-03-25T12:09:42.067749555Z"}
{"currency":"EUR","http.req.id":"f3f57f49-daea-49a7-8d34-8331030b6c6e","http.req.method":"GET","http.req.path":"/product/9SIQT8TOJO","id":"9SIQT8TOJO","message":"serving product page","session":"fcb2831f-0627-4791-ac1d-23821dc5b140","severity":"debug","timestamp":"2026-03-25T12:09:42.067814973Z"}
{"http.req.id":"f3f57f49-daea-49a7-8d34-8331030b6c6e","http.req.method":"GET","http.req.path":"/product/9SIQT8TOJO","http.resp.bytes":8000,"http.resp.status":200,"http.resp.took_ms":16,"message":"request complete","session":"fcb2831f-0627-4791-ac1d-23821dc5b140","severity":"debug","timestamp":"2026-03-25T12:09:42.083968083Z"}
{"http.req.id":"97237f57-c003-40dc-834b-56655012c427","http.req.method":"GET","http.req.path":"/product/LS4PSXUNUM","message":"request started","session":"ecb080bf-5333-403f-9547-c8725d499228","severity":"debug","timestamp":"2026-03-25T12:09:42.394496995Z"}
{"currency":"EUR","http.req.id":"97237f57-c003-40dc-834b-56655012c427","http.req.method":"GET","http.req.path":"/product/LS4PSXUNUM","id":"LS4PSXUNUM","message":"serving product page","session":"ecb080bf-5333-403f-9547-c8725d499228","severity":"debug","timestamp":"2026-03-25T12:09:42.394597323Z"}
{"http.req.id":"97237f57-c003-40dc-834b-56655012c427","http.req.method":"GET","http.req.path":"/product/LS4PSXUNUM","http.resp.bytes":7991,"http.resp.status":200,"http.resp.took_ms":17,"message":"request complete","session":"ecb080bf-5333-403f-9547-c8725d499228","severity":"debug","timestamp":"2026-03-25T12:09:42.411692607Z"}
{"http.req.id":"cf4fe392-d26f-437d-8636-dad3c9259c5f","http.req.method":"GET","http.req.path":"/_healthz","message":"request started","session":"x-readiness-probe","severity":"debug","timestamp":"2026-03-25T12:09:42.527644229Z"}
{"http.req.id":"cf4fe392-d26f-437d-8636-dad3c9259c5f","http.req.method":"GET","http.req.path":"/_healthz","http.resp.bytes":2,"http.resp.status":200,"http.resp.took_ms":0,"message":"request complete","session":"x-readiness-probe","severity":"debug","timestamp":"2026-03-25T12:09:42.527728148Z"}
{"http.req.id":"a65aa79e-b4cd-44e1-9ff4-27ee3f0daac9","http.req.method":"GET","http.req.path":"/product/2ZYFJ3GM2N","message":"request started","session":"32217267-98ca-4d66-9fc8-3f088b8def0f","severity":"debug","timestamp":"2026-03-25T12:09:42.609352776Z"}
{"currency":"EUR","http.req.id":"a65aa79e-b4cd-44e1-9ff4-27ee3f0daac9","http.req.method":"GET","http.req.path":"/product/2ZYFJ3GM2N","id":"2ZYFJ3GM2N","message":"serving product page","session":"32217267-98ca-4d66-9fc8-3f088b8def0f","severity":"debug","timestamp":"2026-03-25T12:09:42.609427445Z"}
{"http.req.id":"a65aa79e-b4cd-44e1-9ff4-27ee3f0daac9","http.req.method":"GET","http.req.path":"/product/2ZYFJ3GM2N","http.resp.bytes":8032,"http.resp.status":200,"http.resp.took_ms":106,"message":"request complete","session":"32217267-98ca-4d66-9fc8-3f088b8def0f","severity":"debug","timestamp":"2026-03-25T12:09:42.715402026Z"}
{"http.req.id":"96f0fa2f-08fa-44f0-9d04-137fca803a52","http.req.method":"GET","http.req.path":"/product/66VCHSJNUP","message":"request started","session":"a38c2610-1665-4c93-8051-4c451f5de325","severity":"debug","timestamp":"2026-03-25T12:09:42.732803608Z"}
{"currency":"GBP","http.req.id":"96f0fa2f-08fa-44f0-9d04-137fca803a52","http.req.method":"GET","http.req.path":"/product/66VCHSJNUP","id":"66VCHSJNUP","message":"serving product page","session":"a38c2610-1665-4c93-8051-4c451f5de325","severity":"debug","timestamp":"2026-03-25T12:09:42.732901994Z"}
{"http.req.id":"96f0fa2f-08fa-44f0-9d04-137fca803a52","http.req.method":"GET","http.req.path":"/product/66VCHSJNUP","http.resp.bytes":7966,"http.resp.status":200,"http.resp.took_ms":21,"message":"request complete","session":"a38c2610-1665-4c93-8051-4c451f5de325","severity":"debug","timestamp":"2026-03-25T12:09:42.753947473Z"}
{"http.req.id":"225eb908-2b93-4476-ae16-0da241a61b60","http.req.method":"GET","http.req.path":"/product/0PUK6V6EV0","message":"request started","session":"827eab86-1aba-4a15-8740-5fee5900d10f","severity":"debug","timestamp":"2026-03-25T12:09:42.823474249Z"}
{"currency":"JPY","http.req.id":"225eb908-2b93-4476-ae16-0da241a61b60","http.req.method":"GET","http.req.path":"/product/0PUK6V6EV0","id":"0PUK6V6EV0","message":"serving product page","session":"827eab86-1aba-4a15-8740-5fee5900d10f","severity":"debug","timestamp":"2026-03-25T12:09:42.823737037Z"}
{"http.req.id":"225eb908-2b93-4476-ae16-0da241a61b60","http.req.method":"GET","http.req.path":"/product/0PUK6V6EV0","http.resp.bytes":8015,"http.resp.status":200,"http.resp.took_ms":40,"message":"request complete","session":"827eab86-1aba-4a15-8740-5fee5900d10f","severity":"debug","timestamp":"2026-03-25T12:09:42.864058578Z"}
{"http.req.id":"47e56a2f-dda5-415f-999e-c71367bf6fe1","http.req.method":"GET","http.req.path":"/product/66VCHSJNUP","message":"request started","session":"514e00c6-206e-4c6e-873f-852b796455de","severity":"debug","timestamp":"2026-03-25T12:09:43.227565108Z"}
{"currency":"GBP","http.req.id":"47e56a2f-dda5-415f-999e-c71367bf6fe1","http.req.method":"GET","http.req.path":"/product/66VCHSJNUP","id":"66VCHSJNUP","message":"serving product page","session":"514e00c6-206e-4c6e-873f-852b796455de","severity":"debug","timestamp":"2026-03-25T12:09:43.227648828Z"}
{"http.req.id":"47e56a2f-dda5-415f-999e-c71367bf6fe1","http.req.method":"GET","http.req.path":"/product/66VCHSJNUP","http.resp.bytes":7912,"http.resp.status":200,"http.resp.took_ms":19,"message":"request complete","session":"514e00c6-206e-4c6e-873f-852b796455de","severity":"debug","timestamp":"2026-03-25T12:09:43.247371118Z"}
{"http.req.id":"daaa2be7-8e44-488e-8898-63f5c8dafe2a","http.req.method":"GET","http.req.path":"/product/6E92ZMYYFZ","message":"request started","session":"fcb2831f-0627-4791-ac1d-23821dc5b140","severity":"debug","timestamp":"2026-03-25T12:09:43.912268886Z"}
{"currency":"EUR","http.req.id":"daaa2be7-8e44-488e-8898-63f5c8dafe2a","http.req.method":"GET","http.req.path":"/product/6E92ZMYYFZ","id":"6E92ZMYYFZ","message":"serving product page","session":"fcb2831f-0627-4791-ac1d-23821dc5b140","severity":"debug","timestamp":"2026-03-25T12:09:43.912454049Z"}
{"http.req.id":"daaa2be7-8e44-488e-8898-63f5c8dafe2a","http.req.method":"GET","http.req.path":"/product/6E92ZMYYFZ","http.resp.bytes":7949,"http.resp.status":200,"http.resp.took_ms":16,"message":"request complete","session":"fcb2831f-0627-4791-ac1d-23821dc5b140","severity":"debug","timestamp":"2026-03-25T12:09:43.928400796Z"}
{"http.req.id":"20031bdf-8c71-4d01-8df4-a4885637beb4","http.req.method":"GET","http.req.path":"/product/66VCHSJNUP","message":"request started","session":"694745d8-a179-4c65-83d6-9ed873a7b94b","severity":"debug","timestamp":"2026-03-25T12:09:44.033031706Z"}
{"currency":"CAD","http.req.id":"20031bdf-8c71-4d01-8df4-a4885637beb4","http.req.method":"GET","http.req.path":"/product/66VCHSJNUP","id":"66VCHSJNUP","message":"serving product page","session":"694745d8-a179-4c65-83d6-9ed873a7b94b","severity":"debug","timestamp":"2026-03-25T12:09:44.033136848Z"}
{"http.req.id":"20031bdf-8c71-4d01-8df4-a4885637beb4","http.req.method":"GET","http.req.path":"/product/66VCHSJNUP","http.resp.bytes":7983,"http.resp.status":200,"http.resp.took_ms":17,"message":"request complete","session":"694745d8-a179-4c65-83d6-9ed873a7b94b","severity":"debug","timestamp":"2026-03-25T12:09:44.050427492Z"}
{"http.req.id":"7c070712-d87d-434a-8468-7f62ce779a2d","http.req.method":"GET","http.req.path":"/cart","message":"request started","session":"a38c2610-1665-4c93-8051-4c451f5de325","severity":"debug","timestamp":"2026-03-25T12:09:44.390165073Z"}
{"http.req.id":"7c070712-d87d-434a-8468-7f62ce779a2d","http.req.method":"GET","http.req.path":"/cart","message":"view user cart","session":"a38c2610-1665-4c93-8051-4c451f5de325","severity":"debug","timestamp":"2026-03-25T12:09:44.390261128Z"}
{"http.req.id":"7c070712-d87d-434a-8468-7f62ce779a2d","http.req.method":"GET","http.req.path":"/cart","http.resp.bytes":19275,"http.resp.status":200,"http.resp.took_ms":21,"message":"request complete","session":"a38c2610-1665-4c93-8051-4c451f5de325","severity":"debug","timestamp":"2026-03-25T12:09:44.411608611Z"}
{"http.req.id":"46818b2c-aa73-47a6-8386-0b5206df940a","http.req.method":"GET","http.req.path":"/product/6E92ZMYYFZ","message":"request started","session":"514e00c6-206e-4c6e-873f-852b796455de","severity":"debug","timestamp":"2026-03-25T12:09:45.213697048Z"}
{"currency":"GBP","http.req.id":"46818b2c-aa73-47a6-8386-0b5206df940a","http.req.method":"GET","http.req.path":"/product/6E92ZMYYFZ","id":"6E92ZMYYFZ","message":"serving product page","session":"514e00c6-206e-4c6e-873f-852b796455de","severity":"debug","timestamp":"2026-03-25T12:09:45.213796654Z"}
{"http.req.id":"46818b2c-aa73-47a6-8386-0b5206df940a","http.req.method":"GET","http.req.path":"/product/6E92ZMYYFZ","http.resp.bytes":7865,"http.resp.status":200,"http.resp.took_ms":20,"message":"request complete","session":"514e00c6-206e-4c6e-873f-852b796455de","severity":"debug","timestamp":"2026-03-25T12:09:45.234295607Z"}
{"http.req.id":"187e6be5-fca8-4b13-9740-c62807c70cc9","http.req.method":"POST","http.req.path":"/setCurrency","message":"request started","session":"df4ce93a-5d92-40a8-93c2-540bf11bbb4d","severity":"debug","timestamp":"2026-03-25T12:09:45.288923369Z"}
{"curr.new":"GBP","curr.old":"TRY","http.req.id":"187e6be5-fca8-4b13-9740-c62807c70cc9","http.req.method":"POST","http.req.path":"/setCurrency","message":"setting currency","session":"df4ce93a-5d92-40a8-93c2-540bf11bbb4d","severity":"debug","timestamp":"2026-03-25T12:09:45.289489746Z"}
{"http.req.id":"187e6be5-fca8-4b13-9740-c62807c70cc9","http.req.method":"POST","http.req.path":"/setCurrency","http.resp.bytes":0,"http.resp.status":302,"http.resp.took_ms":0,"message":"request complete","session":"df4ce93a-5d92-40a8-93c2-540bf11bbb4d","severity":"debug","timestamp":"2026-03-25T12:09:45.289682193Z"}
{"http.req.id":"bf9e8f5c-c865-4b83-831c-727bb531948f","http.req.method":"GET","http.req.path":"/","message":"request started","session":"df4ce93a-5d92-40a8-93c2-540bf11bbb4d","severity":"debug","timestamp":"2026-03-25T12:09:45.292075883Z"}
{"currency":"GBP","http.req.id":"bf9e8f5c-c865-4b83-831c-727bb531948f","http.req.method":"GET","http.req.path":"/","message":"home","session":"df4ce93a-5d92-40a8-93c2-540bf11bbb4d","severity":"info","timestamp":"2026-03-25T12:09:45.292209428Z"}
env platform is either empty or invalid
{"http.req.id":"bf9e8f5c-c865-4b83-831c-727bb531948f","http.req.method":"GET","http.req.path":"/","message":"ENV_PLATFORM is: local","session":"df4ce93a-5d92-40a8-93c2-540bf11bbb4d","severity":"debug","timestamp":"2026-03-25T12:09:45.43575738Z"}
{"http.req.id":"bf9e8f5c-c865-4b83-831c-727bb531948f","http.req.method":"GET","http.req.path":"/","http.resp.bytes":10392,"http.resp.status":200,"http.resp.took_ms":148,"message":"request complete","session":"df4ce93a-5d92-40a8-93c2-540bf11bbb4d","severity":"debug","timestamp":"2026-03-25T12:09:45.440626212Z"}
{"http.req.id":"ffba1417-ce75-459e-8c2c-b43ccd7109b5","http.req.method":"GET","http.req.path":"/product/OLJCESPC7Z","message":"request started","session":"2d3bf3d7-22b5-49c9-8227-12126292f393","severity":"debug","timestamp":"2026-03-25T12:09:46.397916078Z"}
{"currency":"TRY","http.req.id":"ffba1417-ce75-459e-8c2c-b43ccd7109b5","http.req.method":"GET","http.req.path":"/product/OLJCESPC7Z","id":"OLJCESPC7Z","message":"serving product page","session":"2d3bf3d7-22b5-49c9-8227-12126292f393","severity":"debug","timestamp":"2026-03-25T12:09:46.398060914Z"}
{"http.req.id":"ffba1417-ce75-459e-8c2c-b43ccd7109b5","http.req.method":"GET","http.req.path":"/product/OLJCESPC7Z","http.resp.bytes":7950,"http.resp.status":200,"http.resp.took_ms":38,"message":"request complete","session":"2d3bf3d7-22b5-49c9-8227-12126292f393","severity":"debug","timestamp":"2026-03-25T12:09:46.436832888Z"}
{"http.req.id":"a4ab7d68-ef88-4144-ad8f-07c8fb9bff5b","http.req.method":"POST","http.req.path":"/cart","message":"request started","session":"2d3bf3d7-22b5-49c9-8227-12126292f393","severity":"debug","timestamp":"2026-03-25T12:09:46.438281695Z"}
{"http.req.id":"a4ab7d68-ef88-4144-ad8f-07c8fb9bff5b","http.req.method":"POST","http.req.path":"/cart","message":"adding to cart","product":"OLJCESPC7Z","quantity":9,"session":"2d3bf3d7-22b5-49c9-8227-12126292f393","severity":"debug","timestamp":"2026-03-25T12:09:46.438505214Z"}
{"http.req.id":"a4ab7d68-ef88-4144-ad8f-07c8fb9bff5b","http.req.method":"POST","http.req.path":"/cart","http.resp.bytes":0,"http.resp.status":302,"http.resp.took_ms":4,"message":"request complete","session":"2d3bf3d7-22b5-49c9-8227-12126292f393","severity":"debug","timestamp":"2026-03-25T12:09:46.442486175Z"}
{"http.req.id":"1b092d22-b267-442f-8880-e68caa0d91bb","http.req.method":"GET","http.req.path":"/cart","message":"request started","session":"2d3bf3d7-22b5-49c9-8227-12126292f393","severity":"debug","timestamp":"2026-03-25T12:09:46.443868212Z"}
{"http.req.id":"1b092d22-b267-442f-8880-e68caa0d91bb","http.req.method":"GET","http.req.path":"/cart","message":"view user cart","session":"2d3bf3d7-22b5-49c9-8227-12126292f393","severity":"debug","timestamp":"2026-03-25T12:09:46.444042128Z"}
{"http.req.id":"1b092d22-b267-442f-8880-e68caa0d91bb","http.req.method":"GET","http.req.path":"/cart","http.resp.bytes":16391,"http.resp.status":200,"http.resp.took_ms":76,"message":"request complete","session":"2d3bf3d7-22b5-49c9-8227-12126292f393","severity":"debug","timestamp":"2026-03-25T12:09:46.520730287Z"}
{"http.req.id":"67575f72-4508-4d67-aaab-7772d3b799a4","http.req.method":"POST","http.req.path":"/cart/checkout","message":"request started","session":"2d3bf3d7-22b5-49c9-8227-12126292f393","severity":"debug","timestamp":"2026-03-25T12:09:46.524580857Z"}
{"http.req.id":"67575f72-4508-4d67-aaab-7772d3b799a4","http.req.method":"POST","http.req.path":"/cart/checkout","message":"placing order","session":"2d3bf3d7-22b5-49c9-8227-12126292f393","severity":"debug","timestamp":"2026-03-25T12:09:46.524693811Z"}
{"http.req.id":"67575f72-4508-4d67-aaab-7772d3b799a4","http.req.method":"POST","http.req.path":"/cart/checkout","message":"order placed","order":"83da90e8-2843-11f1-a4a0-927ce8a683d8","session":"2d3bf3d7-22b5-49c9-8227-12126292f393","severity":"info","timestamp":"2026-03-25T12:09:46.549183229Z"}
{"http.req.id":"67575f72-4508-4d67-aaab-7772d3b799a4","http.req.method":"POST","http.req.path":"/cart/checkout","http.resp.bytes":6758,"http.resp.status":200,"http.resp.took_ms":39,"message":"request complete","session":"2d3bf3d7-22b5-49c9-8227-12126292f393","severity":"debug","timestamp":"2026-03-25T12:09:46.564061954Z"}
{"http.req.id":"93efdd78-29d0-48b6-917e-7030bf61236c","http.req.method":"GET","http.req.path":"/product/2ZYFJ3GM2N","message":"request started","session":"a38c2610-1665-4c93-8051-4c451f5de325","severity":"debug","timestamp":"2026-03-25T12:09:47.019917942Z"}
{"currency":"GBP","http.req.id":"93efdd78-29d0-48b6-917e-7030bf61236c","http.req.method":"GET","http.req.path":"/product/2ZYFJ3GM2N","id":"2ZYFJ3GM2N","message":"serving product page","session":"a38c2610-1665-4c93-8051-4c451f5de325","severity":"debug","timestamp":"2026-03-25T12:09:47.02003638Z"}
{"http.req.id":"93efdd78-29d0-48b6-917e-7030bf61236c","http.req.method":"GET","http.req.path":"/product/2ZYFJ3GM2N","http.resp.bytes":7998,"http.resp.status":200,"http.resp.took_ms":21,"message":"request complete","session":"a38c2610-1665-4c93-8051-4c451f5de325","severity":"debug","timestamp":"2026-03-25T12:09:47.041823629Z"}
{"http.req.id":"3ace10d3-ed96-4660-8b7b-19989caf63cb","http.req.method":"GET","http.req.path":"/","message":"request started","session":"513dd945-739c-4fe3-8e54-6e6927fbb733","severity":"debug","timestamp":"2026-03-25T12:09:47.377023629Z"}
{"currency":"USD","http.req.id":"3ace10d3-ed96-4660-8b7b-19989caf63cb","http.req.method":"GET","http.req.path":"/","message":"home","session":"513dd945-739c-4fe3-8e54-6e6927fbb733","severity":"info","timestamp":"2026-03-25T12:09:47.377089499Z"}
{"http.req.id":"a474af92-4cca-4da4-8f34-2d2709450141","http.req.method":"GET","http.req.path":"/product/6E92ZMYYFZ","message":"request started","session":"df4ce93a-5d92-40a8-93c2-540bf11bbb4d","severity":"debug","timestamp":"2026-03-25T12:09:47.378038757Z"}
{"currency":"GBP","http.req.id":"a474af92-4cca-4da4-8f34-2d2709450141","http.req.method":"GET","http.req.path":"/product/6E92ZMYYFZ","id":"6E92ZMYYFZ","message":"serving product page","session":"df4ce93a-5d92-40a8-93c2-540bf11bbb4d","severity":"debug","timestamp":"2026-03-25T12:09:47.378137204Z"}
{"http.req.id":"a474af92-4cca-4da4-8f34-2d2709450141","http.req.method":"GET","http.req.path":"/product/6E92ZMYYFZ","http.resp.bytes":7849,"http.resp.status":200,"http.resp.took_ms":26,"message":"request complete","session":"df4ce93a-5d92-40a8-93c2-540bf11bbb4d","severity":"debug","timestamp":"2026-03-25T12:09:47.404689324Z"}
env platform is either empty or invalid
{"http.req.id":"3ace10d3-ed96-4660-8b7b-19989caf63cb","http.req.method":"GET","http.req.path":"/","message":"ENV_PLATFORM is: local","session":"513dd945-739c-4fe3-8e54-6e6927fbb733","severity":"debug","timestamp":"2026-03-25T12:09:47.421825558Z"}
{"http.req.id":"3ace10d3-ed96-4660-8b7b-19989caf63cb","http.req.method":"GET","http.req.path":"/","http.resp.bytes":10383,"http.resp.status":200,"http.resp.took_ms":48,"message":"request complete","session":"513dd945-739c-4fe3-8e54-6e6927fbb733","severity":"debug","timestamp":"2026-03-25T12:09:47.425442388Z"}
{"http.req.id":"420fdb68-1477-43bc-b8f3-d15e2d437463","http.req.method":"GET","http.req.path":"/_healthz","message":"request started","session":"x-liveness-probe","severity":"debug","timestamp":"2026-03-25T12:09:49.125061947Z"}
{"http.req.id":"420fdb68-1477-43bc-b8f3-d15e2d437463","http.req.method":"GET","http.req.path":"/_healthz","http.resp.bytes":2,"http.resp.status":200,"http.resp.took_ms":0,"message":"request complete","session":"x-liveness-probe","severity":"debug","timestamp":"2026-03-25T12:09:49.125219148Z"}
{"http.req.id":"07946182-212a-4f04-bfec-21769e57e2c0","http.req.method":"GET","http.req.path":"/product/OLJCESPC7Z","message":"request started","session":"32217267-98ca-4d66-9fc8-3f088b8def0f","severity":"debug","timestamp":"2026-03-25T12:09:49.26526786Z"}
{"currency":"EUR","http.req.id":"07946182-212a-4f04-bfec-21769e57e2c0","http.req.method":"GET","http.req.path":"/product/OLJCESPC7Z","id":"OLJCESPC7Z","message":"serving product page","session":"32217267-98ca-4d66-9fc8-3f088b8def0f","severity":"debug","timestamp":"2026-03-25T12:09:49.265384928Z"}
{"http.req.id":"07946182-212a-4f04-bfec-21769e57e2c0","http.req.method":"GET","http.req.path":"/product/OLJCESPC7Z","http.resp.bytes":8021,"http.resp.status":200,"http.resp.took_ms":33,"message":"request complete","session":"32217267-98ca-4d66-9fc8-3f088b8def0f","severity":"debug","timestamp":"2026-03-25T12:09:49.29842819Z"}
{"http.req.id":"088890e7-0d1c-4d4d-9e70-bc69c610220d","http.req.method":"GET","http.req.path":"/product/0PUK6V6EV0","message":"request started","session":"827eab86-1aba-4a15-8740-5fee5900d10f","severity":"debug","timestamp":"2026-03-25T12:09:49.341985499Z"}
{"currency":"JPY","http.req.id":"088890e7-0d1c-4d4d-9e70-bc69c610220d","http.req.method":"GET","http.req.path":"/product/0PUK6V6EV0","id":"0PUK6V6EV0","message":"serving product page","session":"827eab86-1aba-4a15-8740-5fee5900d10f","severity":"debug","timestamp":"2026-03-25T12:09:49.342116342Z"}
{"http.req.id":"088890e7-0d1c-4d4d-9e70-bc69c610220d","http.req.method":"GET","http.req.path":"/product/0PUK6V6EV0","http.resp.bytes":7989,"http.resp.status":200,"http.resp.took_ms":27,"message":"request complete","session":"827eab86-1aba-4a15-8740-5fee5900d10f","severity":"debug","timestamp":"2026-03-25T12:09:49.369705443Z"}
{"http.req.id":"5e0c6614-e85f-4720-b910-6c8170428a47","http.req.method":"GET","http.req.path":"/cart","message":"request started","session":"fcb2831f-0627-4791-ac1d-23821dc5b140","severity":"debug","timestamp":"2026-03-25T12:09:50.19797319Z"}
{"http.req.id":"5e0c6614-e85f-4720-b910-6c8170428a47","http.req.method":"GET","http.req.path":"/cart","message":"view user cart","session":"fcb2831f-0627-4791-ac1d-23821dc5b140","severity":"debug","timestamp":"2026-03-25T12:09:50.198150056Z"}
{"http.req.id":"5e0c6614-e85f-4720-b910-6c8170428a47","http.req.method":"GET","http.req.path":"/cart","http.resp.bytes":22117,"http.resp.status":200,"http.resp.took_ms":51,"message":"request complete","session":"fcb2831f-0627-4791-ac1d-23821dc5b140","severity":"debug","timestamp":"2026-03-25T12:09:50.249215452Z"}
{"http.req.id":"288974e7-0bac-4f96-8e75-a5e085b58bf9","http.req.method":"GET","http.req.path":"/product/6E92ZMYYFZ","message":"request started","session":"2d3bf3d7-22b5-49c9-8227-12126292f393","severity":"debug","timestamp":"2026-03-25T12:09:50.312526325Z"}
{"currency":"TRY","http.req.id":"288974e7-0bac-4f96-8e75-a5e085b58bf9","http.req.method":"GET","http.req.path":"/product/6E92ZMYYFZ","id":"6E92ZMYYFZ","message":"serving product page","session":"2d3bf3d7-22b5-49c9-8227-12126292f393","severity":"debug","timestamp":"2026-03-25T12:09:50.313162026Z"}
{"http.req.id":"288974e7-0bac-4f96-8e75-a5e085b58bf9","http.req.method":"GET","http.req.path":"/product/6E92ZMYYFZ","http.resp.bytes":7838,"http.resp.status":200,"http.resp.took_ms":21,"message":"request complete","session":"2d3bf3d7-22b5-49c9-8227-12126292f393","severity":"debug","timestamp":"2026-03-25T12:09:50.334176089Z"}
{"http.req.id":"6fd07f19-b410-450d-8327-ab877fca2ec5","http.req.method":"GET","http.req.path":"/product/LS4PSXUNUM","message":"request started","session":"ecb080bf-5333-403f-9547-c8725d499228","severity":"debug","timestamp":"2026-03-25T12:09:50.66629848Z"}
{"currency":"EUR","http.req.id":"6fd07f19-b410-450d-8327-ab877fca2ec5","http.req.method":"GET","http.req.path":"/product/LS4PSXUNUM","id":"LS4PSXUNUM","message":"serving product page","session":"ecb080bf-5333-403f-9547-c8725d499228","severity":"debug","timestamp":"2026-03-25T12:09:50.666442181Z"}
{"http.req.id":"6fd07f19-b410-450d-8327-ab877fca2ec5","http.req.method":"GET","http.req.path":"/product/LS4PSXUNUM","http.resp.bytes":7981,"http.resp.status":200,"http.resp.took_ms":22,"message":"request complete","session":"ecb080bf-5333-403f-9547-c8725d499228","severity":"debug","timestamp":"2026-03-25T12:09:50.688322175Z"}
{"http.req.id":"c4c40afd-6a38-4fba-889b-351944e5ad73","http.req.method":"GET","http.req.path":"/product/66VCHSJNUP","message":"request started","session":"513dd945-739c-4fe3-8e54-6e6927fbb733","severity":"debug","timestamp":"2026-03-25T12:09:51.256933132Z"}
{"currency":"USD","http.req.id":"c4c40afd-6a38-4fba-889b-351944e5ad73","http.req.method":"GET","http.req.path":"/product/66VCHSJNUP","id":"66VCHSJNUP","message":"serving product page","session":"513dd945-739c-4fe3-8e54-6e6927fbb733","severity":"debug","timestamp":"2026-03-25T12:09:51.257060715Z"}
{"http.req.id":"c4c40afd-6a38-4fba-889b-351944e5ad73","http.req.method":"GET","http.req.path":"/product/66VCHSJNUP","http.resp.bytes":7870,"http.resp.status":200,"http.resp.took_ms":61,"message":"request complete","session":"513dd945-739c-4fe3-8e54-6e6927fbb733","severity":"debug","timestamp":"2026-03-25T12:09:51.318361364Z"}
{"http.req.id":"6faa786e-3f20-481b-9571-bb9ece3eef4e","http.req.method":"GET","http.req.path":"/_healthz","message":"request started","session":"x-readiness-probe","severity":"debug","timestamp":"2026-03-25T12:09:54.162990467Z"}
{"http.req.id":"6faa786e-3f20-481b-9571-bb9ece3eef4e","http.req.method":"GET","http.req.path":"/_healthz","http.resp.bytes":2,"http.resp.status":200,"http.resp.took_ms":0,"message":"request complete","session":"x-readiness-probe","severity":"debug","timestamp":"2026-03-25T12:09:54.163069713Z"}
{"http.req.id":"edc445f3-fc69-4945-a423-232378d733ec","http.req.method":"GET","http.req.path":"/product/6E92ZMYYFZ","message":"request started","session":"694745d8-a179-4c65-83d6-9ed873a7b94b","severity":"debug","timestamp":"2026-03-25T12:09:54.323388861Z"}
{"currency":"CAD","http.req.id":"edc445f3-fc69-4945-a423-232378d733ec","http.req.method":"GET","http.req.path":"/product/6E92ZMYYFZ","id":"6E92ZMYYFZ","message":"serving product page","session":"694745d8-a179-4c65-83d6-9ed873a7b94b","severity":"debug","timestamp":"2026-03-25T12:09:54.323496555Z"}
{"http.req.id":"edc445f3-fc69-4945-a423-232378d733ec","http.req.method":"GET","http.req.path":"/product/6E92ZMYYFZ","http.resp.bytes":7963,"http.resp.status":200,"http.resp.took_ms":47,"message":"request complete","session":"694745d8-a179-4c65-83d6-9ed873a7b94b","severity":"debug","timestamp":"2026-03-25T12:09:54.371362865Z"}
{"http.req.id":"0301ba49-73c6-4670-8513-0119c5869b0f","http.req.method":"GET","http.req.path":"/product/66VCHSJNUP","message":"request started","session":"514e00c6-206e-4c6e-873f-852b796455de","severity":"debug","timestamp":"2026-03-25T12:09:54.949001377Z"}
{"currency":"GBP","http.req.id":"0301ba49-73c6-4670-8513-0119c5869b0f","http.req.method":"GET","http.req.path":"/product/66VCHSJNUP","id":"66VCHSJNUP","message":"serving product page","session":"514e00c6-206e-4c6e-873f-852b796455de","severity":"debug","timestamp":"2026-03-25T12:09:54.949098246Z"}
{"http.req.id":"0301ba49-73c6-4670-8513-0119c5869b0f","http.req.method":"GET","http.req.path":"/product/66VCHSJNUP","http.resp.bytes":7910,"http.resp.status":200,"http.resp.took_ms":31,"message":"request complete","session":"514e00c6-206e-4c6e-873f-852b796455de","severity":"debug","timestamp":"2026-03-25T12:09:54.98021662Z"}
{"http.req.id":"eb07e5de-26f7-4787-bfec-2410774b3146","http.req.method":"GET","http.req.path":"/product/9SIQT8TOJO","message":"request started","session":"827eab86-1aba-4a15-8740-5fee5900d10f","severity":"debug","timestamp":"2026-03-25T12:09:55.677827049Z"}
{"currency":"JPY","http.req.id":"eb07e5de-26f7-4787-bfec-2410774b3146","http.req.method":"GET","http.req.path":"/product/9SIQT8TOJO","id":"9SIQT8TOJO","message":"serving product page","session":"827eab86-1aba-4a15-8740-5fee5900d10f","severity":"debug","timestamp":"2026-03-25T12:09:55.67797694Z"}
{"http.req.id":"eb07e5de-26f7-4787-bfec-2410774b3146","http.req.method":"GET","http.req.path":"/product/9SIQT8TOJO","http.resp.bytes":8019,"http.resp.status":200,"http.resp.took_ms":79,"message":"request complete","session":"827eab86-1aba-4a15-8740-5fee5900d10f","severity":"debug","timestamp":"2026-03-25T12:09:55.757370042Z"}
{"http.req.id":"513995e0-8073-49e7-8ff0-a3fa0cfe11ae","http.req.method":"GET","http.req.path":"/product/6E92ZMYYFZ","message":"request started","session":"a38c2610-1665-4c93-8051-4c451f5de325","severity":"debug","timestamp":"2026-03-25T12:09:56.102608476Z"}
{"currency":"GBP","http.req.id":"513995e0-8073-49e7-8ff0-a3fa0cfe11ae","http.req.method":"GET","http.req.path":"/product/6E92ZMYYFZ","id":"6E92ZMYYFZ","message":"serving product page","session":"a38c2610-1665-4c93-8051-4c451f5de325","severity":"debug","timestamp":"2026-03-25T12:09:56.102759419Z"}
{"http.req.id":"513995e0-8073-49e7-8ff0-a3fa0cfe11ae","http.req.method":"GET","http.req.path":"/product/6E92ZMYYFZ","http.resp.bytes":7957,"http.resp.status":200,"http.resp.took_ms":23,"message":"request complete","session":"a38c2610-1665-4c93-8051-4c451f5de325","severity":"debug","timestamp":"2026-03-25T12:09:56.12597468Z"}
