{"currency":"TRY","http.req.id":"a525c2c7-d6af-4481-9373-87a22798373a","http.req.method":"GET","http.req.path":"/product/66VCHSJNUP","id":"66VCHSJNUP","message":"serving product page","session":"f9734e3a-0615-43dc-908b-1b8be30715f4","severity":"debug","timestamp":"2026-03-06T06:06:10.675223821Z"}
{"http.req.id":"a525c2c7-d6af-4481-9373-87a22798373a","http.req.method":"GET","http.req.path":"/product/66VCHSJNUP","http.resp.bytes":7965,"http.resp.status":200,"http.resp.took_ms":13,"message":"request complete","session":"f9734e3a-0615-43dc-908b-1b8be30715f4","severity":"debug","timestamp":"2026-03-06T06:06:10.688809136Z"}
{"http.req.id":"4325f1ab-d934-4cbf-9dbb-c2908bcc8acf","http.req.method":"GET","http.req.path":"/product/9SIQT8TOJO","message":"request started","session":"fa2d8e54-c567-4c66-b702-8bb183ef4a46","severity":"debug","timestamp":"2026-03-06T06:06:10.90834601Z"}
{"currency":"USD","http.req.id":"4325f1ab-d934-4cbf-9dbb-c2908bcc8acf","http.req.method":"GET","http.req.path":"/product/9SIQT8TOJO","id":"9SIQT8TOJO","message":"serving product page","session":"fa2d8e54-c567-4c66-b702-8bb183ef4a46","severity":"debug","timestamp":"2026-03-06T06:06:10.908408162Z"}
{"http.req.id":"4325f1ab-d934-4cbf-9dbb-c2908bcc8acf","http.req.method":"GET","http.req.path":"/product/9SIQT8TOJO","http.resp.bytes":7978,"http.resp.status":200,"http.resp.took_ms":13,"message":"request complete","session":"fa2d8e54-c567-4c66-b702-8bb183ef4a46","severity":"debug","timestamp":"2026-03-06T06:06:10.921416471Z"}
{"http.req.id":"8aed2f9a-c54a-4cbd-8dd7-a6df6b4a8cbf","http.req.method":"GET","http.req.path":"/cart","message":"request started","session":"89995d91-ad5c-4838-8317-c04497a5d805","severity":"debug","timestamp":"2026-03-06T06:06:11.118182357Z"}
{"http.req.id":"8aed2f9a-c54a-4cbd-8dd7-a6df6b4a8cbf","http.req.method":"GET","http.req.path":"/cart","message":"view user cart","session":"89995d91-ad5c-4838-8317-c04497a5d805","severity":"debug","timestamp":"2026-03-06T06:06:11.118284209Z"}
{"http.req.id":"8aed2f9a-c54a-4cbd-8dd7-a6df6b4a8cbf","http.req.method":"GET","http.req.path":"/cart","http.resp.bytes":16424,"http.resp.status":200,"http.resp.took_ms":14,"message":"request complete","session":"89995d91-ad5c-4838-8317-c04497a5d805","severity":"debug","timestamp":"2026-03-06T06:06:11.132206579Z"}
{"http.req.id":"a5aacdfd-bc71-4d6b-bd7c-0610b70da14f","http.req.method":"GET","http.req.path":"/","message":"request started","session":"d7d3227d-0824-4f40-a472-c039f0192426","severity":"debug","timestamp":"2026-03-06T06:06:11.228889783Z"}
{"currency":"JPY","http.req.id":"a5aacdfd-bc71-4d6b-bd7c-0610b70da14f","http.req.method":"GET","http.req.path":"/","message":"home","session":"d7d3227d-0824-4f40-a472-c039f0192426","severity":"info","timestamp":"2026-03-06T06:06:11.228972792Z"}
env platform is either empty or invalid
{"http.req.id":"a5aacdfd-bc71-4d6b-bd7c-0610b70da14f","http.req.method":"GET","http.req.path":"/","message":"ENV_PLATFORM is: local","session":"d7d3227d-0824-4f40-a472-c039f0192426","severity":"debug","timestamp":"2026-03-06T06:06:11.433566373Z"}
{"http.req.id":"a5aacdfd-bc71-4d6b-bd7c-0610b70da14f","http.req.method":"GET","http.req.path":"/","http.resp.bytes":10619,"http.resp.status":200,"http.resp.took_ms":208,"message":"request complete","session":"d7d3227d-0824-4f40-a472-c039f0192426","severity":"debug","timestamp":"2026-03-06T06:06:11.437375479Z"}
{"http.req.id":"a0f84833-5ce4-43d3-ae31-18513b2dd803","http.req.method":"GET","http.req.path":"/product/0PUK6V6EV0","message":"request started","session":"0994b18b-93e7-4775-a2c5-e29dc0e6d5bb","severity":"debug","timestamp":"2026-03-06T06:06:12.963743495Z"}
{"currency":"TRY","http.req.id":"a0f84833-5ce4-43d3-ae31-18513b2dd803","http.req.method":"GET","http.req.path":"/product/0PUK6V6EV0","id":"0PUK6V6EV0","message":"serving product page","session":"0994b18b-93e7-4775-a2c5-e29dc0e6d5bb","severity":"debug","timestamp":"2026-03-06T06:06:12.963783677Z"}
{"http.req.id":"a0f84833-5ce4-43d3-ae31-18513b2dd803","http.req.method":"GET","http.req.path":"/product/0PUK6V6EV0","http.resp.bytes":8052,"http.resp.status":200,"http.resp.took_ms":11,"message":"request complete","session":"0994b18b-93e7-4775-a2c5-e29dc0e6d5bb","severity":"debug","timestamp":"2026-03-06T06:06:12.975439047Z"}
{"http.req.id":"d1c5b44c-5fd1-401d-99da-d3cbcb7e14f8","http.req.method":"GET","http.req.path":"/_healthz","message":"request started","session":"x-readiness-probe","severity":"debug","timestamp":"2026-03-06T06:06:12.975587973Z"}
{"http.req.id":"d1c5b44c-5fd1-401d-99da-d3cbcb7e14f8","http.req.method":"GET","http.req.path":"/_healthz","http.resp.bytes":2,"http.resp.status":200,"http.resp.took_ms":0,"message":"request complete","session":"x-readiness-probe","severity":"debug","timestamp":"2026-03-06T06:06:12.975634714Z"}
{"http.req.id":"376850d6-3328-4ec0-93a6-89d1d7ac4e85","http.req.method":"GET","http.req.path":"/cart","message":"request started","session":"fa2d8e54-c567-4c66-b702-8bb183ef4a46","severity":"debug","timestamp":"2026-03-06T06:06:14.468235115Z"}
{"http.req.id":"376850d6-3328-4ec0-93a6-89d1d7ac4e85","http.req.method":"GET","http.req.path":"/cart","message":"view user cart","session":"fa2d8e54-c567-4c66-b702-8bb183ef4a46","severity":"debug","timestamp":"2026-03-06T06:06:14.468331659Z"}
{"http.req.id":"376850d6-3328-4ec0-93a6-89d1d7ac4e85","http.req.method":"GET","http.req.path":"/cart","http.resp.bytes":6859,"http.resp.status":200,"http.resp.took_ms":11,"message":"request complete","session":"fa2d8e54-c567-4c66-b702-8bb183ef4a46","severity":"debug","timestamp":"2026-03-06T06:06:14.479809448Z"}
{"http.req.id":"e3ae5732-878d-496f-be6e-eb403fc5dcf2","http.req.method":"GET","http.req.path":"/product/0PUK6V6EV0","message":"request started","session":"3e105862-e07a-48bd-9f67-033f05224f8f","severity":"debug","timestamp":"2026-03-06T06:06:14.768101425Z"}
{"currency":"GBP","http.req.id":"e3ae5732-878d-496f-be6e-eb403fc5dcf2","http.req.method":"GET","http.req.path":"/product/0PUK6V6EV0","id":"0PUK6V6EV0","message":"serving product page","session":"3e105862-e07a-48bd-9f67-033f05224f8f","severity":"debug","timestamp":"2026-03-06T06:06:14.768155538Z"}
{"http.req.id":"e3ae5732-878d-496f-be6e-eb403fc5dcf2","http.req.method":"GET","http.req.path":"/product/0PUK6V6EV0","http.resp.bytes":8030,"http.resp.status":200,"http.resp.took_ms":12,"message":"request complete","session":"3e105862-e07a-48bd-9f67-033f05224f8f","severity":"debug","timestamp":"2026-03-06T06:06:14.780769415Z"}
{"http.req.id":"08cf83d2-a7c6-4704-aa43-504e923647ee","http.req.method":"POST","http.req.path":"/cart","message":"request started","session":"3e105862-e07a-48bd-9f67-033f05224f8f","severity":"debug","timestamp":"2026-03-06T06:06:14.781518621Z"}
{"http.req.id":"08cf83d2-a7c6-4704-aa43-504e923647ee","http.req.method":"POST","http.req.path":"/cart","message":"adding to cart","product":"0PUK6V6EV0","quantity":1,"session":"3e105862-e07a-48bd-9f67-033f05224f8f","severity":"debug","timestamp":"2026-03-06T06:06:14.781663437Z"}
{"http.req.id":"08cf83d2-a7c6-4704-aa43-504e923647ee","http.req.method":"POST","http.req.path":"/cart","http.resp.bytes":0,"http.resp.status":302,"http.resp.took_ms":2,"message":"request complete","session":"3e105862-e07a-48bd-9f67-033f05224f8f","severity":"debug","timestamp":"2026-03-06T06:06:14.784383753Z"}
{"http.req.id":"8dbf6d55-98c1-4d4e-ad4b-c4cb64fd32cb","http.req.method":"GET","http.req.path":"/cart","message":"request started","session":"3e105862-e07a-48bd-9f67-033f05224f8f","severity":"debug","timestamp":"2026-03-06T06:06:14.785261324Z"}
{"http.req.id":"8dbf6d55-98c1-4d4e-ad4b-c4cb64fd32cb","http.req.method":"GET","http.req.path":"/cart","message":"view user cart","session":"3e105862-e07a-48bd-9f67-033f05224f8f","severity":"debug","timestamp":"2026-03-06T06:06:14.785310471Z"}
{"http.req.id":"8dbf6d55-98c1-4d4e-ad4b-c4cb64fd32cb","http.req.method":"GET","http.req.path":"/cart","http.resp.bytes":20742,"http.resp.status":200,"http.resp.took_ms":18,"message":"request complete","session":"3e105862-e07a-48bd-9f67-033f05224f8f","severity":"debug","timestamp":"2026-03-06T06:06:14.804083146Z"}
{"http.req.id":"62c9dc01-dafe-4fd3-91e6-acbf8426f81b","http.req.method":"GET","http.req.path":"/cart","message":"request started","session":"6e21104e-b0bf-4a85-b5c2-ac5af92fa69e","severity":"debug","timestamp":"2026-03-06T06:06:16.261593946Z"}
{"http.req.id":"62c9dc01-dafe-4fd3-91e6-acbf8426f81b","http.req.method":"GET","http.req.path":"/cart","message":"view user cart","session":"6e21104e-b0bf-4a85-b5c2-ac5af92fa69e","severity":"debug","timestamp":"2026-03-06T06:06:16.261666909Z"}
{"http.req.id":"eae28ce5-f530-46a6-a62d-bd12fffdeb32","http.req.method":"GET","http.req.path":"/product/1YMWWN1N4O","message":"request started","session":"ec0b6821-5225-4ee8-8ec0-1e3bbbdffabb","severity":"debug","timestamp":"2026-03-06T06:06:16.265428794Z"}
{"currency":"TRY","http.req.id":"eae28ce5-f530-46a6-a62d-bd12fffdeb32","http.req.method":"GET","http.req.path":"/product/1YMWWN1N4O","id":"1YMWWN1N4O","message":"serving product page","session":"ec0b6821-5225-4ee8-8ec0-1e3bbbdffabb","severity":"debug","timestamp":"2026-03-06T06:06:16.265510522Z"}
{"http.req.id":"eae28ce5-f530-46a6-a62d-bd12fffdeb32","http.req.method":"GET","http.req.path":"/product/1YMWWN1N4O","http.resp.bytes":8092,"http.resp.status":200,"http.resp.took_ms":15,"message":"request complete","session":"ec0b6821-5225-4ee8-8ec0-1e3bbbdffabb","severity":"debug","timestamp":"2026-03-06T06:06:16.281362071Z"}
{"http.req.id":"62c9dc01-dafe-4fd3-91e6-acbf8426f81b","http.req.method":"GET","http.req.path":"/cart","http.resp.bytes":19326,"http.resp.status":200,"http.resp.took_ms":22,"message":"request complete","session":"6e21104e-b0bf-4a85-b5c2-ac5af92fa69e","severity":"debug","timestamp":"2026-03-06T06:06:16.283683894Z"}
{"http.req.id":"cbb2519e-c36e-4457-9660-ee8cdde7f761","http.req.method":"GET","http.req.path":"/product/66VCHSJNUP","message":"request started","session":"fa2d8e54-c567-4c66-b702-8bb183ef4a46","severity":"debug","timestamp":"2026-03-06T06:06:17.380445301Z"}
{"currency":"USD","http.req.id":"cbb2519e-c36e-4457-9660-ee8cdde7f761","http.req.method":"GET","http.req.path":"/product/66VCHSJNUP","id":"66VCHSJNUP","message":"serving product page","session":"fa2d8e54-c567-4c66-b702-8bb183ef4a46","severity":"debug","timestamp":"2026-03-06T06:06:17.380516962Z"}
{"http.req.id":"cbb2519e-c36e-4457-9660-ee8cdde7f761","http.req.method":"GET","http.req.path":"/product/66VCHSJNUP","http.resp.bytes":7948,"http.resp.status":200,"http.resp.took_ms":12,"message":"request complete","session":"fa2d8e54-c567-4c66-b702-8bb183ef4a46","severity":"debug","timestamp":"2026-03-06T06:06:17.392449635Z"}
{"http.req.id":"10e23da6-cabd-4311-aa28-f4bab6d3d4fb","http.req.method":"GET","http.req.path":"/product/2ZYFJ3GM2N","message":"request started","session":"ec0b6821-5225-4ee8-8ec0-1e3bbbdffabb","severity":"debug","timestamp":"2026-03-06T06:06:17.400565193Z"}
{"currency":"TRY","http.req.id":"10e23da6-cabd-4311-aa28-f4bab6d3d4fb","http.req.method":"GET","http.req.path":"/product/2ZYFJ3GM2N","id":"2ZYFJ3GM2N","message":"serving product page","session":"ec0b6821-5225-4ee8-8ec0-1e3bbbdffabb","severity":"debug","timestamp":"2026-03-06T06:06:17.400624036Z"}
{"http.req.id":"10e23da6-cabd-4311-aa28-f4bab6d3d4fb","http.req.method":"GET","http.req.path":"/product/2ZYFJ3GM2N","http.resp.bytes":8061,"http.resp.status":200,"http.resp.took_ms":9,"message":"request complete","session":"ec0b6821-5225-4ee8-8ec0-1e3bbbdffabb","severity":"debug","timestamp":"2026-03-06T06:06:17.409873617Z"}
{"http.req.id":"a984c70c-b567-4336-8fde-12d15e743091","http.req.method":"GET","http.req.path":"/product/66VCHSJNUP","message":"request started","session":"b1a1fb98-93d6-41f8-9605-e0c8a82d1d3c","severity":"debug","timestamp":"2026-03-06T06:06:17.791506422Z"}
{"currency":"USD","http.req.id":"a984c70c-b567-4336-8fde-12d15e743091","http.req.method":"GET","http.req.path":"/product/66VCHSJNUP","id":"66VCHSJNUP","message":"serving product page","session":"b1a1fb98-93d6-41f8-9605-e0c8a82d1d3c","severity":"debug","timestamp":"2026-03-06T06:06:17.791605507Z"}
{"http.req.id":"a984c70c-b567-4336-8fde-12d15e743091","http.req.method":"GET","http.req.path":"/product/66VCHSJNUP","http.resp.bytes":8014,"http.resp.status":200,"http.resp.took_ms":15,"message":"request complete","session":"b1a1fb98-93d6-41f8-9605-e0c8a82d1d3c","severity":"debug","timestamp":"2026-03-06T06:06:17.807369105Z"}
{"http.req.id":"c33ad044-c890-4f06-a88c-36e3129a0b43","http.req.method":"GET","http.req.path":"/product/OLJCESPC7Z","message":"request started","session":"0994b18b-93e7-4775-a2c5-e29dc0e6d5bb","severity":"debug","timestamp":"2026-03-06T06:06:18.209503666Z"}
{"currency":"TRY","http.req.id":"c33ad044-c890-4f06-a88c-36e3129a0b43","http.req.method":"GET","http.req.path":"/product/OLJCESPC7Z","id":"OLJCESPC7Z","message":"serving product page","session":"0994b18b-93e7-4775-a2c5-e29dc0e6d5bb","severity":"debug","timestamp":"2026-03-06T06:06:18.209699954Z"}
{"http.req.id":"c33ad044-c890-4f06-a88c-36e3129a0b43","http.req.method":"GET","http.req.path":"/product/OLJCESPC7Z","http.resp.bytes":8079,"http.resp.status":200,"http.resp.took_ms":15,"message":"request complete","session":"0994b18b-93e7-4775-a2c5-e29dc0e6d5bb","severity":"debug","timestamp":"2026-03-06T06:06:18.225303678Z"}
{"http.req.id":"927f2508-77d5-456c-a814-8c91f06d3289","http.req.method":"POST","http.req.path":"/setCurrency","message":"request started","session":"89995d91-ad5c-4838-8317-c04497a5d805","severity":"debug","timestamp":"2026-03-06T06:06:18.385770346Z"}
{"curr.new":"TRY","curr.old":"EUR","http.req.id":"927f2508-77d5-456c-a814-8c91f06d3289","http.req.method":"POST","http.req.path":"/setCurrency","message":"setting currency","session":"89995d91-ad5c-4838-8317-c04497a5d805","severity":"debug","timestamp":"2026-03-06T06:06:18.385938453Z"}
{"http.req.id":"927f2508-77d5-456c-a814-8c91f06d3289","http.req.method":"POST","http.req.path":"/setCurrency","http.resp.bytes":0,"http.resp.status":302,"http.resp.took_ms":0,"message":"request complete","session":"89995d91-ad5c-4838-8317-c04497a5d805","severity":"debug","timestamp":"2026-03-06T06:06:18.385983513Z"}
{"http.req.id":"4f3780eb-a142-4248-aebe-a3f3455b1919","http.req.method":"GET","http.req.path":"/","message":"request started","session":"89995d91-ad5c-4838-8317-c04497a5d805","severity":"debug","timestamp":"2026-03-06T06:06:18.386926354Z"}
{"currency":"TRY","http.req.id":"4f3780eb-a142-4248-aebe-a3f3455b1919","http.req.method":"GET","http.req.path":"/","message":"home","session":"89995d91-ad5c-4838-8317-c04497a5d805","severity":"info","timestamp":"2026-03-06T06:06:18.386989439Z"}
env platform is either empty or invalid
{"http.req.id":"4f3780eb-a142-4248-aebe-a3f3455b1919","http.req.method":"GET","http.req.path":"/","message":"ENV_PLATFORM is: local","session":"89995d91-ad5c-4838-8317-c04497a5d805","severity":"debug","timestamp":"2026-03-06T06:06:18.417779681Z"}
{"http.req.id":"4f3780eb-a142-4248-aebe-a3f3455b1919","http.req.method":"GET","http.req.path":"/","http.resp.bytes":10617,"http.resp.status":200,"http.resp.took_ms":32,"message":"request complete","session":"89995d91-ad5c-4838-8317-c04497a5d805","severity":"debug","timestamp":"2026-03-06T06:06:18.419630965Z"}
{"http.req.id":"a24ecbab-95da-4ea0-ba6e-584860292831","http.req.method":"GET","http.req.path":"/product/LS4PSXUNUM","message":"request started","session":"eed418e8-7ab1-4992-b9a1-40aeb0d3dc43","severity":"debug","timestamp":"2026-03-06T06:06:19.185618276Z"}
{"currency":"JPY","http.req.id":"a24ecbab-95da-4ea0-ba6e-584860292831","http.req.method":"GET","http.req.path":"/product/LS4PSXUNUM","id":"LS4PSXUNUM","message":"serving product page","session":"eed418e8-7ab1-4992-b9a1-40aeb0d3dc43","severity":"debug","timestamp":"2026-03-06T06:06:19.185700946Z"}
{"http.req.id":"a24ecbab-95da-4ea0-ba6e-584860292831","http.req.method":"GET","http.req.path":"/product/LS4PSXUNUM","http.resp.bytes":8035,"http.resp.status":200,"http.resp.took_ms":15,"message":"request complete","session":"eed418e8-7ab1-4992-b9a1-40aeb0d3dc43","severity":"debug","timestamp":"2026-03-06T06:06:19.201270517Z"}
{"http.req.id":"2f80f6dc-71fc-4dff-b52f-dc56ad2ce29c","http.req.method":"POST","http.req.path":"/cart","message":"request started","session":"eed418e8-7ab1-4992-b9a1-40aeb0d3dc43","severity":"debug","timestamp":"2026-03-06T06:06:19.202371865Z"}
{"http.req.id":"2f80f6dc-71fc-4dff-b52f-dc56ad2ce29c","http.req.method":"POST","http.req.path":"/cart","message":"adding to cart","product":"LS4PSXUNUM","quantity":7,"session":"eed418e8-7ab1-4992-b9a1-40aeb0d3dc43","severity":"debug","timestamp":"2026-03-06T06:06:19.202526845Z"}
{"http.req.id":"2f80f6dc-71fc-4dff-b52f-dc56ad2ce29c","http.req.method":"POST","http.req.path":"/cart","http.resp.bytes":0,"http.resp.status":302,"http.resp.took_ms":3,"message":"request complete","session":"eed418e8-7ab1-4992-b9a1-40aeb0d3dc43","severity":"debug","timestamp":"2026-03-06T06:06:19.20541534Z"}
{"http.req.id":"fd7102cd-96fc-4ffb-b4a8-ff99ca9fce0c","http.req.method":"GET","http.req.path":"/cart","message":"request started","session":"eed418e8-7ab1-4992-b9a1-40aeb0d3dc43","severity":"debug","timestamp":"2026-03-06T06:06:19.20637924Z"}
{"http.req.id":"fd7102cd-96fc-4ffb-b4a8-ff99ca9fce0c","http.req.method":"GET","http.req.path":"/cart","message":"view user cart","session":"eed418e8-7ab1-4992-b9a1-40aeb0d3dc43","severity":"debug","timestamp":"2026-03-06T06:06:19.206450236Z"}
{"http.req.id":"fd7102cd-96fc-4ffb-b4a8-ff99ca9fce0c","http.req.method":"GET","http.req.path":"/cart","http.resp.bytes":17886,"http.resp.status":200,"http.resp.took_ms":17,"message":"request complete","session":"eed418e8-7ab1-4992-b9a1-40aeb0d3dc43","severity":"debug","timestamp":"2026-03-06T06:06:19.223456859Z"}
{"http.req.id":"a85e5907-01af-4d6d-8ff3-ecf2eae32d70","http.req.method":"POST","http.req.path":"/cart/checkout","message":"request started","session":"eed418e8-7ab1-4992-b9a1-40aeb0d3dc43","severity":"debug","timestamp":"2026-03-06T06:06:19.226055783Z"}
{"http.req.id":"a85e5907-01af-4d6d-8ff3-ecf2eae32d70","http.req.method":"POST","http.req.path":"/cart/checkout","message":"placing order","session":"eed418e8-7ab1-4992-b9a1-40aeb0d3dc43","severity":"debug","timestamp":"2026-03-06T06:06:19.226115092Z"}
{"http.req.id":"a85e5907-01af-4d6d-8ff3-ecf2eae32d70","http.req.method":"POST","http.req.path":"/cart/checkout","message":"order placed","order":"97d7956b-1922-11f1-af47-fabc357e427c","session":"eed418e8-7ab1-4992-b9a1-40aeb0d3dc43","severity":"info","timestamp":"2026-03-06T06:06:19.239109828Z"}
{"http.req.id":"a85e5907-01af-4d6d-8ff3-ecf2eae32d70","http.req.method":"POST","http.req.path":"/cart/checkout","http.resp.bytes":6782,"http.resp.status":200,"http.resp.took_ms":19,"message":"request complete","session":"eed418e8-7ab1-4992-b9a1-40aeb0d3dc43","severity":"debug","timestamp":"2026-03-06T06:06:19.245736572Z"}
{"http.req.id":"3eda27fb-d84a-41d8-be42-83025a7555af","http.req.method":"GET","http.req.path":"/product/1YMWWN1N4O","message":"request started","session":"f9734e3a-0615-43dc-908b-1b8be30715f4","severity":"debug","timestamp":"2026-03-06T06:06:19.6860424Z"}
{"currency":"TRY","http.req.id":"3eda27fb-d84a-41d8-be42-83025a7555af","http.req.method":"GET","http.req.path":"/product/1YMWWN1N4O","id":"1YMWWN1N4O","message":"serving product page","session":"f9734e3a-0615-43dc-908b-1b8be30715f4","severity":"debug","timestamp":"2026-03-06T06:06:19.686115124Z"}
{"http.req.id":"3eda27fb-d84a-41d8-be42-83025a7555af","http.req.method":"GET","http.req.path":"/product/1YMWWN1N4O","http.resp.bytes":7996,"http.resp.status":200,"http.resp.took_ms":10,"message":"request complete","session":"f9734e3a-0615-43dc-908b-1b8be30715f4","severity":"debug","timestamp":"2026-03-06T06:06:19.6961922Z"}
{"http.req.id":"5a637d82-0519-4ea5-a174-a4ee7a9658e3","http.req.method":"GET","http.req.path":"/cart","message":"request started","session":"ec0b6821-5225-4ee8-8ec0-1e3bbbdffabb","severity":"debug","timestamp":"2026-03-06T06:06:19.875156153Z"}
{"http.req.id":"5a637d82-0519-4ea5-a174-a4ee7a9658e3","http.req.method":"GET","http.req.path":"/cart","message":"view user cart","session":"ec0b6821-5225-4ee8-8ec0-1e3bbbdffabb","severity":"debug","timestamp":"2026-03-06T06:06:19.875267902Z"}
{"http.req.id":"5a637d82-0519-4ea5-a174-a4ee7a9658e3","http.req.method":"GET","http.req.path":"/cart","http.resp.bytes":19329,"http.resp.status":200,"http.resp.took_ms":17,"message":"request complete","session":"ec0b6821-5225-4ee8-8ec0-1e3bbbdffabb","severity":"debug","timestamp":"2026-03-06T06:06:19.892349259Z"}
{"http.req.id":"14465d5d-debf-4a3f-9066-017d8440b3c6","http.req.method":"GET","http.req.path":"/_healthz","message":"request started","session":"x-liveness-probe","severity":"debug","timestamp":"2026-03-06T06:06:20.247009758Z"}
{"http.req.id":"14465d5d-debf-4a3f-9066-017d8440b3c6","http.req.method":"GET","http.req.path":"/_healthz","http.resp.bytes":2,"http.resp.status":200,"http.resp.took_ms":0,"message":"request complete","session":"x-liveness-probe","severity":"debug","timestamp":"2026-03-06T06:06:20.247095391Z"}
{"http.req.id":"6514f718-55fd-450a-8ac2-591f0de33f6c","http.req.method":"GET","http.req.path":"/product/66VCHSJNUP","message":"request started","session":"d7d3227d-0824-4f40-a472-c039f0192426","severity":"debug","timestamp":"2026-03-06T06:06:20.897595392Z"}
{"currency":"JPY","http.req.id":"6514f718-55fd-450a-8ac2-591f0de33f6c","http.req.method":"GET","http.req.path":"/product/66VCHSJNUP","id":"66VCHSJNUP","message":"serving product page","session":"d7d3227d-0824-4f40-a472-c039f0192426","severity":"debug","timestamp":"2026-03-06T06:06:20.897651005Z"}
{"http.req.id":"6514f718-55fd-450a-8ac2-591f0de33f6c","http.req.method":"GET","http.req.path":"/product/66VCHSJNUP","http.resp.bytes":8058,"http.resp.status":200,"http.resp.took_ms":16,"message":"request complete","session":"d7d3227d-0824-4f40-a472-c039f0192426","severity":"debug","timestamp":"2026-03-06T06:06:20.913838533Z"}
{"http.req.id":"99301d79-a110-409c-8788-39d37fffcf3d","http.req.method":"GET","http.req.path":"/cart","message":"request started","session":"f9734e3a-0615-43dc-908b-1b8be30715f4","severity":"debug","timestamp":"2026-03-06T06:06:22.438535251Z"}
{"http.req.id":"99301d79-a110-409c-8788-39d37fffcf3d","http.req.method":"GET","http.req.path":"/cart","message":"view user cart","session":"f9734e3a-0615-43dc-908b-1b8be30715f4","severity":"debug","timestamp":"2026-03-06T06:06:22.438598145Z"}
{"http.req.id":"db0ccf64-fe1c-4838-9384-d33645823734","http.req.method":"GET","http.req.path":"/product/1YMWWN1N4O","message":"request started","session":"89995d91-ad5c-4838-8317-c04497a5d805","severity":"debug","timestamp":"2026-03-06T06:06:22.44759664Z"}
{"currency":"TRY","http.req.id":"db0ccf64-fe1c-4838-9384-d33645823734","http.req.method":"GET","http.req.path":"/product/1YMWWN1N4O","id":"1YMWWN1N4O","message":"serving product page","session":"89995d91-ad5c-4838-8317-c04497a5d805","severity":"debug","timestamp":"2026-03-06T06:06:22.447686443Z"}
{"http.req.id":"99301d79-a110-409c-8788-39d37fffcf3d","http.req.method":"GET","http.req.path":"/cart","http.resp.bytes":6855,"http.resp.status":200,"http.resp.took_ms":16,"message":"request complete","session":"f9734e3a-0615-43dc-908b-1b8be30715f4","severity":"debug","timestamp":"2026-03-06T06:06:22.454631311Z"}
{"http.req.id":"db0ccf64-fe1c-4838-9384-d33645823734","http.req.method":"GET","http.req.path":"/product/1YMWWN1N4O","http.resp.bytes":8082,"http.resp.status":200,"http.resp.took_ms":17,"message":"request complete","session":"89995d91-ad5c-4838-8317-c04497a5d805","severity":"debug","timestamp":"2026-03-06T06:06:22.464574905Z"}
{"http.req.id":"056b8e8d-89f0-4e9e-a472-005338157405","http.req.method":"POST","http.req.path":"/cart","message":"request started","session":"89995d91-ad5c-4838-8317-c04497a5d805","severity":"debug","timestamp":"2026-03-06T06:06:22.465441118Z"}
{"http.req.id":"056b8e8d-89f0-4e9e-a472-005338157405","http.req.method":"POST","http.req.path":"/cart","message":"adding to cart","product":"1YMWWN1N4O","quantity":3,"session":"89995d91-ad5c-4838-8317-c04497a5d805","severity":"debug","timestamp":"2026-03-06T06:06:22.46558895Z"}
{"http.req.id":"056b8e8d-89f0-4e9e-a472-005338157405","http.req.method":"POST","http.req.path":"/cart","http.resp.bytes":0,"http.resp.status":302,"http.resp.took_ms":2,"message":"request complete","session":"89995d91-ad5c-4838-8317-c04497a5d805","severity":"debug","timestamp":"2026-03-06T06:06:22.46800086Z"}
{"http.req.id":"bee81782-0422-4818-b98d-cd44fd7d7295","http.req.method":"GET","http.req.path":"/cart","message":"request started","session":"89995d91-ad5c-4838-8317-c04497a5d805","severity":"debug","timestamp":"2026-03-06T06:06:22.468831423Z"}
{"http.req.id":"bee81782-0422-4818-b98d-cd44fd7d7295","http.req.method":"GET","http.req.path":"/cart","message":"view user cart","session":"89995d91-ad5c-4838-8317-c04497a5d805","severity":"debug","timestamp":"2026-03-06T06:06:22.468881251Z"}
{"http.req.id":"bee81782-0422-4818-b98d-cd44fd7d7295","http.req.method":"GET","http.req.path":"/cart","http.resp.bytes":17884,"http.resp.status":200,"http.resp.took_ms":14,"message":"request complete","session":"89995d91-ad5c-4838-8317-c04497a5d805","severity":"debug","timestamp":"2026-03-06T06:06:22.483597066Z"}
{"http.req.id":"a7f5943e-819f-474f-bc25-4ca217661ebb","http.req.method":"GET","http.req.path":"/product/6E92ZMYYFZ","message":"request started","session":"3e105862-e07a-48bd-9f67-033f05224f8f","severity":"debug","timestamp":"2026-03-06T06:06:22.584265208Z"}
{"currency":"GBP","http.req.id":"a7f5943e-819f-474f-bc25-4ca217661ebb","http.req.method":"GET","http.req.path":"/product/6E92ZMYYFZ","id":"6E92ZMYYFZ","message":"serving product page","session":"3e105862-e07a-48bd-9f67-033f05224f8f","severity":"debug","timestamp":"2026-03-06T06:06:22.584325965Z"}
{"http.req.id":"a7f5943e-819f-474f-bc25-4ca217661ebb","http.req.method":"GET","http.req.path":"/product/6E92ZMYYFZ","http.resp.bytes":8005,"http.resp.status":200,"http.resp.took_ms":11,"message":"request complete","session":"3e105862-e07a-48bd-9f67-033f05224f8f","severity":"debug","timestamp":"2026-03-06T06:06:22.595591644Z"}
{"http.req.id":"3c02235b-d576-4be1-bdc3-0f6dc69b16c1","http.req.method":"GET","http.req.path":"/_healthz","message":"request started","session":"x-readiness-probe","severity":"debug","timestamp":"2026-03-06T06:06:22.975255895Z"}
{"http.req.id":"3c02235b-d576-4be1-bdc3-0f6dc69b16c1","http.req.method":"GET","http.req.path":"/_healthz","http.resp.bytes":2,"http.resp.status":200,"http.resp.took_ms":0,"message":"request complete","session":"x-readiness-probe","severity":"debug","timestamp":"2026-03-06T06:06:22.975310972Z"}
{"http.req.id":"37ee47a0-a7a3-49ef-a32d-e8403bf72982","http.req.method":"GET","http.req.path":"/product/9SIQT8TOJO","message":"request started","session":"ec0b6821-5225-4ee8-8ec0-1e3bbbdffabb","severity":"debug","timestamp":"2026-03-06T06:06:23.275489262Z"}
{"currency":"TRY","http.req.id":"37ee47a0-a7a3-49ef-a32d-e8403bf72982","http.req.method":"GET","http.req.path":"/product/9SIQT8TOJO","id":"9SIQT8TOJO","message":"serving product page","session":"ec0b6821-5225-4ee8-8ec0-1e3bbbdffabb","severity":"debug","timestamp":"2026-03-06T06:06:23.275554891Z"}
{"http.req.id":"37ee47a0-a7a3-49ef-a32d-e8403bf72982","http.req.method":"GET","http.req.path":"/product/9SIQT8TOJO","http.resp.bytes":8047,"http.resp.status":200,"http.resp.took_ms":12,"message":"request complete","session":"ec0b6821-5225-4ee8-8ec0-1e3bbbdffabb","severity":"debug","timestamp":"2026-03-06T06:06:23.288234098Z"}
