env platform is either empty or invalid
{"http.req.id":"8bd0fec7-7bca-41d1-a58f-55c610966956","http.req.method":"GET","http.req.path":"/","message":"ENV_PLATFORM is: local","session":"df4ce93a-5d92-40a8-93c2-540bf11bbb4d","severity":"debug","timestamp":"2026-03-25T11:56:29.083189339Z"}
{"http.req.id":"8bd0fec7-7bca-41d1-a58f-55c610966956","http.req.method":"GET","http.req.path":"/","http.resp.bytes":10472,"http.resp.status":200,"http.resp.took_ms":25,"message":"request complete","session":"df4ce93a-5d92-40a8-93c2-540bf11bbb4d","severity":"debug","timestamp":"2026-03-25T11:56:29.086346417Z"}
{"http.req.id":"30d3e750-13f6-42f7-af7e-923f5bc6caed","http.req.method":"GET","http.req.path":"/product/L9ECAV7KIM","message":"request started","session":"2d3bf3d7-22b5-49c9-8227-12126292f393","severity":"debug","timestamp":"2026-03-25T11:56:29.639019757Z"}
{"currency":"TRY","http.req.id":"30d3e750-13f6-42f7-af7e-923f5bc6caed","http.req.method":"GET","http.req.path":"/product/L9ECAV7KIM","id":"L9ECAV7KIM","message":"serving product page","session":"2d3bf3d7-22b5-49c9-8227-12126292f393","severity":"debug","timestamp":"2026-03-25T11:56:29.639129365Z"}
{"http.req.id":"30d3e750-13f6-42f7-af7e-923f5bc6caed","http.req.method":"GET","http.req.path":"/product/L9ECAV7KIM","http.resp.bytes":8019,"http.resp.status":200,"http.resp.took_ms":17,"message":"request complete","session":"2d3bf3d7-22b5-49c9-8227-12126292f393","severity":"debug","timestamp":"2026-03-25T11:56:29.656940395Z"}
{"http.req.id":"9cadf8f7-00a4-4df2-b158-86c7eb58f493","http.req.method":"GET","http.req.path":"/product/9SIQT8TOJO","message":"request started","session":"694745d8-a179-4c65-83d6-9ed873a7b94b","severity":"debug","timestamp":"2026-03-25T11:56:29.792534289Z"}
{"currency":"TRY","http.req.id":"9cadf8f7-00a4-4df2-b158-86c7eb58f493","http.req.method":"GET","http.req.path":"/product/9SIQT8TOJO","id":"9SIQT8TOJO","message":"serving product page","session":"694745d8-a179-4c65-83d6-9ed873a7b94b","severity":"debug","timestamp":"2026-03-25T11:56:29.792657109Z"}
{"http.req.id":"338984ae-53d2-4729-b30e-19a945e2b610","http.req.method":"GET","http.req.path":"/_healthz","message":"request started","session":"x-liveness-probe","severity":"debug","timestamp":"2026-03-25T11:56:29.810628407Z"}
{"http.req.id":"338984ae-53d2-4729-b30e-19a945e2b610","http.req.method":"GET","http.req.path":"/_healthz","http.resp.bytes":2,"http.resp.status":200,"http.resp.took_ms":0,"message":"request complete","session":"x-liveness-probe","severity":"debug","timestamp":"2026-03-25T11:56:29.810719205Z"}
{"http.req.id":"9cadf8f7-00a4-4df2-b158-86c7eb58f493","http.req.method":"GET","http.req.path":"/product/9SIQT8TOJO","http.resp.bytes":7957,"http.resp.status":200,"http.resp.took_ms":20,"message":"request complete","session":"694745d8-a179-4c65-83d6-9ed873a7b94b","severity":"debug","timestamp":"2026-03-25T11:56:29.813384308Z"}
{"http.req.id":"12626476-e86d-497e-8b2b-2a48221af860","http.req.method":"GET","http.req.path":"/product/2ZYFJ3GM2N","message":"request started","session":"827eab86-1aba-4a15-8740-5fee5900d10f","severity":"debug","timestamp":"2026-03-25T11:56:30.174107804Z"}
{"currency":"GBP","http.req.id":"12626476-e86d-497e-8b2b-2a48221af860","http.req.method":"GET","http.req.path":"/product/2ZYFJ3GM2N","id":"2ZYFJ3GM2N","message":"serving product page","session":"827eab86-1aba-4a15-8740-5fee5900d10f","severity":"debug","timestamp":"2026-03-25T11:56:30.174308035Z"}
{"http.req.id":"12626476-e86d-497e-8b2b-2a48221af860","http.req.method":"GET","http.req.path":"/product/2ZYFJ3GM2N","http.resp.bytes":7999,"http.resp.status":200,"http.resp.took_ms":20,"message":"request complete","session":"827eab86-1aba-4a15-8740-5fee5900d10f","severity":"debug","timestamp":"2026-03-25T11:56:30.194801195Z"}
{"http.req.id":"701d31b7-618e-4802-8aad-59d7db22e0ad","http.req.method":"GET","http.req.path":"/product/L9ECAV7KIM","message":"request started","session":"694745d8-a179-4c65-83d6-9ed873a7b94b","severity":"debug","timestamp":"2026-03-25T11:56:30.917537001Z"}
{"currency":"TRY","http.req.id":"701d31b7-618e-4802-8aad-59d7db22e0ad","http.req.method":"GET","http.req.path":"/product/L9ECAV7KIM","id":"L9ECAV7KIM","message":"serving product page","session":"694745d8-a179-4c65-83d6-9ed873a7b94b","severity":"debug","timestamp":"2026-03-25T11:56:30.917685013Z"}
{"http.req.id":"701d31b7-618e-4802-8aad-59d7db22e0ad","http.req.method":"GET","http.req.path":"/product/L9ECAV7KIM","http.resp.bytes":7899,"http.resp.status":200,"http.resp.took_ms":15,"message":"request complete","session":"694745d8-a179-4c65-83d6-9ed873a7b94b","severity":"debug","timestamp":"2026-03-25T11:56:30.932615118Z"}
{"http.req.id":"c28e962e-3225-46f4-883b-7ac2f71f9e56","http.req.method":"GET","http.req.path":"/product/2ZYFJ3GM2N","message":"request started","session":"513dd945-739c-4fe3-8e54-6e6927fbb733","severity":"debug","timestamp":"2026-03-25T11:56:31.423597227Z"}
{"currency":"GBP","http.req.id":"c28e962e-3225-46f4-883b-7ac2f71f9e56","http.req.method":"GET","http.req.path":"/product/2ZYFJ3GM2N","id":"2ZYFJ3GM2N","message":"serving product page","session":"513dd945-739c-4fe3-8e54-6e6927fbb733","severity":"debug","timestamp":"2026-03-25T11:56:31.423699687Z"}
{"http.req.id":"c28e962e-3225-46f4-883b-7ac2f71f9e56","http.req.method":"GET","http.req.path":"/product/2ZYFJ3GM2N","http.resp.bytes":7971,"http.resp.status":200,"http.resp.took_ms":14,"message":"request complete","session":"513dd945-739c-4fe3-8e54-6e6927fbb733","severity":"debug","timestamp":"2026-03-25T11:56:31.438544109Z"}
{"http.req.id":"724673fc-29f4-4bab-a813-ba79c13aa106","http.req.method":"POST","http.req.path":"/cart","message":"request started","session":"513dd945-739c-4fe3-8e54-6e6927fbb733","severity":"debug","timestamp":"2026-03-25T11:56:31.439664465Z"}
{"http.req.id":"724673fc-29f4-4bab-a813-ba79c13aa106","http.req.method":"POST","http.req.path":"/cart","message":"adding to cart","product":"2ZYFJ3GM2N","quantity":6,"session":"513dd945-739c-4fe3-8e54-6e6927fbb733","severity":"debug","timestamp":"2026-03-25T11:56:31.43979872Z"}
{"http.req.id":"724673fc-29f4-4bab-a813-ba79c13aa106","http.req.method":"POST","http.req.path":"/cart","http.resp.bytes":0,"http.resp.status":302,"http.resp.took_ms":2,"message":"request complete","session":"513dd945-739c-4fe3-8e54-6e6927fbb733","severity":"debug","timestamp":"2026-03-25T11:56:31.442640039Z"}
{"http.req.id":"ee6e30e8-8f4a-4a80-be42-35c76d3c504c","http.req.method":"GET","http.req.path":"/cart","message":"request started","session":"513dd945-739c-4fe3-8e54-6e6927fbb733","severity":"debug","timestamp":"2026-03-25T11:56:31.443613813Z"}
{"http.req.id":"ee6e30e8-8f4a-4a80-be42-35c76d3c504c","http.req.method":"GET","http.req.path":"/cart","message":"view user cart","session":"513dd945-739c-4fe3-8e54-6e6927fbb733","severity":"debug","timestamp":"2026-03-25T11:56:31.443674567Z"}
{"http.req.id":"ee6e30e8-8f4a-4a80-be42-35c76d3c504c","http.req.method":"GET","http.req.path":"/cart","http.resp.bytes":17858,"http.resp.status":200,"http.resp.took_ms":13,"message":"request complete","session":"513dd945-739c-4fe3-8e54-6e6927fbb733","severity":"debug","timestamp":"2026-03-25T11:56:31.457172308Z"}
{"http.req.id":"585f9bc4-f018-44d9-8ef0-a031dada3597","http.req.method":"POST","http.req.path":"/cart/checkout","message":"request started","session":"513dd945-739c-4fe3-8e54-6e6927fbb733","severity":"debug","timestamp":"2026-03-25T11:56:31.459664245Z"}
{"http.req.id":"585f9bc4-f018-44d9-8ef0-a031dada3597","http.req.method":"POST","http.req.path":"/cart/checkout","message":"placing order","session":"513dd945-739c-4fe3-8e54-6e6927fbb733","severity":"debug","timestamp":"2026-03-25T11:56:31.459761317Z"}
{"http.req.id":"585f9bc4-f018-44d9-8ef0-a031dada3597","http.req.method":"POST","http.req.path":"/cart/checkout","message":"order placed","order":"a9f54242-2841-11f1-a4a0-927ce8a683d8","session":"513dd945-739c-4fe3-8e54-6e6927fbb733","severity":"info","timestamp":"2026-03-25T11:56:31.474678479Z"}
{"http.req.id":"585f9bc4-f018-44d9-8ef0-a031dada3597","http.req.method":"POST","http.req.path":"/cart/checkout","http.resp.bytes":6720,"http.resp.status":200,"http.resp.took_ms":41,"message":"request complete","session":"513dd945-739c-4fe3-8e54-6e6927fbb733","severity":"debug","timestamp":"2026-03-25T11:56:31.500980299Z"}
{"http.req.id":"e631ec12-0e2e-4d64-9723-37d2752b9db5","http.req.method":"GET","http.req.path":"/product/1YMWWN1N4O","message":"request started","session":"32217267-98ca-4d66-9fc8-3f088b8def0f","severity":"debug","timestamp":"2026-03-25T11:56:31.916472248Z"}
{"currency":"JPY","http.req.id":"e631ec12-0e2e-4d64-9723-37d2752b9db5","http.req.method":"GET","http.req.path":"/product/1YMWWN1N4O","id":"1YMWWN1N4O","message":"serving product page","session":"32217267-98ca-4d66-9fc8-3f088b8def0f","severity":"debug","timestamp":"2026-03-25T11:56:31.916574749Z"}
{"http.req.id":"e631ec12-0e2e-4d64-9723-37d2752b9db5","http.req.method":"GET","http.req.path":"/product/1YMWWN1N4O","http.resp.bytes":8036,"http.resp.status":200,"http.resp.took_ms":22,"message":"request complete","session":"32217267-98ca-4d66-9fc8-3f088b8def0f","severity":"debug","timestamp":"2026-03-25T11:56:31.939192921Z"}
{"http.req.id":"eb89ec4e-4abe-4c67-9fce-7e6332fad3d8","http.req.method":"POST","http.req.path":"/cart","message":"request started","session":"32217267-98ca-4d66-9fc8-3f088b8def0f","severity":"debug","timestamp":"2026-03-25T11:56:31.940394567Z"}
{"http.req.id":"eb89ec4e-4abe-4c67-9fce-7e6332fad3d8","http.req.method":"POST","http.req.path":"/cart","message":"adding to cart","product":"1YMWWN1N4O","quantity":5,"session":"32217267-98ca-4d66-9fc8-3f088b8def0f","severity":"debug","timestamp":"2026-03-25T11:56:31.940627895Z"}
{"http.req.id":"eb89ec4e-4abe-4c67-9fce-7e6332fad3d8","http.req.method":"POST","http.req.path":"/cart","http.resp.bytes":0,"http.resp.status":302,"http.resp.took_ms":4,"message":"request complete","session":"32217267-98ca-4d66-9fc8-3f088b8def0f","severity":"debug","timestamp":"2026-03-25T11:56:31.944743026Z"}
{"http.req.id":"b326a0a7-38d8-4607-b71e-e866770ced5e","http.req.method":"GET","http.req.path":"/cart","message":"request started","session":"32217267-98ca-4d66-9fc8-3f088b8def0f","severity":"debug","timestamp":"2026-03-25T11:56:31.946479432Z"}
{"http.req.id":"b326a0a7-38d8-4607-b71e-e866770ced5e","http.req.method":"GET","http.req.path":"/cart","message":"view user cart","session":"32217267-98ca-4d66-9fc8-3f088b8def0f","severity":"debug","timestamp":"2026-03-25T11:56:31.946578728Z"}
{"http.req.id":"bfea707d-dd96-40ad-a373-5eacc42e5235","http.req.method":"GET","http.req.path":"/product/9SIQT8TOJO","message":"request started","session":"694745d8-a179-4c65-83d6-9ed873a7b94b","severity":"debug","timestamp":"2026-03-25T11:56:31.998103574Z"}
{"currency":"TRY","http.req.id":"bfea707d-dd96-40ad-a373-5eacc42e5235","http.req.method":"GET","http.req.path":"/product/9SIQT8TOJO","id":"9SIQT8TOJO","message":"serving product page","session":"694745d8-a179-4c65-83d6-9ed873a7b94b","severity":"debug","timestamp":"2026-03-25T11:56:31.998176559Z"}
{"http.req.id":"bfea707d-dd96-40ad-a373-5eacc42e5235","http.req.method":"GET","http.req.path":"/product/9SIQT8TOJO","http.resp.bytes":7901,"http.resp.status":200,"http.resp.took_ms":23,"message":"request complete","session":"694745d8-a179-4c65-83d6-9ed873a7b94b","severity":"debug","timestamp":"2026-03-25T11:56:32.02171427Z"}
{"http.req.id":"b326a0a7-38d8-4607-b71e-e866770ced5e","http.req.method":"GET","http.req.path":"/cart","http.resp.bytes":22130,"http.resp.status":200,"http.resp.took_ms":156,"message":"request complete","session":"32217267-98ca-4d66-9fc8-3f088b8def0f","severity":"debug","timestamp":"2026-03-25T11:56:32.102845373Z"}
{"http.req.id":"783ad7e9-9956-4f0a-9466-91ab9681fe88","http.req.method":"POST","http.req.path":"/cart/checkout","message":"request started","session":"32217267-98ca-4d66-9fc8-3f088b8def0f","severity":"debug","timestamp":"2026-03-25T11:56:32.106112236Z"}
{"http.req.id":"783ad7e9-9956-4f0a-9466-91ab9681fe88","http.req.method":"POST","http.req.path":"/cart/checkout","message":"placing order","session":"32217267-98ca-4d66-9fc8-3f088b8def0f","severity":"debug","timestamp":"2026-03-25T11:56:32.106218496Z"}
{"http.req.id":"783ad7e9-9956-4f0a-9466-91ab9681fe88","http.req.method":"POST","http.req.path":"/cart/checkout","message":"order placed","order":"aa57f14c-2841-11f1-a4a0-927ce8a683d8","session":"32217267-98ca-4d66-9fc8-3f088b8def0f","severity":"info","timestamp":"2026-03-25T11:56:32.13631437Z"}
{"http.req.id":"783ad7e9-9956-4f0a-9466-91ab9681fe88","http.req.method":"POST","http.req.path":"/cart/checkout","http.resp.bytes":6769,"http.resp.status":200,"http.resp.took_ms":39,"message":"request complete","session":"32217267-98ca-4d66-9fc8-3f088b8def0f","severity":"debug","timestamp":"2026-03-25T11:56:32.145316897Z"}
{"http.req.id":"01e57677-59b4-456a-980f-b94f1fc9579f","http.req.method":"GET","http.req.path":"/product/66VCHSJNUP","message":"request started","session":"827eab86-1aba-4a15-8740-5fee5900d10f","severity":"debug","timestamp":"2026-03-25T11:56:33.025540141Z"}
{"currency":"GBP","http.req.id":"01e57677-59b4-456a-980f-b94f1fc9579f","http.req.method":"GET","http.req.path":"/product/66VCHSJNUP","id":"66VCHSJNUP","message":"serving product page","session":"827eab86-1aba-4a15-8740-5fee5900d10f","severity":"debug","timestamp":"2026-03-25T11:56:33.099434703Z"}
{"http.req.id":"fd5751ce-e0b7-49de-bd11-e3d27bac78b1","http.req.method":"GET","http.req.path":"/product/9SIQT8TOJO","message":"request started","session":"ecb080bf-5333-403f-9547-c8725d499228","severity":"debug","timestamp":"2026-03-25T11:56:33.299974085Z"}
{"currency":"EUR","http.req.id":"fd5751ce-e0b7-49de-bd11-e3d27bac78b1","http.req.method":"GET","http.req.path":"/product/9SIQT8TOJO","id":"9SIQT8TOJO","message":"serving product page","session":"ecb080bf-5333-403f-9547-c8725d499228","severity":"debug","timestamp":"2026-03-25T11:56:33.300570272Z"}
{"http.req.id":"01e57677-59b4-456a-980f-b94f1fc9579f","http.req.method":"GET","http.req.path":"/product/66VCHSJNUP","http.resp.bytes":7987,"http.resp.status":200,"http.resp.took_ms":274,"message":"request complete","session":"827eab86-1aba-4a15-8740-5fee5900d10f","severity":"debug","timestamp":"2026-03-25T11:56:33.300252838Z"}
{"http.req.id":"fd5751ce-e0b7-49de-bd11-e3d27bac78b1","http.req.method":"GET","http.req.path":"/product/9SIQT8TOJO","http.resp.bytes":7942,"http.resp.status":200,"http.resp.took_ms":108,"message":"request complete","session":"ecb080bf-5333-403f-9547-c8725d499228","severity":"debug","timestamp":"2026-03-25T11:56:33.408429221Z"}
{"http.req.id":"1f67b27b-d94c-419a-a83d-2560635db458","http.req.method":"GET","http.req.path":"/_healthz","message":"request started","session":"x-readiness-probe","severity":"debug","timestamp":"2026-03-25T11:56:34.020366883Z"}
{"http.req.id":"1f67b27b-d94c-419a-a83d-2560635db458","http.req.method":"GET","http.req.path":"/_healthz","http.resp.bytes":2,"http.resp.status":200,"http.resp.took_ms":0,"message":"request complete","session":"x-readiness-probe","severity":"debug","timestamp":"2026-03-25T11:56:34.020543764Z"}
{"http.req.id":"a246f58e-1b29-4672-9ec0-530e48eb7d2f","http.req.method":"POST","http.req.path":"/setCurrency","message":"request started","session":"2d3bf3d7-22b5-49c9-8227-12126292f393","severity":"debug","timestamp":"2026-03-25T11:56:34.600337737Z"}
{"curr.new":"GBP","curr.old":"TRY","http.req.id":"a246f58e-1b29-4672-9ec0-530e48eb7d2f","http.req.method":"POST","http.req.path":"/setCurrency","message":"setting currency","session":"2d3bf3d7-22b5-49c9-8227-12126292f393","severity":"debug","timestamp":"2026-03-25T11:56:34.600623582Z"}
{"http.req.id":"a246f58e-1b29-4672-9ec0-530e48eb7d2f","http.req.method":"POST","http.req.path":"/setCurrency","http.resp.bytes":0,"http.resp.status":302,"http.resp.took_ms":0,"message":"request complete","session":"2d3bf3d7-22b5-49c9-8227-12126292f393","severity":"debug","timestamp":"2026-03-25T11:56:34.600710648Z"}
{"http.req.id":"5cebbd76-9961-4025-845b-d93c2783525c","http.req.method":"GET","http.req.path":"/","message":"request started","session":"2d3bf3d7-22b5-49c9-8227-12126292f393","severity":"debug","timestamp":"2026-03-25T11:56:34.603616313Z"}
{"currency":"GBP","http.req.id":"5cebbd76-9961-4025-845b-d93c2783525c","http.req.method":"GET","http.req.path":"/","message":"home","session":"2d3bf3d7-22b5-49c9-8227-12126292f393","severity":"info","timestamp":"2026-03-25T11:56:34.603702521Z"}
{"http.req.id":"6eb45689-3108-4ee6-80ca-7be5286598fb","http.req.method":"GET","http.req.path":"/product/OLJCESPC7Z","message":"request started","session":"df4ce93a-5d92-40a8-93c2-540bf11bbb4d","severity":"debug","timestamp":"2026-03-25T11:56:34.701233294Z"}
{"currency":"USD","http.req.id":"6eb45689-3108-4ee6-80ca-7be5286598fb","http.req.method":"GET","http.req.path":"/product/OLJCESPC7Z","id":"OLJCESPC7Z","message":"serving product page","session":"df4ce93a-5d92-40a8-93c2-540bf11bbb4d","severity":"debug","timestamp":"2026-03-25T11:56:34.701541096Z"}
env platform is either empty or invalid
{"http.req.id":"5cebbd76-9961-4025-845b-d93c2783525c","http.req.method":"GET","http.req.path":"/","message":"ENV_PLATFORM is: local","session":"2d3bf3d7-22b5-49c9-8227-12126292f393","severity":"debug","timestamp":"2026-03-25T11:56:34.802956477Z"}
{"http.req.id":"5cebbd76-9961-4025-845b-d93c2783525c","http.req.method":"GET","http.req.path":"/","http.resp.bytes":10482,"http.resp.status":200,"http.resp.took_ms":205,"message":"request complete","session":"2d3bf3d7-22b5-49c9-8227-12126292f393","severity":"debug","timestamp":"2026-03-25T11:56:34.808988071Z"}
{"http.req.id":"6eb45689-3108-4ee6-80ca-7be5286598fb","http.req.method":"GET","http.req.path":"/product/OLJCESPC7Z","http.resp.bytes":8024,"http.resp.status":200,"http.resp.took_ms":205,"message":"request complete","session":"df4ce93a-5d92-40a8-93c2-540bf11bbb4d","severity":"debug","timestamp":"2026-03-25T11:56:34.907052061Z"}
{"http.req.id":"e31fdd52-19fc-4530-ad35-26c76fe3b539","http.req.method":"GET","http.req.path":"/product/2ZYFJ3GM2N","message":"request started","session":"a38c2610-1665-4c93-8051-4c451f5de325","severity":"debug","timestamp":"2026-03-25T11:56:35.102826777Z"}
{"currency":"JPY","http.req.id":"e31fdd52-19fc-4530-ad35-26c76fe3b539","http.req.method":"GET","http.req.path":"/product/2ZYFJ3GM2N","id":"2ZYFJ3GM2N","message":"serving product page","session":"a38c2610-1665-4c93-8051-4c451f5de325","severity":"debug","timestamp":"2026-03-25T11:56:35.10289815Z"}
{"http.req.id":"e31fdd52-19fc-4530-ad35-26c76fe3b539","http.req.method":"GET","http.req.path":"/product/2ZYFJ3GM2N","http.resp.bytes":7908,"http.resp.status":200,"http.resp.took_ms":100,"message":"request complete","session":"a38c2610-1665-4c93-8051-4c451f5de325","severity":"debug","timestamp":"2026-03-25T11:56:35.203102307Z"}
{"http.req.id":"1c1283a9-3c9d-41d4-9eef-fc43d32918e6","http.req.method":"POST","http.req.path":"/cart","message":"request started","session":"a38c2610-1665-4c93-8051-4c451f5de325","severity":"debug","timestamp":"2026-03-25T11:56:35.204732736Z"}
{"http.req.id":"1c1283a9-3c9d-41d4-9eef-fc43d32918e6","http.req.method":"POST","http.req.path":"/cart","message":"adding to cart","product":"2ZYFJ3GM2N","quantity":2,"session":"a38c2610-1665-4c93-8051-4c451f5de325","severity":"debug","timestamp":"2026-03-25T11:56:35.204866593Z"}
{"http.req.id":"1c1283a9-3c9d-41d4-9eef-fc43d32918e6","http.req.method":"POST","http.req.path":"/cart","http.resp.bytes":0,"http.resp.status":302,"http.resp.took_ms":7,"message":"request complete","session":"a38c2610-1665-4c93-8051-4c451f5de325","severity":"debug","timestamp":"2026-03-25T11:56:35.212222656Z"}
{"http.req.id":"a3dc64d1-8722-4e0e-b4bf-ee842ceddbcd","http.req.method":"GET","http.req.path":"/cart","message":"request started","session":"a38c2610-1665-4c93-8051-4c451f5de325","severity":"debug","timestamp":"2026-03-25T11:56:35.218037521Z"}
{"http.req.id":"a3dc64d1-8722-4e0e-b4bf-ee842ceddbcd","http.req.method":"GET","http.req.path":"/cart","message":"view user cart","session":"a38c2610-1665-4c93-8051-4c451f5de325","severity":"debug","timestamp":"2026-03-25T11:56:35.21811924Z"}
{"http.req.id":"a3dc64d1-8722-4e0e-b4bf-ee842ceddbcd","http.req.method":"GET","http.req.path":"/cart","http.resp.bytes":16408,"http.resp.status":200,"http.resp.took_ms":92,"message":"request complete","session":"a38c2610-1665-4c93-8051-4c451f5de325","severity":"debug","timestamp":"2026-03-25T11:56:35.310937437Z"}
{"http.req.id":"41a29a51-118d-4e6f-9502-0b568284ce9e","http.req.method":"GET","http.req.path":"/product/1YMWWN1N4O","message":"request started","session":"fcb2831f-0627-4791-ac1d-23821dc5b140","severity":"debug","timestamp":"2026-03-25T11:56:35.398168706Z"}
{"currency":"JPY","http.req.id":"41a29a51-118d-4e6f-9502-0b568284ce9e","http.req.method":"GET","http.req.path":"/product/1YMWWN1N4O","id":"1YMWWN1N4O","message":"serving product page","session":"fcb2831f-0627-4791-ac1d-23821dc5b140","severity":"debug","timestamp":"2026-03-25T11:56:35.398254337Z"}
{"http.req.id":"41a29a51-118d-4e6f-9502-0b568284ce9e","http.req.method":"GET","http.req.path":"/product/1YMWWN1N4O","http.resp.bytes":7954,"http.resp.status":200,"http.resp.took_ms":103,"message":"request complete","session":"fcb2831f-0627-4791-ac1d-23821dc5b140","severity":"debug","timestamp":"2026-03-25T11:56:35.501173438Z"}
{"http.req.id":"61b12c22-1726-40bc-b45d-554334bcf156","http.req.method":"GET","http.req.path":"/product/6E92ZMYYFZ","message":"request started","session":"513dd945-739c-4fe3-8e54-6e6927fbb733","severity":"debug","timestamp":"2026-03-25T11:56:35.506053698Z"}
{"currency":"GBP","http.req.id":"61b12c22-1726-40bc-b45d-554334bcf156","http.req.method":"GET","http.req.path":"/product/6E92ZMYYFZ","id":"6E92ZMYYFZ","message":"serving product page","session":"513dd945-739c-4fe3-8e54-6e6927fbb733","severity":"debug","timestamp":"2026-03-25T11:56:35.506140674Z"}
{"http.req.id":"ec129b06-9678-4978-9608-6234ff1c26f1","http.req.method":"GET","http.req.path":"/product/9SIQT8TOJO","message":"request started","session":"514e00c6-206e-4c6e-873f-852b796455de","severity":"debug","timestamp":"2026-03-25T11:56:35.509388958Z"}
{"currency":"EUR","http.req.id":"ec129b06-9678-4978-9608-6234ff1c26f1","http.req.method":"GET","http.req.path":"/product/9SIQT8TOJO","id":"9SIQT8TOJO","message":"serving product page","session":"514e00c6-206e-4c6e-873f-852b796455de","severity":"debug","timestamp":"2026-03-25T11:56:35.509520733Z"}
{"http.req.id":"ec129b06-9678-4978-9608-6234ff1c26f1","http.req.method":"GET","http.req.path":"/product/9SIQT8TOJO","http.resp.bytes":7989,"http.resp.status":200,"http.resp.took_ms":199,"message":"request complete","session":"514e00c6-206e-4c6e-873f-852b796455de","severity":"debug","timestamp":"2026-03-25T11:56:35.709219546Z"}
{"http.req.id":"61b12c22-1726-40bc-b45d-554334bcf156","http.req.method":"GET","http.req.path":"/product/6E92ZMYYFZ","http.resp.bytes":7889,"http.resp.status":200,"http.resp.took_ms":204,"message":"request complete","session":"513dd945-739c-4fe3-8e54-6e6927fbb733","severity":"debug","timestamp":"2026-03-25T11:56:35.710726489Z"}
{"http.req.id":"58201762-94ab-4f1b-8df2-a92a46c618e9","http.req.method":"POST","http.req.path":"/setCurrency","message":"request started","session":"32217267-98ca-4d66-9fc8-3f088b8def0f","severity":"debug","timestamp":"2026-03-25T11:56:35.799687574Z"}
{"curr.new":"USD","curr.old":"JPY","http.req.id":"58201762-94ab-4f1b-8df2-a92a46c618e9","http.req.method":"POST","http.req.path":"/setCurrency","message":"setting currency","session":"32217267-98ca-4d66-9fc8-3f088b8def0f","severity":"debug","timestamp":"2026-03-25T11:56:35.799927821Z"}
{"http.req.id":"58201762-94ab-4f1b-8df2-a92a46c618e9","http.req.method":"POST","http.req.path":"/setCurrency","http.resp.bytes":0,"http.resp.status":302,"http.resp.took_ms":0,"message":"request complete","session":"32217267-98ca-4d66-9fc8-3f088b8def0f","severity":"debug","timestamp":"2026-03-25T11:56:35.79999462Z"}
{"http.req.id":"cbd43237-af89-4ce3-a76e-fc67b3141a0b","http.req.method":"GET","http.req.path":"/","message":"request started","session":"32217267-98ca-4d66-9fc8-3f088b8def0f","severity":"debug","timestamp":"2026-03-25T11:56:35.80260316Z"}
{"currency":"USD","http.req.id":"cbd43237-af89-4ce3-a76e-fc67b3141a0b","http.req.method":"GET","http.req.path":"/","message":"home","session":"32217267-98ca-4d66-9fc8-3f088b8def0f","severity":"info","timestamp":"2026-03-25T11:56:35.802749798Z"}
env platform is either empty or invalid
{"http.req.id":"cbd43237-af89-4ce3-a76e-fc67b3141a0b","http.req.method":"GET","http.req.path":"/","message":"ENV_PLATFORM is: local","session":"32217267-98ca-4d66-9fc8-3f088b8def0f","severity":"debug","timestamp":"2026-03-25T11:56:36.003185282Z"}
{"http.req.id":"cbd43237-af89-4ce3-a76e-fc67b3141a0b","http.req.method":"GET","http.req.path":"/","http.resp.bytes":10383,"http.resp.status":200,"http.resp.took_ms":210,"message":"request complete","session":"32217267-98ca-4d66-9fc8-3f088b8def0f","severity":"debug","timestamp":"2026-03-25T11:56:36.013487915Z"}
{"http.req.id":"a657cd1d-87db-4723-b5d1-4520b5019ca7","http.req.method":"GET","http.req.path":"/product/66VCHSJNUP","message":"request started","session":"827eab86-1aba-4a15-8740-5fee5900d10f","severity":"debug","timestamp":"2026-03-25T11:56:37.312914264Z"}
{"currency":"GBP","http.req.id":"a657cd1d-87db-4723-b5d1-4520b5019ca7","http.req.method":"GET","http.req.path":"/product/66VCHSJNUP","id":"66VCHSJNUP","message":"serving product page","session":"827eab86-1aba-4a15-8740-5fee5900d10f","severity":"debug","timestamp":"2026-03-25T11:56:37.312981909Z"}
{"http.req.id":"a657cd1d-87db-4723-b5d1-4520b5019ca7","http.req.method":"GET","http.req.path":"/product/66VCHSJNUP","http.resp.bytes":7975,"http.resp.status":200,"http.resp.took_ms":16,"message":"request complete","session":"827eab86-1aba-4a15-8740-5fee5900d10f","severity":"debug","timestamp":"2026-03-25T11:56:37.329370455Z"}
{"http.req.id":"e1284dfe-1214-4d27-9af2-2802cecee298","http.req.method":"GET","http.req.path":"/cart","message":"request started","session":"694745d8-a179-4c65-83d6-9ed873a7b94b","severity":"debug","timestamp":"2026-03-25T11:56:37.410319436Z"}
{"http.req.id":"e1284dfe-1214-4d27-9af2-2802cecee298","http.req.method":"GET","http.req.path":"/cart","message":"view user cart","session":"694745d8-a179-4c65-83d6-9ed873a7b94b","severity":"debug","timestamp":"2026-03-25T11:56:37.410399558Z"}
{"http.req.id":"e1284dfe-1214-4d27-9af2-2802cecee298","http.req.method":"GET","http.req.path":"/cart","http.resp.bytes":6821,"http.resp.status":200,"http.resp.took_ms":20,"message":"request complete","session":"694745d8-a179-4c65-83d6-9ed873a7b94b","severity":"debug","timestamp":"2026-03-25T11:56:37.431205266Z"}
{"http.req.id":"db1b929c-726a-4af2-8745-65f83398dad5","http.req.method":"GET","http.req.path":"/product/6E92ZMYYFZ","message":"request started","session":"513dd945-739c-4fe3-8e54-6e6927fbb733","severity":"debug","timestamp":"2026-03-25T11:56:38.899369024Z"}
{"currency":"GBP","http.req.id":"db1b929c-726a-4af2-8745-65f83398dad5","http.req.method":"GET","http.req.path":"/product/6E92ZMYYFZ","id":"6E92ZMYYFZ","message":"serving product page","session":"513dd945-739c-4fe3-8e54-6e6927fbb733","severity":"debug","timestamp":"2026-03-25T11:56:38.899437983Z"}
{"http.req.id":"db1b929c-726a-4af2-8745-65f83398dad5","http.req.method":"GET","http.req.path":"/product/6E92ZMYYFZ","http.resp.bytes":7891,"http.resp.status":200,"http.resp.took_ms":106,"message":"request complete","session":"513dd945-739c-4fe3-8e54-6e6927fbb733","severity":"debug","timestamp":"2026-03-25T11:56:40.407309373Z"}
