{"message":"order confirmation email sent to \"fflynn@example.org\"","severity":"info","timestamp":"2026-03-25T11:50:37.779614241Z"}
{"message":"[PlaceOrder] user_id=\"694745d8-a179-4c65-83d6-9ed873a7b94b\" user_currency=\"TRY\"","severity":"info","timestamp":"2026-03-25T11:50:40.175847591Z"}
{"message":"payment went through (transaction_id: cd0c26ff-f4d5-44f7-8054-0f249a357399)","severity":"info","timestamp":"2026-03-25T11:50:40.200429546Z"}
{"message":"order confirmation email sent to \"vrogers@example.net\"","severity":"info","timestamp":"2026-03-25T11:50:40.212169815Z"}
{"message":"[PlaceOrder] user_id=\"513dd945-739c-4fe3-8e54-6e6927fbb733\" user_currency=\"GBP\"","severity":"info","timestamp":"2026-03-25T11:50:43.261183057Z"}
{"message":"payment went through (transaction_id: a0c697af-8b00-4321-b20a-43d2f64ec5c5)","severity":"info","timestamp":"2026-03-25T11:50:43.351647127Z"}
{"message":"order confirmation email sent to \"mcdanielbrooke@example.org\"","severity":"info","timestamp":"2026-03-25T11:50:43.366573487Z"}
{"message":"[PlaceOrder] user_id=\"513dd945-739c-4fe3-8e54-6e6927fbb733\" user_currency=\"GBP\"","severity":"info","timestamp":"2026-03-25T11:50:54.052416583Z"}
{"message":"payment went through (transaction_id: 999ca25e-faa8-4ec4-bf38-bc91d97fa1c8)","severity":"info","timestamp":"2026-03-25T11:50:54.06671435Z"}
{"message":"order confirmation email sent to \"darleneharris@example.org\"","severity":"info","timestamp":"2026-03-25T11:50:54.079164183Z"}
{"message":"[PlaceOrder] user_id=\"fcb2831f-0627-4791-ac1d-23821dc5b140\" user_currency=\"EUR\"","severity":"info","timestamp":"2026-03-25T11:51:00.249455641Z"}
{"message":"payment went through (transaction_id: 3402eb20-e917-4486-be50-5d98479ba29d)","severity":"info","timestamp":"2026-03-25T11:51:00.340155416Z"}
{"message":"order confirmation email sent to \"christopherpeterson@example.org\"","severity":"info","timestamp":"2026-03-25T11:51:00.347917548Z"}
{"message":"[PlaceOrder] user_id=\"827eab86-1aba-4a15-8740-5fee5900d10f\" user_currency=\"EUR\"","severity":"info","timestamp":"2026-03-25T11:51:07.254556772Z"}
{"message":"payment went through (transaction_id: a98c9d69-dd02-4577-b0b3-9f3de4841475)","severity":"info","timestamp":"2026-03-25T11:51:07.29339879Z"}
{"message":"order confirmation email sent to \"adamstheresa@example.net\"","severity":"info","timestamp":"2026-03-25T11:51:07.336590774Z"}
{"message":"[PlaceOrder] user_id=\"694745d8-a179-4c65-83d6-9ed873a7b94b\" user_currency=\"JPY\"","severity":"info","timestamp":"2026-03-25T11:51:13.955847486Z"}
{"message":"payment went through (transaction_id: 66a4861c-ae05-4233-8ae5-ac8d0a72ce5f)","severity":"info","timestamp":"2026-03-25T11:51:13.966937756Z"}
{"message":"order confirmation email sent to \"stephaniewalsh@example.com\"","severity":"info","timestamp":"2026-03-25T11:51:13.972155948Z"}
{"message":"[PlaceOrder] user_id=\"df4ce93a-5d92-40a8-93c2-540bf11bbb4d\" user_currency=\"CAD\"","severity":"info","timestamp":"2026-03-25T11:51:22.907019229Z"}
{"message":"payment went through (transaction_id: 78860849-8012-4ce2-a830-6d2d11555c44)","severity":"info","timestamp":"2026-03-25T11:51:23.00004399Z"}
{"message":"order confirmation email sent to \"martinezandrea@example.net\"","severity":"info","timestamp":"2026-03-25T11:51:23.008205033Z"}
{"message":"[PlaceOrder] user_id=\"694745d8-a179-4c65-83d6-9ed873a7b94b\" user_currency=\"JPY\"","severity":"info","timestamp":"2026-03-25T11:51:45.396236273Z"}
{"message":"payment went through (transaction_id: de6588f6-5775-4d2d-bd05-088a03af99d3)","severity":"info","timestamp":"2026-03-25T11:51:45.491544609Z"}
{"message":"order confirmation email sent to \"huntandrea@example.net\"","severity":"info","timestamp":"2026-03-25T11:51:45.497785463Z"}
{"message":"[PlaceOrder] user_id=\"827eab86-1aba-4a15-8740-5fee5900d10f\" user_currency=\"EUR\"","severity":"info","timestamp":"2026-03-25T11:51:56.0296401Z"}
{"message":"payment went through (transaction_id: 8211060b-793a-4045-8a55-cff1deb83894)","severity":"info","timestamp":"2026-03-25T11:51:56.044173404Z"}
{"message":"order confirmation email sent to \"kevinknox@example.com\"","severity":"info","timestamp":"2026-03-25T11:51:56.050644294Z"}
{"message":"[PlaceOrder] user_id=\"32217267-98ca-4d66-9fc8-3f088b8def0f\" user_currency=\"EUR\"","severity":"info","timestamp":"2026-03-25T11:51:58.866438809Z"}
{"message":"payment went through (transaction_id: 00bf590f-9b02-4727-9546-f5795878f367)","severity":"info","timestamp":"2026-03-25T11:51:58.877493237Z"}
{"message":"order confirmation email sent to \"julialewis@example.net\"","severity":"info","timestamp":"2026-03-25T11:51:58.882330019Z"}
{"message":"[PlaceOrder] user_id=\"a38c2610-1665-4c93-8051-4c451f5de325\" user_currency=\"JPY\"","severity":"info","timestamp":"2026-03-25T11:52:57.649532155Z"}
{"message":"payment went through (transaction_id: 63f1108b-7182-4573-a54f-dfdbfcc3f3ce)","severity":"info","timestamp":"2026-03-25T11:52:57.67495077Z"}
{"message":"order confirmation email sent to \"kellynorris@example.net\"","severity":"info","timestamp":"2026-03-25T11:52:57.749676664Z"}
{"message":"[PlaceOrder] user_id=\"df4ce93a-5d92-40a8-93c2-540bf11bbb4d\" user_currency=\"USD\"","severity":"info","timestamp":"2026-03-25T11:53:20.696518081Z"}
{"message":"payment went through (transaction_id: db265873-9b15-4b94-b12e-c75ed6be928c)","severity":"info","timestamp":"2026-03-25T11:53:20.712607984Z"}
{"message":"order confirmation email sent to \"stephanie50@example.com\"","severity":"info","timestamp":"2026-03-25T11:53:20.719228013Z"}
{"message":"[PlaceOrder] user_id=\"513dd945-739c-4fe3-8e54-6e6927fbb733\" user_currency=\"GBP\"","severity":"info","timestamp":"2026-03-25T11:53:22.47947836Z"}
{"message":"payment went through (transaction_id: 806188fa-74f5-4db2-a539-dff01cfbb77a)","severity":"info","timestamp":"2026-03-25T11:53:22.502224086Z"}
{"message":"order confirmation email sent to \"howellsusan@example.org\"","severity":"info","timestamp":"2026-03-25T11:53:22.509021424Z"}
{"message":"[PlaceOrder] user_id=\"513dd945-739c-4fe3-8e54-6e6927fbb733\" user_currency=\"CAD\"","severity":"info","timestamp":"2026-03-25T11:53:33.481293456Z"}
{"message":"payment went through (transaction_id: 4ea19b79-92f6-42bf-8825-c258e89926b7)","severity":"info","timestamp":"2026-03-25T11:53:33.489141944Z"}
{"message":"order confirmation email sent to \"walkereric@example.net\"","severity":"info","timestamp":"2026-03-25T11:53:33.493976356Z"}
{"message":"[PlaceOrder] user_id=\"ecb080bf-5333-403f-9547-c8725d499228\" user_currency=\"JPY\"","severity":"info","timestamp":"2026-03-25T11:53:37.697876589Z"}
{"message":"payment went through (transaction_id: 714322e9-943d-4292-9d61-b45645a4e3cd)","severity":"info","timestamp":"2026-03-25T11:53:38.087978365Z"}
{"message":"order confirmation email sent to \"aguilarjason@example.net\"","severity":"info","timestamp":"2026-03-25T11:53:38.099633594Z"}
{"message":"[PlaceOrder] user_id=\"694745d8-a179-4c65-83d6-9ed873a7b94b\" user_currency=\"JPY\"","severity":"info","timestamp":"2026-03-25T11:53:45.593268965Z"}
{"message":"payment went through (transaction_id: 068b8aff-feb0-4fdf-bb81-7769dcaf6f76)","severity":"info","timestamp":"2026-03-25T11:53:45.605623999Z"}
{"message":"order confirmation email sent to \"gina66@example.net\"","severity":"info","timestamp":"2026-03-25T11:53:45.610089912Z"}
{"message":"[PlaceOrder] user_id=\"2d3bf3d7-22b5-49c9-8227-12126292f393\" user_currency=\"CAD\"","severity":"info","timestamp":"2026-03-25T11:53:49.286251244Z"}
{"message":"payment went through (transaction_id: fbaa2358-6503-42c9-9ad3-5dd4c371896f)","severity":"info","timestamp":"2026-03-25T11:53:49.304558552Z"}
{"message":"order confirmation email sent to \"thartman@example.net\"","severity":"info","timestamp":"2026-03-25T11:53:49.308918399Z"}
{"message":"[PlaceOrder] user_id=\"2d3bf3d7-22b5-49c9-8227-12126292f393\" user_currency=\"CAD\"","severity":"info","timestamp":"2026-03-25T11:53:55.23149414Z"}
{"message":"payment went through (transaction_id: e6a5ac6d-4d0c-4e84-84c4-2177ff82152b)","severity":"info","timestamp":"2026-03-25T11:53:55.239300829Z"}
{"message":"order confirmation email sent to \"franklinsusan@example.com\"","severity":"info","timestamp":"2026-03-25T11:53:55.242740816Z"}
{"message":"[PlaceOrder] user_id=\"ecb080bf-5333-403f-9547-c8725d499228\" user_currency=\"JPY\"","severity":"info","timestamp":"2026-03-25T11:54:13.592323742Z"}
{"message":"payment went through (transaction_id: 2870c0bd-922d-4bf8-87cc-2e8577431f0b)","severity":"info","timestamp":"2026-03-25T11:54:13.605388016Z"}
{"message":"order confirmation email sent to \"marcus44@example.com\"","severity":"info","timestamp":"2026-03-25T11:54:13.6100588Z"}
{"message":"[PlaceOrder] user_id=\"ecb080bf-5333-403f-9547-c8725d499228\" user_currency=\"JPY\"","severity":"info","timestamp":"2026-03-25T11:54:17.580011851Z"}
{"message":"payment went through (transaction_id: 18dc4079-c666-4c02-abff-e91f6e1b417e)","severity":"info","timestamp":"2026-03-25T11:54:17.597851387Z"}
{"message":"order confirmation email sent to \"jandrews@example.net\"","severity":"info","timestamp":"2026-03-25T11:54:17.604682258Z"}
{"message":"[PlaceOrder] user_id=\"df4ce93a-5d92-40a8-93c2-540bf11bbb4d\" user_currency=\"USD\"","severity":"info","timestamp":"2026-03-25T11:54:26.786130689Z"}
{"message":"payment went through (transaction_id: 33a0525b-4076-4808-bc1f-928f2d1e931c)","severity":"info","timestamp":"2026-03-25T11:54:26.80746803Z"}
{"message":"order confirmation email sent to \"richardbush@example.com\"","severity":"info","timestamp":"2026-03-25T11:54:26.817058366Z"}
{"message":"[PlaceOrder] user_id=\"514e00c6-206e-4c6e-873f-852b796455de\" user_currency=\"GBP\"","severity":"info","timestamp":"2026-03-25T11:54:32.465916633Z"}
{"message":"payment went through (transaction_id: 2d53b5b1-7a04-48a7-bf45-8164ca3e6b74)","severity":"info","timestamp":"2026-03-25T11:54:32.567156213Z"}
{"message":"order confirmation email sent to \"darlenefuller@example.org\"","severity":"info","timestamp":"2026-03-25T11:54:32.664939195Z"}
{"message":"[PlaceOrder] user_id=\"694745d8-a179-4c65-83d6-9ed873a7b94b\" user_currency=\"EUR\"","severity":"info","timestamp":"2026-03-25T11:55:22.102786595Z"}
{"message":"payment went through (transaction_id: 03396cf9-24c1-4491-be8e-0ea110dc4d1d)","severity":"info","timestamp":"2026-03-25T11:55:22.121532745Z"}
{"message":"order confirmation email sent to \"margarethall@example.net\"","severity":"info","timestamp":"2026-03-25T11:55:22.126511128Z"}
{"message":"[PlaceOrder] user_id=\"514e00c6-206e-4c6e-873f-852b796455de\" user_currency=\"TRY\"","severity":"info","timestamp":"2026-03-25T11:55:34.228338001Z"}
{"message":"payment went through (transaction_id: b3980b2f-7a29-406e-9b0d-91671e8c172a)","severity":"info","timestamp":"2026-03-25T11:55:34.245663787Z"}
{"message":"order confirmation email sent to \"brittanysolis@example.org\"","severity":"info","timestamp":"2026-03-25T11:55:34.250854886Z"}
{"message":"[PlaceOrder] user_id=\"694745d8-a179-4c65-83d6-9ed873a7b94b\" user_currency=\"TRY\"","severity":"info","timestamp":"2026-03-25T11:55:48.123503385Z"}
{"message":"payment went through (transaction_id: b7f533d4-9a2f-40de-a3ba-87d87ab49db9)","severity":"info","timestamp":"2026-03-25T11:55:48.132200277Z"}
{"message":"order confirmation email sent to \"sharon78@example.org\"","severity":"info","timestamp":"2026-03-25T11:55:48.137014452Z"}
{"message":"[PlaceOrder] user_id=\"827eab86-1aba-4a15-8740-5fee5900d10f\" user_currency=\"GBP\"","severity":"info","timestamp":"2026-03-25T11:55:51.963499669Z"}
{"message":"payment went through (transaction_id: 01b76a2e-5c64-48d9-a52d-8da31c167f97)","severity":"info","timestamp":"2026-03-25T11:55:51.978675402Z"}
{"message":"order confirmation email sent to \"fanderson@example.com\"","severity":"info","timestamp":"2026-03-25T11:55:51.98346322Z"}
{"message":"[PlaceOrder] user_id=\"ecb080bf-5333-403f-9547-c8725d499228\" user_currency=\"TRY\"","severity":"info","timestamp":"2026-03-25T11:55:54.753467224Z"}
{"message":"payment went through (transaction_id: c6f1284c-8a90-48ea-8373-a27e47ac4d4b)","severity":"info","timestamp":"2026-03-25T11:55:54.770096131Z"}
{"message":"order confirmation email sent to \"twilson@example.net\"","severity":"info","timestamp":"2026-03-25T11:55:54.775902655Z"}
{"message":"[PlaceOrder] user_id=\"513dd945-739c-4fe3-8e54-6e6927fbb733\" user_currency=\"CAD\"","severity":"info","timestamp":"2026-03-25T11:55:57.432097615Z"}
{"message":"payment went through (transaction_id: b4b82dd9-edff-4e13-a4b5-90ab1b38cfe3)","severity":"info","timestamp":"2026-03-25T11:55:57.528733373Z"}
{"message":"order confirmation email sent to \"alyssa16@example.net\"","severity":"info","timestamp":"2026-03-25T11:55:57.534216348Z"}
{"message":"[PlaceOrder] user_id=\"a38c2610-1665-4c93-8051-4c451f5de325\" user_currency=\"JPY\"","severity":"info","timestamp":"2026-03-25T11:56:12.551160329Z"}
{"message":"payment went through (transaction_id: f88d5c4e-99c7-474b-ada4-54627e0885aa)","severity":"info","timestamp":"2026-03-25T11:56:12.560693776Z"}
{"message":"order confirmation email sent to \"garrettgreen@example.com\"","severity":"info","timestamp":"2026-03-25T11:56:12.56519394Z"}
{"message":"[PlaceOrder] user_id=\"fcb2831f-0627-4791-ac1d-23821dc5b140\" user_currency=\"JPY\"","severity":"info","timestamp":"2026-03-25T11:56:24.205314101Z"}
{"message":"payment went through (transaction_id: 7ecb8526-200b-42ca-851b-e65f702dae54)","severity":"info","timestamp":"2026-03-25T11:56:24.309914369Z"}
{"message":"order confirmation email sent to \"qchavez@example.org\"","severity":"info","timestamp":"2026-03-25T11:56:24.316879963Z"}
{"message":"[PlaceOrder] user_id=\"513dd945-739c-4fe3-8e54-6e6927fbb733\" user_currency=\"GBP\"","severity":"info","timestamp":"2026-03-25T11:56:31.46035114Z"}
{"message":"payment went through (transaction_id: e4e612d7-8de0-4317-bdf4-802fa5e79a90)","severity":"info","timestamp":"2026-03-25T11:56:31.470607545Z"}
{"message":"order confirmation email sent to \"rachelthompson@example.net\"","severity":"info","timestamp":"2026-03-25T11:56:31.474284258Z"}
{"message":"[PlaceOrder] user_id=\"32217267-98ca-4d66-9fc8-3f088b8def0f\" user_currency=\"JPY\"","severity":"info","timestamp":"2026-03-25T11:56:32.10704089Z"}
{"message":"payment went through (transaction_id: 0921cee8-a987-4c20-b821-671630cf7e21)","severity":"info","timestamp":"2026-03-25T11:56:32.13168205Z"}
{"message":"order confirmation email sent to \"thomas98@example.com\"","severity":"info","timestamp":"2026-03-25T11:56:32.135894774Z"}
{"message":"[PlaceOrder] user_id=\"827eab86-1aba-4a15-8740-5fee5900d10f\" user_currency=\"GBP\"","severity":"info","timestamp":"2026-03-25T11:56:51.40548019Z"}
{"message":"payment went through (transaction_id: c8ddd315-c35c-426d-a99e-97a738e61ac3)","severity":"info","timestamp":"2026-03-25T11:56:51.422968386Z"}
{"message":"order confirmation email sent to \"william33@example.com\"","severity":"info","timestamp":"2026-03-25T11:56:51.428021965Z"}
