{"http.req.id":"fd7e12a6-439a-4c86-ab87-02d1a07ba66e","http.req.method":"POST","http.req.path":"/cart","message":"request started","session":"2d3bf3d7-22b5-49c9-8227-12126292f393","severity":"debug","timestamp":"2026-03-25T11:56:43.883662516Z"}
{"http.req.id":"fd7e12a6-439a-4c86-ab87-02d1a07ba66e","http.req.method":"POST","http.req.path":"/cart","message":"adding to cart","product":"66VCHSJNUP","quantity":2,"session":"2d3bf3d7-22b5-49c9-8227-12126292f393","severity":"debug","timestamp":"2026-03-25T11:56:43.883841396Z"}
{"http.req.id":"fd7e12a6-439a-4c86-ab87-02d1a07ba66e","http.req.method":"POST","http.req.path":"/cart","http.resp.bytes":0,"http.resp.status":302,"http.resp.took_ms":3,"message":"request complete","session":"2d3bf3d7-22b5-49c9-8227-12126292f393","severity":"debug","timestamp":"2026-03-25T11:56:43.886826016Z"}
{"http.req.id":"8cdaf507-1212-4d65-aa61-aa7c6459d804","http.req.method":"GET","http.req.path":"/cart","message":"request started","session":"2d3bf3d7-22b5-49c9-8227-12126292f393","severity":"debug","timestamp":"2026-03-25T11:56:43.887844529Z"}
{"http.req.id":"8cdaf507-1212-4d65-aa61-aa7c6459d804","http.req.method":"GET","http.req.path":"/cart","message":"view user cart","session":"2d3bf3d7-22b5-49c9-8227-12126292f393","severity":"debug","timestamp":"2026-03-25T11:56:43.887909478Z"}
{"http.req.id":"8cdaf507-1212-4d65-aa61-aa7c6459d804","http.req.method":"GET","http.req.path":"/cart","http.resp.bytes":17808,"http.resp.status":200,"http.resp.took_ms":14,"message":"request complete","session":"2d3bf3d7-22b5-49c9-8227-12126292f393","severity":"debug","timestamp":"2026-03-25T11:56:43.902749031Z"}
{"http.req.id":"f21d2c5b-9024-4cb5-ae92-a329bc21e503","http.req.method":"GET","http.req.path":"/product/2ZYFJ3GM2N","message":"request started","session":"694745d8-a179-4c65-83d6-9ed873a7b94b","severity":"debug","timestamp":"2026-03-25T11:56:44.368906267Z"}
{"currency":"TRY","http.req.id":"f21d2c5b-9024-4cb5-ae92-a329bc21e503","http.req.method":"GET","http.req.path":"/product/2ZYFJ3GM2N","id":"2ZYFJ3GM2N","message":"serving product page","session":"694745d8-a179-4c65-83d6-9ed873a7b94b","severity":"debug","timestamp":"2026-03-25T11:56:44.369063841Z"}
{"http.req.id":"f21d2c5b-9024-4cb5-ae92-a329bc21e503","http.req.method":"GET","http.req.path":"/product/2ZYFJ3GM2N","http.resp.bytes":7895,"http.resp.status":200,"http.resp.took_ms":20,"message":"request complete","session":"694745d8-a179-4c65-83d6-9ed873a7b94b","severity":"debug","timestamp":"2026-03-25T11:56:44.389643839Z"}
{"http.req.id":"71670f10-cc5e-4127-8d25-bdf057a0178a","http.req.method":"POST","http.req.path":"/cart","message":"request started","session":"694745d8-a179-4c65-83d6-9ed873a7b94b","severity":"debug","timestamp":"2026-03-25T11:56:44.390795026Z"}
{"http.req.id":"71670f10-cc5e-4127-8d25-bdf057a0178a","http.req.method":"POST","http.req.path":"/cart","message":"adding to cart","product":"2ZYFJ3GM2N","quantity":7,"session":"694745d8-a179-4c65-83d6-9ed873a7b94b","severity":"debug","timestamp":"2026-03-25T11:56:44.390945514Z"}
{"http.req.id":"71670f10-cc5e-4127-8d25-bdf057a0178a","http.req.method":"POST","http.req.path":"/cart","http.resp.bytes":0,"http.resp.status":302,"http.resp.took_ms":3,"message":"request complete","session":"694745d8-a179-4c65-83d6-9ed873a7b94b","severity":"debug","timestamp":"2026-03-25T11:56:44.39417732Z"}
{"http.req.id":"44fa607f-e496-4e6a-8227-d437596c556b","http.req.method":"GET","http.req.path":"/cart","message":"request started","session":"694745d8-a179-4c65-83d6-9ed873a7b94b","severity":"debug","timestamp":"2026-03-25T11:56:44.395186816Z"}
{"http.req.id":"44fa607f-e496-4e6a-8227-d437596c556b","http.req.method":"GET","http.req.path":"/cart","message":"view user cart","session":"694745d8-a179-4c65-83d6-9ed873a7b94b","severity":"debug","timestamp":"2026-03-25T11:56:44.395245569Z"}
{"http.req.id":"44fa607f-e496-4e6a-8227-d437596c556b","http.req.method":"GET","http.req.path":"/cart","http.resp.bytes":16376,"http.resp.status":200,"http.resp.took_ms":14,"message":"request complete","session":"694745d8-a179-4c65-83d6-9ed873a7b94b","severity":"debug","timestamp":"2026-03-25T11:56:44.409305504Z"}
{"http.req.id":"6802ce3c-d512-4e43-a32c-a774a271746a","http.req.method":"GET","http.req.path":"/cart","message":"request started","session":"ecb080bf-5333-403f-9547-c8725d499228","severity":"debug","timestamp":"2026-03-25T11:56:44.565923954Z"}
{"http.req.id":"6802ce3c-d512-4e43-a32c-a774a271746a","http.req.method":"GET","http.req.path":"/cart","message":"view user cart","session":"ecb080bf-5333-403f-9547-c8725d499228","severity":"debug","timestamp":"2026-03-25T11:56:44.566040691Z"}
{"http.req.id":"6802ce3c-d512-4e43-a32c-a774a271746a","http.req.method":"GET","http.req.path":"/cart","http.resp.bytes":6811,"http.resp.status":200,"http.resp.took_ms":18,"message":"request complete","session":"ecb080bf-5333-403f-9547-c8725d499228","severity":"debug","timestamp":"2026-03-25T11:56:44.583921534Z"}
{"http.req.id":"5cd84b89-bd25-4c32-9979-ce67e30606bd","http.req.method":"GET","http.req.path":"/product/6E92ZMYYFZ","message":"request started","session":"a38c2610-1665-4c93-8051-4c451f5de325","severity":"debug","timestamp":"2026-03-25T11:56:44.643958743Z"}
{"currency":"JPY","http.req.id":"5cd84b89-bd25-4c32-9979-ce67e30606bd","http.req.method":"GET","http.req.path":"/product/6E92ZMYYFZ","id":"6E92ZMYYFZ","message":"serving product page","session":"a38c2610-1665-4c93-8051-4c451f5de325","severity":"debug","timestamp":"2026-03-25T11:56:44.644037061Z"}
{"http.req.id":"5cd84b89-bd25-4c32-9979-ce67e30606bd","http.req.method":"GET","http.req.path":"/product/6E92ZMYYFZ","http.resp.bytes":7965,"http.resp.status":200,"http.resp.took_ms":15,"message":"request complete","session":"a38c2610-1665-4c93-8051-4c451f5de325","severity":"debug","timestamp":"2026-03-25T11:56:44.659404985Z"}
{"http.req.id":"330e252c-56f9-4ed7-8bfc-ddc0a4c136cf","http.req.method":"GET","http.req.path":"/product/9SIQT8TOJO","message":"request started","session":"514e00c6-206e-4c6e-873f-852b796455de","severity":"debug","timestamp":"2026-03-25T11:56:44.910320555Z"}
{"currency":"EUR","http.req.id":"330e252c-56f9-4ed7-8bfc-ddc0a4c136cf","http.req.method":"GET","http.req.path":"/product/9SIQT8TOJO","id":"9SIQT8TOJO","message":"serving product page","session":"514e00c6-206e-4c6e-873f-852b796455de","severity":"debug","timestamp":"2026-03-25T11:56:44.910398913Z"}
{"http.req.id":"330e252c-56f9-4ed7-8bfc-ddc0a4c136cf","http.req.method":"GET","http.req.path":"/product/9SIQT8TOJO","http.resp.bytes":8043,"http.resp.status":200,"http.resp.took_ms":20,"message":"request complete","session":"514e00c6-206e-4c6e-873f-852b796455de","severity":"debug","timestamp":"2026-03-25T11:56:44.930481492Z"}
{"http.req.id":"d9e1f83e-b8b2-4c95-9ad4-9c70ba622d6e","http.req.method":"GET","http.req.path":"/_healthz","message":"request started","session":"x-readiness-probe","severity":"debug","timestamp":"2026-03-25T11:56:45.418090711Z"}
{"http.req.id":"d9e1f83e-b8b2-4c95-9ad4-9c70ba622d6e","http.req.method":"GET","http.req.path":"/_healthz","http.resp.bytes":2,"http.resp.status":200,"http.resp.took_ms":0,"message":"request complete","session":"x-readiness-probe","severity":"debug","timestamp":"2026-03-25T11:56:45.418251806Z"}
{"http.req.id":"d7bdea34-6f6b-4803-832e-9864bc47a10b","http.req.method":"GET","http.req.path":"/product/LS4PSXUNUM","message":"request started","session":"32217267-98ca-4d66-9fc8-3f088b8def0f","severity":"debug","timestamp":"2026-03-25T11:56:45.521190725Z"}
{"currency":"USD","http.req.id":"d7bdea34-6f6b-4803-832e-9864bc47a10b","http.req.method":"GET","http.req.path":"/product/LS4PSXUNUM","id":"LS4PSXUNUM","message":"serving product page","session":"32217267-98ca-4d66-9fc8-3f088b8def0f","severity":"debug","timestamp":"2026-03-25T11:56:45.521344326Z"}
{"http.req.id":"d7bdea34-6f6b-4803-832e-9864bc47a10b","http.req.method":"GET","http.req.path":"/product/LS4PSXUNUM","http.resp.bytes":7869,"http.resp.status":200,"http.resp.took_ms":17,"message":"request complete","session":"32217267-98ca-4d66-9fc8-3f088b8def0f","severity":"debug","timestamp":"2026-03-25T11:56:45.538621269Z"}
{"http.req.id":"bba2f39e-f9d9-493a-a34c-d1e33fcb145c","http.req.method":"GET","http.req.path":"/product/0PUK6V6EV0","message":"request started","session":"2d3bf3d7-22b5-49c9-8227-12126292f393","severity":"debug","timestamp":"2026-03-25T11:56:45.858906143Z"}
{"currency":"GBP","http.req.id":"bba2f39e-f9d9-493a-a34c-d1e33fcb145c","http.req.method":"GET","http.req.path":"/product/0PUK6V6EV0","id":"0PUK6V6EV0","message":"serving product page","session":"2d3bf3d7-22b5-49c9-8227-12126292f393","severity":"debug","timestamp":"2026-03-25T11:56:45.859067769Z"}
{"http.req.id":"bba2f39e-f9d9-493a-a34c-d1e33fcb145c","http.req.method":"GET","http.req.path":"/product/0PUK6V6EV0","http.resp.bytes":8018,"http.resp.status":200,"http.resp.took_ms":19,"message":"request complete","session":"2d3bf3d7-22b5-49c9-8227-12126292f393","severity":"debug","timestamp":"2026-03-25T11:56:45.877825782Z"}
{"http.req.id":"eb155faa-2cce-4273-ade9-bd9827b09f4f","http.req.method":"GET","http.req.path":"/cart","message":"request started","session":"ecb080bf-5333-403f-9547-c8725d499228","severity":"debug","timestamp":"2026-03-25T11:56:46.409309962Z"}
{"http.req.id":"eb155faa-2cce-4273-ade9-bd9827b09f4f","http.req.method":"GET","http.req.path":"/cart","message":"view user cart","session":"ecb080bf-5333-403f-9547-c8725d499228","severity":"debug","timestamp":"2026-03-25T11:56:46.409554441Z"}
{"http.req.id":"eb155faa-2cce-4273-ade9-bd9827b09f4f","http.req.method":"GET","http.req.path":"/cart","http.resp.bytes":6841,"http.resp.status":200,"http.resp.took_ms":16,"message":"request complete","session":"ecb080bf-5333-403f-9547-c8725d499228","severity":"debug","timestamp":"2026-03-25T11:56:46.425826954Z"}
{"http.req.id":"c2782810-8962-437a-aed5-1f81cbbb5a1a","http.req.method":"GET","http.req.path":"/product/1YMWWN1N4O","message":"request started","session":"df4ce93a-5d92-40a8-93c2-540bf11bbb4d","severity":"debug","timestamp":"2026-03-25T11:56:46.946384295Z"}
{"currency":"USD","http.req.id":"c2782810-8962-437a-aed5-1f81cbbb5a1a","http.req.method":"GET","http.req.path":"/product/1YMWWN1N4O","id":"1YMWWN1N4O","message":"serving product page","session":"df4ce93a-5d92-40a8-93c2-540bf11bbb4d","severity":"debug","timestamp":"2026-03-25T11:56:46.946562214Z"}
{"http.req.id":"c2782810-8962-437a-aed5-1f81cbbb5a1a","http.req.method":"GET","http.req.path":"/product/1YMWWN1N4O","http.resp.bytes":7988,"http.resp.status":200,"http.resp.took_ms":18,"message":"request complete","session":"df4ce93a-5d92-40a8-93c2-540bf11bbb4d","severity":"debug","timestamp":"2026-03-25T11:56:46.964496415Z"}
{"http.req.id":"260795d0-783a-4f26-8eec-c67f969269d8","http.req.method":"GET","http.req.path":"/","message":"request started","session":"514e00c6-206e-4c6e-873f-852b796455de","severity":"debug","timestamp":"2026-03-25T11:56:48.101803575Z"}
{"currency":"EUR","http.req.id":"260795d0-783a-4f26-8eec-c67f969269d8","http.req.method":"GET","http.req.path":"/","message":"home","session":"514e00c6-206e-4c6e-873f-852b796455de","severity":"info","timestamp":"2026-03-25T11:56:48.101923011Z"}
env platform is either empty or invalid
{"http.req.id":"260795d0-783a-4f26-8eec-c67f969269d8","http.req.method":"GET","http.req.path":"/","message":"ENV_PLATFORM is: local","session":"514e00c6-206e-4c6e-873f-852b796455de","severity":"debug","timestamp":"2026-03-25T11:56:48.402647113Z"}
{"http.req.id":"260795d0-783a-4f26-8eec-c67f969269d8","http.req.method":"GET","http.req.path":"/","http.resp.bytes":10491,"http.resp.status":200,"http.resp.took_ms":304,"message":"request complete","session":"514e00c6-206e-4c6e-873f-852b796455de","severity":"debug","timestamp":"2026-03-25T11:56:48.406611133Z"}
{"http.req.id":"d7ee40ab-73e2-45aa-9d0d-f0abe9544dcb","http.req.method":"GET","http.req.path":"/","message":"request started","session":"513dd945-739c-4fe3-8e54-6e6927fbb733","severity":"debug","timestamp":"2026-03-25T11:56:48.677705905Z"}
{"currency":"GBP","http.req.id":"d7ee40ab-73e2-45aa-9d0d-f0abe9544dcb","http.req.method":"GET","http.req.path":"/","message":"home","session":"513dd945-739c-4fe3-8e54-6e6927fbb733","severity":"info","timestamp":"2026-03-25T11:56:48.677804786Z"}
env platform is either empty or invalid
{"http.req.id":"d7ee40ab-73e2-45aa-9d0d-f0abe9544dcb","http.req.method":"GET","http.req.path":"/","message":"ENV_PLATFORM is: local","session":"513dd945-739c-4fe3-8e54-6e6927fbb733","severity":"debug","timestamp":"2026-03-25T11:56:48.745537286Z"}
{"http.req.id":"d7ee40ab-73e2-45aa-9d0d-f0abe9544dcb","http.req.method":"GET","http.req.path":"/","http.resp.bytes":10392,"http.resp.status":200,"http.resp.took_ms":70,"message":"request complete","session":"513dd945-739c-4fe3-8e54-6e6927fbb733","severity":"debug","timestamp":"2026-03-25T11:56:48.748262175Z"}
{"http.req.id":"b86004a0-753c-4568-9c36-81a9af52561c","http.req.method":"GET","http.req.path":"/","message":"request started","session":"827eab86-1aba-4a15-8740-5fee5900d10f","severity":"debug","timestamp":"2026-03-25T11:56:48.808962527Z"}
{"currency":"GBP","http.req.id":"b86004a0-753c-4568-9c36-81a9af52561c","http.req.method":"GET","http.req.path":"/","message":"home","session":"827eab86-1aba-4a15-8740-5fee5900d10f","severity":"info","timestamp":"2026-03-25T11:56:48.809031645Z"}
env platform is either empty or invalid
{"http.req.id":"b86004a0-753c-4568-9c36-81a9af52561c","http.req.method":"GET","http.req.path":"/","message":"ENV_PLATFORM is: local","session":"827eab86-1aba-4a15-8740-5fee5900d10f","severity":"debug","timestamp":"2026-03-25T11:56:48.90175825Z"}
{"http.req.id":"b86004a0-753c-4568-9c36-81a9af52561c","http.req.method":"GET","http.req.path":"/","http.resp.bytes":10481,"http.resp.status":200,"http.resp.took_ms":96,"message":"request complete","session":"827eab86-1aba-4a15-8740-5fee5900d10f","severity":"debug","timestamp":"2026-03-25T11:56:48.905017242Z"}
{"http.req.id":"d5f5d99a-8ac4-4e34-bf7d-847f1e761ed2","http.req.method":"GET","http.req.path":"/product/66VCHSJNUP","message":"request started","session":"32217267-98ca-4d66-9fc8-3f088b8def0f","severity":"debug","timestamp":"2026-03-25T11:56:49.500239921Z"}
{"currency":"USD","http.req.id":"d5f5d99a-8ac4-4e34-bf7d-847f1e761ed2","http.req.method":"GET","http.req.path":"/product/66VCHSJNUP","id":"66VCHSJNUP","message":"serving product page","session":"32217267-98ca-4d66-9fc8-3f088b8def0f","severity":"debug","timestamp":"2026-03-25T11:56:49.500334148Z"}
{"http.req.id":"d5f5d99a-8ac4-4e34-bf7d-847f1e761ed2","http.req.method":"GET","http.req.path":"/product/66VCHSJNUP","http.resp.bytes":7866,"http.resp.status":200,"http.resp.took_ms":20,"message":"request complete","session":"32217267-98ca-4d66-9fc8-3f088b8def0f","severity":"debug","timestamp":"2026-03-25T11:56:49.520675173Z"}
{"http.req.id":"e8d5bca2-1b1e-4f7b-96cc-416a8b6a40fd","http.req.method":"POST","http.req.path":"/cart","message":"request started","session":"32217267-98ca-4d66-9fc8-3f088b8def0f","severity":"debug","timestamp":"2026-03-25T11:56:49.522106873Z"}
{"http.req.id":"e8d5bca2-1b1e-4f7b-96cc-416a8b6a40fd","http.req.method":"POST","http.req.path":"/cart","message":"adding to cart","product":"66VCHSJNUP","quantity":1,"session":"32217267-98ca-4d66-9fc8-3f088b8def0f","severity":"debug","timestamp":"2026-03-25T11:56:49.522269207Z"}
{"http.req.id":"e8d5bca2-1b1e-4f7b-96cc-416a8b6a40fd","http.req.method":"POST","http.req.path":"/cart","http.resp.bytes":0,"http.resp.status":302,"http.resp.took_ms":4,"message":"request complete","session":"32217267-98ca-4d66-9fc8-3f088b8def0f","severity":"debug","timestamp":"2026-03-25T11:56:49.526464594Z"}
{"http.req.id":"831da9fd-3bc7-42af-900a-724675823592","http.req.method":"GET","http.req.path":"/cart","message":"request started","session":"32217267-98ca-4d66-9fc8-3f088b8def0f","severity":"debug","timestamp":"2026-03-25T11:56:49.527785691Z"}
{"http.req.id":"831da9fd-3bc7-42af-900a-724675823592","http.req.method":"GET","http.req.path":"/cart","message":"view user cart","session":"32217267-98ca-4d66-9fc8-3f088b8def0f","severity":"debug","timestamp":"2026-03-25T11:56:49.527887134Z"}
{"http.req.id":"831da9fd-3bc7-42af-900a-724675823592","http.req.method":"GET","http.req.path":"/cart","http.resp.bytes":16403,"http.resp.status":200,"http.resp.took_ms":79,"message":"request complete","session":"32217267-98ca-4d66-9fc8-3f088b8def0f","severity":"debug","timestamp":"2026-03-25T11:56:49.607394323Z"}
{"http.req.id":"1b20c65c-47d4-4072-9d85-01e2d2604e53","http.req.method":"POST","http.req.path":"/setCurrency","message":"request started","session":"513dd945-739c-4fe3-8e54-6e6927fbb733","severity":"debug","timestamp":"2026-03-25T11:56:50.19446347Z"}
{"curr.new":"TRY","curr.old":"GBP","http.req.id":"1b20c65c-47d4-4072-9d85-01e2d2604e53","http.req.method":"POST","http.req.path":"/setCurrency","message":"setting currency","session":"513dd945-739c-4fe3-8e54-6e6927fbb733","severity":"debug","timestamp":"2026-03-25T11:56:50.194670252Z"}
{"http.req.id":"1b20c65c-47d4-4072-9d85-01e2d2604e53","http.req.method":"POST","http.req.path":"/setCurrency","http.resp.bytes":0,"http.resp.status":302,"http.resp.took_ms":0,"message":"request complete","session":"513dd945-739c-4fe3-8e54-6e6927fbb733","severity":"debug","timestamp":"2026-03-25T11:56:50.194714689Z"}
{"http.req.id":"7d7cd95e-4747-4a52-a2d2-78d44f412584","http.req.method":"GET","http.req.path":"/","message":"request started","session":"513dd945-739c-4fe3-8e54-6e6927fbb733","severity":"debug","timestamp":"2026-03-25T11:56:50.196361004Z"}
{"currency":"TRY","http.req.id":"7d7cd95e-4747-4a52-a2d2-78d44f412584","http.req.method":"GET","http.req.path":"/","message":"home","session":"513dd945-739c-4fe3-8e54-6e6927fbb733","severity":"info","timestamp":"2026-03-25T11:56:50.196515258Z"}
env platform is either empty or invalid
{"http.req.id":"7d7cd95e-4747-4a52-a2d2-78d44f412584","http.req.method":"GET","http.req.path":"/","message":"ENV_PLATFORM is: local","session":"513dd945-739c-4fe3-8e54-6e6927fbb733","severity":"debug","timestamp":"2026-03-25T11:56:50.303591268Z"}
{"http.req.id":"7d7cd95e-4747-4a52-a2d2-78d44f412584","http.req.method":"GET","http.req.path":"/","http.resp.bytes":10411,"http.resp.status":200,"http.resp.took_ms":110,"message":"request complete","session":"513dd945-739c-4fe3-8e54-6e6927fbb733","severity":"debug","timestamp":"2026-03-25T11:56:50.307187412Z"}
{"http.req.id":"9182dc38-8516-463a-9343-2a7891f5b73e","http.req.method":"GET","http.req.path":"/product/0PUK6V6EV0","message":"request started","session":"2d3bf3d7-22b5-49c9-8227-12126292f393","severity":"debug","timestamp":"2026-03-25T11:56:50.433076235Z"}
{"currency":"GBP","http.req.id":"9182dc38-8516-463a-9343-2a7891f5b73e","http.req.method":"GET","http.req.path":"/product/0PUK6V6EV0","id":"0PUK6V6EV0","message":"serving product page","session":"2d3bf3d7-22b5-49c9-8227-12126292f393","severity":"debug","timestamp":"2026-03-25T11:56:50.433171219Z"}
{"http.req.id":"9182dc38-8516-463a-9343-2a7891f5b73e","http.req.method":"GET","http.req.path":"/product/0PUK6V6EV0","http.resp.bytes":7966,"http.resp.status":200,"http.resp.took_ms":24,"message":"request complete","session":"2d3bf3d7-22b5-49c9-8227-12126292f393","severity":"debug","timestamp":"2026-03-25T11:56:50.457169484Z"}
{"http.req.id":"947aa260-eb26-476d-a57e-a88f4538c8b1","http.req.method":"GET","http.req.path":"/product/2ZYFJ3GM2N","message":"request started","session":"fcb2831f-0627-4791-ac1d-23821dc5b140","severity":"debug","timestamp":"2026-03-25T11:56:50.733051981Z"}
{"currency":"JPY","http.req.id":"947aa260-eb26-476d-a57e-a88f4538c8b1","http.req.method":"GET","http.req.path":"/product/2ZYFJ3GM2N","id":"2ZYFJ3GM2N","message":"serving product page","session":"fcb2831f-0627-4791-ac1d-23821dc5b140","severity":"debug","timestamp":"2026-03-25T11:56:50.733143679Z"}
{"http.req.id":"947aa260-eb26-476d-a57e-a88f4538c8b1","http.req.method":"GET","http.req.path":"/product/2ZYFJ3GM2N","http.resp.bytes":7934,"http.resp.status":200,"http.resp.took_ms":24,"message":"request complete","session":"fcb2831f-0627-4791-ac1d-23821dc5b140","severity":"debug","timestamp":"2026-03-25T11:56:50.757620169Z"}
{"http.req.id":"55b2c5fa-ace1-4cda-92d8-cfcda6e0fb2c","http.req.method":"GET","http.req.path":"/product/LS4PSXUNUM","message":"request started","session":"694745d8-a179-4c65-83d6-9ed873a7b94b","severity":"debug","timestamp":"2026-03-25T11:56:50.848144712Z"}
{"currency":"TRY","http.req.id":"55b2c5fa-ace1-4cda-92d8-cfcda6e0fb2c","http.req.method":"GET","http.req.path":"/product/LS4PSXUNUM","id":"LS4PSXUNUM","message":"serving product page","session":"694745d8-a179-4c65-83d6-9ed873a7b94b","severity":"debug","timestamp":"2026-03-25T11:56:50.84824738Z"}
{"http.req.id":"55b2c5fa-ace1-4cda-92d8-cfcda6e0fb2c","http.req.method":"GET","http.req.path":"/product/LS4PSXUNUM","http.resp.bytes":7985,"http.resp.status":200,"http.resp.took_ms":21,"message":"request complete","session":"694745d8-a179-4c65-83d6-9ed873a7b94b","severity":"debug","timestamp":"2026-03-25T11:56:50.869145933Z"}
{"http.req.id":"9d52d84c-d6fa-4b51-8a9d-ece93776ced0","http.req.method":"GET","http.req.path":"/product/2ZYFJ3GM2N","message":"request started","session":"ecb080bf-5333-403f-9547-c8725d499228","severity":"debug","timestamp":"2026-03-25T11:56:51.050155752Z"}
{"currency":"EUR","http.req.id":"9d52d84c-d6fa-4b51-8a9d-ece93776ced0","http.req.method":"GET","http.req.path":"/product/2ZYFJ3GM2N","id":"2ZYFJ3GM2N","message":"serving product page","session":"ecb080bf-5333-403f-9547-c8725d499228","severity":"debug","timestamp":"2026-03-25T11:56:51.050258608Z"}
{"http.req.id":"9d52d84c-d6fa-4b51-8a9d-ece93776ced0","http.req.method":"GET","http.req.path":"/product/2ZYFJ3GM2N","http.resp.bytes":7928,"http.resp.status":200,"http.resp.took_ms":15,"message":"request complete","session":"ecb080bf-5333-403f-9547-c8725d499228","severity":"debug","timestamp":"2026-03-25T11:56:51.06596344Z"}
{"http.req.id":"a434c021-f217-4384-b34f-1df78df446d0","http.req.method":"GET","http.req.path":"/_healthz","message":"request started","session":"x-liveness-probe","severity":"debug","timestamp":"2026-03-25T11:56:51.211585548Z"}
{"http.req.id":"a434c021-f217-4384-b34f-1df78df446d0","http.req.method":"GET","http.req.path":"/_healthz","http.resp.bytes":2,"http.resp.status":200,"http.resp.took_ms":0,"message":"request complete","session":"x-liveness-probe","severity":"debug","timestamp":"2026-03-25T11:56:51.211738729Z"}
{"http.req.id":"b2c9a0be-18d0-48b2-868d-047e22df4509","http.req.method":"GET","http.req.path":"/product/OLJCESPC7Z","message":"request started","session":"827eab86-1aba-4a15-8740-5fee5900d10f","severity":"debug","timestamp":"2026-03-25T11:56:51.332355205Z"}
{"currency":"GBP","http.req.id":"b2c9a0be-18d0-48b2-868d-047e22df4509","http.req.method":"GET","http.req.path":"/product/OLJCESPC7Z","id":"OLJCESPC7Z","message":"serving product page","session":"827eab86-1aba-4a15-8740-5fee5900d10f","severity":"debug","timestamp":"2026-03-25T11:56:51.332443655Z"}
{"http.req.id":"b2c9a0be-18d0-48b2-868d-047e22df4509","http.req.method":"GET","http.req.path":"/product/OLJCESPC7Z","http.resp.bytes":8050,"http.resp.status":200,"http.resp.took_ms":18,"message":"request complete","session":"827eab86-1aba-4a15-8740-5fee5900d10f","severity":"debug","timestamp":"2026-03-25T11:56:51.351234846Z"}
{"http.req.id":"ac892590-ffbc-45c2-9999-d555fcd7336f","http.req.method":"POST","http.req.path":"/cart","message":"request started","session":"827eab86-1aba-4a15-8740-5fee5900d10f","severity":"debug","timestamp":"2026-03-25T11:56:51.352172917Z"}
{"http.req.id":"ac892590-ffbc-45c2-9999-d555fcd7336f","http.req.method":"POST","http.req.path":"/cart","message":"adding to cart","product":"OLJCESPC7Z","quantity":3,"session":"827eab86-1aba-4a15-8740-5fee5900d10f","severity":"debug","timestamp":"2026-03-25T11:56:51.35230824Z"}
{"http.req.id":"ac892590-ffbc-45c2-9999-d555fcd7336f","http.req.method":"POST","http.req.path":"/cart","http.resp.bytes":0,"http.resp.status":302,"http.resp.took_ms":4,"message":"request complete","session":"827eab86-1aba-4a15-8740-5fee5900d10f","severity":"debug","timestamp":"2026-03-25T11:56:51.356268822Z"}
{"http.req.id":"ca93cbaf-d3d7-4737-ac0f-10ba67b2a91e","http.req.method":"GET","http.req.path":"/cart","message":"request started","session":"827eab86-1aba-4a15-8740-5fee5900d10f","severity":"debug","timestamp":"2026-03-25T11:56:51.361439887Z"}
{"http.req.id":"ca93cbaf-d3d7-4737-ac0f-10ba67b2a91e","http.req.method":"GET","http.req.path":"/cart","message":"view user cart","session":"827eab86-1aba-4a15-8740-5fee5900d10f","severity":"debug","timestamp":"2026-03-25T11:56:51.3614927Z"}
{"http.req.id":"ca93cbaf-d3d7-4737-ac0f-10ba67b2a91e","http.req.method":"GET","http.req.path":"/cart","http.resp.bytes":17814,"http.resp.status":200,"http.resp.took_ms":38,"message":"request complete","session":"827eab86-1aba-4a15-8740-5fee5900d10f","severity":"debug","timestamp":"2026-03-25T11:56:51.4000963Z"}
{"http.req.id":"4e81446d-68a8-4e2f-9f7b-c0d6e982e4ec","http.req.method":"POST","http.req.path":"/cart/checkout","message":"request started","session":"827eab86-1aba-4a15-8740-5fee5900d10f","severity":"debug","timestamp":"2026-03-25T11:56:51.404433772Z"}
{"http.req.id":"4e81446d-68a8-4e2f-9f7b-c0d6e982e4ec","http.req.method":"POST","http.req.path":"/cart/checkout","message":"placing order","session":"827eab86-1aba-4a15-8740-5fee5900d10f","severity":"debug","timestamp":"2026-03-25T11:56:51.404561792Z"}
{"http.req.id":"4e81446d-68a8-4e2f-9f7b-c0d6e982e4ec","http.req.method":"POST","http.req.path":"/cart/checkout","message":"order placed","order":"b5d8a66c-2841-11f1-a4a0-927ce8a683d8","session":"827eab86-1aba-4a15-8740-5fee5900d10f","severity":"info","timestamp":"2026-03-25T11:56:51.428596409Z"}
{"http.req.id":"4e81446d-68a8-4e2f-9f7b-c0d6e982e4ec","http.req.method":"POST","http.req.path":"/cart/checkout","http.resp.bytes":6722,"http.resp.status":200,"http.resp.took_ms":36,"message":"request complete","session":"827eab86-1aba-4a15-8740-5fee5900d10f","severity":"debug","timestamp":"2026-03-25T11:56:51.44059551Z"}
{"http.req.id":"85a09c2d-8a9f-487a-b7b4-cfe98752c5ce","http.req.method":"GET","http.req.path":"/cart","message":"request started","session":"513dd945-739c-4fe3-8e54-6e6927fbb733","severity":"debug","timestamp":"2026-03-25T11:56:52.04347688Z"}
{"http.req.id":"85a09c2d-8a9f-487a-b7b4-cfe98752c5ce","http.req.method":"GET","http.req.path":"/cart","message":"view user cart","session":"513dd945-739c-4fe3-8e54-6e6927fbb733","severity":"debug","timestamp":"2026-03-25T11:56:52.043575651Z"}
{"http.req.id":"85a09c2d-8a9f-487a-b7b4-cfe98752c5ce","http.req.method":"GET","http.req.path":"/cart","http.resp.bytes":6861,"http.resp.status":200,"http.resp.took_ms":15,"message":"request complete","session":"513dd945-739c-4fe3-8e54-6e6927fbb733","severity":"debug","timestamp":"2026-03-25T11:56:52.059059997Z"}
