{"currency":"TRY","http.req.id":"fa08300d-97a2-4438-8051-9ce01114bae2","http.req.method":"GET","http.req.path":"/product/LS4PSXUNUM","id":"LS4PSXUNUM","message":"serving product page","session":"df4ce93a-5d92-40a8-93c2-540bf11bbb4d","severity":"debug","timestamp":"2026-03-25T12:04:48.233984745Z"}
{"http.req.id":"fa08300d-97a2-4438-8051-9ce01114bae2","http.req.method":"GET","http.req.path":"/product/LS4PSXUNUM","http.resp.bytes":7914,"http.resp.status":200,"http.resp.took_ms":66,"message":"request complete","session":"df4ce93a-5d92-40a8-93c2-540bf11bbb4d","severity":"debug","timestamp":"2026-03-25T12:04:48.300078692Z"}
{"http.req.id":"2cd74926-351d-4e34-837c-ffb4392b9d0f","http.req.method":"POST","http.req.path":"/cart","message":"request started","session":"df4ce93a-5d92-40a8-93c2-540bf11bbb4d","severity":"debug","timestamp":"2026-03-25T12:04:48.301176621Z"}
{"http.req.id":"2cd74926-351d-4e34-837c-ffb4392b9d0f","http.req.method":"POST","http.req.path":"/cart","message":"adding to cart","product":"LS4PSXUNUM","quantity":10,"session":"df4ce93a-5d92-40a8-93c2-540bf11bbb4d","severity":"debug","timestamp":"2026-03-25T12:04:48.301308412Z"}
{"http.req.id":"2cd74926-351d-4e34-837c-ffb4392b9d0f","http.req.method":"POST","http.req.path":"/cart","http.resp.bytes":0,"http.resp.status":302,"http.resp.took_ms":3,"message":"request complete","session":"df4ce93a-5d92-40a8-93c2-540bf11bbb4d","severity":"debug","timestamp":"2026-03-25T12:04:48.304986856Z"}
{"http.req.id":"fb0ee575-77bd-4a0d-83b7-2876a6d16d85","http.req.method":"GET","http.req.path":"/cart","message":"request started","session":"df4ce93a-5d92-40a8-93c2-540bf11bbb4d","severity":"debug","timestamp":"2026-03-25T12:04:48.306079617Z"}
{"http.req.id":"fb0ee575-77bd-4a0d-83b7-2876a6d16d85","http.req.method":"GET","http.req.path":"/cart","message":"view user cart","session":"df4ce93a-5d92-40a8-93c2-540bf11bbb4d","severity":"debug","timestamp":"2026-03-25T12:04:48.306163229Z"}
{"http.req.id":"fb0ee575-77bd-4a0d-83b7-2876a6d16d85","http.req.method":"GET","http.req.path":"/cart","http.resp.bytes":16417,"http.resp.status":200,"http.resp.took_ms":16,"message":"request complete","session":"df4ce93a-5d92-40a8-93c2-540bf11bbb4d","severity":"debug","timestamp":"2026-03-25T12:04:48.322282196Z"}
{"http.req.id":"6461eba6-c8e0-461c-8b12-5273860dff5a","http.req.method":"GET","http.req.path":"/product/L9ECAV7KIM","message":"request started","session":"a38c2610-1665-4c93-8051-4c451f5de325","severity":"debug","timestamp":"2026-03-25T12:04:48.787525185Z"}
{"currency":"TRY","http.req.id":"6461eba6-c8e0-461c-8b12-5273860dff5a","http.req.method":"GET","http.req.path":"/product/L9ECAV7KIM","id":"L9ECAV7KIM","message":"serving product page","session":"a38c2610-1665-4c93-8051-4c451f5de325","severity":"debug","timestamp":"2026-03-25T12:04:48.787611498Z"}
{"http.req.id":"e37c0f5e-db93-4efe-b989-7d385b18faa3","http.req.method":"GET","http.req.path":"/product/6E92ZMYYFZ","message":"request started","session":"fcb2831f-0627-4791-ac1d-23821dc5b140","severity":"debug","timestamp":"2026-03-25T12:04:48.904322313Z"}
{"currency":"USD","http.req.id":"e37c0f5e-db93-4efe-b989-7d385b18faa3","http.req.method":"GET","http.req.path":"/product/6E92ZMYYFZ","id":"6E92ZMYYFZ","message":"serving product page","session":"fcb2831f-0627-4791-ac1d-23821dc5b140","severity":"debug","timestamp":"2026-03-25T12:04:48.904403758Z"}
{"http.req.id":"6461eba6-c8e0-461c-8b12-5273860dff5a","http.req.method":"GET","http.req.path":"/product/L9ECAV7KIM","http.resp.bytes":7983,"http.resp.status":200,"http.resp.took_ms":202,"message":"request complete","session":"a38c2610-1665-4c93-8051-4c451f5de325","severity":"debug","timestamp":"2026-03-25T12:04:48.989542051Z"}
{"http.req.id":"e37c0f5e-db93-4efe-b989-7d385b18faa3","http.req.method":"GET","http.req.path":"/product/6E92ZMYYFZ","http.resp.bytes":7995,"http.resp.status":200,"http.resp.took_ms":96,"message":"request complete","session":"fcb2831f-0627-4791-ac1d-23821dc5b140","severity":"debug","timestamp":"2026-03-25T12:04:49.001150543Z"}
{"http.req.id":"848c63e0-85a0-4841-869d-2fcc36b076e1","http.req.method":"POST","http.req.path":"/cart","message":"request started","session":"fcb2831f-0627-4791-ac1d-23821dc5b140","severity":"debug","timestamp":"2026-03-25T12:04:49.002781414Z"}
{"http.req.id":"848c63e0-85a0-4841-869d-2fcc36b076e1","http.req.method":"POST","http.req.path":"/cart","message":"adding to cart","product":"6E92ZMYYFZ","quantity":3,"session":"fcb2831f-0627-4791-ac1d-23821dc5b140","severity":"debug","timestamp":"2026-03-25T12:04:49.002979424Z"}
{"http.req.id":"848c63e0-85a0-4841-869d-2fcc36b076e1","http.req.method":"POST","http.req.path":"/cart","http.resp.bytes":0,"http.resp.status":302,"http.resp.took_ms":4,"message":"request complete","session":"fcb2831f-0627-4791-ac1d-23821dc5b140","severity":"debug","timestamp":"2026-03-25T12:04:49.007108714Z"}
{"http.req.id":"89ccff90-aca0-4552-99fd-28ac3351b828","http.req.method":"GET","http.req.path":"/cart","message":"request started","session":"fcb2831f-0627-4791-ac1d-23821dc5b140","severity":"debug","timestamp":"2026-03-25T12:04:49.008682534Z"}
{"http.req.id":"89ccff90-aca0-4552-99fd-28ac3351b828","http.req.method":"GET","http.req.path":"/cart","message":"view user cart","session":"fcb2831f-0627-4791-ac1d-23821dc5b140","severity":"debug","timestamp":"2026-03-25T12:04:49.008804326Z"}
{"http.req.id":"89ccff90-aca0-4552-99fd-28ac3351b828","http.req.method":"GET","http.req.path":"/cart","http.resp.bytes":20648,"http.resp.status":200,"http.resp.took_ms":379,"message":"request complete","session":"fcb2831f-0627-4791-ac1d-23821dc5b140","severity":"debug","timestamp":"2026-03-25T12:04:49.388368989Z"}
{"http.req.id":"842245fe-c92b-423d-a276-af5b32868213","http.req.method":"POST","http.req.path":"/cart/checkout","message":"request started","session":"fcb2831f-0627-4791-ac1d-23821dc5b140","severity":"debug","timestamp":"2026-03-25T12:04:49.392067633Z"}
{"http.req.id":"842245fe-c92b-423d-a276-af5b32868213","http.req.method":"POST","http.req.path":"/cart/checkout","message":"placing order","session":"fcb2831f-0627-4791-ac1d-23821dc5b140","severity":"debug","timestamp":"2026-03-25T12:04:49.392167545Z"}
{"http.req.id":"842245fe-c92b-423d-a276-af5b32868213","http.req.method":"POST","http.req.path":"/cart/checkout","message":"order placed","order":"d2bfbc12-2842-11f1-a4a0-927ce8a683d8","session":"fcb2831f-0627-4791-ac1d-23821dc5b140","severity":"info","timestamp":"2026-03-25T12:04:49.521450188Z"}
{"http.req.id":"842245fe-c92b-423d-a276-af5b32868213","http.req.method":"POST","http.req.path":"/cart/checkout","http.resp.bytes":6777,"http.resp.status":200,"http.resp.took_ms":141,"message":"request complete","session":"fcb2831f-0627-4791-ac1d-23821dc5b140","severity":"debug","timestamp":"2026-03-25T12:04:49.534048173Z"}
{"http.req.id":"a0d7fda1-cb34-4617-b2f8-8b6c2eeb9ee9","http.req.method":"GET","http.req.path":"/product/OLJCESPC7Z","message":"request started","session":"514e00c6-206e-4c6e-873f-852b796455de","severity":"debug","timestamp":"2026-03-25T12:04:50.588370059Z"}
{"currency":"EUR","http.req.id":"a0d7fda1-cb34-4617-b2f8-8b6c2eeb9ee9","http.req.method":"GET","http.req.path":"/product/OLJCESPC7Z","id":"OLJCESPC7Z","message":"serving product page","session":"514e00c6-206e-4c6e-873f-852b796455de","severity":"debug","timestamp":"2026-03-25T12:04:50.588506847Z"}
{"http.req.id":"a0d7fda1-cb34-4617-b2f8-8b6c2eeb9ee9","http.req.method":"GET","http.req.path":"/product/OLJCESPC7Z","http.resp.bytes":7915,"http.resp.status":200,"http.resp.took_ms":119,"message":"request complete","session":"514e00c6-206e-4c6e-873f-852b796455de","severity":"debug","timestamp":"2026-03-25T12:04:50.708176447Z"}
{"http.req.id":"83aca7e3-ef62-4e92-af5c-98be68e8c67a","http.req.method":"GET","http.req.path":"/product/6E92ZMYYFZ","message":"request started","session":"ecb080bf-5333-403f-9547-c8725d499228","severity":"debug","timestamp":"2026-03-25T12:04:50.78822669Z"}
{"currency":"EUR","http.req.id":"83aca7e3-ef62-4e92-af5c-98be68e8c67a","http.req.method":"GET","http.req.path":"/product/6E92ZMYYFZ","id":"6E92ZMYYFZ","message":"serving product page","session":"ecb080bf-5333-403f-9547-c8725d499228","severity":"debug","timestamp":"2026-03-25T12:04:50.788289148Z"}
{"http.req.id":"7c50ac29-4c52-4e5e-b908-8b624ffa5e0b","http.req.method":"GET","http.req.path":"/_healthz","message":"request started","session":"x-liveness-probe","severity":"debug","timestamp":"2026-03-25T12:04:50.793251899Z"}
{"http.req.id":"7c50ac29-4c52-4e5e-b908-8b624ffa5e0b","http.req.method":"GET","http.req.path":"/_healthz","http.resp.bytes":2,"http.resp.status":200,"http.resp.took_ms":0,"message":"request complete","session":"x-liveness-probe","severity":"debug","timestamp":"2026-03-25T12:04:50.793340892Z"}
{"http.req.id":"83aca7e3-ef62-4e92-af5c-98be68e8c67a","http.req.method":"GET","http.req.path":"/product/6E92ZMYYFZ","http.resp.bytes":7979,"http.resp.status":200,"http.resp.took_ms":104,"message":"request complete","session":"ecb080bf-5333-403f-9547-c8725d499228","severity":"debug","timestamp":"2026-03-25T12:04:50.892484321Z"}
{"http.req.id":"d9f60697-1381-4605-b7f4-cc7e0c9afb18","http.req.method":"POST","http.req.path":"/cart","message":"request started","session":"ecb080bf-5333-403f-9547-c8725d499228","severity":"debug","timestamp":"2026-03-25T12:04:50.893981363Z"}
{"http.req.id":"d9f60697-1381-4605-b7f4-cc7e0c9afb18","http.req.method":"POST","http.req.path":"/cart","message":"adding to cart","product":"6E92ZMYYFZ","quantity":5,"session":"ecb080bf-5333-403f-9547-c8725d499228","severity":"debug","timestamp":"2026-03-25T12:04:50.894188906Z"}
{"http.req.id":"d9f60697-1381-4605-b7f4-cc7e0c9afb18","http.req.method":"POST","http.req.path":"/cart","http.resp.bytes":0,"http.resp.status":302,"http.resp.took_ms":4,"message":"request complete","session":"ecb080bf-5333-403f-9547-c8725d499228","severity":"debug","timestamp":"2026-03-25T12:04:50.898613006Z"}
{"http.req.id":"77d911d6-bf7c-4094-af22-a3e2c45aa16f","http.req.method":"GET","http.req.path":"/cart","message":"request started","session":"ecb080bf-5333-403f-9547-c8725d499228","severity":"debug","timestamp":"2026-03-25T12:04:50.905346552Z"}
{"http.req.id":"77d911d6-bf7c-4094-af22-a3e2c45aa16f","http.req.method":"GET","http.req.path":"/cart","message":"view user cart","session":"ecb080bf-5333-403f-9547-c8725d499228","severity":"debug","timestamp":"2026-03-25T12:04:50.905479552Z"}
{"http.req.id":"77d911d6-bf7c-4094-af22-a3e2c45aa16f","http.req.method":"GET","http.req.path":"/cart","http.resp.bytes":22121,"http.resp.status":200,"http.resp.took_ms":115,"message":"request complete","session":"ecb080bf-5333-403f-9547-c8725d499228","severity":"debug","timestamp":"2026-03-25T12:04:51.021084172Z"}
{"http.req.id":"03cf932c-f06d-4e45-ab69-90a215a51538","http.req.method":"POST","http.req.path":"/cart/checkout","message":"request started","session":"ecb080bf-5333-403f-9547-c8725d499228","severity":"debug","timestamp":"2026-03-25T12:04:51.091970387Z"}
{"http.req.id":"03cf932c-f06d-4e45-ab69-90a215a51538","http.req.method":"POST","http.req.path":"/cart/checkout","message":"placing order","session":"ecb080bf-5333-403f-9547-c8725d499228","severity":"debug","timestamp":"2026-03-25T12:04:51.092057628Z"}
{"http.req.id":"633da6ce-1b1d-4e2c-8af4-7e53f6594112","http.req.method":"GET","http.req.path":"/cart","message":"request started","session":"a38c2610-1665-4c93-8051-4c451f5de325","severity":"debug","timestamp":"2026-03-25T12:04:51.194577665Z"}
{"http.req.id":"633da6ce-1b1d-4e2c-8af4-7e53f6594112","http.req.method":"GET","http.req.path":"/cart","message":"view user cart","session":"a38c2610-1665-4c93-8051-4c451f5de325","severity":"debug","timestamp":"2026-03-25T12:04:51.194881978Z"}
{"http.req.id":"03cf932c-f06d-4e45-ab69-90a215a51538","http.req.method":"POST","http.req.path":"/cart/checkout","message":"order placed","order":"d3c322af-2842-11f1-a4a0-927ce8a683d8","session":"ecb080bf-5333-403f-9547-c8725d499228","severity":"info","timestamp":"2026-03-25T12:04:51.217262221Z"}
{"http.req.id":"1b47fead-3cf4-48e4-99d0-4e50fe3af7b4","http.req.method":"GET","http.req.path":"/","message":"request started","session":"694745d8-a179-4c65-83d6-9ed873a7b94b","severity":"debug","timestamp":"2026-03-25T12:04:51.287857594Z"}
{"currency":"JPY","http.req.id":"1b47fead-3cf4-48e4-99d0-4e50fe3af7b4","http.req.method":"GET","http.req.path":"/","message":"home","session":"694745d8-a179-4c65-83d6-9ed873a7b94b","severity":"info","timestamp":"2026-03-25T12:04:51.288343505Z"}
{"http.req.id":"03cf932c-f06d-4e45-ab69-90a215a51538","http.req.method":"POST","http.req.path":"/cart/checkout","http.resp.bytes":6742,"http.resp.status":200,"http.resp.took_ms":219,"message":"request complete","session":"ecb080bf-5333-403f-9547-c8725d499228","severity":"debug","timestamp":"2026-03-25T12:04:51.311224061Z"}
{"http.req.id":"633da6ce-1b1d-4e2c-8af4-7e53f6594112","http.req.method":"GET","http.req.path":"/cart","http.resp.bytes":19271,"http.resp.status":200,"http.resp.took_ms":207,"message":"request complete","session":"a38c2610-1665-4c93-8051-4c451f5de325","severity":"debug","timestamp":"2026-03-25T12:04:51.402118601Z"}
env platform is either empty or invalid
{"http.req.id":"1b47fead-3cf4-48e4-99d0-4e50fe3af7b4","http.req.method":"GET","http.req.path":"/","message":"ENV_PLATFORM is: local","session":"694745d8-a179-4c65-83d6-9ed873a7b94b","severity":"debug","timestamp":"2026-03-25T12:04:51.489776428Z"}
{"http.req.id":"1b47fead-3cf4-48e4-99d0-4e50fe3af7b4","http.req.method":"GET","http.req.path":"/","http.resp.bytes":10502,"http.resp.status":200,"http.resp.took_ms":205,"message":"request complete","session":"694745d8-a179-4c65-83d6-9ed873a7b94b","severity":"debug","timestamp":"2026-03-25T12:04:51.493468243Z"}
{"http.req.id":"19f3b61b-055c-42f3-97c5-f4d45ce587a7","http.req.method":"GET","http.req.path":"/product/6E92ZMYYFZ","message":"request started","session":"32217267-98ca-4d66-9fc8-3f088b8def0f","severity":"debug","timestamp":"2026-03-25T12:04:53.281393705Z"}
{"currency":"CAD","http.req.id":"19f3b61b-055c-42f3-97c5-f4d45ce587a7","http.req.method":"GET","http.req.path":"/product/6E92ZMYYFZ","id":"6E92ZMYYFZ","message":"serving product page","session":"32217267-98ca-4d66-9fc8-3f088b8def0f","severity":"debug","timestamp":"2026-03-25T12:04:53.281491893Z"}
{"http.req.id":"19f3b61b-055c-42f3-97c5-f4d45ce587a7","http.req.method":"GET","http.req.path":"/product/6E92ZMYYFZ","http.resp.bytes":7912,"http.resp.status":200,"http.resp.took_ms":21,"message":"request complete","session":"32217267-98ca-4d66-9fc8-3f088b8def0f","severity":"debug","timestamp":"2026-03-25T12:04:53.302611179Z"}
{"http.req.id":"e18f8dc0-1f28-4f49-9187-7c550b5cab7e","http.req.method":"GET","http.req.path":"/product/OLJCESPC7Z","message":"request started","session":"a38c2610-1665-4c93-8051-4c451f5de325","severity":"debug","timestamp":"2026-03-25T12:04:53.340828515Z"}
{"currency":"TRY","http.req.id":"e18f8dc0-1f28-4f49-9187-7c550b5cab7e","http.req.method":"GET","http.req.path":"/product/OLJCESPC7Z","id":"OLJCESPC7Z","message":"serving product page","session":"a38c2610-1665-4c93-8051-4c451f5de325","severity":"debug","timestamp":"2026-03-25T12:04:53.340963623Z"}
{"http.req.id":"e18f8dc0-1f28-4f49-9187-7c550b5cab7e","http.req.method":"GET","http.req.path":"/product/OLJCESPC7Z","http.resp.bytes":8054,"http.resp.status":200,"http.resp.took_ms":20,"message":"request complete","session":"a38c2610-1665-4c93-8051-4c451f5de325","severity":"debug","timestamp":"2026-03-25T12:04:53.361289718Z"}
{"http.req.id":"c046ce73-9319-48a7-9570-46674de528da","http.req.method":"GET","http.req.path":"/product/LS4PSXUNUM","message":"request started","session":"513dd945-739c-4fe3-8e54-6e6927fbb733","severity":"debug","timestamp":"2026-03-25T12:04:53.600971165Z"}
{"currency":"USD","http.req.id":"c046ce73-9319-48a7-9570-46674de528da","http.req.method":"GET","http.req.path":"/product/LS4PSXUNUM","id":"LS4PSXUNUM","message":"serving product page","session":"513dd945-739c-4fe3-8e54-6e6927fbb733","severity":"debug","timestamp":"2026-03-25T12:04:53.601072189Z"}
{"http.req.id":"c046ce73-9319-48a7-9570-46674de528da","http.req.method":"GET","http.req.path":"/product/LS4PSXUNUM","http.resp.bytes":7989,"http.resp.status":200,"http.resp.took_ms":18,"message":"request complete","session":"513dd945-739c-4fe3-8e54-6e6927fbb733","severity":"debug","timestamp":"2026-03-25T12:04:53.619453382Z"}
{"http.req.id":"cbfd02a3-7ce4-4b6a-aedf-a781371a1638","http.req.method":"POST","http.req.path":"/cart","message":"request started","session":"513dd945-739c-4fe3-8e54-6e6927fbb733","severity":"debug","timestamp":"2026-03-25T12:04:53.620662884Z"}
{"http.req.id":"cbfd02a3-7ce4-4b6a-aedf-a781371a1638","http.req.method":"POST","http.req.path":"/cart","message":"adding to cart","product":"LS4PSXUNUM","quantity":4,"session":"513dd945-739c-4fe3-8e54-6e6927fbb733","severity":"debug","timestamp":"2026-03-25T12:04:53.620840782Z"}
{"http.req.id":"cbfd02a3-7ce4-4b6a-aedf-a781371a1638","http.req.method":"POST","http.req.path":"/cart","http.resp.bytes":0,"http.resp.status":302,"http.resp.took_ms":3,"message":"request complete","session":"513dd945-739c-4fe3-8e54-6e6927fbb733","severity":"debug","timestamp":"2026-03-25T12:04:53.624567612Z"}
{"http.req.id":"4bd94ef5-4637-4345-bedd-053a639d4de5","http.req.method":"GET","http.req.path":"/cart","message":"request started","session":"513dd945-739c-4fe3-8e54-6e6927fbb733","severity":"debug","timestamp":"2026-03-25T12:04:53.625813233Z"}
{"http.req.id":"4bd94ef5-4637-4345-bedd-053a639d4de5","http.req.method":"GET","http.req.path":"/cart","message":"view user cart","session":"513dd945-739c-4fe3-8e54-6e6927fbb733","severity":"debug","timestamp":"2026-03-25T12:04:53.625903104Z"}
{"http.req.id":"4bd94ef5-4637-4345-bedd-053a639d4de5","http.req.method":"GET","http.req.path":"/cart","http.resp.bytes":20677,"http.resp.status":200,"http.resp.took_ms":75,"message":"request complete","session":"513dd945-739c-4fe3-8e54-6e6927fbb733","severity":"debug","timestamp":"2026-03-25T12:04:53.701780117Z"}
{"http.req.id":"b6e7c339-82bc-4678-b1fa-346de25f2aaa","http.req.method":"GET","http.req.path":"/_healthz","message":"request started","session":"x-readiness-probe","severity":"debug","timestamp":"2026-03-25T12:04:54.046368702Z"}
{"http.req.id":"b6e7c339-82bc-4678-b1fa-346de25f2aaa","http.req.method":"GET","http.req.path":"/_healthz","http.resp.bytes":2,"http.resp.status":200,"http.resp.took_ms":0,"message":"request complete","session":"x-readiness-probe","severity":"debug","timestamp":"2026-03-25T12:04:54.046480436Z"}
{"http.req.id":"0dfdf09a-2f78-48df-8eb3-6069f3b39a59","http.req.method":"GET","http.req.path":"/product/L9ECAV7KIM","message":"request started","session":"2d3bf3d7-22b5-49c9-8227-12126292f393","severity":"debug","timestamp":"2026-03-25T12:04:54.281444597Z"}
{"currency":"TRY","http.req.id":"0dfdf09a-2f78-48df-8eb3-6069f3b39a59","http.req.method":"GET","http.req.path":"/product/L9ECAV7KIM","id":"L9ECAV7KIM","message":"serving product page","session":"2d3bf3d7-22b5-49c9-8227-12126292f393","severity":"debug","timestamp":"2026-03-25T12:04:54.28157135Z"}
{"http.req.id":"0dfdf09a-2f78-48df-8eb3-6069f3b39a59","http.req.method":"GET","http.req.path":"/product/L9ECAV7KIM","http.resp.bytes":7881,"http.resp.status":200,"http.resp.took_ms":21,"message":"request complete","session":"2d3bf3d7-22b5-49c9-8227-12126292f393","severity":"debug","timestamp":"2026-03-25T12:04:54.302576098Z"}
{"http.req.id":"920102ce-41c3-48ae-b4a6-5240e96d84ef","http.req.method":"GET","http.req.path":"/product/9SIQT8TOJO","message":"request started","session":"827eab86-1aba-4a15-8740-5fee5900d10f","severity":"debug","timestamp":"2026-03-25T12:04:54.844868007Z"}
{"currency":"USD","http.req.id":"920102ce-41c3-48ae-b4a6-5240e96d84ef","http.req.method":"GET","http.req.path":"/product/9SIQT8TOJO","id":"9SIQT8TOJO","message":"serving product page","session":"827eab86-1aba-4a15-8740-5fee5900d10f","severity":"debug","timestamp":"2026-03-25T12:04:54.844988861Z"}
{"http.req.id":"9be998a7-da92-4220-b864-320b055ea13f","http.req.method":"GET","http.req.path":"/product/9SIQT8TOJO","message":"request started","session":"ecb080bf-5333-403f-9547-c8725d499228","severity":"debug","timestamp":"2026-03-25T12:04:54.854616359Z"}
{"currency":"EUR","http.req.id":"9be998a7-da92-4220-b864-320b055ea13f","http.req.method":"GET","http.req.path":"/product/9SIQT8TOJO","id":"9SIQT8TOJO","message":"serving product page","session":"ecb080bf-5333-403f-9547-c8725d499228","severity":"debug","timestamp":"2026-03-25T12:04:54.854724871Z"}
{"http.req.id":"920102ce-41c3-48ae-b4a6-5240e96d84ef","http.req.method":"GET","http.req.path":"/product/9SIQT8TOJO","http.resp.bytes":8022,"http.resp.status":200,"http.resp.took_ms":18,"message":"request complete","session":"827eab86-1aba-4a15-8740-5fee5900d10f","severity":"debug","timestamp":"2026-03-25T12:04:54.863708142Z"}
{"http.req.id":"9be998a7-da92-4220-b864-320b055ea13f","http.req.method":"GET","http.req.path":"/product/9SIQT8TOJO","http.resp.bytes":7924,"http.resp.status":200,"http.resp.took_ms":20,"message":"request complete","session":"ecb080bf-5333-403f-9547-c8725d499228","severity":"debug","timestamp":"2026-03-25T12:04:54.875354976Z"}
{"http.req.id":"63fad016-b8e5-4e2e-9410-6affae104fa0","http.req.method":"GET","http.req.path":"/product/9SIQT8TOJO","message":"request started","session":"32217267-98ca-4d66-9fc8-3f088b8def0f","severity":"debug","timestamp":"2026-03-25T12:04:55.17923831Z"}
{"currency":"CAD","http.req.id":"63fad016-b8e5-4e2e-9410-6affae104fa0","http.req.method":"GET","http.req.path":"/product/9SIQT8TOJO","id":"9SIQT8TOJO","message":"serving product page","session":"32217267-98ca-4d66-9fc8-3f088b8def0f","severity":"debug","timestamp":"2026-03-25T12:04:55.179345805Z"}
{"http.req.id":"63fad016-b8e5-4e2e-9410-6affae104fa0","http.req.method":"GET","http.req.path":"/product/9SIQT8TOJO","http.resp.bytes":7928,"http.resp.status":200,"http.resp.took_ms":22,"message":"request complete","session":"32217267-98ca-4d66-9fc8-3f088b8def0f","severity":"debug","timestamp":"2026-03-25T12:04:55.201501953Z"}
{"http.req.id":"cf992178-dab5-4aed-bfe1-0bab8394836c","http.req.method":"GET","http.req.path":"/product/6E92ZMYYFZ","message":"request started","session":"fcb2831f-0627-4791-ac1d-23821dc5b140","severity":"debug","timestamp":"2026-03-25T12:04:55.33833833Z"}
{"currency":"USD","http.req.id":"cf992178-dab5-4aed-bfe1-0bab8394836c","http.req.method":"GET","http.req.path":"/product/6E92ZMYYFZ","id":"6E92ZMYYFZ","message":"serving product page","session":"fcb2831f-0627-4791-ac1d-23821dc5b140","severity":"debug","timestamp":"2026-03-25T12:04:55.338413198Z"}
{"http.req.id":"cf992178-dab5-4aed-bfe1-0bab8394836c","http.req.method":"GET","http.req.path":"/product/6E92ZMYYFZ","http.resp.bytes":7849,"http.resp.status":200,"http.resp.took_ms":19,"message":"request complete","session":"fcb2831f-0627-4791-ac1d-23821dc5b140","severity":"debug","timestamp":"2026-03-25T12:04:55.357469645Z"}
{"http.req.id":"b60a58f4-7a13-4dec-ba88-11701d3589ac","http.req.method":"GET","http.req.path":"/product/6E92ZMYYFZ","message":"request started","session":"513dd945-739c-4fe3-8e54-6e6927fbb733","severity":"debug","timestamp":"2026-03-25T12:04:55.618223701Z"}
{"currency":"USD","http.req.id":"b60a58f4-7a13-4dec-ba88-11701d3589ac","http.req.method":"GET","http.req.path":"/product/6E92ZMYYFZ","id":"6E92ZMYYFZ","message":"serving product page","session":"513dd945-739c-4fe3-8e54-6e6927fbb733","severity":"debug","timestamp":"2026-03-25T12:04:55.618330746Z"}
{"http.req.id":"b60a58f4-7a13-4dec-ba88-11701d3589ac","http.req.method":"GET","http.req.path":"/product/6E92ZMYYFZ","http.resp.bytes":7955,"http.resp.status":200,"http.resp.took_ms":17,"message":"request complete","session":"513dd945-739c-4fe3-8e54-6e6927fbb733","severity":"debug","timestamp":"2026-03-25T12:04:55.635692551Z"}
{"http.req.id":"b73ad6a3-f935-4968-8425-baab12f7e141","http.req.method":"POST","http.req.path":"/cart","message":"request started","session":"513dd945-739c-4fe3-8e54-6e6927fbb733","severity":"debug","timestamp":"2026-03-25T12:04:55.637227308Z"}
{"http.req.id":"b73ad6a3-f935-4968-8425-baab12f7e141","http.req.method":"POST","http.req.path":"/cart","message":"adding to cart","product":"6E92ZMYYFZ","quantity":10,"session":"513dd945-739c-4fe3-8e54-6e6927fbb733","severity":"debug","timestamp":"2026-03-25T12:04:55.637448433Z"}
{"http.req.id":"b73ad6a3-f935-4968-8425-baab12f7e141","http.req.method":"POST","http.req.path":"/cart","http.resp.bytes":0,"http.resp.status":302,"http.resp.took_ms":3,"message":"request complete","session":"513dd945-739c-4fe3-8e54-6e6927fbb733","severity":"debug","timestamp":"2026-03-25T12:04:55.641010229Z"}
{"http.req.id":"69a9e518-a8de-4138-bc8d-079842750444","http.req.method":"GET","http.req.path":"/cart","message":"request started","session":"513dd945-739c-4fe3-8e54-6e6927fbb733","severity":"debug","timestamp":"2026-03-25T12:04:55.642417548Z"}
{"http.req.id":"69a9e518-a8de-4138-bc8d-079842750444","http.req.method":"GET","http.req.path":"/cart","message":"view user cart","session":"513dd945-739c-4fe3-8e54-6e6927fbb733","severity":"debug","timestamp":"2026-03-25T12:04:55.642496273Z"}
{"http.req.id":"69a9e518-a8de-4138-bc8d-079842750444","http.req.method":"GET","http.req.path":"/cart","http.resp.bytes":20665,"http.resp.status":200,"http.resp.took_ms":52,"message":"request complete","session":"513dd945-739c-4fe3-8e54-6e6927fbb733","severity":"debug","timestamp":"2026-03-25T12:04:55.694781556Z"}
{"http.req.id":"4c39185b-3cf2-448a-bda1-7d5901542028","http.req.method":"GET","http.req.path":"/product/LS4PSXUNUM","message":"request started","session":"fcb2831f-0627-4791-ac1d-23821dc5b140","severity":"debug","timestamp":"2026-03-25T12:04:56.608224434Z"}
{"currency":"USD","http.req.id":"4c39185b-3cf2-448a-bda1-7d5901542028","http.req.method":"GET","http.req.path":"/product/LS4PSXUNUM","id":"LS4PSXUNUM","message":"serving product page","session":"fcb2831f-0627-4791-ac1d-23821dc5b140","severity":"debug","timestamp":"2026-03-25T12:04:56.608385505Z"}
{"http.req.id":"4c39185b-3cf2-448a-bda1-7d5901542028","http.req.method":"GET","http.req.path":"/product/LS4PSXUNUM","http.resp.bytes":7885,"http.resp.status":200,"http.resp.took_ms":18,"message":"request complete","session":"fcb2831f-0627-4791-ac1d-23821dc5b140","severity":"debug","timestamp":"2026-03-25T12:04:56.626529031Z"}
{"http.req.id":"eff2785d-d24a-4fd3-b937-a0fd59313016","http.req.method":"POST","http.req.path":"/cart","message":"request started","session":"fcb2831f-0627-4791-ac1d-23821dc5b140","severity":"debug","timestamp":"2026-03-25T12:04:56.627704846Z"}
{"http.req.id":"eff2785d-d24a-4fd3-b937-a0fd59313016","http.req.method":"POST","http.req.path":"/cart","message":"adding to cart","product":"LS4PSXUNUM","quantity":9,"session":"fcb2831f-0627-4791-ac1d-23821dc5b140","severity":"debug","timestamp":"2026-03-25T12:04:56.627846669Z"}
{"http.req.id":"eff2785d-d24a-4fd3-b937-a0fd59313016","http.req.method":"POST","http.req.path":"/cart","http.resp.bytes":0,"http.resp.status":302,"http.resp.took_ms":8,"message":"request complete","session":"fcb2831f-0627-4791-ac1d-23821dc5b140","severity":"debug","timestamp":"2026-03-25T12:04:56.635816163Z"}
{"http.req.id":"b67843ba-22c0-48f8-a7f1-4d7e9a5c1fc2","http.req.method":"GET","http.req.path":"/cart","message":"request started","session":"fcb2831f-0627-4791-ac1d-23821dc5b140","severity":"debug","timestamp":"2026-03-25T12:04:56.636942483Z"}
{"http.req.id":"b67843ba-22c0-48f8-a7f1-4d7e9a5c1fc2","http.req.method":"GET","http.req.path":"/cart","message":"view user cart","session":"fcb2831f-0627-4791-ac1d-23821dc5b140","severity":"debug","timestamp":"2026-03-25T12:04:56.637086162Z"}
{"http.req.id":"b67843ba-22c0-48f8-a7f1-4d7e9a5c1fc2","http.req.method":"GET","http.req.path":"/cart","http.resp.bytes":16389,"http.resp.status":200,"http.resp.took_ms":60,"message":"request complete","session":"fcb2831f-0627-4791-ac1d-23821dc5b140","severity":"debug","timestamp":"2026-03-25T12:04:56.69781091Z"}
