{"currency":"EUR","http.req.id":"a78ee0a9-e8be-4a29-83cb-9a68e41a878b","http.req.method":"GET","http.req.path":"/product/L9ECAV7KIM","id":"L9ECAV7KIM","message":"serving product page","session":"6e21104e-b0bf-4a85-b5c2-ac5af92fa69e","severity":"debug","timestamp":"2026-03-06T06:21:15.008020832Z"}
{"http.req.id":"a78ee0a9-e8be-4a29-83cb-9a68e41a878b","http.req.method":"GET","http.req.path":"/product/L9ECAV7KIM","http.resp.bytes":8011,"http.resp.status":200,"http.resp.took_ms":14,"message":"request complete","session":"6e21104e-b0bf-4a85-b5c2-ac5af92fa69e","severity":"debug","timestamp":"2026-03-06T06:21:15.022462878Z"}
{"http.req.id":"d0dba27c-d589-4760-b220-b00d3815c665","http.req.method":"GET","http.req.path":"/product/1YMWWN1N4O","message":"request started","session":"d7d3227d-0824-4f40-a472-c039f0192426","severity":"debug","timestamp":"2026-03-06T06:21:15.337258424Z"}
{"currency":"JPY","http.req.id":"d0dba27c-d589-4760-b220-b00d3815c665","http.req.method":"GET","http.req.path":"/product/1YMWWN1N4O","id":"1YMWWN1N4O","message":"serving product page","session":"d7d3227d-0824-4f40-a472-c039f0192426","severity":"debug","timestamp":"2026-03-06T06:21:15.337382575Z"}
{"http.req.id":"87af66b7-542c-4258-ba3e-ea8544a0582f","http.req.method":"GET","http.req.path":"/product/66VCHSJNUP","message":"request started","session":"ec0b6821-5225-4ee8-8ec0-1e3bbbdffabb","severity":"debug","timestamp":"2026-03-06T06:21:15.356308103Z"}
{"currency":"EUR","http.req.id":"87af66b7-542c-4258-ba3e-ea8544a0582f","http.req.method":"GET","http.req.path":"/product/66VCHSJNUP","id":"66VCHSJNUP","message":"serving product page","session":"ec0b6821-5225-4ee8-8ec0-1e3bbbdffabb","severity":"debug","timestamp":"2026-03-06T06:21:15.356423827Z"}
{"http.req.id":"d0dba27c-d589-4760-b220-b00d3815c665","http.req.method":"GET","http.req.path":"/product/1YMWWN1N4O","http.resp.bytes":8074,"http.resp.status":200,"http.resp.took_ms":21,"message":"request complete","session":"d7d3227d-0824-4f40-a472-c039f0192426","severity":"debug","timestamp":"2026-03-06T06:21:15.358849626Z"}
{"http.req.id":"87af66b7-542c-4258-ba3e-ea8544a0582f","http.req.method":"GET","http.req.path":"/product/66VCHSJNUP","http.resp.bytes":7958,"http.resp.status":200,"http.resp.took_ms":16,"message":"request complete","session":"ec0b6821-5225-4ee8-8ec0-1e3bbbdffabb","severity":"debug","timestamp":"2026-03-06T06:21:15.372888927Z"}
{"http.req.id":"33b4f2e1-5a45-409b-8ed8-671a3fff69a9","http.req.method":"GET","http.req.path":"/_healthz","message":"request started","session":"x-readiness-probe","severity":"debug","timestamp":"2026-03-06T06:21:15.520302621Z"}
{"http.req.id":"33b4f2e1-5a45-409b-8ed8-671a3fff69a9","http.req.method":"GET","http.req.path":"/_healthz","http.resp.bytes":2,"http.resp.status":200,"http.resp.took_ms":0,"message":"request complete","session":"x-readiness-probe","severity":"debug","timestamp":"2026-03-06T06:21:15.520460762Z"}
{"http.req.id":"e65a17c7-2e90-49af-8e2d-f9c75f62f1ae","http.req.method":"GET","http.req.path":"/cart","message":"request started","session":"0994b18b-93e7-4775-a2c5-e29dc0e6d5bb","severity":"debug","timestamp":"2026-03-06T06:21:15.812800356Z"}
{"http.req.id":"e65a17c7-2e90-49af-8e2d-f9c75f62f1ae","http.req.method":"GET","http.req.path":"/cart","message":"view user cart","session":"0994b18b-93e7-4775-a2c5-e29dc0e6d5bb","severity":"debug","timestamp":"2026-03-06T06:21:15.81284612Z"}
{"http.req.id":"e65a17c7-2e90-49af-8e2d-f9c75f62f1ae","http.req.method":"GET","http.req.path":"/cart","http.resp.bytes":19304,"http.resp.status":200,"http.resp.took_ms":17,"message":"request complete","session":"0994b18b-93e7-4775-a2c5-e29dc0e6d5bb","severity":"debug","timestamp":"2026-03-06T06:21:15.83025311Z"}
{"http.req.id":"852c3fd2-a99a-427b-90fb-de56358e8cdb","http.req.method":"GET","http.req.path":"/product/OLJCESPC7Z","message":"request started","session":"b1a1fb98-93d6-41f8-9605-e0c8a82d1d3c","severity":"debug","timestamp":"2026-03-06T06:21:15.9193146Z"}
{"currency":"JPY","http.req.id":"852c3fd2-a99a-427b-90fb-de56358e8cdb","http.req.method":"GET","http.req.path":"/product/OLJCESPC7Z","id":"OLJCESPC7Z","message":"serving product page","session":"b1a1fb98-93d6-41f8-9605-e0c8a82d1d3c","severity":"debug","timestamp":"2026-03-06T06:21:15.919369702Z"}
{"http.req.id":"852c3fd2-a99a-427b-90fb-de56358e8cdb","http.req.method":"GET","http.req.path":"/product/OLJCESPC7Z","http.resp.bytes":8085,"http.resp.status":200,"http.resp.took_ms":13,"message":"request complete","session":"b1a1fb98-93d6-41f8-9605-e0c8a82d1d3c","severity":"debug","timestamp":"2026-03-06T06:21:15.93298704Z"}
{"http.req.id":"ca6a2691-2098-4d76-9171-02b07e8c6eb9","http.req.method":"POST","http.req.path":"/cart","message":"request started","session":"b1a1fb98-93d6-41f8-9605-e0c8a82d1d3c","severity":"debug","timestamp":"2026-03-06T06:21:15.934084987Z"}
{"http.req.id":"ca6a2691-2098-4d76-9171-02b07e8c6eb9","http.req.method":"POST","http.req.path":"/cart","message":"adding to cart","product":"OLJCESPC7Z","quantity":6,"session":"b1a1fb98-93d6-41f8-9605-e0c8a82d1d3c","severity":"debug","timestamp":"2026-03-06T06:21:15.934176822Z"}
{"http.req.id":"ca6a2691-2098-4d76-9171-02b07e8c6eb9","http.req.method":"POST","http.req.path":"/cart","http.resp.bytes":0,"http.resp.status":302,"http.resp.took_ms":2,"message":"request complete","session":"b1a1fb98-93d6-41f8-9605-e0c8a82d1d3c","severity":"debug","timestamp":"2026-03-06T06:21:15.936163158Z"}
{"http.req.id":"34899bba-4567-4e8a-a36b-62efc635d6a8","http.req.method":"GET","http.req.path":"/cart","message":"request started","session":"b1a1fb98-93d6-41f8-9605-e0c8a82d1d3c","severity":"debug","timestamp":"2026-03-06T06:21:15.936916041Z"}
{"http.req.id":"34899bba-4567-4e8a-a36b-62efc635d6a8","http.req.method":"GET","http.req.path":"/cart","message":"view user cart","session":"b1a1fb98-93d6-41f8-9605-e0c8a82d1d3c","severity":"debug","timestamp":"2026-03-06T06:21:15.93696104Z"}
{"http.req.id":"34899bba-4567-4e8a-a36b-62efc635d6a8","http.req.method":"GET","http.req.path":"/cart","http.resp.bytes":20742,"http.resp.status":200,"http.resp.took_ms":18,"message":"request complete","session":"b1a1fb98-93d6-41f8-9605-e0c8a82d1d3c","severity":"debug","timestamp":"2026-03-06T06:21:15.955727223Z"}
{"http.req.id":"fdb64356-c09e-4884-8d51-a69d3a47875f","http.req.method":"GET","http.req.path":"/product/0PUK6V6EV0","message":"request started","session":"3e105862-e07a-48bd-9f67-033f05224f8f","severity":"debug","timestamp":"2026-03-06T06:21:17.031443102Z"}
{"currency":"TRY","http.req.id":"fdb64356-c09e-4884-8d51-a69d3a47875f","http.req.method":"GET","http.req.path":"/product/0PUK6V6EV0","id":"0PUK6V6EV0","message":"serving product page","session":"3e105862-e07a-48bd-9f67-033f05224f8f","severity":"debug","timestamp":"2026-03-06T06:21:17.031515224Z"}
{"http.req.id":"fdb64356-c09e-4884-8d51-a69d3a47875f","http.req.method":"GET","http.req.path":"/product/0PUK6V6EV0","http.resp.bytes":8052,"http.resp.status":200,"http.resp.took_ms":12,"message":"request complete","session":"3e105862-e07a-48bd-9f67-033f05224f8f","severity":"debug","timestamp":"2026-03-06T06:21:17.04427742Z"}
{"http.req.id":"ebddea61-7fbe-4790-821c-71389906d18e","http.req.method":"GET","http.req.path":"/cart","message":"request started","session":"ec0b6821-5225-4ee8-8ec0-1e3bbbdffabb","severity":"debug","timestamp":"2026-03-06T06:21:17.91469377Z"}
{"http.req.id":"ebddea61-7fbe-4790-821c-71389906d18e","http.req.method":"GET","http.req.path":"/cart","message":"view user cart","session":"ec0b6821-5225-4ee8-8ec0-1e3bbbdffabb","severity":"debug","timestamp":"2026-03-06T06:21:17.914785592Z"}
{"http.req.id":"ebddea61-7fbe-4790-821c-71389906d18e","http.req.method":"GET","http.req.path":"/cart","http.resp.bytes":6883,"http.resp.status":200,"http.resp.took_ms":15,"message":"request complete","session":"ec0b6821-5225-4ee8-8ec0-1e3bbbdffabb","severity":"debug","timestamp":"2026-03-06T06:21:17.930232366Z"}
{"http.req.id":"7b8db827-dca2-42a4-b4af-eca55c44be39","http.req.method":"GET","http.req.path":"/product/0PUK6V6EV0","message":"request started","session":"fa2d8e54-c567-4c66-b702-8bb183ef4a46","severity":"debug","timestamp":"2026-03-06T06:21:18.465659327Z"}
{"currency":"EUR","http.req.id":"7b8db827-dca2-42a4-b4af-eca55c44be39","http.req.method":"GET","http.req.path":"/product/0PUK6V6EV0","id":"0PUK6V6EV0","message":"serving product page","session":"fa2d8e54-c567-4c66-b702-8bb183ef4a46","severity":"debug","timestamp":"2026-03-06T06:21:18.46572581Z"}
{"http.req.id":"7b8db827-dca2-42a4-b4af-eca55c44be39","http.req.method":"GET","http.req.path":"/product/0PUK6V6EV0","http.resp.bytes":8044,"http.resp.status":200,"http.resp.took_ms":12,"message":"request complete","session":"fa2d8e54-c567-4c66-b702-8bb183ef4a46","severity":"debug","timestamp":"2026-03-06T06:21:18.478293774Z"}
{"http.req.id":"5b9c652d-3dd3-42f0-be2a-5628daac56ee","http.req.method":"GET","http.req.path":"/cart","message":"request started","session":"b1a1fb98-93d6-41f8-9605-e0c8a82d1d3c","severity":"debug","timestamp":"2026-03-06T06:21:18.797998364Z"}
{"http.req.id":"5b9c652d-3dd3-42f0-be2a-5628daac56ee","http.req.method":"GET","http.req.path":"/cart","message":"view user cart","session":"b1a1fb98-93d6-41f8-9605-e0c8a82d1d3c","severity":"debug","timestamp":"2026-03-06T06:21:18.798100011Z"}
{"http.req.id":"5b9c652d-3dd3-42f0-be2a-5628daac56ee","http.req.method":"GET","http.req.path":"/cart","http.resp.bytes":20726,"http.resp.status":200,"http.resp.took_ms":35,"message":"request complete","session":"b1a1fb98-93d6-41f8-9605-e0c8a82d1d3c","severity":"debug","timestamp":"2026-03-06T06:21:18.833554348Z"}
{"http.req.id":"e50d9cd0-07c7-4981-8c8b-a73efe72549c","http.req.method":"POST","http.req.path":"/setCurrency","message":"request started","session":"89995d91-ad5c-4838-8317-c04497a5d805","severity":"debug","timestamp":"2026-03-06T06:21:20.238857748Z"}
{"curr.new":"GBP","curr.old":"EUR","http.req.id":"e50d9cd0-07c7-4981-8c8b-a73efe72549c","http.req.method":"POST","http.req.path":"/setCurrency","message":"setting currency","session":"89995d91-ad5c-4838-8317-c04497a5d805","severity":"debug","timestamp":"2026-03-06T06:21:20.238995882Z"}
{"http.req.id":"e50d9cd0-07c7-4981-8c8b-a73efe72549c","http.req.method":"POST","http.req.path":"/setCurrency","http.resp.bytes":0,"http.resp.status":302,"http.resp.took_ms":0,"message":"request complete","session":"89995d91-ad5c-4838-8317-c04497a5d805","severity":"debug","timestamp":"2026-03-06T06:21:20.239021903Z"}
{"http.req.id":"1956b827-a330-47e7-8fa7-df4d80ac7075","http.req.method":"GET","http.req.path":"/","message":"request started","session":"89995d91-ad5c-4838-8317-c04497a5d805","severity":"debug","timestamp":"2026-03-06T06:21:20.240009218Z"}
{"currency":"GBP","http.req.id":"1956b827-a330-47e7-8fa7-df4d80ac7075","http.req.method":"GET","http.req.path":"/","message":"home","session":"89995d91-ad5c-4838-8317-c04497a5d805","severity":"info","timestamp":"2026-03-06T06:21:20.240058747Z"}
{"http.req.id":"be0eb04e-c38a-4a1e-a1ef-33f8dfd3070a","http.req.method":"GET","http.req.path":"/product/OLJCESPC7Z","message":"request started","session":"b1a1fb98-93d6-41f8-9605-e0c8a82d1d3c","severity":"debug","timestamp":"2026-03-06T06:21:20.372774388Z"}
{"currency":"JPY","http.req.id":"be0eb04e-c38a-4a1e-a1ef-33f8dfd3070a","http.req.method":"GET","http.req.path":"/product/OLJCESPC7Z","id":"OLJCESPC7Z","message":"serving product page","session":"b1a1fb98-93d6-41f8-9605-e0c8a82d1d3c","severity":"debug","timestamp":"2026-03-06T06:21:20.372852207Z"}
{"http.req.id":"e45fe71b-2ea8-401f-8ae5-725084e24ee4","http.req.method":"GET","http.req.path":"/product/0PUK6V6EV0","message":"request started","session":"fa2d8e54-c567-4c66-b702-8bb183ef4a46","severity":"debug","timestamp":"2026-03-06T06:21:20.717531471Z"}
{"currency":"EUR","http.req.id":"e45fe71b-2ea8-401f-8ae5-725084e24ee4","http.req.method":"GET","http.req.path":"/product/0PUK6V6EV0","id":"0PUK6V6EV0","message":"serving product page","session":"fa2d8e54-c567-4c66-b702-8bb183ef4a46","severity":"debug","timestamp":"2026-03-06T06:21:20.717611656Z"}
{"http.req.id":"921e11d0-4b64-4efa-bff2-d90e8b500baa","http.req.method":"GET","http.req.path":"/product/1YMWWN1N4O","message":"request started","session":"0994b18b-93e7-4775-a2c5-e29dc0e6d5bb","severity":"debug","timestamp":"2026-03-06T06:21:21.268337064Z"}
{"currency":"USD","http.req.id":"921e11d0-4b64-4efa-bff2-d90e8b500baa","http.req.method":"GET","http.req.path":"/product/1YMWWN1N4O","id":"1YMWWN1N4O","message":"serving product page","session":"0994b18b-93e7-4775-a2c5-e29dc0e6d5bb","severity":"debug","timestamp":"2026-03-06T06:21:21.268453565Z"}
{"http.req.id":"749cdc6d-bdb3-4906-b204-ac4a3887f25a","http.req.method":"GET","http.req.path":"/product/66VCHSJNUP","message":"request started","session":"eed418e8-7ab1-4992-b9a1-40aeb0d3dc43","severity":"debug","timestamp":"2026-03-06T06:21:21.359365742Z"}
{"currency":"TRY","http.req.id":"749cdc6d-bdb3-4906-b204-ac4a3887f25a","http.req.method":"GET","http.req.path":"/product/66VCHSJNUP","id":"66VCHSJNUP","message":"serving product page","session":"eed418e8-7ab1-4992-b9a1-40aeb0d3dc43","severity":"debug","timestamp":"2026-03-06T06:21:21.359471535Z"}
{"http.req.id":"83f2885d-ea3b-47ef-9859-8bc659dd907d","http.req.method":"GET","http.req.path":"/product/LS4PSXUNUM","message":"request started","session":"d7d3227d-0824-4f40-a472-c039f0192426","severity":"debug","timestamp":"2026-03-06T06:21:21.465718776Z"}
{"currency":"JPY","http.req.id":"83f2885d-ea3b-47ef-9859-8bc659dd907d","http.req.method":"GET","http.req.path":"/product/LS4PSXUNUM","id":"LS4PSXUNUM","message":"serving product page","session":"d7d3227d-0824-4f40-a472-c039f0192426","severity":"debug","timestamp":"2026-03-06T06:21:21.465912828Z"}
{"error":"could not retrieve cart: rpc error: code = FailedPrecondition desc = Can't access cart storage. StackExchange.Redis.RedisConnectionException: SocketFailure (ReadSocketError/ConnectionReset, last-recv: 91) on redis-cart:6379/Interactive, Idle/Faulted, last: HMGET, origin: ReadFromPipe, outstanding: 1, last-read: 1s ago, last-write: 0s ago, unanswered-write: 0s ago, keep-alive: 60s, state: ConnectedEstablished, mgr: 9 of 10 available, in: 0, in-pipe: 0, out-pipe: 0, last-heartbeat: 0s ago, last-mbeat: 0s ago, global: 0s ago, v: 2.7.27.49176\n ---\u003e Pipelines.Sockets.Unofficial.ConnectionResetException: Connection reset by peer\n ---\u003e System.Net.Sockets.SocketException (104): Connection reset by peer\n   at Pipelines.Sockets.Unofficial.Internal.Throw.Socket(Int32 errorCode) in /_/src/Pipelines.Sockets.Unofficial/Internal/Throw.cs:line 59\n   at Pipelines.Sockets.Unofficial.SocketConnection.DoReceiveAsync() in /_/src/Pipelines.Sockets.Unofficial/SocketConnection.Receive.cs:line 64\n   --- End of inner exception stack trace ---\n   at System.IO.Pipelines.Pipe.GetReadAsyncResult()\n   at StackExchange.Redis.PhysicalConnection.ReadFromPipe()\n   --- End of inner exception stack trace ---\n   at Microsoft.Extensions.Caching.StackExchangeRedis.RedisCache.GetAndRefreshAsync(String key, Boolean getData, CancellationToken token)\n   at Microsoft.Extensions.Caching.StackExchangeRedis.RedisCache.GetAsync(String key, CancellationToken token)\n   at cartservice.cartstore.RedisCartStore.GetCartAsync(String userId) in /app/cartstore/RedisCartStore.cs:line 90","http.req.id":"1956b827-a330-47e7-8fa7-df4d80ac7075","http.req.method":"GET","http.req.path":"/","message":"request error","session":"89995d91-ad5c-4838-8317-c04497a5d805","severity":"error","timestamp":"2026-03-06T06:21:21.57583091Z"}
{"http.req.id":"1956b827-a330-47e7-8fa7-df4d80ac7075","http.req.method":"GET","http.req.path":"/","http.resp.bytes":6474,"http.resp.status":500,"http.resp.took_ms":1339,"message":"request complete","session":"89995d91-ad5c-4838-8317-c04497a5d805","severity":"debug","timestamp":"2026-03-06T06:21:21.579260174Z"}
{"http.req.id":"0ccdc0a4-2aea-4efe-a52f-75b540b2e0da","http.req.method":"GET","http.req.path":"/product/6E92ZMYYFZ","message":"request started","session":"3e105862-e07a-48bd-9f67-033f05224f8f","severity":"debug","timestamp":"2026-03-06T06:21:22.404277156Z"}
{"currency":"TRY","http.req.id":"0ccdc0a4-2aea-4efe-a52f-75b540b2e0da","http.req.method":"GET","http.req.path":"/product/6E92ZMYYFZ","id":"6E92ZMYYFZ","message":"serving product page","session":"3e105862-e07a-48bd-9f67-033f05224f8f","severity":"debug","timestamp":"2026-03-06T06:21:22.404393488Z"}
{"http.req.id":"f7d23cd2-fcf1-485a-bc92-1ad49ea04aeb","http.req.method":"GET","http.req.path":"/_healthz","message":"request started","session":"x-liveness-probe","severity":"debug","timestamp":"2026-03-06T06:21:22.789978505Z"}
{"http.req.id":"f7d23cd2-fcf1-485a-bc92-1ad49ea04aeb","http.req.method":"GET","http.req.path":"/_healthz","http.resp.bytes":2,"http.resp.status":200,"http.resp.took_ms":0,"message":"request complete","session":"x-liveness-probe","severity":"debug","timestamp":"2026-03-06T06:21:22.790047846Z"}
{"http.req.id":"26f6b709-1910-4249-bc22-a48376dd7bfa","http.req.method":"GET","http.req.path":"/product/6E92ZMYYFZ","message":"request started","session":"6e21104e-b0bf-4a85-b5c2-ac5af92fa69e","severity":"debug","timestamp":"2026-03-06T06:21:23.206704819Z"}
{"currency":"EUR","http.req.id":"26f6b709-1910-4249-bc22-a48376dd7bfa","http.req.method":"GET","http.req.path":"/product/6E92ZMYYFZ","id":"6E92ZMYYFZ","message":"serving product page","session":"6e21104e-b0bf-4a85-b5c2-ac5af92fa69e","severity":"debug","timestamp":"2026-03-06T06:21:23.206772234Z"}
{"http.req.id":"57daaa4a-153c-4534-9773-408f96ecabe5","http.req.method":"GET","http.req.path":"/product/9SIQT8TOJO","message":"request started","session":"f9734e3a-0615-43dc-908b-1b8be30715f4","severity":"debug","timestamp":"2026-03-06T06:21:23.386873889Z"}
{"currency":"CAD","http.req.id":"57daaa4a-153c-4534-9773-408f96ecabe5","http.req.method":"GET","http.req.path":"/product/9SIQT8TOJO","id":"9SIQT8TOJO","message":"serving product page","session":"f9734e3a-0615-43dc-908b-1b8be30715f4","severity":"debug","timestamp":"2026-03-06T06:21:23.386959737Z"}
{"http.req.id":"e45fe71b-2ea8-401f-8ae5-725084e24ee4","http.req.method":"GET","http.req.path":"/product/0PUK6V6EV0","http.resp.bytes":7930,"http.resp.status":200,"http.resp.took_ms":3666,"message":"request complete","session":"fa2d8e54-c567-4c66-b702-8bb183ef4a46","severity":"debug","timestamp":"2026-03-06T06:21:24.383891566Z"}
{"http.req.id":"be0eb04e-c38a-4a1e-a1ef-33f8dfd3070a","http.req.method":"GET","http.req.path":"/product/OLJCESPC7Z","http.resp.bytes":7965,"http.resp.status":200,"http.resp.took_ms":4011,"message":"request complete","session":"b1a1fb98-93d6-41f8-9605-e0c8a82d1d3c","severity":"debug","timestamp":"2026-03-06T06:21:24.384656025Z"}
{"http.req.id":"8537857c-2b7e-4d88-a1d6-b00a8923ca22","http.req.method":"POST","http.req.path":"/cart","message":"request started","session":"fa2d8e54-c567-4c66-b702-8bb183ef4a46","severity":"debug","timestamp":"2026-03-06T06:21:24.38475628Z"}
{"http.req.id":"8537857c-2b7e-4d88-a1d6-b00a8923ca22","http.req.method":"POST","http.req.path":"/cart","message":"adding to cart","product":"0PUK6V6EV0","quantity":5,"session":"fa2d8e54-c567-4c66-b702-8bb183ef4a46","severity":"debug","timestamp":"2026-03-06T06:21:24.384906067Z"}
{"http.req.id":"8537857c-2b7e-4d88-a1d6-b00a8923ca22","http.req.method":"POST","http.req.path":"/cart","http.resp.bytes":0,"http.resp.status":302,"http.resp.took_ms":2,"message":"request complete","session":"fa2d8e54-c567-4c66-b702-8bb183ef4a46","severity":"debug","timestamp":"2026-03-06T06:21:24.387550579Z"}
{"http.req.id":"83f2885d-ea3b-47ef-9859-8bc659dd907d","http.req.method":"GET","http.req.path":"/product/LS4PSXUNUM","http.resp.bytes":7967,"http.resp.status":200,"http.resp.took_ms":2922,"message":"request complete","session":"d7d3227d-0824-4f40-a472-c039f0192426","severity":"debug","timestamp":"2026-03-06T06:21:24.388251071Z"}
{"http.req.id":"3571c2da-5121-4bda-9b9a-674df9b5a64b","http.req.method":"GET","http.req.path":"/cart","message":"request started","session":"fa2d8e54-c567-4c66-b702-8bb183ef4a46","severity":"debug","timestamp":"2026-03-06T06:21:24.388777457Z"}
{"http.req.id":"3571c2da-5121-4bda-9b9a-674df9b5a64b","http.req.method":"GET","http.req.path":"/cart","message":"view user cart","session":"fa2d8e54-c567-4c66-b702-8bb183ef4a46","severity":"debug","timestamp":"2026-03-06T06:21:24.38885104Z"}
{"http.req.id":"921e11d0-4b64-4efa-bff2-d90e8b500baa","http.req.method":"GET","http.req.path":"/product/1YMWWN1N4O","http.resp.bytes":7992,"http.resp.status":200,"http.resp.took_ms":3191,"message":"request complete","session":"0994b18b-93e7-4775-a2c5-e29dc0e6d5bb","severity":"debug","timestamp":"2026-03-06T06:21:24.460225931Z"}
{"http.req.id":"749cdc6d-bdb3-4906-b204-ac4a3887f25a","http.req.method":"GET","http.req.path":"/product/66VCHSJNUP","http.resp.bytes":7971,"http.resp.status":200,"http.resp.took_ms":3104,"message":"request complete","session":"eed418e8-7ab1-4992-b9a1-40aeb0d3dc43","severity":"debug","timestamp":"2026-03-06T06:21:24.463739676Z"}
{"http.req.id":"0ccdc0a4-2aea-4efe-a52f-75b540b2e0da","http.req.method":"GET","http.req.path":"/product/6E92ZMYYFZ","http.resp.bytes":7932,"http.resp.status":200,"http.resp.took_ms":2060,"message":"request complete","session":"3e105862-e07a-48bd-9f67-033f05224f8f","severity":"debug","timestamp":"2026-03-06T06:21:24.465112694Z"}
{"http.req.id":"26f6b709-1910-4249-bc22-a48376dd7bfa","http.req.method":"GET","http.req.path":"/product/6E92ZMYYFZ","http.resp.bytes":7939,"http.resp.status":200,"http.resp.took_ms":1259,"message":"request complete","session":"6e21104e-b0bf-4a85-b5c2-ac5af92fa69e","severity":"debug","timestamp":"2026-03-06T06:21:24.46636338Z"}
{"http.req.id":"57daaa4a-153c-4534-9773-408f96ecabe5","http.req.method":"GET","http.req.path":"/product/9SIQT8TOJO","http.resp.bytes":7968,"http.resp.status":200,"http.resp.took_ms":1082,"message":"request complete","session":"f9734e3a-0615-43dc-908b-1b8be30715f4","severity":"debug","timestamp":"2026-03-06T06:21:24.46984805Z"}
{"http.req.id":"3571c2da-5121-4bda-9b9a-674df9b5a64b","http.req.method":"GET","http.req.path":"/cart","http.resp.bytes":16485,"http.resp.status":200,"http.resp.took_ms":165,"message":"request complete","session":"fa2d8e54-c567-4c66-b702-8bb183ef4a46","severity":"debug","timestamp":"2026-03-06T06:21:24.554543453Z"}
{"http.req.id":"126ede38-1731-40db-8be3-4f35c7102574","http.req.method":"GET","http.req.path":"/_healthz","message":"request started","session":"x-readiness-probe","severity":"debug","timestamp":"2026-03-06T06:21:25.52079773Z"}
{"http.req.id":"126ede38-1731-40db-8be3-4f35c7102574","http.req.method":"GET","http.req.path":"/_healthz","http.resp.bytes":2,"http.resp.status":200,"http.resp.took_ms":0,"message":"request complete","session":"x-readiness-probe","severity":"debug","timestamp":"2026-03-06T06:21:25.520873543Z"}
{"http.req.id":"3983f119-2789-4eb9-abc2-a323ed261d5a","http.req.method":"GET","http.req.path":"/product/2ZYFJ3GM2N","message":"request started","session":"89995d91-ad5c-4838-8317-c04497a5d805","severity":"debug","timestamp":"2026-03-06T06:21:25.586835315Z"}
{"currency":"GBP","http.req.id":"3983f119-2789-4eb9-abc2-a323ed261d5a","http.req.method":"GET","http.req.path":"/product/2ZYFJ3GM2N","id":"2ZYFJ3GM2N","message":"serving product page","session":"89995d91-ad5c-4838-8317-c04497a5d805","severity":"debug","timestamp":"2026-03-06T06:21:25.586891646Z"}
{"http.req.id":"3983f119-2789-4eb9-abc2-a323ed261d5a","http.req.method":"GET","http.req.path":"/product/2ZYFJ3GM2N","http.resp.bytes":7952,"http.resp.status":200,"http.resp.took_ms":10,"message":"request complete","session":"89995d91-ad5c-4838-8317-c04497a5d805","severity":"debug","timestamp":"2026-03-06T06:21:25.597774508Z"}
{"http.req.id":"b2582f86-8102-4c88-bfcb-1b1d85f7c546","http.req.method":"GET","http.req.path":"/product/2ZYFJ3GM2N","message":"request started","session":"f9734e3a-0615-43dc-908b-1b8be30715f4","severity":"debug","timestamp":"2026-03-06T06:21:26.569508255Z"}
{"currency":"CAD","http.req.id":"b2582f86-8102-4c88-bfcb-1b1d85f7c546","http.req.method":"GET","http.req.path":"/product/2ZYFJ3GM2N","id":"2ZYFJ3GM2N","message":"serving product page","session":"f9734e3a-0615-43dc-908b-1b8be30715f4","severity":"debug","timestamp":"2026-03-06T06:21:26.569582259Z"}
{"http.req.id":"b2582f86-8102-4c88-bfcb-1b1d85f7c546","http.req.method":"GET","http.req.path":"/product/2ZYFJ3GM2N","http.resp.bytes":7962,"http.resp.status":200,"http.resp.took_ms":12,"message":"request complete","session":"f9734e3a-0615-43dc-908b-1b8be30715f4","severity":"debug","timestamp":"2026-03-06T06:21:26.582115549Z"}
{"http.req.id":"bc937a29-bb97-4c75-aa85-a7aedbc20187","http.req.method":"GET","http.req.path":"/cart","message":"request started","session":"ec0b6821-5225-4ee8-8ec0-1e3bbbdffabb","severity":"debug","timestamp":"2026-03-06T06:21:27.122753744Z"}
{"http.req.id":"bc937a29-bb97-4c75-aa85-a7aedbc20187","http.req.method":"GET","http.req.path":"/cart","message":"view user cart","session":"ec0b6821-5225-4ee8-8ec0-1e3bbbdffabb","severity":"debug","timestamp":"2026-03-06T06:21:27.122811429Z"}
{"http.req.id":"bc937a29-bb97-4c75-aa85-a7aedbc20187","http.req.method":"GET","http.req.path":"/cart","http.resp.bytes":6873,"http.resp.status":200,"http.resp.took_ms":11,"message":"request complete","session":"ec0b6821-5225-4ee8-8ec0-1e3bbbdffabb","severity":"debug","timestamp":"2026-03-06T06:21:27.134630259Z"}
{"http.req.id":"9ee708e9-4ff7-42a7-8e3f-e894fcf35cef","http.req.method":"GET","http.req.path":"/product/9SIQT8TOJO","message":"request started","session":"d7d3227d-0824-4f40-a472-c039f0192426","severity":"debug","timestamp":"2026-03-06T06:21:28.221148566Z"}
{"currency":"JPY","http.req.id":"9ee708e9-4ff7-42a7-8e3f-e894fcf35cef","http.req.method":"GET","http.req.path":"/product/9SIQT8TOJO","id":"9SIQT8TOJO","message":"serving product page","session":"d7d3227d-0824-4f40-a472-c039f0192426","severity":"debug","timestamp":"2026-03-06T06:21:28.22123448Z"}
{"http.req.id":"9ee708e9-4ff7-42a7-8e3f-e894fcf35cef","http.req.method":"GET","http.req.path":"/product/9SIQT8TOJO","http.resp.bytes":7958,"http.resp.status":200,"http.resp.took_ms":24,"message":"request complete","session":"d7d3227d-0824-4f40-a472-c039f0192426","severity":"debug","timestamp":"2026-03-06T06:21:28.2458808Z"}
{"http.req.id":"6f3b9edb-794c-4832-90ba-e0f819b19064","http.req.method":"GET","http.req.path":"/product/6E92ZMYYFZ","message":"request started","session":"0994b18b-93e7-4775-a2c5-e29dc0e6d5bb","severity":"debug","timestamp":"2026-03-06T06:21:29.139580229Z"}
{"currency":"USD","http.req.id":"6f3b9edb-794c-4832-90ba-e0f819b19064","http.req.method":"GET","http.req.path":"/product/6E92ZMYYFZ","id":"6E92ZMYYFZ","message":"serving product page","session":"0994b18b-93e7-4775-a2c5-e29dc0e6d5bb","severity":"debug","timestamp":"2026-03-06T06:21:29.139656918Z"}
{"http.req.id":"6f3b9edb-794c-4832-90ba-e0f819b19064","http.req.method":"GET","http.req.path":"/product/6E92ZMYYFZ","http.resp.bytes":7941,"http.resp.status":200,"http.resp.took_ms":10,"message":"request complete","session":"0994b18b-93e7-4775-a2c5-e29dc0e6d5bb","severity":"debug","timestamp":"2026-03-06T06:21:29.149795934Z"}
{"http.req.id":"bd6f01cd-6f5c-45dd-9dff-9173284e01c6","http.req.method":"POST","http.req.path":"/cart","message":"request started","session":"0994b18b-93e7-4775-a2c5-e29dc0e6d5bb","severity":"debug","timestamp":"2026-03-06T06:21:29.150459182Z"}
{"http.req.id":"bd6f01cd-6f5c-45dd-9dff-9173284e01c6","http.req.method":"POST","http.req.path":"/cart","message":"adding to cart","product":"6E92ZMYYFZ","quantity":4,"session":"0994b18b-93e7-4775-a2c5-e29dc0e6d5bb","severity":"debug","timestamp":"2026-03-06T06:21:29.150558741Z"}
{"http.req.id":"bd6f01cd-6f5c-45dd-9dff-9173284e01c6","http.req.method":"POST","http.req.path":"/cart","http.resp.bytes":0,"http.resp.status":302,"http.resp.took_ms":2,"message":"request complete","session":"0994b18b-93e7-4775-a2c5-e29dc0e6d5bb","severity":"debug","timestamp":"2026-03-06T06:21:29.152717461Z"}
{"http.req.id":"2c7b8c91-146a-4c64-88e4-3be59d187d37","http.req.method":"GET","http.req.path":"/cart","message":"request started","session":"0994b18b-93e7-4775-a2c5-e29dc0e6d5bb","severity":"debug","timestamp":"2026-03-06T06:21:29.153696861Z"}
{"http.req.id":"2c7b8c91-146a-4c64-88e4-3be59d187d37","http.req.method":"GET","http.req.path":"/cart","message":"view user cart","session":"0994b18b-93e7-4775-a2c5-e29dc0e6d5bb","severity":"debug","timestamp":"2026-03-06T06:21:29.153761767Z"}
{"http.req.id":"2c7b8c91-146a-4c64-88e4-3be59d187d37","http.req.method":"GET","http.req.path":"/cart","http.resp.bytes":16475,"http.resp.status":200,"http.resp.took_ms":17,"message":"request complete","session":"0994b18b-93e7-4775-a2c5-e29dc0e6d5bb","severity":"debug","timestamp":"2026-03-06T06:21:29.17144936Z"}
{"http.req.id":"ba9d5ef1-bef0-4060-aeef-d7b2ea16ae50","http.req.method":"POST","http.req.path":"/cart/checkout","message":"request started","session":"0994b18b-93e7-4775-a2c5-e29dc0e6d5bb","severity":"debug","timestamp":"2026-03-06T06:21:29.172954751Z"}
{"http.req.id":"ba9d5ef1-bef0-4060-aeef-d7b2ea16ae50","http.req.method":"POST","http.req.path":"/cart/checkout","message":"placing order","session":"0994b18b-93e7-4775-a2c5-e29dc0e6d5bb","severity":"debug","timestamp":"2026-03-06T06:21:29.173004953Z"}
{"http.req.id":"ba9d5ef1-bef0-4060-aeef-d7b2ea16ae50","http.req.method":"POST","http.req.path":"/cart/checkout","message":"order placed","order":"b63675f9-1924-11f1-af47-fabc357e427c","session":"0994b18b-93e7-4775-a2c5-e29dc0e6d5bb","severity":"info","timestamp":"2026-03-06T06:21:29.187650489Z"}
{"http.req.id":"ba9d5ef1-bef0-4060-aeef-d7b2ea16ae50","http.req.method":"POST","http.req.path":"/cart/checkout","http.resp.bytes":6808,"http.resp.status":200,"http.resp.took_ms":22,"message":"request complete","session":"0994b18b-93e7-4775-a2c5-e29dc0e6d5bb","severity":"debug","timestamp":"2026-03-06T06:21:29.195793315Z"}
