{"http.req.id":"e949155c-bc7c-4a41-a89f-009f83e4b57e","http.req.method":"GET","http.req.path":"/_healthz","message":"request started","session":"x-liveness-probe","severity":"debug","timestamp":"2026-03-25T12:03:27.65577699Z"}
{"http.req.id":"e949155c-bc7c-4a41-a89f-009f83e4b57e","http.req.method":"GET","http.req.path":"/_healthz","http.resp.bytes":2,"http.resp.status":200,"http.resp.took_ms":0,"message":"request complete","session":"x-liveness-probe","severity":"debug","timestamp":"2026-03-25T12:03:27.65588859Z"}
{"http.req.id":"f5dc3a48-4f78-4133-ab8f-eaaf4d786277","http.req.method":"GET","http.req.path":"/product/6E92ZMYYFZ","http.resp.bytes":7964,"http.resp.status":200,"http.resp.took_ms":106,"message":"request complete","session":"694745d8-a179-4c65-83d6-9ed873a7b94b","severity":"debug","timestamp":"2026-03-25T12:03:27.658878346Z"}
{"http.req.id":"b0006964-0971-451e-9834-9bc4d94a486c","http.req.method":"GET","http.req.path":"/product/0PUK6V6EV0","message":"request started","session":"ecb080bf-5333-403f-9547-c8725d499228","severity":"debug","timestamp":"2026-03-25T12:03:28.171598074Z"}
{"currency":"GBP","http.req.id":"b0006964-0971-451e-9834-9bc4d94a486c","http.req.method":"GET","http.req.path":"/product/0PUK6V6EV0","id":"0PUK6V6EV0","message":"serving product page","session":"ecb080bf-5333-403f-9547-c8725d499228","severity":"debug","timestamp":"2026-03-25T12:03:28.171710013Z"}
{"http.req.id":"b0006964-0971-451e-9834-9bc4d94a486c","http.req.method":"GET","http.req.path":"/product/0PUK6V6EV0","http.resp.bytes":7984,"http.resp.status":200,"http.resp.took_ms":186,"message":"request complete","session":"ecb080bf-5333-403f-9547-c8725d499228","severity":"debug","timestamp":"2026-03-25T12:03:28.357820452Z"}
{"http.req.id":"297fd5a2-ee8d-40f4-b982-0c2dbd1c591a","http.req.method":"GET","http.req.path":"/product/2ZYFJ3GM2N","message":"request started","session":"a38c2610-1665-4c93-8051-4c451f5de325","severity":"debug","timestamp":"2026-03-25T12:03:28.438487308Z"}
{"currency":"TRY","http.req.id":"297fd5a2-ee8d-40f4-b982-0c2dbd1c591a","http.req.method":"GET","http.req.path":"/product/2ZYFJ3GM2N","id":"2ZYFJ3GM2N","message":"serving product page","session":"a38c2610-1665-4c93-8051-4c451f5de325","severity":"debug","timestamp":"2026-03-25T12:03:28.438581646Z"}
{"http.req.id":"297fd5a2-ee8d-40f4-b982-0c2dbd1c591a","http.req.method":"GET","http.req.path":"/product/2ZYFJ3GM2N","http.resp.bytes":8024,"http.resp.status":200,"http.resp.took_ms":120,"message":"request complete","session":"a38c2610-1665-4c93-8051-4c451f5de325","severity":"debug","timestamp":"2026-03-25T12:03:28.558927309Z"}
{"http.req.id":"f6511c22-3c8f-47c9-9887-10158c0c03e6","http.req.method":"GET","http.req.path":"/product/66VCHSJNUP","message":"request started","session":"514e00c6-206e-4c6e-873f-852b796455de","severity":"debug","timestamp":"2026-03-25T12:03:28.601577692Z"}
{"currency":"USD","http.req.id":"f6511c22-3c8f-47c9-9887-10158c0c03e6","http.req.method":"GET","http.req.path":"/product/66VCHSJNUP","id":"66VCHSJNUP","message":"serving product page","session":"514e00c6-206e-4c6e-873f-852b796455de","severity":"debug","timestamp":"2026-03-25T12:03:28.601707431Z"}
{"http.req.id":"f6511c22-3c8f-47c9-9887-10158c0c03e6","http.req.method":"GET","http.req.path":"/product/66VCHSJNUP","http.resp.bytes":7870,"http.resp.status":200,"http.resp.took_ms":58,"message":"request complete","session":"514e00c6-206e-4c6e-873f-852b796455de","severity":"debug","timestamp":"2026-03-25T12:03:28.660162896Z"}
{"http.req.id":"df5597ab-8758-4dee-b9a8-4222d18b9035","http.req.method":"GET","http.req.path":"/_healthz","message":"request started","session":"x-readiness-probe","severity":"debug","timestamp":"2026-03-25T12:03:30.908814599Z"}
{"http.req.id":"df5597ab-8758-4dee-b9a8-4222d18b9035","http.req.method":"GET","http.req.path":"/_healthz","http.resp.bytes":2,"http.resp.status":200,"http.resp.took_ms":0,"message":"request complete","session":"x-readiness-probe","severity":"debug","timestamp":"2026-03-25T12:03:30.908926664Z"}
{"http.req.id":"a7e1f206-e568-40a0-83dc-f57ad7def8ce","http.req.method":"GET","http.req.path":"/product/66VCHSJNUP","message":"request started","session":"694745d8-a179-4c65-83d6-9ed873a7b94b","severity":"debug","timestamp":"2026-03-25T12:03:31.478619932Z"}
{"currency":"JPY","http.req.id":"a7e1f206-e568-40a0-83dc-f57ad7def8ce","http.req.method":"GET","http.req.path":"/product/66VCHSJNUP","id":"66VCHSJNUP","message":"serving product page","session":"694745d8-a179-4c65-83d6-9ed873a7b94b","severity":"debug","timestamp":"2026-03-25T12:03:31.478711236Z"}
{"http.req.id":"a7e1f206-e568-40a0-83dc-f57ad7def8ce","http.req.method":"GET","http.req.path":"/product/66VCHSJNUP","http.resp.bytes":7974,"http.resp.status":200,"http.resp.took_ms":78,"message":"request complete","session":"694745d8-a179-4c65-83d6-9ed873a7b94b","severity":"debug","timestamp":"2026-03-25T12:03:31.557584859Z"}
{"http.req.id":"cee9ddae-0361-4680-b67f-8f9791eccf10","http.req.method":"GET","http.req.path":"/product/66VCHSJNUP","message":"request started","session":"513dd945-739c-4fe3-8e54-6e6927fbb733","severity":"debug","timestamp":"2026-03-25T12:03:32.408452597Z"}
{"currency":"TRY","http.req.id":"cee9ddae-0361-4680-b67f-8f9791eccf10","http.req.method":"GET","http.req.path":"/product/66VCHSJNUP","id":"66VCHSJNUP","message":"serving product page","session":"513dd945-739c-4fe3-8e54-6e6927fbb733","severity":"debug","timestamp":"2026-03-25T12:03:32.408547264Z"}
{"http.req.id":"5c8d717a-5a6c-4701-9a94-bfe9f48fa013","http.req.method":"GET","http.req.path":"/product/9SIQT8TOJO","message":"request started","session":"514e00c6-206e-4c6e-873f-852b796455de","severity":"debug","timestamp":"2026-03-25T12:03:32.552682158Z"}
{"currency":"USD","http.req.id":"5c8d717a-5a6c-4701-9a94-bfe9f48fa013","http.req.method":"GET","http.req.path":"/product/9SIQT8TOJO","id":"9SIQT8TOJO","message":"serving product page","session":"514e00c6-206e-4c6e-873f-852b796455de","severity":"debug","timestamp":"2026-03-25T12:03:32.552781819Z"}
{"http.req.id":"cee9ddae-0361-4680-b67f-8f9791eccf10","http.req.method":"GET","http.req.path":"/product/66VCHSJNUP","http.resp.bytes":7957,"http.resp.status":200,"http.resp.took_ms":448,"message":"request complete","session":"513dd945-739c-4fe3-8e54-6e6927fbb733","severity":"debug","timestamp":"2026-03-25T12:03:32.856714814Z"}
{"http.req.id":"5c8d717a-5a6c-4701-9a94-bfe9f48fa013","http.req.method":"GET","http.req.path":"/product/9SIQT8TOJO","http.resp.bytes":7942,"http.resp.status":200,"http.resp.took_ms":308,"message":"request complete","session":"514e00c6-206e-4c6e-873f-852b796455de","severity":"debug","timestamp":"2026-03-25T12:03:32.861666264Z"}
{"http.req.id":"29aeefe3-0aa0-4252-82db-687def022200","http.req.method":"GET","http.req.path":"/product/2ZYFJ3GM2N","message":"request started","session":"a38c2610-1665-4c93-8051-4c451f5de325","severity":"debug","timestamp":"2026-03-25T12:03:33.023634551Z"}
{"currency":"TRY","http.req.id":"29aeefe3-0aa0-4252-82db-687def022200","http.req.method":"GET","http.req.path":"/product/2ZYFJ3GM2N","id":"2ZYFJ3GM2N","message":"serving product page","session":"a38c2610-1665-4c93-8051-4c451f5de325","severity":"debug","timestamp":"2026-03-25T12:03:33.023706279Z"}
{"http.req.id":"29aeefe3-0aa0-4252-82db-687def022200","http.req.method":"GET","http.req.path":"/product/2ZYFJ3GM2N","http.resp.bytes":7988,"http.resp.status":200,"http.resp.took_ms":35,"message":"request complete","session":"a38c2610-1665-4c93-8051-4c451f5de325","severity":"debug","timestamp":"2026-03-25T12:03:33.058962585Z"}
{"http.req.id":"9f14a82a-ce91-4550-b106-45463a287fc1","http.req.method":"GET","http.req.path":"/product/9SIQT8TOJO","message":"request started","session":"2d3bf3d7-22b5-49c9-8227-12126292f393","severity":"debug","timestamp":"2026-03-25T12:03:33.737931541Z"}
{"currency":"GBP","http.req.id":"9f14a82a-ce91-4550-b106-45463a287fc1","http.req.method":"GET","http.req.path":"/product/9SIQT8TOJO","id":"9SIQT8TOJO","message":"serving product page","session":"2d3bf3d7-22b5-49c9-8227-12126292f393","severity":"debug","timestamp":"2026-03-25T12:03:33.73806152Z"}
{"http.req.id":"9f14a82a-ce91-4550-b106-45463a287fc1","http.req.method":"GET","http.req.path":"/product/9SIQT8TOJO","http.resp.bytes":8040,"http.resp.status":200,"http.resp.took_ms":24,"message":"request complete","session":"2d3bf3d7-22b5-49c9-8227-12126292f393","severity":"debug","timestamp":"2026-03-25T12:03:33.762470772Z"}
{"http.req.id":"87e35e41-bc7e-4df2-94e8-ffeb0eef2bfe","http.req.method":"GET","http.req.path":"/product/1YMWWN1N4O","message":"request started","session":"df4ce93a-5d92-40a8-93c2-540bf11bbb4d","severity":"debug","timestamp":"2026-03-25T12:03:33.995682379Z"}
{"currency":"TRY","http.req.id":"87e35e41-bc7e-4df2-94e8-ffeb0eef2bfe","http.req.method":"GET","http.req.path":"/product/1YMWWN1N4O","id":"1YMWWN1N4O","message":"serving product page","session":"df4ce93a-5d92-40a8-93c2-540bf11bbb4d","severity":"debug","timestamp":"2026-03-25T12:03:33.995792064Z"}
{"http.req.id":"87e35e41-bc7e-4df2-94e8-ffeb0eef2bfe","http.req.method":"GET","http.req.path":"/product/1YMWWN1N4O","http.resp.bytes":7944,"http.resp.status":200,"http.resp.took_ms":63,"message":"request complete","session":"df4ce93a-5d92-40a8-93c2-540bf11bbb4d","severity":"debug","timestamp":"2026-03-25T12:03:34.058670584Z"}
{"http.req.id":"02478a56-d67a-47be-86a1-53712f41e031","http.req.method":"POST","http.req.path":"/cart","message":"request started","session":"df4ce93a-5d92-40a8-93c2-540bf11bbb4d","severity":"debug","timestamp":"2026-03-25T12:03:34.05963803Z"}
{"http.req.id":"02478a56-d67a-47be-86a1-53712f41e031","http.req.method":"POST","http.req.path":"/cart","message":"adding to cart","product":"1YMWWN1N4O","quantity":3,"session":"df4ce93a-5d92-40a8-93c2-540bf11bbb4d","severity":"debug","timestamp":"2026-03-25T12:03:34.059791837Z"}
{"http.req.id":"02478a56-d67a-47be-86a1-53712f41e031","http.req.method":"POST","http.req.path":"/cart","http.resp.bytes":0,"http.resp.status":302,"http.resp.took_ms":3,"message":"request complete","session":"df4ce93a-5d92-40a8-93c2-540bf11bbb4d","severity":"debug","timestamp":"2026-03-25T12:03:34.063299823Z"}
{"http.req.id":"99125515-5f85-4326-9a5b-e3160e564480","http.req.method":"GET","http.req.path":"/cart","message":"request started","session":"df4ce93a-5d92-40a8-93c2-540bf11bbb4d","severity":"debug","timestamp":"2026-03-25T12:03:34.064514767Z"}
{"http.req.id":"99125515-5f85-4326-9a5b-e3160e564480","http.req.method":"GET","http.req.path":"/cart","message":"view user cart","session":"df4ce93a-5d92-40a8-93c2-540bf11bbb4d","severity":"debug","timestamp":"2026-03-25T12:03:34.064602619Z"}
{"http.req.id":"99125515-5f85-4326-9a5b-e3160e564480","http.req.method":"GET","http.req.path":"/cart","http.resp.bytes":16408,"http.resp.status":200,"http.resp.took_ms":212,"message":"request complete","session":"df4ce93a-5d92-40a8-93c2-540bf11bbb4d","severity":"debug","timestamp":"2026-03-25T12:03:34.277201296Z"}
{"http.req.id":"1681ff27-ea98-46fa-8759-af090cd56766","http.req.method":"GET","http.req.path":"/cart","message":"request started","session":"32217267-98ca-4d66-9fc8-3f088b8def0f","severity":"debug","timestamp":"2026-03-25T12:03:34.740137811Z"}
{"http.req.id":"1681ff27-ea98-46fa-8759-af090cd56766","http.req.method":"GET","http.req.path":"/cart","message":"view user cart","session":"32217267-98ca-4d66-9fc8-3f088b8def0f","severity":"debug","timestamp":"2026-03-25T12:03:34.740242057Z"}
{"http.req.id":"1681ff27-ea98-46fa-8759-af090cd56766","http.req.method":"GET","http.req.path":"/cart","http.resp.bytes":6801,"http.resp.status":200,"http.resp.took_ms":34,"message":"request complete","session":"32217267-98ca-4d66-9fc8-3f088b8def0f","severity":"debug","timestamp":"2026-03-25T12:03:34.7742233Z"}
{"http.req.id":"c789db8f-e076-4b26-967b-16bfcfa0cc10","http.req.method":"GET","http.req.path":"/product/0PUK6V6EV0","message":"request started","session":"827eab86-1aba-4a15-8740-5fee5900d10f","severity":"debug","timestamp":"2026-03-25T12:03:34.889082101Z"}
{"currency":"EUR","http.req.id":"c789db8f-e076-4b26-967b-16bfcfa0cc10","http.req.method":"GET","http.req.path":"/product/0PUK6V6EV0","id":"0PUK6V6EV0","message":"serving product page","session":"827eab86-1aba-4a15-8740-5fee5900d10f","severity":"debug","timestamp":"2026-03-25T12:03:34.889188189Z"}
{"http.req.id":"6df420ec-5092-4962-9bf3-69e62ac418fb","http.req.method":"GET","http.req.path":"/cart","message":"request started","session":"513dd945-739c-4fe3-8e54-6e6927fbb733","severity":"debug","timestamp":"2026-03-25T12:03:35.003611881Z"}
{"http.req.id":"6df420ec-5092-4962-9bf3-69e62ac418fb","http.req.method":"GET","http.req.path":"/cart","message":"view user cart","session":"513dd945-739c-4fe3-8e54-6e6927fbb733","severity":"debug","timestamp":"2026-03-25T12:03:35.00379314Z"}
{"http.req.id":"7db4a961-ca23-4f99-bcf3-47de5d2bad0b","http.req.method":"GET","http.req.path":"/cart","message":"request started","session":"fcb2831f-0627-4791-ac1d-23821dc5b140","severity":"debug","timestamp":"2026-03-25T12:03:35.027963757Z"}
{"http.req.id":"7db4a961-ca23-4f99-bcf3-47de5d2bad0b","http.req.method":"GET","http.req.path":"/cart","message":"view user cart","session":"fcb2831f-0627-4791-ac1d-23821dc5b140","severity":"debug","timestamp":"2026-03-25T12:03:35.028104517Z"}
{"http.req.id":"c789db8f-e076-4b26-967b-16bfcfa0cc10","http.req.method":"GET","http.req.path":"/product/0PUK6V6EV0","http.resp.bytes":8006,"http.resp.status":200,"http.resp.took_ms":369,"message":"request complete","session":"827eab86-1aba-4a15-8740-5fee5900d10f","severity":"debug","timestamp":"2026-03-25T12:03:35.258340799Z"}
{"http.req.id":"6df420ec-5092-4962-9bf3-69e62ac418fb","http.req.method":"GET","http.req.path":"/cart","http.resp.bytes":19283,"http.resp.status":200,"http.resp.took_ms":469,"message":"request complete","session":"513dd945-739c-4fe3-8e54-6e6927fbb733","severity":"debug","timestamp":"2026-03-25T12:03:35.473579643Z"}
{"http.req.id":"7db4a961-ca23-4f99-bcf3-47de5d2bad0b","http.req.method":"GET","http.req.path":"/cart","http.resp.bytes":20676,"http.resp.status":200,"http.resp.took_ms":446,"message":"request complete","session":"fcb2831f-0627-4791-ac1d-23821dc5b140","severity":"debug","timestamp":"2026-03-25T12:03:35.474146674Z"}
{"http.req.id":"4bf6f937-7049-46f2-bc0c-f4f9d2466d7a","http.req.method":"GET","http.req.path":"/product/1YMWWN1N4O","message":"request started","session":"2d3bf3d7-22b5-49c9-8227-12126292f393","severity":"debug","timestamp":"2026-03-25T12:03:36.591258387Z"}
{"currency":"GBP","http.req.id":"4bf6f937-7049-46f2-bc0c-f4f9d2466d7a","http.req.method":"GET","http.req.path":"/product/1YMWWN1N4O","id":"1YMWWN1N4O","message":"serving product page","session":"2d3bf3d7-22b5-49c9-8227-12126292f393","severity":"debug","timestamp":"2026-03-25T12:03:36.591353797Z"}
{"http.req.id":"4bf6f937-7049-46f2-bc0c-f4f9d2466d7a","http.req.method":"GET","http.req.path":"/product/1YMWWN1N4O","http.resp.bytes":8025,"http.resp.status":200,"http.resp.took_ms":164,"message":"request complete","session":"2d3bf3d7-22b5-49c9-8227-12126292f393","severity":"debug","timestamp":"2026-03-25T12:03:36.756121787Z"}
{"http.req.id":"ada0911c-0442-4e0c-99f1-da504137fc8c","http.req.method":"GET","http.req.path":"/product/LS4PSXUNUM","message":"request started","session":"ecb080bf-5333-403f-9547-c8725d499228","severity":"debug","timestamp":"2026-03-25T12:03:37.527253623Z"}
{"currency":"GBP","http.req.id":"ada0911c-0442-4e0c-99f1-da504137fc8c","http.req.method":"GET","http.req.path":"/product/LS4PSXUNUM","id":"LS4PSXUNUM","message":"serving product page","session":"ecb080bf-5333-403f-9547-c8725d499228","severity":"debug","timestamp":"2026-03-25T12:03:37.527377435Z"}
{"http.req.id":"ada0911c-0442-4e0c-99f1-da504137fc8c","http.req.method":"GET","http.req.path":"/product/LS4PSXUNUM","http.resp.bytes":7961,"http.resp.status":200,"http.resp.took_ms":44,"message":"request complete","session":"ecb080bf-5333-403f-9547-c8725d499228","severity":"debug","timestamp":"2026-03-25T12:03:37.571275183Z"}
{"http.req.id":"c0b695f9-1b6e-43c7-b3e5-166cd6c649e3","http.req.method":"GET","http.req.path":"/_healthz","message":"request started","session":"x-liveness-probe","severity":"debug","timestamp":"2026-03-25T12:03:37.66438607Z"}
{"http.req.id":"c0b695f9-1b6e-43c7-b3e5-166cd6c649e3","http.req.method":"GET","http.req.path":"/_healthz","http.resp.bytes":2,"http.resp.status":200,"http.resp.took_ms":0,"message":"request complete","session":"x-liveness-probe","severity":"debug","timestamp":"2026-03-25T12:03:37.664457299Z"}
{"http.req.id":"1955fb60-fd92-4ff9-a808-817902f6ed95","http.req.method":"GET","http.req.path":"/product/66VCHSJNUP","message":"request started","session":"2d3bf3d7-22b5-49c9-8227-12126292f393","severity":"debug","timestamp":"2026-03-25T12:03:38.41080904Z"}
{"currency":"GBP","http.req.id":"1955fb60-fd92-4ff9-a808-817902f6ed95","http.req.method":"GET","http.req.path":"/product/66VCHSJNUP","id":"66VCHSJNUP","message":"serving product page","session":"2d3bf3d7-22b5-49c9-8227-12126292f393","severity":"debug","timestamp":"2026-03-25T12:03:38.410899968Z"}
{"http.req.id":"1955fb60-fd92-4ff9-a808-817902f6ed95","http.req.method":"GET","http.req.path":"/product/66VCHSJNUP","http.resp.bytes":8012,"http.resp.status":200,"http.resp.took_ms":49,"message":"request complete","session":"2d3bf3d7-22b5-49c9-8227-12126292f393","severity":"debug","timestamp":"2026-03-25T12:03:38.460366276Z"}
{"http.req.id":"ce362aa6-314e-4e08-b8c7-966202ea40d1","http.req.method":"GET","http.req.path":"/product/LS4PSXUNUM","message":"request started","session":"513dd945-739c-4fe3-8e54-6e6927fbb733","severity":"debug","timestamp":"2026-03-25T12:03:39.24369088Z"}
{"currency":"TRY","http.req.id":"ce362aa6-314e-4e08-b8c7-966202ea40d1","http.req.method":"GET","http.req.path":"/product/LS4PSXUNUM","id":"LS4PSXUNUM","message":"serving product page","session":"513dd945-739c-4fe3-8e54-6e6927fbb733","severity":"debug","timestamp":"2026-03-25T12:03:39.24381913Z"}
{"http.req.id":"8cd57027-75ca-4df1-ad5f-7cc9becbbbd3","http.req.method":"GET","http.req.path":"/product/9SIQT8TOJO","message":"request started","session":"827eab86-1aba-4a15-8740-5fee5900d10f","severity":"debug","timestamp":"2026-03-25T12:03:39.245902827Z"}
{"currency":"EUR","http.req.id":"8cd57027-75ca-4df1-ad5f-7cc9becbbbd3","http.req.method":"GET","http.req.path":"/product/9SIQT8TOJO","id":"9SIQT8TOJO","message":"serving product page","session":"827eab86-1aba-4a15-8740-5fee5900d10f","severity":"debug","timestamp":"2026-03-25T12:03:39.246251742Z"}
{"http.req.id":"8cd57027-75ca-4df1-ad5f-7cc9becbbbd3","http.req.method":"GET","http.req.path":"/product/9SIQT8TOJO","http.resp.bytes":7994,"http.resp.status":200,"http.resp.took_ms":125,"message":"request complete","session":"827eab86-1aba-4a15-8740-5fee5900d10f","severity":"debug","timestamp":"2026-03-25T12:03:39.371285977Z"}
{"http.req.id":"6136e1b2-36a9-446e-86e6-a96d8a2a30b7","http.req.method":"POST","http.req.path":"/cart","message":"request started","session":"827eab86-1aba-4a15-8740-5fee5900d10f","severity":"debug","timestamp":"2026-03-25T12:03:39.372786148Z"}
{"http.req.id":"6136e1b2-36a9-446e-86e6-a96d8a2a30b7","http.req.method":"POST","http.req.path":"/cart","message":"adding to cart","product":"9SIQT8TOJO","quantity":10,"session":"827eab86-1aba-4a15-8740-5fee5900d10f","severity":"debug","timestamp":"2026-03-25T12:03:39.372981138Z"}
{"http.req.id":"6136e1b2-36a9-446e-86e6-a96d8a2a30b7","http.req.method":"POST","http.req.path":"/cart","http.resp.bytes":0,"http.resp.status":302,"http.resp.took_ms":84,"message":"request complete","session":"827eab86-1aba-4a15-8740-5fee5900d10f","severity":"debug","timestamp":"2026-03-25T12:03:39.45759197Z"}
{"http.req.id":"241c3502-3b7a-449f-8179-e0d70479502a","http.req.method":"GET","http.req.path":"/cart","message":"request started","session":"827eab86-1aba-4a15-8740-5fee5900d10f","severity":"debug","timestamp":"2026-03-25T12:03:39.459661466Z"}
{"http.req.id":"241c3502-3b7a-449f-8179-e0d70479502a","http.req.method":"GET","http.req.path":"/cart","message":"view user cart","session":"827eab86-1aba-4a15-8740-5fee5900d10f","severity":"debug","timestamp":"2026-03-25T12:03:39.459787225Z"}
{"http.req.id":"ce362aa6-314e-4e08-b8c7-966202ea40d1","http.req.method":"GET","http.req.path":"/product/LS4PSXUNUM","http.resp.bytes":8004,"http.resp.status":200,"http.resp.took_ms":216,"message":"request complete","session":"513dd945-739c-4fe3-8e54-6e6927fbb733","severity":"debug","timestamp":"2026-03-25T12:03:39.460387822Z"}
{"http.req.id":"241c3502-3b7a-449f-8179-e0d70479502a","http.req.method":"GET","http.req.path":"/cart","http.resp.bytes":20691,"http.resp.status":200,"http.resp.took_ms":409,"message":"request complete","session":"827eab86-1aba-4a15-8740-5fee5900d10f","severity":"debug","timestamp":"2026-03-25T12:03:39.869170704Z"}
{"http.req.id":"d6e97fba-08e4-4453-bb80-ee83c2b8f9f9","http.req.method":"GET","http.req.path":"/product/6E92ZMYYFZ","message":"request started","session":"694745d8-a179-4c65-83d6-9ed873a7b94b","severity":"debug","timestamp":"2026-03-25T12:03:40.058942417Z"}
{"currency":"JPY","http.req.id":"d6e97fba-08e4-4453-bb80-ee83c2b8f9f9","http.req.method":"GET","http.req.path":"/product/6E92ZMYYFZ","id":"6E92ZMYYFZ","message":"serving product page","session":"694745d8-a179-4c65-83d6-9ed873a7b94b","severity":"debug","timestamp":"2026-03-25T12:03:40.059028198Z"}
{"http.req.id":"d6e97fba-08e4-4453-bb80-ee83c2b8f9f9","http.req.method":"GET","http.req.path":"/product/6E92ZMYYFZ","http.resp.bytes":7954,"http.resp.status":200,"http.resp.took_ms":101,"message":"request complete","session":"694745d8-a179-4c65-83d6-9ed873a7b94b","severity":"debug","timestamp":"2026-03-25T12:03:40.160141796Z"}
{"http.req.id":"56ce988d-52fb-4af6-b1d5-dd7dc38f1986","http.req.method":"POST","http.req.path":"/setCurrency","message":"request started","session":"513dd945-739c-4fe3-8e54-6e6927fbb733","severity":"debug","timestamp":"2026-03-25T12:03:40.817069122Z"}
{"curr.new":"TRY","curr.old":"TRY","http.req.id":"56ce988d-52fb-4af6-b1d5-dd7dc38f1986","http.req.method":"POST","http.req.path":"/setCurrency","message":"setting currency","session":"513dd945-739c-4fe3-8e54-6e6927fbb733","severity":"debug","timestamp":"2026-03-25T12:03:40.817255666Z"}
{"http.req.id":"56ce988d-52fb-4af6-b1d5-dd7dc38f1986","http.req.method":"POST","http.req.path":"/setCurrency","http.resp.bytes":0,"http.resp.status":302,"http.resp.took_ms":0,"message":"request complete","session":"513dd945-739c-4fe3-8e54-6e6927fbb733","severity":"debug","timestamp":"2026-03-25T12:03:40.817293708Z"}
{"http.req.id":"922ed492-21ca-494d-bc98-e0cca12304fb","http.req.method":"GET","http.req.path":"/","message":"request started","session":"513dd945-739c-4fe3-8e54-6e6927fbb733","severity":"debug","timestamp":"2026-03-25T12:03:40.81851793Z"}
{"currency":"TRY","http.req.id":"922ed492-21ca-494d-bc98-e0cca12304fb","http.req.method":"GET","http.req.path":"/","message":"home","session":"513dd945-739c-4fe3-8e54-6e6927fbb733","severity":"info","timestamp":"2026-03-25T12:03:40.818602439Z"}
env platform is either empty or invalid
{"http.req.id":"922ed492-21ca-494d-bc98-e0cca12304fb","http.req.method":"GET","http.req.path":"/","message":"ENV_PLATFORM is: local","session":"513dd945-739c-4fe3-8e54-6e6927fbb733","severity":"debug","timestamp":"2026-03-25T12:03:40.840754335Z"}
{"http.req.id":"922ed492-21ca-494d-bc98-e0cca12304fb","http.req.method":"GET","http.req.path":"/","http.resp.bytes":10501,"http.resp.status":200,"http.resp.took_ms":25,"message":"request complete","session":"513dd945-739c-4fe3-8e54-6e6927fbb733","severity":"debug","timestamp":"2026-03-25T12:03:40.843857981Z"}
{"http.req.id":"1f13d602-3cee-44af-b627-23d66bf9d70e","http.req.method":"GET","http.req.path":"/_healthz","message":"request started","session":"x-readiness-probe","severity":"debug","timestamp":"2026-03-25T12:03:40.908509621Z"}
{"http.req.id":"1f13d602-3cee-44af-b627-23d66bf9d70e","http.req.method":"GET","http.req.path":"/_healthz","http.resp.bytes":2,"http.resp.status":200,"http.resp.took_ms":0,"message":"request complete","session":"x-readiness-probe","severity":"debug","timestamp":"2026-03-25T12:03:40.908648725Z"}
{"http.req.id":"d2fe1615-82e6-4dec-b278-ee5cad0aebe6","http.req.method":"GET","http.req.path":"/cart","message":"request started","session":"514e00c6-206e-4c6e-873f-852b796455de","severity":"debug","timestamp":"2026-03-25T12:03:41.003834315Z"}
{"http.req.id":"d2fe1615-82e6-4dec-b278-ee5cad0aebe6","http.req.method":"GET","http.req.path":"/cart","message":"view user cart","session":"514e00c6-206e-4c6e-873f-852b796455de","severity":"debug","timestamp":"2026-03-25T12:03:41.0039237Z"}
{"http.req.id":"eb7c852a-1280-4fcd-b2c5-d7a76d8950eb","http.req.method":"GET","http.req.path":"/cart","message":"request started","session":"a38c2610-1665-4c93-8051-4c451f5de325","severity":"debug","timestamp":"2026-03-25T12:03:41.153047234Z"}
{"http.req.id":"eb7c852a-1280-4fcd-b2c5-d7a76d8950eb","http.req.method":"GET","http.req.path":"/cart","message":"view user cart","session":"a38c2610-1665-4c93-8051-4c451f5de325","severity":"debug","timestamp":"2026-03-25T12:03:41.153136555Z"}
{"http.req.id":"d2fe1615-82e6-4dec-b278-ee5cad0aebe6","http.req.method":"GET","http.req.path":"/cart","http.resp.bytes":6811,"http.resp.status":200,"http.resp.took_ms":253,"message":"request complete","session":"514e00c6-206e-4c6e-873f-852b796455de","severity":"debug","timestamp":"2026-03-25T12:03:41.256826239Z"}
{"http.req.id":"eb7c852a-1280-4fcd-b2c5-d7a76d8950eb","http.req.method":"GET","http.req.path":"/cart","http.resp.bytes":16378,"http.resp.status":200,"http.resp.took_ms":115,"message":"request complete","session":"a38c2610-1665-4c93-8051-4c451f5de325","severity":"debug","timestamp":"2026-03-25T12:03:41.268963876Z"}
{"http.req.id":"d63a5091-e31f-448e-acb2-b6ebe3527786","http.req.method":"GET","http.req.path":"/","message":"request started","session":"df4ce93a-5d92-40a8-93c2-540bf11bbb4d","severity":"debug","timestamp":"2026-03-25T12:03:41.584851321Z"}
{"currency":"TRY","http.req.id":"d63a5091-e31f-448e-acb2-b6ebe3527786","http.req.method":"GET","http.req.path":"/","message":"home","session":"df4ce93a-5d92-40a8-93c2-540bf11bbb4d","severity":"info","timestamp":"2026-03-25T12:03:41.584954425Z"}
env platform is either empty or invalid
{"http.req.id":"d63a5091-e31f-448e-acb2-b6ebe3527786","http.req.method":"GET","http.req.path":"/","message":"ENV_PLATFORM is: local","session":"df4ce93a-5d92-40a8-93c2-540bf11bbb4d","severity":"debug","timestamp":"2026-03-25T12:03:41.6782777Z"}
{"http.req.id":"d63a5091-e31f-448e-acb2-b6ebe3527786","http.req.method":"GET","http.req.path":"/","http.resp.bytes":10500,"http.resp.status":200,"http.resp.took_ms":96,"message":"request complete","session":"df4ce93a-5d92-40a8-93c2-540bf11bbb4d","severity":"debug","timestamp":"2026-03-25T12:03:41.681512308Z"}
{"http.req.id":"ddeb9fd6-269f-40da-89fd-f31df75802a3","http.req.method":"GET","http.req.path":"/product/LS4PSXUNUM","message":"request started","session":"ecb080bf-5333-403f-9547-c8725d499228","severity":"debug","timestamp":"2026-03-25T12:03:41.75066955Z"}
{"currency":"GBP","http.req.id":"ddeb9fd6-269f-40da-89fd-f31df75802a3","http.req.method":"GET","http.req.path":"/product/LS4PSXUNUM","id":"LS4PSXUNUM","message":"serving product page","session":"ecb080bf-5333-403f-9547-c8725d499228","severity":"debug","timestamp":"2026-03-25T12:03:41.750772564Z"}
{"http.req.id":"ddeb9fd6-269f-40da-89fd-f31df75802a3","http.req.method":"GET","http.req.path":"/product/LS4PSXUNUM","http.resp.bytes":7971,"http.resp.status":200,"http.resp.took_ms":106,"message":"request complete","session":"ecb080bf-5333-403f-9547-c8725d499228","severity":"debug","timestamp":"2026-03-25T12:03:41.857526218Z"}
