{"message":"order confirmation email sent to \"ugarcia@example.com\"","severity":"info","timestamp":"2026-03-25T12:05:26.681823814Z"}
{"message":"[PlaceOrder] user_id=\"ecb080bf-5333-403f-9547-c8725d499228\" user_currency=\"EUR\"","severity":"info","timestamp":"2026-03-25T12:05:32.278044161Z"}
{"message":"payment went through (transaction_id: da9be7c8-f6b8-43ba-8bd1-a2339318733b)","severity":"info","timestamp":"2026-03-25T12:05:32.287308397Z"}
{"message":"order confirmation email sent to \"rachael90@example.org\"","severity":"info","timestamp":"2026-03-25T12:05:32.291953473Z"}
{"message":"[PlaceOrder] user_id=\"827eab86-1aba-4a15-8740-5fee5900d10f\" user_currency=\"USD\"","severity":"info","timestamp":"2026-03-25T12:05:49.304383601Z"}
{"message":"payment went through (transaction_id: 2b2f6b78-073e-41ef-86e2-70e74ffc37fb)","severity":"info","timestamp":"2026-03-25T12:05:49.331794645Z"}
{"message":"order confirmation email sent to \"ucruz@example.net\"","severity":"info","timestamp":"2026-03-25T12:05:49.387136171Z"}
{"message":"[PlaceOrder] user_id=\"827eab86-1aba-4a15-8740-5fee5900d10f\" user_currency=\"USD\"","severity":"info","timestamp":"2026-03-25T12:06:01.399498406Z"}
{"message":"payment went through (transaction_id: be7b0dd2-e2b3-4cc2-b17f-3f9518e9b146)","severity":"info","timestamp":"2026-03-25T12:06:01.492392333Z"}
{"message":"order confirmation email sent to \"zpearson@example.net\"","severity":"info","timestamp":"2026-03-25T12:06:01.497843334Z"}
{"message":"[PlaceOrder] user_id=\"32217267-98ca-4d66-9fc8-3f088b8def0f\" user_currency=\"JPY\"","severity":"info","timestamp":"2026-03-25T12:06:22.749368137Z"}
{"message":"payment went through (transaction_id: c3cc87b2-80ae-47d6-9556-d19bccb440e4)","severity":"info","timestamp":"2026-03-25T12:06:22.763567765Z"}
{"message":"order confirmation email sent to \"fjohnson@example.net\"","severity":"info","timestamp":"2026-03-25T12:06:22.767386427Z"}
{"message":"[PlaceOrder] user_id=\"a38c2610-1665-4c93-8051-4c451f5de325\" user_currency=\"JPY\"","severity":"info","timestamp":"2026-03-25T12:07:03.850754671Z"}
{"message":"[PlaceOrder] user_id=\"694745d8-a179-4c65-83d6-9ed873a7b94b\" user_currency=\"TRY\"","severity":"info","timestamp":"2026-03-25T12:07:03.875468866Z"}
{"message":"payment went through (transaction_id: c8938ed5-f446-4fd5-a3c6-29d977e54c90)","severity":"info","timestamp":"2026-03-25T12:07:03.876756318Z"}
{"message":"order confirmation email sent to \"daniellewatts@example.org\"","severity":"info","timestamp":"2026-03-25T12:07:03.957437172Z"}
{"message":"payment went through (transaction_id: 4794a0aa-e892-4eaf-a67a-c01045467ced)","severity":"info","timestamp":"2026-03-25T12:07:04.062881028Z"}
{"message":"order confirmation email sent to \"bsmith@example.net\"","severity":"info","timestamp":"2026-03-25T12:07:04.071200502Z"}
{"message":"[PlaceOrder] user_id=\"2d3bf3d7-22b5-49c9-8227-12126292f393\" user_currency=\"EUR\"","severity":"info","timestamp":"2026-03-25T12:07:14.775930646Z"}
{"message":"payment went through (transaction_id: d997dfb2-69cd-4427-bbe3-7e1777548c48)","severity":"info","timestamp":"2026-03-25T12:07:14.787655556Z"}
{"message":"order confirmation email sent to \"wardemily@example.net\"","severity":"info","timestamp":"2026-03-25T12:07:14.795012638Z"}
{"message":"[PlaceOrder] user_id=\"827eab86-1aba-4a15-8740-5fee5900d10f\" user_currency=\"USD\"","severity":"info","timestamp":"2026-03-25T12:07:32.555504662Z"}
{"message":"payment went through (transaction_id: e4d03269-f7c6-4913-a8bc-2efee292b439)","severity":"info","timestamp":"2026-03-25T12:07:32.568153487Z"}
{"message":"order confirmation email sent to \"snowsusan@example.com\"","severity":"info","timestamp":"2026-03-25T12:07:32.573683102Z"}
{"message":"[PlaceOrder] user_id=\"ecb080bf-5333-403f-9547-c8725d499228\" user_currency=\"TRY\"","severity":"info","timestamp":"2026-03-25T12:07:44.017081004Z"}
{"message":"payment went through (transaction_id: 551f396c-b536-44f9-bd68-4fb1e863ad40)","severity":"info","timestamp":"2026-03-25T12:07:44.064417671Z"}
{"message":"order confirmation email sent to \"qjones@example.com\"","severity":"info","timestamp":"2026-03-25T12:07:44.158433477Z"}
{"message":"[PlaceOrder] user_id=\"514e00c6-206e-4c6e-873f-852b796455de\" user_currency=\"GBP\"","severity":"info","timestamp":"2026-03-25T12:08:20.107966232Z"}
{"message":"payment went through (transaction_id: d7ea6442-b86e-4921-a177-313c829f8e61)","severity":"info","timestamp":"2026-03-25T12:08:20.13372348Z"}
{"message":"order confirmation email sent to \"mglass@example.net\"","severity":"info","timestamp":"2026-03-25T12:08:20.139114482Z"}
{"message":"[PlaceOrder] user_id=\"df4ce93a-5d92-40a8-93c2-540bf11bbb4d\" user_currency=\"TRY\"","severity":"info","timestamp":"2026-03-25T12:08:27.421225081Z"}
{"message":"payment went through (transaction_id: 561aca31-2a5f-4664-9d1a-fbad067de43d)","severity":"info","timestamp":"2026-03-25T12:08:27.495298279Z"}
{"message":"order confirmation email sent to \"angela26@example.com\"","severity":"info","timestamp":"2026-03-25T12:08:27.505179339Z"}
{"message":"[PlaceOrder] user_id=\"df4ce93a-5d92-40a8-93c2-540bf11bbb4d\" user_currency=\"TRY\"","severity":"info","timestamp":"2026-03-25T12:08:33.399730187Z"}
{"message":"payment went through (transaction_id: 4c5659d3-3434-4bf8-bea8-e596c8fcc4b6)","severity":"info","timestamp":"2026-03-25T12:08:33.409401396Z"}
{"message":"order confirmation email sent to \"robertclark@example.net\"","severity":"info","timestamp":"2026-03-25T12:08:33.414933757Z"}
{"message":"[PlaceOrder] user_id=\"513dd945-739c-4fe3-8e54-6e6927fbb733\" user_currency=\"USD\"","severity":"info","timestamp":"2026-03-25T12:08:53.545765408Z"}
{"message":"payment went through (transaction_id: 8e42b367-66dd-4cc7-a227-d8c0c6dba3ae)","severity":"info","timestamp":"2026-03-25T12:08:53.5561167Z"}
{"message":"order confirmation email sent to \"john28@example.com\"","severity":"info","timestamp":"2026-03-25T12:08:53.560475867Z"}
{"message":"[PlaceOrder] user_id=\"2d3bf3d7-22b5-49c9-8227-12126292f393\" user_currency=\"GBP\"","severity":"info","timestamp":"2026-03-25T12:08:57.129871199Z"}
{"message":"payment went through (transaction_id: bef45c85-4b53-481a-a92e-5f13b3cccdad)","severity":"info","timestamp":"2026-03-25T12:08:57.14139088Z"}
{"message":"order confirmation email sent to \"bakerlisa@example.org\"","severity":"info","timestamp":"2026-03-25T12:08:57.147216387Z"}
{"message":"[PlaceOrder] user_id=\"514e00c6-206e-4c6e-873f-852b796455de\" user_currency=\"GBP\"","severity":"info","timestamp":"2026-03-25T12:09:35.292612595Z"}
{"message":"payment went through (transaction_id: 81823787-d9a0-4dad-b7b0-ad558cd67fd4)","severity":"info","timestamp":"2026-03-25T12:09:35.304204493Z"}
{"message":"order confirmation email sent to \"rdodson@example.net\"","severity":"info","timestamp":"2026-03-25T12:09:35.326946735Z"}
{"message":"[PlaceOrder] user_id=\"2d3bf3d7-22b5-49c9-8227-12126292f393\" user_currency=\"TRY\"","severity":"info","timestamp":"2026-03-25T12:09:46.525439764Z"}
{"message":"payment went through (transaction_id: 85be89cd-9ec2-4e9a-adae-a6c4ec3909e3)","severity":"info","timestamp":"2026-03-25T12:09:46.541626852Z"}
{"message":"order confirmation email sent to \"susanray@example.net\"","severity":"info","timestamp":"2026-03-25T12:09:46.548385547Z"}
{"message":"[PlaceOrder] user_id=\"2d3bf3d7-22b5-49c9-8227-12126292f393\" user_currency=\"TRY\"","severity":"info","timestamp":"2026-03-25T12:10:06.300843308Z"}
{"message":"payment went through (transaction_id: 185d0aec-dfa0-4dc0-973d-f8af639bb905)","severity":"info","timestamp":"2026-03-25T12:10:06.351370451Z"}
{"message":"order confirmation email sent to \"ywebster@example.net\"","severity":"info","timestamp":"2026-03-25T12:10:06.357502996Z"}
{"message":"[PlaceOrder] user_id=\"a38c2610-1665-4c93-8051-4c451f5de325\" user_currency=\"GBP\"","severity":"info","timestamp":"2026-03-25T12:10:10.756002939Z"}
{"message":"payment went through (transaction_id: 5763ebb7-1229-49ef-936f-49c65484d630)","severity":"info","timestamp":"2026-03-25T12:10:10.857844746Z"}
{"message":"order confirmation email sent to \"deckermolly@example.net\"","severity":"info","timestamp":"2026-03-25T12:10:10.865582089Z"}
{"message":"[PlaceOrder] user_id=\"827eab86-1aba-4a15-8740-5fee5900d10f\" user_currency=\"JPY\"","severity":"info","timestamp":"2026-03-25T12:10:17.962868172Z"}
{"message":"payment went through (transaction_id: 6f58bcfc-6378-493d-a76e-037d33b581ef)","severity":"info","timestamp":"2026-03-25T12:10:17.98104675Z"}
{"message":"order confirmation email sent to \"kathleenmadden@example.com\"","severity":"info","timestamp":"2026-03-25T12:10:17.986917512Z"}
{"message":"[PlaceOrder] user_id=\"514e00c6-206e-4c6e-873f-852b796455de\" user_currency=\"GBP\"","severity":"info","timestamp":"2026-03-25T12:10:30.304801548Z"}
{"message":"payment went through (transaction_id: 8006e1f5-a7d1-44d1-91fd-c2c46892d956)","severity":"info","timestamp":"2026-03-25T12:10:30.320769777Z"}
{"message":"order confirmation email sent to \"zfrederick@example.com\"","severity":"info","timestamp":"2026-03-25T12:10:30.326268667Z"}
{"message":"[PlaceOrder] user_id=\"a38c2610-1665-4c93-8051-4c451f5de325\" user_currency=\"GBP\"","severity":"info","timestamp":"2026-03-25T12:10:30.81987479Z"}
{"message":"payment went through (transaction_id: a50cb552-66e9-46bb-838d-6f34841565f0)","severity":"info","timestamp":"2026-03-25T12:10:30.846218019Z"}
{"message":"order confirmation email sent to \"rogerpark@example.org\"","severity":"info","timestamp":"2026-03-25T12:10:30.851895443Z"}
{"message":"[PlaceOrder] user_id=\"df4ce93a-5d92-40a8-93c2-540bf11bbb4d\" user_currency=\"CAD\"","severity":"info","timestamp":"2026-03-25T12:10:35.333774543Z"}
{"message":"payment went through (transaction_id: f65031f8-7800-4641-aa26-e931eabe964f)","severity":"info","timestamp":"2026-03-25T12:10:35.343870199Z"}
{"message":"order confirmation email sent to \"philiprobles@example.net\"","severity":"info","timestamp":"2026-03-25T12:10:35.348465771Z"}
{"message":"[PlaceOrder] user_id=\"2d3bf3d7-22b5-49c9-8227-12126292f393\" user_currency=\"JPY\"","severity":"info","timestamp":"2026-03-25T12:11:22.019337631Z"}
{"message":"payment went through (transaction_id: e86d5629-9137-4c82-9021-bf702407f08a)","severity":"info","timestamp":"2026-03-25T12:11:22.042884429Z"}
{"message":"order confirmation email sent to \"jmcpherson@example.com\"","severity":"info","timestamp":"2026-03-25T12:11:22.112555137Z"}
{"message":"[PlaceOrder] user_id=\"513dd945-739c-4fe3-8e54-6e6927fbb733\" user_currency=\"USD\"","severity":"info","timestamp":"2026-03-25T12:11:22.716580613Z"}
{"message":"payment went through (transaction_id: b13c596a-a42e-4b42-98ec-24fc5644df5f)","severity":"info","timestamp":"2026-03-25T12:11:22.727861334Z"}
{"message":"order confirmation email sent to \"michael53@example.net\"","severity":"info","timestamp":"2026-03-25T12:11:22.732325671Z"}
{"message":"[PlaceOrder] user_id=\"513dd945-739c-4fe3-8e54-6e6927fbb733\" user_currency=\"USD\"","severity":"info","timestamp":"2026-03-25T12:11:45.358164884Z"}
{"message":"payment went through (transaction_id: 6be01005-5c0a-4978-90ad-11ce4c277507)","severity":"info","timestamp":"2026-03-25T12:11:45.370354107Z"}
{"message":"order confirmation email sent to \"taramartin@example.net\"","severity":"info","timestamp":"2026-03-25T12:11:45.375548639Z"}
{"message":"[PlaceOrder] user_id=\"32217267-98ca-4d66-9fc8-3f088b8def0f\" user_currency=\"GBP\"","severity":"info","timestamp":"2026-03-25T12:11:49.07759824Z"}
{"message":"payment went through (transaction_id: 7f50743f-4c9a-4f28-b381-4150e9bb8be4)","severity":"info","timestamp":"2026-03-25T12:11:49.097301328Z"}
{"message":"order confirmation email sent to \"christopher38@example.com\"","severity":"info","timestamp":"2026-03-25T12:11:49.105347307Z"}
{"message":"[PlaceOrder] user_id=\"514e00c6-206e-4c6e-873f-852b796455de\" user_currency=\"USD\"","severity":"info","timestamp":"2026-03-25T12:12:51.194758789Z"}
{"message":"payment went through (transaction_id: 609c1751-6e76-46bd-bb7d-c252d8807eb4)","severity":"info","timestamp":"2026-03-25T12:12:51.211574895Z"}
{"message":"order confirmation email sent to \"terrylinda@example.org\"","severity":"info","timestamp":"2026-03-25T12:12:51.216628627Z"}
{"message":"[PlaceOrder] user_id=\"2d3bf3d7-22b5-49c9-8227-12126292f393\" user_currency=\"TRY\"","severity":"info","timestamp":"2026-03-25T12:12:59.182266893Z"}
{"message":"payment went through (transaction_id: a98402f0-e6c8-490e-99c1-aaad95dfa7b3)","severity":"info","timestamp":"2026-03-25T12:12:59.197891666Z"}
{"message":"order confirmation email sent to \"carrie02@example.com\"","severity":"info","timestamp":"2026-03-25T12:12:59.203868151Z"}
{"message":"[PlaceOrder] user_id=\"df4ce93a-5d92-40a8-93c2-540bf11bbb4d\" user_currency=\"USD\"","severity":"info","timestamp":"2026-03-25T12:13:14.85546591Z"}
{"message":"payment went through (transaction_id: 95c0e1f4-2f6a-463b-af40-88ea822a8563)","severity":"info","timestamp":"2026-03-25T12:13:14.865806626Z"}
{"message":"order confirmation email sent to \"zflores@example.com\"","severity":"info","timestamp":"2026-03-25T12:13:14.869698898Z"}
{"message":"[PlaceOrder] user_id=\"df4ce93a-5d92-40a8-93c2-540bf11bbb4d\" user_currency=\"USD\"","severity":"info","timestamp":"2026-03-25T12:13:33.856311794Z"}
{"message":"payment went through (transaction_id: c3b5ae64-23ca-424d-9722-968014bd6f72)","severity":"info","timestamp":"2026-03-25T12:13:33.86831755Z"}
{"message":"order confirmation email sent to \"connorcampbell@example.com\"","severity":"info","timestamp":"2026-03-25T12:13:33.872714338Z"}
{"message":"[PlaceOrder] user_id=\"694745d8-a179-4c65-83d6-9ed873a7b94b\" user_currency=\"GBP\"","severity":"info","timestamp":"2026-03-25T12:13:36.74288385Z"}
{"message":"payment went through (transaction_id: 4dc39537-6ce1-49a6-8349-18275be14d06)","severity":"info","timestamp":"2026-03-25T12:13:36.773776902Z"}
{"message":"order confirmation email sent to \"abigail51@example.com\"","severity":"info","timestamp":"2026-03-25T12:13:36.843053967Z"}
{"message":"[PlaceOrder] user_id=\"694745d8-a179-4c65-83d6-9ed873a7b94b\" user_currency=\"GBP\"","severity":"info","timestamp":"2026-03-25T12:13:52.824035707Z"}
{"message":"payment went through (transaction_id: 3bf74ea7-d94f-4867-9cce-78fe15366850)","severity":"info","timestamp":"2026-03-25T12:13:52.83695415Z"}
{"message":"order confirmation email sent to \"hburke@example.com\"","severity":"info","timestamp":"2026-03-25T12:13:52.846066247Z"}
{"message":"[PlaceOrder] user_id=\"a38c2610-1665-4c93-8051-4c451f5de325\" user_currency=\"USD\"","severity":"info","timestamp":"2026-03-25T12:14:02.511974235Z"}
{"message":"payment went through (transaction_id: a0bc0d02-90d9-445e-8afe-34c9f3bc12a6)","severity":"info","timestamp":"2026-03-25T12:14:02.609513659Z"}
{"message":"order confirmation email sent to \"iphillips@example.net\"","severity":"info","timestamp":"2026-03-25T12:14:02.615791789Z"}
