{"http.req.id":"10eb5cc5-4f74-43f6-9eee-849342ca282a","http.req.method":"GET","http.req.path":"/cart","message":"request started","session":"694745d8-a179-4c65-83d6-9ed873a7b94b","severity":"debug","timestamp":"2026-03-25T12:14:01.541622922Z"}
{"http.req.id":"10eb5cc5-4f74-43f6-9eee-849342ca282a","http.req.method":"GET","http.req.path":"/cart","message":"view user cart","session":"694745d8-a179-4c65-83d6-9ed873a7b94b","severity":"debug","timestamp":"2026-03-25T12:14:01.541728489Z"}
{"http.req.id":"10eb5cc5-4f74-43f6-9eee-849342ca282a","http.req.method":"GET","http.req.path":"/cart","http.resp.bytes":6844,"http.resp.status":200,"http.resp.took_ms":37,"message":"request complete","session":"694745d8-a179-4c65-83d6-9ed873a7b94b","severity":"debug","timestamp":"2026-03-25T12:14:01.579578368Z"}
{"http.req.id":"8a0bffd6-55e5-4f25-9908-221f6464217b","http.req.method":"GET","http.req.path":"/product/9SIQT8TOJO","message":"request started","session":"a38c2610-1665-4c93-8051-4c451f5de325","severity":"debug","timestamp":"2026-03-25T12:14:02.266222361Z"}
{"currency":"USD","http.req.id":"8a0bffd6-55e5-4f25-9908-221f6464217b","http.req.method":"GET","http.req.path":"/product/9SIQT8TOJO","id":"9SIQT8TOJO","message":"serving product page","session":"a38c2610-1665-4c93-8051-4c451f5de325","severity":"debug","timestamp":"2026-03-25T12:14:02.266374609Z"}
{"http.req.id":"8a0bffd6-55e5-4f25-9908-221f6464217b","http.req.method":"GET","http.req.path":"/product/9SIQT8TOJO","http.resp.bytes":8016,"http.resp.status":200,"http.resp.took_ms":31,"message":"request complete","session":"a38c2610-1665-4c93-8051-4c451f5de325","severity":"debug","timestamp":"2026-03-25T12:14:02.297308484Z"}
{"http.req.id":"f3ffbd1d-f76a-4fd3-bff7-e1f294861a22","http.req.method":"POST","http.req.path":"/cart","message":"request started","session":"a38c2610-1665-4c93-8051-4c451f5de325","severity":"debug","timestamp":"2026-03-25T12:14:02.300665071Z"}
{"http.req.id":"f3ffbd1d-f76a-4fd3-bff7-e1f294861a22","http.req.method":"POST","http.req.path":"/cart","message":"adding to cart","product":"9SIQT8TOJO","quantity":1,"session":"a38c2610-1665-4c93-8051-4c451f5de325","severity":"debug","timestamp":"2026-03-25T12:14:02.300884627Z"}
{"http.req.id":"f3ffbd1d-f76a-4fd3-bff7-e1f294861a22","http.req.method":"POST","http.req.path":"/cart","http.resp.bytes":0,"http.resp.status":302,"http.resp.took_ms":5,"message":"request complete","session":"a38c2610-1665-4c93-8051-4c451f5de325","severity":"debug","timestamp":"2026-03-25T12:14:02.305875946Z"}
{"http.req.id":"2e165577-df18-4c74-8ca1-30b626746b78","http.req.method":"GET","http.req.path":"/cart","message":"request started","session":"a38c2610-1665-4c93-8051-4c451f5de325","severity":"debug","timestamp":"2026-03-25T12:14:02.30792824Z"}
{"http.req.id":"2e165577-df18-4c74-8ca1-30b626746b78","http.req.method":"GET","http.req.path":"/cart","message":"view user cart","session":"a38c2610-1665-4c93-8051-4c451f5de325","severity":"debug","timestamp":"2026-03-25T12:14:02.308049774Z"}
{"http.req.id":"2e165577-df18-4c74-8ca1-30b626746b78","http.req.method":"GET","http.req.path":"/cart","http.resp.bytes":22101,"http.resp.status":200,"http.resp.took_ms":195,"message":"request complete","session":"a38c2610-1665-4c93-8051-4c451f5de325","severity":"debug","timestamp":"2026-03-25T12:14:02.503140992Z"}
{"http.req.id":"ef07fd24-96e2-466c-bfe1-251dc65339fa","http.req.method":"POST","http.req.path":"/cart/checkout","message":"request started","session":"a38c2610-1665-4c93-8051-4c451f5de325","severity":"debug","timestamp":"2026-03-25T12:14:02.510538909Z"}
{"http.req.id":"ef07fd24-96e2-466c-bfe1-251dc65339fa","http.req.method":"POST","http.req.path":"/cart/checkout","message":"placing order","session":"a38c2610-1665-4c93-8051-4c451f5de325","severity":"debug","timestamp":"2026-03-25T12:14:02.510858261Z"}
{"http.req.id":"6b84ea1e-ea76-4ab6-bfef-b156ed597865","http.req.method":"GET","http.req.path":"/_healthz","message":"request started","session":"x-liveness-probe","severity":"debug","timestamp":"2026-03-25T12:14:02.610521577Z"}
{"http.req.id":"6b84ea1e-ea76-4ab6-bfef-b156ed597865","http.req.method":"GET","http.req.path":"/_healthz","http.resp.bytes":2,"http.resp.status":200,"http.resp.took_ms":0,"message":"request complete","session":"x-liveness-probe","severity":"debug","timestamp":"2026-03-25T12:14:02.610780192Z"}
{"http.req.id":"ef07fd24-96e2-466c-bfe1-251dc65339fa","http.req.method":"POST","http.req.path":"/cart/checkout","message":"order placed","order":"1c6f042a-2844-11f1-a4a0-927ce8a683d8","session":"a38c2610-1665-4c93-8051-4c451f5de325","severity":"info","timestamp":"2026-03-25T12:14:02.616628358Z"}
{"http.req.id":"ef07fd24-96e2-466c-bfe1-251dc65339fa","http.req.method":"POST","http.req.path":"/cart/checkout","http.resp.bytes":6723,"http.resp.status":200,"http.resp.took_ms":130,"message":"request complete","session":"a38c2610-1665-4c93-8051-4c451f5de325","severity":"debug","timestamp":"2026-03-25T12:14:02.640707922Z"}
{"http.req.id":"dad58b9b-d7e4-4f3e-9a78-d311d8921de0","http.req.method":"GET","http.req.path":"/product/2ZYFJ3GM2N","message":"request started","session":"694745d8-a179-4c65-83d6-9ed873a7b94b","severity":"debug","timestamp":"2026-03-25T12:14:02.722658619Z"}
{"currency":"GBP","http.req.id":"dad58b9b-d7e4-4f3e-9a78-d311d8921de0","http.req.method":"GET","http.req.path":"/product/2ZYFJ3GM2N","id":"2ZYFJ3GM2N","message":"serving product page","session":"694745d8-a179-4c65-83d6-9ed873a7b94b","severity":"debug","timestamp":"2026-03-25T12:14:02.722765243Z"}
{"http.req.id":"dad58b9b-d7e4-4f3e-9a78-d311d8921de0","http.req.method":"GET","http.req.path":"/product/2ZYFJ3GM2N","http.resp.bytes":7948,"http.resp.status":200,"http.resp.took_ms":28,"message":"request complete","session":"694745d8-a179-4c65-83d6-9ed873a7b94b","severity":"debug","timestamp":"2026-03-25T12:14:02.750886843Z"}
{"http.req.id":"dd4e52cc-e6b5-4a52-955f-3f4ba1b9beeb","http.req.method":"POST","http.req.path":"/cart","message":"request started","session":"694745d8-a179-4c65-83d6-9ed873a7b94b","severity":"debug","timestamp":"2026-03-25T12:14:02.752317644Z"}
{"http.req.id":"dd4e52cc-e6b5-4a52-955f-3f4ba1b9beeb","http.req.method":"POST","http.req.path":"/cart","message":"adding to cart","product":"2ZYFJ3GM2N","quantity":4,"session":"694745d8-a179-4c65-83d6-9ed873a7b94b","severity":"debug","timestamp":"2026-03-25T12:14:02.752518137Z"}
{"http.req.id":"dd4e52cc-e6b5-4a52-955f-3f4ba1b9beeb","http.req.method":"POST","http.req.path":"/cart","http.resp.bytes":0,"http.resp.status":302,"http.resp.took_ms":4,"message":"request complete","session":"694745d8-a179-4c65-83d6-9ed873a7b94b","severity":"debug","timestamp":"2026-03-25T12:14:02.757246678Z"}
{"http.req.id":"1a800b60-a9de-4529-9a87-fe0e689dbfe2","http.req.method":"GET","http.req.path":"/cart","message":"request started","session":"694745d8-a179-4c65-83d6-9ed873a7b94b","severity":"debug","timestamp":"2026-03-25T12:14:02.759130906Z"}
{"http.req.id":"1a800b60-a9de-4529-9a87-fe0e689dbfe2","http.req.method":"GET","http.req.path":"/cart","message":"view user cart","session":"694745d8-a179-4c65-83d6-9ed873a7b94b","severity":"debug","timestamp":"2026-03-25T12:14:02.75919324Z"}
{"http.req.id":"1a800b60-a9de-4529-9a87-fe0e689dbfe2","http.req.method":"GET","http.req.path":"/cart","http.resp.bytes":16405,"http.resp.status":200,"http.resp.took_ms":58,"message":"request complete","session":"694745d8-a179-4c65-83d6-9ed873a7b94b","severity":"debug","timestamp":"2026-03-25T12:14:02.817607008Z"}
{"http.req.id":"a917916c-6930-4fa3-8112-71658d79b3a3","http.req.method":"GET","http.req.path":"/","message":"request started","session":"2d3bf3d7-22b5-49c9-8227-12126292f393","severity":"debug","timestamp":"2026-03-25T12:14:03.174983316Z"}
{"currency":"JPY","http.req.id":"a917916c-6930-4fa3-8112-71658d79b3a3","http.req.method":"GET","http.req.path":"/","message":"home","session":"2d3bf3d7-22b5-49c9-8227-12126292f393","severity":"info","timestamp":"2026-03-25T12:14:03.175100664Z"}
env platform is either empty or invalid
{"http.req.id":"a917916c-6930-4fa3-8112-71658d79b3a3","http.req.method":"GET","http.req.path":"/","message":"ENV_PLATFORM is: local","session":"2d3bf3d7-22b5-49c9-8227-12126292f393","severity":"debug","timestamp":"2026-03-25T12:14:03.219407339Z"}
{"http.req.id":"a917916c-6930-4fa3-8112-71658d79b3a3","http.req.method":"GET","http.req.path":"/","http.resp.bytes":10413,"http.resp.status":200,"http.resp.took_ms":48,"message":"request complete","session":"2d3bf3d7-22b5-49c9-8227-12126292f393","severity":"debug","timestamp":"2026-03-25T12:14:03.223169093Z"}
{"http.req.id":"6e7070b4-9c4a-4831-a632-fb6c74e3d095","http.req.method":"GET","http.req.path":"/product/66VCHSJNUP","message":"request started","session":"32217267-98ca-4d66-9fc8-3f088b8def0f","severity":"debug","timestamp":"2026-03-25T12:14:03.772905469Z"}
{"currency":"USD","http.req.id":"6e7070b4-9c4a-4831-a632-fb6c74e3d095","http.req.method":"GET","http.req.path":"/product/66VCHSJNUP","id":"66VCHSJNUP","message":"serving product page","session":"32217267-98ca-4d66-9fc8-3f088b8def0f","severity":"debug","timestamp":"2026-03-25T12:14:03.773041851Z"}
{"http.req.id":"6e7070b4-9c4a-4831-a632-fb6c74e3d095","http.req.method":"GET","http.req.path":"/product/66VCHSJNUP","http.resp.bytes":7988,"http.resp.status":200,"http.resp.took_ms":21,"message":"request complete","session":"32217267-98ca-4d66-9fc8-3f088b8def0f","severity":"debug","timestamp":"2026-03-25T12:14:03.794650869Z"}
{"http.req.id":"a51da532-e6d5-479a-9e6f-07a79c461afb","http.req.method":"GET","http.req.path":"/_healthz","message":"request started","session":"x-readiness-probe","severity":"debug","timestamp":"2026-03-25T12:14:06.013095391Z"}
{"http.req.id":"a51da532-e6d5-479a-9e6f-07a79c461afb","http.req.method":"GET","http.req.path":"/_healthz","http.resp.bytes":2,"http.resp.status":200,"http.resp.took_ms":0,"message":"request complete","session":"x-readiness-probe","severity":"debug","timestamp":"2026-03-25T12:14:06.013238557Z"}
{"http.req.id":"90832183-e80c-412c-a58e-2259e8cac4b6","http.req.method":"GET","http.req.path":"/cart","message":"request started","session":"ecb080bf-5333-403f-9547-c8725d499228","severity":"debug","timestamp":"2026-03-25T12:14:06.307853366Z"}
{"http.req.id":"90832183-e80c-412c-a58e-2259e8cac4b6","http.req.method":"GET","http.req.path":"/cart","message":"view user cart","session":"ecb080bf-5333-403f-9547-c8725d499228","severity":"debug","timestamp":"2026-03-25T12:14:06.308027499Z"}
{"http.req.id":"90832183-e80c-412c-a58e-2259e8cac4b6","http.req.method":"GET","http.req.path":"/cart","http.resp.bytes":23159,"http.resp.status":200,"http.resp.took_ms":100,"message":"request complete","session":"ecb080bf-5333-403f-9547-c8725d499228","severity":"debug","timestamp":"2026-03-25T12:14:06.408334956Z"}
{"http.req.id":"991fa88c-ae9d-4b26-9412-9c98dd1e8cd6","http.req.method":"GET","http.req.path":"/product/2ZYFJ3GM2N","message":"request started","session":"fcb2831f-0627-4791-ac1d-23821dc5b140","severity":"debug","timestamp":"2026-03-25T12:14:07.304741968Z"}
{"currency":"GBP","http.req.id":"991fa88c-ae9d-4b26-9412-9c98dd1e8cd6","http.req.method":"GET","http.req.path":"/product/2ZYFJ3GM2N","id":"2ZYFJ3GM2N","message":"serving product page","session":"fcb2831f-0627-4791-ac1d-23821dc5b140","severity":"debug","timestamp":"2026-03-25T12:14:07.304821293Z"}
{"http.req.id":"991fa88c-ae9d-4b26-9412-9c98dd1e8cd6","http.req.method":"GET","http.req.path":"/product/2ZYFJ3GM2N","http.resp.bytes":8010,"http.resp.status":200,"http.resp.took_ms":31,"message":"request complete","session":"fcb2831f-0627-4791-ac1d-23821dc5b140","severity":"debug","timestamp":"2026-03-25T12:14:07.336408277Z"}
{"http.req.id":"e1fcea4c-cd84-4a2f-a89f-5dfad8196625","http.req.method":"POST","http.req.path":"/cart","message":"request started","session":"fcb2831f-0627-4791-ac1d-23821dc5b140","severity":"debug","timestamp":"2026-03-25T12:14:07.338412909Z"}
{"http.req.id":"e1fcea4c-cd84-4a2f-a89f-5dfad8196625","http.req.method":"POST","http.req.path":"/cart","message":"adding to cart","product":"2ZYFJ3GM2N","quantity":4,"session":"fcb2831f-0627-4791-ac1d-23821dc5b140","severity":"debug","timestamp":"2026-03-25T12:14:07.338637059Z"}
{"http.req.id":"ae3e1cef-35e0-48aa-96e9-8be75aae173e","http.req.method":"GET","http.req.path":"/product/LS4PSXUNUM","message":"request started","session":"514e00c6-206e-4c6e-873f-852b796455de","severity":"debug","timestamp":"2026-03-25T12:14:07.398368333Z"}
{"currency":"TRY","http.req.id":"ae3e1cef-35e0-48aa-96e9-8be75aae173e","http.req.method":"GET","http.req.path":"/product/LS4PSXUNUM","id":"LS4PSXUNUM","message":"serving product page","session":"514e00c6-206e-4c6e-873f-852b796455de","severity":"debug","timestamp":"2026-03-25T12:14:07.398576754Z"}
{"http.req.id":"e1fcea4c-cd84-4a2f-a89f-5dfad8196625","http.req.method":"POST","http.req.path":"/cart","http.resp.bytes":0,"http.resp.status":302,"http.resp.took_ms":60,"message":"request complete","session":"fcb2831f-0627-4791-ac1d-23821dc5b140","severity":"debug","timestamp":"2026-03-25T12:14:07.398422722Z"}
{"http.req.id":"0c84cf81-f32d-48d4-8f64-af7f76d4ef2a","http.req.method":"GET","http.req.path":"/cart","message":"request started","session":"fcb2831f-0627-4791-ac1d-23821dc5b140","severity":"debug","timestamp":"2026-03-25T12:14:07.400671154Z"}
{"http.req.id":"0c84cf81-f32d-48d4-8f64-af7f76d4ef2a","http.req.method":"GET","http.req.path":"/cart","message":"view user cart","session":"fcb2831f-0627-4791-ac1d-23821dc5b140","severity":"debug","timestamp":"2026-03-25T12:14:07.400768196Z"}
{"http.req.id":"ae3e1cef-35e0-48aa-96e9-8be75aae173e","http.req.method":"GET","http.req.path":"/product/LS4PSXUNUM","http.resp.bytes":7970,"http.resp.status":200,"http.resp.took_ms":111,"message":"request complete","session":"514e00c6-206e-4c6e-873f-852b796455de","severity":"debug","timestamp":"2026-03-25T12:14:07.509529854Z"}
{"http.req.id":"0c84cf81-f32d-48d4-8f64-af7f76d4ef2a","http.req.method":"GET","http.req.path":"/cart","http.resp.bytes":24220,"http.resp.status":200,"http.resp.took_ms":215,"message":"request complete","session":"fcb2831f-0627-4791-ac1d-23821dc5b140","severity":"debug","timestamp":"2026-03-25T12:14:07.616166081Z"}
{"http.req.id":"12d95e2c-91ff-4b14-bdec-5c0626de4b70","http.req.method":"POST","http.req.path":"/setCurrency","message":"request started","session":"827eab86-1aba-4a15-8740-5fee5900d10f","severity":"debug","timestamp":"2026-03-25T12:14:08.171153874Z"}
{"curr.new":"USD","curr.old":"GBP","http.req.id":"12d95e2c-91ff-4b14-bdec-5c0626de4b70","http.req.method":"POST","http.req.path":"/setCurrency","message":"setting currency","session":"827eab86-1aba-4a15-8740-5fee5900d10f","severity":"debug","timestamp":"2026-03-25T12:14:08.171382994Z"}
{"http.req.id":"12d95e2c-91ff-4b14-bdec-5c0626de4b70","http.req.method":"POST","http.req.path":"/setCurrency","http.resp.bytes":0,"http.resp.status":302,"http.resp.took_ms":0,"message":"request complete","session":"827eab86-1aba-4a15-8740-5fee5900d10f","severity":"debug","timestamp":"2026-03-25T12:14:08.171497714Z"}
{"http.req.id":"7510135d-37b3-475c-b518-22fbb890fb92","http.req.method":"GET","http.req.path":"/","message":"request started","session":"827eab86-1aba-4a15-8740-5fee5900d10f","severity":"debug","timestamp":"2026-03-25T12:14:08.173224204Z"}
{"currency":"USD","http.req.id":"7510135d-37b3-475c-b518-22fbb890fb92","http.req.method":"GET","http.req.path":"/","message":"home","session":"827eab86-1aba-4a15-8740-5fee5900d10f","severity":"info","timestamp":"2026-03-25T12:14:08.173333328Z"}
env platform is either empty or invalid
{"http.req.id":"7510135d-37b3-475c-b518-22fbb890fb92","http.req.method":"GET","http.req.path":"/","message":"ENV_PLATFORM is: local","session":"827eab86-1aba-4a15-8740-5fee5900d10f","severity":"debug","timestamp":"2026-03-25T12:14:08.206995316Z"}
{"http.req.id":"7510135d-37b3-475c-b518-22fbb890fb92","http.req.method":"GET","http.req.path":"/","http.resp.bytes":10473,"http.resp.status":200,"http.resp.took_ms":37,"message":"request complete","session":"827eab86-1aba-4a15-8740-5fee5900d10f","severity":"debug","timestamp":"2026-03-25T12:14:08.210718713Z"}
{"http.req.id":"d34c8b49-3ed2-4edf-96c1-71419b7cc9c5","http.req.method":"GET","http.req.path":"/product/9SIQT8TOJO","message":"request started","session":"513dd945-739c-4fe3-8e54-6e6927fbb733","severity":"debug","timestamp":"2026-03-25T12:14:08.428160658Z"}
{"currency":"JPY","http.req.id":"d34c8b49-3ed2-4edf-96c1-71419b7cc9c5","http.req.method":"GET","http.req.path":"/product/9SIQT8TOJO","id":"9SIQT8TOJO","message":"serving product page","session":"513dd945-739c-4fe3-8e54-6e6927fbb733","severity":"debug","timestamp":"2026-03-25T12:14:08.428318294Z"}
{"http.req.id":"d34c8b49-3ed2-4edf-96c1-71419b7cc9c5","http.req.method":"GET","http.req.path":"/product/9SIQT8TOJO","http.resp.bytes":8022,"http.resp.status":200,"http.resp.took_ms":23,"message":"request complete","session":"513dd945-739c-4fe3-8e54-6e6927fbb733","severity":"debug","timestamp":"2026-03-25T12:14:08.451777827Z"}
{"http.req.id":"4935f9d1-af94-4a3e-a741-073f107ec2c3","http.req.method":"GET","http.req.path":"/product/6E92ZMYYFZ","message":"request started","session":"df4ce93a-5d92-40a8-93c2-540bf11bbb4d","severity":"debug","timestamp":"2026-03-25T12:14:08.629976816Z"}
{"currency":"USD","http.req.id":"4935f9d1-af94-4a3e-a741-073f107ec2c3","http.req.method":"GET","http.req.path":"/product/6E92ZMYYFZ","id":"6E92ZMYYFZ","message":"serving product page","session":"df4ce93a-5d92-40a8-93c2-540bf11bbb4d","severity":"debug","timestamp":"2026-03-25T12:14:08.630095199Z"}
{"http.req.id":"eb2610c8-e59a-4eb1-8c1c-50bb583500f9","http.req.method":"GET","http.req.path":"/product/66VCHSJNUP","message":"request started","session":"ecb080bf-5333-403f-9547-c8725d499228","severity":"debug","timestamp":"2026-03-25T12:14:08.653449865Z"}
{"currency":"USD","http.req.id":"eb2610c8-e59a-4eb1-8c1c-50bb583500f9","http.req.method":"GET","http.req.path":"/product/66VCHSJNUP","id":"66VCHSJNUP","message":"serving product page","session":"ecb080bf-5333-403f-9547-c8725d499228","severity":"debug","timestamp":"2026-03-25T12:14:08.653560173Z"}
{"http.req.id":"4935f9d1-af94-4a3e-a741-073f107ec2c3","http.req.method":"GET","http.req.path":"/product/6E92ZMYYFZ","http.resp.bytes":7954,"http.resp.status":200,"http.resp.took_ms":26,"message":"request complete","session":"df4ce93a-5d92-40a8-93c2-540bf11bbb4d","severity":"debug","timestamp":"2026-03-25T12:14:08.656556783Z"}
{"http.req.id":"db8f643d-8288-4909-9a1c-8ccc276bab8f","http.req.method":"POST","http.req.path":"/cart","message":"request started","session":"df4ce93a-5d92-40a8-93c2-540bf11bbb4d","severity":"debug","timestamp":"2026-03-25T12:14:08.658491619Z"}
{"http.req.id":"db8f643d-8288-4909-9a1c-8ccc276bab8f","http.req.method":"POST","http.req.path":"/cart","message":"adding to cart","product":"6E92ZMYYFZ","quantity":8,"session":"df4ce93a-5d92-40a8-93c2-540bf11bbb4d","severity":"debug","timestamp":"2026-03-25T12:14:08.658690762Z"}
{"http.req.id":"db8f643d-8288-4909-9a1c-8ccc276bab8f","http.req.method":"POST","http.req.path":"/cart","http.resp.bytes":0,"http.resp.status":302,"http.resp.took_ms":39,"message":"request complete","session":"df4ce93a-5d92-40a8-93c2-540bf11bbb4d","severity":"debug","timestamp":"2026-03-25T12:14:08.698083825Z"}
{"http.req.id":"9736e428-3451-461e-84f6-039634e64641","http.req.method":"GET","http.req.path":"/cart","message":"request started","session":"df4ce93a-5d92-40a8-93c2-540bf11bbb4d","severity":"debug","timestamp":"2026-03-25T12:14:08.699935356Z"}
{"http.req.id":"9736e428-3451-461e-84f6-039634e64641","http.req.method":"GET","http.req.path":"/cart","message":"view user cart","session":"df4ce93a-5d92-40a8-93c2-540bf11bbb4d","severity":"debug","timestamp":"2026-03-25T12:14:08.70003002Z"}
{"http.req.id":"eb2610c8-e59a-4eb1-8c1c-50bb583500f9","http.req.method":"GET","http.req.path":"/product/66VCHSJNUP","http.resp.bytes":7990,"http.resp.status":200,"http.resp.took_ms":53,"message":"request complete","session":"ecb080bf-5333-403f-9547-c8725d499228","severity":"debug","timestamp":"2026-03-25T12:14:08.706893227Z"}
{"http.req.id":"9736e428-3451-461e-84f6-039634e64641","http.req.method":"GET","http.req.path":"/cart","http.resp.bytes":17798,"http.resp.status":200,"http.resp.took_ms":111,"message":"request complete","session":"df4ce93a-5d92-40a8-93c2-540bf11bbb4d","severity":"debug","timestamp":"2026-03-25T12:14:08.811446962Z"}
{"http.req.id":"59d274e4-401d-48e7-a1a4-a54cb319afec","http.req.method":"GET","http.req.path":"/cart","message":"request started","session":"2d3bf3d7-22b5-49c9-8227-12126292f393","severity":"debug","timestamp":"2026-03-25T12:14:09.053045894Z"}
{"http.req.id":"59d274e4-401d-48e7-a1a4-a54cb319afec","http.req.method":"GET","http.req.path":"/cart","message":"view user cart","session":"2d3bf3d7-22b5-49c9-8227-12126292f393","severity":"debug","timestamp":"2026-03-25T12:14:09.053126749Z"}
{"http.req.id":"59d274e4-401d-48e7-a1a4-a54cb319afec","http.req.method":"GET","http.req.path":"/cart","http.resp.bytes":6800,"http.resp.status":200,"http.resp.took_ms":21,"message":"request complete","session":"2d3bf3d7-22b5-49c9-8227-12126292f393","severity":"debug","timestamp":"2026-03-25T12:14:09.074680261Z"}
{"http.req.id":"a7f77006-d0d4-435e-8e3c-1bc829454fa4","http.req.method":"POST","http.req.path":"/setCurrency","message":"request started","session":"32217267-98ca-4d66-9fc8-3f088b8def0f","severity":"debug","timestamp":"2026-03-25T12:14:09.4258288Z"}
{"curr.new":"GBP","curr.old":"USD","http.req.id":"a7f77006-d0d4-435e-8e3c-1bc829454fa4","http.req.method":"POST","http.req.path":"/setCurrency","message":"setting currency","session":"32217267-98ca-4d66-9fc8-3f088b8def0f","severity":"debug","timestamp":"2026-03-25T12:14:09.426026206Z"}
{"http.req.id":"a7f77006-d0d4-435e-8e3c-1bc829454fa4","http.req.method":"POST","http.req.path":"/setCurrency","http.resp.bytes":0,"http.resp.status":302,"http.resp.took_ms":0,"message":"request complete","session":"32217267-98ca-4d66-9fc8-3f088b8def0f","severity":"debug","timestamp":"2026-03-25T12:14:09.426072889Z"}
{"http.req.id":"4af8f5eb-922e-4f16-bf78-775903db93d1","http.req.method":"GET","http.req.path":"/","message":"request started","session":"32217267-98ca-4d66-9fc8-3f088b8def0f","severity":"debug","timestamp":"2026-03-25T12:14:09.428212142Z"}
{"currency":"GBP","http.req.id":"4af8f5eb-922e-4f16-bf78-775903db93d1","http.req.method":"GET","http.req.path":"/","message":"home","session":"32217267-98ca-4d66-9fc8-3f088b8def0f","severity":"info","timestamp":"2026-03-25T12:14:09.4282894Z"}
env platform is either empty or invalid
{"http.req.id":"4af8f5eb-922e-4f16-bf78-775903db93d1","http.req.method":"GET","http.req.path":"/","message":"ENV_PLATFORM is: local","session":"32217267-98ca-4d66-9fc8-3f088b8def0f","severity":"debug","timestamp":"2026-03-25T12:14:09.512515306Z"}
{"http.req.id":"4af8f5eb-922e-4f16-bf78-775903db93d1","http.req.method":"GET","http.req.path":"/","http.resp.bytes":10482,"http.resp.status":200,"http.resp.took_ms":88,"message":"request complete","session":"32217267-98ca-4d66-9fc8-3f088b8def0f","severity":"debug","timestamp":"2026-03-25T12:14:09.516992106Z"}
{"http.req.id":"fddfb27e-6539-4f34-9970-aed650d269d6","http.req.method":"GET","http.req.path":"/product/66VCHSJNUP","message":"request started","session":"a38c2610-1665-4c93-8051-4c451f5de325","severity":"debug","timestamp":"2026-03-25T12:14:09.944879051Z"}
{"currency":"USD","http.req.id":"fddfb27e-6539-4f34-9970-aed650d269d6","http.req.method":"GET","http.req.path":"/product/66VCHSJNUP","id":"66VCHSJNUP","message":"serving product page","session":"a38c2610-1665-4c93-8051-4c451f5de325","severity":"debug","timestamp":"2026-03-25T12:14:09.945114074Z"}
{"http.req.id":"fddfb27e-6539-4f34-9970-aed650d269d6","http.req.method":"GET","http.req.path":"/product/66VCHSJNUP","http.resp.bytes":7914,"http.resp.status":200,"http.resp.took_ms":23,"message":"request complete","session":"a38c2610-1665-4c93-8051-4c451f5de325","severity":"debug","timestamp":"2026-03-25T12:14:09.968795481Z"}
{"http.req.id":"5fb7ff5e-a989-4254-b99b-d2cefc4672e4","http.req.method":"GET","http.req.path":"/product/L9ECAV7KIM","message":"request started","session":"df4ce93a-5d92-40a8-93c2-540bf11bbb4d","severity":"debug","timestamp":"2026-03-25T12:14:10.02280122Z"}
{"currency":"USD","http.req.id":"5fb7ff5e-a989-4254-b99b-d2cefc4672e4","http.req.method":"GET","http.req.path":"/product/L9ECAV7KIM","id":"L9ECAV7KIM","message":"serving product page","session":"df4ce93a-5d92-40a8-93c2-540bf11bbb4d","severity":"debug","timestamp":"2026-03-25T12:14:10.022912739Z"}
{"http.req.id":"5fb7ff5e-a989-4254-b99b-d2cefc4672e4","http.req.method":"GET","http.req.path":"/product/L9ECAV7KIM","http.resp.bytes":7973,"http.resp.status":200,"http.resp.took_ms":21,"message":"request complete","session":"df4ce93a-5d92-40a8-93c2-540bf11bbb4d","severity":"debug","timestamp":"2026-03-25T12:14:10.044564933Z"}
{"http.req.id":"b23c36f2-fd0c-4dd3-b40e-25d972c51456","http.req.method":"POST","http.req.path":"/cart","message":"request started","session":"df4ce93a-5d92-40a8-93c2-540bf11bbb4d","severity":"debug","timestamp":"2026-03-25T12:14:10.046041077Z"}
{"http.req.id":"b23c36f2-fd0c-4dd3-b40e-25d972c51456","http.req.method":"POST","http.req.path":"/cart","message":"adding to cart","product":"L9ECAV7KIM","quantity":5,"session":"df4ce93a-5d92-40a8-93c2-540bf11bbb4d","severity":"debug","timestamp":"2026-03-25T12:14:10.046260895Z"}
{"http.req.id":"b23c36f2-fd0c-4dd3-b40e-25d972c51456","http.req.method":"POST","http.req.path":"/cart","http.resp.bytes":0,"http.resp.status":302,"http.resp.took_ms":4,"message":"request complete","session":"df4ce93a-5d92-40a8-93c2-540bf11bbb4d","severity":"debug","timestamp":"2026-03-25T12:14:10.050610856Z"}
{"http.req.id":"d8529cce-6d18-4c7f-b69a-1e9d291b341a","http.req.method":"GET","http.req.path":"/cart","message":"request started","session":"df4ce93a-5d92-40a8-93c2-540bf11bbb4d","severity":"debug","timestamp":"2026-03-25T12:14:10.05238571Z"}
{"http.req.id":"d8529cce-6d18-4c7f-b69a-1e9d291b341a","http.req.method":"GET","http.req.path":"/cart","message":"view user cart","session":"df4ce93a-5d92-40a8-93c2-540bf11bbb4d","severity":"debug","timestamp":"2026-03-25T12:14:10.052496142Z"}
{"http.req.id":"d8529cce-6d18-4c7f-b69a-1e9d291b341a","http.req.method":"GET","http.req.path":"/cart","http.resp.bytes":19231,"http.resp.status":200,"http.resp.took_ms":71,"message":"request complete","session":"df4ce93a-5d92-40a8-93c2-540bf11bbb4d","severity":"debug","timestamp":"2026-03-25T12:14:10.123890806Z"}
{"http.req.id":"8382ac93-aa6b-450b-862f-a234b6ecaebe","http.req.method":"GET","http.req.path":"/","message":"request started","session":"ecb080bf-5333-403f-9547-c8725d499228","severity":"debug","timestamp":"2026-03-25T12:14:11.052331484Z"}
{"currency":"USD","http.req.id":"8382ac93-aa6b-450b-862f-a234b6ecaebe","http.req.method":"GET","http.req.path":"/","message":"home","session":"ecb080bf-5333-403f-9547-c8725d499228","severity":"info","timestamp":"2026-03-25T12:14:11.052445658Z"}
