{"currency":"USD","http.req.id":"8768b421-c28b-4dd6-81b2-23067469c58b","http.req.method":"GET","http.req.path":"/product/1YMWWN1N4O","id":"1YMWWN1N4O","message":"serving product page","session":"ec0b6821-5225-4ee8-8ec0-1e3bbbdffabb","severity":"debug","timestamp":"2026-03-06T06:02:40.309566005Z"}
env platform is either empty or invalid
{"http.req.id":"8768b421-c28b-4dd6-81b2-23067469c58b","http.req.method":"GET","http.req.path":"/product/1YMWWN1N4O","http.resp.bytes":8050,"http.resp.status":200,"http.resp.took_ms":100,"message":"request complete","session":"ec0b6821-5225-4ee8-8ec0-1e3bbbdffabb","severity":"debug","timestamp":"2026-03-06T06:02:40.410141611Z"}
{"http.req.id":"d8cd97c5-4be3-48da-8d9e-e1aebe86c618","http.req.method":"GET","http.req.path":"/","message":"ENV_PLATFORM is: local","session":"6e21104e-b0bf-4a85-b5c2-ac5af92fa69e","severity":"debug","timestamp":"2026-03-06T06:02:40.438690274Z"}
{"http.req.id":"d8cd97c5-4be3-48da-8d9e-e1aebe86c618","http.req.method":"GET","http.req.path":"/","http.resp.bytes":10607,"http.resp.status":200,"http.resp.took_ms":149,"message":"request complete","session":"6e21104e-b0bf-4a85-b5c2-ac5af92fa69e","severity":"debug","timestamp":"2026-03-06T06:02:40.44131402Z"}
{"http.req.id":"66d10614-0abc-44ca-9d4e-75e6b7eae41e","http.req.method":"GET","http.req.path":"/product/66VCHSJNUP","message":"request started","session":"fa2d8e54-c567-4c66-b702-8bb183ef4a46","severity":"debug","timestamp":"2026-03-06T06:02:40.635272459Z"}
{"currency":"GBP","http.req.id":"66d10614-0abc-44ca-9d4e-75e6b7eae41e","http.req.method":"GET","http.req.path":"/product/66VCHSJNUP","id":"66VCHSJNUP","message":"serving product page","session":"fa2d8e54-c567-4c66-b702-8bb183ef4a46","severity":"debug","timestamp":"2026-03-06T06:02:40.635438585Z"}
{"http.req.id":"66d10614-0abc-44ca-9d4e-75e6b7eae41e","http.req.method":"GET","http.req.path":"/product/66VCHSJNUP","http.resp.bytes":7948,"http.resp.status":200,"http.resp.took_ms":20,"message":"request complete","session":"fa2d8e54-c567-4c66-b702-8bb183ef4a46","severity":"debug","timestamp":"2026-03-06T06:02:40.656059201Z"}
{"http.req.id":"528bcdf3-5653-4d65-ae74-639a681da636","http.req.method":"GET","http.req.path":"/product/1YMWWN1N4O","message":"request started","session":"3e105862-e07a-48bd-9f67-033f05224f8f","severity":"debug","timestamp":"2026-03-06T06:02:40.993205738Z"}
{"currency":"TRY","http.req.id":"528bcdf3-5653-4d65-ae74-639a681da636","http.req.method":"GET","http.req.path":"/product/1YMWWN1N4O","id":"1YMWWN1N4O","message":"serving product page","session":"3e105862-e07a-48bd-9f67-033f05224f8f","severity":"debug","timestamp":"2026-03-06T06:02:40.993273867Z"}
{"http.req.id":"528bcdf3-5653-4d65-ae74-639a681da636","http.req.method":"GET","http.req.path":"/product/1YMWWN1N4O","http.resp.bytes":8006,"http.resp.status":200,"http.resp.took_ms":16,"message":"request complete","session":"3e105862-e07a-48bd-9f67-033f05224f8f","severity":"debug","timestamp":"2026-03-06T06:02:41.009891396Z"}
{"http.req.id":"f052ad3f-164c-48d4-a5f3-791b42395aa1","http.req.method":"GET","http.req.path":"/product/9SIQT8TOJO","message":"request started","session":"b1a1fb98-93d6-41f8-9605-e0c8a82d1d3c","severity":"debug","timestamp":"2026-03-06T06:02:41.028237548Z"}
{"currency":"JPY","http.req.id":"f052ad3f-164c-48d4-a5f3-791b42395aa1","http.req.method":"GET","http.req.path":"/product/9SIQT8TOJO","id":"9SIQT8TOJO","message":"serving product page","session":"b1a1fb98-93d6-41f8-9605-e0c8a82d1d3c","severity":"debug","timestamp":"2026-03-06T06:02:41.028328755Z"}
{"http.req.id":"f052ad3f-164c-48d4-a5f3-791b42395aa1","http.req.method":"GET","http.req.path":"/product/9SIQT8TOJO","http.resp.bytes":8071,"http.resp.status":200,"http.resp.took_ms":16,"message":"request complete","session":"b1a1fb98-93d6-41f8-9605-e0c8a82d1d3c","severity":"debug","timestamp":"2026-03-06T06:02:41.044564842Z"}
{"http.req.id":"5feeb341-2469-4d35-a4cb-596e06b6d3af","http.req.method":"GET","http.req.path":"/_healthz","message":"request started","session":"x-readiness-probe","severity":"debug","timestamp":"2026-03-06T06:02:41.163073141Z"}
{"http.req.id":"5feeb341-2469-4d35-a4cb-596e06b6d3af","http.req.method":"GET","http.req.path":"/_healthz","http.resp.bytes":2,"http.resp.status":200,"http.resp.took_ms":0,"message":"request complete","session":"x-readiness-probe","severity":"debug","timestamp":"2026-03-06T06:02:41.163234Z"}
{"http.req.id":"6fb54093-e276-410f-87e4-a556313be331","http.req.method":"GET","http.req.path":"/product/9SIQT8TOJO","message":"request started","session":"89995d91-ad5c-4838-8317-c04497a5d805","severity":"debug","timestamp":"2026-03-06T06:02:41.464981507Z"}
{"currency":"CAD","http.req.id":"6fb54093-e276-410f-87e4-a556313be331","http.req.method":"GET","http.req.path":"/product/9SIQT8TOJO","id":"9SIQT8TOJO","message":"serving product page","session":"89995d91-ad5c-4838-8317-c04497a5d805","severity":"debug","timestamp":"2026-03-06T06:02:41.465053753Z"}
{"http.req.id":"6fb54093-e276-410f-87e4-a556313be331","http.req.method":"GET","http.req.path":"/product/9SIQT8TOJO","http.resp.bytes":8050,"http.resp.status":200,"http.resp.took_ms":18,"message":"request complete","session":"89995d91-ad5c-4838-8317-c04497a5d805","severity":"debug","timestamp":"2026-03-06T06:02:41.483565061Z"}
{"http.req.id":"a2904ebe-4c07-4c46-9bb4-c3704f900fc2","http.req.method":"GET","http.req.path":"/","message":"request started","session":"b1a1fb98-93d6-41f8-9605-e0c8a82d1d3c","severity":"debug","timestamp":"2026-03-06T06:02:42.437673145Z"}
{"currency":"JPY","http.req.id":"a2904ebe-4c07-4c46-9bb4-c3704f900fc2","http.req.method":"GET","http.req.path":"/","message":"home","session":"b1a1fb98-93d6-41f8-9605-e0c8a82d1d3c","severity":"info","timestamp":"2026-03-06T06:02:42.437763183Z"}
env platform is either empty or invalid
{"http.req.id":"a2904ebe-4c07-4c46-9bb4-c3704f900fc2","http.req.method":"GET","http.req.path":"/","message":"ENV_PLATFORM is: local","session":"b1a1fb98-93d6-41f8-9605-e0c8a82d1d3c","severity":"debug","timestamp":"2026-03-06T06:02:42.50273236Z"}
{"http.req.id":"a2904ebe-4c07-4c46-9bb4-c3704f900fc2","http.req.method":"GET","http.req.path":"/","http.resp.bytes":10618,"http.resp.status":200,"http.resp.took_ms":68,"message":"request complete","session":"b1a1fb98-93d6-41f8-9605-e0c8a82d1d3c","severity":"debug","timestamp":"2026-03-06T06:02:42.505959106Z"}
{"http.req.id":"076b06fe-9735-4451-b817-9b12475095d9","http.req.method":"GET","http.req.path":"/product/1YMWWN1N4O","message":"request started","session":"f9734e3a-0615-43dc-908b-1b8be30715f4","severity":"debug","timestamp":"2026-03-06T06:02:42.566012557Z"}
{"currency":"TRY","http.req.id":"076b06fe-9735-4451-b817-9b12475095d9","http.req.method":"GET","http.req.path":"/product/1YMWWN1N4O","id":"1YMWWN1N4O","message":"serving product page","session":"f9734e3a-0615-43dc-908b-1b8be30715f4","severity":"debug","timestamp":"2026-03-06T06:02:42.566109458Z"}
{"http.req.id":"076b06fe-9735-4451-b817-9b12475095d9","http.req.method":"GET","http.req.path":"/product/1YMWWN1N4O","http.resp.bytes":7984,"http.resp.status":200,"http.resp.took_ms":13,"message":"request complete","session":"f9734e3a-0615-43dc-908b-1b8be30715f4","severity":"debug","timestamp":"2026-03-06T06:02:42.579391621Z"}
{"http.req.id":"dd36b0c7-a811-4202-943c-92d669ba0ba2","http.req.method":"GET","http.req.path":"/","message":"request started","session":"3e105862-e07a-48bd-9f67-033f05224f8f","severity":"debug","timestamp":"2026-03-06T06:02:43.598729858Z"}
{"currency":"TRY","http.req.id":"dd36b0c7-a811-4202-943c-92d669ba0ba2","http.req.method":"GET","http.req.path":"/","message":"home","session":"3e105862-e07a-48bd-9f67-033f05224f8f","severity":"info","timestamp":"2026-03-06T06:02:43.598799157Z"}
env platform is either empty or invalid
{"http.req.id":"dd36b0c7-a811-4202-943c-92d669ba0ba2","http.req.method":"GET","http.req.path":"/","message":"ENV_PLATFORM is: local","session":"3e105862-e07a-48bd-9f67-033f05224f8f","severity":"debug","timestamp":"2026-03-06T06:02:43.61735534Z"}
{"http.req.id":"dd36b0c7-a811-4202-943c-92d669ba0ba2","http.req.method":"GET","http.req.path":"/","http.resp.bytes":10527,"http.resp.status":200,"http.resp.took_ms":21,"message":"request complete","session":"3e105862-e07a-48bd-9f67-033f05224f8f","severity":"debug","timestamp":"2026-03-06T06:02:43.619725534Z"}
{"http.req.id":"744cb37b-59dc-452e-b2e7-263528a67c33","http.req.method":"GET","http.req.path":"/cart","message":"request started","session":"eed418e8-7ab1-4992-b9a1-40aeb0d3dc43","severity":"debug","timestamp":"2026-03-06T06:02:43.780021873Z"}
{"http.req.id":"744cb37b-59dc-452e-b2e7-263528a67c33","http.req.method":"GET","http.req.path":"/cart","message":"view user cart","session":"eed418e8-7ab1-4992-b9a1-40aeb0d3dc43","severity":"debug","timestamp":"2026-03-06T06:02:43.780153578Z"}
{"http.req.id":"744cb37b-59dc-452e-b2e7-263528a67c33","http.req.method":"GET","http.req.path":"/cart","http.resp.bytes":6880,"http.resp.status":200,"http.resp.took_ms":24,"message":"request complete","session":"eed418e8-7ab1-4992-b9a1-40aeb0d3dc43","severity":"debug","timestamp":"2026-03-06T06:02:43.804704027Z"}
{"http.req.id":"3e2a65e7-4fe4-487a-952e-aa7c46ae5ffc","http.req.method":"GET","http.req.path":"/cart","message":"request started","session":"0994b18b-93e7-4775-a2c5-e29dc0e6d5bb","severity":"debug","timestamp":"2026-03-06T06:02:44.975127604Z"}
{"http.req.id":"3e2a65e7-4fe4-487a-952e-aa7c46ae5ffc","http.req.method":"GET","http.req.path":"/cart","message":"view user cart","session":"0994b18b-93e7-4775-a2c5-e29dc0e6d5bb","severity":"debug","timestamp":"2026-03-06T06:02:44.975224666Z"}
{"http.req.id":"3e2a65e7-4fe4-487a-952e-aa7c46ae5ffc","http.req.method":"GET","http.req.path":"/cart","http.resp.bytes":6890,"http.resp.status":200,"http.resp.took_ms":11,"message":"request complete","session":"0994b18b-93e7-4775-a2c5-e29dc0e6d5bb","severity":"debug","timestamp":"2026-03-06T06:02:44.986636018Z"}
{"http.req.id":"bd8c4808-d1d5-415b-b943-8a643716a648","http.req.method":"GET","http.req.path":"/product/LS4PSXUNUM","message":"request started","session":"ec0b6821-5225-4ee8-8ec0-1e3bbbdffabb","severity":"debug","timestamp":"2026-03-06T06:02:45.201875928Z"}
{"currency":"USD","http.req.id":"bd8c4808-d1d5-415b-b943-8a643716a648","http.req.method":"GET","http.req.path":"/product/LS4PSXUNUM","id":"LS4PSXUNUM","message":"serving product page","session":"ec0b6821-5225-4ee8-8ec0-1e3bbbdffabb","severity":"debug","timestamp":"2026-03-06T06:02:45.201951637Z"}
{"http.req.id":"bd8c4808-d1d5-415b-b943-8a643716a648","http.req.method":"GET","http.req.path":"/product/LS4PSXUNUM","http.resp.bytes":8057,"http.resp.status":200,"http.resp.took_ms":15,"message":"request complete","session":"ec0b6821-5225-4ee8-8ec0-1e3bbbdffabb","severity":"debug","timestamp":"2026-03-06T06:02:45.217195233Z"}
{"http.req.id":"78e89d18-f339-4eec-8fcf-77a1f92e3950","http.req.method":"POST","http.req.path":"/cart","message":"request started","session":"ec0b6821-5225-4ee8-8ec0-1e3bbbdffabb","severity":"debug","timestamp":"2026-03-06T06:02:45.218031185Z"}
{"http.req.id":"78e89d18-f339-4eec-8fcf-77a1f92e3950","http.req.method":"POST","http.req.path":"/cart","message":"adding to cart","product":"LS4PSXUNUM","quantity":5,"session":"ec0b6821-5225-4ee8-8ec0-1e3bbbdffabb","severity":"debug","timestamp":"2026-03-06T06:02:45.218109218Z"}
{"http.req.id":"78e89d18-f339-4eec-8fcf-77a1f92e3950","http.req.method":"POST","http.req.path":"/cart","http.resp.bytes":0,"http.resp.status":302,"http.resp.took_ms":3,"message":"request complete","session":"ec0b6821-5225-4ee8-8ec0-1e3bbbdffabb","severity":"debug","timestamp":"2026-03-06T06:02:45.221491901Z"}
{"http.req.id":"eeab6b1e-cfb3-4cdb-8de7-09e4f3c31376","http.req.method":"GET","http.req.path":"/cart","message":"request started","session":"ec0b6821-5225-4ee8-8ec0-1e3bbbdffabb","severity":"debug","timestamp":"2026-03-06T06:02:45.222579658Z"}
{"http.req.id":"eeab6b1e-cfb3-4cdb-8de7-09e4f3c31376","http.req.method":"GET","http.req.path":"/cart","message":"view user cart","session":"ec0b6821-5225-4ee8-8ec0-1e3bbbdffabb","severity":"debug","timestamp":"2026-03-06T06:02:45.222616276Z"}
{"http.req.id":"eeab6b1e-cfb3-4cdb-8de7-09e4f3c31376","http.req.method":"GET","http.req.path":"/cart","http.resp.bytes":19300,"http.resp.status":200,"http.resp.took_ms":83,"message":"request complete","session":"ec0b6821-5225-4ee8-8ec0-1e3bbbdffabb","severity":"debug","timestamp":"2026-03-06T06:02:45.305703313Z"}
{"http.req.id":"c06b1b37-031c-43e6-9507-0a657939b531","http.req.method":"POST","http.req.path":"/cart/checkout","message":"request started","session":"ec0b6821-5225-4ee8-8ec0-1e3bbbdffabb","severity":"debug","timestamp":"2026-03-06T06:02:45.30882215Z"}
{"http.req.id":"c06b1b37-031c-43e6-9507-0a657939b531","http.req.method":"POST","http.req.path":"/cart/checkout","message":"placing order","session":"ec0b6821-5225-4ee8-8ec0-1e3bbbdffabb","severity":"debug","timestamp":"2026-03-06T06:02:45.308911825Z"}
{"http.req.id":"c06b1b37-031c-43e6-9507-0a657939b531","http.req.method":"POST","http.req.path":"/cart/checkout","message":"order placed","order":"1856780b-1922-11f1-af47-fabc357e427c","session":"ec0b6821-5225-4ee8-8ec0-1e3bbbdffabb","severity":"info","timestamp":"2026-03-06T06:02:45.336984302Z"}
{"http.req.id":"c06b1b37-031c-43e6-9507-0a657939b531","http.req.method":"POST","http.req.path":"/cart/checkout","http.resp.bytes":6821,"http.resp.status":200,"http.resp.took_ms":40,"message":"request complete","session":"ec0b6821-5225-4ee8-8ec0-1e3bbbdffabb","severity":"debug","timestamp":"2026-03-06T06:02:45.348843646Z"}
{"http.req.id":"a81406c0-669f-443e-82f5-fcd0f00995c4","http.req.method":"GET","http.req.path":"/product/9SIQT8TOJO","message":"request started","session":"6e21104e-b0bf-4a85-b5c2-ac5af92fa69e","severity":"debug","timestamp":"2026-03-06T06:02:45.978397455Z"}
{"currency":"EUR","http.req.id":"a81406c0-669f-443e-82f5-fcd0f00995c4","http.req.method":"GET","http.req.path":"/product/9SIQT8TOJO","id":"9SIQT8TOJO","message":"serving product page","session":"6e21104e-b0bf-4a85-b5c2-ac5af92fa69e","severity":"debug","timestamp":"2026-03-06T06:02:45.978437044Z"}
{"http.req.id":"a81406c0-669f-443e-82f5-fcd0f00995c4","http.req.method":"GET","http.req.path":"/product/9SIQT8TOJO","http.resp.bytes":8069,"http.resp.status":200,"http.resp.took_ms":11,"message":"request complete","session":"6e21104e-b0bf-4a85-b5c2-ac5af92fa69e","severity":"debug","timestamp":"2026-03-06T06:02:45.989666017Z"}
{"http.req.id":"f50fdbba-d753-4d36-94c9-dba3fcc04ac8","http.req.method":"GET","http.req.path":"/product/2ZYFJ3GM2N","message":"request started","session":"3e105862-e07a-48bd-9f67-033f05224f8f","severity":"debug","timestamp":"2026-03-06T06:02:46.803571663Z"}
{"currency":"TRY","http.req.id":"f50fdbba-d753-4d36-94c9-dba3fcc04ac8","http.req.method":"GET","http.req.path":"/product/2ZYFJ3GM2N","id":"2ZYFJ3GM2N","message":"serving product page","session":"3e105862-e07a-48bd-9f67-033f05224f8f","severity":"debug","timestamp":"2026-03-06T06:02:46.803642163Z"}
{"http.req.id":"f50fdbba-d753-4d36-94c9-dba3fcc04ac8","http.req.method":"GET","http.req.path":"/product/2ZYFJ3GM2N","http.resp.bytes":7943,"http.resp.status":200,"http.resp.took_ms":9,"message":"request complete","session":"3e105862-e07a-48bd-9f67-033f05224f8f","severity":"debug","timestamp":"2026-03-06T06:02:46.813030231Z"}
{"http.req.id":"900866ab-a634-46f5-a215-6a81772e7147","http.req.method":"POST","http.req.path":"/cart","message":"request started","session":"3e105862-e07a-48bd-9f67-033f05224f8f","severity":"debug","timestamp":"2026-03-06T06:02:46.813923393Z"}
{"http.req.id":"900866ab-a634-46f5-a215-6a81772e7147","http.req.method":"POST","http.req.path":"/cart","message":"adding to cart","product":"2ZYFJ3GM2N","quantity":2,"session":"3e105862-e07a-48bd-9f67-033f05224f8f","severity":"debug","timestamp":"2026-03-06T06:02:46.814061025Z"}
{"http.req.id":"900866ab-a634-46f5-a215-6a81772e7147","http.req.method":"POST","http.req.path":"/cart","http.resp.bytes":0,"http.resp.status":302,"http.resp.took_ms":2,"message":"request complete","session":"3e105862-e07a-48bd-9f67-033f05224f8f","severity":"debug","timestamp":"2026-03-06T06:02:46.816391056Z"}
{"http.req.id":"92912e36-bcbb-488d-8fbd-1bfc94043953","http.req.method":"GET","http.req.path":"/cart","message":"request started","session":"3e105862-e07a-48bd-9f67-033f05224f8f","severity":"debug","timestamp":"2026-03-06T06:02:46.817347367Z"}
{"http.req.id":"92912e36-bcbb-488d-8fbd-1bfc94043953","http.req.method":"GET","http.req.path":"/cart","message":"view user cart","session":"3e105862-e07a-48bd-9f67-033f05224f8f","severity":"debug","timestamp":"2026-03-06T06:02:46.817412934Z"}
{"http.req.id":"92912e36-bcbb-488d-8fbd-1bfc94043953","http.req.method":"GET","http.req.path":"/cart","http.resp.bytes":16448,"http.resp.status":200,"http.resp.took_ms":10,"message":"request complete","session":"3e105862-e07a-48bd-9f67-033f05224f8f","severity":"debug","timestamp":"2026-03-06T06:02:46.828087634Z"}
{"http.req.id":"aa6cc9d5-2c8b-4de8-a461-9f7d3895d7cb","http.req.method":"POST","http.req.path":"/cart/checkout","message":"request started","session":"3e105862-e07a-48bd-9f67-033f05224f8f","severity":"debug","timestamp":"2026-03-06T06:02:46.829429209Z"}
{"http.req.id":"aa6cc9d5-2c8b-4de8-a461-9f7d3895d7cb","http.req.method":"POST","http.req.path":"/cart/checkout","message":"placing order","session":"3e105862-e07a-48bd-9f67-033f05224f8f","severity":"debug","timestamp":"2026-03-06T06:02:46.82947985Z"}
{"http.req.id":"aa6cc9d5-2c8b-4de8-a461-9f7d3895d7cb","http.req.method":"POST","http.req.path":"/cart/checkout","message":"order placed","order":"193e6971-1922-11f1-af47-fabc357e427c","session":"3e105862-e07a-48bd-9f67-033f05224f8f","severity":"info","timestamp":"2026-03-06T06:02:46.8400595Z"}
{"http.req.id":"aa6cc9d5-2c8b-4de8-a461-9f7d3895d7cb","http.req.method":"POST","http.req.path":"/cart/checkout","http.resp.bytes":6817,"http.resp.status":200,"http.resp.took_ms":16,"message":"request complete","session":"3e105862-e07a-48bd-9f67-033f05224f8f","severity":"debug","timestamp":"2026-03-06T06:02:46.845693921Z"}
{"http.req.id":"93554334-a980-444b-b57f-561740d77fc9","http.req.method":"GET","http.req.path":"/cart","message":"request started","session":"fa2d8e54-c567-4c66-b702-8bb183ef4a46","severity":"debug","timestamp":"2026-03-06T06:02:46.916770681Z"}
{"http.req.id":"93554334-a980-444b-b57f-561740d77fc9","http.req.method":"GET","http.req.path":"/cart","message":"view user cart","session":"fa2d8e54-c567-4c66-b702-8bb183ef4a46","severity":"debug","timestamp":"2026-03-06T06:02:46.916823892Z"}
{"http.req.id":"93554334-a980-444b-b57f-561740d77fc9","http.req.method":"GET","http.req.path":"/cart","http.resp.bytes":6894,"http.resp.status":200,"http.resp.took_ms":9,"message":"request complete","session":"fa2d8e54-c567-4c66-b702-8bb183ef4a46","severity":"debug","timestamp":"2026-03-06T06:02:46.926076122Z"}
{"http.req.id":"fcf9a719-0395-479f-86a8-ce13069eb26a","http.req.method":"GET","http.req.path":"/product/6E92ZMYYFZ","message":"request started","session":"0994b18b-93e7-4775-a2c5-e29dc0e6d5bb","severity":"debug","timestamp":"2026-03-06T06:02:47.263261859Z"}
{"currency":"GBP","http.req.id":"fcf9a719-0395-479f-86a8-ce13069eb26a","http.req.method":"GET","http.req.path":"/product/6E92ZMYYFZ","id":"6E92ZMYYFZ","message":"serving product page","session":"0994b18b-93e7-4775-a2c5-e29dc0e6d5bb","severity":"debug","timestamp":"2026-03-06T06:02:47.263315995Z"}
{"http.req.id":"fcf9a719-0395-479f-86a8-ce13069eb26a","http.req.method":"GET","http.req.path":"/product/6E92ZMYYFZ","http.resp.bytes":7935,"http.resp.status":200,"http.resp.took_ms":8,"message":"request complete","session":"0994b18b-93e7-4775-a2c5-e29dc0e6d5bb","severity":"debug","timestamp":"2026-03-06T06:02:47.2721925Z"}
{"http.req.id":"7a0b9d3f-5fb9-447f-a46e-9ceafd0736d7","http.req.method":"GET","http.req.path":"/","message":"request started","session":"ec0b6821-5225-4ee8-8ec0-1e3bbbdffabb","severity":"debug","timestamp":"2026-03-06T06:02:47.360316595Z"}
{"currency":"USD","http.req.id":"7a0b9d3f-5fb9-447f-a46e-9ceafd0736d7","http.req.method":"GET","http.req.path":"/","message":"home","session":"ec0b6821-5225-4ee8-8ec0-1e3bbbdffabb","severity":"info","timestamp":"2026-03-06T06:02:47.360377578Z"}
env platform is either empty or invalid
{"http.req.id":"7a0b9d3f-5fb9-447f-a46e-9ceafd0736d7","http.req.method":"GET","http.req.path":"/","message":"ENV_PLATFORM is: local","session":"ec0b6821-5225-4ee8-8ec0-1e3bbbdffabb","severity":"debug","timestamp":"2026-03-06T06:02:47.414970482Z"}
{"http.req.id":"7a0b9d3f-5fb9-447f-a46e-9ceafd0736d7","http.req.method":"GET","http.req.path":"/","http.resp.bytes":10499,"http.resp.status":200,"http.resp.took_ms":57,"message":"request complete","session":"ec0b6821-5225-4ee8-8ec0-1e3bbbdffabb","severity":"debug","timestamp":"2026-03-06T06:02:47.41796552Z"}
{"http.req.id":"be579baf-d904-43da-a246-6e1705f9fd36","http.req.method":"GET","http.req.path":"/product/66VCHSJNUP","message":"request started","session":"d7d3227d-0824-4f40-a472-c039f0192426","severity":"debug","timestamp":"2026-03-06T06:02:47.595967015Z"}
{"currency":"JPY","http.req.id":"be579baf-d904-43da-a246-6e1705f9fd36","http.req.method":"GET","http.req.path":"/product/66VCHSJNUP","id":"66VCHSJNUP","message":"serving product page","session":"d7d3227d-0824-4f40-a472-c039f0192426","severity":"debug","timestamp":"2026-03-06T06:02:47.596094415Z"}
{"http.req.id":"be579baf-d904-43da-a246-6e1705f9fd36","http.req.method":"GET","http.req.path":"/product/66VCHSJNUP","http.resp.bytes":8021,"http.resp.status":200,"http.resp.took_ms":23,"message":"request complete","session":"d7d3227d-0824-4f40-a472-c039f0192426","severity":"debug","timestamp":"2026-03-06T06:02:47.619131926Z"}
{"http.req.id":"178c26c8-5780-42d6-8149-52d502815eef","http.req.method":"GET","http.req.path":"/_healthz","message":"request started","session":"x-liveness-probe","severity":"debug","timestamp":"2026-03-06T06:02:48.433548772Z"}
{"http.req.id":"178c26c8-5780-42d6-8149-52d502815eef","http.req.method":"GET","http.req.path":"/_healthz","http.resp.bytes":2,"http.resp.status":200,"http.resp.took_ms":0,"message":"request complete","session":"x-liveness-probe","severity":"debug","timestamp":"2026-03-06T06:02:48.433644402Z"}
{"http.req.id":"9e144e20-fb94-44ff-aaad-cda10dd99fda","http.req.method":"GET","http.req.path":"/cart","message":"request started","session":"6e21104e-b0bf-4a85-b5c2-ac5af92fa69e","severity":"debug","timestamp":"2026-03-06T06:02:48.695945691Z"}
{"http.req.id":"9e144e20-fb94-44ff-aaad-cda10dd99fda","http.req.method":"GET","http.req.path":"/cart","message":"view user cart","session":"6e21104e-b0bf-4a85-b5c2-ac5af92fa69e","severity":"debug","timestamp":"2026-03-06T06:02:48.696022106Z"}
{"http.req.id":"9e144e20-fb94-44ff-aaad-cda10dd99fda","http.req.method":"GET","http.req.path":"/cart","http.resp.bytes":16439,"http.resp.status":200,"http.resp.took_ms":12,"message":"request complete","session":"6e21104e-b0bf-4a85-b5c2-ac5af92fa69e","severity":"debug","timestamp":"2026-03-06T06:02:48.708432563Z"}
{"http.req.id":"1c36a184-6d8f-41f0-9383-84832d25c86b","http.req.method":"GET","http.req.path":"/cart","message":"request started","session":"89995d91-ad5c-4838-8317-c04497a5d805","severity":"debug","timestamp":"2026-03-06T06:02:48.969153181Z"}
{"http.req.id":"1c36a184-6d8f-41f0-9383-84832d25c86b","http.req.method":"GET","http.req.path":"/cart","message":"view user cart","session":"89995d91-ad5c-4838-8317-c04497a5d805","severity":"debug","timestamp":"2026-03-06T06:02:48.969300564Z"}
{"http.req.id":"1c36a184-6d8f-41f0-9383-84832d25c86b","http.req.method":"GET","http.req.path":"/cart","http.resp.bytes":17898,"http.resp.status":200,"http.resp.took_ms":20,"message":"request complete","session":"89995d91-ad5c-4838-8317-c04497a5d805","severity":"debug","timestamp":"2026-03-06T06:02:48.989567932Z"}
{"http.req.id":"173170e4-0fc5-4ea4-a2ca-7d2221b8499a","http.req.method":"GET","http.req.path":"/cart","message":"request started","session":"f9734e3a-0615-43dc-908b-1b8be30715f4","severity":"debug","timestamp":"2026-03-06T06:02:49.316043395Z"}
{"http.req.id":"173170e4-0fc5-4ea4-a2ca-7d2221b8499a","http.req.method":"GET","http.req.path":"/cart","message":"view user cart","session":"f9734e3a-0615-43dc-908b-1b8be30715f4","severity":"debug","timestamp":"2026-03-06T06:02:49.316145566Z"}
{"http.req.id":"173170e4-0fc5-4ea4-a2ca-7d2221b8499a","http.req.method":"GET","http.req.path":"/cart","http.resp.bytes":6839,"http.resp.status":200,"http.resp.took_ms":21,"message":"request complete","session":"f9734e3a-0615-43dc-908b-1b8be30715f4","severity":"debug","timestamp":"2026-03-06T06:02:49.33727749Z"}
{"http.req.id":"df1b5cc3-a4ca-4d5e-8c2c-8833686e15f9","http.req.method":"POST","http.req.path":"/setCurrency","message":"request started","session":"b1a1fb98-93d6-41f8-9605-e0c8a82d1d3c","severity":"debug","timestamp":"2026-03-06T06:02:49.905623417Z"}
{"curr.new":"USD","curr.old":"JPY","http.req.id":"df1b5cc3-a4ca-4d5e-8c2c-8833686e15f9","http.req.method":"POST","http.req.path":"/setCurrency","message":"setting currency","session":"b1a1fb98-93d6-41f8-9605-e0c8a82d1d3c","severity":"debug","timestamp":"2026-03-06T06:02:49.905758293Z"}
{"http.req.id":"df1b5cc3-a4ca-4d5e-8c2c-8833686e15f9","http.req.method":"POST","http.req.path":"/setCurrency","http.resp.bytes":0,"http.resp.status":302,"http.resp.took_ms":0,"message":"request complete","session":"b1a1fb98-93d6-41f8-9605-e0c8a82d1d3c","severity":"debug","timestamp":"2026-03-06T06:02:49.90579282Z"}
{"http.req.id":"08cc5f40-6f0d-462a-8dfb-e2cf598b6ade","http.req.method":"GET","http.req.path":"/","message":"request started","session":"b1a1fb98-93d6-41f8-9605-e0c8a82d1d3c","severity":"debug","timestamp":"2026-03-06T06:02:49.907464136Z"}
{"currency":"USD","http.req.id":"08cc5f40-6f0d-462a-8dfb-e2cf598b6ade","http.req.method":"GET","http.req.path":"/","message":"home","session":"b1a1fb98-93d6-41f8-9605-e0c8a82d1d3c","severity":"info","timestamp":"2026-03-06T06:02:49.907544729Z"}
env platform is either empty or invalid
{"http.req.id":"08cc5f40-6f0d-462a-8dfb-e2cf598b6ade","http.req.method":"GET","http.req.path":"/","message":"ENV_PLATFORM is: local","session":"b1a1fb98-93d6-41f8-9605-e0c8a82d1d3c","severity":"debug","timestamp":"2026-03-06T06:02:49.938750766Z"}
{"http.req.id":"08cc5f40-6f0d-462a-8dfb-e2cf598b6ade","http.req.method":"GET","http.req.path":"/","http.resp.bytes":10588,"http.resp.status":200,"http.resp.took_ms":33,"message":"request complete","session":"b1a1fb98-93d6-41f8-9605-e0c8a82d1d3c","severity":"debug","timestamp":"2026-03-06T06:02:49.941168641Z"}
