{"message":"order confirmation email sent to \"fboone@example.net\"","severity":"info","timestamp":"2026-03-06T06:14:40.652103536Z"}
{"message":"[PlaceOrder] user_id=\"89995d91-ad5c-4838-8317-c04497a5d805\" user_currency=\"CAD\"","severity":"info","timestamp":"2026-03-06T06:14:52.528998006Z"}
{"message":"payment went through (transaction_id: 307a1536-585d-401b-9553-7ffa32edf164)","severity":"info","timestamp":"2026-03-06T06:14:52.542447631Z"}
{"message":"order confirmation email sent to \"rachel31@example.com\"","severity":"info","timestamp":"2026-03-06T06:14:52.54901983Z"}
{"message":"[PlaceOrder] user_id=\"eed418e8-7ab1-4992-b9a1-40aeb0d3dc43\" user_currency=\"JPY\"","severity":"info","timestamp":"2026-03-06T06:14:56.045614512Z"}
{"message":"payment went through (transaction_id: 004a543b-1c05-4f91-99d0-66a3b81fa38f)","severity":"info","timestamp":"2026-03-06T06:14:56.129883037Z"}
{"message":"order confirmation email sent to \"nberry@example.net\"","severity":"info","timestamp":"2026-03-06T06:14:56.136581624Z"}
{"message":"[PlaceOrder] user_id=\"eed418e8-7ab1-4992-b9a1-40aeb0d3dc43\" user_currency=\"EUR\"","severity":"info","timestamp":"2026-03-06T06:15:30.589589939Z"}
{"message":"payment went through (transaction_id: 671098bc-f501-49fa-a639-d7917b568e35)","severity":"info","timestamp":"2026-03-06T06:15:30.597580437Z"}
{"message":"order confirmation email sent to \"higginsbrittney@example.com\"","severity":"info","timestamp":"2026-03-06T06:15:30.602673371Z"}
{"message":"[PlaceOrder] user_id=\"eed418e8-7ab1-4992-b9a1-40aeb0d3dc43\" user_currency=\"EUR\"","severity":"info","timestamp":"2026-03-06T06:15:57.612628995Z"}
{"message":"payment went through (transaction_id: d8e0990b-f2c2-44b9-94fd-721007c6e7c2)","severity":"info","timestamp":"2026-03-06T06:15:57.629286915Z"}
{"message":"order confirmation email sent to \"emilythomas@example.net\"","severity":"info","timestamp":"2026-03-06T06:15:57.633751256Z"}
{"message":"[PlaceOrder] user_id=\"d7d3227d-0824-4f40-a472-c039f0192426\" user_currency=\"TRY\"","severity":"info","timestamp":"2026-03-06T06:16:04.526471162Z"}
{"message":"payment went through (transaction_id: 7d9ed3ea-dd99-4499-a55f-1d1ef67bcb23)","severity":"info","timestamp":"2026-03-06T06:16:04.616372983Z"}
{"message":"order confirmation email sent to \"chelsey52@example.com\"","severity":"info","timestamp":"2026-03-06T06:16:04.62279508Z"}
{"message":"[PlaceOrder] user_id=\"89995d91-ad5c-4838-8317-c04497a5d805\" user_currency=\"USD\"","severity":"info","timestamp":"2026-03-06T06:16:19.572356828Z"}
{"message":"payment went through (transaction_id: 71dd491e-a153-4774-ad89-fa826e68fcd2)","severity":"info","timestamp":"2026-03-06T06:16:19.579099995Z"}
{"message":"order confirmation email sent to \"jenniferking@example.net\"","severity":"info","timestamp":"2026-03-06T06:16:19.582308263Z"}
{"message":"[PlaceOrder] user_id=\"b1a1fb98-93d6-41f8-9605-e0c8a82d1d3c\" user_currency=\"GBP\"","severity":"info","timestamp":"2026-03-06T06:16:22.207261719Z"}
{"message":"payment went through (transaction_id: 57274690-79d5-49f7-8a4c-d215e4028eeb)","severity":"info","timestamp":"2026-03-06T06:16:22.235117784Z"}
{"message":"order confirmation email sent to \"gbrown@example.org\"","severity":"info","timestamp":"2026-03-06T06:16:22.239144977Z"}
{"message":"[PlaceOrder] user_id=\"0994b18b-93e7-4775-a2c5-e29dc0e6d5bb\" user_currency=\"CAD\"","severity":"info","timestamp":"2026-03-06T06:16:30.671474347Z"}
{"message":"payment went through (transaction_id: 4e38680f-a322-4248-b765-cb96a8f5a980)","severity":"info","timestamp":"2026-03-06T06:16:30.682078868Z"}
{"message":"order confirmation email sent to \"iobrien@example.net\"","severity":"info","timestamp":"2026-03-06T06:16:30.686978596Z"}
{"message":"[PlaceOrder] user_id=\"fa2d8e54-c567-4c66-b702-8bb183ef4a46\" user_currency=\"CAD\"","severity":"info","timestamp":"2026-03-06T06:16:36.714985372Z"}
{"message":"payment went through (transaction_id: d329c3df-23aa-4a2e-b90a-fa038a7635f6)","severity":"info","timestamp":"2026-03-06T06:16:36.728535651Z"}
{"message":"order confirmation email sent to \"darlene56@example.com\"","severity":"info","timestamp":"2026-03-06T06:16:36.732601462Z"}
{"message":"[PlaceOrder] user_id=\"3e105862-e07a-48bd-9f67-033f05224f8f\" user_currency=\"CAD\"","severity":"info","timestamp":"2026-03-06T06:16:47.325275419Z"}
{"message":"payment went through (transaction_id: 0de05b58-f758-42fc-a2b1-f3fbda3896fe)","severity":"info","timestamp":"2026-03-06T06:16:47.335729383Z"}
{"message":"order confirmation email sent to \"elizabethleon@example.net\"","severity":"info","timestamp":"2026-03-06T06:16:47.339076783Z"}
{"message":"[PlaceOrder] user_id=\"ec0b6821-5225-4ee8-8ec0-1e3bbbdffabb\" user_currency=\"EUR\"","severity":"info","timestamp":"2026-03-06T06:16:49.157203566Z"}
{"message":"payment went through (transaction_id: 96d5c53b-e649-4834-93e0-d06e826a428d)","severity":"info","timestamp":"2026-03-06T06:16:49.173778049Z"}
{"message":"order confirmation email sent to \"stephanieroberts@example.org\"","severity":"info","timestamp":"2026-03-06T06:16:49.178583429Z"}
{"message":"[PlaceOrder] user_id=\"f9734e3a-0615-43dc-908b-1b8be30715f4\" user_currency=\"TRY\"","severity":"info","timestamp":"2026-03-06T06:16:54.787637278Z"}
{"message":"payment went through (transaction_id: 6013a54d-d783-4dcc-8a70-ef72da7b2aa7)","severity":"info","timestamp":"2026-03-06T06:16:54.801941886Z"}
{"message":"order confirmation email sent to \"christopher10@example.org\"","severity":"info","timestamp":"2026-03-06T06:16:54.805784975Z"}
{"message":"[PlaceOrder] user_id=\"b1a1fb98-93d6-41f8-9605-e0c8a82d1d3c\" user_currency=\"TRY\"","severity":"info","timestamp":"2026-03-06T06:17:12.977083306Z"}
{"message":"payment went through (transaction_id: 6d3d3a96-a46c-4957-a14f-d034b189ab5f)","severity":"info","timestamp":"2026-03-06T06:17:12.990736047Z"}
{"message":"order confirmation email sent to \"hamiltonjane@example.net\"","severity":"info","timestamp":"2026-03-06T06:17:12.996551398Z"}
{"message":"[PlaceOrder] user_id=\"d7d3227d-0824-4f40-a472-c039f0192426\" user_currency=\"CAD\"","severity":"info","timestamp":"2026-03-06T06:17:23.856039485Z"}
{"message":"payment went through (transaction_id: 2f6de3fe-265b-44a8-a1b0-25e73d8b5102)","severity":"info","timestamp":"2026-03-06T06:17:23.862781359Z"}
{"message":"order confirmation email sent to \"larsonkelly@example.net\"","severity":"info","timestamp":"2026-03-06T06:17:23.866407736Z"}
{"message":"[PlaceOrder] user_id=\"3e105862-e07a-48bd-9f67-033f05224f8f\" user_currency=\"JPY\"","severity":"info","timestamp":"2026-03-06T06:17:33.348717651Z"}
{"message":"payment went through (transaction_id: 27032b0b-d158-41c3-90b3-819cdfffc374)","severity":"info","timestamp":"2026-03-06T06:17:33.354702158Z"}
{"message":"order confirmation email sent to \"rvasquez@example.net\"","severity":"info","timestamp":"2026-03-06T06:17:33.357322081Z"}
{"message":"[PlaceOrder] user_id=\"d7d3227d-0824-4f40-a472-c039f0192426\" user_currency=\"CAD\"","severity":"info","timestamp":"2026-03-06T06:17:37.733626852Z"}
{"message":"payment went through (transaction_id: 2f469ff2-c153-4188-8c77-f74cf1a373fe)","severity":"info","timestamp":"2026-03-06T06:17:37.74338896Z"}
{"message":"order confirmation email sent to \"christianboone@example.net\"","severity":"info","timestamp":"2026-03-06T06:17:37.750651704Z"}
{"message":"[PlaceOrder] user_id=\"89995d91-ad5c-4838-8317-c04497a5d805\" user_currency=\"USD\"","severity":"info","timestamp":"2026-03-06T06:17:56.462637629Z"}
{"message":"payment went through (transaction_id: 41f2b4d5-913e-4038-81c1-30404b8c1ffd)","severity":"info","timestamp":"2026-03-06T06:17:56.473027737Z"}
{"message":"order confirmation email sent to \"dana90@example.com\"","severity":"info","timestamp":"2026-03-06T06:17:56.47802858Z"}
{"message":"[PlaceOrder] user_id=\"6e21104e-b0bf-4a85-b5c2-ac5af92fa69e\" user_currency=\"JPY\"","severity":"info","timestamp":"2026-03-06T06:17:58.208892091Z"}
{"message":"payment went through (transaction_id: d11d41b7-d006-4ab5-afe2-50f39aec7442)","severity":"info","timestamp":"2026-03-06T06:17:58.218585981Z"}
{"message":"order confirmation email sent to \"nryan@example.com\"","severity":"info","timestamp":"2026-03-06T06:17:58.221648229Z"}
{"message":"[PlaceOrder] user_id=\"ec0b6821-5225-4ee8-8ec0-1e3bbbdffabb\" user_currency=\"EUR\"","severity":"info","timestamp":"2026-03-06T06:17:58.937578963Z"}
{"message":"payment went through (transaction_id: fdb00ae7-e483-43b4-bc4b-ed5dddc27067)","severity":"info","timestamp":"2026-03-06T06:17:58.94311978Z"}
{"message":"order confirmation email sent to \"greeneangelica@example.net\"","severity":"info","timestamp":"2026-03-06T06:17:58.946724317Z"}
{"message":"[PlaceOrder] user_id=\"f9734e3a-0615-43dc-908b-1b8be30715f4\" user_currency=\"TRY\"","severity":"info","timestamp":"2026-03-06T06:18:01.224327118Z"}
{"message":"payment went through (transaction_id: 2714622b-be10-46a2-8b78-41b55634a7a3)","severity":"info","timestamp":"2026-03-06T06:18:01.232653253Z"}
{"message":"order confirmation email sent to \"tracywebb@example.org\"","severity":"info","timestamp":"2026-03-06T06:18:01.23688128Z"}
{"message":"[PlaceOrder] user_id=\"b1a1fb98-93d6-41f8-9605-e0c8a82d1d3c\" user_currency=\"EUR\"","severity":"info","timestamp":"2026-03-06T06:18:13.877034639Z"}
{"message":"payment went through (transaction_id: 5745ddfb-4104-4981-9789-2ce7a059f0cd)","severity":"info","timestamp":"2026-03-06T06:18:13.887451137Z"}
{"message":"order confirmation email sent to \"bradyanita@example.org\"","severity":"info","timestamp":"2026-03-06T06:18:13.892795068Z"}
{"message":"[PlaceOrder] user_id=\"0994b18b-93e7-4775-a2c5-e29dc0e6d5bb\" user_currency=\"TRY\"","severity":"info","timestamp":"2026-03-06T06:18:31.264688235Z"}
{"message":"payment went through (transaction_id: 7604f431-22bf-45c9-bedb-ed2338cc8b32)","severity":"info","timestamp":"2026-03-06T06:18:31.284292407Z"}
{"message":"order confirmation email sent to \"russellleslie@example.org\"","severity":"info","timestamp":"2026-03-06T06:18:31.290556853Z"}
{"message":"[PlaceOrder] user_id=\"fa2d8e54-c567-4c66-b702-8bb183ef4a46\" user_currency=\"EUR\"","severity":"info","timestamp":"2026-03-06T06:18:36.870044325Z"}
{"message":"payment went through (transaction_id: 3d543392-239c-4e56-a2b7-71576d50c7c9)","severity":"info","timestamp":"2026-03-06T06:18:36.8833469Z"}
{"message":"order confirmation email sent to \"amy61@example.net\"","severity":"info","timestamp":"2026-03-06T06:18:36.888657761Z"}
{"message":"[PlaceOrder] user_id=\"3e105862-e07a-48bd-9f67-033f05224f8f\" user_currency=\"JPY\"","severity":"info","timestamp":"2026-03-06T06:18:39.788353975Z"}
{"message":"payment went through (transaction_id: 443adfac-31d9-4577-ba5a-4711e067323c)","severity":"info","timestamp":"2026-03-06T06:18:39.803824422Z"}
{"message":"order confirmation email sent to \"acostamark@example.net\"","severity":"info","timestamp":"2026-03-06T06:18:39.807754575Z"}
{"message":"[PlaceOrder] user_id=\"f9734e3a-0615-43dc-908b-1b8be30715f4\" user_currency=\"TRY\"","severity":"info","timestamp":"2026-03-06T06:19:01.801805784Z"}
{"message":"payment went through (transaction_id: d8159110-c48a-4c38-8d70-3ca896ed85c0)","severity":"info","timestamp":"2026-03-06T06:19:01.80991765Z"}
{"message":"order confirmation email sent to \"brianjimenez@example.com\"","severity":"info","timestamp":"2026-03-06T06:19:01.813914293Z"}
{"message":"[PlaceOrder] user_id=\"b1a1fb98-93d6-41f8-9605-e0c8a82d1d3c\" user_currency=\"USD\"","severity":"info","timestamp":"2026-03-06T06:19:06.106659057Z"}
{"message":"payment went through (transaction_id: d61f3c3c-0108-4561-84fc-f0391f62f0ba)","severity":"info","timestamp":"2026-03-06T06:19:06.120785053Z"}
{"message":"order confirmation email sent to \"byrdtodd@example.net\"","severity":"info","timestamp":"2026-03-06T06:19:06.124678299Z"}
{"message":"[PlaceOrder] user_id=\"6e21104e-b0bf-4a85-b5c2-ac5af92fa69e\" user_currency=\"USD\"","severity":"info","timestamp":"2026-03-06T06:19:12.706787889Z"}
{"message":"payment went through (transaction_id: b34f4484-d8f8-40a5-bef4-d762e0365f03)","severity":"info","timestamp":"2026-03-06T06:19:12.715635191Z"}
{"message":"order confirmation email sent to \"emma51@example.org\"","severity":"info","timestamp":"2026-03-06T06:19:12.720299124Z"}
{"message":"[PlaceOrder] user_id=\"6e21104e-b0bf-4a85-b5c2-ac5af92fa69e\" user_currency=\"USD\"","severity":"info","timestamp":"2026-03-06T06:19:26.606311395Z"}
{"message":"payment went through (transaction_id: b3822a3b-351a-4a66-8b8c-c0072ea4194d)","severity":"info","timestamp":"2026-03-06T06:19:26.619135102Z"}
{"message":"order confirmation email sent to \"evanssandra@example.org\"","severity":"info","timestamp":"2026-03-06T06:19:26.623495024Z"}
{"message":"[PlaceOrder] user_id=\"6e21104e-b0bf-4a85-b5c2-ac5af92fa69e\" user_currency=\"USD\"","severity":"info","timestamp":"2026-03-06T06:19:55.396289445Z"}
{"message":"payment went through (transaction_id: 71ed1042-53cc-4201-bcbc-b64881854c61)","severity":"info","timestamp":"2026-03-06T06:19:55.406566031Z"}
{"message":"order confirmation email sent to \"stephensholly@example.net\"","severity":"info","timestamp":"2026-03-06T06:19:55.411610824Z"}
{"message":"[PlaceOrder] user_id=\"b1a1fb98-93d6-41f8-9605-e0c8a82d1d3c\" user_currency=\"TRY\"","severity":"info","timestamp":"2026-03-06T06:20:03.371819501Z"}
{"message":"payment went through (transaction_id: d63b39d2-aa4f-45d7-94a5-b4d570c2b9c2)","severity":"info","timestamp":"2026-03-06T06:20:03.381374318Z"}
{"message":"order confirmation email sent to \"samuelquinn@example.com\"","severity":"info","timestamp":"2026-03-06T06:20:03.386157837Z"}
{"message":"[PlaceOrder] user_id=\"6e21104e-b0bf-4a85-b5c2-ac5af92fa69e\" user_currency=\"EUR\"","severity":"info","timestamp":"2026-03-06T06:20:12.788632888Z"}
{"message":"payment went through (transaction_id: 4d98b050-2a87-4f8c-957f-74e8ff919a9a)","severity":"info","timestamp":"2026-03-06T06:20:12.795726236Z"}
{"message":"order confirmation email sent to \"rosetammy@example.com\"","severity":"info","timestamp":"2026-03-06T06:20:12.799866834Z"}
{"message":"[PlaceOrder] user_id=\"89995d91-ad5c-4838-8317-c04497a5d805\" user_currency=\"EUR\"","severity":"info","timestamp":"2026-03-06T06:20:50.090298566Z"}
{"message":"payment went through (transaction_id: 1c2c4073-7a38-4101-8e45-692364d995ca)","severity":"info","timestamp":"2026-03-06T06:20:50.11146841Z"}
{"message":"order confirmation email sent to \"robinsoncatherine@example.org\"","severity":"info","timestamp":"2026-03-06T06:20:50.116704913Z"}
{"message":"[PlaceOrder] user_id=\"ec0b6821-5225-4ee8-8ec0-1e3bbbdffabb\" user_currency=\"EUR\"","severity":"info","timestamp":"2026-03-06T06:21:08.564007603Z"}
{"message":"payment went through (transaction_id: df78bf72-4b4b-4c08-b0a0-c88b56aef588)","severity":"info","timestamp":"2026-03-06T06:21:08.573338651Z"}
{"message":"order confirmation email sent to \"raymond72@example.com\"","severity":"info","timestamp":"2026-03-06T06:21:08.57649276Z"}
