{"currency":"EUR","http.req.id":"8febff6d-d159-4617-8ec0-35cdc756b891","http.req.method":"GET","http.req.path":"/product/6E92ZMYYFZ","id":"6E92ZMYYFZ","message":"serving product page","session":"fa2d8e54-c567-4c66-b702-8bb183ef4a46","severity":"debug","timestamp":"2026-03-06T06:21:08.134850668Z"}
{"http.req.id":"8febff6d-d159-4617-8ec0-35cdc756b891","http.req.method":"GET","http.req.path":"/product/6E92ZMYYFZ","http.resp.bytes":8025,"http.resp.status":200,"http.resp.took_ms":9,"message":"request complete","session":"fa2d8e54-c567-4c66-b702-8bb183ef4a46","severity":"debug","timestamp":"2026-03-06T06:21:08.144553787Z"}
{"http.req.id":"16b4f0a1-fd07-4697-aaf8-803d03228e6b","http.req.method":"POST","http.req.path":"/setCurrency","message":"request started","session":"b1a1fb98-93d6-41f8-9605-e0c8a82d1d3c","severity":"debug","timestamp":"2026-03-06T06:21:08.152602672Z"}
{"curr.new":"JPY","curr.old":"GBP","http.req.id":"16b4f0a1-fd07-4697-aaf8-803d03228e6b","http.req.method":"POST","http.req.path":"/setCurrency","message":"setting currency","session":"b1a1fb98-93d6-41f8-9605-e0c8a82d1d3c","severity":"debug","timestamp":"2026-03-06T06:21:08.152716781Z"}
{"http.req.id":"16b4f0a1-fd07-4697-aaf8-803d03228e6b","http.req.method":"POST","http.req.path":"/setCurrency","http.resp.bytes":0,"http.resp.status":302,"http.resp.took_ms":0,"message":"request complete","session":"b1a1fb98-93d6-41f8-9605-e0c8a82d1d3c","severity":"debug","timestamp":"2026-03-06T06:21:08.152742833Z"}
{"http.req.id":"a6ba9d3f-44f7-472f-94f9-a4161c2ae3fc","http.req.method":"GET","http.req.path":"/","message":"request started","session":"b1a1fb98-93d6-41f8-9605-e0c8a82d1d3c","severity":"debug","timestamp":"2026-03-06T06:21:08.153486588Z"}
{"currency":"JPY","http.req.id":"a6ba9d3f-44f7-472f-94f9-a4161c2ae3fc","http.req.method":"GET","http.req.path":"/","message":"home","session":"b1a1fb98-93d6-41f8-9605-e0c8a82d1d3c","severity":"info","timestamp":"2026-03-06T06:21:08.15353132Z"}
env platform is either empty or invalid
{"http.req.id":"a6ba9d3f-44f7-472f-94f9-a4161c2ae3fc","http.req.method":"GET","http.req.path":"/","message":"ENV_PLATFORM is: local","session":"b1a1fb98-93d6-41f8-9605-e0c8a82d1d3c","severity":"debug","timestamp":"2026-03-06T06:21:08.171799359Z"}
{"http.req.id":"a6ba9d3f-44f7-472f-94f9-a4161c2ae3fc","http.req.method":"GET","http.req.path":"/","http.resp.bytes":10619,"http.resp.status":200,"http.resp.took_ms":20,"message":"request complete","session":"b1a1fb98-93d6-41f8-9605-e0c8a82d1d3c","severity":"debug","timestamp":"2026-03-06T06:21:08.173651874Z"}
{"http.req.id":"8d901c98-4298-43de-9d93-4b35ca7b8a7a","http.req.method":"GET","http.req.path":"/cart","message":"request started","session":"eed418e8-7ab1-4992-b9a1-40aeb0d3dc43","severity":"debug","timestamp":"2026-03-06T06:21:08.287394312Z"}
{"http.req.id":"8d901c98-4298-43de-9d93-4b35ca7b8a7a","http.req.method":"GET","http.req.path":"/cart","message":"view user cart","session":"eed418e8-7ab1-4992-b9a1-40aeb0d3dc43","severity":"debug","timestamp":"2026-03-06T06:21:08.287490865Z"}
{"http.req.id":"8d901c98-4298-43de-9d93-4b35ca7b8a7a","http.req.method":"GET","http.req.path":"/cart","http.resp.bytes":20758,"http.resp.status":200,"http.resp.took_ms":19,"message":"request complete","session":"eed418e8-7ab1-4992-b9a1-40aeb0d3dc43","severity":"debug","timestamp":"2026-03-06T06:21:08.306446262Z"}
{"http.req.id":"118c3b5a-c94b-48cc-86d2-ddd9a920dba6","http.req.method":"GET","http.req.path":"/product/6E92ZMYYFZ","message":"request started","session":"ec0b6821-5225-4ee8-8ec0-1e3bbbdffabb","severity":"debug","timestamp":"2026-03-06T06:21:08.531860137Z"}
{"currency":"EUR","http.req.id":"118c3b5a-c94b-48cc-86d2-ddd9a920dba6","http.req.method":"GET","http.req.path":"/product/6E92ZMYYFZ","id":"6E92ZMYYFZ","message":"serving product page","session":"ec0b6821-5225-4ee8-8ec0-1e3bbbdffabb","severity":"debug","timestamp":"2026-03-06T06:21:08.531980701Z"}
{"http.req.id":"118c3b5a-c94b-48cc-86d2-ddd9a920dba6","http.req.method":"GET","http.req.path":"/product/6E92ZMYYFZ","http.resp.bytes":8047,"http.resp.status":200,"http.resp.took_ms":12,"message":"request complete","session":"ec0b6821-5225-4ee8-8ec0-1e3bbbdffabb","severity":"debug","timestamp":"2026-03-06T06:21:08.543991675Z"}
{"http.req.id":"43a21da9-1fdd-4e64-b019-6c772a04a1b2","http.req.method":"POST","http.req.path":"/cart","message":"request started","session":"ec0b6821-5225-4ee8-8ec0-1e3bbbdffabb","severity":"debug","timestamp":"2026-03-06T06:21:08.544677782Z"}
{"http.req.id":"43a21da9-1fdd-4e64-b019-6c772a04a1b2","http.req.method":"POST","http.req.path":"/cart","message":"adding to cart","product":"6E92ZMYYFZ","quantity":1,"session":"ec0b6821-5225-4ee8-8ec0-1e3bbbdffabb","severity":"debug","timestamp":"2026-03-06T06:21:08.544777484Z"}
{"http.req.id":"43a21da9-1fdd-4e64-b019-6c772a04a1b2","http.req.method":"POST","http.req.path":"/cart","http.resp.bytes":0,"http.resp.status":302,"http.resp.took_ms":2,"message":"request complete","session":"ec0b6821-5225-4ee8-8ec0-1e3bbbdffabb","severity":"debug","timestamp":"2026-03-06T06:21:08.547175391Z"}
{"http.req.id":"0a527261-27f4-4c9e-a0d0-32ee0ceac70b","http.req.method":"GET","http.req.path":"/cart","message":"request started","session":"ec0b6821-5225-4ee8-8ec0-1e3bbbdffabb","severity":"debug","timestamp":"2026-03-06T06:21:08.54812849Z"}
{"http.req.id":"0a527261-27f4-4c9e-a0d0-32ee0ceac70b","http.req.method":"GET","http.req.path":"/cart","message":"view user cart","session":"ec0b6821-5225-4ee8-8ec0-1e3bbbdffabb","severity":"debug","timestamp":"2026-03-06T06:21:08.548207506Z"}
{"http.req.id":"0a527261-27f4-4c9e-a0d0-32ee0ceac70b","http.req.method":"GET","http.req.path":"/cart","http.resp.bytes":19333,"http.resp.status":200,"http.resp.took_ms":14,"message":"request complete","session":"ec0b6821-5225-4ee8-8ec0-1e3bbbdffabb","severity":"debug","timestamp":"2026-03-06T06:21:08.562327528Z"}
{"http.req.id":"66257285-4cbd-405f-84c1-dec3bb3102d4","http.req.method":"POST","http.req.path":"/cart/checkout","message":"request started","session":"ec0b6821-5225-4ee8-8ec0-1e3bbbdffabb","severity":"debug","timestamp":"2026-03-06T06:21:08.563474074Z"}
{"http.req.id":"66257285-4cbd-405f-84c1-dec3bb3102d4","http.req.method":"POST","http.req.path":"/cart/checkout","message":"placing order","session":"ec0b6821-5225-4ee8-8ec0-1e3bbbdffabb","severity":"debug","timestamp":"2026-03-06T06:21:08.5635231Z"}
{"http.req.id":"66257285-4cbd-405f-84c1-dec3bb3102d4","http.req.method":"POST","http.req.path":"/cart/checkout","message":"order placed","order":"a9edb37d-1924-11f1-af47-fabc357e427c","session":"ec0b6821-5225-4ee8-8ec0-1e3bbbdffabb","severity":"info","timestamp":"2026-03-06T06:21:08.57684448Z"}
{"http.req.id":"66257285-4cbd-405f-84c1-dec3bb3102d4","http.req.method":"POST","http.req.path":"/cart/checkout","http.resp.bytes":6797,"http.resp.status":200,"http.resp.took_ms":19,"message":"request complete","session":"ec0b6821-5225-4ee8-8ec0-1e3bbbdffabb","severity":"debug","timestamp":"2026-03-06T06:21:08.582504936Z"}
{"http.req.id":"00a8fcb1-e151-4a3a-9d04-e05d98c283ca","http.req.method":"GET","http.req.path":"/product/66VCHSJNUP","message":"request started","session":"fa2d8e54-c567-4c66-b702-8bb183ef4a46","severity":"debug","timestamp":"2026-03-06T06:21:09.210287728Z"}
{"currency":"EUR","http.req.id":"00a8fcb1-e151-4a3a-9d04-e05d98c283ca","http.req.method":"GET","http.req.path":"/product/66VCHSJNUP","id":"66VCHSJNUP","message":"serving product page","session":"fa2d8e54-c567-4c66-b702-8bb183ef4a46","severity":"debug","timestamp":"2026-03-06T06:21:09.210371974Z"}
{"http.req.id":"00a8fcb1-e151-4a3a-9d04-e05d98c283ca","http.req.method":"GET","http.req.path":"/product/66VCHSJNUP","http.resp.bytes":8014,"http.resp.status":200,"http.resp.took_ms":13,"message":"request complete","session":"fa2d8e54-c567-4c66-b702-8bb183ef4a46","severity":"debug","timestamp":"2026-03-06T06:21:09.223433143Z"}
{"http.req.id":"294d3e9a-3038-4218-9748-a975238115b7","http.req.method":"GET","http.req.path":"/product/OLJCESPC7Z","message":"request started","session":"0994b18b-93e7-4775-a2c5-e29dc0e6d5bb","severity":"debug","timestamp":"2026-03-06T06:21:09.448562795Z"}
{"currency":"USD","http.req.id":"294d3e9a-3038-4218-9748-a975238115b7","http.req.method":"GET","http.req.path":"/product/OLJCESPC7Z","id":"OLJCESPC7Z","message":"serving product page","session":"0994b18b-93e7-4775-a2c5-e29dc0e6d5bb","severity":"debug","timestamp":"2026-03-06T06:21:09.448666644Z"}
{"http.req.id":"294d3e9a-3038-4218-9748-a975238115b7","http.req.method":"GET","http.req.path":"/product/OLJCESPC7Z","http.resp.bytes":8109,"http.resp.status":200,"http.resp.took_ms":15,"message":"request complete","session":"0994b18b-93e7-4775-a2c5-e29dc0e6d5bb","severity":"debug","timestamp":"2026-03-06T06:21:09.464210752Z"}
{"http.req.id":"622ce8ef-5b19-40a1-b0ad-9d09687e2467","http.req.method":"GET","http.req.path":"/product/9SIQT8TOJO","message":"request started","session":"b1a1fb98-93d6-41f8-9605-e0c8a82d1d3c","severity":"debug","timestamp":"2026-03-06T06:21:11.670638998Z"}
{"currency":"JPY","http.req.id":"622ce8ef-5b19-40a1-b0ad-9d09687e2467","http.req.method":"GET","http.req.path":"/product/9SIQT8TOJO","id":"9SIQT8TOJO","message":"serving product page","session":"b1a1fb98-93d6-41f8-9605-e0c8a82d1d3c","severity":"debug","timestamp":"2026-03-06T06:21:11.67071817Z"}
{"http.req.id":"622ce8ef-5b19-40a1-b0ad-9d09687e2467","http.req.method":"GET","http.req.path":"/product/9SIQT8TOJO","http.resp.bytes":8060,"http.resp.status":200,"http.resp.took_ms":17,"message":"request complete","session":"b1a1fb98-93d6-41f8-9605-e0c8a82d1d3c","severity":"debug","timestamp":"2026-03-06T06:21:11.688050946Z"}
{"http.req.id":"c46253a4-e19a-43b1-bee5-b316a6351479","http.req.method":"GET","http.req.path":"/product/0PUK6V6EV0","message":"request started","session":"f9734e3a-0615-43dc-908b-1b8be30715f4","severity":"debug","timestamp":"2026-03-06T06:21:11.741597873Z"}
{"currency":"CAD","http.req.id":"c46253a4-e19a-43b1-bee5-b316a6351479","http.req.method":"GET","http.req.path":"/product/0PUK6V6EV0","id":"0PUK6V6EV0","message":"serving product page","session":"f9734e3a-0615-43dc-908b-1b8be30715f4","severity":"debug","timestamp":"2026-03-06T06:21:11.741698518Z"}
{"http.req.id":"c46253a4-e19a-43b1-bee5-b316a6351479","http.req.method":"GET","http.req.path":"/product/0PUK6V6EV0","http.resp.bytes":8074,"http.resp.status":200,"http.resp.took_ms":14,"message":"request complete","session":"f9734e3a-0615-43dc-908b-1b8be30715f4","severity":"debug","timestamp":"2026-03-06T06:21:11.756555864Z"}
{"http.req.id":"e22f889c-8e35-41aa-b20c-6d5e9e6db71b","http.req.method":"GET","http.req.path":"/product/2ZYFJ3GM2N","message":"request started","session":"6e21104e-b0bf-4a85-b5c2-ac5af92fa69e","severity":"debug","timestamp":"2026-03-06T06:21:11.803486861Z"}
{"currency":"EUR","http.req.id":"e22f889c-8e35-41aa-b20c-6d5e9e6db71b","http.req.method":"GET","http.req.path":"/product/2ZYFJ3GM2N","id":"2ZYFJ3GM2N","message":"serving product page","session":"6e21104e-b0bf-4a85-b5c2-ac5af92fa69e","severity":"debug","timestamp":"2026-03-06T06:21:11.803533097Z"}
{"http.req.id":"e22f889c-8e35-41aa-b20c-6d5e9e6db71b","http.req.method":"GET","http.req.path":"/product/2ZYFJ3GM2N","http.resp.bytes":8027,"http.resp.status":200,"http.resp.took_ms":15,"message":"request complete","session":"6e21104e-b0bf-4a85-b5c2-ac5af92fa69e","severity":"debug","timestamp":"2026-03-06T06:21:11.81892256Z"}
{"http.req.id":"3b890b1f-fa24-4cca-a479-4229d050f064","http.req.method":"GET","http.req.path":"/_healthz","message":"request started","session":"x-liveness-probe","severity":"debug","timestamp":"2026-03-06T06:21:12.790237364Z"}
{"http.req.id":"3b890b1f-fa24-4cca-a479-4229d050f064","http.req.method":"GET","http.req.path":"/_healthz","http.resp.bytes":2,"http.resp.status":200,"http.resp.took_ms":0,"message":"request complete","session":"x-liveness-probe","severity":"debug","timestamp":"2026-03-06T06:21:12.790329583Z"}
{"http.req.id":"2c728c1c-dcb1-4ecd-935c-7c9f85979f78","http.req.method":"GET","http.req.path":"/cart","message":"request started","session":"f9734e3a-0615-43dc-908b-1b8be30715f4","severity":"debug","timestamp":"2026-03-06T06:21:13.585364471Z"}
{"http.req.id":"2c728c1c-dcb1-4ecd-935c-7c9f85979f78","http.req.method":"GET","http.req.path":"/cart","message":"view user cart","session":"f9734e3a-0615-43dc-908b-1b8be30715f4","severity":"debug","timestamp":"2026-03-06T06:21:13.585417772Z"}
{"http.req.id":"2c728c1c-dcb1-4ecd-935c-7c9f85979f78","http.req.method":"GET","http.req.path":"/cart","http.resp.bytes":17845,"http.resp.status":200,"http.resp.took_ms":13,"message":"request complete","session":"f9734e3a-0615-43dc-908b-1b8be30715f4","severity":"debug","timestamp":"2026-03-06T06:21:13.598862335Z"}
{"http.req.id":"04a474b8-55f3-4280-90f7-b9d9125ff18e","http.req.method":"GET","http.req.path":"/cart","message":"request started","session":"89995d91-ad5c-4838-8317-c04497a5d805","severity":"debug","timestamp":"2026-03-06T06:21:13.814146562Z"}
{"http.req.id":"04a474b8-55f3-4280-90f7-b9d9125ff18e","http.req.method":"GET","http.req.path":"/cart","message":"view user cart","session":"89995d91-ad5c-4838-8317-c04497a5d805","severity":"debug","timestamp":"2026-03-06T06:21:13.814203477Z"}
{"http.req.id":"04a474b8-55f3-4280-90f7-b9d9125ff18e","http.req.method":"GET","http.req.path":"/cart","http.resp.bytes":17865,"http.resp.status":200,"http.resp.took_ms":12,"message":"request complete","session":"89995d91-ad5c-4838-8317-c04497a5d805","severity":"debug","timestamp":"2026-03-06T06:21:13.826837419Z"}
{"http.req.id":"d7b40808-38d3-46df-a8f7-b34c95675851","http.req.method":"GET","http.req.path":"/cart","message":"request started","session":"eed418e8-7ab1-4992-b9a1-40aeb0d3dc43","severity":"debug","timestamp":"2026-03-06T06:21:14.86298118Z"}
{"http.req.id":"d7b40808-38d3-46df-a8f7-b34c95675851","http.req.method":"GET","http.req.path":"/cart","message":"view user cart","session":"eed418e8-7ab1-4992-b9a1-40aeb0d3dc43","severity":"debug","timestamp":"2026-03-06T06:21:14.863083137Z"}
{"http.req.id":"d7b40808-38d3-46df-a8f7-b34c95675851","http.req.method":"GET","http.req.path":"/cart","http.resp.bytes":20762,"http.resp.status":200,"http.resp.took_ms":29,"message":"request complete","session":"eed418e8-7ab1-4992-b9a1-40aeb0d3dc43","severity":"debug","timestamp":"2026-03-06T06:21:14.892719763Z"}
{"http.req.id":"a78ee0a9-e8be-4a29-83cb-9a68e41a878b","http.req.method":"GET","http.req.path":"/product/L9ECAV7KIM","message":"request started","session":"6e21104e-b0bf-4a85-b5c2-ac5af92fa69e","severity":"debug","timestamp":"2026-03-06T06:21:15.007913972Z"}
{"currency":"EUR","http.req.id":"a78ee0a9-e8be-4a29-83cb-9a68e41a878b","http.req.method":"GET","http.req.path":"/product/L9ECAV7KIM","id":"L9ECAV7KIM","message":"serving product page","session":"6e21104e-b0bf-4a85-b5c2-ac5af92fa69e","severity":"debug","timestamp":"2026-03-06T06:21:15.008020832Z"}
{"http.req.id":"a78ee0a9-e8be-4a29-83cb-9a68e41a878b","http.req.method":"GET","http.req.path":"/product/L9ECAV7KIM","http.resp.bytes":8011,"http.resp.status":200,"http.resp.took_ms":14,"message":"request complete","session":"6e21104e-b0bf-4a85-b5c2-ac5af92fa69e","severity":"debug","timestamp":"2026-03-06T06:21:15.022462878Z"}
{"http.req.id":"d0dba27c-d589-4760-b220-b00d3815c665","http.req.method":"GET","http.req.path":"/product/1YMWWN1N4O","message":"request started","session":"d7d3227d-0824-4f40-a472-c039f0192426","severity":"debug","timestamp":"2026-03-06T06:21:15.337258424Z"}
{"currency":"JPY","http.req.id":"d0dba27c-d589-4760-b220-b00d3815c665","http.req.method":"GET","http.req.path":"/product/1YMWWN1N4O","id":"1YMWWN1N4O","message":"serving product page","session":"d7d3227d-0824-4f40-a472-c039f0192426","severity":"debug","timestamp":"2026-03-06T06:21:15.337382575Z"}
{"http.req.id":"87af66b7-542c-4258-ba3e-ea8544a0582f","http.req.method":"GET","http.req.path":"/product/66VCHSJNUP","message":"request started","session":"ec0b6821-5225-4ee8-8ec0-1e3bbbdffabb","severity":"debug","timestamp":"2026-03-06T06:21:15.356308103Z"}
{"currency":"EUR","http.req.id":"87af66b7-542c-4258-ba3e-ea8544a0582f","http.req.method":"GET","http.req.path":"/product/66VCHSJNUP","id":"66VCHSJNUP","message":"serving product page","session":"ec0b6821-5225-4ee8-8ec0-1e3bbbdffabb","severity":"debug","timestamp":"2026-03-06T06:21:15.356423827Z"}
{"http.req.id":"d0dba27c-d589-4760-b220-b00d3815c665","http.req.method":"GET","http.req.path":"/product/1YMWWN1N4O","http.resp.bytes":8074,"http.resp.status":200,"http.resp.took_ms":21,"message":"request complete","session":"d7d3227d-0824-4f40-a472-c039f0192426","severity":"debug","timestamp":"2026-03-06T06:21:15.358849626Z"}
{"http.req.id":"87af66b7-542c-4258-ba3e-ea8544a0582f","http.req.method":"GET","http.req.path":"/product/66VCHSJNUP","http.resp.bytes":7958,"http.resp.status":200,"http.resp.took_ms":16,"message":"request complete","session":"ec0b6821-5225-4ee8-8ec0-1e3bbbdffabb","severity":"debug","timestamp":"2026-03-06T06:21:15.372888927Z"}
{"http.req.id":"33b4f2e1-5a45-409b-8ed8-671a3fff69a9","http.req.method":"GET","http.req.path":"/_healthz","message":"request started","session":"x-readiness-probe","severity":"debug","timestamp":"2026-03-06T06:21:15.520302621Z"}
{"http.req.id":"33b4f2e1-5a45-409b-8ed8-671a3fff69a9","http.req.method":"GET","http.req.path":"/_healthz","http.resp.bytes":2,"http.resp.status":200,"http.resp.took_ms":0,"message":"request complete","session":"x-readiness-probe","severity":"debug","timestamp":"2026-03-06T06:21:15.520460762Z"}
{"http.req.id":"e65a17c7-2e90-49af-8e2d-f9c75f62f1ae","http.req.method":"GET","http.req.path":"/cart","message":"request started","session":"0994b18b-93e7-4775-a2c5-e29dc0e6d5bb","severity":"debug","timestamp":"2026-03-06T06:21:15.812800356Z"}
{"http.req.id":"e65a17c7-2e90-49af-8e2d-f9c75f62f1ae","http.req.method":"GET","http.req.path":"/cart","message":"view user cart","session":"0994b18b-93e7-4775-a2c5-e29dc0e6d5bb","severity":"debug","timestamp":"2026-03-06T06:21:15.81284612Z"}
{"http.req.id":"e65a17c7-2e90-49af-8e2d-f9c75f62f1ae","http.req.method":"GET","http.req.path":"/cart","http.resp.bytes":19304,"http.resp.status":200,"http.resp.took_ms":17,"message":"request complete","session":"0994b18b-93e7-4775-a2c5-e29dc0e6d5bb","severity":"debug","timestamp":"2026-03-06T06:21:15.83025311Z"}
{"http.req.id":"852c3fd2-a99a-427b-90fb-de56358e8cdb","http.req.method":"GET","http.req.path":"/product/OLJCESPC7Z","message":"request started","session":"b1a1fb98-93d6-41f8-9605-e0c8a82d1d3c","severity":"debug","timestamp":"2026-03-06T06:21:15.9193146Z"}
{"currency":"JPY","http.req.id":"852c3fd2-a99a-427b-90fb-de56358e8cdb","http.req.method":"GET","http.req.path":"/product/OLJCESPC7Z","id":"OLJCESPC7Z","message":"serving product page","session":"b1a1fb98-93d6-41f8-9605-e0c8a82d1d3c","severity":"debug","timestamp":"2026-03-06T06:21:15.919369702Z"}
{"http.req.id":"852c3fd2-a99a-427b-90fb-de56358e8cdb","http.req.method":"GET","http.req.path":"/product/OLJCESPC7Z","http.resp.bytes":8085,"http.resp.status":200,"http.resp.took_ms":13,"message":"request complete","session":"b1a1fb98-93d6-41f8-9605-e0c8a82d1d3c","severity":"debug","timestamp":"2026-03-06T06:21:15.93298704Z"}
{"http.req.id":"ca6a2691-2098-4d76-9171-02b07e8c6eb9","http.req.method":"POST","http.req.path":"/cart","message":"request started","session":"b1a1fb98-93d6-41f8-9605-e0c8a82d1d3c","severity":"debug","timestamp":"2026-03-06T06:21:15.934084987Z"}
{"http.req.id":"ca6a2691-2098-4d76-9171-02b07e8c6eb9","http.req.method":"POST","http.req.path":"/cart","message":"adding to cart","product":"OLJCESPC7Z","quantity":6,"session":"b1a1fb98-93d6-41f8-9605-e0c8a82d1d3c","severity":"debug","timestamp":"2026-03-06T06:21:15.934176822Z"}
{"http.req.id":"ca6a2691-2098-4d76-9171-02b07e8c6eb9","http.req.method":"POST","http.req.path":"/cart","http.resp.bytes":0,"http.resp.status":302,"http.resp.took_ms":2,"message":"request complete","session":"b1a1fb98-93d6-41f8-9605-e0c8a82d1d3c","severity":"debug","timestamp":"2026-03-06T06:21:15.936163158Z"}
{"http.req.id":"34899bba-4567-4e8a-a36b-62efc635d6a8","http.req.method":"GET","http.req.path":"/cart","message":"request started","session":"b1a1fb98-93d6-41f8-9605-e0c8a82d1d3c","severity":"debug","timestamp":"2026-03-06T06:21:15.936916041Z"}
{"http.req.id":"34899bba-4567-4e8a-a36b-62efc635d6a8","http.req.method":"GET","http.req.path":"/cart","message":"view user cart","session":"b1a1fb98-93d6-41f8-9605-e0c8a82d1d3c","severity":"debug","timestamp":"2026-03-06T06:21:15.93696104Z"}
{"http.req.id":"34899bba-4567-4e8a-a36b-62efc635d6a8","http.req.method":"GET","http.req.path":"/cart","http.resp.bytes":20742,"http.resp.status":200,"http.resp.took_ms":18,"message":"request complete","session":"b1a1fb98-93d6-41f8-9605-e0c8a82d1d3c","severity":"debug","timestamp":"2026-03-06T06:21:15.955727223Z"}
{"http.req.id":"fdb64356-c09e-4884-8d51-a69d3a47875f","http.req.method":"GET","http.req.path":"/product/0PUK6V6EV0","message":"request started","session":"3e105862-e07a-48bd-9f67-033f05224f8f","severity":"debug","timestamp":"2026-03-06T06:21:17.031443102Z"}
{"currency":"TRY","http.req.id":"fdb64356-c09e-4884-8d51-a69d3a47875f","http.req.method":"GET","http.req.path":"/product/0PUK6V6EV0","id":"0PUK6V6EV0","message":"serving product page","session":"3e105862-e07a-48bd-9f67-033f05224f8f","severity":"debug","timestamp":"2026-03-06T06:21:17.031515224Z"}
{"http.req.id":"fdb64356-c09e-4884-8d51-a69d3a47875f","http.req.method":"GET","http.req.path":"/product/0PUK6V6EV0","http.resp.bytes":8052,"http.resp.status":200,"http.resp.took_ms":12,"message":"request complete","session":"3e105862-e07a-48bd-9f67-033f05224f8f","severity":"debug","timestamp":"2026-03-06T06:21:17.04427742Z"}
{"http.req.id":"ebddea61-7fbe-4790-821c-71389906d18e","http.req.method":"GET","http.req.path":"/cart","message":"request started","session":"ec0b6821-5225-4ee8-8ec0-1e3bbbdffabb","severity":"debug","timestamp":"2026-03-06T06:21:17.91469377Z"}
{"http.req.id":"ebddea61-7fbe-4790-821c-71389906d18e","http.req.method":"GET","http.req.path":"/cart","message":"view user cart","session":"ec0b6821-5225-4ee8-8ec0-1e3bbbdffabb","severity":"debug","timestamp":"2026-03-06T06:21:17.914785592Z"}
{"http.req.id":"ebddea61-7fbe-4790-821c-71389906d18e","http.req.method":"GET","http.req.path":"/cart","http.resp.bytes":6883,"http.resp.status":200,"http.resp.took_ms":15,"message":"request complete","session":"ec0b6821-5225-4ee8-8ec0-1e3bbbdffabb","severity":"debug","timestamp":"2026-03-06T06:21:17.930232366Z"}
{"http.req.id":"7b8db827-dca2-42a4-b4af-eca55c44be39","http.req.method":"GET","http.req.path":"/product/0PUK6V6EV0","message":"request started","session":"fa2d8e54-c567-4c66-b702-8bb183ef4a46","severity":"debug","timestamp":"2026-03-06T06:21:18.465659327Z"}
{"currency":"EUR","http.req.id":"7b8db827-dca2-42a4-b4af-eca55c44be39","http.req.method":"GET","http.req.path":"/product/0PUK6V6EV0","id":"0PUK6V6EV0","message":"serving product page","session":"fa2d8e54-c567-4c66-b702-8bb183ef4a46","severity":"debug","timestamp":"2026-03-06T06:21:18.46572581Z"}
{"http.req.id":"7b8db827-dca2-42a4-b4af-eca55c44be39","http.req.method":"GET","http.req.path":"/product/0PUK6V6EV0","http.resp.bytes":8044,"http.resp.status":200,"http.resp.took_ms":12,"message":"request complete","session":"fa2d8e54-c567-4c66-b702-8bb183ef4a46","severity":"debug","timestamp":"2026-03-06T06:21:18.478293774Z"}
{"http.req.id":"5b9c652d-3dd3-42f0-be2a-5628daac56ee","http.req.method":"GET","http.req.path":"/cart","message":"request started","session":"b1a1fb98-93d6-41f8-9605-e0c8a82d1d3c","severity":"debug","timestamp":"2026-03-06T06:21:18.797998364Z"}
{"http.req.id":"5b9c652d-3dd3-42f0-be2a-5628daac56ee","http.req.method":"GET","http.req.path":"/cart","message":"view user cart","session":"b1a1fb98-93d6-41f8-9605-e0c8a82d1d3c","severity":"debug","timestamp":"2026-03-06T06:21:18.798100011Z"}
{"http.req.id":"5b9c652d-3dd3-42f0-be2a-5628daac56ee","http.req.method":"GET","http.req.path":"/cart","http.resp.bytes":20726,"http.resp.status":200,"http.resp.took_ms":35,"message":"request complete","session":"b1a1fb98-93d6-41f8-9605-e0c8a82d1d3c","severity":"debug","timestamp":"2026-03-06T06:21:18.833554348Z"}
{"http.req.id":"e50d9cd0-07c7-4981-8c8b-a73efe72549c","http.req.method":"POST","http.req.path":"/setCurrency","message":"request started","session":"89995d91-ad5c-4838-8317-c04497a5d805","severity":"debug","timestamp":"2026-03-06T06:21:20.238857748Z"}
{"curr.new":"GBP","curr.old":"EUR","http.req.id":"e50d9cd0-07c7-4981-8c8b-a73efe72549c","http.req.method":"POST","http.req.path":"/setCurrency","message":"setting currency","session":"89995d91-ad5c-4838-8317-c04497a5d805","severity":"debug","timestamp":"2026-03-06T06:21:20.238995882Z"}
{"http.req.id":"e50d9cd0-07c7-4981-8c8b-a73efe72549c","http.req.method":"POST","http.req.path":"/setCurrency","http.resp.bytes":0,"http.resp.status":302,"http.resp.took_ms":0,"message":"request complete","session":"89995d91-ad5c-4838-8317-c04497a5d805","severity":"debug","timestamp":"2026-03-06T06:21:20.239021903Z"}
{"http.req.id":"1956b827-a330-47e7-8fa7-df4d80ac7075","http.req.method":"GET","http.req.path":"/","message":"request started","session":"89995d91-ad5c-4838-8317-c04497a5d805","severity":"debug","timestamp":"2026-03-06T06:21:20.240009218Z"}
{"currency":"GBP","http.req.id":"1956b827-a330-47e7-8fa7-df4d80ac7075","http.req.method":"GET","http.req.path":"/","message":"home","session":"89995d91-ad5c-4838-8317-c04497a5d805","severity":"info","timestamp":"2026-03-06T06:21:20.240058747Z"}
{"http.req.id":"be0eb04e-c38a-4a1e-a1ef-33f8dfd3070a","http.req.method":"GET","http.req.path":"/product/OLJCESPC7Z","message":"request started","session":"b1a1fb98-93d6-41f8-9605-e0c8a82d1d3c","severity":"debug","timestamp":"2026-03-06T06:21:20.372774388Z"}
{"currency":"JPY","http.req.id":"be0eb04e-c38a-4a1e-a1ef-33f8dfd3070a","http.req.method":"GET","http.req.path":"/product/OLJCESPC7Z","id":"OLJCESPC7Z","message":"serving product page","session":"b1a1fb98-93d6-41f8-9605-e0c8a82d1d3c","severity":"debug","timestamp":"2026-03-06T06:21:20.372852207Z"}
{"http.req.id":"e45fe71b-2ea8-401f-8ae5-725084e24ee4","http.req.method":"GET","http.req.path":"/product/0PUK6V6EV0","message":"request started","session":"fa2d8e54-c567-4c66-b702-8bb183ef4a46","severity":"debug","timestamp":"2026-03-06T06:21:20.717531471Z"}
{"currency":"EUR","http.req.id":"e45fe71b-2ea8-401f-8ae5-725084e24ee4","http.req.method":"GET","http.req.path":"/product/0PUK6V6EV0","id":"0PUK6V6EV0","message":"serving product page","session":"fa2d8e54-c567-4c66-b702-8bb183ef4a46","severity":"debug","timestamp":"2026-03-06T06:21:20.717611656Z"}
{"http.req.id":"921e11d0-4b64-4efa-bff2-d90e8b500baa","http.req.method":"GET","http.req.path":"/product/1YMWWN1N4O","message":"request started","session":"0994b18b-93e7-4775-a2c5-e29dc0e6d5bb","severity":"debug","timestamp":"2026-03-06T06:21:21.268337064Z"}
{"currency":"USD","http.req.id":"921e11d0-4b64-4efa-bff2-d90e8b500baa","http.req.method":"GET","http.req.path":"/product/1YMWWN1N4O","id":"1YMWWN1N4O","message":"serving product page","session":"0994b18b-93e7-4775-a2c5-e29dc0e6d5bb","severity":"debug","timestamp":"2026-03-06T06:21:21.268453565Z"}
{"http.req.id":"749cdc6d-bdb3-4906-b204-ac4a3887f25a","http.req.method":"GET","http.req.path":"/product/66VCHSJNUP","message":"request started","session":"eed418e8-7ab1-4992-b9a1-40aeb0d3dc43","severity":"debug","timestamp":"2026-03-06T06:21:21.359365742Z"}
{"currency":"TRY","http.req.id":"749cdc6d-bdb3-4906-b204-ac4a3887f25a","http.req.method":"GET","http.req.path":"/product/66VCHSJNUP","id":"66VCHSJNUP","message":"serving product page","session":"eed418e8-7ab1-4992-b9a1-40aeb0d3dc43","severity":"debug","timestamp":"2026-03-06T06:21:21.359471535Z"}
