{"currency":"USD","http.req.id":"db7c2192-0999-40ba-bec9-091d5f5bc712","http.req.method":"GET","http.req.path":"/product/2ZYFJ3GM2N","id":"2ZYFJ3GM2N","message":"serving product page","session":"513dd945-739c-4fe3-8e54-6e6927fbb733","severity":"debug","timestamp":"2026-03-25T12:11:44.815449523Z"}
{"http.req.id":"9b9e5889-31dd-460c-9809-4c3cabd6ad7c","http.req.method":"GET","http.req.path":"/product/6E92ZMYYFZ","http.resp.bytes":7957,"http.resp.status":200,"http.resp.took_ms":134,"message":"request complete","session":"a38c2610-1665-4c93-8051-4c451f5de325","severity":"debug","timestamp":"2026-03-25T12:11:44.85597859Z"}
{"http.req.id":"d23f3be2-55f8-4461-b515-c4ecd979e9d2","http.req.method":"POST","http.req.path":"/setCurrency","message":"request started","session":"694745d8-a179-4c65-83d6-9ed873a7b94b","severity":"debug","timestamp":"2026-03-25T12:11:45.070928542Z"}
{"curr.new":"TRY","curr.old":"JPY","http.req.id":"d23f3be2-55f8-4461-b515-c4ecd979e9d2","http.req.method":"POST","http.req.path":"/setCurrency","message":"setting currency","session":"694745d8-a179-4c65-83d6-9ed873a7b94b","severity":"debug","timestamp":"2026-03-25T12:11:45.071124151Z"}
{"http.req.id":"d23f3be2-55f8-4461-b515-c4ecd979e9d2","http.req.method":"POST","http.req.path":"/setCurrency","http.resp.bytes":0,"http.resp.status":302,"http.resp.took_ms":0,"message":"request complete","session":"694745d8-a179-4c65-83d6-9ed873a7b94b","severity":"debug","timestamp":"2026-03-25T12:11:45.071167498Z"}
{"http.req.id":"b6c1dc39-e1e2-4a6b-b475-3c86e2a79423","http.req.method":"GET","http.req.path":"/","message":"request started","session":"694745d8-a179-4c65-83d6-9ed873a7b94b","severity":"debug","timestamp":"2026-03-25T12:11:45.072535174Z"}
{"currency":"TRY","http.req.id":"b6c1dc39-e1e2-4a6b-b475-3c86e2a79423","http.req.method":"GET","http.req.path":"/","message":"home","session":"694745d8-a179-4c65-83d6-9ed873a7b94b","severity":"info","timestamp":"2026-03-25T12:11:45.072633259Z"}
env platform is either empty or invalid
{"http.req.id":"b6c1dc39-e1e2-4a6b-b475-3c86e2a79423","http.req.method":"GET","http.req.path":"/","message":"ENV_PLATFORM is: local","session":"694745d8-a179-4c65-83d6-9ed873a7b94b","severity":"debug","timestamp":"2026-03-25T12:11:45.096432734Z"}
{"http.req.id":"b6c1dc39-e1e2-4a6b-b475-3c86e2a79423","http.req.method":"GET","http.req.path":"/","http.resp.bytes":10501,"http.resp.status":200,"http.resp.took_ms":27,"message":"request complete","session":"694745d8-a179-4c65-83d6-9ed873a7b94b","severity":"debug","timestamp":"2026-03-25T12:11:45.099576957Z"}
{"http.req.id":"db7c2192-0999-40ba-bec9-091d5f5bc712","http.req.method":"GET","http.req.path":"/product/2ZYFJ3GM2N","http.resp.bytes":7902,"http.resp.status":200,"http.resp.took_ms":340,"message":"request complete","session":"513dd945-739c-4fe3-8e54-6e6927fbb733","severity":"debug","timestamp":"2026-03-25T12:11:45.155407316Z"}
{"http.req.id":"a5716f58-46e5-48d7-a193-63de1f4d0847","http.req.method":"POST","http.req.path":"/cart","message":"request started","session":"513dd945-739c-4fe3-8e54-6e6927fbb733","severity":"debug","timestamp":"2026-03-25T12:11:45.157013429Z"}
{"http.req.id":"a5716f58-46e5-48d7-a193-63de1f4d0847","http.req.method":"POST","http.req.path":"/cart","message":"adding to cart","product":"2ZYFJ3GM2N","quantity":4,"session":"513dd945-739c-4fe3-8e54-6e6927fbb733","severity":"debug","timestamp":"2026-03-25T12:11:45.157254253Z"}
{"http.req.id":"a5716f58-46e5-48d7-a193-63de1f4d0847","http.req.method":"POST","http.req.path":"/cart","http.resp.bytes":0,"http.resp.status":302,"http.resp.took_ms":4,"message":"request complete","session":"513dd945-739c-4fe3-8e54-6e6927fbb733","severity":"debug","timestamp":"2026-03-25T12:11:45.161134735Z"}
{"http.req.id":"b0aed4a7-f9f7-48c1-821b-0146e83a5d3d","http.req.method":"GET","http.req.path":"/cart","message":"request started","session":"513dd945-739c-4fe3-8e54-6e6927fbb733","severity":"debug","timestamp":"2026-03-25T12:11:45.162704945Z"}
{"http.req.id":"b0aed4a7-f9f7-48c1-821b-0146e83a5d3d","http.req.method":"GET","http.req.path":"/cart","message":"view user cart","session":"513dd945-739c-4fe3-8e54-6e6927fbb733","severity":"debug","timestamp":"2026-03-25T12:11:45.162792363Z"}
{"http.req.id":"b0aed4a7-f9f7-48c1-821b-0146e83a5d3d","http.req.method":"GET","http.req.path":"/cart","http.resp.bytes":16376,"http.resp.status":200,"http.resp.took_ms":192,"message":"request complete","session":"513dd945-739c-4fe3-8e54-6e6927fbb733","severity":"debug","timestamp":"2026-03-25T12:11:45.355033474Z"}
{"http.req.id":"32513cd9-dcbe-464d-bb39-4d4e32de2036","http.req.method":"POST","http.req.path":"/cart/checkout","message":"request started","session":"513dd945-739c-4fe3-8e54-6e6927fbb733","severity":"debug","timestamp":"2026-03-25T12:11:45.357083591Z"}
{"http.req.id":"32513cd9-dcbe-464d-bb39-4d4e32de2036","http.req.method":"POST","http.req.path":"/cart/checkout","message":"placing order","session":"513dd945-739c-4fe3-8e54-6e6927fbb733","severity":"debug","timestamp":"2026-03-25T12:11:45.357187364Z"}
{"http.req.id":"32513cd9-dcbe-464d-bb39-4d4e32de2036","http.req.method":"POST","http.req.path":"/cart/checkout","message":"order placed","order":"caaf00d0-2843-11f1-a4a0-927ce8a683d8","session":"513dd945-739c-4fe3-8e54-6e6927fbb733","severity":"info","timestamp":"2026-03-25T12:11:45.376111338Z"}
{"http.req.id":"32513cd9-dcbe-464d-bb39-4d4e32de2036","http.req.method":"POST","http.req.path":"/cart/checkout","http.resp.bytes":6723,"http.resp.status":200,"http.resp.took_ms":100,"message":"request complete","session":"513dd945-739c-4fe3-8e54-6e6927fbb733","severity":"debug","timestamp":"2026-03-25T12:11:45.457485532Z"}
{"http.req.id":"17613f83-96f0-4270-9c0d-73068d5420b4","http.req.method":"GET","http.req.path":"/_healthz","message":"request started","session":"x-liveness-probe","severity":"debug","timestamp":"2026-03-25T12:11:45.856181101Z"}
{"http.req.id":"17613f83-96f0-4270-9c0d-73068d5420b4","http.req.method":"GET","http.req.path":"/_healthz","http.resp.bytes":2,"http.resp.status":200,"http.resp.took_ms":0,"message":"request complete","session":"x-liveness-probe","severity":"debug","timestamp":"2026-03-25T12:11:45.856289655Z"}
{"http.req.id":"827795cb-a622-47a7-a048-dd44b918fa93","http.req.method":"GET","http.req.path":"/cart","message":"request started","session":"df4ce93a-5d92-40a8-93c2-540bf11bbb4d","severity":"debug","timestamp":"2026-03-25T12:11:46.326610532Z"}
{"http.req.id":"827795cb-a622-47a7-a048-dd44b918fa93","http.req.method":"GET","http.req.path":"/cart","message":"view user cart","session":"df4ce93a-5d92-40a8-93c2-540bf11bbb4d","severity":"debug","timestamp":"2026-03-25T12:11:46.326702128Z"}
{"http.req.id":"827795cb-a622-47a7-a048-dd44b918fa93","http.req.method":"GET","http.req.path":"/cart","http.resp.bytes":16389,"http.resp.status":200,"http.resp.took_ms":31,"message":"request complete","session":"df4ce93a-5d92-40a8-93c2-540bf11bbb4d","severity":"debug","timestamp":"2026-03-25T12:11:46.357625051Z"}
{"http.req.id":"c5c03767-f6ea-4e76-b1f6-ca1b90ea4e4b","http.req.method":"POST","http.req.path":"/setCurrency","message":"request started","session":"514e00c6-206e-4c6e-873f-852b796455de","severity":"debug","timestamp":"2026-03-25T12:11:46.553717606Z"}
{"curr.new":"JPY","curr.old":"TRY","http.req.id":"c5c03767-f6ea-4e76-b1f6-ca1b90ea4e4b","http.req.method":"POST","http.req.path":"/setCurrency","message":"setting currency","session":"514e00c6-206e-4c6e-873f-852b796455de","severity":"debug","timestamp":"2026-03-25T12:11:46.553897217Z"}
{"http.req.id":"c5c03767-f6ea-4e76-b1f6-ca1b90ea4e4b","http.req.method":"POST","http.req.path":"/setCurrency","http.resp.bytes":0,"http.resp.status":302,"http.resp.took_ms":0,"message":"request complete","session":"514e00c6-206e-4c6e-873f-852b796455de","severity":"debug","timestamp":"2026-03-25T12:11:46.55402329Z"}
{"http.req.id":"a195c8c3-b0a4-4c66-94b8-61c21d54e3fb","http.req.method":"GET","http.req.path":"/","message":"request started","session":"514e00c6-206e-4c6e-873f-852b796455de","severity":"debug","timestamp":"2026-03-25T12:11:46.555640736Z"}
{"currency":"JPY","http.req.id":"a195c8c3-b0a4-4c66-94b8-61c21d54e3fb","http.req.method":"GET","http.req.path":"/","message":"home","session":"514e00c6-206e-4c6e-873f-852b796455de","severity":"info","timestamp":"2026-03-25T12:11:46.555741872Z"}
env platform is either empty or invalid
{"http.req.id":"a195c8c3-b0a4-4c66-94b8-61c21d54e3fb","http.req.method":"GET","http.req.path":"/","message":"ENV_PLATFORM is: local","session":"514e00c6-206e-4c6e-873f-852b796455de","severity":"debug","timestamp":"2026-03-25T12:11:46.646869748Z"}
{"http.req.id":"a195c8c3-b0a4-4c66-94b8-61c21d54e3fb","http.req.method":"GET","http.req.path":"/","http.resp.bytes":10502,"http.resp.status":200,"http.resp.took_ms":93,"message":"request complete","session":"514e00c6-206e-4c6e-873f-852b796455de","severity":"debug","timestamp":"2026-03-25T12:11:46.649515898Z"}
{"http.req.id":"263178cc-ac11-4f41-9ec9-97db6337ef8c","http.req.method":"GET","http.req.path":"/product/6E92ZMYYFZ","message":"request started","session":"513dd945-739c-4fe3-8e54-6e6927fbb733","severity":"debug","timestamp":"2026-03-25T12:11:46.715405967Z"}
{"currency":"USD","http.req.id":"263178cc-ac11-4f41-9ec9-97db6337ef8c","http.req.method":"GET","http.req.path":"/product/6E92ZMYYFZ","id":"6E92ZMYYFZ","message":"serving product page","session":"513dd945-739c-4fe3-8e54-6e6927fbb733","severity":"debug","timestamp":"2026-03-25T12:11:46.715511663Z"}
{"http.req.id":"263178cc-ac11-4f41-9ec9-97db6337ef8c","http.req.method":"GET","http.req.path":"/product/6E92ZMYYFZ","http.resp.bytes":7865,"http.resp.status":200,"http.resp.took_ms":342,"message":"request complete","session":"513dd945-739c-4fe3-8e54-6e6927fbb733","severity":"debug","timestamp":"2026-03-25T12:11:47.057965619Z"}
{"http.req.id":"cdf86367-e3d8-442d-a14d-b49225cb926a","http.req.method":"GET","http.req.path":"/product/9SIQT8TOJO","message":"request started","session":"694745d8-a179-4c65-83d6-9ed873a7b94b","severity":"debug","timestamp":"2026-03-25T12:11:47.313165868Z"}
{"currency":"TRY","http.req.id":"cdf86367-e3d8-442d-a14d-b49225cb926a","http.req.method":"GET","http.req.path":"/product/9SIQT8TOJO","id":"9SIQT8TOJO","message":"serving product page","session":"694745d8-a179-4c65-83d6-9ed873a7b94b","severity":"debug","timestamp":"2026-03-25T12:11:47.313284554Z"}
{"http.req.id":"cdf86367-e3d8-442d-a14d-b49225cb926a","http.req.method":"GET","http.req.path":"/product/9SIQT8TOJO","http.resp.bytes":8003,"http.resp.status":200,"http.resp.took_ms":40,"message":"request complete","session":"694745d8-a179-4c65-83d6-9ed873a7b94b","severity":"debug","timestamp":"2026-03-25T12:11:47.353591803Z"}
{"http.req.id":"6241ab74-c551-46dc-9e42-64e8909cfb67","http.req.method":"POST","http.req.path":"/setCurrency","message":"request started","session":"a38c2610-1665-4c93-8051-4c451f5de325","severity":"debug","timestamp":"2026-03-25T12:11:47.675884923Z"}
{"curr.new":"TRY","curr.old":"GBP","http.req.id":"6241ab74-c551-46dc-9e42-64e8909cfb67","http.req.method":"POST","http.req.path":"/setCurrency","message":"setting currency","session":"a38c2610-1665-4c93-8051-4c451f5de325","severity":"debug","timestamp":"2026-03-25T12:11:47.676115034Z"}
{"http.req.id":"6241ab74-c551-46dc-9e42-64e8909cfb67","http.req.method":"POST","http.req.path":"/setCurrency","http.resp.bytes":0,"http.resp.status":302,"http.resp.took_ms":0,"message":"request complete","session":"a38c2610-1665-4c93-8051-4c451f5de325","severity":"debug","timestamp":"2026-03-25T12:11:47.676175491Z"}
{"http.req.id":"eb374e13-544f-496d-9ea4-a5c308b75481","http.req.method":"GET","http.req.path":"/","message":"request started","session":"a38c2610-1665-4c93-8051-4c451f5de325","severity":"debug","timestamp":"2026-03-25T12:11:47.677688156Z"}
{"currency":"TRY","http.req.id":"eb374e13-544f-496d-9ea4-a5c308b75481","http.req.method":"GET","http.req.path":"/","message":"home","session":"a38c2610-1665-4c93-8051-4c451f5de325","severity":"info","timestamp":"2026-03-25T12:11:47.677804721Z"}
env platform is either empty or invalid
{"http.req.id":"eb374e13-544f-496d-9ea4-a5c308b75481","http.req.method":"GET","http.req.path":"/","message":"ENV_PLATFORM is: local","session":"a38c2610-1665-4c93-8051-4c451f5de325","severity":"debug","timestamp":"2026-03-25T12:11:47.759809585Z"}
{"http.req.id":"eb374e13-544f-496d-9ea4-a5c308b75481","http.req.method":"GET","http.req.path":"/","http.resp.bytes":10501,"http.resp.status":200,"http.resp.took_ms":85,"message":"request complete","session":"a38c2610-1665-4c93-8051-4c451f5de325","severity":"debug","timestamp":"2026-03-25T12:11:47.763134949Z"}
{"http.req.id":"487f7694-9a05-461d-9509-f06c4e80f349","http.req.method":"POST","http.req.path":"/setCurrency","message":"request started","session":"827eab86-1aba-4a15-8740-5fee5900d10f","severity":"debug","timestamp":"2026-03-25T12:11:48.09049794Z"}
{"curr.new":"CAD","curr.old":"CAD","http.req.id":"487f7694-9a05-461d-9509-f06c4e80f349","http.req.method":"POST","http.req.path":"/setCurrency","message":"setting currency","session":"827eab86-1aba-4a15-8740-5fee5900d10f","severity":"debug","timestamp":"2026-03-25T12:11:48.090657971Z"}
{"http.req.id":"487f7694-9a05-461d-9509-f06c4e80f349","http.req.method":"POST","http.req.path":"/setCurrency","http.resp.bytes":0,"http.resp.status":302,"http.resp.took_ms":0,"message":"request complete","session":"827eab86-1aba-4a15-8740-5fee5900d10f","severity":"debug","timestamp":"2026-03-25T12:11:48.090697317Z"}
{"http.req.id":"29ec8e68-c136-441a-9e98-772ed12544a5","http.req.method":"GET","http.req.path":"/","message":"request started","session":"827eab86-1aba-4a15-8740-5fee5900d10f","severity":"debug","timestamp":"2026-03-25T12:11:48.092137201Z"}
{"currency":"CAD","http.req.id":"29ec8e68-c136-441a-9e98-772ed12544a5","http.req.method":"GET","http.req.path":"/","message":"home","session":"827eab86-1aba-4a15-8740-5fee5900d10f","severity":"info","timestamp":"2026-03-25T12:11:48.092238212Z"}
{"http.req.id":"3740b409-79c1-4c36-8cf7-4d50d885c7bf","http.req.method":"GET","http.req.path":"/product/9SIQT8TOJO","message":"request started","session":"ecb080bf-5333-403f-9547-c8725d499228","severity":"debug","timestamp":"2026-03-25T12:11:48.101264359Z"}
{"currency":"CAD","http.req.id":"3740b409-79c1-4c36-8cf7-4d50d885c7bf","http.req.method":"GET","http.req.path":"/product/9SIQT8TOJO","id":"9SIQT8TOJO","message":"serving product page","session":"ecb080bf-5333-403f-9547-c8725d499228","severity":"debug","timestamp":"2026-03-25T12:11:48.101382475Z"}
env platform is either empty or invalid
{"http.req.id":"29ec8e68-c136-441a-9e98-772ed12544a5","http.req.method":"GET","http.req.path":"/","message":"ENV_PLATFORM is: local","session":"827eab86-1aba-4a15-8740-5fee5900d10f","severity":"debug","timestamp":"2026-03-25T12:11:48.118688302Z"}
{"http.req.id":"29ec8e68-c136-441a-9e98-772ed12544a5","http.req.method":"GET","http.req.path":"/","http.resp.bytes":10474,"http.resp.status":200,"http.resp.took_ms":29,"message":"request complete","session":"827eab86-1aba-4a15-8740-5fee5900d10f","severity":"debug","timestamp":"2026-03-25T12:11:48.121256249Z"}
{"http.req.id":"3740b409-79c1-4c36-8cf7-4d50d885c7bf","http.req.method":"GET","http.req.path":"/product/9SIQT8TOJO","http.resp.bytes":8044,"http.resp.status":200,"http.resp.took_ms":60,"message":"request complete","session":"ecb080bf-5333-403f-9547-c8725d499228","severity":"debug","timestamp":"2026-03-25T12:11:48.161938081Z"}
{"http.req.id":"ee4a9684-05c1-462a-abc9-8715223a9594","http.req.method":"POST","http.req.path":"/cart","message":"request started","session":"ecb080bf-5333-403f-9547-c8725d499228","severity":"debug","timestamp":"2026-03-25T12:11:48.163594765Z"}
{"http.req.id":"ee4a9684-05c1-462a-abc9-8715223a9594","http.req.method":"POST","http.req.path":"/cart","message":"adding to cart","product":"9SIQT8TOJO","quantity":5,"session":"ecb080bf-5333-403f-9547-c8725d499228","severity":"debug","timestamp":"2026-03-25T12:11:48.163887344Z"}
{"http.req.id":"ee4a9684-05c1-462a-abc9-8715223a9594","http.req.method":"POST","http.req.path":"/cart","http.resp.bytes":0,"http.resp.status":302,"http.resp.took_ms":4,"message":"request complete","session":"ecb080bf-5333-403f-9547-c8725d499228","severity":"debug","timestamp":"2026-03-25T12:11:48.1676018Z"}
{"http.req.id":"25008731-396b-4933-9e39-dd4324c35589","http.req.method":"GET","http.req.path":"/cart","message":"request started","session":"ecb080bf-5333-403f-9547-c8725d499228","severity":"debug","timestamp":"2026-03-25T12:11:48.168883385Z"}
{"http.req.id":"25008731-396b-4933-9e39-dd4324c35589","http.req.method":"GET","http.req.path":"/cart","message":"view user cart","session":"ecb080bf-5333-403f-9547-c8725d499228","severity":"debug","timestamp":"2026-03-25T12:11:48.168966547Z"}
{"http.req.id":"25008731-396b-4933-9e39-dd4324c35589","http.req.method":"GET","http.req.path":"/cart","http.resp.bytes":23159,"http.resp.status":200,"http.resp.took_ms":103,"message":"request complete","session":"ecb080bf-5333-403f-9547-c8725d499228","severity":"debug","timestamp":"2026-03-25T12:11:48.272326035Z"}
{"http.req.id":"32a00b21-0a03-4d04-8146-5e2ee942c474","http.req.method":"GET","http.req.path":"/product/1YMWWN1N4O","message":"request started","session":"32217267-98ca-4d66-9fc8-3f088b8def0f","severity":"debug","timestamp":"2026-03-25T12:11:48.864126882Z"}
{"currency":"GBP","http.req.id":"32a00b21-0a03-4d04-8146-5e2ee942c474","http.req.method":"GET","http.req.path":"/product/1YMWWN1N4O","id":"1YMWWN1N4O","message":"serving product page","session":"32217267-98ca-4d66-9fc8-3f088b8def0f","severity":"debug","timestamp":"2026-03-25T12:11:48.864227199Z"}
{"http.req.id":"32a00b21-0a03-4d04-8146-5e2ee942c474","http.req.method":"GET","http.req.path":"/product/1YMWWN1N4O","http.resp.bytes":7989,"http.resp.status":200,"http.resp.took_ms":89,"message":"request complete","session":"32217267-98ca-4d66-9fc8-3f088b8def0f","severity":"debug","timestamp":"2026-03-25T12:11:48.953537057Z"}
{"http.req.id":"d3feaa2c-3420-4482-b42d-fb3b2be8fb5e","http.req.method":"POST","http.req.path":"/cart","message":"request started","session":"32217267-98ca-4d66-9fc8-3f088b8def0f","severity":"debug","timestamp":"2026-03-25T12:11:48.954776463Z"}
{"http.req.id":"d3feaa2c-3420-4482-b42d-fb3b2be8fb5e","http.req.method":"POST","http.req.path":"/cart","message":"adding to cart","product":"1YMWWN1N4O","quantity":2,"session":"32217267-98ca-4d66-9fc8-3f088b8def0f","severity":"debug","timestamp":"2026-03-25T12:11:48.954907126Z"}
{"http.req.id":"d3feaa2c-3420-4482-b42d-fb3b2be8fb5e","http.req.method":"POST","http.req.path":"/cart","http.resp.bytes":0,"http.resp.status":302,"http.resp.took_ms":11,"message":"request complete","session":"32217267-98ca-4d66-9fc8-3f088b8def0f","severity":"debug","timestamp":"2026-03-25T12:11:48.965908092Z"}
{"http.req.id":"dd6e76c7-3809-4e8a-b862-fba4608fc1b6","http.req.method":"GET","http.req.path":"/cart","message":"request started","session":"32217267-98ca-4d66-9fc8-3f088b8def0f","severity":"debug","timestamp":"2026-03-25T12:11:48.967626735Z"}
{"http.req.id":"dd6e76c7-3809-4e8a-b862-fba4608fc1b6","http.req.method":"GET","http.req.path":"/cart","message":"view user cart","session":"32217267-98ca-4d66-9fc8-3f088b8def0f","severity":"debug","timestamp":"2026-03-25T12:11:48.967715452Z"}
{"http.req.id":"dd6e76c7-3809-4e8a-b862-fba4608fc1b6","http.req.method":"GET","http.req.path":"/cart","http.resp.bytes":20673,"http.resp.status":200,"http.resp.took_ms":105,"message":"request complete","session":"32217267-98ca-4d66-9fc8-3f088b8def0f","severity":"debug","timestamp":"2026-03-25T12:11:49.073546487Z"}
{"http.req.id":"0e196535-f50c-4ed7-b4cf-0a7dd838250d","http.req.method":"POST","http.req.path":"/cart/checkout","message":"request started","session":"32217267-98ca-4d66-9fc8-3f088b8def0f","severity":"debug","timestamp":"2026-03-25T12:11:49.076823048Z"}
{"http.req.id":"0e196535-f50c-4ed7-b4cf-0a7dd838250d","http.req.method":"POST","http.req.path":"/cart/checkout","message":"placing order","session":"32217267-98ca-4d66-9fc8-3f088b8def0f","severity":"debug","timestamp":"2026-03-25T12:11:49.076914556Z"}
{"http.req.id":"0e196535-f50c-4ed7-b4cf-0a7dd838250d","http.req.method":"POST","http.req.path":"/cart/checkout","message":"order placed","order":"cce68b0d-2843-11f1-a4a0-927ce8a683d8","session":"32217267-98ca-4d66-9fc8-3f088b8def0f","severity":"info","timestamp":"2026-03-25T12:11:49.105842242Z"}
{"http.req.id":"0e196535-f50c-4ed7-b4cf-0a7dd838250d","http.req.method":"POST","http.req.path":"/cart/checkout","http.resp.bytes":6735,"http.resp.status":200,"http.resp.took_ms":178,"message":"request complete","session":"32217267-98ca-4d66-9fc8-3f088b8def0f","severity":"debug","timestamp":"2026-03-25T12:11:49.255670545Z"}
{"http.req.id":"d3c62402-3db2-4e38-b070-b7a6e65bd9bf","http.req.method":"GET","http.req.path":"/_healthz","message":"request started","session":"x-readiness-probe","severity":"debug","timestamp":"2026-03-25T12:11:49.260182227Z"}
{"http.req.id":"d3c62402-3db2-4e38-b070-b7a6e65bd9bf","http.req.method":"GET","http.req.path":"/_healthz","http.resp.bytes":2,"http.resp.status":200,"http.resp.took_ms":0,"message":"request complete","session":"x-readiness-probe","severity":"debug","timestamp":"2026-03-25T12:11:49.260283232Z"}
{"http.req.id":"6f0d7e5f-d38e-4e38-a99d-df93628c696f","http.req.method":"GET","http.req.path":"/product/2ZYFJ3GM2N","message":"request started","session":"2d3bf3d7-22b5-49c9-8227-12126292f393","severity":"debug","timestamp":"2026-03-25T12:11:49.308307549Z"}
{"currency":"JPY","http.req.id":"6f0d7e5f-d38e-4e38-a99d-df93628c696f","http.req.method":"GET","http.req.path":"/product/2ZYFJ3GM2N","id":"2ZYFJ3GM2N","message":"serving product page","session":"2d3bf3d7-22b5-49c9-8227-12126292f393","severity":"debug","timestamp":"2026-03-25T12:11:49.308405609Z"}
{"http.req.id":"6f0d7e5f-d38e-4e38-a99d-df93628c696f","http.req.method":"GET","http.req.path":"/product/2ZYFJ3GM2N","http.resp.bytes":7918,"http.resp.status":200,"http.resp.took_ms":145,"message":"request complete","session":"2d3bf3d7-22b5-49c9-8227-12126292f393","severity":"debug","timestamp":"2026-03-25T12:11:49.454090311Z"}
{"http.req.id":"e548c311-fe3f-4f44-a3b0-e14e0a0b2a95","http.req.method":"GET","http.req.path":"/product/LS4PSXUNUM","message":"request started","session":"a38c2610-1665-4c93-8051-4c451f5de325","severity":"debug","timestamp":"2026-03-25T12:11:50.52310334Z"}
{"currency":"TRY","http.req.id":"e548c311-fe3f-4f44-a3b0-e14e0a0b2a95","http.req.method":"GET","http.req.path":"/product/LS4PSXUNUM","id":"LS4PSXUNUM","message":"serving product page","session":"a38c2610-1665-4c93-8051-4c451f5de325","severity":"debug","timestamp":"2026-03-25T12:11:50.523208954Z"}
{"http.req.id":"82b4b4e8-20a8-4b15-b70f-a8e95b2a86cc","http.req.method":"POST","http.req.path":"/setCurrency","message":"request started","session":"fcb2831f-0627-4791-ac1d-23821dc5b140","severity":"debug","timestamp":"2026-03-25T12:11:50.544096298Z"}
{"curr.new":"CAD","curr.old":"EUR","http.req.id":"82b4b4e8-20a8-4b15-b70f-a8e95b2a86cc","http.req.method":"POST","http.req.path":"/setCurrency","message":"setting currency","session":"fcb2831f-0627-4791-ac1d-23821dc5b140","severity":"debug","timestamp":"2026-03-25T12:11:50.544286087Z"}
{"http.req.id":"82b4b4e8-20a8-4b15-b70f-a8e95b2a86cc","http.req.method":"POST","http.req.path":"/setCurrency","http.resp.bytes":0,"http.resp.status":302,"http.resp.took_ms":0,"message":"request complete","session":"fcb2831f-0627-4791-ac1d-23821dc5b140","severity":"debug","timestamp":"2026-03-25T12:11:50.544325128Z"}
{"http.req.id":"071d68fe-1211-4ed3-b7cf-6de0a49682c9","http.req.method":"GET","http.req.path":"/","message":"request started","session":"fcb2831f-0627-4791-ac1d-23821dc5b140","severity":"debug","timestamp":"2026-03-25T12:11:50.54602243Z"}
{"currency":"CAD","http.req.id":"071d68fe-1211-4ed3-b7cf-6de0a49682c9","http.req.method":"GET","http.req.path":"/","message":"home","session":"fcb2831f-0627-4791-ac1d-23821dc5b140","severity":"info","timestamp":"2026-03-25T12:11:50.546071645Z"}
{"http.req.id":"e548c311-fe3f-4f44-a3b0-e14e0a0b2a95","http.req.method":"GET","http.req.path":"/product/LS4PSXUNUM","http.resp.bytes":7988,"http.resp.status":200,"http.resp.took_ms":33,"message":"request complete","session":"a38c2610-1665-4c93-8051-4c451f5de325","severity":"debug","timestamp":"2026-03-25T12:11:50.556803967Z"}
env platform is either empty or invalid
{"http.req.id":"071d68fe-1211-4ed3-b7cf-6de0a49682c9","http.req.method":"GET","http.req.path":"/","message":"ENV_PLATFORM is: local","session":"fcb2831f-0627-4791-ac1d-23821dc5b140","severity":"debug","timestamp":"2026-03-25T12:11:50.574202063Z"}
{"http.req.id":"071d68fe-1211-4ed3-b7cf-6de0a49682c9","http.req.method":"GET","http.req.path":"/","http.resp.bytes":10475,"http.resp.status":200,"http.resp.took_ms":31,"message":"request complete","session":"fcb2831f-0627-4791-ac1d-23821dc5b140","severity":"debug","timestamp":"2026-03-25T12:11:50.577198237Z"}
{"http.req.id":"aaf58635-c234-4e98-b109-504aa1daee9e","http.req.method":"GET","http.req.path":"/product/66VCHSJNUP","message":"request started","session":"514e00c6-206e-4c6e-873f-852b796455de","severity":"debug","timestamp":"2026-03-25T12:11:51.695644873Z"}
{"currency":"JPY","http.req.id":"aaf58635-c234-4e98-b109-504aa1daee9e","http.req.method":"GET","http.req.path":"/product/66VCHSJNUP","id":"66VCHSJNUP","message":"serving product page","session":"514e00c6-206e-4c6e-873f-852b796455de","severity":"debug","timestamp":"2026-03-25T12:11:51.69582481Z"}
{"http.req.id":"aaf58635-c234-4e98-b109-504aa1daee9e","http.req.method":"GET","http.req.path":"/product/66VCHSJNUP","http.resp.bytes":7973,"http.resp.status":200,"http.resp.took_ms":277,"message":"request complete","session":"514e00c6-206e-4c6e-873f-852b796455de","severity":"debug","timestamp":"2026-03-25T12:11:51.973251158Z"}
{"http.req.id":"faef20c8-4c6a-412f-98d2-262c841b7f91","http.req.method":"GET","http.req.path":"/product/1YMWWN1N4O","message":"request started","session":"513dd945-739c-4fe3-8e54-6e6927fbb733","severity":"debug","timestamp":"2026-03-25T12:11:52.81944714Z"}
{"currency":"USD","http.req.id":"faef20c8-4c6a-412f-98d2-262c841b7f91","http.req.method":"GET","http.req.path":"/product/1YMWWN1N4O","id":"1YMWWN1N4O","message":"serving product page","session":"513dd945-739c-4fe3-8e54-6e6927fbb733","severity":"debug","timestamp":"2026-03-25T12:11:52.819551893Z"}
{"http.req.id":"faef20c8-4c6a-412f-98d2-262c841b7f91","http.req.method":"GET","http.req.path":"/product/1YMWWN1N4O","http.resp.bytes":7890,"http.resp.status":200,"http.resp.took_ms":151,"message":"request complete","session":"513dd945-739c-4fe3-8e54-6e6927fbb733","severity":"debug","timestamp":"2026-03-25T12:11:52.971290775Z"}
